<?xml version="1.0" encoding="UTF-8"?>
<testsuite name="(empty)"
	tests="318"
	failures="76"
	disabled="0"
	skipped="62"
	hostname=""
	time="72"
	timestamp="2025-12-01T16:59:43"
	>
	<testcase name="check_vla_struct_n0" classname="check_vla_struct_n0" time="0.309054" status="run">
		<properties>
			<property name="cmake_labels" value="countof_ns;default"/>
		</properties>
		<system-out>Internal cmake changing into directory: /home/parallels/soft/my/countof_ns/build/Linux_clang-14_clang++-14
Change Dir: '/home/parallels/soft/my/countof_ns/build/Linux_clang-14_clang++-14'

Run Build Command(s): /usr/bin/gmake -f Makefile check_vla_struct_n0
Built target CounofNS
Building C object tests/unit/CMakeFiles/check_vla_struct_n0.dir/tu_stub.c.o
Linking C executable check_vla_struct_n0
Built target check_vla_struct_n0

Running test command: "/home/parallels/soft/my/countof_ns/build/Linux_clang-14_clang++-14/tests/unit/check_vla_struct_n0"
Ok 0 TU_ASSERT_AND_RETURN((0)=0, ...) /home/parallels/soft/my/countof_ns/tests/unit/check_vla_struct_n0.h:check_vla_struct_n0.h:TU_UNIT for countof_ns.h:countof_ns(), C 202000L

</system-out>
	</testcase>
	<testcase name="check_vla_struct_n0_c11" classname="check_vla_struct_n0_c11" time="0.3189" status="run">
		<properties>
			<property name="cmake_labels" value="countof_ns;default"/>
		</properties>
		<system-out>Internal cmake changing into directory: /home/parallels/soft/my/countof_ns/build/Linux_clang-14_clang++-14
Change Dir: '/home/parallels/soft/my/countof_ns/build/Linux_clang-14_clang++-14'

Run Build Command(s): /usr/bin/gmake -f Makefile check_vla_struct_n0_c11
[  0%] Built target CounofNS
[  0%] Building C object tests/unit/CMakeFiles/check_vla_struct_n0_c11.dir/tu_stub.c.o
[100%] Linking C executable check_vla_struct_n0_c11
[100%] Built target check_vla_struct_n0_c11

Running test command: "/home/parallels/soft/my/countof_ns/build/Linux_clang-14_clang++-14/tests/unit/check_vla_struct_n0_c11"
Ok 0 TU_ASSERT_AND_RETURN((0)=0, ...) /home/parallels/soft/my/countof_ns/tests/unit/check_vla_struct_n0.h:check_vla_struct_n0.h:TU_UNIT for countof_ns.h:countof_ns() with C11&amp;VLA, C 202000L

</system-out>
	</testcase>
	<testcase name="check_vla_zla_n0" classname="check_vla_zla_n0" time="0.300805" status="run">
		<properties>
			<property name="cmake_labels" value="countof_ns;default"/>
		</properties>
		<system-out>Internal cmake changing into directory: /home/parallels/soft/my/countof_ns/build/Linux_clang-14_clang++-14
Change Dir: '/home/parallels/soft/my/countof_ns/build/Linux_clang-14_clang++-14'

Run Build Command(s): /usr/bin/gmake -f Makefile check_vla_zla_n0
Built target CounofNS
Building C object tests/unit/CMakeFiles/check_vla_zla_n0.dir/tu_stub.c.o
Linking C executable check_vla_zla_n0
Built target check_vla_zla_n0

Running test command: "/home/parallels/soft/my/countof_ns/build/Linux_clang-14_clang++-14/tests/unit/check_vla_zla_n0"
Ok 0 TU_ASSERT_AND_RETURN((0)=0, ...) /home/parallels/soft/my/countof_ns/tests/unit/check_vla_zla_n0.h:check_vla_zla_n0.h:TU_UNIT for countof_ns.h:countof_ns(), C 202000L

</system-out>
	</testcase>
	<testcase name="check_vla_zla_n0_c11" classname="check_vla_zla_n0_c11" time="0.303272" status="run">
		<properties>
			<property name="cmake_labels" value="countof_ns;default"/>
		</properties>
		<system-out>Internal cmake changing into directory: /home/parallels/soft/my/countof_ns/build/Linux_clang-14_clang++-14
Change Dir: '/home/parallels/soft/my/countof_ns/build/Linux_clang-14_clang++-14'

Run Build Command(s): /usr/bin/gmake -f Makefile check_vla_zla_n0_c11
Built target CounofNS
Building C object tests/unit/CMakeFiles/check_vla_zla_n0_c11.dir/tu_stub.c.o
Linking C executable check_vla_zla_n0_c11
Built target check_vla_zla_n0_c11

Running test command: "/home/parallels/soft/my/countof_ns/build/Linux_clang-14_clang++-14/tests/unit/check_vla_zla_n0_c11"
Ok 0 TU_ASSERT_AND_RETURN((0)=0, ...) /home/parallels/soft/my/countof_ns/tests/unit/check_vla_zla_n0.h:check_vla_zla_n0.h:TU_UNIT for countof_ns.h:countof_ns() with C11&amp;VLA, C 202000L

</system-out>
	</testcase>
	<testcase name="pos__selftest" classname="pos__selftest" time="0.00173887" status="run">
		<properties>
			<property name="cmake_labels" value="countof_ns;default"/>
		</properties>
		<system-out>Ok 1 TU_STATIC_ASSERT_AND_RETURN((1)=1, ...) /home/parallels/soft/my/countof_ns/tests/unit/pos__selftest.h:pos__selftest.h:TU_UNIT for countof_ns.h:countof_ns(), C 202000L
</system-out>
	</testcase>
	<testcase name="pos__selftest_c11" classname="pos__selftest_c11" time="0.00168707" status="run">
		<properties>
			<property name="cmake_labels" value="countof_ns;default"/>
		</properties>
		<system-out>Ok 1 TU_STATIC_ASSERT_AND_RETURN((1)=1, ...) /home/parallels/soft/my/countof_ns/tests/unit/pos__selftest.h:pos__selftest.h:TU_UNIT for countof_ns.h:countof_ns() with C11&amp;VLA, C 202000L
</system-out>
	</testcase>
	<testcase name="pos__selftest_cxx" classname="pos__selftest_cxx" time="0.00233169" status="run">
		<properties>
			<property name="cmake_labels" value="countof_ns;default"/>
		</properties>
		<system-out>Ok 1 TU_STATIC_ASSERT_AND_RETURN((1)=1, ...) /home/parallels/soft/my/countof_ns/tests/unit/pos__selftest.h:pos__selftest.h:TU_UNIT for countof_ns.h:countof_ns(), C++ 202101L
</system-out>
	</testcase>
	<testcase name="pos_array" classname="pos_array" time="0.00156523" status="run">
		<properties>
			<property name="cmake_labels" value="countof_ns;default"/>
		</properties>
		<system-out>Ok 1 TU_STATIC_ASSERT_AND_RETURN((1)=1, ...) /home/parallels/soft/my/countof_ns/tests/unit/pos_array.h:pos_array.h:TU_UNIT for countof_ns.h:countof_ns(), C 202000L
</system-out>
	</testcase>
	<testcase name="pos_array_c11" classname="pos_array_c11" time="0.00165584" status="run">
		<properties>
			<property name="cmake_labels" value="countof_ns;default"/>
		</properties>
		<system-out>Ok 1 TU_STATIC_ASSERT_AND_RETURN((1)=1, ...) /home/parallels/soft/my/countof_ns/tests/unit/pos_array.h:pos_array.h:TU_UNIT for countof_ns.h:countof_ns() with C11&amp;VLA, C 202000L
</system-out>
	</testcase>
	<testcase name="pos_array_cxx" classname="pos_array_cxx" time="0.00236601" status="run">
		<properties>
			<property name="cmake_labels" value="countof_ns;default"/>
		</properties>
		<system-out>Ok 1 TU_STATIC_ASSERT_AND_RETURN((1)=1, ...) /home/parallels/soft/my/countof_ns/tests/unit/pos_array.h:pos_array.h:TU_UNIT for countof_ns.h:countof_ns(), C++ 202101L
</system-out>
	</testcase>
	<testcase name="pos_cv_array" classname="pos_cv_array" time="0.00169662" status="run">
		<properties>
			<property name="cmake_labels" value="countof_ns;default"/>
		</properties>
		<system-out>Ok 1 TU_STATIC_ASSERT_AND_RETURN((1)=1, ...) /home/parallels/soft/my/countof_ns/tests/unit/pos_cv_array.h:pos_cv_array.h:TU_UNIT for countof_ns.h:countof_ns(), C 202000L
</system-out>
	</testcase>
	<testcase name="pos_cv_array_c11" classname="pos_cv_array_c11" time="0.0015227" status="run">
		<properties>
			<property name="cmake_labels" value="countof_ns;default"/>
		</properties>
		<system-out>Ok 1 TU_STATIC_ASSERT_AND_RETURN((1)=1, ...) /home/parallels/soft/my/countof_ns/tests/unit/pos_cv_array.h:pos_cv_array.h:TU_UNIT for countof_ns.h:countof_ns() with C11&amp;VLA, C 202000L
</system-out>
	</testcase>
	<testcase name="pos_cv_array_cxx" classname="pos_cv_array_cxx" time="0.00233424" status="run">
		<properties>
			<property name="cmake_labels" value="countof_ns;default"/>
		</properties>
		<system-out>Ok 1 TU_STATIC_ASSERT_AND_RETURN((1)=1, ...) /home/parallels/soft/my/countof_ns/tests/unit/pos_cv_array.h:pos_cv_array.h:TU_UNIT for countof_ns.h:countof_ns(), C++ 202101L
</system-out>
	</testcase>
	<testcase name="pos_struct_n0" classname="pos_struct_n0" time="0.202553" status="fail">
		<failure message="Failed"/>
		<properties>
			<property name="cmake_labels" value="countof_ns;default"/>
		</properties>
		<system-out>Internal cmake changing into directory: /home/parallels/soft/my/countof_ns/build/Linux_clang-14_clang++-14
Change Dir: '/home/parallels/soft/my/countof_ns/build/Linux_clang-14_clang++-14'

Run Build Command(s): /usr/bin/gmake -f Makefile pos_struct_n0
Built target CounofNS
Building C object tests/unit/CMakeFiles/pos_struct_n0.dir/tu_stub.c.o
In file included from /home/parallels/soft/my/countof_ns/tests/unit/tu_stub.c:5:
In file included from /home/parallels/soft/my/countof_ns/tests/unit/tu_stub.h:106:
/home/parallels/soft/my/countof_ns/tests/unit/pos_struct_n0.h:4:36: error: array size is negative
    TU_STATIC_ASSERT_AND_RETURN(1, TU_COUNTOF(a));
    ~~~~~~~~~~~~~~~~~~~~~~~~~~~~~~~^~~~~~~~~~~~~~
/home/parallels/soft/my/countof_ns/tests/unit/tu_stub.h:18:25: note: expanded from macro 'TU_COUNTOF'
#define TU_COUNTOF(a)  (TU_COUNTOF_FUNC(a))
                        ^
&lt;command line&gt;:13:25: note: expanded from here
#define TU_COUNTOF_FUNC countof_ns
                        ^
/home/parallels/soft/my/countof_ns/include/countof_ns.h:98:53: note: expanded from macro 'countof_ns'
    #define countof_ns(a)  (_countof_ns_unsafe(a) + _countof_ns_must_be(a))
                                                    ^
/home/parallels/soft/my/countof_ns/include/countof_ns.h:90:62: note: expanded from macro '_countof_ns_must_be'
        #define _countof_ns_must_be(a) ((size_t)!sizeof(char[_Generic(&amp;(a), \
                                                             ^
/home/parallels/soft/my/countof_ns/tests/unit/tu_stub.h:100:44: note: expanded from macro 'TU_STATIC_ASSERT_AND_RETURN'
            tu_static_assert((desired) == (computed)); \
            ~~~~~~~~~~~~~~~~~~~~~~~~~~~~~~~^~~~~~~~~~
/home/parallels/soft/my/countof_ns/tests/unit/tu_stub.h:48:50: note: expanded from macro 'tu_static_assert'
    #define tu_static_assert(e)  _Static_assert((e), #e)
                                                 ^
In file included from /home/parallels/soft/my/countof_ns/tests/unit/tu_stub.c:5:
In file included from /home/parallels/soft/my/countof_ns/tests/unit/tu_stub.h:106:
/home/parallels/soft/my/countof_ns/tests/unit/pos_struct_n0.h:4:36: error: array size is negative
    TU_STATIC_ASSERT_AND_RETURN(1, TU_COUNTOF(a));
    ~~~~~~~~~~~~~~~~~~~~~~~~~~~~~~~^~~~~~~~~~~~~~
/home/parallels/soft/my/countof_ns/tests/unit/tu_stub.h:18:25: note: expanded from macro 'TU_COUNTOF'
#define TU_COUNTOF(a)  (TU_COUNTOF_FUNC(a))
                        ^
&lt;command line&gt;:13:25: note: expanded from here
#define TU_COUNTOF_FUNC countof_ns
                        ^
/home/parallels/soft/my/countof_ns/include/countof_ns.h:98:53: note: expanded from macro 'countof_ns'
    #define countof_ns(a)  (_countof_ns_unsafe(a) + _countof_ns_must_be(a))
                                                    ^
/home/parallels/soft/my/countof_ns/include/countof_ns.h:90:62: note: expanded from macro '_countof_ns_must_be'
        #define _countof_ns_must_be(a) ((size_t)!sizeof(char[_Generic(&amp;(a), \
                                                             ^
/home/parallels/soft/my/countof_ns/tests/unit/tu_stub.h:102:47: note: expanded from macro 'TU_STATIC_ASSERT_AND_RETURN'
                                  (desired), (computed)); \
                                  ~~~~~~~~~~~~^~~~~~~~~~
/home/parallels/soft/my/countof_ns/tests/unit/tu_stub.h:84:31: note: expanded from macro '_TU_ASSERT_AND_RETURN'
            if ((desired) == (computed)) { \
                              ^~~~~~~~
In file included from /home/parallels/soft/my/countof_ns/tests/unit/tu_stub.c:5:
In file included from /home/parallels/soft/my/countof_ns/tests/unit/tu_stub.h:106:
/home/parallels/soft/my/countof_ns/tests/unit/pos_struct_n0.h:4:36: error: array size is negative
    TU_STATIC_ASSERT_AND_RETURN(1, TU_COUNTOF(a));
    ~~~~~~~~~~~~~~~~~~~~~~~~~~~~~~~^~~~~~~~~~~~~~
/home/parallels/soft/my/countof_ns/tests/unit/tu_stub.h:18:25: note: expanded from macro 'TU_COUNTOF'
#define TU_COUNTOF(a)  (TU_COUNTOF_FUNC(a))
                        ^
&lt;command line&gt;:13:25: note: expanded from here
#define TU_COUNTOF_FUNC countof_ns
                        ^
/home/parallels/soft/my/countof_ns/include/countof_ns.h:98:53: note: expanded from macro 'countof_ns'
    #define countof_ns(a)  (_countof_ns_unsafe(a) + _countof_ns_must_be(a))
                                                    ^
/home/parallels/soft/my/countof_ns/include/countof_ns.h:90:62: note: expanded from macro '_countof_ns_must_be'
        #define _countof_ns_must_be(a) ((size_t)!sizeof(char[_Generic(&amp;(a), \
                                                             ^
/home/parallels/soft/my/countof_ns/tests/unit/tu_stub.h:102:47: note: expanded from macro 'TU_STATIC_ASSERT_AND_RETURN'
                                  (desired), (computed)); \
                                  ~~~~~~~~~~~~^~~~~~~~~~
/home/parallels/soft/my/countof_ns/tests/unit/tu_stub.h:88:25: note: expanded from macro '_TU_ASSERT_AND_RETURN'
                       (computed), (method), (#desired), (size_t)(desired)); \
                        ^~~~~~~~
In file included from /home/parallels/soft/my/countof_ns/tests/unit/tu_stub.c:5:
In file included from /home/parallels/soft/my/countof_ns/tests/unit/tu_stub.h:106:
/home/parallels/soft/my/countof_ns/tests/unit/pos_struct_n0.h:4:36: error: array size is negative
    TU_STATIC_ASSERT_AND_RETURN(1, TU_COUNTOF(a));
    ~~~~~~~~~~~~~~~~~~~~~~~~~~~~~~~^~~~~~~~~~~~~~
/home/parallels/soft/my/countof_ns/tests/unit/tu_stub.h:18:25: note: expanded from macro 'TU_COUNTOF'
#define TU_COUNTOF(a)  (TU_COUNTOF_FUNC(a))
                        ^
&lt;command line&gt;:13:25: note: expanded from here
#define TU_COUNTOF_FUNC countof_ns
                        ^
/home/parallels/soft/my/countof_ns/include/countof_ns.h:98:53: note: expanded from macro 'countof_ns'
    #define countof_ns(a)  (_countof_ns_unsafe(a) + _countof_ns_must_be(a))
                                                    ^
note: (skipping 1 expansions in backtrace; use -fmacro-backtrace-limit=0 to see all)
/home/parallels/soft/my/countof_ns/tests/unit/tu_stub.h:102:47: note: expanded from macro 'TU_STATIC_ASSERT_AND_RETURN'
                                  (desired), (computed)); \
                                  ~~~~~~~~~~~~^~~~~~~~~~
/home/parallels/soft/my/countof_ns/tests/unit/tu_stub.h:92:43: note: expanded from macro '_TU_ASSERT_AND_RETURN'
            TU_FAIL((method), (desired), (computed)); \
            ~~~~~~~~~~~~~~~~~~~~~~~~~~~~~~^~~~~~~~~~
/home/parallels/soft/my/countof_ns/tests/unit/tu_stub.h:69:35: note: expanded from macro 'TU_FAIL'
            if(_TU_TODO_MAGIC != (computed)) { \
                                  ^~~~~~~~
In file included from /home/parallels/soft/my/countof_ns/tests/unit/tu_stub.c:5:
In file included from /home/parallels/soft/my/countof_ns/tests/unit/tu_stub.h:106:
/home/parallels/soft/my/countof_ns/tests/unit/pos_struct_n0.h:4:36: error: array size is negative
    TU_STATIC_ASSERT_AND_RETURN(1, TU_COUNTOF(a));
    ~~~~~~~~~~~~~~~~~~~~~~~~~~~~~~~^~~~~~~~~~~~~~
/home/parallels/soft/my/countof_ns/tests/unit/tu_stub.h:18:25: note: expanded from macro 'TU_COUNTOF'
#define TU_COUNTOF(a)  (TU_COUNTOF_FUNC(a))
                        ^
&lt;command line&gt;:13:25: note: expanded from here
#define TU_COUNTOF_FUNC countof_ns
                        ^
/home/parallels/soft/my/countof_ns/include/countof_ns.h:98:53: note: expanded from macro 'countof_ns'
    #define countof_ns(a)  (_countof_ns_unsafe(a) + _countof_ns_must_be(a))
                                                    ^
note: (skipping 1 expansions in backtrace; use -fmacro-backtrace-limit=0 to see all)
/home/parallels/soft/my/countof_ns/tests/unit/tu_stub.h:102:47: note: expanded from macro 'TU_STATIC_ASSERT_AND_RETURN'
                                  (desired), (computed)); \
                                  ~~~~~~~~~~~~^~~~~~~~~~
/home/parallels/soft/my/countof_ns/tests/unit/tu_stub.h:92:43: note: expanded from macro '_TU_ASSERT_AND_RETURN'
            TU_FAIL((method), (desired), (computed)); \
            ~~~~~~~~~~~~~~~~~~~~~~~~~~~~~~^~~~~~~~~~
/home/parallels/soft/my/countof_ns/tests/unit/tu_stub.h:71:25: note: expanded from macro 'TU_FAIL'
                       (computed), (size_t)(desired), (method), (#desired)); \
                        ^~~~~~~~
In file included from /home/parallels/soft/my/countof_ns/tests/unit/tu_stub.c:5:
In file included from /home/parallels/soft/my/countof_ns/tests/unit/tu_stub.h:106:
/home/parallels/soft/my/countof_ns/tests/unit/pos_struct_n0.h:4:36: error: array size is negative
    TU_STATIC_ASSERT_AND_RETURN(1, TU_COUNTOF(a));
    ~~~~~~~~~~~~~~~~~~~~~~~~~~~~~~~^~~~~~~~~~~~~~
/home/parallels/soft/my/countof_ns/tests/unit/tu_stub.h:18:25: note: expanded from macro 'TU_COUNTOF'
#define TU_COUNTOF(a)  (TU_COUNTOF_FUNC(a))
                        ^
&lt;command line&gt;:13:25: note: expanded from here
#define TU_COUNTOF_FUNC countof_ns
                        ^
/home/parallels/soft/my/countof_ns/include/countof_ns.h:98:53: note: expanded from macro 'countof_ns'
    #define countof_ns(a)  (_countof_ns_unsafe(a) + _countof_ns_must_be(a))
                                                    ^
note: (skipping 1 expansions in backtrace; use -fmacro-backtrace-limit=0 to see all)
/home/parallels/soft/my/countof_ns/tests/unit/tu_stub.h:102:47: note: expanded from macro 'TU_STATIC_ASSERT_AND_RETURN'
                                  (desired), (computed)); \
                                  ~~~~~~~~~~~~^~~~~~~~~~
/home/parallels/soft/my/countof_ns/tests/unit/tu_stub.h:92:43: note: expanded from macro '_TU_ASSERT_AND_RETURN'
            TU_FAIL((method), (desired), (computed)); \
            ~~~~~~~~~~~~~~~~~~~~~~~~~~~~~~^~~~~~~~~~
/home/parallels/soft/my/countof_ns/tests/unit/tu_stub.h:73:27: note: expanded from macro 'TU_FAIL'
                if (0 == (computed)) { \
                          ^~~~~~~~
In file included from /home/parallels/soft/my/countof_ns/tests/unit/tu_stub.c:5:
In file included from /home/parallels/soft/my/countof_ns/tests/unit/tu_stub.h:106:
/home/parallels/soft/my/countof_ns/tests/unit/pos_struct_n0.h:4:36: error: array size is negative
    TU_STATIC_ASSERT_AND_RETURN(1, TU_COUNTOF(a));
    ~~~~~~~~~~~~~~~~~~~~~~~~~~~~~~~^~~~~~~~~~~~~~
/home/parallels/soft/my/countof_ns/tests/unit/tu_stub.h:18:25: note: expanded from macro 'TU_COUNTOF'
#define TU_COUNTOF(a)  (TU_COUNTOF_FUNC(a))
                        ^
&lt;command line&gt;:13:25: note: expanded from here
#define TU_COUNTOF_FUNC countof_ns
                        ^
/home/parallels/soft/my/countof_ns/include/countof_ns.h:98:53: note: expanded from macro 'countof_ns'
    #define countof_ns(a)  (_countof_ns_unsafe(a) + _countof_ns_must_be(a))
                                                    ^
note: (skipping 1 expansions in backtrace; use -fmacro-backtrace-limit=0 to see all)
/home/parallels/soft/my/countof_ns/tests/unit/tu_stub.h:102:47: note: expanded from macro 'TU_STATIC_ASSERT_AND_RETURN'
                                  (desired), (computed)); \
                                  ~~~~~~~~~~~~^~~~~~~~~~
/home/parallels/soft/my/countof_ns/tests/unit/tu_stub.h:92:43: note: expanded from macro '_TU_ASSERT_AND_RETURN'
            TU_FAIL((method), (desired), (computed)); \
            ~~~~~~~~~~~~~~~~~~~~~~~~~~~~~~^~~~~~~~~~
/home/parallels/soft/my/countof_ns/tests/unit/tu_stub.h:75:40: note: expanded from macro 'TU_FAIL'
                } else if ((long long)(computed) &lt;= (long long)(desired)) { \
                                       ^~~~~~~~
7 errors generated.
gmake[3]: *** [tests/unit/CMakeFiles/pos_struct_n0.dir/build.make:79: tests/unit/CMakeFiles/pos_struct_n0.dir/tu_stub.c.o] Ошибка 1
gmake[2]: *** [CMakeFiles/Makefile2:1253: tests/unit/CMakeFiles/pos_struct_n0.dir/all] Ошибка 2
gmake[1]: *** [CMakeFiles/Makefile2:1260: tests/unit/CMakeFiles/pos_struct_n0.dir/rule] Ошибка 2
gmake: *** [Makefile:446: pos_struct_n0] Ошибка 2

</system-out>
	</testcase>
	<testcase name="pos_struct_n0_c11" classname="pos_struct_n0_c11" time="0.21324" status="fail">
		<failure message="Failed"/>
		<properties>
			<property name="cmake_labels" value="countof_ns;default"/>
		</properties>
		<system-out>Internal cmake changing into directory: /home/parallels/soft/my/countof_ns/build/Linux_clang-14_clang++-14
Change Dir: '/home/parallels/soft/my/countof_ns/build/Linux_clang-14_clang++-14'

Run Build Command(s): /usr/bin/gmake -f Makefile pos_struct_n0_c11
[  0%] Built target CounofNS
[100%] Building C object tests/unit/CMakeFiles/pos_struct_n0_c11.dir/tu_stub.c.o
In file included from /home/parallels/soft/my/countof_ns/tests/unit/tu_stub.c:5:
In file included from /home/parallels/soft/my/countof_ns/tests/unit/tu_stub.h:106:
/home/parallels/soft/my/countof_ns/tests/unit/pos_struct_n0.h:4:36: error: 'typeof (a) **' (aka 'struct (unnamed at /home/parallels/soft/my/countof_ns/tests/unit/pos_struct_n0.h:3:5) (**)[1]') and 'typeof (*(a)) (**)[0]' (aka 'struct (unnamed at /home/parallels/soft/my/countof_ns/tests/unit/pos_struct_n0.h:3:5) (**)[0]') are not pointers to compatible types
    TU_STATIC_ASSERT_AND_RETURN(1, TU_COUNTOF(a));
    ~~~~~~~~~~~~~~~~~~~~~~~~~~~~~~~^~~~~~~~~~~~~~
/home/parallels/soft/my/countof_ns/tests/unit/tu_stub.h:18:25: note: expanded from macro 'TU_COUNTOF'
#define TU_COUNTOF(a)  (TU_COUNTOF_FUNC(a))
                        ^
&lt;command line&gt;:13:25: note: expanded from here
#define TU_COUNTOF_FUNC countof_ns
                        ^
/home/parallels/soft/my/countof_ns/include/countof_ns.h:98:53: note: expanded from macro 'countof_ns'
    #define countof_ns(a)  (_countof_ns_unsafe(a) + _countof_ns_must_be(a))
                                                    ^
/home/parallels/soft/my/countof_ns/include/countof_ns.h:95:52: note: expanded from macro '_countof_ns_must_be'
                    (_countof_ns_typeof(a) **)&amp;(a) - \
                                                   ^
/home/parallels/soft/my/countof_ns/tests/unit/tu_stub.h:100:44: note: expanded from macro 'TU_STATIC_ASSERT_AND_RETURN'
            tu_static_assert((desired) == (computed)); \
            ~~~~~~~~~~~~~~~~~~~~~~~~~~~~~~~^~~~~~~~~~
/home/parallels/soft/my/countof_ns/tests/unit/tu_stub.h:48:50: note: expanded from macro 'tu_static_assert'
    #define tu_static_assert(e)  _Static_assert((e), #e)
                                                 ^
In file included from /home/parallels/soft/my/countof_ns/tests/unit/tu_stub.c:5:
In file included from /home/parallels/soft/my/countof_ns/tests/unit/tu_stub.h:106:
/home/parallels/soft/my/countof_ns/tests/unit/pos_struct_n0.h:4:36: error: 'typeof (a) **' (aka 'struct (unnamed at /home/parallels/soft/my/countof_ns/tests/unit/pos_struct_n0.h:3:5) (**)[1]') and 'typeof (*(a)) (**)[0]' (aka 'struct (unnamed at /home/parallels/soft/my/countof_ns/tests/unit/pos_struct_n0.h:3:5) (**)[0]') are not pointers to compatible types
    TU_STATIC_ASSERT_AND_RETURN(1, TU_COUNTOF(a));
    ~~~~~~~~~~~~~~~~~~~~~~~~~~~~~~~^~~~~~~~~~~~~~
/home/parallels/soft/my/countof_ns/tests/unit/tu_stub.h:18:25: note: expanded from macro 'TU_COUNTOF'
#define TU_COUNTOF(a)  (TU_COUNTOF_FUNC(a))
                        ^
&lt;command line&gt;:13:25: note: expanded from here
#define TU_COUNTOF_FUNC countof_ns
                        ^
/home/parallels/soft/my/countof_ns/include/countof_ns.h:98:53: note: expanded from macro 'countof_ns'
    #define countof_ns(a)  (_countof_ns_unsafe(a) + _countof_ns_must_be(a))
                                                    ^
/home/parallels/soft/my/countof_ns/include/countof_ns.h:95:52: note: expanded from macro '_countof_ns_must_be'
                    (_countof_ns_typeof(a) **)&amp;(a) - \
                                                   ^
/home/parallels/soft/my/countof_ns/tests/unit/tu_stub.h:102:47: note: expanded from macro 'TU_STATIC_ASSERT_AND_RETURN'
                                  (desired), (computed)); \
                                  ~~~~~~~~~~~~^~~~~~~~~~
/home/parallels/soft/my/countof_ns/tests/unit/tu_stub.h:84:31: note: expanded from macro '_TU_ASSERT_AND_RETURN'
            if ((desired) == (computed)) { \
                              ^~~~~~~~
In file included from /home/parallels/soft/my/countof_ns/tests/unit/tu_stub.c:5:
In file included from /home/parallels/soft/my/countof_ns/tests/unit/tu_stub.h:106:
/home/parallels/soft/my/countof_ns/tests/unit/pos_struct_n0.h:4:36: error: 'typeof (a) **' (aka 'struct (unnamed at /home/parallels/soft/my/countof_ns/tests/unit/pos_struct_n0.h:3:5) (**)[1]') and 'typeof (*(a)) (**)[0]' (aka 'struct (unnamed at /home/parallels/soft/my/countof_ns/tests/unit/pos_struct_n0.h:3:5) (**)[0]') are not pointers to compatible types
    TU_STATIC_ASSERT_AND_RETURN(1, TU_COUNTOF(a));
    ~~~~~~~~~~~~~~~~~~~~~~~~~~~~~~~^~~~~~~~~~~~~~
/home/parallels/soft/my/countof_ns/tests/unit/tu_stub.h:18:25: note: expanded from macro 'TU_COUNTOF'
#define TU_COUNTOF(a)  (TU_COUNTOF_FUNC(a))
                        ^
&lt;command line&gt;:13:25: note: expanded from here
#define TU_COUNTOF_FUNC countof_ns
                        ^
/home/parallels/soft/my/countof_ns/include/countof_ns.h:98:53: note: expanded from macro 'countof_ns'
    #define countof_ns(a)  (_countof_ns_unsafe(a) + _countof_ns_must_be(a))
                                                    ^
/home/parallels/soft/my/countof_ns/include/countof_ns.h:95:52: note: expanded from macro '_countof_ns_must_be'
                    (_countof_ns_typeof(a) **)&amp;(a) - \
                                                   ^
/home/parallels/soft/my/countof_ns/tests/unit/tu_stub.h:102:47: note: expanded from macro 'TU_STATIC_ASSERT_AND_RETURN'
                                  (desired), (computed)); \
                                  ~~~~~~~~~~~~^~~~~~~~~~
/home/parallels/soft/my/countof_ns/tests/unit/tu_stub.h:88:25: note: expanded from macro '_TU_ASSERT_AND_RETURN'
                       (computed), (method), (#desired), (size_t)(desired)); \
                        ^~~~~~~~
In file included from /home/parallels/soft/my/countof_ns/tests/unit/tu_stub.c:5:
In file included from /home/parallels/soft/my/countof_ns/tests/unit/tu_stub.h:106:
/home/parallels/soft/my/countof_ns/tests/unit/pos_struct_n0.h:4:36: error: 'typeof (a) **' (aka 'struct (unnamed at /home/parallels/soft/my/countof_ns/tests/unit/pos_struct_n0.h:3:5) (**)[1]') and 'typeof (*(a)) (**)[0]' (aka 'struct (unnamed at /home/parallels/soft/my/countof_ns/tests/unit/pos_struct_n0.h:3:5) (**)[0]') are not pointers to compatible types
    TU_STATIC_ASSERT_AND_RETURN(1, TU_COUNTOF(a));
    ~~~~~~~~~~~~~~~~~~~~~~~~~~~~~~~^~~~~~~~~~~~~~
/home/parallels/soft/my/countof_ns/tests/unit/tu_stub.h:18:25: note: expanded from macro 'TU_COUNTOF'
#define TU_COUNTOF(a)  (TU_COUNTOF_FUNC(a))
                        ^
&lt;command line&gt;:13:25: note: expanded from here
#define TU_COUNTOF_FUNC countof_ns
                        ^
/home/parallels/soft/my/countof_ns/include/countof_ns.h:98:53: note: expanded from macro 'countof_ns'
    #define countof_ns(a)  (_countof_ns_unsafe(a) + _countof_ns_must_be(a))
                                                    ^
note: (skipping 1 expansions in backtrace; use -fmacro-backtrace-limit=0 to see all)
/home/parallels/soft/my/countof_ns/tests/unit/tu_stub.h:102:47: note: expanded from macro 'TU_STATIC_ASSERT_AND_RETURN'
                                  (desired), (computed)); \
                                  ~~~~~~~~~~~~^~~~~~~~~~
/home/parallels/soft/my/countof_ns/tests/unit/tu_stub.h:92:43: note: expanded from macro '_TU_ASSERT_AND_RETURN'
            TU_FAIL((method), (desired), (computed)); \
            ~~~~~~~~~~~~~~~~~~~~~~~~~~~~~~^~~~~~~~~~
/home/parallels/soft/my/countof_ns/tests/unit/tu_stub.h:69:35: note: expanded from macro 'TU_FAIL'
            if(_TU_TODO_MAGIC != (computed)) { \
                                  ^~~~~~~~
In file included from /home/parallels/soft/my/countof_ns/tests/unit/tu_stub.c:5:
In file included from /home/parallels/soft/my/countof_ns/tests/unit/tu_stub.h:106:
/home/parallels/soft/my/countof_ns/tests/unit/pos_struct_n0.h:4:36: error: 'typeof (a) **' (aka 'struct (unnamed at /home/parallels/soft/my/countof_ns/tests/unit/pos_struct_n0.h:3:5) (**)[1]') and 'typeof (*(a)) (**)[0]' (aka 'struct (unnamed at /home/parallels/soft/my/countof_ns/tests/unit/pos_struct_n0.h:3:5) (**)[0]') are not pointers to compatible types
    TU_STATIC_ASSERT_AND_RETURN(1, TU_COUNTOF(a));
    ~~~~~~~~~~~~~~~~~~~~~~~~~~~~~~~^~~~~~~~~~~~~~
/home/parallels/soft/my/countof_ns/tests/unit/tu_stub.h:18:25: note: expanded from macro 'TU_COUNTOF'
#define TU_COUNTOF(a)  (TU_COUNTOF_FUNC(a))
                        ^
&lt;command line&gt;:13:25: note: expanded from here
#define TU_COUNTOF_FUNC countof_ns
                        ^
/home/parallels/soft/my/countof_ns/include/countof_ns.h:98:53: note: expanded from macro 'countof_ns'
    #define countof_ns(a)  (_countof_ns_unsafe(a) + _countof_ns_must_be(a))
                                                    ^
note: (skipping 1 expansions in backtrace; use -fmacro-backtrace-limit=0 to see all)
/home/parallels/soft/my/countof_ns/tests/unit/tu_stub.h:102:47: note: expanded from macro 'TU_STATIC_ASSERT_AND_RETURN'
                                  (desired), (computed)); \
                                  ~~~~~~~~~~~~^~~~~~~~~~
/home/parallels/soft/my/countof_ns/tests/unit/tu_stub.h:92:43: note: expanded from macro '_TU_ASSERT_AND_RETURN'
            TU_FAIL((method), (desired), (computed)); \
            ~~~~~~~~~~~~~~~~~~~~~~~~~~~~~~^~~~~~~~~~
/home/parallels/soft/my/countof_ns/tests/unit/tu_stub.h:71:25: note: expanded from macro 'TU_FAIL'
                       (computed), (size_t)(desired), (method), (#desired)); \
                        ^~~~~~~~
In file included from /home/parallels/soft/my/countof_ns/tests/unit/tu_stub.c:5:
In file included from /home/parallels/soft/my/countof_ns/tests/unit/tu_stub.h:106:
/home/parallels/soft/my/countof_ns/tests/unit/pos_struct_n0.h:4:36: error: 'typeof (a) **' (aka 'struct (unnamed at /home/parallels/soft/my/countof_ns/tests/unit/pos_struct_n0.h:3:5) (**)[1]') and 'typeof (*(a)) (**)[0]' (aka 'struct (unnamed at /home/parallels/soft/my/countof_ns/tests/unit/pos_struct_n0.h:3:5) (**)[0]') are not pointers to compatible types
    TU_STATIC_ASSERT_AND_RETURN(1, TU_COUNTOF(a));
    ~~~~~~~~~~~~~~~~~~~~~~~~~~~~~~~^~~~~~~~~~~~~~
/home/parallels/soft/my/countof_ns/tests/unit/tu_stub.h:18:25: note: expanded from macro 'TU_COUNTOF'
#define TU_COUNTOF(a)  (TU_COUNTOF_FUNC(a))
                        ^
&lt;command line&gt;:13:25: note: expanded from here
#define TU_COUNTOF_FUNC countof_ns
                        ^
/home/parallels/soft/my/countof_ns/include/countof_ns.h:98:53: note: expanded from macro 'countof_ns'
    #define countof_ns(a)  (_countof_ns_unsafe(a) + _countof_ns_must_be(a))
                                                    ^
note: (skipping 1 expansions in backtrace; use -fmacro-backtrace-limit=0 to see all)
/home/parallels/soft/my/countof_ns/tests/unit/tu_stub.h:102:47: note: expanded from macro 'TU_STATIC_ASSERT_AND_RETURN'
                                  (desired), (computed)); \
                                  ~~~~~~~~~~~~^~~~~~~~~~
/home/parallels/soft/my/countof_ns/tests/unit/tu_stub.h:92:43: note: expanded from macro '_TU_ASSERT_AND_RETURN'
            TU_FAIL((method), (desired), (computed)); \
            ~~~~~~~~~~~~~~~~~~~~~~~~~~~~~~^~~~~~~~~~
/home/parallels/soft/my/countof_ns/tests/unit/tu_stub.h:73:27: note: expanded from macro 'TU_FAIL'
                if (0 == (computed)) { \
                          ^~~~~~~~
In file included from /home/parallels/soft/my/countof_ns/tests/unit/tu_stub.c:5:
In file included from /home/parallels/soft/my/countof_ns/tests/unit/tu_stub.h:106:
/home/parallels/soft/my/countof_ns/tests/unit/pos_struct_n0.h:4:36: error: 'typeof (a) **' (aka 'struct (unnamed at /home/parallels/soft/my/countof_ns/tests/unit/pos_struct_n0.h:3:5) (**)[1]') and 'typeof (*(a)) (**)[0]' (aka 'struct (unnamed at /home/parallels/soft/my/countof_ns/tests/unit/pos_struct_n0.h:3:5) (**)[0]') are not pointers to compatible types
    TU_STATIC_ASSERT_AND_RETURN(1, TU_COUNTOF(a));
    ~~~~~~~~~~~~~~~~~~~~~~~~~~~~~~~^~~~~~~~~~~~~~
/home/parallels/soft/my/countof_ns/tests/unit/tu_stub.h:18:25: note: expanded from macro 'TU_COUNTOF'
#define TU_COUNTOF(a)  (TU_COUNTOF_FUNC(a))
                        ^
&lt;command line&gt;:13:25: note: expanded from here
#define TU_COUNTOF_FUNC countof_ns
                        ^
/home/parallels/soft/my/countof_ns/include/countof_ns.h:98:53: note: expanded from macro 'countof_ns'
    #define countof_ns(a)  (_countof_ns_unsafe(a) + _countof_ns_must_be(a))
                                                    ^
note: (skipping 1 expansions in backtrace; use -fmacro-backtrace-limit=0 to see all)
/home/parallels/soft/my/countof_ns/tests/unit/tu_stub.h:102:47: note: expanded from macro 'TU_STATIC_ASSERT_AND_RETURN'
                                  (desired), (computed)); \
                                  ~~~~~~~~~~~~^~~~~~~~~~
/home/parallels/soft/my/countof_ns/tests/unit/tu_stub.h:92:43: note: expanded from macro '_TU_ASSERT_AND_RETURN'
            TU_FAIL((method), (desired), (computed)); \
            ~~~~~~~~~~~~~~~~~~~~~~~~~~~~~~^~~~~~~~~~
/home/parallels/soft/my/countof_ns/tests/unit/tu_stub.h:75:40: note: expanded from macro 'TU_FAIL'
                } else if ((long long)(computed) &lt;= (long long)(desired)) { \
                                       ^~~~~~~~
7 errors generated.
gmake[3]: *** [tests/unit/CMakeFiles/pos_struct_n0_c11.dir/build.make:79: tests/unit/CMakeFiles/pos_struct_n0_c11.dir/tu_stub.c.o] Ошибка 1
gmake[2]: *** [CMakeFiles/Makefile2:1285: tests/unit/CMakeFiles/pos_struct_n0_c11.dir/all] Ошибка 2
gmake[1]: *** [CMakeFiles/Makefile2:1292: tests/unit/CMakeFiles/pos_struct_n0_c11.dir/rule] Ошибка 2
gmake: *** [Makefile:459: pos_struct_n0_c11] Ошибка 2

</system-out>
	</testcase>
	<testcase name="pos_struct_n0_cxx" classname="pos_struct_n0_cxx" time="0.0023275" status="run">
		<properties>
			<property name="cmake_labels" value="countof_ns;default"/>
		</properties>
		<system-out>Ok 1 TU_STATIC_ASSERT_AND_RETURN((1)=1, ...) /home/parallels/soft/my/countof_ns/tests/unit/pos_struct_n0.h:pos_struct_n0.h:TU_UNIT for countof_ns.h:countof_ns(), C++ 202101L
</system-out>
	</testcase>
	<testcase name="pos_struct_zla_00" classname="pos_struct_zla_00" time="0.00252184" status="run">
		<properties>
			<property name="cmake_labels" value="countof_ns;default"/>
		</properties>
		<system-out>Ok 0 TU_STATIC_ASSERT_AND_RETURN((0)=0, ...) /home/parallels/soft/my/countof_ns/tests/unit/pos_struct_zla_00.h:pos_struct_zla_00.h:TU_UNIT for countof_ns.h:countof_ns(), C 202000L
</system-out>
	</testcase>
	<testcase name="pos_struct_zla_00_c11" classname="pos_struct_zla_00_c11" time="0.00207764" status="run">
		<properties>
			<property name="cmake_labels" value="countof_ns;default"/>
		</properties>
		<system-out>Ok 0 TU_STATIC_ASSERT_AND_RETURN((0)=0, ...) /home/parallels/soft/my/countof_ns/tests/unit/pos_struct_zla_00.h:pos_struct_zla_00.h:TU_UNIT for countof_ns.h:countof_ns() with C11&amp;VLA, C 202000L
</system-out>
	</testcase>
	<testcase name="pos_struct_zla_00_cxx" classname="pos_struct_zla_00_cxx" time="0.00272135" status="run">
		<properties>
			<property name="cmake_labels" value="countof_ns;default"/>
		</properties>
		<system-out>Ok 0 TU_STATIC_ASSERT_AND_RETURN((0)=0, ...) /home/parallels/soft/my/countof_ns/tests/unit/pos_struct_zla_00.h:pos_struct_zla_00.h:TU_UNIT for countof_ns.h:countof_ns(), C++ 202101L
</system-out>
	</testcase>
	<testcase name="pos_vla" classname="pos_vla" time="0.203826" status="fail">
		<failure message="Failed"/>
		<properties>
			<property name="cmake_labels" value="countof_ns;default"/>
		</properties>
		<system-out>Internal cmake changing into directory: /home/parallels/soft/my/countof_ns/build/Linux_clang-14_clang++-14
Change Dir: '/home/parallels/soft/my/countof_ns/build/Linux_clang-14_clang++-14'

Run Build Command(s): /usr/bin/gmake -f Makefile pos_vla
Built target CounofNS
Building C object tests/unit/CMakeFiles/pos_vla.dir/tu_stub.c.o
In file included from /home/parallels/soft/my/countof_ns/tests/unit/tu_stub.c:5:
In file included from /home/parallels/soft/my/countof_ns/tests/unit/tu_stub.h:106:
/home/parallels/soft/my/countof_ns/tests/unit/pos_vla.h:5:30: error: type 'typeof (*(a)) (*)[(!sizeof (*(a)) ? 0 : sizeof (a) / (sizeof (*(a)) ? sizeof (*(a)) : (size_t)-1))]' (aka 'int (*)[(!sizeof (*(a)) ? 0 : sizeof (a) / (sizeof (*(a)) ? sizeof (*(a)) : (size_t)-1))]') in generic association is a variably modified type
    TU_ASSERT_AND_RETURN(d1, TU_COUNTOF(a));
    ~~~~~~~~~~~~~~~~~~~~~~~~~^~~~~~~~~~~~~~
/home/parallels/soft/my/countof_ns/tests/unit/tu_stub.h:18:25: note: expanded from macro 'TU_COUNTOF'
#define TU_COUNTOF(a)  (TU_COUNTOF_FUNC(a))
                        ^
&lt;command line&gt;:13:25: note: expanded from here
#define TU_COUNTOF_FUNC countof_ns
                        ^
/home/parallels/soft/my/countof_ns/include/countof_ns.h:98:53: note: expanded from macro 'countof_ns'
    #define countof_ns(a)  (_countof_ns_unsafe(a) + _countof_ns_must_be(a))
                                                    ^
note: (skipping 1 expansions in backtrace; use -fmacro-backtrace-limit=0 to see all)
/home/parallels/soft/my/countof_ns/include/countof_ns.h:72:40: note: expanded from macro '_countof_ns_typeof'
        #define _countof_ns_typeof(t)  __typeof__(t)
                                       ^
/home/parallels/soft/my/countof_ns/tests/unit/tu_stub.h:97:71: note: expanded from macro 'TU_ASSERT_AND_RETURN'
            _TU_ASSERT_AND_RETURN("TU_ASSERT_AND_RETURN", (desired), (computed))
            ~~~~~~~~~~~~~~~~~~~~~~~~~~~~~~~~~~~~~~~~~~~~~~~~~~~~~~~~~~^~~~~~~~~~
/home/parallels/soft/my/countof_ns/tests/unit/tu_stub.h:84:31: note: expanded from macro '_TU_ASSERT_AND_RETURN'
            if ((desired) == (computed)) { \
                              ^~~~~~~~
In file included from /home/parallels/soft/my/countof_ns/tests/unit/tu_stub.c:5:
In file included from /home/parallels/soft/my/countof_ns/tests/unit/tu_stub.h:106:
/home/parallels/soft/my/countof_ns/tests/unit/pos_vla.h:5:30: error: type 'typeof (*(a)) (*)[(!sizeof (*(a)) ? 0 : sizeof (a) / (sizeof (*(a)) ? sizeof (*(a)) : (size_t)-1))]' (aka 'int (*)[(!sizeof (*(a)) ? 0 : sizeof (a) / (sizeof (*(a)) ? sizeof (*(a)) : (size_t)-1))]') in generic association is a variably modified type
    TU_ASSERT_AND_RETURN(d1, TU_COUNTOF(a));
    ~~~~~~~~~~~~~~~~~~~~~~~~~^~~~~~~~~~~~~~
/home/parallels/soft/my/countof_ns/tests/unit/tu_stub.h:18:25: note: expanded from macro 'TU_COUNTOF'
#define TU_COUNTOF(a)  (TU_COUNTOF_FUNC(a))
                        ^
&lt;command line&gt;:13:25: note: expanded from here
#define TU_COUNTOF_FUNC countof_ns
                        ^
/home/parallels/soft/my/countof_ns/include/countof_ns.h:98:53: note: expanded from macro 'countof_ns'
    #define countof_ns(a)  (_countof_ns_unsafe(a) + _countof_ns_must_be(a))
                                                    ^
note: (skipping 1 expansions in backtrace; use -fmacro-backtrace-limit=0 to see all)
/home/parallels/soft/my/countof_ns/include/countof_ns.h:72:40: note: expanded from macro '_countof_ns_typeof'
        #define _countof_ns_typeof(t)  __typeof__(t)
                                       ^
/home/parallels/soft/my/countof_ns/tests/unit/tu_stub.h:97:71: note: expanded from macro 'TU_ASSERT_AND_RETURN'
            _TU_ASSERT_AND_RETURN("TU_ASSERT_AND_RETURN", (desired), (computed))
            ~~~~~~~~~~~~~~~~~~~~~~~~~~~~~~~~~~~~~~~~~~~~~~~~~~~~~~~~~~^~~~~~~~~~
/home/parallels/soft/my/countof_ns/tests/unit/tu_stub.h:88:25: note: expanded from macro '_TU_ASSERT_AND_RETURN'
                       (computed), (method), (#desired), (size_t)(desired)); \
                        ^~~~~~~~
In file included from /home/parallels/soft/my/countof_ns/tests/unit/tu_stub.c:5:
In file included from /home/parallels/soft/my/countof_ns/tests/unit/tu_stub.h:106:
/home/parallels/soft/my/countof_ns/tests/unit/pos_vla.h:5:30: error: type 'typeof (*(a)) (*)[(!sizeof (*(a)) ? 0 : sizeof (a) / (sizeof (*(a)) ? sizeof (*(a)) : (size_t)-1))]' (aka 'int (*)[(!sizeof (*(a)) ? 0 : sizeof (a) / (sizeof (*(a)) ? sizeof (*(a)) : (size_t)-1))]') in generic association is a variably modified type
    TU_ASSERT_AND_RETURN(d1, TU_COUNTOF(a));
    ~~~~~~~~~~~~~~~~~~~~~~~~~^~~~~~~~~~~~~~
/home/parallels/soft/my/countof_ns/tests/unit/tu_stub.h:18:25: note: expanded from macro 'TU_COUNTOF'
#define TU_COUNTOF(a)  (TU_COUNTOF_FUNC(a))
                        ^
&lt;command line&gt;:13:25: note: expanded from here
#define TU_COUNTOF_FUNC countof_ns
                        ^
/home/parallels/soft/my/countof_ns/include/countof_ns.h:98:53: note: expanded from macro 'countof_ns'
    #define countof_ns(a)  (_countof_ns_unsafe(a) + _countof_ns_must_be(a))
                                                    ^
note: (skipping 2 expansions in backtrace; use -fmacro-backtrace-limit=0 to see all)
/home/parallels/soft/my/countof_ns/tests/unit/tu_stub.h:97:71: note: expanded from macro 'TU_ASSERT_AND_RETURN'
            _TU_ASSERT_AND_RETURN("TU_ASSERT_AND_RETURN", (desired), (computed))
            ~~~~~~~~~~~~~~~~~~~~~~~~~~~~~~~~~~~~~~~~~~~~~~~~~~~~~~~~~~^~~~~~~~~~
/home/parallels/soft/my/countof_ns/tests/unit/tu_stub.h:92:43: note: expanded from macro '_TU_ASSERT_AND_RETURN'
            TU_FAIL((method), (desired), (computed)); \
            ~~~~~~~~~~~~~~~~~~~~~~~~~~~~~~^~~~~~~~~~
/home/parallels/soft/my/countof_ns/tests/unit/tu_stub.h:69:35: note: expanded from macro 'TU_FAIL'
            if(_TU_TODO_MAGIC != (computed)) { \
                                  ^~~~~~~~
In file included from /home/parallels/soft/my/countof_ns/tests/unit/tu_stub.c:5:
In file included from /home/parallels/soft/my/countof_ns/tests/unit/tu_stub.h:106:
/home/parallels/soft/my/countof_ns/tests/unit/pos_vla.h:5:30: error: type 'typeof (*(a)) (*)[(!sizeof (*(a)) ? 0 : sizeof (a) / (sizeof (*(a)) ? sizeof (*(a)) : (size_t)-1))]' (aka 'int (*)[(!sizeof (*(a)) ? 0 : sizeof (a) / (sizeof (*(a)) ? sizeof (*(a)) : (size_t)-1))]') in generic association is a variably modified type
    TU_ASSERT_AND_RETURN(d1, TU_COUNTOF(a));
    ~~~~~~~~~~~~~~~~~~~~~~~~~^~~~~~~~~~~~~~
/home/parallels/soft/my/countof_ns/tests/unit/tu_stub.h:18:25: note: expanded from macro 'TU_COUNTOF'
#define TU_COUNTOF(a)  (TU_COUNTOF_FUNC(a))
                        ^
&lt;command line&gt;:13:25: note: expanded from here
#define TU_COUNTOF_FUNC countof_ns
                        ^
/home/parallels/soft/my/countof_ns/include/countof_ns.h:98:53: note: expanded from macro 'countof_ns'
    #define countof_ns(a)  (_countof_ns_unsafe(a) + _countof_ns_must_be(a))
                                                    ^
note: (skipping 2 expansions in backtrace; use -fmacro-backtrace-limit=0 to see all)
/home/parallels/soft/my/countof_ns/tests/unit/tu_stub.h:97:71: note: expanded from macro 'TU_ASSERT_AND_RETURN'
            _TU_ASSERT_AND_RETURN("TU_ASSERT_AND_RETURN", (desired), (computed))
            ~~~~~~~~~~~~~~~~~~~~~~~~~~~~~~~~~~~~~~~~~~~~~~~~~~~~~~~~~~^~~~~~~~~~
/home/parallels/soft/my/countof_ns/tests/unit/tu_stub.h:92:43: note: expanded from macro '_TU_ASSERT_AND_RETURN'
            TU_FAIL((method), (desired), (computed)); \
            ~~~~~~~~~~~~~~~~~~~~~~~~~~~~~~^~~~~~~~~~
/home/parallels/soft/my/countof_ns/tests/unit/tu_stub.h:71:25: note: expanded from macro 'TU_FAIL'
                       (computed), (size_t)(desired), (method), (#desired)); \
                        ^~~~~~~~
In file included from /home/parallels/soft/my/countof_ns/tests/unit/tu_stub.c:5:
In file included from /home/parallels/soft/my/countof_ns/tests/unit/tu_stub.h:106:
/home/parallels/soft/my/countof_ns/tests/unit/pos_vla.h:5:30: error: type 'typeof (*(a)) (*)[(!sizeof (*(a)) ? 0 : sizeof (a) / (sizeof (*(a)) ? sizeof (*(a)) : (size_t)-1))]' (aka 'int (*)[(!sizeof (*(a)) ? 0 : sizeof (a) / (sizeof (*(a)) ? sizeof (*(a)) : (size_t)-1))]') in generic association is a variably modified type
    TU_ASSERT_AND_RETURN(d1, TU_COUNTOF(a));
    ~~~~~~~~~~~~~~~~~~~~~~~~~^~~~~~~~~~~~~~
/home/parallels/soft/my/countof_ns/tests/unit/tu_stub.h:18:25: note: expanded from macro 'TU_COUNTOF'
#define TU_COUNTOF(a)  (TU_COUNTOF_FUNC(a))
                        ^
&lt;command line&gt;:13:25: note: expanded from here
#define TU_COUNTOF_FUNC countof_ns
                        ^
/home/parallels/soft/my/countof_ns/include/countof_ns.h:98:53: note: expanded from macro 'countof_ns'
    #define countof_ns(a)  (_countof_ns_unsafe(a) + _countof_ns_must_be(a))
                                                    ^
note: (skipping 2 expansions in backtrace; use -fmacro-backtrace-limit=0 to see all)
/home/parallels/soft/my/countof_ns/tests/unit/tu_stub.h:97:71: note: expanded from macro 'TU_ASSERT_AND_RETURN'
            _TU_ASSERT_AND_RETURN("TU_ASSERT_AND_RETURN", (desired), (computed))
            ~~~~~~~~~~~~~~~~~~~~~~~~~~~~~~~~~~~~~~~~~~~~~~~~~~~~~~~~~~^~~~~~~~~~
/home/parallels/soft/my/countof_ns/tests/unit/tu_stub.h:92:43: note: expanded from macro '_TU_ASSERT_AND_RETURN'
            TU_FAIL((method), (desired), (computed)); \
            ~~~~~~~~~~~~~~~~~~~~~~~~~~~~~~^~~~~~~~~~
/home/parallels/soft/my/countof_ns/tests/unit/tu_stub.h:73:27: note: expanded from macro 'TU_FAIL'
                if (0 == (computed)) { \
                          ^~~~~~~~
In file included from /home/parallels/soft/my/countof_ns/tests/unit/tu_stub.c:5:
In file included from /home/parallels/soft/my/countof_ns/tests/unit/tu_stub.h:106:
/home/parallels/soft/my/countof_ns/tests/unit/pos_vla.h:5:30: error: type 'typeof (*(a)) (*)[(!sizeof (*(a)) ? 0 : sizeof (a) / (sizeof (*(a)) ? sizeof (*(a)) : (size_t)-1))]' (aka 'int (*)[(!sizeof (*(a)) ? 0 : sizeof (a) / (sizeof (*(a)) ? sizeof (*(a)) : (size_t)-1))]') in generic association is a variably modified type
    TU_ASSERT_AND_RETURN(d1, TU_COUNTOF(a));
    ~~~~~~~~~~~~~~~~~~~~~~~~~^~~~~~~~~~~~~~
/home/parallels/soft/my/countof_ns/tests/unit/tu_stub.h:18:25: note: expanded from macro 'TU_COUNTOF'
#define TU_COUNTOF(a)  (TU_COUNTOF_FUNC(a))
                        ^
&lt;command line&gt;:13:25: note: expanded from here
#define TU_COUNTOF_FUNC countof_ns
                        ^
/home/parallels/soft/my/countof_ns/include/countof_ns.h:98:53: note: expanded from macro 'countof_ns'
    #define countof_ns(a)  (_countof_ns_unsafe(a) + _countof_ns_must_be(a))
                                                    ^
note: (skipping 2 expansions in backtrace; use -fmacro-backtrace-limit=0 to see all)
/home/parallels/soft/my/countof_ns/tests/unit/tu_stub.h:97:71: note: expanded from macro 'TU_ASSERT_AND_RETURN'
            _TU_ASSERT_AND_RETURN("TU_ASSERT_AND_RETURN", (desired), (computed))
            ~~~~~~~~~~~~~~~~~~~~~~~~~~~~~~~~~~~~~~~~~~~~~~~~~~~~~~~~~~^~~~~~~~~~
/home/parallels/soft/my/countof_ns/tests/unit/tu_stub.h:92:43: note: expanded from macro '_TU_ASSERT_AND_RETURN'
            TU_FAIL((method), (desired), (computed)); \
            ~~~~~~~~~~~~~~~~~~~~~~~~~~~~~~^~~~~~~~~~
/home/parallels/soft/my/countof_ns/tests/unit/tu_stub.h:75:40: note: expanded from macro 'TU_FAIL'
                } else if ((long long)(computed) &lt;= (long long)(desired)) { \
                                       ^~~~~~~~
6 errors generated.
gmake[3]: *** [tests/unit/CMakeFiles/pos_vla.dir/build.make:79: tests/unit/CMakeFiles/pos_vla.dir/tu_stub.c.o] Ошибка 1
gmake[2]: *** [CMakeFiles/Makefile2:1445: tests/unit/CMakeFiles/pos_vla.dir/all] Ошибка 2
gmake[1]: *** [CMakeFiles/Makefile2:1452: tests/unit/CMakeFiles/pos_vla.dir/rule] Ошибка 2
gmake: *** [Makefile:524: pos_vla] Ошибка 2

</system-out>
	</testcase>
	<testcase name="pos_vla_c11" classname="pos_vla_c11" time="0.00188307" status="run">
		<properties>
			<property name="cmake_labels" value="countof_ns;default"/>
		</properties>
		<system-out>Ok 1 TU_ASSERT_AND_RETURN((d1)=1, ...) /home/parallels/soft/my/countof_ns/tests/unit/pos_vla.h:pos_vla.h:TU_UNIT for countof_ns.h:countof_ns() with C11&amp;VLA, C 202000L
</system-out>
	</testcase>
	<testcase name="pos_vla_00" classname="pos_vla_00" time="0.199567" status="fail">
		<failure message="Failed"/>
		<properties>
			<property name="cmake_labels" value="countof_ns;default"/>
		</properties>
		<system-out>Internal cmake changing into directory: /home/parallels/soft/my/countof_ns/build/Linux_clang-14_clang++-14
Change Dir: '/home/parallels/soft/my/countof_ns/build/Linux_clang-14_clang++-14'

Run Build Command(s): /usr/bin/gmake -f Makefile pos_vla_00
Built target CounofNS
Building C object tests/unit/CMakeFiles/pos_vla_00.dir/tu_stub.c.o
In file included from /home/parallels/soft/my/countof_ns/tests/unit/tu_stub.c:5:
In file included from /home/parallels/soft/my/countof_ns/tests/unit/tu_stub.h:106:
/home/parallels/soft/my/countof_ns/tests/unit/pos_vla_00.h:5:30: error: type 'typeof (*(b)) (*)[(!sizeof (*(b)) ? 0 : sizeof (b) / (sizeof (*(b)) ? sizeof (*(b)) : (size_t)-1))]' (aka 'int (*)[(!sizeof (*(b)) ? 0 : sizeof (b) / (sizeof (*(b)) ? sizeof (*(b)) : (size_t)-1))][d0]') in generic association is a variably modified type
    TU_ASSERT_AND_RETURN(d0, TU_COUNTOF(b));
    ~~~~~~~~~~~~~~~~~~~~~~~~~^~~~~~~~~~~~~~
/home/parallels/soft/my/countof_ns/tests/unit/tu_stub.h:18:25: note: expanded from macro 'TU_COUNTOF'
#define TU_COUNTOF(a)  (TU_COUNTOF_FUNC(a))
                        ^
&lt;command line&gt;:13:25: note: expanded from here
#define TU_COUNTOF_FUNC countof_ns
                        ^
/home/parallels/soft/my/countof_ns/include/countof_ns.h:98:53: note: expanded from macro 'countof_ns'
    #define countof_ns(a)  (_countof_ns_unsafe(a) + _countof_ns_must_be(a))
                                                    ^
note: (skipping 1 expansions in backtrace; use -fmacro-backtrace-limit=0 to see all)
/home/parallels/soft/my/countof_ns/include/countof_ns.h:72:40: note: expanded from macro '_countof_ns_typeof'
        #define _countof_ns_typeof(t)  __typeof__(t)
                                       ^
/home/parallels/soft/my/countof_ns/tests/unit/tu_stub.h:97:71: note: expanded from macro 'TU_ASSERT_AND_RETURN'
            _TU_ASSERT_AND_RETURN("TU_ASSERT_AND_RETURN", (desired), (computed))
            ~~~~~~~~~~~~~~~~~~~~~~~~~~~~~~~~~~~~~~~~~~~~~~~~~~~~~~~~~~^~~~~~~~~~
/home/parallels/soft/my/countof_ns/tests/unit/tu_stub.h:84:31: note: expanded from macro '_TU_ASSERT_AND_RETURN'
            if ((desired) == (computed)) { \
                              ^~~~~~~~
In file included from /home/parallels/soft/my/countof_ns/tests/unit/tu_stub.c:5:
In file included from /home/parallels/soft/my/countof_ns/tests/unit/tu_stub.h:106:
/home/parallels/soft/my/countof_ns/tests/unit/pos_vla_00.h:5:30: error: type 'typeof (*(b)) (*)[(!sizeof (*(b)) ? 0 : sizeof (b) / (sizeof (*(b)) ? sizeof (*(b)) : (size_t)-1))]' (aka 'int (*)[(!sizeof (*(b)) ? 0 : sizeof (b) / (sizeof (*(b)) ? sizeof (*(b)) : (size_t)-1))][d0]') in generic association is a variably modified type
    TU_ASSERT_AND_RETURN(d0, TU_COUNTOF(b));
    ~~~~~~~~~~~~~~~~~~~~~~~~~^~~~~~~~~~~~~~
/home/parallels/soft/my/countof_ns/tests/unit/tu_stub.h:18:25: note: expanded from macro 'TU_COUNTOF'
#define TU_COUNTOF(a)  (TU_COUNTOF_FUNC(a))
                        ^
&lt;command line&gt;:13:25: note: expanded from here
#define TU_COUNTOF_FUNC countof_ns
                        ^
/home/parallels/soft/my/countof_ns/include/countof_ns.h:98:53: note: expanded from macro 'countof_ns'
    #define countof_ns(a)  (_countof_ns_unsafe(a) + _countof_ns_must_be(a))
                                                    ^
note: (skipping 1 expansions in backtrace; use -fmacro-backtrace-limit=0 to see all)
/home/parallels/soft/my/countof_ns/include/countof_ns.h:72:40: note: expanded from macro '_countof_ns_typeof'
        #define _countof_ns_typeof(t)  __typeof__(t)
                                       ^
/home/parallels/soft/my/countof_ns/tests/unit/tu_stub.h:97:71: note: expanded from macro 'TU_ASSERT_AND_RETURN'
            _TU_ASSERT_AND_RETURN("TU_ASSERT_AND_RETURN", (desired), (computed))
            ~~~~~~~~~~~~~~~~~~~~~~~~~~~~~~~~~~~~~~~~~~~~~~~~~~~~~~~~~~^~~~~~~~~~
/home/parallels/soft/my/countof_ns/tests/unit/tu_stub.h:88:25: note: expanded from macro '_TU_ASSERT_AND_RETURN'
                       (computed), (method), (#desired), (size_t)(desired)); \
                        ^~~~~~~~
In file included from /home/parallels/soft/my/countof_ns/tests/unit/tu_stub.c:5:
In file included from /home/parallels/soft/my/countof_ns/tests/unit/tu_stub.h:106:
/home/parallels/soft/my/countof_ns/tests/unit/pos_vla_00.h:5:30: error: type 'typeof (*(b)) (*)[(!sizeof (*(b)) ? 0 : sizeof (b) / (sizeof (*(b)) ? sizeof (*(b)) : (size_t)-1))]' (aka 'int (*)[(!sizeof (*(b)) ? 0 : sizeof (b) / (sizeof (*(b)) ? sizeof (*(b)) : (size_t)-1))][d0]') in generic association is a variably modified type
    TU_ASSERT_AND_RETURN(d0, TU_COUNTOF(b));
    ~~~~~~~~~~~~~~~~~~~~~~~~~^~~~~~~~~~~~~~
/home/parallels/soft/my/countof_ns/tests/unit/tu_stub.h:18:25: note: expanded from macro 'TU_COUNTOF'
#define TU_COUNTOF(a)  (TU_COUNTOF_FUNC(a))
                        ^
&lt;command line&gt;:13:25: note: expanded from here
#define TU_COUNTOF_FUNC countof_ns
                        ^
/home/parallels/soft/my/countof_ns/include/countof_ns.h:98:53: note: expanded from macro 'countof_ns'
    #define countof_ns(a)  (_countof_ns_unsafe(a) + _countof_ns_must_be(a))
                                                    ^
note: (skipping 2 expansions in backtrace; use -fmacro-backtrace-limit=0 to see all)
/home/parallels/soft/my/countof_ns/tests/unit/tu_stub.h:97:71: note: expanded from macro 'TU_ASSERT_AND_RETURN'
            _TU_ASSERT_AND_RETURN("TU_ASSERT_AND_RETURN", (desired), (computed))
            ~~~~~~~~~~~~~~~~~~~~~~~~~~~~~~~~~~~~~~~~~~~~~~~~~~~~~~~~~~^~~~~~~~~~
/home/parallels/soft/my/countof_ns/tests/unit/tu_stub.h:92:43: note: expanded from macro '_TU_ASSERT_AND_RETURN'
            TU_FAIL((method), (desired), (computed)); \
            ~~~~~~~~~~~~~~~~~~~~~~~~~~~~~~^~~~~~~~~~
/home/parallels/soft/my/countof_ns/tests/unit/tu_stub.h:69:35: note: expanded from macro 'TU_FAIL'
            if(_TU_TODO_MAGIC != (computed)) { \
                                  ^~~~~~~~
In file included from /home/parallels/soft/my/countof_ns/tests/unit/tu_stub.c:5:
In file included from /home/parallels/soft/my/countof_ns/tests/unit/tu_stub.h:106:
/home/parallels/soft/my/countof_ns/tests/unit/pos_vla_00.h:5:30: error: type 'typeof (*(b)) (*)[(!sizeof (*(b)) ? 0 : sizeof (b) / (sizeof (*(b)) ? sizeof (*(b)) : (size_t)-1))]' (aka 'int (*)[(!sizeof (*(b)) ? 0 : sizeof (b) / (sizeof (*(b)) ? sizeof (*(b)) : (size_t)-1))][d0]') in generic association is a variably modified type
    TU_ASSERT_AND_RETURN(d0, TU_COUNTOF(b));
    ~~~~~~~~~~~~~~~~~~~~~~~~~^~~~~~~~~~~~~~
/home/parallels/soft/my/countof_ns/tests/unit/tu_stub.h:18:25: note: expanded from macro 'TU_COUNTOF'
#define TU_COUNTOF(a)  (TU_COUNTOF_FUNC(a))
                        ^
&lt;command line&gt;:13:25: note: expanded from here
#define TU_COUNTOF_FUNC countof_ns
                        ^
/home/parallels/soft/my/countof_ns/include/countof_ns.h:98:53: note: expanded from macro 'countof_ns'
    #define countof_ns(a)  (_countof_ns_unsafe(a) + _countof_ns_must_be(a))
                                                    ^
note: (skipping 2 expansions in backtrace; use -fmacro-backtrace-limit=0 to see all)
/home/parallels/soft/my/countof_ns/tests/unit/tu_stub.h:97:71: note: expanded from macro 'TU_ASSERT_AND_RETURN'
            _TU_ASSERT_AND_RETURN("TU_ASSERT_AND_RETURN", (desired), (computed))
            ~~~~~~~~~~~~~~~~~~~~~~~~~~~~~~~~~~~~~~~~~~~~~~~~~~~~~~~~~~^~~~~~~~~~
/home/parallels/soft/my/countof_ns/tests/unit/tu_stub.h:92:43: note: expanded from macro '_TU_ASSERT_AND_RETURN'
            TU_FAIL((method), (desired), (computed)); \
            ~~~~~~~~~~~~~~~~~~~~~~~~~~~~~~^~~~~~~~~~
/home/parallels/soft/my/countof_ns/tests/unit/tu_stub.h:71:25: note: expanded from macro 'TU_FAIL'
                       (computed), (size_t)(desired), (method), (#desired)); \
                        ^~~~~~~~
In file included from /home/parallels/soft/my/countof_ns/tests/unit/tu_stub.c:5:
In file included from /home/parallels/soft/my/countof_ns/tests/unit/tu_stub.h:106:
/home/parallels/soft/my/countof_ns/tests/unit/pos_vla_00.h:5:30: error: type 'typeof (*(b)) (*)[(!sizeof (*(b)) ? 0 : sizeof (b) / (sizeof (*(b)) ? sizeof (*(b)) : (size_t)-1))]' (aka 'int (*)[(!sizeof (*(b)) ? 0 : sizeof (b) / (sizeof (*(b)) ? sizeof (*(b)) : (size_t)-1))][d0]') in generic association is a variably modified type
    TU_ASSERT_AND_RETURN(d0, TU_COUNTOF(b));
    ~~~~~~~~~~~~~~~~~~~~~~~~~^~~~~~~~~~~~~~
/home/parallels/soft/my/countof_ns/tests/unit/tu_stub.h:18:25: note: expanded from macro 'TU_COUNTOF'
#define TU_COUNTOF(a)  (TU_COUNTOF_FUNC(a))
                        ^
&lt;command line&gt;:13:25: note: expanded from here
#define TU_COUNTOF_FUNC countof_ns
                        ^
/home/parallels/soft/my/countof_ns/include/countof_ns.h:98:53: note: expanded from macro 'countof_ns'
    #define countof_ns(a)  (_countof_ns_unsafe(a) + _countof_ns_must_be(a))
                                                    ^
note: (skipping 2 expansions in backtrace; use -fmacro-backtrace-limit=0 to see all)
/home/parallels/soft/my/countof_ns/tests/unit/tu_stub.h:97:71: note: expanded from macro 'TU_ASSERT_AND_RETURN'
            _TU_ASSERT_AND_RETURN("TU_ASSERT_AND_RETURN", (desired), (computed))
            ~~~~~~~~~~~~~~~~~~~~~~~~~~~~~~~~~~~~~~~~~~~~~~~~~~~~~~~~~~^~~~~~~~~~
/home/parallels/soft/my/countof_ns/tests/unit/tu_stub.h:92:43: note: expanded from macro '_TU_ASSERT_AND_RETURN'
            TU_FAIL((method), (desired), (computed)); \
            ~~~~~~~~~~~~~~~~~~~~~~~~~~~~~~^~~~~~~~~~
/home/parallels/soft/my/countof_ns/tests/unit/tu_stub.h:73:27: note: expanded from macro 'TU_FAIL'
                if (0 == (computed)) { \
                          ^~~~~~~~
In file included from /home/parallels/soft/my/countof_ns/tests/unit/tu_stub.c:5:
In file included from /home/parallels/soft/my/countof_ns/tests/unit/tu_stub.h:106:
/home/parallels/soft/my/countof_ns/tests/unit/pos_vla_00.h:5:30: error: type 'typeof (*(b)) (*)[(!sizeof (*(b)) ? 0 : sizeof (b) / (sizeof (*(b)) ? sizeof (*(b)) : (size_t)-1))]' (aka 'int (*)[(!sizeof (*(b)) ? 0 : sizeof (b) / (sizeof (*(b)) ? sizeof (*(b)) : (size_t)-1))][d0]') in generic association is a variably modified type
    TU_ASSERT_AND_RETURN(d0, TU_COUNTOF(b));
    ~~~~~~~~~~~~~~~~~~~~~~~~~^~~~~~~~~~~~~~
/home/parallels/soft/my/countof_ns/tests/unit/tu_stub.h:18:25: note: expanded from macro 'TU_COUNTOF'
#define TU_COUNTOF(a)  (TU_COUNTOF_FUNC(a))
                        ^
&lt;command line&gt;:13:25: note: expanded from here
#define TU_COUNTOF_FUNC countof_ns
                        ^
/home/parallels/soft/my/countof_ns/include/countof_ns.h:98:53: note: expanded from macro 'countof_ns'
    #define countof_ns(a)  (_countof_ns_unsafe(a) + _countof_ns_must_be(a))
                                                    ^
note: (skipping 2 expansions in backtrace; use -fmacro-backtrace-limit=0 to see all)
/home/parallels/soft/my/countof_ns/tests/unit/tu_stub.h:97:71: note: expanded from macro 'TU_ASSERT_AND_RETURN'
            _TU_ASSERT_AND_RETURN("TU_ASSERT_AND_RETURN", (desired), (computed))
            ~~~~~~~~~~~~~~~~~~~~~~~~~~~~~~~~~~~~~~~~~~~~~~~~~~~~~~~~~~^~~~~~~~~~
/home/parallels/soft/my/countof_ns/tests/unit/tu_stub.h:92:43: note: expanded from macro '_TU_ASSERT_AND_RETURN'
            TU_FAIL((method), (desired), (computed)); \
            ~~~~~~~~~~~~~~~~~~~~~~~~~~~~~~^~~~~~~~~~
/home/parallels/soft/my/countof_ns/tests/unit/tu_stub.h:75:40: note: expanded from macro 'TU_FAIL'
                } else if ((long long)(computed) &lt;= (long long)(desired)) { \
                                       ^~~~~~~~
6 errors generated.
gmake[3]: *** [tests/unit/CMakeFiles/pos_vla_00.dir/build.make:79: tests/unit/CMakeFiles/pos_vla_00.dir/tu_stub.c.o] Ошибка 1
gmake[2]: *** [CMakeFiles/Makefile2:1509: tests/unit/CMakeFiles/pos_vla_00.dir/all] Ошибка 2
gmake[1]: *** [CMakeFiles/Makefile2:1516: tests/unit/CMakeFiles/pos_vla_00.dir/rule] Ошибка 2
gmake: *** [Makefile:550: pos_vla_00] Ошибка 2

</system-out>
	</testcase>
	<testcase name="pos_vla_00_c11" classname="pos_vla_00_c11" time="0.00174712" status="run">
		<properties>
			<property name="cmake_labels" value="countof_ns;default"/>
		</properties>
		<system-out>Ok 0 TU_ASSERT_AND_RETURN((d0)=0, ...) /home/parallels/soft/my/countof_ns/tests/unit/pos_vla_00.h:pos_vla_00.h:TU_UNIT for countof_ns.h:countof_ns() with C11&amp;VLA, C 202000L
</system-out>
	</testcase>
	<testcase name="pos_vla_0n" classname="pos_vla_0n" time="0.199974" status="fail">
		<failure message="Failed"/>
		<properties>
			<property name="cmake_labels" value="countof_ns;default"/>
		</properties>
		<system-out>Internal cmake changing into directory: /home/parallels/soft/my/countof_ns/build/Linux_clang-14_clang++-14
Change Dir: '/home/parallels/soft/my/countof_ns/build/Linux_clang-14_clang++-14'

Run Build Command(s): /usr/bin/gmake -f Makefile pos_vla_0n
Built target CounofNS
Building C object tests/unit/CMakeFiles/pos_vla_0n.dir/tu_stub.c.o
In file included from /home/parallels/soft/my/countof_ns/tests/unit/tu_stub.c:5:
In file included from /home/parallels/soft/my/countof_ns/tests/unit/tu_stub.h:106:
/home/parallels/soft/my/countof_ns/tests/unit/pos_vla_0n.h:5:30: error: type 'typeof (*(a)) (*)[(!sizeof (*(a)) ? 0 : sizeof (a) / (sizeof (*(a)) ? sizeof (*(a)) : (size_t)-1))]' (aka 'int (*)[(!sizeof (*(a)) ? 0 : sizeof (a) / (sizeof (*(a)) ? sizeof (*(a)) : (size_t)-1))][d1]') in generic association is a variably modified type
    TU_ASSERT_AND_RETURN(d0, TU_COUNTOF(a));
    ~~~~~~~~~~~~~~~~~~~~~~~~~^~~~~~~~~~~~~~
/home/parallels/soft/my/countof_ns/tests/unit/tu_stub.h:18:25: note: expanded from macro 'TU_COUNTOF'
#define TU_COUNTOF(a)  (TU_COUNTOF_FUNC(a))
                        ^
&lt;command line&gt;:13:25: note: expanded from here
#define TU_COUNTOF_FUNC countof_ns
                        ^
/home/parallels/soft/my/countof_ns/include/countof_ns.h:98:53: note: expanded from macro 'countof_ns'
    #define countof_ns(a)  (_countof_ns_unsafe(a) + _countof_ns_must_be(a))
                                                    ^
note: (skipping 1 expansions in backtrace; use -fmacro-backtrace-limit=0 to see all)
/home/parallels/soft/my/countof_ns/include/countof_ns.h:72:40: note: expanded from macro '_countof_ns_typeof'
        #define _countof_ns_typeof(t)  __typeof__(t)
                                       ^
/home/parallels/soft/my/countof_ns/tests/unit/tu_stub.h:97:71: note: expanded from macro 'TU_ASSERT_AND_RETURN'
            _TU_ASSERT_AND_RETURN("TU_ASSERT_AND_RETURN", (desired), (computed))
            ~~~~~~~~~~~~~~~~~~~~~~~~~~~~~~~~~~~~~~~~~~~~~~~~~~~~~~~~~~^~~~~~~~~~
/home/parallels/soft/my/countof_ns/tests/unit/tu_stub.h:84:31: note: expanded from macro '_TU_ASSERT_AND_RETURN'
            if ((desired) == (computed)) { \
                              ^~~~~~~~
In file included from /home/parallels/soft/my/countof_ns/tests/unit/tu_stub.c:5:
In file included from /home/parallels/soft/my/countof_ns/tests/unit/tu_stub.h:106:
/home/parallels/soft/my/countof_ns/tests/unit/pos_vla_0n.h:5:30: error: type 'typeof (*(a)) (*)[(!sizeof (*(a)) ? 0 : sizeof (a) / (sizeof (*(a)) ? sizeof (*(a)) : (size_t)-1))]' (aka 'int (*)[(!sizeof (*(a)) ? 0 : sizeof (a) / (sizeof (*(a)) ? sizeof (*(a)) : (size_t)-1))][d1]') in generic association is a variably modified type
    TU_ASSERT_AND_RETURN(d0, TU_COUNTOF(a));
    ~~~~~~~~~~~~~~~~~~~~~~~~~^~~~~~~~~~~~~~
/home/parallels/soft/my/countof_ns/tests/unit/tu_stub.h:18:25: note: expanded from macro 'TU_COUNTOF'
#define TU_COUNTOF(a)  (TU_COUNTOF_FUNC(a))
                        ^
&lt;command line&gt;:13:25: note: expanded from here
#define TU_COUNTOF_FUNC countof_ns
                        ^
/home/parallels/soft/my/countof_ns/include/countof_ns.h:98:53: note: expanded from macro 'countof_ns'
    #define countof_ns(a)  (_countof_ns_unsafe(a) + _countof_ns_must_be(a))
                                                    ^
note: (skipping 1 expansions in backtrace; use -fmacro-backtrace-limit=0 to see all)
/home/parallels/soft/my/countof_ns/include/countof_ns.h:72:40: note: expanded from macro '_countof_ns_typeof'
        #define _countof_ns_typeof(t)  __typeof__(t)
                                       ^
/home/parallels/soft/my/countof_ns/tests/unit/tu_stub.h:97:71: note: expanded from macro 'TU_ASSERT_AND_RETURN'
            _TU_ASSERT_AND_RETURN("TU_ASSERT_AND_RETURN", (desired), (computed))
            ~~~~~~~~~~~~~~~~~~~~~~~~~~~~~~~~~~~~~~~~~~~~~~~~~~~~~~~~~~^~~~~~~~~~
/home/parallels/soft/my/countof_ns/tests/unit/tu_stub.h:88:25: note: expanded from macro '_TU_ASSERT_AND_RETURN'
                       (computed), (method), (#desired), (size_t)(desired)); \
                        ^~~~~~~~
In file included from /home/parallels/soft/my/countof_ns/tests/unit/tu_stub.c:5:
In file included from /home/parallels/soft/my/countof_ns/tests/unit/tu_stub.h:106:
/home/parallels/soft/my/countof_ns/tests/unit/pos_vla_0n.h:5:30: error: type 'typeof (*(a)) (*)[(!sizeof (*(a)) ? 0 : sizeof (a) / (sizeof (*(a)) ? sizeof (*(a)) : (size_t)-1))]' (aka 'int (*)[(!sizeof (*(a)) ? 0 : sizeof (a) / (sizeof (*(a)) ? sizeof (*(a)) : (size_t)-1))][d1]') in generic association is a variably modified type
    TU_ASSERT_AND_RETURN(d0, TU_COUNTOF(a));
    ~~~~~~~~~~~~~~~~~~~~~~~~~^~~~~~~~~~~~~~
/home/parallels/soft/my/countof_ns/tests/unit/tu_stub.h:18:25: note: expanded from macro 'TU_COUNTOF'
#define TU_COUNTOF(a)  (TU_COUNTOF_FUNC(a))
                        ^
&lt;command line&gt;:13:25: note: expanded from here
#define TU_COUNTOF_FUNC countof_ns
                        ^
/home/parallels/soft/my/countof_ns/include/countof_ns.h:98:53: note: expanded from macro 'countof_ns'
    #define countof_ns(a)  (_countof_ns_unsafe(a) + _countof_ns_must_be(a))
                                                    ^
note: (skipping 2 expansions in backtrace; use -fmacro-backtrace-limit=0 to see all)
/home/parallels/soft/my/countof_ns/tests/unit/tu_stub.h:97:71: note: expanded from macro 'TU_ASSERT_AND_RETURN'
            _TU_ASSERT_AND_RETURN("TU_ASSERT_AND_RETURN", (desired), (computed))
            ~~~~~~~~~~~~~~~~~~~~~~~~~~~~~~~~~~~~~~~~~~~~~~~~~~~~~~~~~~^~~~~~~~~~
/home/parallels/soft/my/countof_ns/tests/unit/tu_stub.h:92:43: note: expanded from macro '_TU_ASSERT_AND_RETURN'
            TU_FAIL((method), (desired), (computed)); \
            ~~~~~~~~~~~~~~~~~~~~~~~~~~~~~~^~~~~~~~~~
/home/parallels/soft/my/countof_ns/tests/unit/tu_stub.h:69:35: note: expanded from macro 'TU_FAIL'
            if(_TU_TODO_MAGIC != (computed)) { \
                                  ^~~~~~~~
In file included from /home/parallels/soft/my/countof_ns/tests/unit/tu_stub.c:5:
In file included from /home/parallels/soft/my/countof_ns/tests/unit/tu_stub.h:106:
/home/parallels/soft/my/countof_ns/tests/unit/pos_vla_0n.h:5:30: error: type 'typeof (*(a)) (*)[(!sizeof (*(a)) ? 0 : sizeof (a) / (sizeof (*(a)) ? sizeof (*(a)) : (size_t)-1))]' (aka 'int (*)[(!sizeof (*(a)) ? 0 : sizeof (a) / (sizeof (*(a)) ? sizeof (*(a)) : (size_t)-1))][d1]') in generic association is a variably modified type
    TU_ASSERT_AND_RETURN(d0, TU_COUNTOF(a));
    ~~~~~~~~~~~~~~~~~~~~~~~~~^~~~~~~~~~~~~~
/home/parallels/soft/my/countof_ns/tests/unit/tu_stub.h:18:25: note: expanded from macro 'TU_COUNTOF'
#define TU_COUNTOF(a)  (TU_COUNTOF_FUNC(a))
                        ^
&lt;command line&gt;:13:25: note: expanded from here
#define TU_COUNTOF_FUNC countof_ns
                        ^
/home/parallels/soft/my/countof_ns/include/countof_ns.h:98:53: note: expanded from macro 'countof_ns'
    #define countof_ns(a)  (_countof_ns_unsafe(a) + _countof_ns_must_be(a))
                                                    ^
note: (skipping 2 expansions in backtrace; use -fmacro-backtrace-limit=0 to see all)
/home/parallels/soft/my/countof_ns/tests/unit/tu_stub.h:97:71: note: expanded from macro 'TU_ASSERT_AND_RETURN'
            _TU_ASSERT_AND_RETURN("TU_ASSERT_AND_RETURN", (desired), (computed))
            ~~~~~~~~~~~~~~~~~~~~~~~~~~~~~~~~~~~~~~~~~~~~~~~~~~~~~~~~~~^~~~~~~~~~
/home/parallels/soft/my/countof_ns/tests/unit/tu_stub.h:92:43: note: expanded from macro '_TU_ASSERT_AND_RETURN'
            TU_FAIL((method), (desired), (computed)); \
            ~~~~~~~~~~~~~~~~~~~~~~~~~~~~~~^~~~~~~~~~
/home/parallels/soft/my/countof_ns/tests/unit/tu_stub.h:71:25: note: expanded from macro 'TU_FAIL'
                       (computed), (size_t)(desired), (method), (#desired)); \
                        ^~~~~~~~
In file included from /home/parallels/soft/my/countof_ns/tests/unit/tu_stub.c:5:
In file included from /home/parallels/soft/my/countof_ns/tests/unit/tu_stub.h:106:
/home/parallels/soft/my/countof_ns/tests/unit/pos_vla_0n.h:5:30: error: type 'typeof (*(a)) (*)[(!sizeof (*(a)) ? 0 : sizeof (a) / (sizeof (*(a)) ? sizeof (*(a)) : (size_t)-1))]' (aka 'int (*)[(!sizeof (*(a)) ? 0 : sizeof (a) / (sizeof (*(a)) ? sizeof (*(a)) : (size_t)-1))][d1]') in generic association is a variably modified type
    TU_ASSERT_AND_RETURN(d0, TU_COUNTOF(a));
    ~~~~~~~~~~~~~~~~~~~~~~~~~^~~~~~~~~~~~~~
/home/parallels/soft/my/countof_ns/tests/unit/tu_stub.h:18:25: note: expanded from macro 'TU_COUNTOF'
#define TU_COUNTOF(a)  (TU_COUNTOF_FUNC(a))
                        ^
&lt;command line&gt;:13:25: note: expanded from here
#define TU_COUNTOF_FUNC countof_ns
                        ^
/home/parallels/soft/my/countof_ns/include/countof_ns.h:98:53: note: expanded from macro 'countof_ns'
    #define countof_ns(a)  (_countof_ns_unsafe(a) + _countof_ns_must_be(a))
                                                    ^
note: (skipping 2 expansions in backtrace; use -fmacro-backtrace-limit=0 to see all)
/home/parallels/soft/my/countof_ns/tests/unit/tu_stub.h:97:71: note: expanded from macro 'TU_ASSERT_AND_RETURN'
            _TU_ASSERT_AND_RETURN("TU_ASSERT_AND_RETURN", (desired), (computed))
            ~~~~~~~~~~~~~~~~~~~~~~~~~~~~~~~~~~~~~~~~~~~~~~~~~~~~~~~~~~^~~~~~~~~~
/home/parallels/soft/my/countof_ns/tests/unit/tu_stub.h:92:43: note: expanded from macro '_TU_ASSERT_AND_RETURN'
            TU_FAIL((method), (desired), (computed)); \
            ~~~~~~~~~~~~~~~~~~~~~~~~~~~~~~^~~~~~~~~~
/home/parallels/soft/my/countof_ns/tests/unit/tu_stub.h:73:27: note: expanded from macro 'TU_FAIL'
                if (0 == (computed)) { \
                          ^~~~~~~~
In file included from /home/parallels/soft/my/countof_ns/tests/unit/tu_stub.c:5:
In file included from /home/parallels/soft/my/countof_ns/tests/unit/tu_stub.h:106:
/home/parallels/soft/my/countof_ns/tests/unit/pos_vla_0n.h:5:30: error: type 'typeof (*(a)) (*)[(!sizeof (*(a)) ? 0 : sizeof (a) / (sizeof (*(a)) ? sizeof (*(a)) : (size_t)-1))]' (aka 'int (*)[(!sizeof (*(a)) ? 0 : sizeof (a) / (sizeof (*(a)) ? sizeof (*(a)) : (size_t)-1))][d1]') in generic association is a variably modified type
    TU_ASSERT_AND_RETURN(d0, TU_COUNTOF(a));
    ~~~~~~~~~~~~~~~~~~~~~~~~~^~~~~~~~~~~~~~
/home/parallels/soft/my/countof_ns/tests/unit/tu_stub.h:18:25: note: expanded from macro 'TU_COUNTOF'
#define TU_COUNTOF(a)  (TU_COUNTOF_FUNC(a))
                        ^
&lt;command line&gt;:13:25: note: expanded from here
#define TU_COUNTOF_FUNC countof_ns
                        ^
/home/parallels/soft/my/countof_ns/include/countof_ns.h:98:53: note: expanded from macro 'countof_ns'
    #define countof_ns(a)  (_countof_ns_unsafe(a) + _countof_ns_must_be(a))
                                                    ^
note: (skipping 2 expansions in backtrace; use -fmacro-backtrace-limit=0 to see all)
/home/parallels/soft/my/countof_ns/tests/unit/tu_stub.h:97:71: note: expanded from macro 'TU_ASSERT_AND_RETURN'
            _TU_ASSERT_AND_RETURN("TU_ASSERT_AND_RETURN", (desired), (computed))
            ~~~~~~~~~~~~~~~~~~~~~~~~~~~~~~~~~~~~~~~~~~~~~~~~~~~~~~~~~~^~~~~~~~~~
/home/parallels/soft/my/countof_ns/tests/unit/tu_stub.h:92:43: note: expanded from macro '_TU_ASSERT_AND_RETURN'
            TU_FAIL((method), (desired), (computed)); \
            ~~~~~~~~~~~~~~~~~~~~~~~~~~~~~~^~~~~~~~~~
/home/parallels/soft/my/countof_ns/tests/unit/tu_stub.h:75:40: note: expanded from macro 'TU_FAIL'
                } else if ((long long)(computed) &lt;= (long long)(desired)) { \
                                       ^~~~~~~~
6 errors generated.
gmake[3]: *** [tests/unit/CMakeFiles/pos_vla_0n.dir/build.make:79: tests/unit/CMakeFiles/pos_vla_0n.dir/tu_stub.c.o] Ошибка 1
gmake[2]: *** [CMakeFiles/Makefile2:1573: tests/unit/CMakeFiles/pos_vla_0n.dir/all] Ошибка 2
gmake[1]: *** [CMakeFiles/Makefile2:1580: tests/unit/CMakeFiles/pos_vla_0n.dir/rule] Ошибка 2
gmake: *** [Makefile:576: pos_vla_0n] Ошибка 2

</system-out>
	</testcase>
	<testcase name="pos_vla_0n_c11" classname="pos_vla_0n_c11" time="0.00181597" status="run">
		<properties>
			<property name="cmake_labels" value="countof_ns;default"/>
		</properties>
		<system-out>Ok 0 TU_ASSERT_AND_RETURN((d0)=0, ...) /home/parallels/soft/my/countof_ns/tests/unit/pos_vla_0n.h:pos_vla_0n.h:TU_UNIT for countof_ns.h:countof_ns() with C11&amp;VLA, C 202000L
</system-out>
	</testcase>
	<testcase name="pos_vla_cv" classname="pos_vla_cv" time="0.214884" status="fail">
		<failure message="Failed"/>
		<properties>
			<property name="cmake_labels" value="countof_ns;default"/>
		</properties>
		<system-out>Internal cmake changing into directory: /home/parallels/soft/my/countof_ns/build/Linux_clang-14_clang++-14
Change Dir: '/home/parallels/soft/my/countof_ns/build/Linux_clang-14_clang++-14'

Run Build Command(s): /usr/bin/gmake -f Makefile pos_vla_cv
[  0%] Built target CounofNS
[  0%] Building C object tests/unit/CMakeFiles/pos_vla_cv.dir/tu_stub.c.o
In file included from /home/parallels/soft/my/countof_ns/tests/unit/tu_stub.c:5:
In file included from /home/parallels/soft/my/countof_ns/tests/unit/tu_stub.h:106:
/home/parallels/soft/my/countof_ns/tests/unit/pos_vla_cv.h:5:30: error: type 'typeof (*(a)) (*)[(!sizeof (*(a)) ? 0 : sizeof (a) / (sizeof (*(a)) ? sizeof (*(a)) : (size_t)-1))]' (aka 'volatile int (*)[(!sizeof (*(a)) ? 0 : sizeof (a) / (sizeof (*(a)) ? sizeof (*(a)) : (size_t)-1))]') in generic association is a variably modified type
    TU_ASSERT_AND_RETURN(d1, TU_COUNTOF(a));
    ~~~~~~~~~~~~~~~~~~~~~~~~~^~~~~~~~~~~~~~
/home/parallels/soft/my/countof_ns/tests/unit/tu_stub.h:18:25: note: expanded from macro 'TU_COUNTOF'
#define TU_COUNTOF(a)  (TU_COUNTOF_FUNC(a))
                        ^
&lt;command line&gt;:13:25: note: expanded from here
#define TU_COUNTOF_FUNC countof_ns
                        ^
/home/parallels/soft/my/countof_ns/include/countof_ns.h:98:53: note: expanded from macro 'countof_ns'
    #define countof_ns(a)  (_countof_ns_unsafe(a) + _countof_ns_must_be(a))
                                                    ^
note: (skipping 1 expansions in backtrace; use -fmacro-backtrace-limit=0 to see all)
/home/parallels/soft/my/countof_ns/include/countof_ns.h:72:40: note: expanded from macro '_countof_ns_typeof'
        #define _countof_ns_typeof(t)  __typeof__(t)
                                       ^
/home/parallels/soft/my/countof_ns/tests/unit/tu_stub.h:97:71: note: expanded from macro 'TU_ASSERT_AND_RETURN'
            _TU_ASSERT_AND_RETURN("TU_ASSERT_AND_RETURN", (desired), (computed))
            ~~~~~~~~~~~~~~~~~~~~~~~~~~~~~~~~~~~~~~~~~~~~~~~~~~~~~~~~~~^~~~~~~~~~
/home/parallels/soft/my/countof_ns/tests/unit/tu_stub.h:84:31: note: expanded from macro '_TU_ASSERT_AND_RETURN'
            if ((desired) == (computed)) { \
                              ^~~~~~~~
In file included from /home/parallels/soft/my/countof_ns/tests/unit/tu_stub.c:5:
In file included from /home/parallels/soft/my/countof_ns/tests/unit/tu_stub.h:106:
/home/parallels/soft/my/countof_ns/tests/unit/pos_vla_cv.h:5:30: error: type 'typeof (*(a)) (*)[(!sizeof (*(a)) ? 0 : sizeof (a) / (sizeof (*(a)) ? sizeof (*(a)) : (size_t)-1))]' (aka 'volatile int (*)[(!sizeof (*(a)) ? 0 : sizeof (a) / (sizeof (*(a)) ? sizeof (*(a)) : (size_t)-1))]') in generic association is a variably modified type
    TU_ASSERT_AND_RETURN(d1, TU_COUNTOF(a));
    ~~~~~~~~~~~~~~~~~~~~~~~~~^~~~~~~~~~~~~~
/home/parallels/soft/my/countof_ns/tests/unit/tu_stub.h:18:25: note: expanded from macro 'TU_COUNTOF'
#define TU_COUNTOF(a)  (TU_COUNTOF_FUNC(a))
                        ^
&lt;command line&gt;:13:25: note: expanded from here
#define TU_COUNTOF_FUNC countof_ns
                        ^
/home/parallels/soft/my/countof_ns/include/countof_ns.h:98:53: note: expanded from macro 'countof_ns'
    #define countof_ns(a)  (_countof_ns_unsafe(a) + _countof_ns_must_be(a))
                                                    ^
note: (skipping 1 expansions in backtrace; use -fmacro-backtrace-limit=0 to see all)
/home/parallels/soft/my/countof_ns/include/countof_ns.h:72:40: note: expanded from macro '_countof_ns_typeof'
        #define _countof_ns_typeof(t)  __typeof__(t)
                                       ^
/home/parallels/soft/my/countof_ns/tests/unit/tu_stub.h:97:71: note: expanded from macro 'TU_ASSERT_AND_RETURN'
            _TU_ASSERT_AND_RETURN("TU_ASSERT_AND_RETURN", (desired), (computed))
            ~~~~~~~~~~~~~~~~~~~~~~~~~~~~~~~~~~~~~~~~~~~~~~~~~~~~~~~~~~^~~~~~~~~~
/home/parallels/soft/my/countof_ns/tests/unit/tu_stub.h:88:25: note: expanded from macro '_TU_ASSERT_AND_RETURN'
                       (computed), (method), (#desired), (size_t)(desired)); \
                        ^~~~~~~~
In file included from /home/parallels/soft/my/countof_ns/tests/unit/tu_stub.c:5:
In file included from /home/parallels/soft/my/countof_ns/tests/unit/tu_stub.h:106:
/home/parallels/soft/my/countof_ns/tests/unit/pos_vla_cv.h:5:30: error: type 'typeof (*(a)) (*)[(!sizeof (*(a)) ? 0 : sizeof (a) / (sizeof (*(a)) ? sizeof (*(a)) : (size_t)-1))]' (aka 'volatile int (*)[(!sizeof (*(a)) ? 0 : sizeof (a) / (sizeof (*(a)) ? sizeof (*(a)) : (size_t)-1))]') in generic association is a variably modified type
    TU_ASSERT_AND_RETURN(d1, TU_COUNTOF(a));
    ~~~~~~~~~~~~~~~~~~~~~~~~~^~~~~~~~~~~~~~
/home/parallels/soft/my/countof_ns/tests/unit/tu_stub.h:18:25: note: expanded from macro 'TU_COUNTOF'
#define TU_COUNTOF(a)  (TU_COUNTOF_FUNC(a))
                        ^
&lt;command line&gt;:13:25: note: expanded from here
#define TU_COUNTOF_FUNC countof_ns
                        ^
/home/parallels/soft/my/countof_ns/include/countof_ns.h:98:53: note: expanded from macro 'countof_ns'
    #define countof_ns(a)  (_countof_ns_unsafe(a) + _countof_ns_must_be(a))
                                                    ^
note: (skipping 2 expansions in backtrace; use -fmacro-backtrace-limit=0 to see all)
/home/parallels/soft/my/countof_ns/tests/unit/tu_stub.h:97:71: note: expanded from macro 'TU_ASSERT_AND_RETURN'
            _TU_ASSERT_AND_RETURN("TU_ASSERT_AND_RETURN", (desired), (computed))
            ~~~~~~~~~~~~~~~~~~~~~~~~~~~~~~~~~~~~~~~~~~~~~~~~~~~~~~~~~~^~~~~~~~~~
/home/parallels/soft/my/countof_ns/tests/unit/tu_stub.h:92:43: note: expanded from macro '_TU_ASSERT_AND_RETURN'
            TU_FAIL((method), (desired), (computed)); \
            ~~~~~~~~~~~~~~~~~~~~~~~~~~~~~~^~~~~~~~~~
/home/parallels/soft/my/countof_ns/tests/unit/tu_stub.h:69:35: note: expanded from macro 'TU_FAIL'
            if(_TU_TODO_MAGIC != (computed)) { \
                                  ^~~~~~~~
In file included from /home/parallels/soft/my/countof_ns/tests/unit/tu_stub.c:5:
In file included from /home/parallels/soft/my/countof_ns/tests/unit/tu_stub.h:106:
[...]
[100%] Built target ms_countof-neg_zla_ptr
</system-out>
	</testcase>
	<testcase name="ms_countof-neg_zla_ptr_0_fail" classname="ms_countof-neg_zla_ptr_0_fail" time="0.0147023" status="fail">
		<failure message="Failed"/>
		<properties>
			<property name="cmake_labels" value="ms_countof"/>
		</properties>
		<system-out>Fail 93995147071824 desired=0 main(0, ...) /home/parallels/soft/my/countof_ns/tests/unit/tu_stub.c:neg_zla_ptr.h:TU_UNIT for _comparisons/ms_countof.h:ms_countof(), C 202000L
</system-out>
	</testcase>
	<testcase name="ms_countof-neg_zla_ptr_cxx" classname="ms_countof-neg_zla_ptr_cxx" time="0.210543" status="run">
		<properties>
			<property name="cmake_labels" value="ms_countof"/>
		</properties>
		<system-out>Built target CounofNS
Building CXX object tests/unit/CMakeFiles/ms_countof-neg_zla_ptr_cxx.dir/tu_stub_cxx.cpp.o
In file included from /home/parallels/soft/my/countof_ns/tests/unit/tu_stub_cxx.cpp:5:
In file included from /home/parallels/soft/my/countof_ns/tests/unit/tu_stub.h:106:
/home/parallels/soft/my/countof_ns/tests/unit/neg_zla_ptr.h:4:12: error: no matching function for call to 'ms_countof_helper'
    return TU_COUNTOF(p);
           ^~~~~~~~~~~~~
/home/parallels/soft/my/countof_ns/tests/unit/tu_stub.h:18:25: note: expanded from macro 'TU_COUNTOF'
#define TU_COUNTOF(a)  (TU_COUNTOF_FUNC(a))
                        ^~~~~~~~~~~~~~~~~~
&lt;command line&gt;:13:25: note: expanded from here
#define TU_COUNTOF_FUNC ms_countof
                        ^
/home/parallels/soft/my/countof_ns/include/_comparisons/ms_countof.h:22:45: note: expanded from macro 'ms_countof'
        #define ms_countof(_Array) (sizeof(*ms_countof_helper(_Array)) + 0)
                                            ^~~~~~~~~~~~~~~~~
/home/parallel...
[This part of the test output was removed since it exceeds the threshold of 1024 bytes.]
</system-out>
	</testcase>
	<testcase name="ms_countof-neg_zla_ptr_cxx_0_fail" classname="ms_countof-neg_zla_ptr_cxx_0_fail" time="0.0121295" status="notrun">
		<skipped message="SKIP_RETURN_CODE=42"/>
		<properties>
			<property name="cmake_labels" value="ms_countof"/>
		</properties>
		<system-out></system-out>
	</testcase>
	<testcase name="ms_countof-neg_zla_vla_ptr" classname="ms_countof-neg_zla_vla_ptr" time="0.326661" status="fail">
		<failure message="Failed"/>
		<properties>
			<property name="cmake_labels" value="ms_countof"/>
		</properties>
		<system-out>[  0%] Built target CounofNS
[  0%] Building C object tests/unit/CMakeFiles/ms_countof-neg_zla_vla_ptr.dir/tu_stub.c.o
In file included from /home/parallels/soft/my/countof_ns/tests/unit/tu_stub.c:5:
In file included from /home/parallels/soft/my/countof_ns/tests/unit/tu_stub.h:106:
/home/parallels/soft/my/countof_ns/tests/unit/neg_zla_vla_ptr.h:6:12: warning: 'sizeof (p)' will return the size of the pointer, not the array itself [-Wsizeof-pointer-div]
    return TU_COUNTOF(p);
           ^~~~~~~~~~~~~
/home/parallels/soft/my/countof_ns/tests/unit/tu_stub.h:18:25: note: expanded from macro 'TU_COUNTOF'
#define TU_COUNTOF(a)  (TU_COUNTOF_FUNC(a))
                        ^~~~~~~~~~~~~~~~~~
&lt;command line&gt;:13:25: note: expanded from here
#define TU_COUNTOF_FUNC ms_countof
                        ^
/home/parallels/soft/my/countof_ns/include/_comparisons/ms_countof.h:25:48: note: expanded from macro 'ms_countof'
    #define ms_countof(_Array) (sizeof(_Array) / sizeof(_Array[0]))
                                ~~~~~~~~~~~~~~ ^
/home/parallels/soft/my/countof_ns/tests/unit/neg_zla_vla_ptr.h:5:11: note: pointer 'p' declared here
    int (*p)[d0] = &amp;a;
          ^
1 warning generated.
[100%] Linking C executable ms_countof-neg_zla_vla_ptr
[100%] Built target ms_countof-neg_zla_vla_ptr
</system-out>
	</testcase>
	<testcase name="ms_countof-neg_zla_vla_ptr_0_fail" classname="ms_countof-neg_zla_vla_ptr_0_fail" time="0.0140288" status="fail">
		<failure message="Failed"/>
		<properties>
			<property name="cmake_labels" value="ms_countof"/>
		</properties>
		<system-out>CMake Error at /home/parallels/soft/my/countof_ns/tests/unit/exec_if_exists.cmake:13 (cmake_language):
  cmake_language EXIT requires one integral argument, got "Floating-point
  exception"


</system-out>
	</testcase>
	<testcase name="short_example" classname="short_example" time="0.00228027" status="run">
		<properties/>
		<system-out>short_example: Ok (fail=0)
</system-out>
	</testcase>
	<testcase name="short_example_fail" classname="short_example_fail" time="0.207044" status="run">
		<properties/>
		<system-out>Internal cmake changing into directory: /home/parallels/soft/my/countof_ns/build/Linux_clang-14_clang++-14
Change Dir: '/home/parallels/soft/my/countof_ns/build/Linux_clang-14_clang++-14'

Run Build Command(s): /usr/bin/gmake -f Makefile short_example_fail
[  0%] Built target CounofNS
[100%] Building C object examples/CMakeFiles/short_example_fail.dir/short_example.c.o
In file included from /home/parallels/soft/my/countof_ns/examples/short_example.c:5:
/home/parallels/soft/my/countof_ns/examples/short_example.h:71:37: warning: Must error below @{ [-W#pragma-messages]
                            #pragma message ("Must error below @{")
                                    ^
/home/parallels/soft/my/countof_ns/examples/short_example.h:72:17: error: array size is negative
        fail += countof_ns(p1);
                ^~~~~~~~~~~~~~
/home/parallels/soft/my/countof_ns/include/countof_ns.h:98:53: note: expanded from macro 'countof_ns'
    #define countof_ns(a)  (_countof_ns_unsafe(a) + _countof_ns_must_be(a))
      ...
[This part of the test output was removed since it exceeds the threshold of 1024 bytes.]
</system-out>
	</testcase>
	<testcase name="short_example_cxx" classname="short_example_cxx" time="0.00280662" status="run">
		<properties/>
		<system-out>short_example: Ok (fail=0)
</system-out>
	</testcase>
	<testcase name="short_example_cxx_fail" classname="short_example_cxx_fail" time="0.193247" status="run">
		<properties/>
		<system-out>Internal cmake changing into directory: /home/parallels/soft/my/countof_ns/build/Linux_clang-14_clang++-14
Change Dir: '/home/parallels/soft/my/countof_ns/build/Linux_clang-14_clang++-14'

Run Build Command(s): /usr/bin/gmake -f Makefile short_example_cxx_fail
Built target CounofNS
Building CXX object examples/CMakeFiles/short_example_cxx_fail.dir/short_example_cxx.cpp.o
In file included from /home/parallels/soft/my/countof_ns/examples/short_example_cxx.cpp:5:
/home/parallels/soft/my/countof_ns/examples/short_example.h:71:37: warning: Must error below @{ [-W#pragma-messages]
                            #pragma message ("Must error below @{")
                                    ^
In file included from /home/parallels/soft/my/countof_ns/examples/short_example_cxx.cpp:5:
In file included from /home/parallels/soft/my/countof_ns/examples/short_example.h:24:
/home/parallels/soft/my/countof_ns/include/countof_ns.h:107:9: error: static_assert failed due to requirement '0 == 8UL' "Argument must be zero-length array"
 ...
[This part of the test output was removed since it exceeds the threshold of 1024 bytes.]
</system-out>
	</testcase>
	<testcase name="long_example" classname="long_example" time="0.00210086" status="run">
		<properties/>
		<system-out>short_example: Ok (fail=0)
HAVE_EMPTY_INITIALIZER
HAVE_EMPTY_STRUCTURE
zla_example: Ok (fail=0)
cv_example: Ok
__clang_major__.__clang_minor__ 14.0 __GNUC__.__GNUC_MINOR__ 4.2 _COUNTOF_NS_VLA_UNSUPPORTED __STDC_VERSION__ 202000
</system-out>
	</testcase>
	<testcase name="long_example_fail" classname="long_example_fail" time="0.194877" status="run">
		<properties/>
		<system-out>Internal cmake changing into directory: /home/parallels/soft/my/countof_ns/build/Linux_clang-14_clang++-14
Change Dir: '/home/parallels/soft/my/countof_ns/build/Linux_clang-14_clang++-14'

Run Build Command(s): /usr/bin/gmake -f Makefile long_example_fail
Built target CounofNS
Building C object examples/CMakeFiles/long_example_fail.dir/long_example.c.o
In file included from /home/parallels/soft/my/countof_ns/examples/long_example.c:5:
In file included from /home/parallels/soft/my/countof_ns/examples/long_example.h:67:
/home/parallels/soft/my/countof_ns/examples/short_example.h:71:37: warning: Must error below @{ [-W#pragma-messages]
                            #pragma message ("Must error below @{")
                                    ^
/home/parallels/soft/my/countof_ns/examples/short_example.h:72:17: error: array size is negative
        fail += countof_ns(p1);
                ^~~~~~~~~~~~~~
/home/parallels/soft/my/countof_ns/include/countof_ns.h:98:53: note: expanded from macro 'countof_ns'
    #define cou...
[This part of the test output was removed since it exceeds the threshold of 1024 bytes.]
</system-out>
	</testcase>
	<testcase name="long_example_vla" classname="long_example_vla" time="0.00216487" status="run">
		<properties/>
		<system-out>short_example: Ok (fail=0)
HAVE_EMPTY_INITIALIZER
HAVE_EMPTY_STRUCTURE
zla_example: Ok (fail=0)
vla_example: Ok (fail=0)
cv_example: Ok
__clang_major__.__clang_minor__ 14.0 __GNUC__.__GNUC_MINOR__ 4.2 __STDC_VERSION__ 202000
</system-out>
	</testcase>
	<testcase name="long_example_vla_fail" classname="long_example_vla_fail" time="0.199762" status="run">
		<properties/>
		<system-out>Internal cmake changing into directory: /home/parallels/soft/my/countof_ns/build/Linux_clang-14_clang++-14
Change Dir: '/home/parallels/soft/my/countof_ns/build/Linux_clang-14_clang++-14'

Run Build Command(s): /usr/bin/gmake -f Makefile long_example_vla_fail
Built target CounofNS
Building C object examples/CMakeFiles/long_example_vla_fail.dir/long_example.c.o
In file included from /home/parallels/soft/my/countof_ns/examples/long_example.c:5:
In file included from /home/parallels/soft/my/countof_ns/examples/long_example.h:67:
/home/parallels/soft/my/countof_ns/examples/short_example.h:71:37: warning: Must error below @{ [-W#pragma-messages]
                            #pragma message ("Must error below @{")
                                    ^
/home/parallels/soft/my/countof_ns/examples/short_example.h:72:17: error: 'typeof (p1) **' (aka 'int (***)[23]') and 'typeof (*(p1)) (**)[0]' (aka 'int (**)[0][23]') are not pointers to compatible types
        fail += countof_ns(p1);
                ^~~~~~~~~~~~~~
/ho...
[This part of the test output was removed since it exceeds the threshold of 1024 bytes.]
</system-out>
	</testcase>
	<testcase name="long_example_cxx" classname="long_example_cxx" time="0.00277258" status="run">
		<properties/>
		<system-out>short_example: Ok (fail=0)
HAVE_EMPTY_INITIALIZER
zla_example: Ok (fail=0)
cv_example: Ok
std_size_example: Ok (fail=0)
__clang_major__.__clang_minor__ 14.0 __GNUC__.__GNUC_MINOR__ 4.2 __cpp_lib_nonmember_container_access 201411 __cplusplus 202101
</system-out>
	</testcase>
	<testcase name="long_example_cxx_fail" classname="long_example_cxx_fail" time="0.420609" status="run">
		<properties/>
		<system-out>Internal cmake changing into directory: /home/parallels/soft/my/countof_ns/build/Linux_clang-14_clang++-14
Change Dir: '/home/parallels/soft/my/countof_ns/build/Linux_clang-14_clang++-14'

Run Build Command(s): /usr/bin/gmake -f Makefile long_example_cxx_fail
[  0%] Built target CounofNS
[100%] Building CXX object examples/CMakeFiles/long_example_cxx_fail.dir/long_example_cxx.cpp.o
In file included from /home/parallels/soft/my/countof_ns/examples/long_example_cxx.cpp:5:
In file included from /home/parallels/soft/my/countof_ns/examples/long_example.h:67:
/home/parallels/soft/my/countof_ns/examples/short_example.h:71:37: warning: Must error below @{ [-W#pragma-messages]
                            #pragma message ("Must error below @{")
                                    ^
In file included from /home/parallels/soft/my/countof_ns/examples/long_example_cxx.cpp:5:
In file included from /home/parallels/soft/my/countof_ns/examples/long_example.h:66:
/home/parallels/soft/my/countof_ns/include/countof_ns.h:107:9: err...
[This part of the test output was removed since it exceeds the threshold of 1024 bytes.]
</system-out>
	</testcase>
	<testcase name="_check_logs_config" classname="_check_logs_config" time="0.0124862" status="run">
		<properties>
			<property name="cmake_labels" value="default"/>
		</properties>
		<system-out>CL_TAG='default'
    CMAKE_C_COMPILER_ID='Clang'
    CMAKE_C_COMPILER_VERSION='14.0.6'
    CMAKE_C_FLAGS='  -ferror-limit=9999 -DHAVE_ZERO_LENGTH_ARRAYS=1 -DHAVE_CV_TYPEOF=1 -DHAVE_EMPTY_INITIALIZER=1 -DHAVE_EMPTY_STRUCTURE=1 -DHAVE_TYPEOF=1 -DHAVE___TYPEOF__=1 -DHAVE_VLA=1 -DERROR_ON_NEGATIVE_ARRAY_SIZE=1 -DERROR_ON_SIZEOF_POINTER_SUBTRACTION=1 -DERROR_ON_STRUCT_BIT_FIELD=1 -DERROR_ON_STRUCT_STATIC_ASSERT=1'
    TAC_WERROR=''
    CXX_ENABLED='TRUE'
    
</system-out>
	</testcase>
	<testcase name="post_check_Clang-21-verbose-cmp" classname="post_check_Clang-21-verbose-cmp" time="1.85712" status="run">
		<properties/>
		<system-out>Ok, skipped: 17 from 417 (Clang, verbose)
    Unexpected failure: 0/100, wanted: 0
    Unexpected fpe: 0/34, wanted: 0
    Unexpected divide_by_zero_warning: 0/24, wanted: 0
    Unexpected warning: 0/28, wanted: 0
</system-out>
	</testcase>
	<testcase name="post_check_Clang-debug" classname="post_check_Clang-debug" time="0.768354" status="run">
		<properties/>
		<system-out>Ok, skipped: 16 from 117 (Clang, debug)
    Unexpected failure: 0/17, wanted: 0
    Unexpected fpe: 0/0, wanted: 0
    Unexpected divide_by_zero_warning: 0/0, wanted: 0
    Unexpected warning: 0/0, wanted: 0
</system-out>
	</testcase>
	<testcase name="post_check_Clang-default" classname="post_check_Clang-default" time="0.693197" status="run">
		<properties/>
		<system-out>Ok, skipped: 0 from 91 (Clang, default)
    Unexpected failure: 0/17, wanted: 0
    Unexpected fpe: 0/0, wanted: 0
    Unexpected divide_by_zero_warning: 0/0, wanted: 0
    Unexpected warning: 0/0, wanted: 0
</system-out>
	</testcase>
	<testcase name="post_check_Clang-verbose-cmp" classname="post_check_Clang-verbose-cmp" time="1.93009" status="run">
		<properties/>
		<system-out>Ok, skipped: 17 from 316 (Clang, verbose)
    Unexpected failure: 0/76, wanted: 0
    Unexpected fpe: 0/26, wanted: 0
    Unexpected divide_by_zero_warning: 0/16, wanted: 0
    Unexpected warning: 0/30, wanted: 0
</system-out>
	</testcase>
	<testcase name="post_check_IntelLLVM-cmp" classname="post_check_IntelLLVM-cmp" time="2.95077" status="run">
		<properties/>
		<system-out>Ok, skipped: 14 from 414 (IntelLLVM, default)
    Unexpected failure: 0/100, wanted: 0
    Unexpected fpe: 0/0, wanted: 0
    Unexpected divide_by_zero_warning: 0/49, wanted: 0
    Unexpected warning: 0/76, wanted: 0
</system-out>
	</testcase>
	<testcase name="post_check_IntelLLVM-debug" classname="post_check_IntelLLVM-debug" time="0.968946" status="run">
		<properties/>
		<system-out>Ok, skipped: 12 from 131 (IntelLLVM, debug)
    Unexpected failure: 0/22, wanted: 0
    Unexpected fpe: 0/0, wanted: 0
    Unexpected divide_by_zero_warning: 0/0, wanted: 0
    Unexpected warning: 0/0, wanted: 0
</system-out>
	</testcase>
	<testcase name="post_check_IntelLLVM-default" classname="post_check_IntelLLVM-default" time="0.955184" status="run">
		<properties/>
		<system-out>Ok, skipped: 0 from 109 (IntelLLVM, default)
    Unexpected failure: 0/22, wanted: 0
    Unexpected fpe: 0/0, wanted: 0
    Unexpected divide_by_zero_warning: 0/0, wanted: 0
    Unexpected warning: 0/0, wanted: 0
</system-out>
	</testcase>
	<testcase name="post_check_IntelLLVM-verbose" classname="post_check_IntelLLVM-verbose" time="1.88739" status="run">
		<properties/>
		<system-out>Ok, skipped: 13 from 413 (IntelLLVM, verbose)
    Unexpected failure: 0/100, wanted: 0
    Unexpected fpe: 0/0, wanted: 0
    Unexpected divide_by_zero_warning: 0/24, wanted: 0
    Unexpected warning: 0/28, wanted: 0
</system-out>
	</testcase>
	<testcase name="post_check_MSCV-cmp" classname="post_check_MSCV-cmp" time="0.626437" status="run">
		<properties/>
		<system-out>Ok, skipped: 0 from 86 (MSVC, default)
    Unexpected failure: 0/4, wanted: 0
    Unexpected fpe: 0/0, wanted: 0
    Unexpected divide_by_zero_warning: 0/0, wanted: 0
    Unexpected warning: 0/0, wanted: 0
</system-out>
	</testcase>
	<testcase name="post_check_MSCV-default" classname="post_check_MSCV-default" time="0.280474" status="run">
		<properties/>
		<system-out>Ok, skipped: 0 from 31 (MSVC, )
    Unexpected failure: 0/0, wanted: 0
    Unexpected fpe: 0/0, wanted: 0
    Unexpected divide_by_zero_warning: 0/0, wanted: 0
    Unexpected warning: 0/0, wanted: 0
</system-out>
	</testcase>
	<testcase name="post_check_MSCV-verbose" classname="post_check_MSCV-verbose" time="0.605051" status="run">
		<properties/>
		<system-out>Ok, skipped: 0 from 86 (MSVC, verbose)
    Unexpected failure: 0/4, wanted: 0
    Unexpected fpe: 0/0, wanted: 0
    Unexpected divide_by_zero_warning: 0/0, wanted: 0
    Unexpected warning: 0/0, wanted: 0
</system-out>
	</testcase>
	<testcase name="post_check_NVHPC-cmp" classname="post_check_NVHPC-cmp" time="0.472955" status="run">
		<properties/>
		<system-out>Ok, skipped: 7 from 178 (NVHPC, default)
    Unexpected failure: 0/38, wanted: 0
    Unexpected fpe: 0/0, wanted: 0
    Unexpected divide_by_zero_warning: 0/20, wanted: 0
    Unexpected warning: 0/29, wanted: 0
</system-out>
	</testcase>
	<testcase name="post_check_NVHPC-debug" classname="post_check_NVHPC-debug" time="0.125786" status="run">
		<properties/>
		<system-out>Ok, skipped: 5 from 50 (NVHPC, debug)
    Unexpected failure: 0/3, wanted: 0
    Unexpected fpe: 0/0, wanted: 0
    Unexpected divide_by_zero_warning: 0/0, wanted: 0
    Unexpected warning: 0/0, wanted: 0
</system-out>
	</testcase>
	<testcase name="post_check_NVHPC-default" classname="post_check_NVHPC-default" time="0.112947" status="run">
		<properties/>
		<system-out>Ok, skipped: 0 from 37 (NVHPC, default)
    Unexpected failure: 0/3, wanted: 0
    Unexpected fpe: 0/0, wanted: 0
    Unexpected divide_by_zero_warning: 0/0, wanted: 0
    Unexpected warning: 0/0, wanted: 0
</system-out>
	</testcase>
	<testcase name="post_check_NVHPC-verbose-cmp" classname="post_check_NVHPC-verbose-cmp" time="0.438405" status="run">
		<properties/>
		<system-out>Ok, skipped: 6 from 177 (NVHPC, verbose)
    Unexpected failure: 0/38, wanted: 0
    Unexpected fpe: 0/0, wanted: 0
    Unexpected divide_by_zero_warning: 0/18, wanted: 0
    Unexpected warning: 0/18, wanted: 0
</system-out>
	</testcase>
	<testcase name="post_check_SunPro-cmp" classname="post_check_SunPro-cmp" time="0.218708" status="run">
		<properties/>
		<system-out>Ok, skipped: 4 from 120 (SunPro, default)
    Unexpected failure: 0/28, wanted: 0
    Unexpected fpe: 0/4, wanted: 0
    Unexpected divide_by_zero_warning: 0/0, wanted: 0
    Unexpected warning: 0/9, wanted: 0
</system-out>
	</testcase>
	<testcase name="post_check_SunPro-debug" classname="post_check_SunPro-debug" time="0.146198" status="run">
		<properties/>
		<system-out>Ok, skipped: 4 from 62 (SunPro, debug)
    Unexpected failure: 0/12, wanted: 0
    Unexpected fpe: 0/0, wanted: 0
    Unexpected divide_by_zero_warning: 0/0, wanted: 0
    Unexpected warning: 0/5, wanted: 0
</system-out>
	</testcase>
	<testcase name="post_check_SunPro-default" classname="post_check_SunPro-default" time="0.12083" status="run">
		<properties/>
		<system-out>Ok, skipped: 0 from 48 (SunPro, default)
    Unexpected failure: 0/12, wanted: 0
    Unexpected fpe: 0/0, wanted: 0
    Unexpected divide_by_zero_warning: 0/0, wanted: 0
    Unexpected warning: 0/4, wanted: 0
</system-out>
	</testcase>
	<testcase name="post_check_SunPro-verbose-cmp" classname="post_check_SunPro-verbose-cmp" time="0.202252" status="run">
		<properties/>
		<system-out>Ok, skipped: 4 from 120 (SunPro, verbose)
    Unexpected failure: 0/28, wanted: 0
    Unexpected fpe: 0/4, wanted: 0
    Unexpected divide_by_zero_warning: 0/0, wanted: 0
    Unexpected warning: 0/7, wanted: 0
</system-out>
	</testcase>
</testsuite>
