<?xml version="1.0" encoding="UTF-8"?>
<testsuite name="(empty)"
	tests="91"
	failures="17"
	disabled="0"
	skipped="21"
	hostname=""
	time="8"
	timestamp="2025-12-01T10:11:13"
	>
	<testcase name="check_vla_struct_n0" classname="check_vla_struct_n0" time="0.172924" status="run">
		<properties>
			<property name="cmake_labels" value="countof_ns;default"/>
		</properties>
		<system-out>Internal cmake changing into directory: /home/parallels/soft/my/countof_ns/build/Linux_clang-14_clang++-14
Change Dir: '/home/parallels/soft/my/countof_ns/build/Linux_clang-14_clang++-14'

Run Build Command(s): /usr/bin/gmake -f Makefile check_vla_struct_n0
[  0%] Built target CounofNS
[100%] Built target check_vla_struct_n0

Running test command: "/home/parallels/soft/my/countof_ns/build/Linux_clang-14_clang++-14/tests/unit/check_vla_struct_n0"
Ok 0 TU_ASSERT_AND_RETURN((0)=0, ...) /home/parallels/soft/my/countof_ns/tests/unit/check_vla_struct_n0.h:check_vla_struct_n0.h:TU_UNIT for countof_ns.h:countof_ns(), C 202000L

</system-out>
	</testcase>
	<testcase name="check_vla_struct_n0_c11" classname="check_vla_struct_n0_c11" time="0.162164" status="run">
		<properties>
			<property name="cmake_labels" value="countof_ns;default"/>
		</properties>
		<system-out>Internal cmake changing into directory: /home/parallels/soft/my/countof_ns/build/Linux_clang-14_clang++-14
Change Dir: '/home/parallels/soft/my/countof_ns/build/Linux_clang-14_clang++-14'

Run Build Command(s): /usr/bin/gmake -f Makefile check_vla_struct_n0_c11
[  0%] Built target CounofNS
[100%] Built target check_vla_struct_n0_c11

Running test command: "/home/parallels/soft/my/countof_ns/build/Linux_clang-14_clang++-14/tests/unit/check_vla_struct_n0_c11"
Ok 0 TU_ASSERT_AND_RETURN((0)=0, ...) /home/parallels/soft/my/countof_ns/tests/unit/check_vla_struct_n0.h:check_vla_struct_n0.h:TU_UNIT for countof_ns.h:countof_ns() with C11&amp;VLA, C 202000L

</system-out>
	</testcase>
	<testcase name="check_vla_zla_n0" classname="check_vla_zla_n0" time="0.165379" status="run">
		<properties>
			<property name="cmake_labels" value="countof_ns;default"/>
		</properties>
		<system-out>Internal cmake changing into directory: /home/parallels/soft/my/countof_ns/build/Linux_clang-14_clang++-14
Change Dir: '/home/parallels/soft/my/countof_ns/build/Linux_clang-14_clang++-14'

Run Build Command(s): /usr/bin/gmake -f Makefile check_vla_zla_n0
[  0%] Built target CounofNS
[100%] Built target check_vla_zla_n0

Running test command: "/home/parallels/soft/my/countof_ns/build/Linux_clang-14_clang++-14/tests/unit/check_vla_zla_n0"
Ok 0 TU_ASSERT_AND_RETURN((0)=0, ...) /home/parallels/soft/my/countof_ns/tests/unit/check_vla_zla_n0.h:check_vla_zla_n0.h:TU_UNIT for countof_ns.h:countof_ns(), C 202000L

</system-out>
	</testcase>
	<testcase name="check_vla_zla_n0_c11" classname="check_vla_zla_n0_c11" time="0.167103" status="run">
		<properties>
			<property name="cmake_labels" value="countof_ns;default"/>
		</properties>
		<system-out>Internal cmake changing into directory: /home/parallels/soft/my/countof_ns/build/Linux_clang-14_clang++-14
Change Dir: '/home/parallels/soft/my/countof_ns/build/Linux_clang-14_clang++-14'

Run Build Command(s): /usr/bin/gmake -f Makefile check_vla_zla_n0_c11
[  0%] Built target CounofNS
[100%] Built target check_vla_zla_n0_c11

Running test command: "/home/parallels/soft/my/countof_ns/build/Linux_clang-14_clang++-14/tests/unit/check_vla_zla_n0_c11"
Ok 0 TU_ASSERT_AND_RETURN((0)=0, ...) /home/parallels/soft/my/countof_ns/tests/unit/check_vla_zla_n0.h:check_vla_zla_n0.h:TU_UNIT for countof_ns.h:countof_ns() with C11&amp;VLA, C 202000L

</system-out>
	</testcase>
	<testcase name="pos__selftest" classname="pos__selftest" time="0.00196717" status="run">
		<properties>
			<property name="cmake_labels" value="countof_ns;default"/>
		</properties>
		<system-out>Ok 1 TU_STATIC_ASSERT_AND_RETURN((1)=1, ...) /home/parallels/soft/my/countof_ns/tests/unit/pos__selftest.h:pos__selftest.h:TU_UNIT for countof_ns.h:countof_ns(), C 202000L
</system-out>
	</testcase>
	<testcase name="pos__selftest_c11" classname="pos__selftest_c11" time="0.00198725" status="run">
		<properties>
			<property name="cmake_labels" value="countof_ns;default"/>
		</properties>
		<system-out>Ok 1 TU_STATIC_ASSERT_AND_RETURN((1)=1, ...) /home/parallels/soft/my/countof_ns/tests/unit/pos__selftest.h:pos__selftest.h:TU_UNIT for countof_ns.h:countof_ns() with C11&amp;VLA, C 202000L
</system-out>
	</testcase>
	<testcase name="pos__selftest_cxx" classname="pos__selftest_cxx" time="0.00279328" status="run">
		<properties>
			<property name="cmake_labels" value="countof_ns;default"/>
		</properties>
		<system-out>Ok 1 TU_STATIC_ASSERT_AND_RETURN((1)=1, ...) /home/parallels/soft/my/countof_ns/tests/unit/pos__selftest.h:pos__selftest.h:TU_UNIT for countof_ns.h:countof_ns(), C++ 202101L
</system-out>
	</testcase>
	<testcase name="pos_array" classname="pos_array" time="0.00192537" status="run">
		<properties>
			<property name="cmake_labels" value="countof_ns;default"/>
		</properties>
		<system-out>Ok 1 TU_STATIC_ASSERT_AND_RETURN((1)=1, ...) /home/parallels/soft/my/countof_ns/tests/unit/pos_array.h:pos_array.h:TU_UNIT for countof_ns.h:countof_ns(), C 202000L
</system-out>
	</testcase>
	<testcase name="pos_array_c11" classname="pos_array_c11" time="0.00190029" status="run">
		<properties>
			<property name="cmake_labels" value="countof_ns;default"/>
		</properties>
		<system-out>Ok 1 TU_STATIC_ASSERT_AND_RETURN((1)=1, ...) /home/parallels/soft/my/countof_ns/tests/unit/pos_array.h:pos_array.h:TU_UNIT for countof_ns.h:countof_ns() with C11&amp;VLA, C 202000L
</system-out>
	</testcase>
	<testcase name="pos_array_cxx" classname="pos_array_cxx" time="0.00233186" status="run">
		<properties>
			<property name="cmake_labels" value="countof_ns;default"/>
		</properties>
		<system-out>Ok 1 TU_STATIC_ASSERT_AND_RETURN((1)=1, ...) /home/parallels/soft/my/countof_ns/tests/unit/pos_array.h:pos_array.h:TU_UNIT for countof_ns.h:countof_ns(), C++ 202101L
</system-out>
	</testcase>
	<testcase name="pos_cv_array" classname="pos_cv_array" time="0.00165559" status="run">
		<properties>
			<property name="cmake_labels" value="countof_ns;default"/>
		</properties>
		<system-out>Ok 1 TU_STATIC_ASSERT_AND_RETURN((1)=1, ...) /home/parallels/soft/my/countof_ns/tests/unit/pos_cv_array.h:pos_cv_array.h:TU_UNIT for countof_ns.h:countof_ns(), C 202000L
</system-out>
	</testcase>
	<testcase name="pos_cv_array_c11" classname="pos_cv_array_c11" time="0.00175454" status="run">
		<properties>
			<property name="cmake_labels" value="countof_ns;default"/>
		</properties>
		<system-out>Ok 1 TU_STATIC_ASSERT_AND_RETURN((1)=1, ...) /home/parallels/soft/my/countof_ns/tests/unit/pos_cv_array.h:pos_cv_array.h:TU_UNIT for countof_ns.h:countof_ns() with C11&amp;VLA, C 202000L
</system-out>
	</testcase>
	<testcase name="pos_cv_array_cxx" classname="pos_cv_array_cxx" time="0.00274246" status="run">
		<properties>
			<property name="cmake_labels" value="countof_ns;default"/>
		</properties>
		<system-out>Ok 1 TU_STATIC_ASSERT_AND_RETURN((1)=1, ...) /home/parallels/soft/my/countof_ns/tests/unit/pos_cv_array.h:pos_cv_array.h:TU_UNIT for countof_ns.h:countof_ns(), C++ 202101L
</system-out>
	</testcase>
	<testcase name="pos_struct_n0" classname="pos_struct_n0" time="0.18802" status="fail">
		<failure message="Failed"/>
		<properties>
			<property name="cmake_labels" value="countof_ns;default"/>
		</properties>
		<system-out>Internal cmake changing into directory: /home/parallels/soft/my/countof_ns/build/Linux_clang-14_clang++-14
Change Dir: '/home/parallels/soft/my/countof_ns/build/Linux_clang-14_clang++-14'

Run Build Command(s): /usr/bin/gmake -f Makefile pos_struct_n0
[  0%] Built target CounofNS
gmake[3]: Предупреждение: время изменения файла «tests/unit/CMakeFiles/pos_struct_n0.dir/compiler_depend.make» находится в будущем (0,23)
[100%] Building C object tests/unit/CMakeFiles/pos_struct_n0.dir/tu_stub.c.o
In file included from /home/parallels/soft/my/countof_ns/tests/unit/tu_stub.c:5:
In file included from /home/parallels/soft/my/countof_ns/tests/unit/tu_stub.h:106:
/home/parallels/soft/my/countof_ns/tests/unit/pos_struct_n0.h:4:36: error: array size is negative
    TU_STATIC_ASSERT_AND_RETURN(1, TU_COUNTOF(a));
    ~~~~~~~~~~~~~~~~~~~~~~~~~~~~~~~^~~~~~~~~~~~~~
/home/parallels/soft/my/countof_ns/tests/unit/tu_stub.h:18:25: note: expanded from macro 'TU_COUNTOF'
#define TU_COUNTOF(a)  (TU_COUNTOF_FUNC(a))
                        ^
&lt;command line&gt;:13:25: note: expanded from here
#define TU_COUNTOF_FUNC countof_ns
                        ^
/home/parallels/soft/my/countof_ns/include/countof_ns.h:98:53: note: expanded from macro 'countof_ns'
    #define countof_ns(a)  (_countof_ns_unsafe(a) + _countof_ns_must_be(a))
                                                    ^
/home/parallels/soft/my/countof_ns/include/countof_ns.h:90:62: note: expanded from macro '_countof_ns_must_be'
        #define _countof_ns_must_be(a) ((size_t)!sizeof(char[_Generic(&amp;(a), \
                                                             ^
/home/parallels/soft/my/countof_ns/tests/unit/tu_stub.h:100:44: note: expanded from macro 'TU_STATIC_ASSERT_AND_RETURN'
            tu_static_assert((desired) == (computed)); \
            ~~~~~~~~~~~~~~~~~~~~~~~~~~~~~~~^~~~~~~~~~
/home/parallels/soft/my/countof_ns/tests/unit/tu_stub.h:48:50: note: expanded from macro 'tu_static_assert'
    #define tu_static_assert(e)  _Static_assert((e), #e)
                                                 ^
In file included from /home/parallels/soft/my/countof_ns/tests/unit/tu_stub.c:5:
In file included from /home/parallels/soft/my/countof_ns/tests/unit/tu_stub.h:106:
/home/parallels/soft/my/countof_ns/tests/unit/pos_struct_n0.h:4:36: error: array size is negative
    TU_STATIC_ASSERT_AND_RETURN(1, TU_COUNTOF(a));
    ~~~~~~~~~~~~~~~~~~~~~~~~~~~~~~~^~~~~~~~~~~~~~
/home/parallels/soft/my/countof_ns/tests/unit/tu_stub.h:18:25: note: expanded from macro 'TU_COUNTOF'
#define TU_COUNTOF(a)  (TU_COUNTOF_FUNC(a))
                        ^
&lt;command line&gt;:13:25: note: expanded from here
#define TU_COUNTOF_FUNC countof_ns
                        ^
/home/parallels/soft/my/countof_ns/include/countof_ns.h:98:53: note: expanded from macro 'countof_ns'
    #define countof_ns(a)  (_countof_ns_unsafe(a) + _countof_ns_must_be(a))
                                                    ^
/home/parallels/soft/my/countof_ns/include/countof_ns.h:90:62: note: expanded from macro '_countof_ns_must_be'
        #define _countof_ns_must_be(a) ((size_t)!sizeof(char[_Generic(&amp;(a), \
                                                             ^
/home/parallels/soft/my/countof_ns/tests/unit/tu_stub.h:102:47: note: expanded from macro 'TU_STATIC_ASSERT_AND_RETURN'
                                  (desired), (computed)); \
                                  ~~~~~~~~~~~~^~~~~~~~~~
/home/parallels/soft/my/countof_ns/tests/unit/tu_stub.h:84:31: note: expanded from macro '_TU_ASSERT_AND_RETURN'
            if ((desired) == (computed)) { \
                              ^~~~~~~~
In file included from /home/parallels/soft/my/countof_ns/tests/unit/tu_stub.c:5:
In file included from /home/parallels/soft/my/countof_ns/tests/unit/tu_stub.h:106:
/home/parallels/soft/my/countof_ns/tests/unit/pos_struct_n0.h:4:36: error: array size is negative
    TU_STATIC_ASSERT_AND_RETURN(1, TU_COUNTOF(a));
    ~~~~~~~~~~~~~~~~~~~~~~~~~~~~~~~^~~~~~~~~~~~~~
/home/parallels/soft/my/countof_ns/tests/unit/tu_stub.h:18:25: note: expanded from macro 'TU_COUNTOF'
#define TU_COUNTOF(a)  (TU_COUNTOF_FUNC(a))
                        ^
&lt;command line&gt;:13:25: note: expanded from here
#define TU_COUNTOF_FUNC countof_ns
                        ^
/home/parallels/soft/my/countof_ns/include/countof_ns.h:98:53: note: expanded from macro 'countof_ns'
    #define countof_ns(a)  (_countof_ns_unsafe(a) + _countof_ns_must_be(a))
                                                    ^
/home/parallels/soft/my/countof_ns/include/countof_ns.h:90:62: note: expanded from macro '_countof_ns_must_be'
        #define _countof_ns_must_be(a) ((size_t)!sizeof(char[_Generic(&amp;(a), \
                                                             ^
/home/parallels/soft/my/countof_ns/tests/unit/tu_stub.h:102:47: note: expanded from macro 'TU_STATIC_ASSERT_AND_RETURN'
                                  (desired), (computed)); \
                                  ~~~~~~~~~~~~^~~~~~~~~~
/home/parallels/soft/my/countof_ns/tests/unit/tu_stub.h:88:25: note: expanded from macro '_TU_ASSERT_AND_RETURN'
                       (computed), (method), (#desired), (size_t)(desired)); \
                        ^~~~~~~~
In file included from /home/parallels/soft/my/countof_ns/tests/unit/tu_stub.c:5:
In file included from /home/parallels/soft/my/countof_ns/tests/unit/tu_stub.h:106:
/home/parallels/soft/my/countof_ns/tests/unit/pos_struct_n0.h:4:36: error: array size is negative
    TU_STATIC_ASSERT_AND_RETURN(1, TU_COUNTOF(a));
    ~~~~~~~~~~~~~~~~~~~~~~~~~~~~~~~^~~~~~~~~~~~~~
/home/parallels/soft/my/countof_ns/tests/unit/tu_stub.h:18:25: note: expanded from macro 'TU_COUNTOF'
#define TU_COUNTOF(a)  (TU_COUNTOF_FUNC(a))
                        ^
&lt;command line&gt;:13:25: note: expanded from here
#define TU_COUNTOF_FUNC countof_ns
                        ^
/home/parallels/soft/my/countof_ns/include/countof_ns.h:98:53: note: expanded from macro 'countof_ns'
    #define countof_ns(a)  (_countof_ns_unsafe(a) + _countof_ns_must_be(a))
                                                    ^
note: (skipping 1 expansions in backtrace; use -fmacro-backtrace-limit=0 to see all)
/home/parallels/soft/my/countof_ns/tests/unit/tu_stub.h:102:47: note: expanded from macro 'TU_STATIC_ASSERT_AND_RETURN'
                                  (desired), (computed)); \
                                  ~~~~~~~~~~~~^~~~~~~~~~
/home/parallels/soft/my/countof_ns/tests/unit/tu_stub.h:92:43: note: expanded from macro '_TU_ASSERT_AND_RETURN'
            TU_FAIL((method), (desired), (computed)); \
            ~~~~~~~~~~~~~~~~~~~~~~~~~~~~~~^~~~~~~~~~
/home/parallels/soft/my/countof_ns/tests/unit/tu_stub.h:69:35: note: expanded from macro 'TU_FAIL'
            if(_TU_TODO_MAGIC != (computed)) { \
                                  ^~~~~~~~
In file included from /home/parallels/soft/my/countof_ns/tests/unit/tu_stub.c:5:
In file included from /home/parallels/soft/my/countof_ns/tests/unit/tu_stub.h:106:
/home/parallels/soft/my/countof_ns/tests/unit/pos_struct_n0.h:4:36: error: array size is negative
    TU_STATIC_ASSERT_AND_RETURN(1, TU_COUNTOF(a));
    ~~~~~~~~~~~~~~~~~~~~~~~~~~~~~~~^~~~~~~~~~~~~~
/home/parallels/soft/my/countof_ns/tests/unit/tu_stub.h:18:25: note: expanded from macro 'TU_COUNTOF'
#define TU_COUNTOF(a)  (TU_COUNTOF_FUNC(a))
                        ^
&lt;command line&gt;:13:25: note: expanded from here
#define TU_COUNTOF_FUNC countof_ns
                        ^
/home/parallels/soft/my/countof_ns/include/countof_ns.h:98:53: note: expanded from macro 'countof_ns'
    #define countof_ns(a)  (_countof_ns_unsafe(a) + _countof_ns_must_be(a))
                                                    ^
note: (skipping 1 expansions in backtrace; use -fmacro-backtrace-limit=0 to see all)
/home/parallels/soft/my/countof_ns/tests/unit/tu_stub.h:102:47: note: expanded from macro 'TU_STATIC_ASSERT_AND_RETURN'
                                  (desired), (computed)); \
                                  ~~~~~~~~~~~~^~~~~~~~~~
/home/parallels/soft/my/countof_ns/tests/unit/tu_stub.h:92:43: note: expanded from macro '_TU_ASSERT_AND_RETURN'
            TU_FAIL((method), (desired), (computed)); \
            ~~~~~~~~~~~~~~~~~~~~~~~~~~~~~~^~~~~~~~~~
/home/parallels/soft/my/countof_ns/tests/unit/tu_stub.h:71:25: note: expanded from macro 'TU_FAIL'
                       (computed), (size_t)(desired), (method), (#desired)); \
                        ^~~~~~~~
In file included from /home/parallels/soft/my/countof_ns/tests/unit/tu_stub.c:5:
In file included from /home/parallels/soft/my/countof_ns/tests/unit/tu_stub.h:106:
/home/parallels/soft/my/countof_ns/tests/unit/pos_struct_n0.h:4:36: error: array size is negative
    TU_STATIC_ASSERT_AND_RETURN(1, TU_COUNTOF(a));
    ~~~~~~~~~~~~~~~~~~~~~~~~~~~~~~~^~~~~~~~~~~~~~
/home/parallels/soft/my/countof_ns/tests/unit/tu_stub.h:18:25: note: expanded from macro 'TU_COUNTOF'
#define TU_COUNTOF(a)  (TU_COUNTOF_FUNC(a))
                        ^
&lt;command line&gt;:13:25: note: expanded from here
#define TU_COUNTOF_FUNC countof_ns
                        ^
/home/parallels/soft/my/countof_ns/include/countof_ns.h:98:53: note: expanded from macro 'countof_ns'
    #define countof_ns(a)  (_countof_ns_unsafe(a) + _countof_ns_must_be(a))
                                                    ^
note: (skipping 1 expansions in backtrace; use -fmacro-backtrace-limit=0 to see all)
/home/parallels/soft/my/countof_ns/tests/unit/tu_stub.h:102:47: note: expanded from macro 'TU_STATIC_ASSERT_AND_RETURN'
                                  (desired), (computed)); \
                                  ~~~~~~~~~~~~^~~~~~~~~~
/home/parallels/soft/my/countof_ns/tests/unit/tu_stub.h:92:43: note: expanded from macro '_TU_ASSERT_AND_RETURN'
            TU_FAIL((method), (desired), (computed)); \
            ~~~~~~~~~~~~~~~~~~~~~~~~~~~~~~^~~~~~~~~~
/home/parallels/soft/my/countof_ns/tests/unit/tu_stub.h:73:27: note: expanded from macro 'TU_FAIL'
                if (0 == (computed)) { \
                          ^~~~~~~~
In file included from /home/parallels/soft/my/countof_ns/tests/unit/tu_stub.c:5:
In file included from /home/parallels/soft/my/countof_ns/tests/unit/tu_stub.h:106:
/home/parallels/soft/my/countof_ns/tests/unit/pos_struct_n0.h:4:36: error: array size is negative
    TU_STATIC_ASSERT_AND_RETURN(1, TU_COUNTOF(a));
    ~~~~~~~~~~~~~~~~~~~~~~~~~~~~~~~^~~~~~~~~~~~~~
/home/parallels/soft/my/countof_ns/tests/unit/tu_stub.h:18:25: note: expanded from macro 'TU_COUNTOF'
#define TU_COUNTOF(a)  (TU_COUNTOF_FUNC(a))
                        ^
&lt;command line&gt;:13:25: note: expanded from here
#define TU_COUNTOF_FUNC countof_ns
                        ^
/home/parallels/soft/my/countof_ns/include/countof_ns.h:98:53: note: expanded from macro 'countof_ns'
    #define countof_ns(a)  (_countof_ns_unsafe(a) + _countof_ns_must_be(a))
                                                    ^
note: (skipping 1 expansions in backtrace; use -fmacro-backtrace-limit=0 to see all)
/home/parallels/soft/my/countof_ns/tests/unit/tu_stub.h:102:47: note: expanded from macro 'TU_STATIC_ASSERT_AND_RETURN'
                                  (desired), (computed)); \
                                  ~~~~~~~~~~~~^~~~~~~~~~
/home/parallels/soft/my/countof_ns/tests/unit/tu_stub.h:92:43: note: expanded from macro '_TU_ASSERT_AND_RETURN'
            TU_FAIL((method), (desired), (computed)); \
            ~~~~~~~~~~~~~~~~~~~~~~~~~~~~~~^~~~~~~~~~
/home/parallels/soft/my/countof_ns/tests/unit/tu_stub.h:75:40: note: expanded from macro 'TU_FAIL'
                } else if ((long long)(computed) &lt;= (long long)(desired)) { \
                                       ^~~~~~~~
7 errors generated.
gmake[3]: *** [tests/unit/CMakeFiles/pos_struct_n0.dir/build.make:79: tests/unit/CMakeFiles/pos_struct_n0.dir/tu_stub.c.o] Ошибка 1
gmake[2]: *** [CMakeFiles/Makefile2:1102: tests/unit/CMakeFiles/pos_struct_n0.dir/all] Ошибка 2
gmake[1]: *** [CMakeFiles/Makefile2:1109: tests/unit/CMakeFiles/pos_struct_n0.dir/rule] Ошибка 2
gmake: *** [Makefile:446: pos_struct_n0] Ошибка 2

</system-out>
	</testcase>
	<testcase name="pos_struct_n0_c11" classname="pos_struct_n0_c11" time="0.190204" status="fail">
		<failure message="Failed"/>
		<properties>
			<property name="cmake_labels" value="countof_ns;default"/>
		</properties>
		<system-out>Internal cmake changing into directory: /home/parallels/soft/my/countof_ns/build/Linux_clang-14_clang++-14
Change Dir: '/home/parallels/soft/my/countof_ns/build/Linux_clang-14_clang++-14'

Run Build Command(s): /usr/bin/gmake -f Makefile pos_struct_n0_c11
[  0%] Built target CounofNS
gmake[3]: Предупреждение: время изменения файла «tests/unit/CMakeFiles/pos_struct_n0_c11.dir/compiler_depend.make» находится в будущем (0,038)
[ 50%] Building C object tests/unit/CMakeFiles/pos_struct_n0_c11.dir/tu_stub.c.o
In file included from /home/parallels/soft/my/countof_ns/tests/unit/tu_stub.c:5:
In file included from /home/parallels/soft/my/countof_ns/tests/unit/tu_stub.h:106:
/home/parallels/soft/my/countof_ns/tests/unit/pos_struct_n0.h:4:36: error: 'typeof (a) **' (aka 'struct (unnamed at /home/parallels/soft/my/countof_ns/tests/unit/pos_struct_n0.h:3:5) (**)[1]') and 'typeof (*(a)) (**)[0]' (aka 'struct (unnamed at /home/parallels/soft/my/countof_ns/tests/unit/pos_struct_n0.h:3:5) (**)[0]') are not pointers to compatible types
    TU_STATIC_ASSERT_AND_RETURN(1, TU_COUNTOF(a));
    ~~~~~~~~~~~~~~~~~~~~~~~~~~~~~~~^~~~~~~~~~~~~~
/home/parallels/soft/my/countof_ns/tests/unit/tu_stub.h:18:25: note: expanded from macro 'TU_COUNTOF'
#define TU_COUNTOF(a)  (TU_COUNTOF_FUNC(a))
                        ^
&lt;command line&gt;:13:25: note: expanded from here
#define TU_COUNTOF_FUNC countof_ns
                        ^
/home/parallels/soft/my/countof_ns/include/countof_ns.h:98:53: note: expanded from macro 'countof_ns'
    #define countof_ns(a)  (_countof_ns_unsafe(a) + _countof_ns_must_be(a))
                                                    ^
/home/parallels/soft/my/countof_ns/include/countof_ns.h:95:52: note: expanded from macro '_countof_ns_must_be'
                    (_countof_ns_typeof(a) **)&amp;(a) - \
                                                   ^
/home/parallels/soft/my/countof_ns/tests/unit/tu_stub.h:100:44: note: expanded from macro 'TU_STATIC_ASSERT_AND_RETURN'
            tu_static_assert((desired) == (computed)); \
            ~~~~~~~~~~~~~~~~~~~~~~~~~~~~~~~^~~~~~~~~~
/home/parallels/soft/my/countof_ns/tests/unit/tu_stub.h:48:50: note: expanded from macro 'tu_static_assert'
    #define tu_static_assert(e)  _Static_assert((e), #e)
                                                 ^
In file included from /home/parallels/soft/my/countof_ns/tests/unit/tu_stub.c:5:
In file included from /home/parallels/soft/my/countof_ns/tests/unit/tu_stub.h:106:
/home/parallels/soft/my/countof_ns/tests/unit/pos_struct_n0.h:4:36: error: 'typeof (a) **' (aka 'struct (unnamed at /home/parallels/soft/my/countof_ns/tests/unit/pos_struct_n0.h:3:5) (**)[1]') and 'typeof (*(a)) (**)[0]' (aka 'struct (unnamed at /home/parallels/soft/my/countof_ns/tests/unit/pos_struct_n0.h:3:5) (**)[0]') are not pointers to compatible types
    TU_STATIC_ASSERT_AND_RETURN(1, TU_COUNTOF(a));
    ~~~~~~~~~~~~~~~~~~~~~~~~~~~~~~~^~~~~~~~~~~~~~
/home/parallels/soft/my/countof_ns/tests/unit/tu_stub.h:18:25: note: expanded from macro 'TU_COUNTOF'
#define TU_COUNTOF(a)  (TU_COUNTOF_FUNC(a))
                        ^
&lt;command line&gt;:13:25: note: expanded from here
#define TU_COUNTOF_FUNC countof_ns
                        ^
/home/parallels/soft/my/countof_ns/include/countof_ns.h:98:53: note: expanded from macro 'countof_ns'
    #define countof_ns(a)  (_countof_ns_unsafe(a) + _countof_ns_must_be(a))
                                                    ^
/home/parallels/soft/my/countof_ns/include/countof_ns.h:95:52: note: expanded from macro '_countof_ns_must_be'
                    (_countof_ns_typeof(a) **)&amp;(a) - \
                                                   ^
/home/parallels/soft/my/countof_ns/tests/unit/tu_stub.h:102:47: note: expanded from macro 'TU_STATIC_ASSERT_AND_RETURN'
                                  (desired), (computed)); \
                                  ~~~~~~~~~~~~^~~~~~~~~~
/home/parallels/soft/my/countof_ns/tests/unit/tu_stub.h:84:31: note: expanded from macro '_TU_ASSERT_AND_RETURN'
            if ((desired) == (computed)) { \
                              ^~~~~~~~
In file included from /home/parallels/soft/my/countof_ns/tests/unit/tu_stub.c:5:
In file included from /home/parallels/soft/my/countof_ns/tests/unit/tu_stub.h:106:
/home/parallels/soft/my/countof_ns/tests/unit/pos_struct_n0.h:4:36: error: 'typeof (a) **' (aka 'struct (unnamed at /home/parallels/soft/my/countof_ns/tests/unit/pos_struct_n0.h:3:5) (**)[1]') and 'typeof (*(a)) (**)[0]' (aka 'struct (unnamed at /home/parallels/soft/my/countof_ns/tests/unit/pos_struct_n0.h:3:5) (**)[0]') are not pointers to compatible types
    TU_STATIC_ASSERT_AND_RETURN(1, TU_COUNTOF(a));
    ~~~~~~~~~~~~~~~~~~~~~~~~~~~~~~~^~~~~~~~~~~~~~
/home/parallels/soft/my/countof_ns/tests/unit/tu_stub.h:18:25: note: expanded from macro 'TU_COUNTOF'
#define TU_COUNTOF(a)  (TU_COUNTOF_FUNC(a))
                        ^
&lt;command line&gt;:13:25: note: expanded from here
#define TU_COUNTOF_FUNC countof_ns
                        ^
/home/parallels/soft/my/countof_ns/include/countof_ns.h:98:53: note: expanded from macro 'countof_ns'
    #define countof_ns(a)  (_countof_ns_unsafe(a) + _countof_ns_must_be(a))
                                                    ^
/home/parallels/soft/my/countof_ns/include/countof_ns.h:95:52: note: expanded from macro '_countof_ns_must_be'
                    (_countof_ns_typeof(a) **)&amp;(a) - \
                                                   ^
/home/parallels/soft/my/countof_ns/tests/unit/tu_stub.h:102:47: note: expanded from macro 'TU_STATIC_ASSERT_AND_RETURN'
                                  (desired), (computed)); \
                                  ~~~~~~~~~~~~^~~~~~~~~~
/home/parallels/soft/my/countof_ns/tests/unit/tu_stub.h:88:25: note: expanded from macro '_TU_ASSERT_AND_RETURN'
                       (computed), (method), (#desired), (size_t)(desired)); \
                        ^~~~~~~~
In file included from /home/parallels/soft/my/countof_ns/tests/unit/tu_stub.c:5:
In file included from /home/parallels/soft/my/countof_ns/tests/unit/tu_stub.h:106:
/home/parallels/soft/my/countof_ns/tests/unit/pos_struct_n0.h:4:36: error: 'typeof (a) **' (aka 'struct (unnamed at /home/parallels/soft/my/countof_ns/tests/unit/pos_struct_n0.h:3:5) (**)[1]') and 'typeof (*(a)) (**)[0]' (aka 'struct (unnamed at /home/parallels/soft/my/countof_ns/tests/unit/pos_struct_n0.h:3:5) (**)[0]') are not pointers to compatible types
    TU_STATIC_ASSERT_AND_RETURN(1, TU_COUNTOF(a));
    ~~~~~~~~~~~~~~~~~~~~~~~~~~~~~~~^~~~~~~~~~~~~~
/home/parallels/soft/my/countof_ns/tests/unit/tu_stub.h:18:25: note: expanded from macro 'TU_COUNTOF'
#define TU_COUNTOF(a)  (TU_COUNTOF_FUNC(a))
                        ^
&lt;command line&gt;:13:25: note: expanded from here
#define TU_COUNTOF_FUNC countof_ns
                        ^
/home/parallels/soft/my/countof_ns/include/countof_ns.h:98:53: note: expanded from macro 'countof_ns'
    #define countof_ns(a)  (_countof_ns_unsafe(a) + _countof_ns_must_be(a))
                                                    ^
note: (skipping 1 expansions in backtrace; use -fmacro-backtrace-limit=0 to see all)
/home/parallels/soft/my/countof_ns/tests/unit/tu_stub.h:102:47: note: expanded from macro 'TU_STATIC_ASSERT_AND_RETURN'
                                  (desired), (computed)); \
                                  ~~~~~~~~~~~~^~~~~~~~~~
/home/parallels/soft/my/countof_ns/tests/unit/tu_stub.h:92:43: note: expanded from macro '_TU_ASSERT_AND_RETURN'
            TU_FAIL((method), (desired), (computed)); \
            ~~~~~~~~~~~~~~~~~~~~~~~~~~~~~~^~~~~~~~~~
/home/parallels/soft/my/countof_ns/tests/unit/tu_stub.h:69:35: note: expanded from macro 'TU_FAIL'
            if(_TU_TODO_MAGIC != (computed)) { \
                                  ^~~~~~~~
In file included from /home/parallels/soft/my/countof_ns/tests/unit/tu_stub.c:5:
In file included from /home/parallels/soft/my/countof_ns/tests/unit/tu_stub.h:106:
/home/parallels/soft/my/countof_ns/tests/unit/pos_struct_n0.h:4:36: error: 'typeof (a) **' (aka 'struct (unnamed at /home/parallels/soft/my/countof_ns/tests/unit/pos_struct_n0.h:3:5) (**)[1]') and 'typeof (*(a)) (**)[0]' (aka 'struct (unnamed at /home/parallels/soft/my/countof_ns/tests/unit/pos_struct_n0.h:3:5) (**)[0]') are not pointers to compatible types
    TU_STATIC_ASSERT_AND_RETURN(1, TU_COUNTOF(a));
    ~~~~~~~~~~~~~~~~~~~~~~~~~~~~~~~^~~~~~~~~~~~~~
/home/parallels/soft/my/countof_ns/tests/unit/tu_stub.h:18:25: note: expanded from macro 'TU_COUNTOF'
#define TU_COUNTOF(a)  (TU_COUNTOF_FUNC(a))
                        ^
&lt;command line&gt;:13:25: note: expanded from here
#define TU_COUNTOF_FUNC countof_ns
                        ^
/home/parallels/soft/my/countof_ns/include/countof_ns.h:98:53: note: expanded from macro 'countof_ns'
    #define countof_ns(a)  (_countof_ns_unsafe(a) + _countof_ns_must_be(a))
                                                    ^
note: (skipping 1 expansions in backtrace; use -fmacro-backtrace-limit=0 to see all)
/home/parallels/soft/my/countof_ns/tests/unit/tu_stub.h:102:47: note: expanded from macro 'TU_STATIC_ASSERT_AND_RETURN'
                                  (desired), (computed)); \
                                  ~~~~~~~~~~~~^~~~~~~~~~
/home/parallels/soft/my/countof_ns/tests/unit/tu_stub.h:92:43: note: expanded from macro '_TU_ASSERT_AND_RETURN'
            TU_FAIL((method), (desired), (computed)); \
            ~~~~~~~~~~~~~~~~~~~~~~~~~~~~~~^~~~~~~~~~
/home/parallels/soft/my/countof_ns/tests/unit/tu_stub.h:71:25: note: expanded from macro 'TU_FAIL'
                       (computed), (size_t)(desired), (method), (#desired)); \
                        ^~~~~~~~
In file included from /home/parallels/soft/my/countof_ns/tests/unit/tu_stub.c:5:
In file included from /home/parallels/soft/my/countof_ns/tests/unit/tu_stub.h:106:
/home/parallels/soft/my/countof_ns/tests/unit/pos_struct_n0.h:4:36: error: 'typeof (a) **' (aka 'struct (unnamed at /home/parallels/soft/my/countof_ns/tests/unit/pos_struct_n0.h:3:5) (**)[1]') and 'typeof (*(a)) (**)[0]' (aka 'struct (unnamed at /home/parallels/soft/my/countof_ns/tests/unit/pos_struct_n0.h:3:5) (**)[0]') are not pointers to compatible types
    TU_STATIC_ASSERT_AND_RETURN(1, TU_COUNTOF(a));
    ~~~~~~~~~~~~~~~~~~~~~~~~~~~~~~~^~~~~~~~~~~~~~
/home/parallels/soft/my/countof_ns/tests/unit/tu_stub.h:18:25: note: expanded from macro 'TU_COUNTOF'
#define TU_COUNTOF(a)  (TU_COUNTOF_FUNC(a))
                        ^
&lt;command line&gt;:13:25: note: expanded from here
#define TU_COUNTOF_FUNC countof_ns
                        ^
/home/parallels/soft/my/countof_ns/include/countof_ns.h:98:53: note: expanded from macro 'countof_ns'
    #define countof_ns(a)  (_countof_ns_unsafe(a) + _countof_ns_must_be(a))
                                                    ^
note: (skipping 1 expansions in backtrace; use -fmacro-backtrace-limit=0 to see all)
/home/parallels/soft/my/countof_ns/tests/unit/tu_stub.h:102:47: note: expanded from macro 'TU_STATIC_ASSERT_AND_RETURN'
                                  (desired), (computed)); \
                                  ~~~~~~~~~~~~^~~~~~~~~~
/home/parallels/soft/my/countof_ns/tests/unit/tu_stub.h:92:43: note: expanded from macro '_TU_ASSERT_AND_RETURN'
            TU_FAIL((method), (desired), (computed)); \
            ~~~~~~~~~~~~~~~~~~~~~~~~~~~~~~^~~~~~~~~~
/home/parallels/soft/my/countof_ns/tests/unit/tu_stub.h:73:27: note: expanded from macro 'TU_FAIL'
                if (0 == (computed)) { \
                          ^~~~~~~~
In file included from /home/parallels/soft/my/countof_ns/tests/unit/tu_stub.c:5:
In file included from /home/parallels/soft/my/countof_ns/tests/unit/tu_stub.h:106:
/home/parallels/soft/my/countof_ns/tests/unit/pos_struct_n0.h:4:36: error: 'typeof (a) **' (aka 'struct (unnamed at /home/parallels/soft/my/countof_ns/tests/unit/pos_struct_n0.h:3:5) (**)[1]') and 'typeof (*(a)) (**)[0]' (aka 'struct (unnamed at /home/parallels/soft/my/countof_ns/tests/unit/pos_struct_n0.h:3:5) (**)[0]') are not pointers to compatible types
    TU_STATIC_ASSERT_AND_RETURN(1, TU_COUNTOF(a));
    ~~~~~~~~~~~~~~~~~~~~~~~~~~~~~~~^~~~~~~~~~~~~~
/home/parallels/soft/my/countof_ns/tests/unit/tu_stub.h:18:25: note: expanded from macro 'TU_COUNTOF'
#define TU_COUNTOF(a)  (TU_COUNTOF_FUNC(a))
                        ^
&lt;command line&gt;:13:25: note: expanded from here
#define TU_COUNTOF_FUNC countof_ns
                        ^
/home/parallels/soft/my/countof_ns/include/countof_ns.h:98:53: note: expanded from macro 'countof_ns'
    #define countof_ns(a)  (_countof_ns_unsafe(a) + _countof_ns_must_be(a))
                                                    ^
note: (skipping 1 expansions in backtrace; use -fmacro-backtrace-limit=0 to see all)
/home/parallels/soft/my/countof_ns/tests/unit/tu_stub.h:102:47: note: expanded from macro 'TU_STATIC_ASSERT_AND_RETURN'
                                  (desired), (computed)); \
                                  ~~~~~~~~~~~~^~~~~~~~~~
/home/parallels/soft/my/countof_ns/tests/unit/tu_stub.h:92:43: note: expanded from macro '_TU_ASSERT_AND_RETURN'
            TU_FAIL((method), (desired), (computed)); \
            ~~~~~~~~~~~~~~~~~~~~~~~~~~~~~~^~~~~~~~~~
/home/parallels/soft/my/countof_ns/tests/unit/tu_stub.h:75:40: note: expanded from macro 'TU_FAIL'
                } else if ((long long)(computed) &lt;= (long long)(desired)) { \
                                       ^~~~~~~~
7 errors generated.
gmake[3]: *** [tests/unit/CMakeFiles/pos_struct_n0_c11.dir/build.make:79: tests/unit/CMakeFiles/pos_struct_n0_c11.dir/tu_stub.c.o] Ошибка 1
gmake[2]: *** [CMakeFiles/Makefile2:1134: tests/unit/CMakeFiles/pos_struct_n0_c11.dir/all] Ошибка 2
gmake[1]: *** [CMakeFiles/Makefile2:1141: tests/unit/CMakeFiles/pos_struct_n0_c11.dir/rule] Ошибка 2
gmake: *** [Makefile:459: pos_struct_n0_c11] Ошибка 2

</system-out>
	</testcase>
	<testcase name="pos_struct_n0_cxx" classname="pos_struct_n0_cxx" time="0.00274929" status="run">
		<properties>
			<property name="cmake_labels" value="countof_ns;default"/>
		</properties>
		<system-out>Ok 1 TU_STATIC_ASSERT_AND_RETURN((1)=1, ...) /home/parallels/soft/my/countof_ns/tests/unit/pos_struct_n0.h:pos_struct_n0.h:TU_UNIT for countof_ns.h:countof_ns(), C++ 202101L
</system-out>
	</testcase>
	<testcase name="pos_struct_zla_00" classname="pos_struct_zla_00" time="0.00194909" status="run">
		<properties>
			<property name="cmake_labels" value="countof_ns;default"/>
		</properties>
		<system-out>Ok 0 TU_STATIC_ASSERT_AND_RETURN((0)=0, ...) /home/parallels/soft/my/countof_ns/tests/unit/pos_struct_zla_00.h:pos_struct_zla_00.h:TU_UNIT for countof_ns.h:countof_ns(), C 202000L
</system-out>
	</testcase>
	<testcase name="pos_struct_zla_00_c11" classname="pos_struct_zla_00_c11" time="0.00213193" status="run">
		<properties>
			<property name="cmake_labels" value="countof_ns;default"/>
		</properties>
		<system-out>Ok 0 TU_STATIC_ASSERT_AND_RETURN((0)=0, ...) /home/parallels/soft/my/countof_ns/tests/unit/pos_struct_zla_00.h:pos_struct_zla_00.h:TU_UNIT for countof_ns.h:countof_ns() with C11&amp;VLA, C 202000L
</system-out>
	</testcase>
	<testcase name="pos_struct_zla_00_cxx" classname="pos_struct_zla_00_cxx" time="0.00291663" status="run">
		<properties>
			<property name="cmake_labels" value="countof_ns;default"/>
		</properties>
		<system-out>Ok 0 TU_STATIC_ASSERT_AND_RETURN((0)=0, ...) /home/parallels/soft/my/countof_ns/tests/unit/pos_struct_zla_00.h:pos_struct_zla_00.h:TU_UNIT for countof_ns.h:countof_ns(), C++ 202101L
</system-out>
	</testcase>
	<testcase name="pos_vla" classname="pos_vla" time="0.19993" status="fail">
		<failure message="Failed"/>
		<properties>
			<property name="cmake_labels" value="countof_ns;default"/>
		</properties>
		<system-out>Internal cmake changing into directory: /home/parallels/soft/my/countof_ns/build/Linux_clang-14_clang++-14
Change Dir: '/home/parallels/soft/my/countof_ns/build/Linux_clang-14_clang++-14'

Run Build Command(s): /usr/bin/gmake -f Makefile pos_vla
[  0%] Built target CounofNS
[  0%] Building C object tests/unit/CMakeFiles/pos_vla.dir/tu_stub.c.o
In file included from /home/parallels/soft/my/countof_ns/tests/unit/tu_stub.c:5:
In file included from /home/parallels/soft/my/countof_ns/tests/unit/tu_stub.h:106:
/home/parallels/soft/my/countof_ns/tests/unit/pos_vla.h:5:30: error: type 'typeof (*(a)) (*)[(!sizeof (*(a)) ? 0 : sizeof (a) / (sizeof (*(a)) ? sizeof (*(a)) : (size_t)-1))]' (aka 'int (*)[(!sizeof (*(a)) ? 0 : sizeof (a) / (sizeof (*(a)) ? sizeof (*(a)) : (size_t)-1))]') in generic association is a variably modified type
    TU_ASSERT_AND_RETURN(d1, TU_COUNTOF(a));
    ~~~~~~~~~~~~~~~~~~~~~~~~~^~~~~~~~~~~~~~
/home/parallels/soft/my/countof_ns/tests/unit/tu_stub.h:18:25: note: expanded from macro 'TU_COUNTOF'
#define TU_COUNTOF(a)  (TU_COUNTOF_FUNC(a))
                        ^
&lt;command line&gt;:13:25: note: expanded from here
#define TU_COUNTOF_FUNC countof_ns
                        ^
/home/parallels/soft/my/countof_ns/include/countof_ns.h:98:53: note: expanded from macro 'countof_ns'
    #define countof_ns(a)  (_countof_ns_unsafe(a) + _countof_ns_must_be(a))
                                                    ^
note: (skipping 1 expansions in backtrace; use -fmacro-backtrace-limit=0 to see all)
/home/parallels/soft/my/countof_ns/include/countof_ns.h:72:40: note: expanded from macro '_countof_ns_typeof'
        #define _countof_ns_typeof(t)  __typeof__(t)
                                       ^
/home/parallels/soft/my/countof_ns/tests/unit/tu_stub.h:97:71: note: expanded from macro 'TU_ASSERT_AND_RETURN'
            _TU_ASSERT_AND_RETURN("TU_ASSERT_AND_RETURN", (desired), (computed))
            ~~~~~~~~~~~~~~~~~~~~~~~~~~~~~~~~~~~~~~~~~~~~~~~~~~~~~~~~~~^~~~~~~~~~
/home/parallels/soft/my/countof_ns/tests/unit/tu_stub.h:84:31: note: expanded from macro '_TU_ASSERT_AND_RETURN'
            if ((desired) == (computed)) { \
                              ^~~~~~~~
In file included from /home/parallels/soft/my/countof_ns/tests/unit/tu_stub.c:5:
In file included from /home/parallels/soft/my/countof_ns/tests/unit/tu_stub.h:106:
/home/parallels/soft/my/countof_ns/tests/unit/pos_vla.h:5:30: error: type 'typeof (*(a)) (*)[(!sizeof (*(a)) ? 0 : sizeof (a) / (sizeof (*(a)) ? sizeof (*(a)) : (size_t)-1))]' (aka 'int (*)[(!sizeof (*(a)) ? 0 : sizeof (a) / (sizeof (*(a)) ? sizeof (*(a)) : (size_t)-1))]') in generic association is a variably modified type
    TU_ASSERT_AND_RETURN(d1, TU_COUNTOF(a));
    ~~~~~~~~~~~~~~~~~~~~~~~~~^~~~~~~~~~~~~~
/home/parallels/soft/my/countof_ns/tests/unit/tu_stub.h:18:25: note: expanded from macro 'TU_COUNTOF'
#define TU_COUNTOF(a)  (TU_COUNTOF_FUNC(a))
                        ^
&lt;command line&gt;:13:25: note: expanded from here
#define TU_COUNTOF_FUNC countof_ns
                        ^
/home/parallels/soft/my/countof_ns/include/countof_ns.h:98:53: note: expanded from macro 'countof_ns'
    #define countof_ns(a)  (_countof_ns_unsafe(a) + _countof_ns_must_be(a))
                                                    ^
note: (skipping 1 expansions in backtrace; use -fmacro-backtrace-limit=0 to see all)
/home/parallels/soft/my/countof_ns/include/countof_ns.h:72:40: note: expanded from macro '_countof_ns_typeof'
        #define _countof_ns_typeof(t)  __typeof__(t)
                                       ^
/home/parallels/soft/my/countof_ns/tests/unit/tu_stub.h:97:71: note: expanded from macro 'TU_ASSERT_AND_RETURN'
            _TU_ASSERT_AND_RETURN("TU_ASSERT_AND_RETURN", (desired), (computed))
            ~~~~~~~~~~~~~~~~~~~~~~~~~~~~~~~~~~~~~~~~~~~~~~~~~~~~~~~~~~^~~~~~~~~~
/home/parallels/soft/my/countof_ns/tests/unit/tu_stub.h:88:25: note: expanded from macro '_TU_ASSERT_AND_RETURN'
                       (computed), (method), (#desired), (size_t)(desired)); \
                        ^~~~~~~~
In file included from /home/parallels/soft/my/countof_ns/tests/unit/tu_stub.c:5:
In file included from /home/parallels/soft/my/countof_ns/tests/unit/tu_stub.h:106:
/home/parallels/soft/my/countof_ns/tests/unit/pos_vla.h:5:30: error: type 'typeof (*(a)) (*)[(!sizeof (*(a)) ? 0 : sizeof (a) / (sizeof (*(a)) ? sizeof (*(a)) : (size_t)-1))]' (aka 'int (*)[(!sizeof (*(a)) ? 0 : sizeof (a) / (sizeof (*(a)) ? sizeof (*(a)) : (size_t)-1))]') in generic association is a variably modified type
    TU_ASSERT_AND_RETURN(d1, TU_COUNTOF(a));
    ~~~~~~~~~~~~~~~~~~~~~~~~~^~~~~~~~~~~~~~
/home/parallels/soft/my/countof_ns/tests/unit/tu_stub.h:18:25: note: expanded from macro 'TU_COUNTOF'
#define TU_COUNTOF(a)  (TU_COUNTOF_FUNC(a))
                        ^
&lt;command line&gt;:13:25: note: expanded from here
#define TU_COUNTOF_FUNC countof_ns
                        ^
/home/parallels/soft/my/countof_ns/include/countof_ns.h:98:53: note: expanded from macro 'countof_ns'
    #define countof_ns(a)  (_countof_ns_unsafe(a) + _countof_ns_must_be(a))
                                                    ^
note: (skipping 2 expansions in backtrace; use -fmacro-backtrace-limit=0 to see all)
/home/parallels/soft/my/countof_ns/tests/unit/tu_stub.h:97:71: note: expanded from macro 'TU_ASSERT_AND_RETURN'
            _TU_ASSERT_AND_RETURN("TU_ASSERT_AND_RETURN", (desired), (computed))
            ~~~~~~~~~~~~~~~~~~~~~~~~~~~~~~~~~~~~~~~~~~~~~~~~~~~~~~~~~~^~~~~~~~~~
/home/parallels/soft/my/countof_ns/tests/unit/tu_stub.h:92:43: note: expanded from macro '_TU_ASSERT_AND_RETURN'
            TU_FAIL((method), (desired), (computed)); \
            ~~~~~~~~~~~~~~~~~~~~~~~~~~~~~~^~~~~~~~~~
/home/parallels/soft/my/countof_ns/tests/unit/tu_stub.h:69:35: note: expanded from macro 'TU_FAIL'
            if(_TU_TODO_MAGIC != (computed)) { \
                                  ^~~~~~~~
In file included from /home/parallels/soft/my/countof_ns/tests/unit/tu_stub.c:5:
In file included from /home/parallels/soft/my/countof_ns/tests/unit/tu_stub.h:106:
/home/parallels/soft/my/countof_ns/tests/unit/pos_vla.h:5:30: error: type 'typeof (*(a)) (*)[(!sizeof (*(a)) ? 0 : sizeof (a) / (sizeof (*(a)) ? sizeof (*(a)) : (size_t)-1))]' (aka 'int (*)[(!sizeof (*(a)) ? 0 : sizeof (a) / (sizeof (*(a)) ? sizeof (*(a)) : (size_t)-1))]') in generic association is a variably modified type
    TU_ASSERT_AND_RETURN(d1, TU_COUNTOF(a));
    ~~~~~~~~~~~~~~~~~~~~~~~~~^~~~~~~~~~~~~~
/home/parallels/soft/my/countof_ns/tests/unit/tu_stub.h:18:25: note: expanded from macro 'TU_COUNTOF'
#define TU_COUNTOF(a)  (TU_COUNTOF_FUNC(a))
                        ^
&lt;command line&gt;:13:25: note: expanded from here
#define TU_COUNTOF_FUNC countof_ns
                        ^
/home/parallels/soft/my/countof_ns/include/countof_ns.h:98:53: note: expanded from macro 'countof_ns'
    #define countof_ns(a)  (_countof_ns_unsafe(a) + _countof_ns_must_be(a))
                                                    ^
note: (skipping 2 expansions in backtrace; use -fmacro-backtrace-limit=0 to see all)
/home/parallels/soft/my/countof_ns/tests/unit/tu_stub.h:97:71: note: expanded from macro 'TU_ASSERT_AND_RETURN'
            _TU_ASSERT_AND_RETURN("TU_ASSERT_AND_RETURN", (desired), (computed))
            ~~~~~~~~~~~~~~~~~~~~~~~~~~~~~~~~~~~~~~~~~~~~~~~~~~~~~~~~~~^~~~~~~~~~
/home/parallels/soft/my/countof_ns/tests/unit/tu_stub.h:92:43: note: expanded from macro '_TU_ASSERT_AND_RETURN'
            TU_FAIL((method), (desired), (computed)); \
            ~~~~~~~~~~~~~~~~~~~~~~~~~~~~~~^~~~~~~~~~
/home/parallels/soft/my/countof_ns/tests/unit/tu_stub.h:71:25: note: expanded from macro 'TU_FAIL'
                       (computed), (size_t)(desired), (method), (#desired)); \
                        ^~~~~~~~
In file included from /home/parallels/soft/my/countof_ns/tests/unit/tu_stub.c:5:
In file included from /home/parallels/soft/my/countof_ns/tests/unit/tu_stub.h:106:
/home/parallels/soft/my/countof_ns/tests/unit/pos_vla.h:5:30: error: type 'typeof (*(a)) (*)[(!sizeof (*(a)) ? 0 : sizeof (a) / (sizeof (*(a)) ? sizeof (*(a)) : (size_t)-1))]' (aka 'int (*)[(!sizeof (*(a)) ? 0 : sizeof (a) / (sizeof (*(a)) ? sizeof (*(a)) : (size_t)-1))]') in generic association is a variably modified type
    TU_ASSERT_AND_RETURN(d1, TU_COUNTOF(a));
    ~~~~~~~~~~~~~~~~~~~~~~~~~^~~~~~~~~~~~~~
/home/parallels/soft/my/countof_ns/tests/unit/tu_stub.h:18:25: note: expanded from macro 'TU_COUNTOF'
#define TU_COUNTOF(a)  (TU_COUNTOF_FUNC(a))
                        ^
&lt;command line&gt;:13:25: note: expanded from here
#define TU_COUNTOF_FUNC countof_ns
                        ^
/home/parallels/soft/my/countof_ns/include/countof_ns.h:98:53: note: expanded from macro 'countof_ns'
    #define countof_ns(a)  (_countof_ns_unsafe(a) + _countof_ns_must_be(a))
                                                    ^
note: (skipping 2 expansions in backtrace; use -fmacro-backtrace-limit=0 to see all)
/home/parallels/soft/my/countof_ns/tests/unit/tu_stub.h:97:71: note: expanded from macro 'TU_ASSERT_AND_RETURN'
            _TU_ASSERT_AND_RETURN("TU_ASSERT_AND_RETURN", (desired), (computed))
            ~~~~~~~~~~~~~~~~~~~~~~~~~~~~~~~~~~~~~~~~~~~~~~~~~~~~~~~~~~^~~~~~~~~~
/home/parallels/soft/my/countof_ns/tests/unit/tu_stub.h:92:43: note: expanded from macro '_TU_ASSERT_AND_RETURN'
            TU_FAIL((method), (desired), (computed)); \
            ~~~~~~~~~~~~~~~~~~~~~~~~~~~~~~^~~~~~~~~~
/home/parallels/soft/my/countof_ns/tests/unit/tu_stub.h:73:27: note: expanded from macro 'TU_FAIL'
                if (0 == (computed)) { \
                          ^~~~~~~~
In file included from /home/parallels/soft/my/countof_ns/tests/unit/tu_stub.c:5:
In file included from /home/parallels/soft/my/countof_ns/tests/unit/tu_stub.h:106:
/home/parallels/soft/my/countof_ns/tests/unit/pos_vla.h:5:30: error: type 'typeof (*(a)) (*)[(!sizeof (*(a)) ? 0 : sizeof (a) / (sizeof (*(a)) ? sizeof (*(a)) : (size_t)-1))]' (aka 'int (*)[(!sizeof (*(a)) ? 0 : sizeof (a) / (sizeof (*(a)) ? sizeof (*(a)) : (size_t)-1))]') in generic association is a variably modified type
    TU_ASSERT_AND_RETURN(d1, TU_COUNTOF(a));
    ~~~~~~~~~~~~~~~~~~~~~~~~~^~~~~~~~~~~~~~
/home/parallels/soft/my/countof_ns/tests/unit/tu_stub.h:18:25: note: expanded from macro 'TU_COUNTOF'
#define TU_COUNTOF(a)  (TU_COUNTOF_FUNC(a))
                        ^
&lt;command line&gt;:13:25: note: expanded from here
#define TU_COUNTOF_FUNC countof_ns
                        ^
/home/parallels/soft/my/countof_ns/include/countof_ns.h:98:53: note: expanded from macro 'countof_ns'
    #define countof_ns(a)  (_countof_ns_unsafe(a) + _countof_ns_must_be(a))
                                                    ^
note: (skipping 2 expansions in backtrace; use -fmacro-backtrace-limit=0 to see all)
/home/parallels/soft/my/countof_ns/tests/unit/tu_stub.h:97:71: note: expanded from macro 'TU_ASSERT_AND_RETURN'
            _TU_ASSERT_AND_RETURN("TU_ASSERT_AND_RETURN", (desired), (computed))
            ~~~~~~~~~~~~~~~~~~~~~~~~~~~~~~~~~~~~~~~~~~~~~~~~~~~~~~~~~~^~~~~~~~~~
/home/parallels/soft/my/countof_ns/tests/unit/tu_stub.h:92:43: note: expanded from macro '_TU_ASSERT_AND_RETURN'
            TU_FAIL((method), (desired), (computed)); \
            ~~~~~~~~~~~~~~~~~~~~~~~~~~~~~~^~~~~~~~~~
/home/parallels/soft/my/countof_ns/tests/unit/tu_stub.h:75:40: note: expanded from macro 'TU_FAIL'
                } else if ((long long)(computed) &lt;= (long long)(desired)) { \
                                       ^~~~~~~~
6 errors generated.
gmake[3]: *** [tests/unit/CMakeFiles/pos_vla.dir/build.make:79: tests/unit/CMakeFiles/pos_vla.dir/tu_stub.c.o] Ошибка 1
gmake[2]: *** [CMakeFiles/Makefile2:1294: tests/unit/CMakeFiles/pos_vla.dir/all] Ошибка 2
gmake[1]: *** [CMakeFiles/Makefile2:1301: tests/unit/CMakeFiles/pos_vla.dir/rule] Ошибка 2
gmake: *** [Makefile:524: pos_vla] Ошибка 2

</system-out>
	</testcase>
	<testcase name="pos_vla_c11" classname="pos_vla_c11" time="0.00211954" status="run">
		<properties>
			<property name="cmake_labels" value="countof_ns;default"/>
		</properties>
		<system-out>Ok 1 TU_ASSERT_AND_RETURN((d1)=1, ...) /home/parallels/soft/my/countof_ns/tests/unit/pos_vla.h:pos_vla.h:TU_UNIT for countof_ns.h:countof_ns() with C11&amp;VLA, C 202000L
</system-out>
	</testcase>
	<testcase name="pos_vla_00" classname="pos_vla_00" time="0.194566" status="fail">
		<failure message="Failed"/>
		<properties>
			<property name="cmake_labels" value="countof_ns;default"/>
		</properties>
		<system-out>Internal cmake changing into directory: /home/parallels/soft/my/countof_ns/build/Linux_clang-14_clang++-14
Change Dir: '/home/parallels/soft/my/countof_ns/build/Linux_clang-14_clang++-14'

Run Build Command(s): /usr/bin/gmake -f Makefile pos_vla_00
[  0%] Built target CounofNS
[100%] Building C object tests/unit/CMakeFiles/pos_vla_00.dir/tu_stub.c.o
In file included from /home/parallels/soft/my/countof_ns/tests/unit/tu_stub.c:5:
In file included from /home/parallels/soft/my/countof_ns/tests/unit/tu_stub.h:106:
/home/parallels/soft/my/countof_ns/tests/unit/pos_vla_00.h:5:30: error: type 'typeof (*(b)) (*)[(!sizeof (*(b)) ? 0 : sizeof (b) / (sizeof (*(b)) ? sizeof (*(b)) : (size_t)-1))]' (aka 'int (*)[(!sizeof (*(b)) ? 0 : sizeof (b) / (sizeof (*(b)) ? sizeof (*(b)) : (size_t)-1))][d0]') in generic association is a variably modified type
    TU_ASSERT_AND_RETURN(d0, TU_COUNTOF(b));
    ~~~~~~~~~~~~~~~~~~~~~~~~~^~~~~~~~~~~~~~
/home/parallels/soft/my/countof_ns/tests/unit/tu_stub.h:18:25: note: expanded from macro 'TU_COUNTOF'
#define TU_COUNTOF(a)  (TU_COUNTOF_FUNC(a))
                        ^
&lt;command line&gt;:13:25: note: expanded from here
#define TU_COUNTOF_FUNC countof_ns
                        ^
/home/parallels/soft/my/countof_ns/include/countof_ns.h:98:53: note: expanded from macro 'countof_ns'
    #define countof_ns(a)  (_countof_ns_unsafe(a) + _countof_ns_must_be(a))
                                                    ^
note: (skipping 1 expansions in backtrace; use -fmacro-backtrace-limit=0 to see all)
/home/parallels/soft/my/countof_ns/include/countof_ns.h:72:40: note: expanded from macro '_countof_ns_typeof'
        #define _countof_ns_typeof(t)  __typeof__(t)
                                       ^
/home/parallels/soft/my/countof_ns/tests/unit/tu_stub.h:97:71: note: expanded from macro 'TU_ASSERT_AND_RETURN'
            _TU_ASSERT_AND_RETURN("TU_ASSERT_AND_RETURN", (desired), (computed))
            ~~~~~~~~~~~~~~~~~~~~~~~~~~~~~~~~~~~~~~~~~~~~~~~~~~~~~~~~~~^~~~~~~~~~
/home/parallels/soft/my/countof_ns/tests/unit/tu_stub.h:84:31: note: expanded from macro '_TU_ASSERT_AND_RETURN'
            if ((desired) == (computed)) { \
                              ^~~~~~~~
In file included from /home/parallels/soft/my/countof_ns/tests/unit/tu_stub.c:5:
In file included from /home/parallels/soft/my/countof_ns/tests/unit/tu_stub.h:106:
/home/parallels/soft/my/countof_ns/tests/unit/pos_vla_00.h:5:30: error: type 'typeof (*(b)) (*)[(!sizeof (*(b)) ? 0 : sizeof (b) / (sizeof (*(b)) ? sizeof (*(b)) : (size_t)-1))]' (aka 'int (*)[(!sizeof (*(b)) ? 0 : sizeof (b) / (sizeof (*(b)) ? sizeof (*(b)) : (size_t)-1))][d0]') in generic association is a variably modified type
    TU_ASSERT_AND_RETURN(d0, TU_COUNTOF(b));
    ~~~~~~~~~~~~~~~~~~~~~~~~~^~~~~~~~~~~~~~
/home/parallels/soft/my/countof_ns/tests/unit/tu_stub.h:18:25: note: expanded from macro 'TU_COUNTOF'
#define TU_COUNTOF(a)  (TU_COUNTOF_FUNC(a))
                        ^
&lt;command line&gt;:13:25: note: expanded from here
#define TU_COUNTOF_FUNC countof_ns
                        ^
/home/parallels/soft/my/countof_ns/include/countof_ns.h:98:53: note: expanded from macro 'countof_ns'
    #define countof_ns(a)  (_countof_ns_unsafe(a) + _countof_ns_must_be(a))
                                                    ^
note: (skipping 1 expansions in backtrace; use -fmacro-backtrace-limit=0 to see all)
/home/parallels/soft/my/countof_ns/include/countof_ns.h:72:40: note: expanded from macro '_countof_ns_typeof'
        #define _countof_ns_typeof(t)  __typeof__(t)
                                       ^
/home/parallels/soft/my/countof_ns/tests/unit/tu_stub.h:97:71: note: expanded from macro 'TU_ASSERT_AND_RETURN'
            _TU_ASSERT_AND_RETURN("TU_ASSERT_AND_RETURN", (desired), (computed))
            ~~~~~~~~~~~~~~~~~~~~~~~~~~~~~~~~~~~~~~~~~~~~~~~~~~~~~~~~~~^~~~~~~~~~
/home/parallels/soft/my/countof_ns/tests/unit/tu_stub.h:88:25: note: expanded from macro '_TU_ASSERT_AND_RETURN'
                       (computed), (method), (#desired), (size_t)(desired)); \
                        ^~~~~~~~
In file included from /home/parallels/soft/my/countof_ns/tests/unit/tu_stub.c:5:
In file included from /home/parallels/soft/my/countof_ns/tests/unit/tu_stub.h:106:
/home/parallels/soft/my/countof_ns/tests/unit/pos_vla_00.h:5:30: error: type 'typeof (*(b)) (*)[(!sizeof (*(b)) ? 0 : sizeof (b) / (sizeof (*(b)) ? sizeof (*(b)) : (size_t)-1))]' (aka 'int (*)[(!sizeof (*(b)) ? 0 : sizeof (b) / (sizeof (*(b)) ? sizeof (*(b)) : (size_t)-1))][d0]') in generic association is a variably modified type
    TU_ASSERT_AND_RETURN(d0, TU_COUNTOF(b));
    ~~~~~~~~~~~~~~~~~~~~~~~~~^~~~~~~~~~~~~~
/home/parallels/soft/my/countof_ns/tests/unit/tu_stub.h:18:25: note: expanded from macro 'TU_COUNTOF'
#define TU_COUNTOF(a)  (TU_COUNTOF_FUNC(a))
                        ^
&lt;command line&gt;:13:25: note: expanded from here
#define TU_COUNTOF_FUNC countof_ns
                        ^
/home/parallels/soft/my/countof_ns/include/countof_ns.h:98:53: note: expanded from macro 'countof_ns'
    #define countof_ns(a)  (_countof_ns_unsafe(a) + _countof_ns_must_be(a))
                                                    ^
note: (skipping 2 expansions in backtrace; use -fmacro-backtrace-limit=0 to see all)
/home/parallels/soft/my/countof_ns/tests/unit/tu_stub.h:97:71: note: expanded from macro 'TU_ASSERT_AND_RETURN'
            _TU_ASSERT_AND_RETURN("TU_ASSERT_AND_RETURN", (desired), (computed))
            ~~~~~~~~~~~~~~~~~~~~~~~~~~~~~~~~~~~~~~~~~~~~~~~~~~~~~~~~~~^~~~~~~~~~
/home/parallels/soft/my/countof_ns/tests/unit/tu_stub.h:92:43: note: expanded from macro '_TU_ASSERT_AND_RETURN'
            TU_FAIL((method), (desired), (computed)); \
            ~~~~~~~~~~~~~~~~~~~~~~~~~~~~~~^~~~~~~~~~
/home/parallels/soft/my/countof_ns/tests/unit/tu_stub.h:69:35: note: expanded from macro 'TU_FAIL'
            if(_TU_TODO_MAGIC != (computed)) { \
                                  ^~~~~~~~
In file included from /home/parallels/soft/my/countof_ns/tests/unit/tu_stub.c:5:
In file included from /home/parallels/soft/my/countof_ns/tests/unit/tu_stub.h:106:
/home/parallels/soft/my/countof_ns/tests/unit/pos_vla_00.h:5:30: error: type 'typeof (*(b)) (*)[(!sizeof (*(b)) ? 0 : sizeof (b) / (sizeof (*(b)) ? sizeof (*(b)) : (size_t)-1))]' (aka 'int (*)[(!sizeof (*(b)) ? 0 : sizeof (b) / (sizeof (*(b)) ? sizeof (*(b)) : (size_t)-1))][d0]') in generic association is a variably modified type
    TU_ASSERT_AND_RETURN(d0, TU_COUNTOF(b));
    ~~~~~~~~~~~~~~~~~~~~~~~~~^~~~~~~~~~~~~~
/home/parallels/soft/my/countof_ns/tests/unit/tu_stub.h:18:25: note: expanded from macro 'TU_COUNTOF'
#define TU_COUNTOF(a)  (TU_COUNTOF_FUNC(a))
                        ^
&lt;command line&gt;:13:25: note: expanded from here
#define TU_COUNTOF_FUNC countof_ns
                        ^
/home/parallels/soft/my/countof_ns/include/countof_ns.h:98:53: note: expanded from macro 'countof_ns'
    #define countof_ns(a)  (_countof_ns_unsafe(a) + _countof_ns_must_be(a))
                                                    ^
note: (skipping 2 expansions in backtrace; use -fmacro-backtrace-limit=0 to see all)
/home/parallels/soft/my/countof_ns/tests/unit/tu_stub.h:97:71: note: expanded from macro 'TU_ASSERT_AND_RETURN'
            _TU_ASSERT_AND_RETURN("TU_ASSERT_AND_RETURN", (desired), (computed))
            ~~~~~~~~~~~~~~~~~~~~~~~~~~~~~~~~~~~~~~~~~~~~~~~~~~~~~~~~~~^~~~~~~~~~
/home/parallels/soft/my/countof_ns/tests/unit/tu_stub.h:92:43: note: expanded from macro '_TU_ASSERT_AND_RETURN'
            TU_FAIL((method), (desired), (computed)); \
            ~~~~~~~~~~~~~~~~~~~~~~~~~~~~~~^~~~~~~~~~
/home/parallels/soft/my/countof_ns/tests/unit/tu_stub.h:71:25: note: expanded from macro 'TU_FAIL'
                       (computed), (size_t)(desired), (method), (#desired)); \
                        ^~~~~~~~
In file included from /home/parallels/soft/my/countof_ns/tests/unit/tu_stub.c:5:
In file included from /home/parallels/soft/my/countof_ns/tests/unit/tu_stub.h:106:
/home/parallels/soft/my/countof_ns/tests/unit/pos_vla_00.h:5:30: error: type 'typeof (*(b)) (*)[(!sizeof (*(b)) ? 0 : sizeof (b) / (sizeof (*(b)) ? sizeof (*(b)) : (size_t)-1))]' (aka 'int (*)[(!sizeof (*(b)) ? 0 : sizeof (b) / (sizeof (*(b)) ? sizeof (*(b)) : (size_t)-1))][d0]') in generic association is a variably modified type
    TU_ASSERT_AND_RETURN(d0, TU_COUNTOF(b));
    ~~~~~~~~~~~~~~~~~~~~~~~~~^~~~~~~~~~~~~~
/home/parallels/soft/my/countof_ns/tests/unit/tu_stub.h:18:25: note: expanded from macro 'TU_COUNTOF'
#define TU_COUNTOF(a)  (TU_COUNTOF_FUNC(a))
                        ^
&lt;command line&gt;:13:25: note: expanded from here
#define TU_COUNTOF_FUNC countof_ns
                        ^
/home/parallels/soft/my/countof_ns/include/countof_ns.h:98:53: note: expanded from macro 'countof_ns'
    #define countof_ns(a)  (_countof_ns_unsafe(a) + _countof_ns_must_be(a))
                                                    ^
note: (skipping 2 expansions in backtrace; use -fmacro-backtrace-limit=0 to see all)
/home/parallels/soft/my/countof_ns/tests/unit/tu_stub.h:97:71: note: expanded from macro 'TU_ASSERT_AND_RETURN'
            _TU_ASSERT_AND_RETURN("TU_ASSERT_AND_RETURN", (desired), (computed))
            ~~~~~~~~~~~~~~~~~~~~~~~~~~~~~~~~~~~~~~~~~~~~~~~~~~~~~~~~~~^~~~~~~~~~
/home/parallels/soft/my/countof_ns/tests/unit/tu_stub.h:92:43: note: expanded from macro '_TU_ASSERT_AND_RETURN'
            TU_FAIL((method), (desired), (computed)); \
            ~~~~~~~~~~~~~~~~~~~~~~~~~~~~~~^~~~~~~~~~
/home/parallels/soft/my/countof_ns/tests/unit/tu_stub.h:73:27: note: expanded from macro 'TU_FAIL'
                if (0 == (computed)) { \
                          ^~~~~~~~
In file included from /home/parallels/soft/my/countof_ns/tests/unit/tu_stub.c:5:
In file included from /home/parallels/soft/my/countof_ns/tests/unit/tu_stub.h:106:
/home/parallels/soft/my/countof_ns/tests/unit/pos_vla_00.h:5:30: error: type 'typeof (*(b)) (*)[(!sizeof (*(b)) ? 0 : sizeof (b) / (sizeof (*(b)) ? sizeof (*(b)) : (size_t)-1))]' (aka 'int (*)[(!sizeof (*(b)) ? 0 : sizeof (b) / (sizeof (*(b)) ? sizeof (*(b)) : (size_t)-1))][d0]') in generic association is a variably modified type
    TU_ASSERT_AND_RETURN(d0, TU_COUNTOF(b));
    ~~~~~~~~~~~~~~~~~~~~~~~~~^~~~~~~~~~~~~~
/home/parallels/soft/my/countof_ns/tests/unit/tu_stub.h:18:25: note: expanded from macro 'TU_COUNTOF'
#define TU_COUNTOF(a)  (TU_COUNTOF_FUNC(a))
                        ^
&lt;command line&gt;:13:25: note: expanded from here
#define TU_COUNTOF_FUNC countof_ns
                        ^
/home/parallels/soft/my/countof_ns/include/countof_ns.h:98:53: note: expanded from macro 'countof_ns'
    #define countof_ns(a)  (_countof_ns_unsafe(a) + _countof_ns_must_be(a))
                                                    ^
note: (skipping 2 expansions in backtrace; use -fmacro-backtrace-limit=0 to see all)
/home/parallels/soft/my/countof_ns/tests/unit/tu_stub.h:97:71: note: expanded from macro 'TU_ASSERT_AND_RETURN'
            _TU_ASSERT_AND_RETURN("TU_ASSERT_AND_RETURN", (desired), (computed))
            ~~~~~~~~~~~~~~~~~~~~~~~~~~~~~~~~~~~~~~~~~~~~~~~~~~~~~~~~~~^~~~~~~~~~
/home/parallels/soft/my/countof_ns/tests/unit/tu_stub.h:92:43: note: expanded from macro '_TU_ASSERT_AND_RETURN'
            TU_FAIL((method), (desired), (computed)); \
            ~~~~~~~~~~~~~~~~~~~~~~~~~~~~~~^~~~~~~~~~
/home/parallels/soft/my/countof_ns/tests/unit/tu_stub.h:75:40: note: expanded from macro 'TU_FAIL'
                } else if ((long long)(computed) &lt;= (long long)(desired)) { \
                                       ^~~~~~~~
6 errors generated.
gmake[3]: *** [tests/unit/CMakeFiles/pos_vla_00.dir/build.make:79: tests/unit/CMakeFiles/pos_vla_00.dir/tu_stub.c.o] Ошибка 1
gmake[2]: *** [CMakeFiles/Makefile2:1358: tests/unit/CMakeFiles/pos_vla_00.dir/all] Ошибка 2
gmake[1]: *** [CMakeFiles/Makefile2:1365: tests/unit/CMakeFiles/pos_vla_00.dir/rule] Ошибка 2
gmake: *** [Makefile:550: pos_vla_00] Ошибка 2

</system-out>
	</testcase>
	<testcase name="pos_vla_00_c11" classname="pos_vla_00_c11" time="0.0023165" status="run">
		<properties>
			<property name="cmake_labels" value="countof_ns;default"/>
		</properties>
		<system-out>Ok 0 TU_ASSERT_AND_RETURN((d0)=0, ...) /home/parallels/soft/my/countof_ns/tests/unit/pos_vla_00.h:pos_vla_00.h:TU_UNIT for countof_ns.h:countof_ns() with C11&amp;VLA, C 202000L
</system-out>
	</testcase>
	<testcase name="pos_vla_0n" classname="pos_vla_0n" time="0.192578" status="fail">
		<failure message="Failed"/>
		<properties>
			<property name="cmake_labels" value="countof_ns;default"/>
		</properties>
		<system-out>Internal cmake changing into directory: /home/parallels/soft/my/countof_ns/build/Linux_clang-14_clang++-14
Change Dir: '/home/parallels/soft/my/countof_ns/build/Linux_clang-14_clang++-14'

Run Build Command(s): /usr/bin/gmake -f Makefile pos_vla_0n
[  0%] Built target CounofNS
[  0%] Building C object tests/unit/CMakeFiles/pos_vla_0n.dir/tu_stub.c.o
In file included from /home/parallels/soft/my/countof_ns/tests/unit/tu_stub.c:5:
In file included from /home/parallels/soft/my/countof_ns/tests/unit/tu_stub.h:106:
/home/parallels/soft/my/countof_ns/tests/unit/pos_vla_0n.h:5:30: error: type 'typeof (*(a)) (*)[(!sizeof (*(a)) ? 0 : sizeof (a) / (sizeof (*(a)) ? sizeof (*(a)) : (size_t)-1))]' (aka 'int (*)[(!sizeof (*(a)) ? 0 : sizeof (a) / (sizeof (*(a)) ? sizeof (*(a)) : (size_t)-1))][d1]') in generic association is a variably modified type
    TU_ASSERT_AND_RETURN(d0, TU_COUNTOF(a));
    ~~~~~~~~~~~~~~~~~~~~~~~~~^~~~~~~~~~~~~~
/home/parallels/soft/my/countof_ns/tests/unit/tu_stub.h:18:25: note: expanded from macro 'TU_COUNTOF'
#define TU_COUNTOF(a)  (TU_COUNTOF_FUNC(a))
                        ^
&lt;command line&gt;:13:25: note: expanded from here
#define TU_COUNTOF_FUNC countof_ns
                        ^
/home/parallels/soft/my/countof_ns/include/countof_ns.h:98:53: note: expanded from macro 'countof_ns'
    #define countof_ns(a)  (_countof_ns_unsafe(a) + _countof_ns_must_be(a))
                                                    ^
note: (skipping 1 expansions in backtrace; use -fmacro-backtrace-limit=0 to see all)
/home/parallels/soft/my/countof_ns/include/countof_ns.h:72:40: note: expanded from macro '_countof_ns_typeof'
        #define _countof_ns_typeof(t)  __typeof__(t)
                                       ^
/home/parallels/soft/my/countof_ns/tests/unit/tu_stub.h:97:71: note: expanded from macro 'TU_ASSERT_AND_RETURN'
            _TU_ASSERT_AND_RETURN("TU_ASSERT_AND_RETURN", (desired), (computed))
            ~~~~~~~~~~~~~~~~~~~~~~~~~~~~~~~~~~~~~~~~~~~~~~~~~~~~~~~~~~^~~~~~~~~~
/home/parallels/soft/my/countof_ns/tests/unit/tu_stub.h:84:31: note: expanded from macro '_TU_ASSERT_AND_RETURN'
            if ((desired) == (computed)) { \
                              ^~~~~~~~
In file included from /home/parallels/soft/my/countof_ns/tests/unit/tu_stub.c:5:
In file included from /home/parallels/soft/my/countof_ns/tests/unit/tu_stub.h:106:
/home/parallels/soft/my/countof_ns/tests/unit/pos_vla_0n.h:5:30: error: type 'typeof (*(a)) (*)[(!sizeof (*(a)) ? 0 : sizeof (a) / (sizeof (*(a)) ? sizeof (*(a)) : (size_t)-1))]' (aka 'int (*)[(!sizeof (*(a)) ? 0 : sizeof (a) / (sizeof (*(a)) ? sizeof (*(a)) : (size_t)-1))][d1]') in generic association is a variably modified type
    TU_ASSERT_AND_RETURN(d0, TU_COUNTOF(a));
    ~~~~~~~~~~~~~~~~~~~~~~~~~^~~~~~~~~~~~~~
/home/parallels/soft/my/countof_ns/tests/unit/tu_stub.h:18:25: note: expanded from macro 'TU_COUNTOF'
#define TU_COUNTOF(a)  (TU_COUNTOF_FUNC(a))
                        ^
&lt;command line&gt;:13:25: note: expanded from here
#define TU_COUNTOF_FUNC countof_ns
                        ^
/home/parallels/soft/my/countof_ns/include/countof_ns.h:98:53: note: expanded from macro 'countof_ns'
    #define countof_ns(a)  (_countof_ns_unsafe(a) + _countof_ns_must_be(a))
                                                    ^
note: (skipping 1 expansions in backtrace; use -fmacro-backtrace-limit=0 to see all)
/home/parallels/soft/my/countof_ns/include/countof_ns.h:72:40: note: expanded from macro '_countof_ns_typeof'
        #define _countof_ns_typeof(t)  __typeof__(t)
                                       ^
/home/parallels/soft/my/countof_ns/tests/unit/tu_stub.h:97:71: note: expanded from macro 'TU_ASSERT_AND_RETURN'
            _TU_ASSERT_AND_RETURN("TU_ASSERT_AND_RETURN", (desired), (computed))
            ~~~~~~~~~~~~~~~~~~~~~~~~~~~~~~~~~~~~~~~~~~~~~~~~~~~~~~~~~~^~~~~~~~~~
/home/parallels/soft/my/countof_ns/tests/unit/tu_stub.h:88:25: note: expanded from macro '_TU_ASSERT_AND_RETURN'
                       (computed), (method), (#desired), (size_t)(desired)); \
                        ^~~~~~~~
In file included from /home/parallels/soft/my/countof_ns/tests/unit/tu_stub.c:5:
In file included from /home/parallels/soft/my/countof_ns/tests/unit/tu_stub.h:106:
/home/parallels/soft/my/countof_ns/tests/unit/pos_vla_0n.h:5:30: error: type 'typeof (*(a)) (*)[(!sizeof (*(a)) ? 0 : sizeof (a) / (sizeof (*(a)) ? sizeof (*(a)) : (size_t)-1))]' (aka 'int (*)[(!sizeof (*(a)) ? 0 : sizeof (a) / (sizeof (*(a)) ? sizeof (*(a)) : (size_t)-1))][d1]') in generic association is a variably modified type
    TU_ASSERT_AND_RETURN(d0, TU_COUNTOF(a));
    ~~~~~~~~~~~~~~~~~~~~~~~~~^~~~~~~~~~~~~~
/home/parallels/soft/my/countof_ns/tests/unit/tu_stub.h:18:25: note: expanded from macro 'TU_COUNTOF'
#define TU_COUNTOF(a)  (TU_COUNTOF_FUNC(a))
                        ^
&lt;command line&gt;:13:25: note: expanded from here
#define TU_COUNTOF_FUNC countof_ns
                        ^
/home/parallels/soft/my/countof_ns/include/countof_ns.h:98:53: note: expanded from macro 'countof_ns'
    #define countof_ns(a)  (_countof_ns_unsafe(a) + _countof_ns_must_be(a))
                                                    ^
note: (skipping 2 expansions in backtrace; use -fmacro-backtrace-limit=0 to see all)
/home/parallels/soft/my/countof_ns/tests/unit/tu_stub.h:97:71: note: expanded from macro 'TU_ASSERT_AND_RETURN'
            _TU_ASSERT_AND_RETURN("TU_ASSERT_AND_RETURN", (desired), (computed))
            ~~~~~~~~~~~~~~~~~~~~~~~~~~~~~~~~~~~~~~~~~~~~~~~~~~~~~~~~~~^~~~~~~~~~
/home/parallels/soft/my/countof_ns/tests/unit/tu_stub.h:92:43: note: expanded from macro '_TU_ASSERT_AND_RETURN'
            TU_FAIL((method), (desired), (computed)); \
            ~~~~~~~~~~~~~~~~~~~~~~~~~~~~~~^~~~~~~~~~
/home/parallels/soft/my/countof_ns/tests/unit/tu_stub.h:69:35: note: expanded from macro 'TU_FAIL'
            if(_TU_TODO_MAGIC != (computed)) { \
                                  ^~~~~~~~
In file included from /home/parallels/soft/my/countof_ns/tests/unit/tu_stub.c:5:
In file included from /home/parallels/soft/my/countof_ns/tests/unit/tu_stub.h:106:
/home/parallels/soft/my/countof_ns/tests/unit/pos_vla_0n.h:5:30: error: type 'typeof (*(a)) (*)[(!sizeof (*(a)) ? 0 : sizeof (a) / (sizeof (*(a)) ? sizeof (*(a)) : (size_t)-1))]' (aka 'int (*)[(!sizeof (*(a)) ? 0 : sizeof (a) / (sizeof (*(a)) ? sizeof (*(a)) : (size_t)-1))][d1]') in generic association is a variably modified type
    TU_ASSERT_AND_RETURN(d0, TU_COUNTOF(a));
    ~~~~~~~~~~~~~~~~~~~~~~~~~^~~~~~~~~~~~~~
/home/parallels/soft/my/countof_ns/tests/unit/tu_stub.h:18:25: note: expanded from macro 'TU_COUNTOF'
#define TU_COUNTOF(a)  (TU_COUNTOF_FUNC(a))
                        ^
&lt;command line&gt;:13:25: note: expanded from here
#define TU_COUNTOF_FUNC countof_ns
                        ^
/home/parallels/soft/my/countof_ns/include/countof_ns.h:98:53: note: expanded from macro 'countof_ns'
    #define countof_ns(a)  (_countof_ns_unsafe(a) + _countof_ns_must_be(a))
                                                    ^
note: (skipping 2 expansions in backtrace; use -fmacro-backtrace-limit=0 to see all)
/home/parallels/soft/my/countof_ns/tests/unit/tu_stub.h:97:71: note: expanded from macro 'TU_ASSERT_AND_RETURN'
            _TU_ASSERT_AND_RETURN("TU_ASSERT_AND_RETURN", (desired), (computed))
            ~~~~~~~~~~~~~~~~~~~~~~~~~~~~~~~~~~~~~~~~~~~~~~~~~~~~~~~~~~^~~~~~~~~~
/home/parallels/soft/my/countof_ns/tests/unit/tu_stub.h:92:43: note: expanded from macro '_TU_ASSERT_AND_RETURN'
            TU_FAIL((method), (desired), (computed)); \
            ~~~~~~~~~~~~~~~~~~~~~~~~~~~~~~^~~~~~~~~~
/home/parallels/soft/my/countof_ns/tests/unit/tu_stub.h:71:25: note: expanded from macro 'TU_FAIL'
                       (computed), (size_t)(desired), (method), (#desired)); \
                        ^~~~~~~~
In file included from /home/parallels/soft/my/countof_ns/tests/unit/tu_stub.c:5:
In file included from /home/parallels/soft/my/countof_ns/tests/unit/tu_stub.h:106:
/home/parallels/soft/my/countof_ns/tests/unit/pos_vla_0n.h:5:30: error: type 'typeof (*(a)) (*)[(!sizeof (*(a)) ? 0 : sizeof (a) / (sizeof (*(a)) ? sizeof (*(a)) : (size_t)-1))]' (aka 'int (*)[(!sizeof (*(a)) ? 0 : sizeof (a) / (sizeof (*(a)) ? sizeof (*(a)) : (size_t)-1))][d1]') in generic association is a variably modified type
    TU_ASSERT_AND_RETURN(d0, TU_COUNTOF(a));
    ~~~~~~~~~~~~~~~~~~~~~~~~~^~~~~~~~~~~~~~
/home/parallels/soft/my/countof_ns/tests/unit/tu_stub.h:18:25: note: expanded from macro 'TU_COUNTOF'
#define TU_COUNTOF(a)  (TU_COUNTOF_FUNC(a))
                        ^
&lt;command line&gt;:13:25: note: expanded from here
#define TU_COUNTOF_FUNC countof_ns
                        ^
/home/parallels/soft/my/countof_ns/include/countof_ns.h:98:53: note: expanded from macro 'countof_ns'
    #define countof_ns(a)  (_countof_ns_unsafe(a) + _countof_ns_must_be(a))
                                                    ^
note: (skipping 2 expansions in backtrace; use -fmacro-backtrace-limit=0 to see all)
/home/parallels/soft/my/countof_ns/tests/unit/tu_stub.h:97:71: note: expanded from macro 'TU_ASSERT_AND_RETURN'
            _TU_ASSERT_AND_RETURN("TU_ASSERT_AND_RETURN", (desired), (computed))
            ~~~~~~~~~~~~~~~~~~~~~~~~~~~~~~~~~~~~~~~~~~~~~~~~~~~~~~~~~~^~~~~~~~~~
/home/parallels/soft/my/countof_ns/tests/unit/tu_stub.h:92:43: note: expanded from macro '_TU_ASSERT_AND_RETURN'
            TU_FAIL((method), (desired), (computed)); \
            ~~~~~~~~~~~~~~~~~~~~~~~~~~~~~~^~~~~~~~~~
/home/parallels/soft/my/countof_ns/tests/unit/tu_stub.h:73:27: note: expanded from macro 'TU_FAIL'
                if (0 == (computed)) { \
                          ^~~~~~~~
In file included from /home/parallels/soft/my/countof_ns/tests/unit/tu_stub.c:5:
In file included from /home/parallels/soft/my/countof_ns/tests/unit/tu_stub.h:106:
/home/parallels/soft/my/countof_ns/tests/unit/pos_vla_0n.h:5:30: error: type 'typeof (*(a)) (*)[(!sizeof (*(a)) ? 0 : sizeof (a) / (sizeof (*(a)) ? sizeof (*(a)) : (size_t)-1))]' (aka 'int (*)[(!sizeof (*(a)) ? 0 : sizeof (a) / (sizeof (*(a)) ? sizeof (*(a)) : (size_t)-1))][d1]') in generic association is a variably modified type
    TU_ASSERT_AND_RETURN(d0, TU_COUNTOF(a));
    ~~~~~~~~~~~~~~~~~~~~~~~~~^~~~~~~~~~~~~~
/home/parallels/soft/my/countof_ns/tests/unit/tu_stub.h:18:25: note: expanded from macro 'TU_COUNTOF'
#define TU_COUNTOF(a)  (TU_COUNTOF_FUNC(a))
                        ^
&lt;command line&gt;:13:25: note: expanded from here
#define TU_COUNTOF_FUNC countof_ns
                        ^
/home/parallels/soft/my/countof_ns/include/countof_ns.h:98:53: note: expanded from macro 'countof_ns'
    #define countof_ns(a)  (_countof_ns_unsafe(a) + _countof_ns_must_be(a))
                                                    ^
note: (skipping 2 expansions in backtrace; use -fmacro-backtrace-limit=0 to see all)
/home/parallels/soft/my/countof_ns/tests/unit/tu_stub.h:97:71: note: expanded from macro 'TU_ASSERT_AND_RETURN'
            _TU_ASSERT_AND_RETURN("TU_ASSERT_AND_RETURN", (desired), (computed))
            ~~~~~~~~~~~~~~~~~~~~~~~~~~~~~~~~~~~~~~~~~~~~~~~~~~~~~~~~~~^~~~~~~~~~
/home/parallels/soft/my/countof_ns/tests/unit/tu_stub.h:92:43: note: expanded from macro '_TU_ASSERT_AND_RETURN'
            TU_FAIL((method), (desired), (computed)); \
            ~~~~~~~~~~~~~~~~~~~~~~~~~~~~~~^~~~~~~~~~
/home/parallels/soft/my/countof_ns/tests/unit/tu_stub.h:75:40: note: expanded from macro 'TU_FAIL'
                } else if ((long long)(computed) &lt;= (long long)(desired)) { \
                                       ^~~~~~~~
6 errors generated.
gmake[3]: *** [tests/unit/CMakeFiles/pos_vla_0n.dir/build.make:79: tests/unit/CMakeFiles/pos_vla_0n.dir/tu_stub.c.o] Ошибка 1
gmake[2]: *** [CMakeFiles/Makefile2:1422: tests/unit/CMakeFiles/pos_vla_0n.dir/all] Ошибка 2
gmake[1]: *** [CMakeFiles/Makefile2:1429: tests/unit/CMakeFiles/pos_vla_0n.dir/rule] Ошибка 2
gmake: *** [Makefile:576: pos_vla_0n] Ошибка 2

</system-out>
	</testcase>
	<testcase name="pos_vla_0n_c11" classname="pos_vla_0n_c11" time="0.00199916" status="run">
		<properties>
			<property name="cmake_labels" value="countof_ns;default"/>
		</properties>
		<system-out>Ok 0 TU_ASSERT_AND_RETURN((d0)=0, ...) /home/parallels/soft/my/countof_ns/tests/unit/pos_vla_0n.h:pos_vla_0n.h:TU_UNIT for countof_ns.h:countof_ns() with C11&amp;VLA, C 202000L
</system-out>
	</testcase>
	<testcase name="pos_vla_cv" classname="pos_vla_cv" time="0.19575" status="fail">
		<failure message="Failed"/>
		<properties>
			<property name="cmake_labels" value="countof_ns;default"/>
		</properties>
		<system-out>Internal cmake changing into directory: /home/parallels/soft/my/countof_ns/build/Linux_clang-14_clang++-14
Change Dir: '/home/parallels/soft/my/countof_ns/build/Linux_clang-14_clang++-14'

Run Build Command(s): /usr/bin/gmake -f Makefile pos_vla_cv
[  0%] Built target CounofNS
gmake[3]: Предупреждение: время изменения файла «tests/unit/CMakeFiles/pos_vla_cv.dir/compiler_depend.make» находится в будущем (0,21)
[ 50%] Building C object tests/unit/CMakeFiles/pos_vla_cv.dir/tu_stub.c.o
In file included from /home/parallels/soft/my/countof_ns/tests/unit/tu_stub.c:5:
In file included from /home/parallels/soft/my/countof_ns/tests/unit/tu_stub.h:106:
/home/parallels/soft/my/countof_ns/tests/unit/pos_vla_cv.h:5:30: error: type 'typeof (*(a)) (*)[(!sizeof (*(a)) ? 0 : sizeof (a) / (sizeof (*(a)) ? sizeof (*(a)) : (size_t)-1))]' (aka 'volatile int (*)[(!sizeof (*(a)) ? 0 : sizeof (a) / (sizeof (*(a)) ? sizeof (*(a)) : (size_t)-1))]') in generic association is a variably modified type
    TU_ASSERT_AND_RETURN(d1, TU_COUNTOF(a));
    ~~~~~~~~~~~~~~~~~~~~~~~~~^~~~~~~~~~~~~~
/home/parallels/soft/my/countof_ns/tests/unit/tu_stub.h:18:25: note: expanded from macro 'TU_COUNTOF'
#define TU_COUNTOF(a)  (TU_COUNTOF_FUNC(a))
                        ^
&lt;command line&gt;:13:25: note: expanded from here
#define TU_COUNTOF_FUNC countof_ns
                        ^
/home/parallels/soft/my/countof_ns/include/countof_ns.h:98:53: note: expanded from macro 'countof_ns'
    #define countof_ns(a)  (_countof_ns_unsafe(a) + _countof_ns_must_be(a))
                                                    ^
note: (skipping 1 expansions in backtrace; use -fmacro-backtrace-limit=0 to see all)
/home/parallels/soft/my/countof_ns/include/countof_ns.h:72:40: note: expanded from macro '_countof_ns_typeof'
        #define _countof_ns_typeof(t)  __typeof__(t)
                                       ^
/home/parallels/soft/my/countof_ns/tests/unit/tu_stub.h:97:71: note: expanded from macro 'TU_ASSERT_AND_RETURN'
            _TU_ASSERT_AND_RETURN("TU_ASSERT_AND_RETURN", (desired), (computed))
            ~~~~~~~~~~~~~~~~~~~~~~~~~~~~~~~~~~~~~~~~~~~~~~~~~~~~~~~~~~^~~~~~~~~~
/home/parallels/soft/my/countof_ns/tests/unit/tu_stub.h:84:31: note: expanded from macro '_TU_ASSERT_AND_RETURN'
            if ((desired) == (computed)) { \
                              ^~~~~~~~
In file included from /home/parallels/soft/my/countof_ns/tests/unit/tu_stub.c:5:
In file included from /home/parallels/soft/my/countof_ns/tests/unit/tu_stub.h:106:
/home/parallels/soft/my/countof_ns/tests/unit/pos_vla_cv.h:5:30: error: type 'typeof (*(a)) (*)[(!sizeof (*(a)) ? 0 : sizeof (a) / (sizeof (*(a)) ? sizeof (*(a)) : (size_t)-1))]' (aka 'volatile int (*)[(!sizeof (*(a)) ? 0 : sizeof (a) / (sizeof (*(a)) ? sizeof (*(a)) : (size_t)-1))]') in generic association is a variably modified type
    TU_ASSERT_AND_RETURN(d1, TU_COUNTOF(a));
    ~~~~~~~~~~~~~~~~~~~~~~~~~^~~~~~~~~~~~~~
/home/parallels/soft/my/countof_ns/tests/unit/tu_stub.h:18:25: note: expanded from macro 'TU_COUNTOF'
#define TU_COUNTOF(a)  (TU_COUNTOF_FUNC(a))
                        ^
&lt;command line&gt;:13:25: note: expanded from here
#define TU_COUNTOF_FUNC countof_ns
                        ^
/home/parallels/soft/my/countof_ns/include/countof_ns.h:98:53: note: expanded from macro 'countof_ns'
    #define countof_ns(a)  (_countof_ns_unsafe(a) + _countof_ns_must_be(a))
                                                    ^
note: (skipping 1 expansions in backtrace; use -fmacro-backtrace-limit=0 to see all)
/home/parallels/soft/my/countof_ns/include/countof_ns.h:72:40: note: expanded from macro '_countof_ns_typeof'
        #define _countof_ns_typeof(t)  __typeof__(t)
                                       ^
/home/parallels/soft/my/countof_ns/tests/unit/tu_stub.h:97:71: note: expanded from macro 'TU_ASSERT_AND_RETURN'
            _TU_ASSERT_AND_RETURN("TU_ASSERT_AND_RETURN", (desired), (computed))
            ~~~~~~~~~~~~~~~~~~~~~~~~~~~~~~~~~~~~~~~~~~~~~~~~~~~~~~~~~~^~~~~~~~~~
/home/parallels/soft/my/countof_ns/tests/unit/tu_stub.h:88:25: note: expanded from macro '_TU_ASSERT_AND_RETURN'
                       (computed), (method), (#desired), (size_t)(desired)); \
                        ^~~~~~~~
In file included from /home/parallels/soft/my/countof_ns/tests/unit/tu_stub.c:5:
In file included from /home/parallels/soft/my/countof_ns/tests/unit/tu_stub.h:106:
/home/parallels/soft/my/countof_ns/tests/unit/pos_vla_cv.h:5:30: error: type 'typeof (*(a)) (*)[(!sizeof (*(a)) ? 0 : sizeof (a) / (sizeof (*(a)) ? sizeof (*(a)) : (size_t)-1))]' (aka 'volatile int (*)[(!sizeof (*(a)) ? 0 : sizeof (a) / (sizeof (*(a)) ? sizeof (*(a)) : (size_t)-1))]') in generic association is a variably modified type
    TU_ASSERT_AND_RETURN(d1, TU_COUNTOF(a));
    ~~~~~~~~~~~~~~~~~~~~~~~~~^~~~~~~~~~~~~~
/home/parallels/soft/my/countof_ns/tests/unit/tu_stub.h:18:25: note: expanded from macro 'TU_COUNTOF'
#define TU_COUNTOF(a)  (TU_COUNTOF_FUNC(a))
                        ^
&lt;command line&gt;:13:25: note: expanded from here
#define TU_COUNTOF_FUNC countof_ns
                        ^
/home/parallels/soft/my/countof_ns/include/countof_ns.h:98:53: note: expanded from macro 'countof_ns'
    #define countof_ns(a)  (_countof_ns_unsafe(a) + _countof_ns_must_be(a))
                                                    ^
note: (skipping 2 expansions in backtrace; use -fmacro-backtrace-limit=0 to see all)
/home/parallels/soft/my/countof_ns/tests/unit/tu_stub.h:97:71: note: expanded from macro 'TU_ASSERT_AND_RETURN'
            _TU_ASSERT_AND_RETURN("TU_ASSERT_AND_RETURN", (desired), (computed))
            ~~~~~~~~~~~~~~~~~~~~~~~~~~~~~~~~~~~~~~~~~~~~~~~~~~~~~~~~~~^~~~~~~~~~
/home/parallels/soft/my/countof_ns/tests/unit/tu_stub.h:92:43: note: expanded from macro '_TU_ASSERT_AND_RETURN'
            TU_FAIL((method), (desired), (computed)); \
            ~~~~~~~~~~~~~~~~~~~~~~~~~~~~~~^~~~~~~~~~
/home/parallels/soft/my/countof_ns/tests/unit/tu_stub.h:69:35: note: expanded from macro 'TU_FAIL'
            if(_TU_TODO_MAGIC != (computed)) { \
                                  ^~~~~~~~
In file included from /home/parallels/soft/my/countof_ns/tests/unit/tu_stub.c:5:
In file included from /home/parallels/soft/my/countof_ns/tests/unit/tu_stub.h:106:
/home/parallels/soft/my/countof_ns/tests/unit/pos_vla_cv.h:5:30: error: type 'typeof (*(a)) (*)[(!sizeof (*(a)) ? 0 : sizeof (a) / (sizeof (*(a)) ? sizeof (*(a)) : (size_t)-1))]' (aka 'volatile int (*)[(!sizeof (*(a)) ? 0 : sizeof (a) / (sizeof (*(a)) ? sizeof (*(a)) : (size_t)-1))]') in generic association is a variably modified type
    TU_ASSERT_AND_RETURN(d1, TU_COUNTOF(a));
    ~~~~~~~~~~~~~~~~~~~~~~~~~^~~~~~~~~~~~~~
/home/parallels/soft/my/countof_ns/tests/unit/tu_stub.h:18:25: note: expanded from macro 'TU_COUNTOF'
#define TU_COUNTOF(a)  (TU_COUNTOF_FUNC(a))
                        ^
&lt;command line&gt;:13:25: note: expanded from here
#define TU_COUNTOF_FUNC countof_ns
                        ^
/home/parallels/soft/my/countof_ns/include/countof_ns.h:98:53: note: expanded from macro 'countof_ns'
    #define countof_ns(a)  (_countof_ns_unsafe(a) + _countof_ns_must_be(a))
                                                    ^
note: (skipping 2 expansions in backtrace; use -fmacro-backtrace-limit=0 to see all)
/home/parallels/soft/my/countof_ns/tests/unit/tu_stub.h:97:71: note: expanded from macro 'TU_ASSERT_AND_RETURN'
            _TU_ASSERT_AND_RETURN("TU_ASSERT_AND_RETURN", (desired), (computed))
            ~~~~~~~~~~~~~~~~~~~~~~~~~~~~~~~~~~~~~~~~~~~~~~~~~~~~~~~~~~^~~~~~~~~~
/home/parallels/soft/my/countof_ns/tests/unit/tu_stub.h:92:43: note: expanded from macro '_TU_ASSERT_AND_RETURN'
            TU_FAIL((method), (desired), (computed)); \
            ~~~~~~~~~~~~~~~~~~~~~~~~~~~~~~^~~~~~~~~~
/home/parallels/soft/my/countof_ns/tests/unit/tu_stub.h:71:25: note: expanded from macro 'TU_FAIL'
                       (computed), (size_t)(desired), (method), (#desired)); \
                        ^~~~~~~~
In file included from /home/parallels/soft/my/countof_ns/tests/unit/tu_stub.c:5:
In file included from /home/parallels/soft/my/countof_ns/tests/unit/tu_stub.h:106:
/home/parallels/soft/my/countof_ns/tests/unit/pos_vla_cv.h:5:30: error: type 'typeof (*(a)) (*)[(!sizeof (*(a)) ? 0 : sizeof (a) / (sizeof (*(a)) ? sizeof (*(a)) : (size_t)-1))]' (aka 'volatile int (*)[(!sizeof (*(a)) ? 0 : sizeof (a) / (sizeof (*(a)) ? sizeof (*(a)) : (size_t)-1))]') in generic association is a variably modified type
    TU_ASSERT_AND_RETURN(d1, TU_COUNTOF(a));
    ~~~~~~~~~~~~~~~~~~~~~~~~~^~~~~~~~~~~~~~
/home/parallels/soft/my/countof_ns/tests/unit/tu_stub.h:18:25: note: expanded from macro 'TU_COUNTOF'
#define TU_COUNTOF(a)  (TU_COUNTOF_FUNC(a))
                        ^
&lt;command line&gt;:13:25: note: expanded from here
#define TU_COUNTOF_FUNC countof_ns
                        ^
/home/parallels/soft/my/countof_ns/include/countof_ns.h:98:53: note: expanded from macro 'countof_ns'
    #define countof_ns(a)  (_countof_ns_unsafe(a) + _countof_ns_must_be(a))
                                                    ^
note: (skipping 2 expansions in backtrace; use -fmacro-backtrace-limit=0 to see all)
/home/parallels/soft/my/countof_ns/tests/unit/tu_stub.h:97:71: note: expanded from macro 'TU_ASSERT_AND_RETURN'
            _TU_ASSERT_AND_RETURN("TU_ASSERT_AND_RETURN", (desired), (computed))
            ~~~~~~~~~~~~~~~~~~~~~~~~~~~~~~~~~~~~~~~~~~~~~~~~~~~~~~~~~~^~~~~~~~~~
/home/parallels/soft/my/countof_ns/tests/unit/tu_stub.h:92:43: note: expanded from macro '_TU_ASSERT_AND_RETURN'
            TU_FAIL((method), (desired), (computed)); \
            ~~~~~~~~~~~~~~~~~~~~~~~~~~~~~~^~~~~~~~~~
/home/parallels/soft/my/countof_ns/tests/unit/tu_stub.h:73:27: note: expanded from macro 'TU_FAIL'
                if (0 == (computed)) { \
                          ^~~~~~~~
In file included from /home/parallels/soft/my/countof_ns/tests/unit/tu_stub.c:5:
In file included from /home/parallels/soft/my/countof_ns/tests/unit/tu_stub.h:106:
/home/parallels/soft/my/countof_ns/tests/unit/pos_vla_cv.h:5:30: error: type 'typeof (*(a)) (*)[(!sizeof (*(a)) ? 0 : sizeof (a) / (sizeof (*(a)) ? sizeof (*(a)) : (size_t)-1))]' (aka 'volatile int (*)[(!sizeof (*(a)) ? 0 : sizeof (a) / (sizeof (*(a)) ? sizeof (*(a)) : (size_t)-1))]') in generic association is a variably modified type
    TU_ASSERT_AND_RETURN(d1, TU_COUNTOF(a));
    ~~~~~~~~~~~~~~~~~~~~~~~~~^~~~~~~~~~~~~~
/home/parallels/soft/my/countof_ns/tests/unit/tu_stub.h:18:25: note: expanded from macro 'TU_COUNTOF'
#define TU_COUNTOF(a)  (TU_COUNTOF_FUNC(a))
                        ^
&lt;command line&gt;:13:25: note: expanded from here
#define TU_COUNTOF_FUNC countof_ns
                        ^
/home/parallels/soft/my/countof_ns/include/countof_ns.h:98:53: note: expanded from macro 'countof_ns'
    #define countof_ns(a)  (_countof_ns_unsafe(a) + _countof_ns_must_be(a))
                                                    ^
note: (skipping 2 expansions in backtrace; use -fmacro-backtrace-limit=0 to see all)
/home/parallels/soft/my/countof_ns/tests/unit/tu_stub.h:97:71: note: expanded from macro 'TU_ASSERT_AND_RETURN'
            _TU_ASSERT_AND_RETURN("TU_ASSERT_AND_RETURN", (desired), (computed))
            ~~~~~~~~~~~~~~~~~~~~~~~~~~~~~~~~~~~~~~~~~~~~~~~~~~~~~~~~~~^~~~~~~~~~
/home/parallels/soft/my/countof_ns/tests/unit/tu_stub.h:92:43: note: expanded from macro '_TU_ASSERT_AND_RETURN'
            TU_FAIL((method), (desired), (computed)); \
            ~~~~~~~~~~~~~~~~~~~~~~~~~~~~~~^~~~~~~~~~
/home/parallels/soft/my/countof_ns/tests/unit/tu_stub.h:75:40: note: expanded from macro 'TU_FAIL'
                } else if ((long long)(computed) &lt;= (long long)(desired)) { \
                                       ^~~~~~~~
6 errors generated.
gmake[3]: *** [tests/unit/CMakeFiles/pos_vla_cv.dir/build.make:79: tests/unit/CMakeFiles/pos_vla_cv.dir/tu_stub.c.o] Ошибка 1
gmake[2]: *** [CMakeFiles/Makefile2:1486: tests/unit/CMakeFiles/pos_vla_cv.dir/all] Ошибка 2
gmake[1]: *** [CMakeFiles/Makefile2:1493: tests/unit/CMakeFiles/pos_vla_cv.dir/rule] Ошибка 2
gmake: *** [Makefile:602: pos_vla_cv] Ошибка 2

</system-out>
	</testcase>
	<testcase name="pos_vla_cv_c11" classname="pos_vla_cv_c11" time="0.0019978" status="run">
		<properties>
			<property name="cmake_labels" value="countof_ns;default"/>
		</properties>
		<system-out>Ok 1 TU_ASSERT_AND_RETURN((d1)=1, ...) /home/parallels/soft/my/countof_ns/tests/unit/pos_vla_cv.h:pos_vla_cv.h:TU_UNIT for countof_ns.h:countof_ns() with C11&amp;VLA, C 202000L
</system-out>
	</testcase>
	<testcase name="pos_vla_n0" classname="pos_vla_n0" time="0.186998" status="fail">
		<failure message="Failed"/>
		<properties>
			<property name="cmake_labels" value="countof_ns;default"/>
		</properties>
		<system-out>Internal cmake changing into directory: /home/parallels/soft/my/countof_ns/build/Linux_clang-14_clang++-14
Change Dir: '/home/parallels/soft/my/countof_ns/build/Linux_clang-14_clang++-14'

Run Build Command(s): /usr/bin/gmake -f Makefile pos_vla_n0
[  0%] Built target CounofNS
gmake[3]: Предупреждение: время изменения файла «tests/unit/CMakeFiles/pos_vla_n0.dir/compiler_depend.make» находится в будущем (0,0089)
[  0%] Building C object tests/unit/CMakeFiles/pos_vla_n0.dir/tu_stub.c.o
In file included from /home/parallels/soft/my/countof_ns/tests/unit/tu_stub.c:5:
In file included from /home/parallels/soft/my/countof_ns/tests/unit/tu_stub.h:106:
/home/parallels/soft/my/countof_ns/tests/unit/pos_vla_n0.h:5:30: error: type 'typeof (*(b)) (*)[(!sizeof (*(b)) ? 0 : sizeof (b) / (sizeof (*(b)) ? sizeof (*(b)) : (size_t)-1))]' (aka 'int (*)[(!sizeof (*(b)) ? 0 : sizeof (b) / (sizeof (*(b)) ? sizeof (*(b)) : (size_t)-1))][d0]') in generic association is a variably modified type
    TU_ASSERT_AND_RETURN(d1, TU_COUNTOF(b));
    ~~~~~~~~~~~~~~~~~~~~~~~~~^~~~~~~~~~~~~~
/home/parallels/soft/my/countof_ns/tests/unit/tu_stub.h:18:25: note: expanded from macro 'TU_COUNTOF'
#define TU_COUNTOF(a)  (TU_COUNTOF_FUNC(a))
                        ^
&lt;command line&gt;:13:25: note: expanded from here
#define TU_COUNTOF_FUNC countof_ns
                        ^
/home/parallels/soft/my/countof_ns/include/countof_ns.h:98:53: note: expanded from macro 'countof_ns'
    #define countof_ns(a)  (_countof_ns_unsafe(a) + _countof_ns_must_be(a))
                                                    ^
note: (skipping 1 expansions in backtrace; use -fmacro-backtrace-limit=0 to see all)
/home/parallels/soft/my/countof_ns/include/countof_ns.h:72:40: note: expanded from macro '_countof_ns_typeof'
        #define _countof_ns_typeof(t)  __typeof__(t)
                                       ^
/home/parallels/soft/my/countof_ns/tests/unit/tu_stub.h:97:71: note: expanded from macro 'TU_ASSERT_AND_RETURN'
            _TU_ASSERT_AND_RETURN("TU_ASSERT_AND_RETURN", (desired), (computed))
            ~~~~~~~~~~~~~~~~~~~~~~~~~~~~~~~~~~~~~~~~~~~~~~~~~~~~~~~~~~^~~~~~~~~~
/home/parallels/soft/my/countof_ns/tests/unit/tu_stub.h:84:31: note: expanded from macro '_TU_ASSERT_AND_RETURN'
            if ((desired) == (computed)) { \
                              ^~~~~~~~
In file included from /home/parallels/soft/my/countof_ns/tests/unit/tu_stub.c:5:
In file included from /home/parallels/soft/my/countof_ns/tests/unit/tu_stub.h:106:
/home/parallels/soft/my/countof_ns/tests/unit/pos_vla_n0.h:5:30: error: type 'typeof (*(b)) (*)[(!sizeof (*(b)) ? 0 : sizeof (b) / (sizeof (*(b)) ? sizeof (*(b)) : (size_t)-1))]' (aka 'int (*)[(!sizeof (*(b)) ? 0 : sizeof (b) / (sizeof (*(b)) ? sizeof (*(b)) : (size_t)-1))][d0]') in generic association is a variably modified type
    TU_ASSERT_AND_RETURN(d1, TU_COUNTOF(b));
    ~~~~~~~~~~~~~~~~~~~~~~~~~^~~~~~~~~~~~~~
/home/parallels/soft/my/countof_ns/tests/unit/tu_stub.h:18:25: note: expanded from macro 'TU_COUNTOF'
#define TU_COUNTOF(a)  (TU_COUNTOF_FUNC(a))
                        ^
&lt;command line&gt;:13:25: note: expanded from here
#define TU_COUNTOF_FUNC countof_ns
                        ^
/home/parallels/soft/my/countof_ns/include/countof_ns.h:98:53: note: expanded from macro 'countof_ns'
    #define countof_ns(a)  (_countof_ns_unsafe(a) + _countof_ns_must_be(a))
                                                    ^
note: (skipping 1 expansions in backtrace; use -fmacro-backtrace-limit=0 to see all)
/home/parallels/soft/my/countof_ns/include/countof_ns.h:72:40: note: expanded from macro '_countof_ns_typeof'
        #define _countof_ns_typeof(t)  __typeof__(t)
                                       ^
/home/parallels/soft/my/countof_ns/tests/unit/tu_stub.h:97:71: note: expanded from macro 'TU_ASSERT_AND_RETURN'
            _TU_ASSERT_AND_RETURN("TU_ASSERT_AND_RETURN", (desired), (computed))
            ~~~~~~~~~~~~~~~~~~~~~~~~~~~~~~~~~~~~~~~~~~~~~~~~~~~~~~~~~~^~~~~~~~~~
/home/parallels/soft/my/countof_ns/tests/unit/tu_stub.h:88:25: note: expanded from macro '_TU_ASSERT_AND_RETURN'
                       (computed), (method), (#desired), (size_t)(desired)); \
                        ^~~~~~~~
In file included from /home/parallels/soft/my/countof_ns/tests/unit/tu_stub.c:5:
In file included from /home/parallels/soft/my/countof_ns/tests/unit/tu_stub.h:106:
/home/parallels/soft/my/countof_ns/tests/unit/pos_vla_n0.h:5:30: error: type 'typeof (*(b)) (*)[(!sizeof (*(b)) ? 0 : sizeof (b) / (sizeof (*(b)) ? sizeof (*(b)) : (size_t)-1))]' (aka 'int (*)[(!sizeof (*(b)) ? 0 : sizeof (b) / (sizeof (*(b)) ? sizeof (*(b)) : (size_t)-1))][d0]') in generic association is a variably modified type
    TU_ASSERT_AND_RETURN(d1, TU_COUNTOF(b));
    ~~~~~~~~~~~~~~~~~~~~~~~~~^~~~~~~~~~~~~~
/home/parallels/soft/my/countof_ns/tests/unit/tu_stub.h:18:25: note: expanded from macro 'TU_COUNTOF'
#define TU_COUNTOF(a)  (TU_COUNTOF_FUNC(a))
                        ^
&lt;command line&gt;:13:25: note: expanded from here
#define TU_COUNTOF_FUNC countof_ns
                        ^
/home/parallels/soft/my/countof_ns/include/countof_ns.h:98:53: note: expanded from macro 'countof_ns'
    #define countof_ns(a)  (_countof_ns_unsafe(a) + _countof_ns_must_be(a))
                                                    ^
note: (skipping 2 expansions in backtrace; use -fmacro-backtrace-limit=0 to see all)
/home/parallels/soft/my/countof_ns/tests/unit/tu_stub.h:97:71: note: expanded from macro 'TU_ASSERT_AND_RETURN'
            _TU_ASSERT_AND_RETURN("TU_ASSERT_AND_RETURN", (desired), (computed))
            ~~~~~~~~~~~~~~~~~~~~~~~~~~~~~~~~~~~~~~~~~~~~~~~~~~~~~~~~~~^~~~~~~~~~
/home/parallels/soft/my/countof_ns/tests/unit/tu_stub.h:92:43: note: expanded from macro '_TU_ASSERT_AND_RETURN'
            TU_FAIL((method), (desired), (computed)); \
            ~~~~~~~~~~~~~~~~~~~~~~~~~~~~~~^~~~~~~~~~
/home/parallels/soft/my/countof_ns/tests/unit/tu_stub.h:69:35: note: expanded from macro 'TU_FAIL'
            if(_TU_TODO_MAGIC != (computed)) { \
                                  ^~~~~~~~
In file included from /home/parallels/soft/my/countof_ns/tests/unit/tu_stub.c:5:
In file included from /home/parallels/soft/my/countof_ns/tests/unit/tu_stub.h:106:
/home/parallels/soft/my/countof_ns/tests/unit/pos_vla_n0.h:5:30: error: type 'typeof (*(b)) (*)[(!sizeof (*(b)) ? 0 : sizeof (b) / (sizeof (*(b)) ? sizeof (*(b)) : (size_t)-1))]' (aka 'int (*)[(!sizeof (*(b)) ? 0 : sizeof (b) / (sizeof (*(b)) ? sizeof (*(b)) : (size_t)-1))][d0]') in generic association is a variably modified type
    TU_ASSERT_AND_RETURN(d1, TU_COUNTOF(b));
    ~~~~~~~~~~~~~~~~~~~~~~~~~^~~~~~~~~~~~~~
/home/parallels/soft/my/countof_ns/tests/unit/tu_stub.h:18:25: note: expanded from macro 'TU_COUNTOF'
#define TU_COUNTOF(a)  (TU_COUNTOF_FUNC(a))
                        ^
&lt;command line&gt;:13:25: note: expanded from here
#define TU_COUNTOF_FUNC countof_ns
                        ^
/home/parallels/soft/my/countof_ns/include/countof_ns.h:98:53: note: expanded from macro 'countof_ns'
    #define countof_ns(a)  (_countof_ns_unsafe(a) + _countof_ns_must_be(a))
                                                    ^
note: (skipping 2 expansions in backtrace; use -fmacro-backtrace-limit=0 to see all)
/home/parallels/soft/my/countof_ns/tests/unit/tu_stub.h:97:71: note: expanded from macro 'TU_ASSERT_AND_RETURN'
            _TU_ASSERT_AND_RETURN("TU_ASSERT_AND_RETURN", (desired), (computed))
            ~~~~~~~~~~~~~~~~~~~~~~~~~~~~~~~~~~~~~~~~~~~~~~~~~~~~~~~~~~^~~~~~~~~~
/home/parallels/soft/my/countof_ns/tests/unit/tu_stub.h:92:43: note: expanded from macro '_TU_ASSERT_AND_RETURN'
            TU_FAIL((method), (desired), (computed)); \
            ~~~~~~~~~~~~~~~~~~~~~~~~~~~~~~^~~~~~~~~~
/home/parallels/soft/my/countof_ns/tests/unit/tu_stub.h:71:25: note: expanded from macro 'TU_FAIL'
                       (computed), (size_t)(desired), (method), (#desired)); \
                        ^~~~~~~~
In file included from /home/parallels/soft/my/countof_ns/tests/unit/tu_stub.c:5:
In file included from /home/parallels/soft/my/countof_ns/tests/unit/tu_stub.h:106:
/home/parallels/soft/my/countof_ns/tests/unit/pos_vla_n0.h:5:30: error: type 'typeof (*(b)) (*)[(!sizeof (*(b)) ? 0 : sizeof (b) / (sizeof (*(b)) ? sizeof (*(b)) : (size_t)-1))]' (aka 'int (*)[(!sizeof (*(b)) ? 0 : sizeof (b) / (sizeof (*(b)) ? sizeof (*(b)) : (size_t)-1))][d0]') in generic association is a variably modified type
    TU_ASSERT_AND_RETURN(d1, TU_COUNTOF(b));
    ~~~~~~~~~~~~~~~~~~~~~~~~~^~~~~~~~~~~~~~
/home/parallels/soft/my/countof_ns/tests/unit/tu_stub.h:18:25: note: expanded from macro 'TU_COUNTOF'
#define TU_COUNTOF(a)  (TU_COUNTOF_FUNC(a))
                        ^
&lt;command line&gt;:13:25: note: expanded from here
#define TU_COUNTOF_FUNC countof_ns
                        ^
/home/parallels/soft/my/countof_ns/include/countof_ns.h:98:53: note: expanded from macro 'countof_ns'
    #define countof_ns(a)  (_countof_ns_unsafe(a) + _countof_ns_must_be(a))
                                                    ^
note: (skipping 2 expansions in backtrace; use -fmacro-backtrace-limit=0 to see all)
/home/parallels/soft/my/countof_ns/tests/unit/tu_stub.h:97:71: note: expanded from macro 'TU_ASSERT_AND_RETURN'
            _TU_ASSERT_AND_RETURN("TU_ASSERT_AND_RETURN", (desired), (computed))
            ~~~~~~~~~~~~~~~~~~~~~~~~~~~~~~~~~~~~~~~~~~~~~~~~~~~~~~~~~~^~~~~~~~~~
/home/parallels/soft/my/countof_ns/tests/unit/tu_stub.h:92:43: note: expanded from macro '_TU_ASSERT_AND_RETURN'
            TU_FAIL((method), (desired), (computed)); \
            ~~~~~~~~~~~~~~~~~~~~~~~~~~~~~~^~~~~~~~~~
/home/parallels/soft/my/countof_ns/tests/unit/tu_stub.h:73:27: note: expanded from macro 'TU_FAIL'
                if (0 == (computed)) { \
                          ^~~~~~~~
In file included from /home/parallels/soft/my/countof_ns/tests/unit/tu_stub.c:5:
In file included from /home/parallels/soft/my/countof_ns/tests/unit/tu_stub.h:106:
/home/parallels/soft/my/countof_ns/tests/unit/pos_vla_n0.h:5:30: error: type 'typeof (*(b)) (*)[(!sizeof (*(b)) ? 0 : sizeof (b) / (sizeof (*(b)) ? sizeof (*(b)) : (size_t)-1))]' (aka 'int (*)[(!sizeof (*(b)) ? 0 : sizeof (b) / (sizeof (*(b)) ? sizeof (*(b)) : (size_t)-1))][d0]') in generic association is a variably modified type
    TU_ASSERT_AND_RETURN(d1, TU_COUNTOF(b));
    ~~~~~~~~~~~~~~~~~~~~~~~~~^~~~~~~~~~~~~~
/home/parallels/soft/my/countof_ns/tests/unit/tu_stub.h:18:25: note: expanded from macro 'TU_COUNTOF'
#define TU_COUNTOF(a)  (TU_COUNTOF_FUNC(a))
                        ^
&lt;command line&gt;:13:25: note: expanded from here
#define TU_COUNTOF_FUNC countof_ns
                        ^
/home/parallels/soft/my/countof_ns/include/countof_ns.h:98:53: note: expanded from macro 'countof_ns'
    #define countof_ns(a)  (_countof_ns_unsafe(a) + _countof_ns_must_be(a))
                                                    ^
note: (skipping 2 expansions in backtrace; use -fmacro-backtrace-limit=0 to see all)
/home/parallels/soft/my/countof_ns/tests/unit/tu_stub.h:97:71: note: expanded from macro 'TU_ASSERT_AND_RETURN'
            _TU_ASSERT_AND_RETURN("TU_ASSERT_AND_RETURN", (desired), (computed))
            ~~~~~~~~~~~~~~~~~~~~~~~~~~~~~~~~~~~~~~~~~~~~~~~~~~~~~~~~~~^~~~~~~~~~
/home/parallels/soft/my/countof_ns/tests/unit/tu_stub.h:92:43: note: expanded from macro '_TU_ASSERT_AND_RETURN'
            TU_FAIL((method), (desired), (computed)); \
            ~~~~~~~~~~~~~~~~~~~~~~~~~~~~~~^~~~~~~~~~
/home/parallels/soft/my/countof_ns/tests/unit/tu_stub.h:75:40: note: expanded from macro 'TU_FAIL'
                } else if ((long long)(computed) &lt;= (long long)(desired)) { \
                                       ^~~~~~~~
6 errors generated.
gmake[3]: *** [tests/unit/CMakeFiles/pos_vla_n0.dir/build.make:79: tests/unit/CMakeFiles/pos_vla_n0.dir/tu_stub.c.o] Ошибка 1
gmake[2]: *** [CMakeFiles/Makefile2:1550: tests/unit/CMakeFiles/pos_vla_n0.dir/all] Ошибка 2
gmake[1]: *** [CMakeFiles/Makefile2:1557: tests/unit/CMakeFiles/pos_vla_n0.dir/rule] Ошибка 2
gmake: *** [Makefile:628: pos_vla_n0] Ошибка 2

</system-out>
	</testcase>
	<testcase name="pos_vla_n0_c11" classname="pos_vla_n0_c11" time="0.168448" status="fail">
		<failure message="Failed"/>
		<properties>
			<property name="cmake_labels" value="countof_ns;default"/>
		</properties>
		<system-out>Internal cmake changing into directory: /home/parallels/soft/my/countof_ns/build/Linux_clang-14_clang++-14
Change Dir: '/home/parallels/soft/my/countof_ns/build/Linux_clang-14_clang++-14'

Run Build Command(s): /usr/bin/gmake -f Makefile pos_vla_n0_c11
[  0%] Built target CounofNS
[100%] Built target pos_vla_n0_c11

Running test command: "/home/parallels/soft/my/countof_ns/build/Linux_clang-14_clang++-14/tests/unit/pos_vla_n0_c11"
Test command failed: /home/parallels/soft/my/countof_ns/build/Linux_clang-14_clang++-14/tests/unit/pos_vla_n0_c11
Fail 0 desired=1 TU_ASSERT_AND_RETURN(((d1)), ...) /home/parallels/soft/my/countof_ns/tests/unit/pos_vla_n0.h:pos_vla_n0.h:TU_UNIT for countof_ns.h:countof_ns() with C11&amp;VLA, C 202000L

</system-out>
	</testcase>
	<testcase name="pos_vla_struct_n0" classname="pos_vla_struct_n0" time="0.188807" status="fail">
		<failure message="Failed"/>
		<properties>
			<property name="cmake_labels" value="countof_ns;default"/>
		</properties>
		<system-out>Internal cmake changing into directory: /home/parallels/soft/my/countof_ns/build/Linux_clang-14_clang++-14
Change Dir: '/home/parallels/soft/my/countof_ns/build/Linux_clang-14_clang++-14'

Run Build Command(s): /usr/bin/gmake -f Makefile pos_vla_struct_n0
[  0%] Built target CounofNS
[ 50%] Building C object tests/unit/CMakeFiles/pos_vla_struct_n0.dir/tu_stub.c.o
In file included from /home/parallels/soft/my/countof_ns/tests/unit/tu_stub.c:5:
In file included from /home/parallels/soft/my/countof_ns/tests/unit/tu_stub.h:106:
/home/parallels/soft/my/countof_ns/tests/unit/pos_vla_struct_n0.h:7:30: error: type 'typeof (*(a)) (*)[(!sizeof (*(a)) ? 0 : sizeof (a) / (sizeof (*(a)) ? sizeof (*(a)) : (size_t)-1))]' (aka 'struct (unnamed at /home/parallels/soft/my/countof_ns/tests/unit/pos_vla_struct_n0.h:4:5) (*)[(!sizeof (*(a)) ? 0 : sizeof (a) / (sizeof (*(a)) ? sizeof (*(a)) : (size_t)-1))]') in generic association is a variably modified type
    TU_ASSERT_AND_RETURN(d1, TU_COUNTOF(a));
    ~~~~~~~~~~~~~~~~~~~~~~~~~^~~~~~~~~~~~~~
/home/parallels/soft/my/countof_ns/tests/unit/tu_stub.h:18:25: note: expanded from macro 'TU_COUNTOF'
#define TU_COUNTOF(a)  (TU_COUNTOF_FUNC(a))
                        ^
&lt;command line&gt;:13:25: note: expanded from here
#define TU_COUNTOF_FUNC countof_ns
                        ^
/home/parallels/soft/my/countof_ns/include/countof_ns.h:98:53: note: expanded from macro 'countof_ns'
    #define countof_ns(a)  (_countof_ns_unsafe(a) + _countof_ns_must_be(a))
                                                    ^
note: (skipping 1 expansions in backtrace; use -fmacro-backtrace-limit=0 to see all)
/home/parallels/soft/my/countof_ns/include/countof_ns.h:72:40: note: expanded from macro '_countof_ns_typeof'
        #define _countof_ns_typeof(t)  __typeof__(t)
                                       ^
/home/parallels/soft/my/countof_ns/tests/unit/tu_stub.h:97:71: note: expanded from macro 'TU_ASSERT_AND_RETURN'
            _TU_ASSERT_AND_RETURN("TU_ASSERT_AND_RETURN", (desired), (computed))
            ~~~~~~~~~~~~~~~~~~~~~~~~~~~~~~~~~~~~~~~~~~~~~~~~~~~~~~~~~~^~~~~~~~~~
/home/parallels/soft/my/countof_ns/tests/unit/tu_stub.h:84:31: note: expanded from macro '_TU_ASSERT_AND_RETURN'
            if ((desired) == (computed)) { \
                              ^~~~~~~~
In file included from /home/parallels/soft/my/countof_ns/tests/unit/tu_stub.c:5:
In file included from /home/parallels/soft/my/countof_ns/tests/unit/tu_stub.h:106:
/home/parallels/soft/my/countof_ns/tests/unit/pos_vla_struct_n0.h:7:30: error: type 'typeof (*(a)) (*)[(!sizeof (*(a)) ? 0 : sizeof (a) / (sizeof (*(a)) ? sizeof (*(a)) : (size_t)-1))]' (aka 'struct (unnamed at /home/parallels/soft/my/countof_ns/tests/unit/pos_vla_struct_n0.h:4:5) (*)[(!sizeof (*(a)) ? 0 : sizeof (a) / (sizeof (*(a)) ? sizeof (*(a)) : (size_t)-1))]') in generic association is a variably modified type
    TU_ASSERT_AND_RETURN(d1, TU_COUNTOF(a));
    ~~~~~~~~~~~~~~~~~~~~~~~~~^~~~~~~~~~~~~~
/home/parallels/soft/my/countof_ns/tests/unit/tu_stub.h:18:25: note: expanded from macro 'TU_COUNTOF'
#define TU_COUNTOF(a)  (TU_COUNTOF_FUNC(a))
                        ^
&lt;command line&gt;:13:25: note: expanded from here
#define TU_COUNTOF_FUNC countof_ns
                        ^
/home/parallels/soft/my/countof_ns/include/countof_ns.h:98:53: note: expanded from macro 'countof_ns'
    #define countof_ns(a)  (_countof_ns_unsafe(a) + _countof_ns_must_be(a))
                                                    ^
note: (skipping 1 expansions in backtrace; use -fmacro-backtrace-limit=0 to see all)
/home/parallels/soft/my/countof_ns/include/countof_ns.h:72:40: note: expanded from macro '_countof_ns_typeof'
        #define _countof_ns_typeof(t)  __typeof__(t)
                                       ^
/home/parallels/soft/my/countof_ns/tests/unit/tu_stub.h:97:71: note: expanded from macro 'TU_ASSERT_AND_RETURN'
            _TU_ASSERT_AND_RETURN("TU_ASSERT_AND_RETURN", (desired), (computed))
            ~~~~~~~~~~~~~~~~~~~~~~~~~~~~~~~~~~~~~~~~~~~~~~~~~~~~~~~~~~^~~~~~~~~~
/home/parallels/soft/my/countof_ns/tests/unit/tu_stub.h:88:25: note: expanded from macro '_TU_ASSERT_AND_RETURN'
                       (computed), (method), (#desired), (size_t)(desired)); \
                        ^~~~~~~~
In file included from /home/parallels/soft/my/countof_ns/tests/unit/tu_stub.c:5:
In file included from /home/parallels/soft/my/countof_ns/tests/unit/tu_stub.h:106:
/home/parallels/soft/my/countof_ns/tests/unit/pos_vla_struct_n0.h:7:30: error: type 'typeof (*(a)) (*)[(!sizeof (*(a)) ? 0 : sizeof (a) / (sizeof (*(a)) ? sizeof (*(a)) : (size_t)-1))]' (aka 'struct (unnamed at /home/parallels/soft/my/countof_ns/tests/unit/pos_vla_struct_n0.h:4:5) (*)[(!sizeof (*(a)) ? 0 : sizeof (a) / (sizeof (*(a)) ? sizeof (*(a)) : (size_t)-1))]') in generic association is a variably modified type
    TU_ASSERT_AND_RETURN(d1, TU_COUNTOF(a));
    ~~~~~~~~~~~~~~~~~~~~~~~~~^~~~~~~~~~~~~~
/home/parallels/soft/my/countof_ns/tests/unit/tu_stub.h:18:25: note: expanded from macro 'TU_COUNTOF'
#define TU_COUNTOF(a)  (TU_COUNTOF_FUNC(a))
                        ^
&lt;command line&gt;:13:25: note: expanded from here
#define TU_COUNTOF_FUNC countof_ns
                        ^
/home/parallels/soft/my/countof_ns/include/countof_ns.h:98:53: note: expanded from macro 'countof_ns'
    #define countof_ns(a)  (_countof_ns_unsafe(a) + _countof_ns_must_be(a))
                                                    ^
note: (skipping 2 expansions in backtrace; use -fmacro-backtrace-limit=0 to see all)
/home/parallels/soft/my/countof_ns/tests/unit/tu_stub.h:97:71: note: expanded from macro 'TU_ASSERT_AND_RETURN'
            _TU_ASSERT_AND_RETURN("TU_ASSERT_AND_RETURN", (desired), (computed))
            ~~~~~~~~~~~~~~~~~~~~~~~~~~~~~~~~~~~~~~~~~~~~~~~~~~~~~~~~~~^~~~~~~~~~
/home/parallels/soft/my/countof_ns/tests/unit/tu_stub.h:92:43: note: expanded from macro '_TU_ASSERT_AND_RETURN'
            TU_FAIL((method), (desired), (computed)); \
            ~~~~~~~~~~~~~~~~~~~~~~~~~~~~~~^~~~~~~~~~
/home/parallels/soft/my/countof_ns/tests/unit/tu_stub.h:69:35: note: expanded from macro 'TU_FAIL'
            if(_TU_TODO_MAGIC != (computed)) { \
                                  ^~~~~~~~
In file included from /home/parallels/soft/my/countof_ns/tests/unit/tu_stub.c:5:
In file included from /home/parallels/soft/my/countof_ns/tests/unit/tu_stub.h:106:
/home/parallels/soft/my/countof_ns/tests/unit/pos_vla_struct_n0.h:7:30: error: type 'typeof (*(a)) (*)[(!sizeof (*(a)) ? 0 : sizeof (a) / (sizeof (*(a)) ? sizeof (*(a)) : (size_t)-1))]' (aka 'struct (unnamed at /home/parallels/soft/my/countof_ns/tests/unit/pos_vla_struct_n0.h:4:5) (*)[(!sizeof (*(a)) ? 0 : sizeof (a) / (sizeof (*(a)) ? sizeof (*(a)) : (size_t)-1))]') in generic association is a variably modified type
    TU_ASSERT_AND_RETURN(d1, TU_COUNTOF(a));
    ~~~~~~~~~~~~~~~~~~~~~~~~~^~~~~~~~~~~~~~
/home/parallels/soft/my/countof_ns/tests/unit/tu_stub.h:18:25: note: expanded from macro 'TU_COUNTOF'
#define TU_COUNTOF(a)  (TU_COUNTOF_FUNC(a))
                        ^
&lt;command line&gt;:13:25: note: expanded from here
#define TU_COUNTOF_FUNC countof_ns
                        ^
/home/parallels/soft/my/countof_ns/include/countof_ns.h:98:53: note: expanded from macro 'countof_ns'
    #define countof_ns(a)  (_countof_ns_unsafe(a) + _countof_ns_must_be(a))
                                                    ^
note: (skipping 2 expansions in backtrace; use -fmacro-backtrace-limit=0 to see all)
/home/parallels/soft/my/countof_ns/tests/unit/tu_stub.h:97:71: note: expanded from macro 'TU_ASSERT_AND_RETURN'
            _TU_ASSERT_AND_RETURN("TU_ASSERT_AND_RETURN", (desired), (computed))
            ~~~~~~~~~~~~~~~~~~~~~~~~~~~~~~~~~~~~~~~~~~~~~~~~~~~~~~~~~~^~~~~~~~~~
/home/parallels/soft/my/countof_ns/tests/unit/tu_stub.h:92:43: note: expanded from macro '_TU_ASSERT_AND_RETURN'
            TU_FAIL((method), (desired), (computed)); \
            ~~~~~~~~~~~~~~~~~~~~~~~~~~~~~~^~~~~~~~~~
/home/parallels/soft/my/countof_ns/tests/unit/tu_stub.h:71:25: note: expanded from macro 'TU_FAIL'
                       (computed), (size_t)(desired), (method), (#desired)); \
                        ^~~~~~~~
In file included from /home/parallels/soft/my/countof_ns/tests/unit/tu_stub.c:5:
In file included from /home/parallels/soft/my/countof_ns/tests/unit/tu_stub.h:106:
/home/parallels/soft/my/countof_ns/tests/unit/pos_vla_struct_n0.h:7:30: error: type 'typeof (*(a)) (*)[(!sizeof (*(a)) ? 0 : sizeof (a) / (sizeof (*(a)) ? sizeof (*(a)) : (size_t)-1))]' (aka 'struct (unnamed at /home/parallels/soft/my/countof_ns/tests/unit/pos_vla_struct_n0.h:4:5) (*)[(!sizeof (*(a)) ? 0 : sizeof (a) / (sizeof (*(a)) ? sizeof (*(a)) : (size_t)-1))]') in generic association is a variably modified type
    TU_ASSERT_AND_RETURN(d1, TU_COUNTOF(a));
    ~~~~~~~~~~~~~~~~~~~~~~~~~^~~~~~~~~~~~~~
/home/parallels/soft/my/countof_ns/tests/unit/tu_stub.h:18:25: note: expanded from macro 'TU_COUNTOF'
#define TU_COUNTOF(a)  (TU_COUNTOF_FUNC(a))
                        ^
&lt;command line&gt;:13:25: note: expanded from here
#define TU_COUNTOF_FUNC countof_ns
                        ^
/home/parallels/soft/my/countof_ns/include/countof_ns.h:98:53: note: expanded from macro 'countof_ns'
    #define countof_ns(a)  (_countof_ns_unsafe(a) + _countof_ns_must_be(a))
                                                    ^
note: (skipping 2 expansions in backtrace; use -fmacro-backtrace-limit=0 to see all)
/home/parallels/soft/my/countof_ns/tests/unit/tu_stub.h:97:71: note: expanded from macro 'TU_ASSERT_AND_RETURN'
            _TU_ASSERT_AND_RETURN("TU_ASSERT_AND_RETURN", (desired), (computed))
            ~~~~~~~~~~~~~~~~~~~~~~~~~~~~~~~~~~~~~~~~~~~~~~~~~~~~~~~~~~^~~~~~~~~~
/home/parallels/soft/my/countof_ns/tests/unit/tu_stub.h:92:43: note: expanded from macro '_TU_ASSERT_AND_RETURN'
            TU_FAIL((method), (desired), (computed)); \
            ~~~~~~~~~~~~~~~~~~~~~~~~~~~~~~^~~~~~~~~~
/home/parallels/soft/my/countof_ns/tests/unit/tu_stub.h:73:27: note: expanded from macro 'TU_FAIL'
                if (0 == (computed)) { \
                          ^~~~~~~~
In file included from /home/parallels/soft/my/countof_ns/tests/unit/tu_stub.c:5:
In file included from /home/parallels/soft/my/countof_ns/tests/unit/tu_stub.h:106:
/home/parallels/soft/my/countof_ns/tests/unit/pos_vla_struct_n0.h:7:30: error: type 'typeof (*(a)) (*)[(!sizeof (*(a)) ? 0 : sizeof (a) / (sizeof (*(a)) ? sizeof (*(a)) : (size_t)-1))]' (aka 'struct (unnamed at /home/parallels/soft/my/countof_ns/tests/unit/pos_vla_struct_n0.h:4:5) (*)[(!sizeof (*(a)) ? 0 : sizeof (a) / (sizeof (*(a)) ? sizeof (*(a)) : (size_t)-1))]') in generic association is a variably modified type
    TU_ASSERT_AND_RETURN(d1, TU_COUNTOF(a));
    ~~~~~~~~~~~~~~~~~~~~~~~~~^~~~~~~~~~~~~~
/home/parallels/soft/my/countof_ns/tests/unit/tu_stub.h:18:25: note: expanded from macro 'TU_COUNTOF'
#define TU_COUNTOF(a)  (TU_COUNTOF_FUNC(a))
                        ^
&lt;command line&gt;:13:25: note: expanded from here
#define TU_COUNTOF_FUNC countof_ns
                        ^
/home/parallels/soft/my/countof_ns/include/countof_ns.h:98:53: note: expanded from macro 'countof_ns'
    #define countof_ns(a)  (_countof_ns_unsafe(a) + _countof_ns_must_be(a))
                                                    ^
note: (skipping 2 expansions in backtrace; use -fmacro-backtrace-limit=0 to see all)
/home/parallels/soft/my/countof_ns/tests/unit/tu_stub.h:97:71: note: expanded from macro 'TU_ASSERT_AND_RETURN'
            _TU_ASSERT_AND_RETURN("TU_ASSERT_AND_RETURN", (desired), (computed))
            ~~~~~~~~~~~~~~~~~~~~~~~~~~~~~~~~~~~~~~~~~~~~~~~~~~~~~~~~~~^~~~~~~~~~
/home/parallels/soft/my/countof_ns/tests/unit/tu_stub.h:92:43: note: expanded from macro '_TU_ASSERT_AND_RETURN'
            TU_FAIL((method), (desired), (computed)); \
            ~~~~~~~~~~~~~~~~~~~~~~~~~~~~~~^~~~~~~~~~
/home/parallels/soft/my/countof_ns/tests/unit/tu_stub.h:75:40: note: expanded from macro 'TU_FAIL'
                } else if ((long long)(computed) &lt;= (long long)(desired)) { \
                                       ^~~~~~~~
6 errors generated.
gmake[3]: *** [tests/unit/CMakeFiles/pos_vla_struct_n0.dir/build.make:79: tests/unit/CMakeFiles/pos_vla_struct_n0.dir/tu_stub.c.o] Ошибка 1
gmake[2]: *** [CMakeFiles/Makefile2:1614: tests/unit/CMakeFiles/pos_vla_struct_n0.dir/all] Ошибка 2
gmake[1]: *** [CMakeFiles/Makefile2:1621: tests/unit/CMakeFiles/pos_vla_struct_n0.dir/rule] Ошибка 2
gmake: *** [Makefile:654: pos_vla_struct_n0] Ошибка 2

</system-out>
	</testcase>
	<testcase name="pos_vla_struct_n0_c11" classname="pos_vla_struct_n0_c11" time="0.170408" status="fail">
		<failure message="Failed"/>
		<properties>
			<property name="cmake_labels" value="countof_ns;default"/>
		</properties>
		<system-out>Internal cmake changing into directory: /home/parallels/soft/my/countof_ns/build/Linux_clang-14_clang++-14
Change Dir: '/home/parallels/soft/my/countof_ns/build/Linux_clang-14_clang++-14'

Run Build Command(s): /usr/bin/gmake -f Makefile pos_vla_struct_n0_c11
[  0%] Built target CounofNS
[100%] Built target pos_vla_struct_n0_c11

Running test command: "/home/parallels/soft/my/countof_ns/build/Linux_clang-14_clang++-14/tests/unit/pos_vla_struct_n0_c11"
Test command failed: /home/parallels/soft/my/countof_ns/build/Linux_clang-14_clang++-14/tests/unit/pos_vla_struct_n0_c11
Fail 0 desired=1 TU_ASSERT_AND_RETURN(((d1)), ...) /home/parallels/soft/my/countof_ns/tests/unit/pos_vla_struct_n0.h:pos_vla_struct_n0.h:TU_UNIT for countof_ns.h:countof_ns() with C11&amp;VLA, C 202000L

</system-out>
	</testcase>
	<testcase name="pos_vla_struct_zla_00" classname="pos_vla_struct_zla_00" time="0.210006" status="fail">
		<failure message="Failed"/>
		<properties>
			<property name="cmake_labels" value="countof_ns;default"/>
		</properties>
		<system-out>Internal cmake changing into directory: /home/parallels/soft/my/countof_ns/build/Linux_clang-14_clang++-14
Change Dir: '/home/parallels/soft/my/countof_ns/build/Linux_clang-14_clang++-14'

Run Build Command(s): /usr/bin/gmake -f Makefile pos_vla_struct_zla_00
[  0%] Built target CounofNS
[100%] Building C object tests/unit/CMakeFiles/pos_vla_struct_zla_00.dir/tu_stub.c.o
In file included from /home/parallels/soft/my/countof_ns/tests/unit/tu_stub.c:5:
In file included from /home/parallels/soft/my/countof_ns/tests/unit/tu_stub.h:106:
/home/parallels/soft/my/countof_ns/tests/unit/pos_vla_struct_zla_00.h:5:30: error: type 'typeof (*(a)) (*)[(!sizeof (*(a)) ? 0 : sizeof (a) / (sizeof (*(a)) ? sizeof (*(a)) : (size_t)-1))]' (aka 'struct (unnamed at /home/parallels/soft/my/countof_ns/tests/unit/pos_vla_struct_zla_00.h:4:5) (*)[(!sizeof (*(a)) ? 0 : sizeof (a) / (sizeof (*(a)) ? sizeof (*(a)) : (size_t)-1))]') in generic association is a variably modified type
    TU_ASSERT_AND_RETURN(d0, TU_COUNTOF(a));
    ~~~~~~~~~~~~~~~~~~~~~~~~~^~~~~~~~~~~~~~
/home/parallels/soft/my/countof_ns/tests/unit/tu_stub.h:18:25: note: expanded from macro 'TU_COUNTOF'
#define TU_COUNTOF(a)  (TU_COUNTOF_FUNC(a))
                        ^
&lt;command line&gt;:13:25: note: expanded from here
#define TU_COUNTOF_FUNC countof_ns
                        ^
/home/parallels/soft/my/countof_ns/include/countof_ns.h:98:53: note: expanded from macro 'countof_ns'
    #define countof_ns(a)  (_countof_ns_unsafe(a) + _countof_ns_must_be(a))
                                                    ^
note: (skipping 1 expansions in backtrace; use -fmacro-backtrace-limit=0 to see all)
/home/parallels/soft/my/countof_ns/include/countof_ns.h:72:40: note: expanded from macro '_countof_ns_typeof'
        #define _countof_ns_typeof(t)  __typeof__(t)
                                       ^
/home/parallels/soft/my/countof_ns/tests/unit/tu_stub.h:97:71: note: expanded from macro 'TU_ASSERT_AND_RETURN'
            _TU_ASSERT_AND_RETURN("TU_ASSERT_AND_RETURN", (desired), (computed))
            ~~~~~~~~~~~~~~~~~~~~~~~~~~~~~~~~~~~~~~~~~~~~~~~~~~~~~~~~~~^~~~~~~~~~
/home/parallels/soft/my/countof_ns/tests/unit/tu_stub.h:84:31: note: expanded from macro '_TU_ASSERT_AND_RETURN'
            if ((desired) == (computed)) { \
                              ^~~~~~~~
In file included from /home/parallels/soft/my/countof_ns/tests/unit/tu_stub.c:5:
In file included from /home/parallels/soft/my/countof_ns/tests/unit/tu_stub.h:106:
/home/parallels/soft/my/countof_ns/tests/unit/pos_vla_struct_zla_00.h:5:30: error: type 'typeof (*(a)) (*)[(!sizeof (*(a)) ? 0 : sizeof (a) / (sizeof (*(a)) ? sizeof (*(a)) : (size_t)-1))]' (aka 'struct (unnamed at /home/parallels/soft/my/countof_ns/tests/unit/pos_vla_struct_zla_00.h:4:5) (*)[(!sizeof (*(a)) ? 0 : sizeof (a) / (sizeof (*(a)) ? sizeof (*(a)) : (size_t)-1))]') in generic association is a variably modified type
    TU_ASSERT_AND_RETURN(d0, TU_COUNTOF(a));
    ~~~~~~~~~~~~~~~~~~~~~~~~~^~~~~~~~~~~~~~
/home/parallels/soft/my/countof_ns/tests/unit/tu_stub.h:18:25: note: expanded from macro 'TU_COUNTOF'
#define TU_COUNTOF(a)  (TU_COUNTOF_FUNC(a))
                        ^
&lt;command line&gt;:13:25: note: expanded from here
#define TU_COUNTOF_FUNC countof_ns
                        ^
/home/parallels/soft/my/countof_ns/include/countof_ns.h:98:53: note: expanded from macro 'countof_ns'
    #define countof_ns(a)  (_countof_ns_unsafe(a) + _countof_ns_must_be(a))
                                                    ^
note: (skipping 1 expansions in backtrace; use -fmacro-backtrace-limit=0 to see all)
/home/parallels/soft/my/countof_ns/include/countof_ns.h:72:40: note: expanded from macro '_countof_ns_typeof'
        #define _countof_ns_typeof(t)  __typeof__(t)
                                       ^
/home/parallels/soft/my/countof_ns/tests/unit/tu_stub.h:97:71: note: expanded from macro 'TU_ASSERT_AND_RETURN'
            _TU_ASSERT_AND_RETURN("TU_ASSERT_AND_RETURN", (desired), (computed))
            ~~~~~~~~~~~~~~~~~~~~~~~~~~~~~~~~~~~~~~~~~~~~~~~~~~~~~~~~~~^~~~~~~~~~
/home/parallels/soft/my/countof_ns/tests/unit/tu_stub.h:88:25: note: expanded from macro '_TU_ASSERT_AND_RETURN'
                       (computed), (method), (#desired), (size_t)(desired)); \
                        ^~~~~~~~
In file included from /home/parallels/soft/my/countof_ns/tests/unit/tu_stub.c:5:
In file included from /home/parallels/soft/my/countof_ns/tests/unit/tu_stub.h:106:
/home/parallels/soft/my/countof_ns/tests/unit/pos_vla_struct_zla_00.h:5:30: error: type 'typeof (*(a)) (*)[(!sizeof (*(a)) ? 0 : sizeof (a) / (sizeof (*(a)) ? sizeof (*(a)) : (size_t)-1))]' (aka 'struct (unnamed at /home/parallels/soft/my/countof_ns/tests/unit/pos_vla_struct_zla_00.h:4:5) (*)[(!sizeof (*(a)) ? 0 : sizeof (a) / (sizeof (*(a)) ? sizeof (*(a)) : (size_t)-1))]') in generic association is a variably modified type
    TU_ASSERT_AND_RETURN(d0, TU_COUNTOF(a));
    ~~~~~~~~~~~~~~~~~~~~~~~~~^~~~~~~~~~~~~~
/home/parallels/soft/my/countof_ns/tests/unit/tu_stub.h:18:25: note: expanded from macro 'TU_COUNTOF'
#define TU_COUNTOF(a)  (TU_COUNTOF_FUNC(a))
                        ^
&lt;command line&gt;:13:25: note: expanded from here
#define TU_COUNTOF_FUNC countof_ns
                        ^
/home/parallels/soft/my/countof_ns/include/countof_ns.h:98:53: note: expanded from macro 'countof_ns'
    #define countof_ns(a)  (_countof_ns_unsafe(a) + _countof_ns_must_be(a))
                                                    ^
note: (skipping 2 expansions in backtrace; use -fmacro-backtrace-limit=0 to see all)
/home/parallels/soft/my/countof_ns/tests/unit/tu_stub.h:97:71: note: expanded from macro 'TU_ASSERT_AND_RETURN'
            _TU_ASSERT_AND_RETURN("TU_ASSERT_AND_RETURN", (desired), (computed))
            ~~~~~~~~~~~~~~~~~~~~~~~~~~~~~~~~~~~~~~~~~~~~~~~~~~~~~~~~~~^~~~~~~~~~
/home/parallels/soft/my/countof_ns/tests/unit/tu_stub.h:92:43: note: expanded from macro '_TU_ASSERT_AND_RETURN'
            TU_FAIL((method), (desired), (computed)); \
            ~~~~~~~~~~~~~~~~~~~~~~~~~~~~~~^~~~~~~~~~
/home/parallels/soft/my/countof_ns/tests/unit/tu_stub.h:69:35: note: expanded from macro 'TU_FAIL'
            if(_TU_TODO_MAGIC != (computed)) { \
                                  ^~~~~~~~
In file included from /home/parallels/soft/my/countof_ns/tests/unit/tu_stub.c:5:
In file included from /home/parallels/soft/my/countof_ns/tests/unit/tu_stub.h:106:
/home/parallels/soft/my/countof_ns/tests/unit/pos_vla_struct_zla_00.h:5:30: error: type 'typeof (*(a)) (*)[(!sizeof (*(a)) ? 0 : sizeof (a) / (sizeof (*(a)) ? sizeof (*(a)) : (size_t)-1))]' (aka 'struct (unnamed at /home/parallels/soft/my/countof_ns/tests/unit/pos_vla_struct_zla_00.h:4:5) (*)[(!sizeof (*(a)) ? 0 : sizeof (a) / (sizeof (*(a)) ? sizeof (*(a)) : (size_t)-1))]') in generic association is a variably modified type
    TU_ASSERT_AND_RETURN(d0, TU_COUNTOF(a));
    ~~~~~~~~~~~~~~~~~~~~~~~~~^~~~~~~~~~~~~~
/home/parallels/soft/my/countof_ns/tests/unit/tu_stub.h:18:25: note: expanded from macro 'TU_COUNTOF'
#define TU_COUNTOF(a)  (TU_COUNTOF_FUNC(a))
                        ^
&lt;command line&gt;:13:25: note: expanded from here
#define TU_COUNTOF_FUNC countof_ns
                        ^
/home/parallels/soft/my/countof_ns/include/countof_ns.h:98:53: note: expanded from macro 'countof_ns'
    #define countof_ns(a)  (_countof_ns_unsafe(a) + _countof_ns_must_be(a))
                                                    ^
note: (skipping 2 expansions in backtrace; use -fmacro-backtrace-limit=0 to see all)
/home/parallels/soft/my/countof_ns/tests/unit/tu_stub.h:97:71: note: expanded from macro 'TU_ASSERT_AND_RETURN'
            _TU_ASSERT_AND_RETURN("TU_ASSERT_AND_RETURN", (desired), (computed))
            ~~~~~~~~~~~~~~~~~~~~~~~~~~~~~~~~~~~~~~~~~~~~~~~~~~~~~~~~~~^~~~~~~~~~
/home/parallels/soft/my/countof_ns/tests/unit/tu_stub.h:92:43: note: expanded from macro '_TU_ASSERT_AND_RETURN'
            TU_FAIL((method), (desired), (computed)); \
            ~~~~~~~~~~~~~~~~~~~~~~~~~~~~~~^~~~~~~~~~
/home/parallels/soft/my/countof_ns/tests/unit/tu_stub.h:71:25: note: expanded from macro 'TU_FAIL'
                       (computed), (size_t)(desired), (method), (#desired)); \
                        ^~~~~~~~
In file included from /home/parallels/soft/my/countof_ns/tests/unit/tu_stub.c:5:
In file included from /home/parallels/soft/my/countof_ns/tests/unit/tu_stub.h:106:
/home/parallels/soft/my/countof_ns/tests/unit/pos_vla_struct_zla_00.h:5:30: error: type 'typeof (*(a)) (*)[(!sizeof (*(a)) ? 0 : sizeof (a) / (sizeof (*(a)) ? sizeof (*(a)) : (size_t)-1))]' (aka 'struct (unnamed at /home/parallels/soft/my/countof_ns/tests/unit/pos_vla_struct_zla_00.h:4:5) (*)[(!sizeof (*(a)) ? 0 : sizeof (a) / (sizeof (*(a)) ? sizeof (*(a)) : (size_t)-1))]') in generic association is a variably modified type
    TU_ASSERT_AND_RETURN(d0, TU_COUNTOF(a));
    ~~~~~~~~~~~~~~~~~~~~~~~~~^~~~~~~~~~~~~~
/home/parallels/soft/my/countof_ns/tests/unit/tu_stub.h:18:25: note: expanded from macro 'TU_COUNTOF'
#define TU_COUNTOF(a)  (TU_COUNTOF_FUNC(a))
                        ^
&lt;command line&gt;:13:25: note: expanded from here
#define TU_COUNTOF_FUNC countof_ns
                        ^
/home/parallels/soft/my/countof_ns/include/countof_ns.h:98:53: note: expanded from macro 'countof_ns'
    #define countof_ns(a)  (_countof_ns_unsafe(a) + _countof_ns_must_be(a))
                                                    ^
note: (skipping 2 expansions in backtrace; use -fmacro-backtrace-limit=0 to see all)
/home/parallels/soft/my/countof_ns/tests/unit/tu_stub.h:97:71: note: expanded from macro 'TU_ASSERT_AND_RETURN'
            _TU_ASSERT_AND_RETURN("TU_ASSERT_AND_RETURN", (desired), (computed))
            ~~~~~~~~~~~~~~~~~~~~~~~~~~~~~~~~~~~~~~~~~~~~~~~~~~~~~~~~~~^~~~~~~~~~
/home/parallels/soft/my/countof_ns/tests/unit/tu_stub.h:92:43: note: expanded from macro '_TU_ASSERT_AND_RETURN'
            TU_FAIL((method), (desired), (computed)); \
            ~~~~~~~~~~~~~~~~~~~~~~~~~~~~~~^~~~~~~~~~
/home/parallels/soft/my/countof_ns/tests/unit/tu_stub.h:73:27: note: expanded from macro 'TU_FAIL'
                if (0 == (computed)) { \
                          ^~~~~~~~
In file included from /home/parallels/soft/my/countof_ns/tests/unit/tu_stub.c:5:
In file included from /home/parallels/soft/my/countof_ns/tests/unit/tu_stub.h:106:
/home/parallels/soft/my/countof_ns/tests/unit/pos_vla_struct_zla_00.h:5:30: error: type 'typeof (*(a)) (*)[(!sizeof (*(a)) ? 0 : sizeof (a) / (sizeof (*(a)) ? sizeof (*(a)) : (size_t)-1))]' (aka 'struct (unnamed at /home/parallels/soft/my/countof_ns/tests/unit/pos_vla_struct_zla_00.h:4:5) (*)[(!sizeof (*(a)) ? 0 : sizeof (a) / (sizeof (*(a)) ? sizeof (*(a)) : (size_t)-1))]') in generic association is a variably modified type
    TU_ASSERT_AND_RETURN(d0, TU_COUNTOF(a));
    ~~~~~~~~~~~~~~~~~~~~~~~~~^~~~~~~~~~~~~~
/home/parallels/soft/my/countof_ns/tests/unit/tu_stub.h:18:25: note: expanded from macro 'TU_COUNTOF'
#define TU_COUNTOF(a)  (TU_COUNTOF_FUNC(a))
                        ^
&lt;command line&gt;:13:25: note: expanded from here
#define TU_COUNTOF_FUNC countof_ns
                        ^
/home/parallels/soft/my/countof_ns/include/countof_ns.h:98:53: note: expanded from macro 'countof_ns'
    #define countof_ns(a)  (_countof_ns_unsafe(a) + _countof_ns_must_be(a))
                                                    ^
note: (skipping 2 expansions in backtrace; use -fmacro-backtrace-limit=0 to see all)
/home/parallels/soft/my/countof_ns/tests/unit/tu_stub.h:97:71: note: expanded from macro 'TU_ASSERT_AND_RETURN'
            _TU_ASSERT_AND_RETURN("TU_ASSERT_AND_RETURN", (desired), (computed))
            ~~~~~~~~~~~~~~~~~~~~~~~~~~~~~~~~~~~~~~~~~~~~~~~~~~~~~~~~~~^~~~~~~~~~
/home/parallels/soft/my/countof_ns/tests/unit/tu_stub.h:92:43: note: expanded from macro '_TU_ASSERT_AND_RETURN'
            TU_FAIL((method), (desired), (computed)); \
            ~~~~~~~~~~~~~~~~~~~~~~~~~~~~~~^~~~~~~~~~
/home/parallels/soft/my/countof_ns/tests/unit/tu_stub.h:75:40: note: expanded from macro 'TU_FAIL'
                } else if ((long long)(computed) &lt;= (long long)(desired)) { \
                                       ^~~~~~~~
6 errors generated.
gmake[3]: *** [tests/unit/CMakeFiles/pos_vla_struct_zla_00.dir/build.make:79: tests/unit/CMakeFiles/pos_vla_struct_zla_00.dir/tu_stub.c.o] Ошибка 1
gmake[2]: *** [CMakeFiles/Makefile2:1678: tests/unit/CMakeFiles/pos_vla_struct_zla_00.dir/all] Ошибка 2
gmake[1]: *** [CMakeFiles/Makefile2:1685: tests/unit/CMakeFiles/pos_vla_struct_zla_00.dir/rule] Ошибка 2
gmake: *** [Makefile:680: pos_vla_struct_zla_00] Ошибка 2

</system-out>
	</testcase>
	<testcase name="pos_vla_struct_zla_00_c11" classname="pos_vla_struct_zla_00_c11" time="0.00226287" status="run">
		<properties>
			<property name="cmake_labels" value="countof_ns;default"/>
		</properties>
		<system-out>Ok 0 TU_ASSERT_AND_RETURN((d0)=0, ...) /home/parallels/soft/my/countof_ns/tests/unit/pos_vla_struct_zla_00.h:pos_vla_struct_zla_00.h:TU_UNIT for countof_ns.h:countof_ns() with C11&amp;VLA, C 202000L
</system-out>
	</testcase>
	<testcase name="pos_vla_zla_00" classname="pos_vla_zla_00" time="0.191044" status="fail">
		<failure message="Failed"/>
		<properties>
			<property name="cmake_labels" value="countof_ns;default"/>
		</properties>
		<system-out>Internal cmake changing into directory: /home/parallels/soft/my/countof_ns/build/Linux_clang-14_clang++-14
Change Dir: '/home/parallels/soft/my/countof_ns/build/Linux_clang-14_clang++-14'

Run Build Command(s): /usr/bin/gmake -f Makefile pos_vla_zla_00
[  0%] Built target CounofNS
gmake[3]: Предупреждение: время изменения файла «tests/unit/CMakeFiles/pos_vla_zla_00.dir/compiler_depend.make» находится в будущем (0,069)
[ 50%] Building C object tests/unit/CMakeFiles/pos_vla_zla_00.dir/tu_stub.c.o
In file included from /home/parallels/soft/my/countof_ns/tests/unit/tu_stub.c:5:
In file included from /home/parallels/soft/my/countof_ns/tests/unit/tu_stub.h:106:
/home/parallels/soft/my/countof_ns/tests/unit/pos_vla_zla_00.h:5:30: error: type 'typeof (*(b)) (*)[(!sizeof (*(b)) ? 0 : sizeof (b) / (sizeof (*(b)) ? sizeof (*(b)) : (size_t)-1))]' (aka 'int (*)[(!sizeof (*(b)) ? 0 : sizeof (b) / (sizeof (*(b)) ? sizeof (*(b)) : (size_t)-1))][0]') in generic association is a variably modified type
    TU_ASSERT_AND_RETURN(d0, TU_COUNTOF(b));
    ~~~~~~~~~~~~~~~~~~~~~~~~~^~~~~~~~~~~~~~
/home/parallels/soft/my/countof_ns/tests/unit/tu_stub.h:18:25: note: expanded from macro 'TU_COUNTOF'
#define TU_COUNTOF(a)  (TU_COUNTOF_FUNC(a))
                        ^
&lt;command line&gt;:13:25: note: expanded from here
#define TU_COUNTOF_FUNC countof_ns
                        ^
/home/parallels/soft/my/countof_ns/include/countof_ns.h:98:53: note: expanded from macro 'countof_ns'
    #define countof_ns(a)  (_countof_ns_unsafe(a) + _countof_ns_must_be(a))
                                                    ^
note: (skipping 1 expansions in backtrace; use -fmacro-backtrace-limit=0 to see all)
/home/parallels/soft/my/countof_ns/include/countof_ns.h:72:40: note: expanded from macro '_countof_ns_typeof'
        #define _countof_ns_typeof(t)  __typeof__(t)
                                       ^
/home/parallels/soft/my/countof_ns/tests/unit/tu_stub.h:97:71: note: expanded from macro 'TU_ASSERT_AND_RETURN'
            _TU_ASSERT_AND_RETURN("TU_ASSERT_AND_RETURN", (desired), (computed))
            ~~~~~~~~~~~~~~~~~~~~~~~~~~~~~~~~~~~~~~~~~~~~~~~~~~~~~~~~~~^~~~~~~~~~
/home/parallels/soft/my/countof_ns/tests/unit/tu_stub.h:84:31: note: expanded from macro '_TU_ASSERT_AND_RETURN'
            if ((desired) == (computed)) { \
                              ^~~~~~~~
In file included from /home/parallels/soft/my/countof_ns/tests/unit/tu_stub.c:5:
In file included from /home/parallels/soft/my/countof_ns/tests/unit/tu_stub.h:106:
/home/parallels/soft/my/countof_ns/tests/unit/pos_vla_zla_00.h:5:30: error: type 'typeof (*(b)) (*)[(!sizeof (*(b)) ? 0 : sizeof (b) / (sizeof (*(b)) ? sizeof (*(b)) : (size_t)-1))]' (aka 'int (*)[(!sizeof (*(b)) ? 0 : sizeof (b) / (sizeof (*(b)) ? sizeof (*(b)) : (size_t)-1))][0]') in generic association is a variably modified type
    TU_ASSERT_AND_RETURN(d0, TU_COUNTOF(b));
    ~~~~~~~~~~~~~~~~~~~~~~~~~^~~~~~~~~~~~~~
/home/parallels/soft/my/countof_ns/tests/unit/tu_stub.h:18:25: note: expanded from macro 'TU_COUNTOF'
#define TU_COUNTOF(a)  (TU_COUNTOF_FUNC(a))
                        ^
&lt;command line&gt;:13:25: note: expanded from here
#define TU_COUNTOF_FUNC countof_ns
                        ^
/home/parallels/soft/my/countof_ns/include/countof_ns.h:98:53: note: expanded from macro 'countof_ns'
    #define countof_ns(a)  (_countof_ns_unsafe(a) + _countof_ns_must_be(a))
                                                    ^
note: (skipping 1 expansions in backtrace; use -fmacro-backtrace-limit=0 to see all)
/home/parallels/soft/my/countof_ns/include/countof_ns.h:72:40: note: expanded from macro '_countof_ns_typeof'
        #define _countof_ns_typeof(t)  __typeof__(t)
                                       ^
/home/parallels/soft/my/countof_ns/tests/unit/tu_stub.h:97:71: note: expanded from macro 'TU_ASSERT_AND_RETURN'
            _TU_ASSERT_AND_RETURN("TU_ASSERT_AND_RETURN", (desired), (computed))
            ~~~~~~~~~~~~~~~~~~~~~~~~~~~~~~~~~~~~~~~~~~~~~~~~~~~~~~~~~~^~~~~~~~~~
/home/parallels/soft/my/countof_ns/tests/unit/tu_stub.h:88:25: note: expanded from macro '_TU_ASSERT_AND_RETURN'
                       (computed), (method), (#desired), (size_t)(desired)); \
                        ^~~~~~~~
In file included from /home/parallels/soft/my/countof_ns/tests/unit/tu_stub.c:5:
In file included from /home/parallels/soft/my/countof_ns/tests/unit/tu_stub.h:106:
/home/parallels/soft/my/countof_ns/tests/unit/pos_vla_zla_00.h:5:30: error: type 'typeof (*(b)) (*)[(!sizeof (*(b)) ? 0 : sizeof (b) / (sizeof (*(b)) ? sizeof (*(b)) : (size_t)-1))]' (aka 'int (*)[(!sizeof (*(b)) ? 0 : sizeof (b) / (sizeof (*(b)) ? sizeof (*(b)) : (size_t)-1))][0]') in generic association is a variably modified type
    TU_ASSERT_AND_RETURN(d0, TU_COUNTOF(b));
    ~~~~~~~~~~~~~~~~~~~~~~~~~^~~~~~~~~~~~~~
/home/parallels/soft/my/countof_ns/tests/unit/tu_stub.h:18:25: note: expanded from macro 'TU_COUNTOF'
#define TU_COUNTOF(a)  (TU_COUNTOF_FUNC(a))
                        ^
&lt;command line&gt;:13:25: note: expanded from here
#define TU_COUNTOF_FUNC countof_ns
                        ^
/home/parallels/soft/my/countof_ns/include/countof_ns.h:98:53: note: expanded from macro 'countof_ns'
    #define countof_ns(a)  (_countof_ns_unsafe(a) + _countof_ns_must_be(a))
                                                    ^
note: (skipping 2 expansions in backtrace; use -fmacro-backtrace-limit=0 to see all)
/home/parallels/soft/my/countof_ns/tests/unit/tu_stub.h:97:71: note: expanded from macro 'TU_ASSERT_AND_RETURN'
            _TU_ASSERT_AND_RETURN("TU_ASSERT_AND_RETURN", (desired), (computed))
            ~~~~~~~~~~~~~~~~~~~~~~~~~~~~~~~~~~~~~~~~~~~~~~~~~~~~~~~~~~^~~~~~~~~~
/home/parallels/soft/my/countof_ns/tests/unit/tu_stub.h:92:43: note: expanded from macro '_TU_ASSERT_AND_RETURN'
            TU_FAIL((method), (desired), (computed)); \
            ~~~~~~~~~~~~~~~~~~~~~~~~~~~~~~^~~~~~~~~~
/home/parallels/soft/my/countof_ns/tests/unit/tu_stub.h:69:35: note: expanded from macro 'TU_FAIL'
            if(_TU_TODO_MAGIC != (computed)) { \
                                  ^~~~~~~~
In file included from /home/parallels/soft/my/countof_ns/tests/unit/tu_stub.c:5:
In file included from /home/parallels/soft/my/countof_ns/tests/unit/tu_stub.h:106:
/home/parallels/soft/my/countof_ns/tests/unit/pos_vla_zla_00.h:5:30: error: type 'typeof (*(b)) (*)[(!sizeof (*(b)) ? 0 : sizeof (b) / (sizeof (*(b)) ? sizeof (*(b)) : (size_t)-1))]' (aka 'int (*)[(!sizeof (*(b)) ? 0 : sizeof (b) / (sizeof (*(b)) ? sizeof (*(b)) : (size_t)-1))][0]') in generic association is a variably modified type
    TU_ASSERT_AND_RETURN(d0, TU_COUNTOF(b));
    ~~~~~~~~~~~~~~~~~~~~~~~~~^~~~~~~~~~~~~~
/home/parallels/soft/my/countof_ns/tests/unit/tu_stub.h:18:25: note: expanded from macro 'TU_COUNTOF'
#define TU_COUNTOF(a)  (TU_COUNTOF_FUNC(a))
                        ^
&lt;command line&gt;:13:25: note: expanded from here
#define TU_COUNTOF_FUNC countof_ns
                        ^
/home/parallels/soft/my/countof_ns/include/countof_ns.h:98:53: note: expanded from macro 'countof_ns'
    #define countof_ns(a)  (_countof_ns_unsafe(a) + _countof_ns_must_be(a))
                                                    ^
note: (skipping 2 expansions in backtrace; use -fmacro-backtrace-limit=0 to see all)
/home/parallels/soft/my/countof_ns/tests/unit/tu_stub.h:97:71: note: expanded from macro 'TU_ASSERT_AND_RETURN'
            _TU_ASSERT_AND_RETURN("TU_ASSERT_AND_RETURN", (desired), (computed))
            ~~~~~~~~~~~~~~~~~~~~~~~~~~~~~~~~~~~~~~~~~~~~~~~~~~~~~~~~~~^~~~~~~~~~
/home/parallels/soft/my/countof_ns/tests/unit/tu_stub.h:92:43: note: expanded from macro '_TU_ASSERT_AND_RETURN'
            TU_FAIL((method), (desired), (computed)); \
            ~~~~~~~~~~~~~~~~~~~~~~~~~~~~~~^~~~~~~~~~
/home/parallels/soft/my/countof_ns/tests/unit/tu_stub.h:71:25: note: expanded from macro 'TU_FAIL'
                       (computed), (size_t)(desired), (method), (#desired)); \
                        ^~~~~~~~
In file included from /home/parallels/soft/my/countof_ns/tests/unit/tu_stub.c:5:
In file included from /home/parallels/soft/my/countof_ns/tests/unit/tu_stub.h:106:
/home/parallels/soft/my/countof_ns/tests/unit/pos_vla_zla_00.h:5:30: error: type 'typeof (*(b)) (*)[(!sizeof (*(b)) ? 0 : sizeof (b) / (sizeof (*(b)) ? sizeof (*(b)) : (size_t)-1))]' (aka 'int (*)[(!sizeof (*(b)) ? 0 : sizeof (b) / (sizeof (*(b)) ? sizeof (*(b)) : (size_t)-1))][0]') in generic association is a variably modified type
    TU_ASSERT_AND_RETURN(d0, TU_COUNTOF(b));
    ~~~~~~~~~~~~~~~~~~~~~~~~~^~~~~~~~~~~~~~
/home/parallels/soft/my/countof_ns/tests/unit/tu_stub.h:18:25: note: expanded from macro 'TU_COUNTOF'
#define TU_COUNTOF(a)  (TU_COUNTOF_FUNC(a))
                        ^
&lt;command line&gt;:13:25: note: expanded from here
#define TU_COUNTOF_FUNC countof_ns
                        ^
/home/parallels/soft/my/countof_ns/include/countof_ns.h:98:53: note: expanded from macro 'countof_ns'
    #define countof_ns(a)  (_countof_ns_unsafe(a) + _countof_ns_must_be(a))
                                                    ^
note: (skipping 2 expansions in backtrace; use -fmacro-backtrace-limit=0 to see all)
/home/parallels/soft/my/countof_ns/tests/unit/tu_stub.h:97:71: note: expanded from macro 'TU_ASSERT_AND_RETURN'
            _TU_ASSERT_AND_RETURN("TU_ASSERT_AND_RETURN", (desired), (computed))
            ~~~~~~~~~~~~~~~~~~~~~~~~~~~~~~~~~~~~~~~~~~~~~~~~~~~~~~~~~~^~~~~~~~~~
/home/parallels/soft/my/countof_ns/tests/unit/tu_stub.h:92:43: note: expanded from macro '_TU_ASSERT_AND_RETURN'
            TU_FAIL((method), (desired), (computed)); \
            ~~~~~~~~~~~~~~~~~~~~~~~~~~~~~~^~~~~~~~~~
/home/parallels/soft/my/countof_ns/tests/unit/tu_stub.h:73:27: note: expanded from macro 'TU_FAIL'
                if (0 == (computed)) { \
                          ^~~~~~~~
In file included from /home/parallels/soft/my/countof_ns/tests/unit/tu_stub.c:5:
In file included from /home/parallels/soft/my/countof_ns/tests/unit/tu_stub.h:106:
/home/parallels/soft/my/countof_ns/tests/unit/pos_vla_zla_00.h:5:30: error: type 'typeof (*(b)) (*)[(!sizeof (*(b)) ? 0 : sizeof (b) / (sizeof (*(b)) ? sizeof (*(b)) : (size_t)-1))]' (aka 'int (*)[(!sizeof (*(b)) ? 0 : sizeof (b) / (sizeof (*(b)) ? sizeof (*(b)) : (size_t)-1))][0]') in generic association is a variably modified type
    TU_ASSERT_AND_RETURN(d0, TU_COUNTOF(b));
    ~~~~~~~~~~~~~~~~~~~~~~~~~^~~~~~~~~~~~~~
/home/parallels/soft/my/countof_ns/tests/unit/tu_stub.h:18:25: note: expanded from macro 'TU_COUNTOF'
#define TU_COUNTOF(a)  (TU_COUNTOF_FUNC(a))
                        ^
&lt;command line&gt;:13:25: note: expanded from here
#define TU_COUNTOF_FUNC countof_ns
                        ^
/home/parallels/soft/my/countof_ns/include/countof_ns.h:98:53: note: expanded from macro 'countof_ns'
    #define countof_ns(a)  (_countof_ns_unsafe(a) + _countof_ns_must_be(a))
                                                    ^
note: (skipping 2 expansions in backtrace; use -fmacro-backtrace-limit=0 to see all)
/home/parallels/soft/my/countof_ns/tests/unit/tu_stub.h:97:71: note: expanded from macro 'TU_ASSERT_AND_RETURN'
            _TU_ASSERT_AND_RETURN("TU_ASSERT_AND_RETURN", (desired), (computed))
            ~~~~~~~~~~~~~~~~~~~~~~~~~~~~~~~~~~~~~~~~~~~~~~~~~~~~~~~~~~^~~~~~~~~~
/home/parallels/soft/my/countof_ns/tests/unit/tu_stub.h:92:43: note: expanded from macro '_TU_ASSERT_AND_RETURN'
            TU_FAIL((method), (desired), (computed)); \
            ~~~~~~~~~~~~~~~~~~~~~~~~~~~~~~^~~~~~~~~~
/home/parallels/soft/my/countof_ns/tests/unit/tu_stub.h:75:40: note: expanded from macro 'TU_FAIL'
                } else if ((long long)(computed) &lt;= (long long)(desired)) { \
                                       ^~~~~~~~
6 errors generated.
gmake[3]: *** [tests/unit/CMakeFiles/pos_vla_zla_00.dir/build.make:79: tests/unit/CMakeFiles/pos_vla_zla_00.dir/tu_stub.c.o] Ошибка 1
gmake[2]: *** [CMakeFiles/Makefile2:1742: tests/unit/CMakeFiles/pos_vla_zla_00.dir/all] Ошибка 2
gmake[1]: *** [CMakeFiles/Makefile2:1749: tests/unit/CMakeFiles/pos_vla_zla_00.dir/rule] Ошибка 2
gmake: *** [Makefile:706: pos_vla_zla_00] Ошибка 2

</system-out>
	</testcase>
	<testcase name="pos_vla_zla_00_c11" classname="pos_vla_zla_00_c11" time="0.00230978" status="run">
		<properties>
			<property name="cmake_labels" value="countof_ns;default"/>
		</properties>
		<system-out>Ok 0 TU_ASSERT_AND_RETURN((d0)=0, ...) /home/parallels/soft/my/countof_ns/tests/unit/pos_vla_zla_00.h:pos_vla_zla_00.h:TU_UNIT for countof_ns.h:countof_ns() with C11&amp;VLA, C 202000L
</system-out>
	</testcase>
	<testcase name="pos_vla_zla_0n" classname="pos_vla_zla_0n" time="0.21831" status="fail">
		<failure message="Failed"/>
		<properties>
			<property name="cmake_labels" value="countof_ns;default"/>
		</properties>
		<system-out>Internal cmake changing into directory: /home/parallels/soft/my/countof_ns/build/Linux_clang-14_clang++-14
Change Dir: '/home/parallels/soft/my/countof_ns/build/Linux_clang-14_clang++-14'

Run Build Command(s): /usr/bin/gmake -f Makefile pos_vla_zla_0n
[  0%] Built target CounofNS
[100%] Building C object tests/unit/CMakeFiles/pos_vla_zla_0n.dir/tu_stub.c.o
In file included from /home/parallels/soft/my/countof_ns/tests/unit/tu_stub.c:5:
In file included from /home/parallels/soft/my/countof_ns/tests/unit/tu_stub.h:106:
/home/parallels/soft/my/countof_ns/tests/unit/pos_vla_zla_0n.h:5:30: error: type 'typeof (*(a)) (*)[(!sizeof (*(a)) ? 0 : sizeof (a) / (sizeof (*(a)) ? sizeof (*(a)) : (size_t)-1))]' (aka 'int (*)[(!sizeof (*(a)) ? 0 : sizeof (a) / (sizeof (*(a)) ? sizeof (*(a)) : (size_t)-1))][1]') in generic association is a variably modified type
    TU_ASSERT_AND_RETURN(d0, TU_COUNTOF(a));
    ~~~~~~~~~~~~~~~~~~~~~~~~~^~~~~~~~~~~~~~
/home/parallels/soft/my/countof_ns/tests/unit/tu_stub.h:18:25: note: expanded from macro 'TU_COUNTOF'
#define TU_COUNTOF(a)  (TU_COUNTOF_FUNC(a))
                        ^
&lt;command line&gt;:13:25: note: expanded from here
#define TU_COUNTOF_FUNC countof_ns
                        ^
/home/parallels/soft/my/countof_ns/include/countof_ns.h:98:53: note: expanded from macro 'countof_ns'
    #define countof_ns(a)  (_countof_ns_unsafe(a) + _countof_ns_must_be(a))
                                                    ^
note: (skipping 1 expansions in backtrace; use -fmacro-backtrace-limit=0 to see all)
/home/parallels/soft/my/countof_ns/include/countof_ns.h:72:40: note: expanded from macro '_countof_ns_typeof'
        #define _countof_ns_typeof(t)  __typeof__(t)
                                       ^
/home/parallels/soft/my/countof_ns/tests/unit/tu_stub.h:97:71: note: expanded from macro 'TU_ASSERT_AND_RETURN'
            _TU_ASSERT_AND_RETURN("TU_ASSERT_AND_RETURN", (desired), (computed))
            ~~~~~~~~~~~~~~~~~~~~~~~~~~~~~~~~~~~~~~~~~~~~~~~~~~~~~~~~~~^~~~~~~~~~
/home/parallels/soft/my/countof_ns/tests/unit/tu_stub.h:84:31: note: expanded from macro '_TU_ASSERT_AND_RETURN'
            if ((desired) == (computed)) { \
                              ^~~~~~~~
In file included from /home/parallels/soft/my/countof_ns/tests/unit/tu_stub.c:5:
In file included from /home/parallels/soft/my/countof_ns/tests/unit/tu_stub.h:106:
/home/parallels/soft/my/countof_ns/tests/unit/pos_vla_zla_0n.h:5:30: error: type 'typeof (*(a)) (*)[(!sizeof (*(a)) ? 0 : sizeof (a) / (sizeof (*(a)) ? sizeof (*(a)) : (size_t)-1))]' (aka 'int (*)[(!sizeof (*(a)) ? 0 : sizeof (a) / (sizeof (*(a)) ? sizeof (*(a)) : (size_t)-1))][1]') in generic association is a variably modified type
    TU_ASSERT_AND_RETURN(d0, TU_COUNTOF(a));
    ~~~~~~~~~~~~~~~~~~~~~~~~~^~~~~~~~~~~~~~
/home/parallels/soft/my/countof_ns/tests/unit/tu_stub.h:18:25: note: expanded from macro 'TU_COUNTOF'
#define TU_COUNTOF(a)  (TU_COUNTOF_FUNC(a))
                        ^
&lt;command line&gt;:13:25: note: expanded from here
#define TU_COUNTOF_FUNC countof_ns
                        ^
/home/parallels/soft/my/countof_ns/include/countof_ns.h:98:53: note: expanded from macro 'countof_ns'
    #define countof_ns(a)  (_countof_ns_unsafe(a) + _countof_ns_must_be(a))
                                                    ^
note: (skipping 1 expansions in backtrace; use -fmacro-backtrace-limit=0 to see all)
/home/parallels/soft/my/countof_ns/include/countof_ns.h:72:40: note: expanded from macro '_countof_ns_typeof'
        #define _countof_ns_typeof(t)  __typeof__(t)
                                       ^
/home/parallels/soft/my/countof_ns/tests/unit/tu_stub.h:97:71: note: expanded from macro 'TU_ASSERT_AND_RETURN'
            _TU_ASSERT_AND_RETURN("TU_ASSERT_AND_RETURN", (desired), (computed))
            ~~~~~~~~~~~~~~~~~~~~~~~~~~~~~~~~~~~~~~~~~~~~~~~~~~~~~~~~~~^~~~~~~~~~
/home/parallels/soft/my/countof_ns/tests/unit/tu_stub.h:88:25: note: expanded from macro '_TU_ASSERT_AND_RETURN'
                       (computed), (method), (#desired), (size_t)(desired)); \
                        ^~~~~~~~
In file included from /home/parallels/soft/my/countof_ns/tests/unit/tu_stub.c:5:
In file included from /home/parallels/soft/my/countof_ns/tests/unit/tu_stub.h:106:
/home/parallels/soft/my/countof_ns/tests/unit/pos_vla_zla_0n.h:5:30: error: type 'typeof (*(a)) (*)[(!sizeof (*(a)) ? 0 : sizeof (a) / (sizeof (*(a)) ? sizeof (*(a)) : (size_t)-1))]' (aka 'int (*)[(!sizeof (*(a)) ? 0 : sizeof (a) / (sizeof (*(a)) ? sizeof (*(a)) : (size_t)-1))][1]') in generic association is a variably modified type
    TU_ASSERT_AND_RETURN(d0, TU_COUNTOF(a));
    ~~~~~~~~~~~~~~~~~~~~~~~~~^~~~~~~~~~~~~~
/home/parallels/soft/my/countof_ns/tests/unit/tu_stub.h:18:25: note: expanded from macro 'TU_COUNTOF'
#define TU_COUNTOF(a)  (TU_COUNTOF_FUNC(a))
                        ^
&lt;command line&gt;:13:25: note: expanded from here
#define TU_COUNTOF_FUNC countof_ns
                        ^
/home/parallels/soft/my/countof_ns/include/countof_ns.h:98:53: note: expanded from macro 'countof_ns'
    #define countof_ns(a)  (_countof_ns_unsafe(a) + _countof_ns_must_be(a))
                                                    ^
note: (skipping 2 expansions in backtrace; use -fmacro-backtrace-limit=0 to see all)
/home/parallels/soft/my/countof_ns/tests/unit/tu_stub.h:97:71: note: expanded from macro 'TU_ASSERT_AND_RETURN'
            _TU_ASSERT_AND_RETURN("TU_ASSERT_AND_RETURN", (desired), (computed))
            ~~~~~~~~~~~~~~~~~~~~~~~~~~~~~~~~~~~~~~~~~~~~~~~~~~~~~~~~~~^~~~~~~~~~
/home/parallels/soft/my/countof_ns/tests/unit/tu_stub.h:92:43: note: expanded from macro '_TU_ASSERT_AND_RETURN'
            TU_FAIL((method), (desired), (computed)); \
            ~~~~~~~~~~~~~~~~~~~~~~~~~~~~~~^~~~~~~~~~
/home/parallels/soft/my/countof_ns/tests/unit/tu_stub.h:69:35: note: expanded from macro 'TU_FAIL'
            if(_TU_TODO_MAGIC != (computed)) { \
                                  ^~~~~~~~
In file included from /home/parallels/soft/my/countof_ns/tests/unit/tu_stub.c:5:
In file included from /home/parallels/soft/my/countof_ns/tests/unit/tu_stub.h:106:
/home/parallels/soft/my/countof_ns/tests/unit/pos_vla_zla_0n.h:5:30: error: type 'typeof (*(a)) (*)[(!sizeof (*(a)) ? 0 : sizeof (a) / (sizeof (*(a)) ? sizeof (*(a)) : (size_t)-1))]' (aka 'int (*)[(!sizeof (*(a)) ? 0 : sizeof (a) / (sizeof (*(a)) ? sizeof (*(a)) : (size_t)-1))][1]') in generic association is a variably modified type
    TU_ASSERT_AND_RETURN(d0, TU_COUNTOF(a));
    ~~~~~~~~~~~~~~~~~~~~~~~~~^~~~~~~~~~~~~~
/home/parallels/soft/my/countof_ns/tests/unit/tu_stub.h:18:25: note: expanded from macro 'TU_COUNTOF'
#define TU_COUNTOF(a)  (TU_COUNTOF_FUNC(a))
                        ^
&lt;command line&gt;:13:25: note: expanded from here
#define TU_COUNTOF_FUNC countof_ns
                        ^
/home/parallels/soft/my/countof_ns/include/countof_ns.h:98:53: note: expanded from macro 'countof_ns'
    #define countof_ns(a)  (_countof_ns_unsafe(a) + _countof_ns_must_be(a))
                                                    ^
note: (skipping 2 expansions in backtrace; use -fmacro-backtrace-limit=0 to see all)
/home/parallels/soft/my/countof_ns/tests/unit/tu_stub.h:97:71: note: expanded from macro 'TU_ASSERT_AND_RETURN'
            _TU_ASSERT_AND_RETURN("TU_ASSERT_AND_RETURN", (desired), (computed))
            ~~~~~~~~~~~~~~~~~~~~~~~~~~~~~~~~~~~~~~~~~~~~~~~~~~~~~~~~~~^~~~~~~~~~
/home/parallels/soft/my/countof_ns/tests/unit/tu_stub.h:92:43: note: expanded from macro '_TU_ASSERT_AND_RETURN'
            TU_FAIL((method), (desired), (computed)); \
            ~~~~~~~~~~~~~~~~~~~~~~~~~~~~~~^~~~~~~~~~
/home/parallels/soft/my/countof_ns/tests/unit/tu_stub.h:71:25: note: expanded from macro 'TU_FAIL'
                       (computed), (size_t)(desired), (method), (#desired)); \
                        ^~~~~~~~
In file included from /home/parallels/soft/my/countof_ns/tests/unit/tu_stub.c:5:
In file included from /home/parallels/soft/my/countof_ns/tests/unit/tu_stub.h:106:
/home/parallels/soft/my/countof_ns/tests/unit/pos_vla_zla_0n.h:5:30: error: type 'typeof (*(a)) (*)[(!sizeof (*(a)) ? 0 : sizeof (a) / (sizeof (*(a)) ? sizeof (*(a)) : (size_t)-1))]' (aka 'int (*)[(!sizeof (*(a)) ? 0 : sizeof (a) / (sizeof (*(a)) ? sizeof (*(a)) : (size_t)-1))][1]') in generic association is a variably modified type
    TU_ASSERT_AND_RETURN(d0, TU_COUNTOF(a));
    ~~~~~~~~~~~~~~~~~~~~~~~~~^~~~~~~~~~~~~~
/home/parallels/soft/my/countof_ns/tests/unit/tu_stub.h:18:25: note: expanded from macro 'TU_COUNTOF'
#define TU_COUNTOF(a)  (TU_COUNTOF_FUNC(a))
                        ^
&lt;command line&gt;:13:25: note: expanded from here
#define TU_COUNTOF_FUNC countof_ns
                        ^
/home/parallels/soft/my/countof_ns/include/countof_ns.h:98:53: note: expanded from macro 'countof_ns'
    #define countof_ns(a)  (_countof_ns_unsafe(a) + _countof_ns_must_be(a))
                                                    ^
note: (skipping 2 expansions in backtrace; use -fmacro-backtrace-limit=0 to see all)
/home/parallels/soft/my/countof_ns/tests/unit/tu_stub.h:97:71: note: expanded from macro 'TU_ASSERT_AND_RETURN'
            _TU_ASSERT_AND_RETURN("TU_ASSERT_AND_RETURN", (desired), (computed))
            ~~~~~~~~~~~~~~~~~~~~~~~~~~~~~~~~~~~~~~~~~~~~~~~~~~~~~~~~~~^~~~~~~~~~
/home/parallels/soft/my/countof_ns/tests/unit/tu_stub.h:92:43: note: expanded from macro '_TU_ASSERT_AND_RETURN'
            TU_FAIL((method), (desired), (computed)); \
            ~~~~~~~~~~~~~~~~~~~~~~~~~~~~~~^~~~~~~~~~
/home/parallels/soft/my/countof_ns/tests/unit/tu_stub.h:73:27: note: expanded from macro 'TU_FAIL'
                if (0 == (computed)) { \
                          ^~~~~~~~
In file included from /home/parallels/soft/my/countof_ns/tests/unit/tu_stub.c:5:
In file included from /home/parallels/soft/my/countof_ns/tests/unit/tu_stub.h:106:
/home/parallels/soft/my/countof_ns/tests/unit/pos_vla_zla_0n.h:5:30: error: type 'typeof (*(a)) (*)[(!sizeof (*(a)) ? 0 : sizeof (a) / (sizeof (*(a)) ? sizeof (*(a)) : (size_t)-1))]' (aka 'int (*)[(!sizeof (*(a)) ? 0 : sizeof (a) / (sizeof (*(a)) ? sizeof (*(a)) : (size_t)-1))][1]') in generic association is a variably modified type
    TU_ASSERT_AND_RETURN(d0, TU_COUNTOF(a));
    ~~~~~~~~~~~~~~~~~~~~~~~~~^~~~~~~~~~~~~~
/home/parallels/soft/my/countof_ns/tests/unit/tu_stub.h:18:25: note: expanded from macro 'TU_COUNTOF'
#define TU_COUNTOF(a)  (TU_COUNTOF_FUNC(a))
                        ^
&lt;command line&gt;:13:25: note: expanded from here
#define TU_COUNTOF_FUNC countof_ns
                        ^
/home/parallels/soft/my/countof_ns/include/countof_ns.h:98:53: note: expanded from macro 'countof_ns'
    #define countof_ns(a)  (_countof_ns_unsafe(a) + _countof_ns_must_be(a))
                                                    ^
note: (skipping 2 expansions in backtrace; use -fmacro-backtrace-limit=0 to see all)
/home/parallels/soft/my/countof_ns/tests/unit/tu_stub.h:97:71: note: expanded from macro 'TU_ASSERT_AND_RETURN'
            _TU_ASSERT_AND_RETURN("TU_ASSERT_AND_RETURN", (desired), (computed))
            ~~~~~~~~~~~~~~~~~~~~~~~~~~~~~~~~~~~~~~~~~~~~~~~~~~~~~~~~~~^~~~~~~~~~
/home/parallels/soft/my/countof_ns/tests/unit/tu_stub.h:92:43: note: expanded from macro '_TU_ASSERT_AND_RETURN'
            TU_FAIL((method), (desired), (computed)); \
            ~~~~~~~~~~~~~~~~~~~~~~~~~~~~~~^~~~~~~~~~
/home/parallels/soft/my/countof_ns/tests/unit/tu_stub.h:75:40: note: expanded from macro 'TU_FAIL'
                } else if ((long long)(computed) &lt;= (long long)(desired)) { \
                                       ^~~~~~~~
6 errors generated.
gmake[3]: *** [tests/unit/CMakeFiles/pos_vla_zla_0n.dir/build.make:79: tests/unit/CMakeFiles/pos_vla_zla_0n.dir/tu_stub.c.o] Ошибка 1
gmake[2]: *** [CMakeFiles/Makefile2:1806: tests/unit/CMakeFiles/pos_vla_zla_0n.dir/all] Ошибка 2
gmake[1]: *** [CMakeFiles/Makefile2:1813: tests/unit/CMakeFiles/pos_vla_zla_0n.dir/rule] Ошибка 2
gmake: *** [Makefile:732: pos_vla_zla_0n] Ошибка 2

</system-out>
	</testcase>
	<testcase name="pos_vla_zla_0n_c11" classname="pos_vla_zla_0n_c11" time="0.00251403" status="run">
		<properties>
			<property name="cmake_labels" value="countof_ns;default"/>
		</properties>
		<system-out>Ok 0 TU_ASSERT_AND_RETURN((d0)=0, ...) /home/parallels/soft/my/countof_ns/tests/unit/pos_vla_zla_0n.h:pos_vla_zla_0n.h:TU_UNIT for countof_ns.h:countof_ns() with C11&amp;VLA, C 202000L
</system-out>
	</testcase>
	<testcase name="pos_vla_zla_n0" classname="pos_vla_zla_n0" time="0.217069" status="fail">
		<failure message="Failed"/>
		<properties>
			<property name="cmake_labels" value="countof_ns;default"/>
		</properties>
		<system-out>Internal cmake changing into directory: /home/parallels/soft/my/countof_ns/build/Linux_clang-14_clang++-14
Change Dir: '/home/parallels/soft/my/countof_ns/build/Linux_clang-14_clang++-14'

Run Build Command(s): /usr/bin/gmake -f Makefile pos_vla_zla_n0
[  0%] Built target CounofNS
[  0%] Building C object tests/unit/CMakeFiles/pos_vla_zla_n0.dir/tu_stub.c.o
In file included from /home/parallels/soft/my/countof_ns/tests/unit/tu_stub.c:5:
In file included from /home/parallels/soft/my/countof_ns/tests/unit/tu_stub.h:106:
/home/parallels/soft/my/countof_ns/tests/unit/pos_vla_zla_n0.h:7:30: error: type 'typeof (*(b)) (*)[(!sizeof (*(b)) ? 0 : sizeof (b) / (sizeof (*(b)) ? sizeof (*(b)) : (size_t)-1))]' (aka 'int (*)[(!sizeof (*(b)) ? 0 : sizeof (b) / (sizeof (*(b)) ? sizeof (*(b)) : (size_t)-1))][0]') in generic association is a variably modified type
    TU_ASSERT_AND_RETURN(d1, TU_COUNTOF(b));
    ~~~~~~~~~~~~~~~~~~~~~~~~~^~~~~~~~~~~~~~
/home/parallels/soft/my/countof_ns/tests/unit/tu_stub.h:18:25: note: expanded from macro 'TU_COUNTOF'
#define TU_COUNTOF(a)  (TU_COUNTOF_FUNC(a))
                        ^
&lt;command line&gt;:13:25: note: expanded from here
#define TU_COUNTOF_FUNC countof_ns
                        ^
/home/parallels/soft/my/countof_ns/include/countof_ns.h:98:53: note: expanded from macro 'countof_ns'
    #define countof_ns(a)  (_countof_ns_unsafe(a) + _countof_ns_must_be(a))
                                                    ^
note: (skipping 1 expansions in backtrace; use -fmacro-backtrace-limit=0 to see all)
/home/parallels/soft/my/countof_ns/include/countof_ns.h:72:40: note: expanded from macro '_countof_ns_typeof'
        #define _countof_ns_typeof(t)  __typeof__(t)
                                       ^
/home/parallels/soft/my/countof_ns/tests/unit/tu_stub.h:97:71: note: expanded from macro 'TU_ASSERT_AND_RETURN'
            _TU_ASSERT_AND_RETURN("TU_ASSERT_AND_RETURN", (desired), (computed))
            ~~~~~~~~~~~~~~~~~~~~~~~~~~~~~~~~~~~~~~~~~~~~~~~~~~~~~~~~~~^~~~~~~~~~
/home/parallels/soft/my/countof_ns/tests/unit/tu_stub.h:84:31: note: expanded from macro '_TU_ASSERT_AND_RETURN'
            if ((desired) == (computed)) { \
                              ^~~~~~~~
In file included from /home/parallels/soft/my/countof_ns/tests/unit/tu_stub.c:5:
In file included from /home/parallels/soft/my/countof_ns/tests/unit/tu_stub.h:106:
/home/parallels/soft/my/countof_ns/tests/unit/pos_vla_zla_n0.h:7:30: error: type 'typeof (*(b)) (*)[(!sizeof (*(b)) ? 0 : sizeof (b) / (sizeof (*(b)) ? sizeof (*(b)) : (size_t)-1))]' (aka 'int (*)[(!sizeof (*(b)) ? 0 : sizeof (b) / (sizeof (*(b)) ? sizeof (*(b)) : (size_t)-1))][0]') in generic association is a variably modified type
    TU_ASSERT_AND_RETURN(d1, TU_COUNTOF(b));
    ~~~~~~~~~~~~~~~~~~~~~~~~~^~~~~~~~~~~~~~
/home/parallels/soft/my/countof_ns/tests/unit/tu_stub.h:18:25: note: expanded from macro 'TU_COUNTOF'
#define TU_COUNTOF(a)  (TU_COUNTOF_FUNC(a))
                        ^
&lt;command line&gt;:13:25: note: expanded from here
#define TU_COUNTOF_FUNC countof_ns
                        ^
/home/parallels/soft/my/countof_ns/include/countof_ns.h:98:53: note: expanded from macro 'countof_ns'
    #define countof_ns(a)  (_countof_ns_unsafe(a) + _countof_ns_must_be(a))
                                                    ^
note: (skipping 1 expansions in backtrace; use -fmacro-backtrace-limit=0 to see all)
/home/parallels/soft/my/countof_ns/include/countof_ns.h:72:40: note: expanded from macro '_countof_ns_typeof'
        #define _countof_ns_typeof(t)  __typeof__(t)
                                       ^
/home/parallels/soft/my/countof_ns/tests/unit/tu_stub.h:97:71: note: expanded from macro 'TU_ASSERT_AND_RETURN'
            _TU_ASSERT_AND_RETURN("TU_ASSERT_AND_RETURN", (desired), (computed))
            ~~~~~~~~~~~~~~~~~~~~~~~~~~~~~~~~~~~~~~~~~~~~~~~~~~~~~~~~~~^~~~~~~~~~
/home/parallels/soft/my/countof_ns/tests/unit/tu_stub.h:88:25: note: expanded from macro '_TU_ASSERT_AND_RETURN'
                       (computed), (method), (#desired), (size_t)(desired)); \
                        ^~~~~~~~
In file included from /home/parallels/soft/my/countof_ns/tests/unit/tu_stub.c:5:
In file included from /home/parallels/soft/my/countof_ns/tests/unit/tu_stub.h:106:
/home/parallels/soft/my/countof_ns/tests/unit/pos_vla_zla_n0.h:7:30: error: type 'typeof (*(b)) (*)[(!sizeof (*(b)) ? 0 : sizeof (b) / (sizeof (*(b)) ? sizeof (*(b)) : (size_t)-1))]' (aka 'int (*)[(!sizeof (*(b)) ? 0 : sizeof (b) / (sizeof (*(b)) ? sizeof (*(b)) : (size_t)-1))][0]') in generic association is a variably modified type
    TU_ASSERT_AND_RETURN(d1, TU_COUNTOF(b));
    ~~~~~~~~~~~~~~~~~~~~~~~~~^~~~~~~~~~~~~~
/home/parallels/soft/my/countof_ns/tests/unit/tu_stub.h:18:25: note: expanded from macro 'TU_COUNTOF'
#define TU_COUNTOF(a)  (TU_COUNTOF_FUNC(a))
                        ^
&lt;command line&gt;:13:25: note: expanded from here
#define TU_COUNTOF_FUNC countof_ns
                        ^
/home/parallels/soft/my/countof_ns/include/countof_ns.h:98:53: note: expanded from macro 'countof_ns'
    #define countof_ns(a)  (_countof_ns_unsafe(a) + _countof_ns_must_be(a))
                                                    ^
note: (skipping 2 expansions in backtrace; use -fmacro-backtrace-limit=0 to see all)
/home/parallels/soft/my/countof_ns/tests/unit/tu_stub.h:97:71: note: expanded from macro 'TU_ASSERT_AND_RETURN'
            _TU_ASSERT_AND_RETURN("TU_ASSERT_AND_RETURN", (desired), (computed))
            ~~~~~~~~~~~~~~~~~~~~~~~~~~~~~~~~~~~~~~~~~~~~~~~~~~~~~~~~~~^~~~~~~~~~
/home/parallels/soft/my/countof_ns/tests/unit/tu_stub.h:92:43: note: expanded from macro '_TU_ASSERT_AND_RETURN'
            TU_FAIL((method), (desired), (computed)); \
            ~~~~~~~~~~~~~~~~~~~~~~~~~~~~~~^~~~~~~~~~
/home/parallels/soft/my/countof_ns/tests/unit/tu_stub.h:69:35: note: expanded from macro 'TU_FAIL'
            if(_TU_TODO_MAGIC != (computed)) { \
                                  ^~~~~~~~
In file included from /home/parallels/soft/my/countof_ns/tests/unit/tu_stub.c:5:
In file included from /home/parallels/soft/my/countof_ns/tests/unit/tu_stub.h:106:
/home/parallels/soft/my/countof_ns/tests/unit/pos_vla_zla_n0.h:7:30: error: type 'typeof (*(b)) (*)[(!sizeof (*(b)) ? 0 : sizeof (b) / (sizeof (*(b)) ? sizeof (*(b)) : (size_t)-1))]' (aka 'int (*)[(!sizeof (*(b)) ? 0 : sizeof (b) / (sizeof (*(b)) ? sizeof (*(b)) : (size_t)-1))][0]') in generic association is a variably modified type
    TU_ASSERT_AND_RETURN(d1, TU_COUNTOF(b));
    ~~~~~~~~~~~~~~~~~~~~~~~~~^~~~~~~~~~~~~~
/home/parallels/soft/my/countof_ns/tests/unit/tu_stub.h:18:25: note: expanded from macro 'TU_COUNTOF'
#define TU_COUNTOF(a)  (TU_COUNTOF_FUNC(a))
                        ^
&lt;command line&gt;:13:25: note: expanded from here
#define TU_COUNTOF_FUNC countof_ns
                        ^
/home/parallels/soft/my/countof_ns/include/countof_ns.h:98:53: note: expanded from macro 'countof_ns'
    #define countof_ns(a)  (_countof_ns_unsafe(a) + _countof_ns_must_be(a))
                                                    ^
note: (skipping 2 expansions in backtrace; use -fmacro-backtrace-limit=0 to see all)
/home/parallels/soft/my/countof_ns/tests/unit/tu_stub.h:97:71: note: expanded from macro 'TU_ASSERT_AND_RETURN'
            _TU_ASSERT_AND_RETURN("TU_ASSERT_AND_RETURN", (desired), (computed))
            ~~~~~~~~~~~~~~~~~~~~~~~~~~~~~~~~~~~~~~~~~~~~~~~~~~~~~~~~~~^~~~~~~~~~
/home/parallels/soft/my/countof_ns/tests/unit/tu_stub.h:92:43: note: expanded from macro '_TU_ASSERT_AND_RETURN'
            TU_FAIL((method), (desired), (computed)); \
            ~~~~~~~~~~~~~~~~~~~~~~~~~~~~~~^~~~~~~~~~
/home/parallels/soft/my/countof_ns/tests/unit/tu_stub.h:71:25: note: expanded from macro 'TU_FAIL'
                       (computed), (size_t)(desired), (method), (#desired)); \
                        ^~~~~~~~
In file included from /home/parallels/soft/my/countof_ns/tests/unit/tu_stub.c:5:
In file included from /home/parallels/soft/my/countof_ns/tests/unit/tu_stub.h:106:
/home/parallels/soft/my/countof_ns/tests/unit/pos_vla_zla_n0.h:7:30: error: type 'typeof (*(b)) (*)[(!sizeof (*(b)) ? 0 : sizeof (b) / (sizeof (*(b)) ? sizeof (*(b)) : (size_t)-1))]' (aka 'int (*)[(!sizeof (*(b)) ? 0 : sizeof (b) / (sizeof (*(b)) ? sizeof (*(b)) : (size_t)-1))][0]') in generic association is a variably modified type
    TU_ASSERT_AND_RETURN(d1, TU_COUNTOF(b));
    ~~~~~~~~~~~~~~~~~~~~~~~~~^~~~~~~~~~~~~~
/home/parallels/soft/my/countof_ns/tests/unit/tu_stub.h:18:25: note: expanded from macro 'TU_COUNTOF'
#define TU_COUNTOF(a)  (TU_COUNTOF_FUNC(a))
                        ^
&lt;command line&gt;:13:25: note: expanded from here
#define TU_COUNTOF_FUNC countof_ns
                        ^
/home/parallels/soft/my/countof_ns/include/countof_ns.h:98:53: note: expanded from macro 'countof_ns'
    #define countof_ns(a)  (_countof_ns_unsafe(a) + _countof_ns_must_be(a))
                                                    ^
note: (skipping 2 expansions in backtrace; use -fmacro-backtrace-limit=0 to see all)
/home/parallels/soft/my/countof_ns/tests/unit/tu_stub.h:97:71: note: expanded from macro 'TU_ASSERT_AND_RETURN'
            _TU_ASSERT_AND_RETURN("TU_ASSERT_AND_RETURN", (desired), (computed))
            ~~~~~~~~~~~~~~~~~~~~~~~~~~~~~~~~~~~~~~~~~~~~~~~~~~~~~~~~~~^~~~~~~~~~
/home/parallels/soft/my/countof_ns/tests/unit/tu_stub.h:92:43: note: expanded from macro '_TU_ASSERT_AND_RETURN'
            TU_FAIL((method), (desired), (computed)); \
            ~~~~~~~~~~~~~~~~~~~~~~~~~~~~~~^~~~~~~~~~
/home/parallels/soft/my/countof_ns/tests/unit/tu_stub.h:73:27: note: expanded from macro 'TU_FAIL'
                if (0 == (computed)) { \
                          ^~~~~~~~
In file included from /home/parallels/soft/my/countof_ns/tests/unit/tu_stub.c:5:
In file included from /home/parallels/soft/my/countof_ns/tests/unit/tu_stub.h:106:
/home/parallels/soft/my/countof_ns/tests/unit/pos_vla_zla_n0.h:7:30: error: type 'typeof (*(b)) (*)[(!sizeof (*(b)) ? 0 : sizeof (b) / (sizeof (*(b)) ? sizeof (*(b)) : (size_t)-1))]' (aka 'int (*)[(!sizeof (*(b)) ? 0 : sizeof (b) / (sizeof (*(b)) ? sizeof (*(b)) : (size_t)-1))][0]') in generic association is a variably modified type
    TU_ASSERT_AND_RETURN(d1, TU_COUNTOF(b));
    ~~~~~~~~~~~~~~~~~~~~~~~~~^~~~~~~~~~~~~~
/home/parallels/soft/my/countof_ns/tests/unit/tu_stub.h:18:25: note: expanded from macro 'TU_COUNTOF'
#define TU_COUNTOF(a)  (TU_COUNTOF_FUNC(a))
                        ^
&lt;command line&gt;:13:25: note: expanded from here
#define TU_COUNTOF_FUNC countof_ns
                        ^
/home/parallels/soft/my/countof_ns/include/countof_ns.h:98:53: note: expanded from macro 'countof_ns'
    #define countof_ns(a)  (_countof_ns_unsafe(a) + _countof_ns_must_be(a))
                                                    ^
note: (skipping 2 expansions in backtrace; use -fmacro-backtrace-limit=0 to see all)
/home/parallels/soft/my/countof_ns/tests/unit/tu_stub.h:97:71: note: expanded from macro 'TU_ASSERT_AND_RETURN'
            _TU_ASSERT_AND_RETURN("TU_ASSERT_AND_RETURN", (desired), (computed))
            ~~~~~~~~~~~~~~~~~~~~~~~~~~~~~~~~~~~~~~~~~~~~~~~~~~~~~~~~~~^~~~~~~~~~
/home/parallels/soft/my/countof_ns/tests/unit/tu_stub.h:92:43: note: expanded from macro '_TU_ASSERT_AND_RETURN'
            TU_FAIL((method), (desired), (computed)); \
            ~~~~~~~~~~~~~~~~~~~~~~~~~~~~~~^~~~~~~~~~
/home/parallels/soft/my/countof_ns/tests/unit/tu_stub.h:75:40: note: expanded from macro 'TU_FAIL'
                } else if ((long long)(computed) &lt;= (long long)(desired)) { \
                                       ^~~~~~~~
6 errors generated.
gmake[3]: *** [tests/unit/CMakeFiles/pos_vla_zla_n0.dir/build.make:79: tests/unit/CMakeFiles/pos_vla_zla_n0.dir/tu_stub.c.o] Ошибка 1
gmake[2]: *** [CMakeFiles/Makefile2:1870: tests/unit/CMakeFiles/pos_vla_zla_n0.dir/all] Ошибка 2
gmake[1]: *** [CMakeFiles/Makefile2:1877: tests/unit/CMakeFiles/pos_vla_zla_n0.dir/rule] Ошибка 2
gmake: *** [Makefile:758: pos_vla_zla_n0] Ошибка 2

</system-out>
	</testcase>
	<testcase name="pos_vla_zla_n0_c11" classname="pos_vla_zla_n0_c11" time="0.177392" status="fail">
		<failure message="Failed"/>
		<properties>
			<property name="cmake_labels" value="countof_ns;default"/>
		</properties>
		<system-out>Internal cmake changing into directory: /home/parallels/soft/my/countof_ns/build/Linux_clang-14_clang++-14
Change Dir: '/home/parallels/soft/my/countof_ns/build/Linux_clang-14_clang++-14'

Run Build Command(s): /usr/bin/gmake -f Makefile pos_vla_zla_n0_c11
[  0%] Built target CounofNS
[100%] Built target pos_vla_zla_n0_c11

Running test command: "/home/parallels/soft/my/countof_ns/build/Linux_clang-14_clang++-14/tests/unit/pos_vla_zla_n0_c11"
Test command failed: /home/parallels/soft/my/countof_ns/build/Linux_clang-14_clang++-14/tests/unit/pos_vla_zla_n0_c11
Fail 0 desired=1 TU_ASSERT_AND_RETURN(((d1)), ...) /home/parallels/soft/my/countof_ns/tests/unit/pos_vla_zla_n0.h:pos_vla_zla_n0.h:TU_UNIT for countof_ns.h:countof_ns() with C11&amp;VLA, C 202000L

</system-out>
	</testcase>
	<testcase name="pos_zla_00" classname="pos_zla_00" time="0.00193608" status="run">
		<properties>
			<property name="cmake_labels" value="countof_ns;default"/>
		</properties>
		<system-out>Ok 0 TU_STATIC_ASSERT_AND_RETURN((0)=0, ...) /home/parallels/soft/my/countof_ns/tests/unit/pos_zla_00.h:pos_zla_00.h:TU_UNIT for countof_ns.h:countof_ns(), C 202000L
</system-out>
	</testcase>
	<testcase name="pos_zla_00_c11" classname="pos_zla_00_c11" time="0.00200567" status="run">
		<properties>
			<property name="cmake_labels" value="countof_ns;default"/>
		</properties>
		<system-out>Ok 0 TU_STATIC_ASSERT_AND_RETURN((0)=0, ...) /home/parallels/soft/my/countof_ns/tests/unit/pos_zla_00.h:pos_zla_00.h:TU_UNIT for countof_ns.h:countof_ns() with C11&amp;VLA, C 202000L
</system-out>
	</testcase>
	<testcase name="pos_zla_00_cxx" classname="pos_zla_00_cxx" time="0.00271232" status="run">
		<properties>
			<property name="cmake_labels" value="countof_ns;default"/>
		</properties>
		<system-out>Ok 0 TU_STATIC_ASSERT_AND_RETURN((0)=0, ...) /home/parallels/soft/my/countof_ns/tests/unit/pos_zla_00.h:pos_zla_00.h:TU_UNIT for countof_ns.h:countof_ns(), C++ 202101L
</system-out>
	</testcase>
	<testcase name="pos_zla_0n" classname="pos_zla_0n" time="0.00204915" status="run">
		<properties>
			<property name="cmake_labels" value="countof_ns;default"/>
		</properties>
		<system-out>Ok 0 TU_STATIC_ASSERT_AND_RETURN((0)=0, ...) /home/parallels/soft/my/countof_ns/tests/unit/pos_zla_0n.h:pos_zla_0n.h:TU_UNIT for countof_ns.h:countof_ns(), C 202000L
</system-out>
	</testcase>
	<testcase name="pos_zla_0n_c11" classname="pos_zla_0n_c11" time="0.0019162" status="run">
		<properties>
			<property name="cmake_labels" value="countof_ns;default"/>
		</properties>
		<system-out>Ok 0 TU_STATIC_ASSERT_AND_RETURN((0)=0, ...) /home/parallels/soft/my/countof_ns/tests/unit/pos_zla_0n.h:pos_zla_0n.h:TU_UNIT for countof_ns.h:countof_ns() with C11&amp;VLA, C 202000L
</system-out>
	</testcase>
	<testcase name="pos_zla_0n_cxx" classname="pos_zla_0n_cxx" time="0.00255461" status="run">
		<properties>
			<property name="cmake_labels" value="countof_ns;default"/>
		</properties>
		<system-out>Ok 0 TU_STATIC_ASSERT_AND_RETURN((0)=0, ...) /home/parallels/soft/my/countof_ns/tests/unit/pos_zla_0n.h:pos_zla_0n.h:TU_UNIT for countof_ns.h:countof_ns(), C++ 202101L
</system-out>
	</testcase>
	<testcase name="pos_zla_n0" classname="pos_zla_n0" time="0.197946" status="fail">
		<failure message="Failed"/>
		<properties>
			<property name="cmake_labels" value="countof_ns;default"/>
		</properties>
		<system-out>Internal cmake changing into directory: /home/parallels/soft/my/countof_ns/build/Linux_clang-14_clang++-14
Change Dir: '/home/parallels/soft/my/countof_ns/build/Linux_clang-14_clang++-14'

Run Build Command(s): /usr/bin/gmake -f Makefile pos_zla_n0
[  0%] Built target CounofNS
gmake[3]: Предупреждение: время изменения файла «tests/unit/CMakeFiles/pos_zla_n0.dir/compiler_depend.make» находится в будущем (0,2)
[  0%] Building C object tests/unit/CMakeFiles/pos_zla_n0.dir/tu_stub.c.o
In file included from /home/parallels/soft/my/countof_ns/tests/unit/tu_stub.c:5:
In file included from /home/parallels/soft/my/countof_ns/tests/unit/tu_stub.h:106:
/home/parallels/soft/my/countof_ns/tests/unit/pos_zla_n0.h:4:36: error: array size is negative
    TU_STATIC_ASSERT_AND_RETURN(1, TU_COUNTOF(b));
    ~~~~~~~~~~~~~~~~~~~~~~~~~~~~~~~^~~~~~~~~~~~~~
/home/parallels/soft/my/countof_ns/tests/unit/tu_stub.h:18:25: note: expanded from macro 'TU_COUNTOF'
#define TU_COUNTOF(a)  (TU_COUNTOF_FUNC(a))
                        ^
&lt;command line&gt;:13:25: note: expanded from here
#define TU_COUNTOF_FUNC countof_ns
                        ^
/home/parallels/soft/my/countof_ns/include/countof_ns.h:98:53: note: expanded from macro 'countof_ns'
    #define countof_ns(a)  (_countof_ns_unsafe(a) + _countof_ns_must_be(a))
                                                    ^
/home/parallels/soft/my/countof_ns/include/countof_ns.h:90:62: note: expanded from macro '_countof_ns_must_be'
        #define _countof_ns_must_be(a) ((size_t)!sizeof(char[_Generic(&amp;(a), \
                                                             ^
/home/parallels/soft/my/countof_ns/tests/unit/tu_stub.h:100:44: note: expanded from macro 'TU_STATIC_ASSERT_AND_RETURN'
            tu_static_assert((desired) == (computed)); \
            ~~~~~~~~~~~~~~~~~~~~~~~~~~~~~~~^~~~~~~~~~
/home/parallels/soft/my/countof_ns/tests/unit/tu_stub.h:48:50: note: expanded from macro 'tu_static_assert'
    #define tu_static_assert(e)  _Static_assert((e), #e)
                                                 ^
In file included from /home/parallels/soft/my/countof_ns/tests/unit/tu_stub.c:5:
In file included from /home/parallels/soft/my/countof_ns/tests/unit/tu_stub.h:106:
/home/parallels/soft/my/countof_ns/tests/unit/pos_zla_n0.h:4:36: error: array size is negative
    TU_STATIC_ASSERT_AND_RETURN(1, TU_COUNTOF(b));
    ~~~~~~~~~~~~~~~~~~~~~~~~~~~~~~~^~~~~~~~~~~~~~
/home/parallels/soft/my/countof_ns/tests/unit/tu_stub.h:18:25: note: expanded from macro 'TU_COUNTOF'
#define TU_COUNTOF(a)  (TU_COUNTOF_FUNC(a))
                        ^
&lt;command line&gt;:13:25: note: expanded from here
#define TU_COUNTOF_FUNC countof_ns
                        ^
/home/parallels/soft/my/countof_ns/include/countof_ns.h:98:53: note: expanded from macro 'countof_ns'
    #define countof_ns(a)  (_countof_ns_unsafe(a) + _countof_ns_must_be(a))
                                                    ^
/home/parallels/soft/my/countof_ns/include/countof_ns.h:90:62: note: expanded from macro '_countof_ns_must_be'
        #define _countof_ns_must_be(a) ((size_t)!sizeof(char[_Generic(&amp;(a), \
                                                             ^
/home/parallels/soft/my/countof_ns/tests/unit/tu_stub.h:102:47: note: expanded from macro 'TU_STATIC_ASSERT_AND_RETURN'
                                  (desired), (computed)); \
                                  ~~~~~~~~~~~~^~~~~~~~~~
/home/parallels/soft/my/countof_ns/tests/unit/tu_stub.h:84:31: note: expanded from macro '_TU_ASSERT_AND_RETURN'
            if ((desired) == (computed)) { \
                              ^~~~~~~~
In file included from /home/parallels/soft/my/countof_ns/tests/unit/tu_stub.c:5:
In file included from /home/parallels/soft/my/countof_ns/tests/unit/tu_stub.h:106:
/home/parallels/soft/my/countof_ns/tests/unit/pos_zla_n0.h:4:36: error: array size is negative
    TU_STATIC_ASSERT_AND_RETURN(1, TU_COUNTOF(b));
    ~~~~~~~~~~~~~~~~~~~~~~~~~~~~~~~^~~~~~~~~~~~~~
/home/parallels/soft/my/countof_ns/tests/unit/tu_stub.h:18:25: note: expanded from macro 'TU_COUNTOF'
#define TU_COUNTOF(a)  (TU_COUNTOF_FUNC(a))
                        ^
&lt;command line&gt;:13:25: note: expanded from here
#define TU_COUNTOF_FUNC countof_ns
                        ^
/home/parallels/soft/my/countof_ns/include/countof_ns.h:98:53: note: expanded from macro 'countof_ns'
    #define countof_ns(a)  (_countof_ns_unsafe(a) + _countof_ns_must_be(a))
                                                    ^
/home/parallels/soft/my/countof_ns/include/countof_ns.h:90:62: note: expanded from macro '_countof_ns_must_be'
        #define _countof_ns_must_be(a) ((size_t)!sizeof(char[_Generic(&amp;(a), \
                                                             ^
/home/parallels/soft/my/countof_ns/tests/unit/tu_stub.h:102:47: note: expanded from macro 'TU_STATIC_ASSERT_AND_RETURN'
                                  (desired), (computed)); \
                                  ~~~~~~~~~~~~^~~~~~~~~~
/home/parallels/soft/my/countof_ns/tests/unit/tu_stub.h:88:25: note: expanded from macro '_TU_ASSERT_AND_RETURN'
                       (computed), (method), (#desired), (size_t)(desired)); \
                        ^~~~~~~~
In file included from /home/parallels/soft/my/countof_ns/tests/unit/tu_stub.c:5:
In file included from /home/parallels/soft/my/countof_ns/tests/unit/tu_stub.h:106:
/home/parallels/soft/my/countof_ns/tests/unit/pos_zla_n0.h:4:36: error: array size is negative
    TU_STATIC_ASSERT_AND_RETURN(1, TU_COUNTOF(b));
    ~~~~~~~~~~~~~~~~~~~~~~~~~~~~~~~^~~~~~~~~~~~~~
/home/parallels/soft/my/countof_ns/tests/unit/tu_stub.h:18:25: note: expanded from macro 'TU_COUNTOF'
#define TU_COUNTOF(a)  (TU_COUNTOF_FUNC(a))
                        ^
&lt;command line&gt;:13:25: note: expanded from here
#define TU_COUNTOF_FUNC countof_ns
                        ^
/home/parallels/soft/my/countof_ns/include/countof_ns.h:98:53: note: expanded from macro 'countof_ns'
    #define countof_ns(a)  (_countof_ns_unsafe(a) + _countof_ns_must_be(a))
                                                    ^
note: (skipping 1 expansions in backtrace; use -fmacro-backtrace-limit=0 to see all)
/home/parallels/soft/my/countof_ns/tests/unit/tu_stub.h:102:47: note: expanded from macro 'TU_STATIC_ASSERT_AND_RETURN'
                                  (desired), (computed)); \
                                  ~~~~~~~~~~~~^~~~~~~~~~
/home/parallels/soft/my/countof_ns/tests/unit/tu_stub.h:92:43: note: expanded from macro '_TU_ASSERT_AND_RETURN'
            TU_FAIL((method), (desired), (computed)); \
            ~~~~~~~~~~~~~~~~~~~~~~~~~~~~~~^~~~~~~~~~
/home/parallels/soft/my/countof_ns/tests/unit/tu_stub.h:69:35: note: expanded from macro 'TU_FAIL'
            if(_TU_TODO_MAGIC != (computed)) { \
                                  ^~~~~~~~
In file included from /home/parallels/soft/my/countof_ns/tests/unit/tu_stub.c:5:
In file included from /home/parallels/soft/my/countof_ns/tests/unit/tu_stub.h:106:
/home/parallels/soft/my/countof_ns/tests/unit/pos_zla_n0.h:4:36: error: array size is negative
    TU_STATIC_ASSERT_AND_RETURN(1, TU_COUNTOF(b));
    ~~~~~~~~~~~~~~~~~~~~~~~~~~~~~~~^~~~~~~~~~~~~~
/home/parallels/soft/my/countof_ns/tests/unit/tu_stub.h:18:25: note: expanded from macro 'TU_COUNTOF'
#define TU_COUNTOF(a)  (TU_COUNTOF_FUNC(a))
                        ^
&lt;command line&gt;:13:25: note: expanded from here
#define TU_COUNTOF_FUNC countof_ns
                        ^
/home/parallels/soft/my/countof_ns/include/countof_ns.h:98:53: note: expanded from macro 'countof_ns'
    #define countof_ns(a)  (_countof_ns_unsafe(a) + _countof_ns_must_be(a))
                                                    ^
note: (skipping 1 expansions in backtrace; use -fmacro-backtrace-limit=0 to see all)
/home/parallels/soft/my/countof_ns/tests/unit/tu_stub.h:102:47: note: expanded from macro 'TU_STATIC_ASSERT_AND_RETURN'
                                  (desired), (computed)); \
                                  ~~~~~~~~~~~~^~~~~~~~~~
/home/parallels/soft/my/countof_ns/tests/unit/tu_stub.h:92:43: note: expanded from macro '_TU_ASSERT_AND_RETURN'
            TU_FAIL((method), (desired), (computed)); \
            ~~~~~~~~~~~~~~~~~~~~~~~~~~~~~~^~~~~~~~~~
/home/parallels/soft/my/countof_ns/tests/unit/tu_stub.h:71:25: note: expanded from macro 'TU_FAIL'
                       (computed), (size_t)(desired), (method), (#desired)); \
                        ^~~~~~~~
In file included from /home/parallels/soft/my/countof_ns/tests/unit/tu_stub.c:5:
In file included from /home/parallels/soft/my/countof_ns/tests/unit/tu_stub.h:106:
/home/parallels/soft/my/countof_ns/tests/unit/pos_zla_n0.h:4:36: error: array size is negative
    TU_STATIC_ASSERT_AND_RETURN(1, TU_COUNTOF(b));
    ~~~~~~~~~~~~~~~~~~~~~~~~~~~~~~~^~~~~~~~~~~~~~
/home/parallels/soft/my/countof_ns/tests/unit/tu_stub.h:18:25: note: expanded from macro 'TU_COUNTOF'
#define TU_COUNTOF(a)  (TU_COUNTOF_FUNC(a))
                        ^
&lt;command line&gt;:13:25: note: expanded from here
#define TU_COUNTOF_FUNC countof_ns
                        ^
/home/parallels/soft/my/countof_ns/include/countof_ns.h:98:53: note: expanded from macro 'countof_ns'
    #define countof_ns(a)  (_countof_ns_unsafe(a) + _countof_ns_must_be(a))
                                                    ^
note: (skipping 1 expansions in backtrace; use -fmacro-backtrace-limit=0 to see all)
/home/parallels/soft/my/countof_ns/tests/unit/tu_stub.h:102:47: note: expanded from macro 'TU_STATIC_ASSERT_AND_RETURN'
                                  (desired), (computed)); \
                                  ~~~~~~~~~~~~^~~~~~~~~~
/home/parallels/soft/my/countof_ns/tests/unit/tu_stub.h:92:43: note: expanded from macro '_TU_ASSERT_AND_RETURN'
            TU_FAIL((method), (desired), (computed)); \
            ~~~~~~~~~~~~~~~~~~~~~~~~~~~~~~^~~~~~~~~~
/home/parallels/soft/my/countof_ns/tests/unit/tu_stub.h:73:27: note: expanded from macro 'TU_FAIL'
                if (0 == (computed)) { \
                          ^~~~~~~~
In file included from /home/parallels/soft/my/countof_ns/tests/unit/tu_stub.c:5:
In file included from /home/parallels/soft/my/countof_ns/tests/unit/tu_stub.h:106:
/home/parallels/soft/my/countof_ns/tests/unit/pos_zla_n0.h:4:36: error: array size is negative
    TU_STATIC_ASSERT_AND_RETURN(1, TU_COUNTOF(b));
    ~~~~~~~~~~~~~~~~~~~~~~~~~~~~~~~^~~~~~~~~~~~~~
/home/parallels/soft/my/countof_ns/tests/unit/tu_stub.h:18:25: note: expanded from macro 'TU_COUNTOF'
#define TU_COUNTOF(a)  (TU_COUNTOF_FUNC(a))
                        ^
&lt;command line&gt;:13:25: note: expanded from here
#define TU_COUNTOF_FUNC countof_ns
                        ^
/home/parallels/soft/my/countof_ns/include/countof_ns.h:98:53: note: expanded from macro 'countof_ns'
    #define countof_ns(a)  (_countof_ns_unsafe(a) + _countof_ns_must_be(a))
                                                    ^
note: (skipping 1 expansions in backtrace; use -fmacro-backtrace-limit=0 to see all)
/home/parallels/soft/my/countof_ns/tests/unit/tu_stub.h:102:47: note: expanded from macro 'TU_STATIC_ASSERT_AND_RETURN'
                                  (desired), (computed)); \
                                  ~~~~~~~~~~~~^~~~~~~~~~
/home/parallels/soft/my/countof_ns/tests/unit/tu_stub.h:92:43: note: expanded from macro '_TU_ASSERT_AND_RETURN'
            TU_FAIL((method), (desired), (computed)); \
            ~~~~~~~~~~~~~~~~~~~~~~~~~~~~~~^~~~~~~~~~
/home/parallels/soft/my/countof_ns/tests/unit/tu_stub.h:75:40: note: expanded from macro 'TU_FAIL'
                } else if ((long long)(computed) &lt;= (long long)(desired)) { \
                                       ^~~~~~~~
7 errors generated.
gmake[3]: *** [tests/unit/CMakeFiles/pos_zla_n0.dir/build.make:79: tests/unit/CMakeFiles/pos_zla_n0.dir/tu_stub.c.o] Ошибка 1
gmake[2]: *** [CMakeFiles/Makefile2:2126: tests/unit/CMakeFiles/pos_zla_n0.dir/all] Ошибка 2
gmake[1]: *** [CMakeFiles/Makefile2:2133: tests/unit/CMakeFiles/pos_zla_n0.dir/rule] Ошибка 2
gmake: *** [Makefile:862: pos_zla_n0] Ошибка 2

</system-out>
	</testcase>
	<testcase name="pos_zla_n0_c11" classname="pos_zla_n0_c11" time="0.192254" status="fail">
		<failure message="Failed"/>
		<properties>
			<property name="cmake_labels" value="countof_ns;default"/>
		</properties>
		<system-out>Internal cmake changing into directory: /home/parallels/soft/my/countof_ns/build/Linux_clang-14_clang++-14
Change Dir: '/home/parallels/soft/my/countof_ns/build/Linux_clang-14_clang++-14'

Run Build Command(s): /usr/bin/gmake -f Makefile pos_zla_n0_c11
[  0%] Built target CounofNS
gmake[3]: Предупреждение: время изменения файла «tests/unit/CMakeFiles/pos_zla_n0_c11.dir/compiler_depend.make» находится в будущем (0,008)
[100%] Building C object tests/unit/CMakeFiles/pos_zla_n0_c11.dir/tu_stub.c.o
In file included from /home/parallels/soft/my/countof_ns/tests/unit/tu_stub.c:5:
In file included from /home/parallels/soft/my/countof_ns/tests/unit/tu_stub.h:106:
/home/parallels/soft/my/countof_ns/tests/unit/pos_zla_n0.h:4:36: error: 'typeof (b) **' (aka 'int (**)[1][0]') and 'typeof (*(b)) (**)[0]' (aka 'int (**)[0][0]') are not pointers to compatible types
    TU_STATIC_ASSERT_AND_RETURN(1, TU_COUNTOF(b));
    ~~~~~~~~~~~~~~~~~~~~~~~~~~~~~~~^~~~~~~~~~~~~~
/home/parallels/soft/my/countof_ns/tests/unit/tu_stub.h:18:25: note: expanded from macro 'TU_COUNTOF'
#define TU_COUNTOF(a)  (TU_COUNTOF_FUNC(a))
                        ^
&lt;command line&gt;:13:25: note: expanded from here
#define TU_COUNTOF_FUNC countof_ns
                        ^
/home/parallels/soft/my/countof_ns/include/countof_ns.h:98:53: note: expanded from macro 'countof_ns'
    #define countof_ns(a)  (_countof_ns_unsafe(a) + _countof_ns_must_be(a))
                                                    ^
/home/parallels/soft/my/countof_ns/include/countof_ns.h:95:52: note: expanded from macro '_countof_ns_must_be'
                    (_countof_ns_typeof(a) **)&amp;(a) - \
                                                   ^
/home/parallels/soft/my/countof_ns/tests/unit/tu_stub.h:100:44: note: expanded from macro 'TU_STATIC_ASSERT_AND_RETURN'
            tu_static_assert((desired) == (computed)); \
            ~~~~~~~~~~~~~~~~~~~~~~~~~~~~~~~^~~~~~~~~~
/home/parallels/soft/my/countof_ns/tests/unit/tu_stub.h:48:50: note: expanded from macro 'tu_static_assert'
    #define tu_static_assert(e)  _Static_assert((e), #e)
                                                 ^
In file included from /home/parallels/soft/my/countof_ns/tests/unit/tu_stub.c:5:
In file included from /home/parallels/soft/my/countof_ns/tests/unit/tu_stub.h:106:
/home/parallels/soft/my/countof_ns/tests/unit/pos_zla_n0.h:4:36: error: 'typeof (b) **' (aka 'int (**)[1][0]') and 'typeof (*(b)) (**)[0]' (aka 'int (**)[0][0]') are not pointers to compatible types
    TU_STATIC_ASSERT_AND_RETURN(1, TU_COUNTOF(b));
    ~~~~~~~~~~~~~~~~~~~~~~~~~~~~~~~^~~~~~~~~~~~~~
/home/parallels/soft/my/countof_ns/tests/unit/tu_stub.h:18:25: note: expanded from macro 'TU_COUNTOF'
#define TU_COUNTOF(a)  (TU_COUNTOF_FUNC(a))
                        ^
&lt;command line&gt;:13:25: note: expanded from here
#define TU_COUNTOF_FUNC countof_ns
                        ^
/home/parallels/soft/my/countof_ns/include/countof_ns.h:98:53: note: expanded from macro 'countof_ns'
    #define countof_ns(a)  (_countof_ns_unsafe(a) + _countof_ns_must_be(a))
                                                    ^
/home/parallels/soft/my/countof_ns/include/countof_ns.h:95:52: note: expanded from macro '_countof_ns_must_be'
                    (_countof_ns_typeof(a) **)&amp;(a) - \
                                                   ^
/home/parallels/soft/my/countof_ns/tests/unit/tu_stub.h:102:47: note: expanded from macro 'TU_STATIC_ASSERT_AND_RETURN'
                                  (desired), (computed)); \
                                  ~~~~~~~~~~~~^~~~~~~~~~
/home/parallels/soft/my/countof_ns/tests/unit/tu_stub.h:84:31: note: expanded from macro '_TU_ASSERT_AND_RETURN'
            if ((desired) == (computed)) { \
                              ^~~~~~~~
In file included from /home/parallels/soft/my/countof_ns/tests/unit/tu_stub.c:5:
In file included from /home/parallels/soft/my/countof_ns/tests/unit/tu_stub.h:106:
/home/parallels/soft/my/countof_ns/tests/unit/pos_zla_n0.h:4:36: error: 'typeof (b) **' (aka 'int (**)[1][0]') and 'typeof (*(b)) (**)[0]' (aka 'int (**)[0][0]') are not pointers to compatible types
    TU_STATIC_ASSERT_AND_RETURN(1, TU_COUNTOF(b));
    ~~~~~~~~~~~~~~~~~~~~~~~~~~~~~~~^~~~~~~~~~~~~~
/home/parallels/soft/my/countof_ns/tests/unit/tu_stub.h:18:25: note: expanded from macro 'TU_COUNTOF'
#define TU_COUNTOF(a)  (TU_COUNTOF_FUNC(a))
                        ^
&lt;command line&gt;:13:25: note: expanded from here
#define TU_COUNTOF_FUNC countof_ns
                        ^
/home/parallels/soft/my/countof_ns/include/countof_ns.h:98:53: note: expanded from macro 'countof_ns'
    #define countof_ns(a)  (_countof_ns_unsafe(a) + _countof_ns_must_be(a))
                                                    ^
/home/parallels/soft/my/countof_ns/include/countof_ns.h:95:52: note: expanded from macro '_countof_ns_must_be'
                    (_countof_ns_typeof(a) **)&amp;(a) - \
                                                   ^
/home/parallels/soft/my/countof_ns/tests/unit/tu_stub.h:102:47: note: expanded from macro 'TU_STATIC_ASSERT_AND_RETURN'
                                  (desired), (computed)); \
                                  ~~~~~~~~~~~~^~~~~~~~~~
/home/parallels/soft/my/countof_ns/tests/unit/tu_stub.h:88:25: note: expanded from macro '_TU_ASSERT_AND_RETURN'
                       (computed), (method), (#desired), (size_t)(desired)); \
                        ^~~~~~~~
In file included from /home/parallels/soft/my/countof_ns/tests/unit/tu_stub.c:5:
In file included from /home/parallels/soft/my/countof_ns/tests/unit/tu_stub.h:106:
/home/parallels/soft/my/countof_ns/tests/unit/pos_zla_n0.h:4:36: error: 'typeof (b) **' (aka 'int (**)[1][0]') and 'typeof (*(b)) (**)[0]' (aka 'int (**)[0][0]') are not pointers to compatible types
    TU_STATIC_ASSERT_AND_RETURN(1, TU_COUNTOF(b));
    ~~~~~~~~~~~~~~~~~~~~~~~~~~~~~~~^~~~~~~~~~~~~~
/home/parallels/soft/my/countof_ns/tests/unit/tu_stub.h:18:25: note: expanded from macro 'TU_COUNTOF'
#define TU_COUNTOF(a)  (TU_COUNTOF_FUNC(a))
                        ^
&lt;command line&gt;:13:25: note: expanded from here
#define TU_COUNTOF_FUNC countof_ns
                        ^
/home/parallels/soft/my/countof_ns/include/countof_ns.h:98:53: note: expanded from macro 'countof_ns'
    #define countof_ns(a)  (_countof_ns_unsafe(a) + _countof_ns_must_be(a))
                                                    ^
note: (skipping 1 expansions in backtrace; use -fmacro-backtrace-limit=0 to see all)
/home/parallels/soft/my/countof_ns/tests/unit/tu_stub.h:102:47: note: expanded from macro 'TU_STATIC_ASSERT_AND_RETURN'
                                  (desired), (computed)); \
                                  ~~~~~~~~~~~~^~~~~~~~~~
/home/parallels/soft/my/countof_ns/tests/unit/tu_stub.h:92:43: note: expanded from macro '_TU_ASSERT_AND_RETURN'
            TU_FAIL((method), (desired), (computed)); \
            ~~~~~~~~~~~~~~~~~~~~~~~~~~~~~~^~~~~~~~~~
/home/parallels/soft/my/countof_ns/tests/unit/tu_stub.h:69:35: note: expanded from macro 'TU_FAIL'
            if(_TU_TODO_MAGIC != (computed)) { \
                                  ^~~~~~~~
In file included from /home/parallels/soft/my/countof_ns/tests/unit/tu_stub.c:5:
In file included from /home/parallels/soft/my/countof_ns/tests/unit/tu_stub.h:106:
/home/parallels/soft/my/countof_ns/tests/unit/pos_zla_n0.h:4:36: error: 'typeof (b) **' (aka 'int (**)[1][0]') and 'typeof (*(b)) (**)[0]' (aka 'int (**)[0][0]') are not pointers to compatible types
    TU_STATIC_ASSERT_AND_RETURN(1, TU_COUNTOF(b));
    ~~~~~~~~~~~~~~~~~~~~~~~~~~~~~~~^~~~~~~~~~~~~~
/home/parallels/soft/my/countof_ns/tests/unit/tu_stub.h:18:25: note: expanded from macro 'TU_COUNTOF'
#define TU_COUNTOF(a)  (TU_COUNTOF_FUNC(a))
                        ^
&lt;command line&gt;:13:25: note: expanded from here
#define TU_COUNTOF_FUNC countof_ns
                        ^
/home/parallels/soft/my/countof_ns/include/countof_ns.h:98:53: note: expanded from macro 'countof_ns'
    #define countof_ns(a)  (_countof_ns_unsafe(a) + _countof_ns_must_be(a))
                                                    ^
note: (skipping 1 expansions in backtrace; use -fmacro-backtrace-limit=0 to see all)
/home/parallels/soft/my/countof_ns/tests/unit/tu_stub.h:102:47: note: expanded from macro 'TU_STATIC_ASSERT_AND_RETURN'
                                  (desired), (computed)); \
                                  ~~~~~~~~~~~~^~~~~~~~~~
/home/parallels/soft/my/countof_ns/tests/unit/tu_stub.h:92:43: note: expanded from macro '_TU_ASSERT_AND_RETURN'
            TU_FAIL((method), (desired), (computed)); \
            ~~~~~~~~~~~~~~~~~~~~~~~~~~~~~~^~~~~~~~~~
/home/parallels/soft/my/countof_ns/tests/unit/tu_stub.h:71:25: note: expanded from macro 'TU_FAIL'
                       (computed), (size_t)(desired), (method), (#desired)); \
                        ^~~~~~~~
In file included from /home/parallels/soft/my/countof_ns/tests/unit/tu_stub.c:5:
In file included from /home/parallels/soft/my/countof_ns/tests/unit/tu_stub.h:106:
/home/parallels/soft/my/countof_ns/tests/unit/pos_zla_n0.h:4:36: error: 'typeof (b) **' (aka 'int (**)[1][0]') and 'typeof (*(b)) (**)[0]' (aka 'int (**)[0][0]') are not pointers to compatible types
    TU_STATIC_ASSERT_AND_RETURN(1, TU_COUNTOF(b));
    ~~~~~~~~~~~~~~~~~~~~~~~~~~~~~~~^~~~~~~~~~~~~~
/home/parallels/soft/my/countof_ns/tests/unit/tu_stub.h:18:25: note: expanded from macro 'TU_COUNTOF'
#define TU_COUNTOF(a)  (TU_COUNTOF_FUNC(a))
                        ^
&lt;command line&gt;:13:25: note: expanded from here
#define TU_COUNTOF_FUNC countof_ns
                        ^
/home/parallels/soft/my/countof_ns/include/countof_ns.h:98:53: note: expanded from macro 'countof_ns'
    #define countof_ns(a)  (_countof_ns_unsafe(a) + _countof_ns_must_be(a))
                                                    ^
note: (skipping 1 expansions in backtrace; use -fmacro-backtrace-limit=0 to see all)
/home/parallels/soft/my/countof_ns/tests/unit/tu_stub.h:102:47: note: expanded from macro 'TU_STATIC_ASSERT_AND_RETURN'
                                  (desired), (computed)); \
                                  ~~~~~~~~~~~~^~~~~~~~~~
/home/parallels/soft/my/countof_ns/tests/unit/tu_stub.h:92:43: note: expanded from macro '_TU_ASSERT_AND_RETURN'
            TU_FAIL((method), (desired), (computed)); \
            ~~~~~~~~~~~~~~~~~~~~~~~~~~~~~~^~~~~~~~~~
/home/parallels/soft/my/countof_ns/tests/unit/tu_stub.h:73:27: note: expanded from macro 'TU_FAIL'
                if (0 == (computed)) { \
                          ^~~~~~~~
In file included from /home/parallels/soft/my/countof_ns/tests/unit/tu_stub.c:5:
In file included from /home/parallels/soft/my/countof_ns/tests/unit/tu_stub.h:106:
/home/parallels/soft/my/countof_ns/tests/unit/pos_zla_n0.h:4:36: error: 'typeof (b) **' (aka 'int (**)[1][0]') and 'typeof (*(b)) (**)[0]' (aka 'int (**)[0][0]') are not pointers to compatible types
    TU_STATIC_ASSERT_AND_RETURN(1, TU_COUNTOF(b));
    ~~~~~~~~~~~~~~~~~~~~~~~~~~~~~~~^~~~~~~~~~~~~~
/home/parallels/soft/my/countof_ns/tests/unit/tu_stub.h:18:25: note: expanded from macro 'TU_COUNTOF'
#define TU_COUNTOF(a)  (TU_COUNTOF_FUNC(a))
                        ^
&lt;command line&gt;:13:25: note: expanded from here
#define TU_COUNTOF_FUNC countof_ns
                        ^
/home/parallels/soft/my/countof_ns/include/countof_ns.h:98:53: note: expanded from macro 'countof_ns'
    #define countof_ns(a)  (_countof_ns_unsafe(a) + _countof_ns_must_be(a))
                                                    ^
note: (skipping 1 expansions in backtrace; use -fmacro-backtrace-limit=0 to see all)
/home/parallels/soft/my/countof_ns/tests/unit/tu_stub.h:102:47: note: expanded from macro 'TU_STATIC_ASSERT_AND_RETURN'
                                  (desired), (computed)); \
                                  ~~~~~~~~~~~~^~~~~~~~~~
/home/parallels/soft/my/countof_ns/tests/unit/tu_stub.h:92:43: note: expanded from macro '_TU_ASSERT_AND_RETURN'
            TU_FAIL((method), (desired), (computed)); \
            ~~~~~~~~~~~~~~~~~~~~~~~~~~~~~~^~~~~~~~~~
/home/parallels/soft/my/countof_ns/tests/unit/tu_stub.h:75:40: note: expanded from macro 'TU_FAIL'
                } else if ((long long)(computed) &lt;= (long long)(desired)) { \
                                       ^~~~~~~~
7 errors generated.
gmake[3]: *** [tests/unit/CMakeFiles/pos_zla_n0_c11.dir/build.make:79: tests/unit/CMakeFiles/pos_zla_n0_c11.dir/tu_stub.c.o] Ошибка 1
gmake[2]: *** [CMakeFiles/Makefile2:2158: tests/unit/CMakeFiles/pos_zla_n0_c11.dir/all] Ошибка 2
gmake[1]: *** [CMakeFiles/Makefile2:2165: tests/unit/CMakeFiles/pos_zla_n0_c11.dir/rule] Ошибка 2
gmake: *** [Makefile:875: pos_zla_n0_c11] Ошибка 2

</system-out>
	</testcase>
	<testcase name="pos_zla_n0_cxx" classname="pos_zla_n0_cxx" time="0.00226912" status="run">
		<properties>
			<property name="cmake_labels" value="countof_ns;default"/>
		</properties>
		<system-out>Ok 1 TU_STATIC_ASSERT_AND_RETURN((1)=1, ...) /home/parallels/soft/my/countof_ns/tests/unit/pos_zla_n0.h:pos_zla_n0.h:TU_UNIT for countof_ns.h:countof_ns(), C++ 202101L
</system-out>
	</testcase>
	<testcase name="neg__selftest" classname="neg__selftest" time="0.196006" status="run">
		<properties>
			<property name="cmake_labels" value="countof_ns;default"/>
		</properties>
		<system-out>[  0%] Built target CounofNS
[100%] Building C object tests/unit/CMakeFiles/neg__selftest.dir/tu_stub.c.o
In file included from /home/parallels/soft/my/countof_ns/tests/unit/tu_stub.c:5:
In file included from /home/parallels/soft/my/countof_ns/tests/unit/tu_stub.h:106:
/home/parallels/soft/my/countof_ns/tests/unit/neg__selftest.h:12:9: error: static_assert failed "0"
        tu_static_assert(0);
        ^~~~~~~~~~~~~~~~~~~
/home/parallels/soft/my/countof_ns/tests/unit/tu_stub.h:48:34: note: expanded from macro 'tu_static_assert'
    #define tu_static_assert(e)  _Static_assert((e), #e)
                                 ^              ~~~
1 error generated.
gmake[3]: *** [tests/unit/CMakeFiles/neg__selftest.dir/build.make:79: tests/unit/CMakeFiles/neg__selftest.dir/tu_stub.c.o] Ошибка 1
gmake[2]: *** [CMakeFiles/Makefile2:2222: tests/unit/CMakeFiles/neg__selftest.dir/all] Ошибка 2
gmake[1]: *** [CMakeFiles/Makefile2:2229: tests/unit/CMakeFiles/neg__selftest.dir/rule] Ошибка 2
gmake: *** [Makefi...
[This part of the test output was removed since it exceeds the threshold of 1024 bytes.]
</system-out>
	</testcase>
	<testcase name="neg__selftest_0_fail" classname="neg__selftest_0_fail" time="0.0119988" status="notrun">
		<skipped message="SKIP_RETURN_CODE=42"/>
		<properties>
			<property name="cmake_labels" value="countof_ns;default"/>
		</properties>
		<system-out></system-out>
	</testcase>
	<testcase name="neg__selftest_c11" classname="neg__selftest_c11" time="0.197602" status="run">
		<properties>
			<property name="cmake_labels" value="countof_ns;default"/>
		</properties>
		<system-out>[  0%] Built target CounofNS
[ 50%] Building C object tests/unit/CMakeFiles/neg__selftest_c11.dir/tu_stub.c.o
In file included from /home/parallels/soft/my/countof_ns/tests/unit/tu_stub.c:5:
In file included from /home/parallels/soft/my/countof_ns/tests/unit/tu_stub.h:106:
/home/parallels/soft/my/countof_ns/tests/unit/neg__selftest.h:12:9: error: static_assert failed "0"
        tu_static_assert(0);
        ^~~~~~~~~~~~~~~~~~~
/home/parallels/soft/my/countof_ns/tests/unit/tu_stub.h:48:34: note: expanded from macro 'tu_static_assert'
    #define tu_static_assert(e)  _Static_assert((e), #e)
                                 ^              ~~~
1 error generated.
gmake[3]: *** [tests/unit/CMakeFiles/neg__selftest_c11.dir/build.make:79: tests/unit/CMakeFiles/neg__selftest_c11.dir/tu_stub.c.o] Ошибка 1
gmake[2]: *** [CMakeFiles/Makefile2:2254: tests/unit/CMakeFiles/neg__selftest_c11.dir/all] Ошибка 2
gmake[1]: *** [CMakeFiles/Makefile2:2261: tests/unit/CMakeFiles/neg__selftest_c11.dir/rule] Ошибка ...
[This part of the test output was removed since it exceeds the threshold of 1024 bytes.]
</system-out>
	</testcase>
	<testcase name="neg__selftest_c11_0_fail" classname="neg__selftest_c11_0_fail" time="0.0117898" status="notrun">
		<skipped message="SKIP_RETURN_CODE=42"/>
		<properties>
			<property name="cmake_labels" value="countof_ns;default"/>
		</properties>
		<system-out></system-out>
	</testcase>
	<testcase name="neg__selftest_cxx" classname="neg__selftest_cxx" time="0.191612" status="run">
		<properties>
			<property name="cmake_labels" value="countof_ns;default"/>
		</properties>
		<system-out>[  0%] Built target CounofNS
[  0%] Building CXX object tests/unit/CMakeFiles/neg__selftest_cxx.dir/tu_stub_cxx.cpp.o
In file included from /home/parallels/soft/my/countof_ns/tests/unit/tu_stub_cxx.cpp:5:
In file included from /home/parallels/soft/my/countof_ns/tests/unit/tu_stub.h:106:
/home/parallels/soft/my/countof_ns/tests/unit/neg__selftest.h:12:9: error: static_assert failed "0"
        tu_static_assert(0);
        ^~~~~~~~~~~~~~~~~~~
/home/parallels/soft/my/countof_ns/tests/unit/tu_stub.h:46:34: note: expanded from macro 'tu_static_assert'
    #define tu_static_assert(e)  static_assert((e), #e)
                                 ^             ~~~
1 error generated.
gmake[3]: *** [tests/unit/CMakeFiles/neg__selftest_cxx.dir/build.make:79: tests/unit/CMakeFiles/neg__selftest_cxx.dir/tu_stub_cxx.cpp.o] Ошибка 1
gmake[2]: *** [CMakeFiles/Makefile2:2286: tests/unit/CMakeFiles/neg__selftest_cxx.dir/all] Ошибка 2
gmake[1]: *** [CMakeFiles/Makefile2:2293: tests/unit/CMakeFiles/neg__selftest_cxx.dir/r...
[This part of the test output was removed since it exceeds the threshold of 1024 bytes.]
</system-out>
	</testcase>
	<testcase name="neg__selftest_cxx_0_fail" classname="neg__selftest_cxx_0_fail" time="0.0127703" status="notrun">
		<skipped message="SKIP_RETURN_CODE=42"/>
		<properties>
			<property name="cmake_labels" value="countof_ns;default"/>
		</properties>
		<system-out></system-out>
	</testcase>
	<testcase name="neg_cv_ptr" classname="neg_cv_ptr" time="0.200079" status="run">
		<properties>
			<property name="cmake_labels" value="countof_ns;default"/>
		</properties>
		<system-out>[  0%] Built target CounofNS
gmake[3]: Предупреждение: время изменения файла «tests/unit/CMakeFiles/neg_cv_ptr.dir/compiler_depend.make» находится в будущем (0,16)
[100%] Building C object tests/unit/CMakeFiles/neg_cv_ptr.dir/tu_stub.c.o
In file included from /home/parallels/soft/my/countof_ns/tests/unit/tu_stub.c:5:
In file included from /home/parallels/soft/my/countof_ns/tests/unit/tu_stub.h:106:
/home/parallels/soft/my/countof_ns/tests/unit/neg_cv_ptr.h:4:12: error: array size is negative
    return TU_COUNTOF(p);
           ^~~~~~~~~~~~~
/home/parallels/soft/my/countof_ns/tests/unit/tu_stub.h:18:25: note: expanded from macro 'TU_COUNTOF'
#define TU_COUNTOF(a)  (TU_COUNTOF_FUNC(a))
                        ^~~~~~~~~~~~~~~~~~
&lt;command line&gt;:13:25: note: expanded from here
#define TU_COUNTOF_FUNC countof_ns
                        ^
/home/parallels/soft/my/countof_ns/include/countof_ns.h:98:53: note: expanded from macro 'countof_ns'
    #define countof_ns(a)...
[This part of the test output was removed since it exceeds the threshold of 1024 bytes.]
</system-out>
	</testcase>
	<testcase name="neg_cv_ptr_0_fail" classname="neg_cv_ptr_0_fail" time="0.0122411" status="notrun">
		<skipped message="SKIP_RETURN_CODE=42"/>
		<properties>
			<property name="cmake_labels" value="countof_ns;default"/>
		</properties>
		<system-out></system-out>
	</testcase>
	<testcase name="neg_cv_ptr_c11" classname="neg_cv_ptr_c11" time="0.195319" status="run">
		<properties>
			<property name="cmake_labels" value="countof_ns;default"/>
		</properties>
		<system-out>[  0%] Built target CounofNS
[100%] Building C object tests/unit/CMakeFiles/neg_cv_ptr_c11.dir/tu_stub.c.o
In file included from /home/parallels/soft/my/countof_ns/tests/unit/tu_stub.c:5:
In file included from /home/parallels/soft/my/countof_ns/tests/unit/tu_stub.h:106:
/home/parallels/soft/my/countof_ns/tests/unit/neg_cv_ptr.h:4:12: error: 'typeof (p) **' (aka 'const volatile int ***') and 'typeof (*(p)) (**)[2]' (aka 'const volatile int (**)[2]') are not pointers to compatible types
    return TU_COUNTOF(p);
           ^~~~~~~~~~~~~
/home/parallels/soft/my/countof_ns/tests/unit/tu_stub.h:18:25: note: expanded from macro 'TU_COUNTOF'
#define TU_COUNTOF(a)  (TU_COUNTOF_FUNC(a))
                        ^~~~~~~~~~~~~~~~~~
&lt;command line&gt;:13:25: note: expanded from here
#define TU_COUNTOF_FUNC countof_ns
                        ^
/home/parallels/soft/my/countof_ns/include/countof_ns.h:98:53: note: expanded from macro 'countof_ns'
    #define countof_ns(a)  (_countof_ns_unsafe(a) + _countof_ns_must_be(a))
        ...
[This part of the test output was removed since it exceeds the threshold of 1024 bytes.]
</system-out>
	</testcase>
	<testcase name="neg_cv_ptr_c11_0_fail" classname="neg_cv_ptr_c11_0_fail" time="0.0117711" status="notrun">
		<skipped message="SKIP_RETURN_CODE=42"/>
		<properties>
			<property name="cmake_labels" value="countof_ns;default"/>
		</properties>
		<system-out></system-out>
	</testcase>
	<testcase name="neg_cv_ptr_cxx" classname="neg_cv_ptr_cxx" time="0.20684" status="run">
		<properties>
			<property name="cmake_labels" value="countof_ns;default"/>
		</properties>
		<system-out>[  0%] Built target CounofNS
[ 50%] Building CXX object tests/unit/CMakeFiles/neg_cv_ptr_cxx.dir/tu_stub_cxx.cpp.o
In file included from /home/parallels/soft/my/countof_ns/tests/unit/tu_stub_cxx.cpp:5:
In file included from /home/parallels/soft/my/countof_ns/tests/unit/tu_stub.h:20:
/home/parallels/soft/my/countof_ns/include/countof_ns.h:107:9: error: static_assert failed due to requirement '0 == 8UL' "Argument must be zero-length array"
        static_assert(0 == A, "Argument must be zero-length array");
        ^             ~~~~~~
/home/parallels/soft/my/countof_ns/tests/unit/neg_cv_ptr.h:4:12: note: in instantiation of function template specialization '_countof_ns_aux&lt;8UL, 4UL, const volatile int *&gt;' requested here
    return TU_COUNTOF(p);
           ^
/home/parallels/soft/my/countof_ns/tests/unit/tu_stub.h:18:25: note: expanded from macro 'TU_COUNTOF'
#define TU_COUNTOF(a)  (TU_COUNTOF_FUNC(a))
                        ^
&lt;command line&gt;:13:25: note: expanded from here
#define TU_COUNTOF_FUNC countof_ns
  ...
[This part of the test output was removed since it exceeds the threshold of 1024 bytes.]
</system-out>
	</testcase>
	<testcase name="neg_cv_ptr_cxx_0_fail" classname="neg_cv_ptr_cxx_0_fail" time="0.0135276" status="notrun">
		<skipped message="SKIP_RETURN_CODE=42"/>
		<properties>
			<property name="cmake_labels" value="countof_ns;default"/>
		</properties>
		<system-out></system-out>
	</testcase>
	<testcase name="neg_other" classname="neg_other" time="0.186723" status="run">
		<properties>
			<property name="cmake_labels" value="countof_ns;default"/>
		</properties>
		<system-out>[  0%] Built target CounofNS
[  0%] Building C object tests/unit/CMakeFiles/neg_other.dir/tu_stub.c.o
In file included from /home/parallels/soft/my/countof_ns/tests/unit/tu_stub.c:5:
In file included from /home/parallels/soft/my/countof_ns/tests/unit/tu_stub.h:106:
/home/parallels/soft/my/countof_ns/tests/unit/neg_other.h:4:12: error: indirection requires pointer operand ('int' invalid)
    return TU_COUNTOF(i);
           ^~~~~~~~~~~~~
/home/parallels/soft/my/countof_ns/tests/unit/tu_stub.h:18:25: note: expanded from macro 'TU_COUNTOF'
#define TU_COUNTOF(a)  (TU_COUNTOF_FUNC(a))
                        ^~~~~~~~~~~~~~~~~~
&lt;command line&gt;:13:25: note: expanded from here
#define TU_COUNTOF_FUNC countof_ns
                        ^
/home/parallels/soft/my/countof_ns/include/countof_ns.h:98:29: note: expanded from macro 'countof_ns'
    #define countof_ns(a)  (_countof_ns_unsafe(a) + _countof_ns_must_be(a))
                            ^~~~~~~~~~~~~~~~~~~~~
/home/parallels/soft/my/countof_ns/include/countof_ns.h:76...
[This part of the test output was removed since it exceeds the threshold of 1024 bytes.]
</system-out>
	</testcase>
	<testcase name="neg_other_0_fail" classname="neg_other_0_fail" time="0.0111505" status="notrun">
		<skipped message="SKIP_RETURN_CODE=42"/>
		<properties>
			<property name="cmake_labels" value="countof_ns;default"/>
		</properties>
		<system-out></system-out>
	</testcase>
	<testcase name="neg_other_c11" classname="neg_other_c11" time="0.193684" status="run">
		<properties>
			<property name="cmake_labels" value="countof_ns;default"/>
		</properties>
		<system-out>[  0%] Built target CounofNS
[100%] Building C object tests/unit/CMakeFiles/neg_other_c11.dir/tu_stub.c.o
In file included from /home/parallels/soft/my/countof_ns/tests/unit/tu_stub.c:5:
In file included from /home/parallels/soft/my/countof_ns/tests/unit/tu_stub.h:106:
/home/parallels/soft/my/countof_ns/tests/unit/neg_other.h:4:12: error: indirection requires pointer operand ('int' invalid)
    return TU_COUNTOF(i);
           ^~~~~~~~~~~~~
/home/parallels/soft/my/countof_ns/tests/unit/tu_stub.h:18:25: note: expanded from macro 'TU_COUNTOF'
#define TU_COUNTOF(a)  (TU_COUNTOF_FUNC(a))
                        ^~~~~~~~~~~~~~~~~~
&lt;command line&gt;:13:25: note: expanded from here
#define TU_COUNTOF_FUNC countof_ns
                        ^
/home/parallels/soft/my/countof_ns/include/countof_ns.h:98:29: note: expanded from macro 'countof_ns'
    #define countof_ns(a)  (_countof_ns_unsafe(a) + _countof_ns_must_be(a))
                            ^~~~~~~~~~~~~~~~~~~~~
/home/parallels/soft/my/countof_ns/include/countof_ns....
[This part of the test output was removed since it exceeds the threshold of 1024 bytes.]
</system-out>
	</testcase>
	<testcase name="neg_other_c11_0_fail" classname="neg_other_c11_0_fail" time="0.0122599" status="notrun">
		<skipped message="SKIP_RETURN_CODE=42"/>
		<properties>
			<property name="cmake_labels" value="countof_ns;default"/>
		</properties>
		<system-out></system-out>
	</testcase>
	<testcase name="neg_other_cxx" classname="neg_other_cxx" time="0.19876" status="run">
		<properties>
			<property name="cmake_labels" value="countof_ns;default"/>
		</properties>
		<system-out>[  0%] Built target CounofNS
gmake[3]: Предупреждение: время изменения файла «tests/unit/CMakeFiles/neg_other_cxx.dir/compiler_depend.make» находится в будущем (0,095)
[ 50%] Building CXX object tests/unit/CMakeFiles/neg_other_cxx.dir/tu_stub_cxx.cpp.o
In file included from /home/parallels/soft/my/countof_ns/tests/unit/tu_stub_cxx.cpp:5:
In file included from /home/parallels/soft/my/countof_ns/tests/unit/tu_stub.h:106:
/home/parallels/soft/my/countof_ns/tests/unit/neg_other.h:4:12: error: indirection requires pointer operand ('int' invalid)
    return TU_COUNTOF(i);
           ^~~~~~~~~~~~~
/home/parallels/soft/my/countof_ns/tests/unit/tu_stub.h:18:25: note: expanded from macro 'TU_COUNTOF'
#define TU_COUNTOF(a)  (TU_COUNTOF_FUNC(a))
                        ^~~~~~~~~~~~~~~~~~
&lt;command line&gt;:13:25: note: expanded from here
#define TU_COUNTOF_FUNC countof_ns
                        ^
/home/parallels/soft/my/countof_ns/include/countof_ns.h:110:61: note: expande...
[This part of the test output was removed since it exceeds the threshold of 1024 bytes.]
</system-out>
	</testcase>
	<testcase name="neg_other_cxx_0_fail" classname="neg_other_cxx_0_fail" time="0.0120112" status="notrun">
		<skipped message="SKIP_RETURN_CODE=42"/>
		<properties>
			<property name="cmake_labels" value="countof_ns;default"/>
		</properties>
		<system-out></system-out>
	</testcase>
	<testcase name="neg_ptr" classname="neg_ptr" time="0.18963" status="run">
		<properties>
			<property name="cmake_labels" value="countof_ns;default"/>
		</properties>
		<system-out>[  0%] Built target CounofNS
[  0%] Building C object tests/unit/CMakeFiles/neg_ptr.dir/tu_stub.c.o
In file included from /home/parallels/soft/my/countof_ns/tests/unit/tu_stub.c:5:
In file included from /home/parallels/soft/my/countof_ns/tests/unit/tu_stub.h:106:
/home/parallels/soft/my/countof_ns/tests/unit/neg_ptr.h:6:12: error: array size is negative
           TU_COUNTOF(p));  // TODO
           ^~~~~~~~~~~~~
/home/parallels/soft/my/countof_ns/tests/unit/tu_stub.h:18:25: note: expanded from macro 'TU_COUNTOF'
#define TU_COUNTOF(a)  (TU_COUNTOF_FUNC(a))
                        ^~~~~~~~~~~~~~~~~~
&lt;command line&gt;:13:25: note: expanded from here
#define TU_COUNTOF_FUNC countof_ns
                        ^
/home/parallels/soft/my/countof_ns/include/countof_ns.h:98:53: note: expanded from macro 'countof_ns'
    #define countof_ns(a)  (_countof_ns_unsafe(a) + _countof_ns_must_be(a))
                                                    ^~~~~~~~~~~~~~~~~~~~~~
/home/parallels/soft/my/countof_ns/include/countof_ns.h:9...
[This part of the test output was removed since it exceeds the threshold of 1024 bytes.]
</system-out>
	</testcase>
	<testcase name="neg_ptr_0_fail" classname="neg_ptr_0_fail" time="0.0117198" status="notrun">
		<skipped message="SKIP_RETURN_CODE=42"/>
		<properties>
			<property name="cmake_labels" value="countof_ns;default"/>
		</properties>
		<system-out></system-out>
	</testcase>
	<testcase name="neg_ptr_c11" classname="neg_ptr_c11" time="0.20471" status="run">
		<properties>
			<property name="cmake_labels" value="countof_ns;default"/>
		</properties>
		<system-out>[  0%] Built target CounofNS
[  0%] Building C object tests/unit/CMakeFiles/neg_ptr_c11.dir/tu_stub.c.o
In file included from /home/parallels/soft/my/countof_ns/tests/unit/tu_stub.c:5:
In file included from /home/parallels/soft/my/countof_ns/tests/unit/tu_stub.h:106:
/home/parallels/soft/my/countof_ns/tests/unit/neg_ptr.h:6:12: error: 'typeof (p) **' (aka 'int ***') and 'typeof (*(p)) (**)[2]' (aka 'int (**)[2]') are not pointers to compatible types
           TU_COUNTOF(p));  // TODO
           ^~~~~~~~~~~~~
/home/parallels/soft/my/countof_ns/tests/unit/tu_stub.h:18:25: note: expanded from macro 'TU_COUNTOF'
#define TU_COUNTOF(a)  (TU_COUNTOF_FUNC(a))
                        ^~~~~~~~~~~~~~~~~~
&lt;command line&gt;:13:25: note: expanded from here
#define TU_COUNTOF_FUNC countof_ns
                        ^
/home/parallels/soft/my/countof_ns/include/countof_ns.h:98:53: note: expanded from macro 'countof_ns'
    #define countof_ns(a)  (_countof_ns_unsafe(a) + _countof_ns_must_be(a))
                                  ...
[This part of the test output was removed since it exceeds the threshold of 1024 bytes.]
</system-out>
	</testcase>
	<testcase name="neg_ptr_c11_0_fail" classname="neg_ptr_c11_0_fail" time="0.012297" status="notrun">
		<skipped message="SKIP_RETURN_CODE=42"/>
		<properties>
			<property name="cmake_labels" value="countof_ns;default"/>
		</properties>
		<system-out></system-out>
	</testcase>
	<testcase name="neg_ptr_cxx" classname="neg_ptr_cxx" time="0.208324" status="run">
		<properties>
			<property name="cmake_labels" value="countof_ns;default"/>
		</properties>
		<system-out>[  0%] Built target CounofNS
[100%] Building CXX object tests/unit/CMakeFiles/neg_ptr_cxx.dir/tu_stub_cxx.cpp.o
In file included from /home/parallels/soft/my/countof_ns/tests/unit/tu_stub_cxx.cpp:5:
In file included from /home/parallels/soft/my/countof_ns/tests/unit/tu_stub.h:20:
/home/parallels/soft/my/countof_ns/include/countof_ns.h:107:9: error: static_assert failed due to requirement '0 == 8UL' "Argument must be zero-length array"
        static_assert(0 == A, "Argument must be zero-length array");
        ^             ~~~~~~
/home/parallels/soft/my/countof_ns/tests/unit/neg_ptr.h:6:12: note: in instantiation of function template specialization '_countof_ns_aux&lt;8UL, 4UL, int *&gt;' requested here
           TU_COUNTOF(p));  // TODO
           ^
/home/parallels/soft/my/countof_ns/tests/unit/tu_stub.h:18:25: note: expanded from macro 'TU_COUNTOF'
#define TU_COUNTOF(a)  (TU_COUNTOF_FUNC(a))
                        ^
&lt;command line&gt;:13:25: note: expanded from here
#define TU_COUNTOF_FUNC countof_ns
             ...
[This part of the test output was removed since it exceeds the threshold of 1024 bytes.]
</system-out>
	</testcase>
	<testcase name="neg_ptr_cxx_0_fail" classname="neg_ptr_cxx_0_fail" time="0.0121731" status="notrun">
		<skipped message="SKIP_RETURN_CODE=42"/>
		<properties>
			<property name="cmake_labels" value="countof_ns;default"/>
		</properties>
		<system-out></system-out>
	</testcase>
	<testcase name="neg_vla_ptr" classname="neg_vla_ptr" time="0.209745" status="run">
		<properties>
			<property name="cmake_labels" value="countof_ns;default"/>
		</properties>
		<system-out>[  0%] Built target CounofNS
gmake[3]: Предупреждение: время изменения файла «tests/unit/CMakeFiles/neg_vla_ptr.dir/compiler_depend.make» находится в будущем (0,22)
[ 50%] Building C object tests/unit/CMakeFiles/neg_vla_ptr.dir/tu_stub.c.o
In file included from /home/parallels/soft/my/countof_ns/tests/unit/tu_stub.c:5:
In file included from /home/parallels/soft/my/countof_ns/tests/unit/tu_stub.h:106:
/home/parallels/soft/my/countof_ns/tests/unit/neg_vla_ptr.h:6:12: error: type 'typeof (*(p)) (*)[(!sizeof (*(p)) ? 0 : sizeof (p) / (sizeof (*(p)) ? sizeof (*(p)) : (size_t)-1))]' (aka 'int (*)[(!sizeof (*(p)) ? 0 : sizeof (p) / (sizeof (*(p)) ? sizeof (*(p)) : (size_t)-1))][d0]') in generic association is a variably modified type
    return TU_COUNTOF(p);
           ^~~~~~~~~~~~~
/home/parallels/soft/my/countof_ns/tests/unit/tu_stub.h:18:25: note: expanded from macro 'TU_COUNTOF'
#define TU_COUNTOF(a)  (TU_COUNTOF_FUNC(a))
                        ^~~~~~~~~~~~~~...
[This part of the test output was removed since it exceeds the threshold of 1024 bytes.]
</system-out>
	</testcase>
	<testcase name="neg_vla_ptr_0_fail" classname="neg_vla_ptr_0_fail" time="0.0127048" status="notrun">
		<skipped message="SKIP_RETURN_CODE=42"/>
		<properties>
			<property name="cmake_labels" value="countof_ns;default"/>
		</properties>
		<system-out></system-out>
	</testcase>
	<testcase name="neg_vla_ptr_c11" classname="neg_vla_ptr_c11" time="0.188371" status="run">
		<properties>
			<property name="cmake_labels" value="countof_ns;default"/>
		</properties>
		<system-out>[  0%] Built target CounofNS
[  0%] Building C object tests/unit/CMakeFiles/neg_vla_ptr_c11.dir/tu_stub.c.o
In file included from /home/parallels/soft/my/countof_ns/tests/unit/tu_stub.c:5:
In file included from /home/parallels/soft/my/countof_ns/tests/unit/tu_stub.h:106:
/home/parallels/soft/my/countof_ns/tests/unit/neg_vla_ptr.h:6:12: error: 'typeof (p) **' (aka 'int (***)[d0]') and 'typeof (*(p)) (**)[(!sizeof (*(p)) ? 0 : sizeof (p) / (sizeof (*(p)) ? sizeof (*(p)) : (size_t)-1))]' (aka 'int (**)[(!sizeof (*(p)) ? 0 : sizeof (p) / (sizeof (*(p)) ? sizeof (*(p)) : (size_t)-1))][d0]') are not pointers to compatible types
    return TU_COUNTOF(p);
           ^~~~~~~~~~~~~
/home/parallels/soft/my/countof_ns/tests/unit/tu_stub.h:18:25: note: expanded from macro 'TU_COUNTOF'
#define TU_COUNTOF(a)  (TU_COUNTOF_FUNC(a))
                        ^~~~~~~~~~~~~~~~~~
&lt;command line&gt;:13:25: note: expanded from here
#define TU_COUNTOF_FUNC countof_ns
                        ^
/home/parallels/soft/my/countof_ns/include/cou...
[This part of the test output was removed since it exceeds the threshold of 1024 bytes.]
</system-out>
	</testcase>
	<testcase name="neg_vla_ptr_c11_0_fail" classname="neg_vla_ptr_c11_0_fail" time="0.0105004" status="notrun">
		<skipped message="SKIP_RETURN_CODE=42"/>
		<properties>
			<property name="cmake_labels" value="countof_ns;default"/>
		</properties>
		<system-out></system-out>
	</testcase>
	<testcase name="neg_vla_zla_ptr" classname="neg_vla_zla_ptr" time="0.191433" status="run">
		<properties>
			<property name="cmake_labels" value="countof_ns;default"/>
		</properties>
		<system-out>[  0%] Built target CounofNS
[100%] Building C object tests/unit/CMakeFiles/neg_vla_zla_ptr.dir/tu_stub.c.o
In file included from /home/parallels/soft/my/countof_ns/tests/unit/tu_stub.c:5:
In file included from /home/parallels/soft/my/countof_ns/tests/unit/tu_stub.h:106:
/home/parallels/soft/my/countof_ns/tests/unit/neg_vla_zla_ptr.h:6:12: error: type 'typeof (*(p)) (*)[(!sizeof (*(p)) ? 0 : sizeof (p) / (sizeof (*(p)) ? sizeof (*(p)) : (size_t)-1))]' (aka 'int (*)[(!sizeof (*(p)) ? 0 : sizeof (p) / (sizeof (*(p)) ? sizeof (*(p)) : (size_t)-1))][d0][0]') in generic association is a variably modified type
    return TU_COUNTOF(p);
           ^~~~~~~~~~~~~
/home/parallels/soft/my/countof_ns/tests/unit/tu_stub.h:18:25: note: expanded from macro 'TU_COUNTOF'
#define TU_COUNTOF(a)  (TU_COUNTOF_FUNC(a))
                        ^~~~~~~~~~~~~~~~~~
&lt;command line&gt;:13:25: note: expanded from here
#define TU_COUNTOF_FUNC countof_ns
                        ^
/home/parallels/soft/my/countof_ns/include/countof_ns.h:98:53: n...
[This part of the test output was removed since it exceeds the threshold of 1024 bytes.]
</system-out>
	</testcase>
	<testcase name="neg_vla_zla_ptr_0_fail" classname="neg_vla_zla_ptr_0_fail" time="0.0127065" status="notrun">
		<skipped message="SKIP_RETURN_CODE=42"/>
		<properties>
			<property name="cmake_labels" value="countof_ns;default"/>
		</properties>
		<system-out></system-out>
	</testcase>
	<testcase name="neg_vla_zla_ptr_c11" classname="neg_vla_zla_ptr_c11" time="0.191533" status="run">
		<properties>
			<property name="cmake_labels" value="countof_ns;default"/>
		</properties>
		<system-out>[  0%] Built target CounofNS
[100%] Building C object tests/unit/CMakeFiles/neg_vla_zla_ptr_c11.dir/tu_stub.c.o
In file included from /home/parallels/soft/my/countof_ns/tests/unit/tu_stub.c:5:
In file included from /home/parallels/soft/my/countof_ns/tests/unit/tu_stub.h:106:
/home/parallels/soft/my/countof_ns/tests/unit/neg_vla_zla_ptr.h:6:12: error: 'typeof (p) **' (aka 'int (***)[d0][0]') and 'typeof (*(p)) (**)[(!sizeof (*(p)) ? 0 : sizeof (p) / (sizeof (*(p)) ? sizeof (*(p)) : (size_t)-1))]' (aka 'int (**)[(!sizeof (*(p)) ? 0 : sizeof (p) / (sizeof (*(p)) ? sizeof (*(p)) : (size_t)-1))][d0][0]') are not pointers to compatible types
    return TU_COUNTOF(p);
           ^~~~~~~~~~~~~
/home/parallels/soft/my/countof_ns/tests/unit/tu_stub.h:18:25: note: expanded from macro 'TU_COUNTOF'
#define TU_COUNTOF(a)  (TU_COUNTOF_FUNC(a))
                        ^~~~~~~~~~~~~~~~~~
&lt;command line&gt;:13:25: note: expanded from here
#define TU_COUNTOF_FUNC countof_ns
                        ^
/home/parallels/soft/my/countof_...
[This part of the test output was removed since it exceeds the threshold of 1024 bytes.]
</system-out>
	</testcase>
	<testcase name="neg_vla_zla_ptr_c11_0_fail" classname="neg_vla_zla_ptr_c11_0_fail" time="0.0116851" status="notrun">
		<skipped message="SKIP_RETURN_CODE=42"/>
		<properties>
			<property name="cmake_labels" value="countof_ns;default"/>
		</properties>
		<system-out></system-out>
	</testcase>
	<testcase name="neg_zla_ptr" classname="neg_zla_ptr" time="0.191061" status="run">
		<properties>
			<property name="cmake_labels" value="countof_ns;default"/>
		</properties>
		<system-out>[  0%] Built target CounofNS
[ 50%] Building C object tests/unit/CMakeFiles/neg_zla_ptr.dir/tu_stub.c.o
In file included from /home/parallels/soft/my/countof_ns/tests/unit/tu_stub.c:5:
In file included from /home/parallels/soft/my/countof_ns/tests/unit/tu_stub.h:106:
/home/parallels/soft/my/countof_ns/tests/unit/neg_zla_ptr.h:4:12: error: array size is negative
    return TU_COUNTOF(p);
           ^~~~~~~~~~~~~
/home/parallels/soft/my/countof_ns/tests/unit/tu_stub.h:18:25: note: expanded from macro 'TU_COUNTOF'
#define TU_COUNTOF(a)  (TU_COUNTOF_FUNC(a))
                        ^~~~~~~~~~~~~~~~~~
&lt;command line&gt;:13:25: note: expanded from here
#define TU_COUNTOF_FUNC countof_ns
                        ^
/home/parallels/soft/my/countof_ns/include/countof_ns.h:98:53: note: expanded from macro 'countof_ns'
    #define countof_ns(a)  (_countof_ns_unsafe(a) + _countof_ns_must_be(a))
                                                    ^~~~~~~~~~~~~~~~~~~~~~
/home/parallels/soft/my/countof_ns/include/countof_ns.h:90:...
[This part of the test output was removed since it exceeds the threshold of 1024 bytes.]
</system-out>
	</testcase>
	<testcase name="neg_zla_ptr_0_fail" classname="neg_zla_ptr_0_fail" time="0.0126619" status="notrun">
		<skipped message="SKIP_RETURN_CODE=42"/>
		<properties>
			<property name="cmake_labels" value="countof_ns;default"/>
		</properties>
		<system-out></system-out>
	</testcase>
	<testcase name="neg_zla_ptr_c11" classname="neg_zla_ptr_c11" time="0.188086" status="run">
		<properties>
			<property name="cmake_labels" value="countof_ns;default"/>
		</properties>
		<system-out>[  0%] Built target CounofNS
gmake[3]: Предупреждение: время изменения файла «tests/unit/CMakeFiles/neg_zla_ptr_c11.dir/compiler_depend.make» находится в будущем (0,17)
[  0%] Building C object tests/unit/CMakeFiles/neg_zla_ptr_c11.dir/tu_stub.c.o
In file included from /home/parallels/soft/my/countof_ns/tests/unit/tu_stub.c:5:
In file included from /home/parallels/soft/my/countof_ns/tests/unit/tu_stub.h:106:
/home/parallels/soft/my/countof_ns/tests/unit/neg_zla_ptr.h:4:12: error: 'typeof (p) **' (aka 'int (***)[0]') and 'typeof (*(p)) (**)[0]' (aka 'int (**)[0][0]') are not pointers to compatible types
    return TU_COUNTOF(p);
           ^~~~~~~~~~~~~
/home/parallels/soft/my/countof_ns/tests/unit/tu_stub.h:18:25: note: expanded from macro 'TU_COUNTOF'
#define TU_COUNTOF(a)  (TU_COUNTOF_FUNC(a))
                        ^~~~~~~~~~~~~~~~~~
&lt;command line&gt;:13:25: note: expanded from here
#define TU_COUNTOF_FUNC countof_ns
                        ^
/home/parallel...
[This part of the test output was removed since it exceeds the threshold of 1024 bytes.]
</system-out>
	</testcase>
	<testcase name="neg_zla_ptr_c11_0_fail" classname="neg_zla_ptr_c11_0_fail" time="0.0120476" status="notrun">
		<skipped message="SKIP_RETURN_CODE=42"/>
		<properties>
			<property name="cmake_labels" value="countof_ns;default"/>
		</properties>
		<system-out></system-out>
	</testcase>
	<testcase name="neg_zla_ptr_cxx" classname="neg_zla_ptr_cxx" time="0.304305" status="run">
		<properties>
			<property name="cmake_labels" value="countof_ns;default"/>
		</properties>
		<system-out>[  0%] Built target CounofNS
[100%] Building CXX object tests/unit/CMakeFiles/neg_zla_ptr_cxx.dir/tu_stub_cxx.cpp.o
In file included from /home/parallels/soft/my/countof_ns/tests/unit/tu_stub_cxx.cpp:5:
In file included from /home/parallels/soft/my/countof_ns/tests/unit/tu_stub.h:20:
/home/parallels/soft/my/countof_ns/include/countof_ns.h:107:9: error: static_assert failed due to requirement '0 == 8UL' "Argument must be zero-length array"
        static_assert(0 == A, "Argument must be zero-length array");
        ^             ~~~~~~
/home/parallels/soft/my/countof_ns/tests/unit/neg_zla_ptr.h:4:12: note: in instantiation of function template specialization '_countof_ns_aux&lt;8UL, 0UL, int (*)[0]&gt;' requested here
    return TU_COUNTOF(p);
           ^
/home/parallels/soft/my/countof_ns/tests/unit/tu_stub.h:18:25: note: expanded from macro 'TU_COUNTOF'
#define TU_COUNTOF(a)  (TU_COUNTOF_FUNC(a))
                        ^
&lt;command line&gt;:13:25: note: expanded from here
#define TU_COUNTOF_FUNC countof_ns
          ...
[This part of the test output was removed since it exceeds the threshold of 1024 bytes.]
</system-out>
	</testcase>
	<testcase name="neg_zla_ptr_cxx_0_fail" classname="neg_zla_ptr_cxx_0_fail" time="0.0124758" status="notrun">
		<skipped message="SKIP_RETURN_CODE=42"/>
		<properties>
			<property name="cmake_labels" value="countof_ns;default"/>
		</properties>
		<system-out></system-out>
	</testcase>
	<testcase name="neg_zla_vla_ptr" classname="neg_zla_vla_ptr" time="0.185235" status="run">
		<properties>
			<property name="cmake_labels" value="countof_ns;default"/>
		</properties>
		<system-out>[  0%] Built target CounofNS
[100%] Building C object tests/unit/CMakeFiles/neg_zla_vla_ptr.dir/tu_stub.c.o
In file included from /home/parallels/soft/my/countof_ns/tests/unit/tu_stub.c:5:
In file included from /home/parallels/soft/my/countof_ns/tests/unit/tu_stub.h:106:
/home/parallels/soft/my/countof_ns/tests/unit/neg_zla_vla_ptr.h:6:12: error: type 'typeof (*(p)) (*)[(!sizeof (*(p)) ? 0 : sizeof (p) / (sizeof (*(p)) ? sizeof (*(p)) : (size_t)-1))]' (aka 'int (*)[(!sizeof (*(p)) ? 0 : sizeof (p) / (sizeof (*(p)) ? sizeof (*(p)) : (size_t)-1))][d0]') in generic association is a variably modified type
    return TU_COUNTOF(p);
           ^~~~~~~~~~~~~
/home/parallels/soft/my/countof_ns/tests/unit/tu_stub.h:18:25: note: expanded from macro 'TU_COUNTOF'
#define TU_COUNTOF(a)  (TU_COUNTOF_FUNC(a))
                        ^~~~~~~~~~~~~~~~~~
&lt;command line&gt;:13:25: note: expanded from here
#define TU_COUNTOF_FUNC countof_ns
                        ^
/home/parallels/soft/my/countof_ns/include/countof_ns.h:98:53: note...
[This part of the test output was removed since it exceeds the threshold of 1024 bytes.]
</system-out>
	</testcase>
	<testcase name="neg_zla_vla_ptr_0_fail" classname="neg_zla_vla_ptr_0_fail" time="0.0118309" status="notrun">
		<skipped message="SKIP_RETURN_CODE=42"/>
		<properties>
			<property name="cmake_labels" value="countof_ns;default"/>
		</properties>
		<system-out></system-out>
	</testcase>
	<testcase name="neg_zla_vla_ptr_c11" classname="neg_zla_vla_ptr_c11" time="0.18648" status="run">
		<properties>
			<property name="cmake_labels" value="countof_ns;default"/>
		</properties>
		<system-out>[  0%] Built target CounofNS
[ 50%] Building C object tests/unit/CMakeFiles/neg_zla_vla_ptr_c11.dir/tu_stub.c.o
In file included from /home/parallels/soft/my/countof_ns/tests/unit/tu_stub.c:5:
In file included from /home/parallels/soft/my/countof_ns/tests/unit/tu_stub.h:106:
/home/parallels/soft/my/countof_ns/tests/unit/neg_zla_vla_ptr.h:6:12: error: 'typeof (p) **' (aka 'int (***)[d0]') and 'typeof (*(p)) (**)[(!sizeof (*(p)) ? 0 : sizeof (p) / (sizeof (*(p)) ? sizeof (*(p)) : (size_t)-1))]' (aka 'int (**)[(!sizeof (*(p)) ? 0 : sizeof (p) / (sizeof (*(p)) ? sizeof (*(p)) : (size_t)-1))][d0]') are not pointers to compatible types
    return TU_COUNTOF(p);
           ^~~~~~~~~~~~~
/home/parallels/soft/my/countof_ns/tests/unit/tu_stub.h:18:25: note: expanded from macro 'TU_COUNTOF'
#define TU_COUNTOF(a)  (TU_COUNTOF_FUNC(a))
                        ^~~~~~~~~~~~~~~~~~
&lt;command line&gt;:13:25: note: expanded from here
#define TU_COUNTOF_FUNC countof_ns
                        ^
/home/parallels/soft/my/countof_ns/inc...
[This part of the test output was removed since it exceeds the threshold of 1024 bytes.]
</system-out>
	</testcase>
	<testcase name="neg_zla_vla_ptr_c11_0_fail" classname="neg_zla_vla_ptr_c11_0_fail" time="0.0129037" status="notrun">
		<skipped message="SKIP_RETURN_CODE=42"/>
		<properties>
			<property name="cmake_labels" value="countof_ns;default"/>
		</properties>
		<system-out></system-out>
	</testcase>
	<testcase name="_check_logs_config" classname="_check_logs_config" time="0.0134729" status="run">
		<properties>
			<property name="cmake_labels" value="default"/>
		</properties>
		<system-out>CL_TAG='default'
    CMAKE_C_COMPILER_ID='Clang'
    CMAKE_C_COMPILER_VERSION='14.0.6'
    CMAKE_C_FLAGS='  -ferror-limit=9999 -DHAVE_ZERO_LENGTH_ARRAYS=1 -DHAVE_CV_TYPEOF=1 -DHAVE_EMPTY_INITIALIZER=1 -DHAVE_EMPTY_STRUCTURE=1 -DHAVE_TYPEOF=1 -DHAVE___TYPEOF__=1 -DHAVE_VLA=1 -DERROR_ON_NEGATIVE_ARRAY_SIZE=1 -DERROR_ON_SIZEOF_POINTER_SUBTRACTION=1 -DERROR_ON_STRUCT_BIT_FIELD=1 -DERROR_ON_STRUCT_STATIC_ASSERT=1'
    TAC_WERROR=''
    CXX_ENABLED='TRUE'
    
</system-out>
	</testcase>
</testsuite>
