<?xml version="1.0" encoding="UTF-8"?>
<testsuite name="(empty)"
	tests="322"
	failures="76"
	disabled="0"
	skipped="62"
	hostname=""
	time="71"
	timestamp="2025-12-01T20:18:33"
	>
	<testcase name="check_vla_struct_n0" classname="check_vla_struct_n0" time="0.29016" status="run">
		<properties>
			<property name="cmake_labels" value="countof_ns;default"/>
		</properties>
		<system-out>Internal cmake changing into directory: /home/parallels/soft/my/countof_ns/build/Linux_gcc-11_g++-11
Change Dir: '/home/parallels/soft/my/countof_ns/build/Linux_gcc-11_g++-11'

Run Build Command(s): /usr/bin/gmake -f Makefile check_vla_struct_n0
Built target CounofNS
Building C object tests/unit/CMakeFiles/check_vla_struct_n0.dir/tu_stub.c.o
Linking C executable check_vla_struct_n0
Built target check_vla_struct_n0

Running test command: "/home/parallels/soft/my/countof_ns/build/Linux_gcc-11_g++-11/tests/unit/check_vla_struct_n0"
Ok 0 TU_ASSERT_AND_RETURN((0)=0, ...) /home/parallels/soft/my/countof_ns/tests/unit/check_vla_struct_n0.h:check_vla_struct_n0.h:TU_UNIT for countof_ns.h:countof_ns(), C 202000L

</system-out>
	</testcase>
	<testcase name="check_vla_struct_n0_c11" classname="check_vla_struct_n0_c11" time="0.31688" status="run">
		<properties>
			<property name="cmake_labels" value="countof_ns;default"/>
		</properties>
		<system-out>Internal cmake changing into directory: /home/parallels/soft/my/countof_ns/build/Linux_gcc-11_g++-11
Change Dir: '/home/parallels/soft/my/countof_ns/build/Linux_gcc-11_g++-11'

Run Build Command(s): /usr/bin/gmake -f Makefile check_vla_struct_n0_c11
[  0%] Built target CounofNS
[  0%] Building C object tests/unit/CMakeFiles/check_vla_struct_n0_c11.dir/tu_stub.c.o
[100%] Linking C executable check_vla_struct_n0_c11
[100%] Built target check_vla_struct_n0_c11

Running test command: "/home/parallels/soft/my/countof_ns/build/Linux_gcc-11_g++-11/tests/unit/check_vla_struct_n0_c11"
Ok 0 TU_ASSERT_AND_RETURN((0)=0, ...) /home/parallels/soft/my/countof_ns/tests/unit/check_vla_struct_n0.h:check_vla_struct_n0.h:TU_UNIT for countof_ns.h:countof_ns() with C11&amp;VLA, C 202000L

</system-out>
	</testcase>
	<testcase name="check_vla_zla_n0" classname="check_vla_zla_n0" time="0.273105" status="run">
		<properties>
			<property name="cmake_labels" value="countof_ns;default"/>
		</properties>
		<system-out>Internal cmake changing into directory: /home/parallels/soft/my/countof_ns/build/Linux_gcc-11_g++-11
Change Dir: '/home/parallels/soft/my/countof_ns/build/Linux_gcc-11_g++-11'

Run Build Command(s): /usr/bin/gmake -f Makefile check_vla_zla_n0
Built target CounofNS
Building C object tests/unit/CMakeFiles/check_vla_zla_n0.dir/tu_stub.c.o
Linking C executable check_vla_zla_n0
Built target check_vla_zla_n0

Running test command: "/home/parallels/soft/my/countof_ns/build/Linux_gcc-11_g++-11/tests/unit/check_vla_zla_n0"
Ok 0 TU_ASSERT_AND_RETURN((0)=0, ...) /home/parallels/soft/my/countof_ns/tests/unit/check_vla_zla_n0.h:check_vla_zla_n0.h:TU_UNIT for countof_ns.h:countof_ns(), C 202000L

</system-out>
	</testcase>
	<testcase name="check_vla_zla_n0_c11" classname="check_vla_zla_n0_c11" time="0.287261" status="run">
		<properties>
			<property name="cmake_labels" value="countof_ns;default"/>
		</properties>
		<system-out>Internal cmake changing into directory: /home/parallels/soft/my/countof_ns/build/Linux_gcc-11_g++-11
Change Dir: '/home/parallels/soft/my/countof_ns/build/Linux_gcc-11_g++-11'

Run Build Command(s): /usr/bin/gmake -f Makefile check_vla_zla_n0_c11
Built target CounofNS
Building C object tests/unit/CMakeFiles/check_vla_zla_n0_c11.dir/tu_stub.c.o
Linking C executable check_vla_zla_n0_c11
Built target check_vla_zla_n0_c11

Running test command: "/home/parallels/soft/my/countof_ns/build/Linux_gcc-11_g++-11/tests/unit/check_vla_zla_n0_c11"
Ok 0 TU_ASSERT_AND_RETURN((0)=0, ...) /home/parallels/soft/my/countof_ns/tests/unit/check_vla_zla_n0.h:check_vla_zla_n0.h:TU_UNIT for countof_ns.h:countof_ns() with C11&amp;VLA, C 202000L

</system-out>
	</testcase>
	<testcase name="pos__selftest" classname="pos__selftest" time="0.00184656" status="run">
		<properties>
			<property name="cmake_labels" value="countof_ns;default"/>
		</properties>
		<system-out>Ok 1 TU_STATIC_ASSERT_AND_RETURN((1)=1, ...) /home/parallels/soft/my/countof_ns/tests/unit/pos__selftest.h:pos__selftest.h:TU_UNIT for countof_ns.h:countof_ns(), C 202000L
</system-out>
	</testcase>
	<testcase name="pos__selftest_c11" classname="pos__selftest_c11" time="0.00178095" status="run">
		<properties>
			<property name="cmake_labels" value="countof_ns;default"/>
		</properties>
		<system-out>Ok 1 TU_STATIC_ASSERT_AND_RETURN((1)=1, ...) /home/parallels/soft/my/countof_ns/tests/unit/pos__selftest.h:pos__selftest.h:TU_UNIT for countof_ns.h:countof_ns() with C11&amp;VLA, C 202000L
</system-out>
	</testcase>
	<testcase name="pos__selftest_cxx" classname="pos__selftest_cxx" time="0.00179207" status="run">
		<properties>
			<property name="cmake_labels" value="countof_ns;default"/>
		</properties>
		<system-out>Ok 1 TU_STATIC_ASSERT_AND_RETURN((1)=1, ...) /home/parallels/soft/my/countof_ns/tests/unit/pos__selftest.h:pos__selftest.h:TU_UNIT for countof_ns.h:countof_ns(), C++ 202100L
</system-out>
	</testcase>
	<testcase name="pos_array" classname="pos_array" time="0.001914" status="run">
		<properties>
			<property name="cmake_labels" value="countof_ns;default"/>
		</properties>
		<system-out>Ok 1 TU_STATIC_ASSERT_AND_RETURN((1)=1, ...) /home/parallels/soft/my/countof_ns/tests/unit/pos_array.h:pos_array.h:TU_UNIT for countof_ns.h:countof_ns(), C 202000L
</system-out>
	</testcase>
	<testcase name="pos_array_c11" classname="pos_array_c11" time="0.00196261" status="run">
		<properties>
			<property name="cmake_labels" value="countof_ns;default"/>
		</properties>
		<system-out>Ok 1 TU_STATIC_ASSERT_AND_RETURN((1)=1, ...) /home/parallels/soft/my/countof_ns/tests/unit/pos_array.h:pos_array.h:TU_UNIT for countof_ns.h:countof_ns() with C11&amp;VLA, C 202000L
</system-out>
	</testcase>
	<testcase name="pos_array_cxx" classname="pos_array_cxx" time="0.0019267" status="run">
		<properties>
			<property name="cmake_labels" value="countof_ns;default"/>
		</properties>
		<system-out>Ok 1 TU_STATIC_ASSERT_AND_RETURN((1)=1, ...) /home/parallels/soft/my/countof_ns/tests/unit/pos_array.h:pos_array.h:TU_UNIT for countof_ns.h:countof_ns(), C++ 202100L
</system-out>
	</testcase>
	<testcase name="pos_cv_array" classname="pos_cv_array" time="0.00170744" status="run">
		<properties>
			<property name="cmake_labels" value="countof_ns;default"/>
		</properties>
		<system-out>Ok 1 TU_STATIC_ASSERT_AND_RETURN((1)=1, ...) /home/parallels/soft/my/countof_ns/tests/unit/pos_cv_array.h:pos_cv_array.h:TU_UNIT for countof_ns.h:countof_ns(), C 202000L
</system-out>
	</testcase>
	<testcase name="pos_cv_array_c11" classname="pos_cv_array_c11" time="0.00178498" status="run">
		<properties>
			<property name="cmake_labels" value="countof_ns;default"/>
		</properties>
		<system-out>Ok 1 TU_STATIC_ASSERT_AND_RETURN((1)=1, ...) /home/parallels/soft/my/countof_ns/tests/unit/pos_cv_array.h:pos_cv_array.h:TU_UNIT for countof_ns.h:countof_ns() with C11&amp;VLA, C 202000L
</system-out>
	</testcase>
	<testcase name="pos_cv_array_cxx" classname="pos_cv_array_cxx" time="0.00189581" status="run">
		<properties>
			<property name="cmake_labels" value="countof_ns;default"/>
		</properties>
		<system-out>Ok 1 TU_STATIC_ASSERT_AND_RETURN((1)=1, ...) /home/parallels/soft/my/countof_ns/tests/unit/pos_cv_array.h:pos_cv_array.h:TU_UNIT for countof_ns.h:countof_ns(), C++ 202100L
</system-out>
	</testcase>
	<testcase name="pos_struct_n0" classname="pos_struct_n0" time="0.194983" status="fail">
		<failure message="Failed"/>
		<properties>
			<property name="cmake_labels" value="countof_ns;default"/>
		</properties>
		<system-out>Internal cmake changing into directory: /home/parallels/soft/my/countof_ns/build/Linux_gcc-11_g++-11
Change Dir: '/home/parallels/soft/my/countof_ns/build/Linux_gcc-11_g++-11'

Run Build Command(s): /usr/bin/gmake -f Makefile pos_struct_n0
Built target CounofNS
Building C object tests/unit/CMakeFiles/pos_struct_n0.dir/tu_stub.c.o
In file included from /home/parallels/soft/my/countof_ns/tests/unit/tu_stub.c:5:
/home/parallels/soft/my/countof_ns/tests/unit/pos_struct_n0.h: In function ‘TU_UNIT’:
/home/parallels/soft/my/countof_ns/include/countof_ns.h:92:61: error: size of unnamed array is negative
   92 |         #define _countof_ns_must_be(a) ((size_t)!sizeof(char[_Generic(&amp;(a), \
      |                                                             ^
/home/parallels/soft/my/countof_ns/tests/unit/tu_stub.h:48:50: note: in definition of macro ‘tu_static_assert’
   48 |     #define tu_static_assert(e)  _Static_assert((e), #e)
      |                                                  ^
/home/parallels/soft/my/countof_ns/tests/unit/pos_struct_n0.h:4:5: note: in expansion of macro ‘TU_STATIC_ASSERT_AND_RETURN’
    4 |     TU_STATIC_ASSERT_AND_RETURN(1, TU_COUNTOF(a));
      |     ^~~~~~~~~~~~~~~~~~~~~~~~~~~
/home/parallels/soft/my/countof_ns/include/countof_ns.h:100:53: note: in expansion of macro ‘_countof_ns_must_be’
  100 |     #define countof_ns(a)  (_countof_ns_unsafe(a) + _countof_ns_must_be(a))
      |                                                     ^~~~~~~~~~~~~~~~~~~
&lt;command-line&gt;: note: in expansion of macro ‘countof_ns’
/home/parallels/soft/my/countof_ns/tests/unit/tu_stub.h:18:25: note: in expansion of macro ‘TU_COUNTOF_FUNC’
   18 | #define TU_COUNTOF(a)  (TU_COUNTOF_FUNC(a))
      |                         ^~~~~~~~~~~~~~~
/home/parallels/soft/my/countof_ns/tests/unit/pos_struct_n0.h:4:36: note: in expansion of macro ‘TU_COUNTOF’
    4 |     TU_STATIC_ASSERT_AND_RETURN(1, TU_COUNTOF(a));
      |                                    ^~~~~~~~~~
/home/parallels/soft/my/countof_ns/tests/unit/tu_stub.h:48:34: error: static assertion failed: "(1) == ((((!sizeof(*(a)) ? 0 : sizeof(a)/( sizeof(*(a)) ? sizeof(*(a)) : (size_t)-1 )) + ((size_t)!sizeof(char[_Generic(&amp;(a), __typeof__(*(a)) (*)[(!sizeof(*(a)) ? 0 : sizeof(a)/( sizeof(*(a)) ? sizeof(*(a)) : (size_t)-1 ))]: 1, default: -1)])))))"
   48 |     #define tu_static_assert(e)  _Static_assert((e), #e)
      |                                  ^~~~~~~~~~~~~~
/home/parallels/soft/my/countof_ns/tests/unit/tu_stub.h:100:13: note: in expansion of macro ‘tu_static_assert’
  100 |             tu_static_assert((desired) == (computed)); \
      |             ^~~~~~~~~~~~~~~~
/home/parallels/soft/my/countof_ns/tests/unit/pos_struct_n0.h:4:5: note: in expansion of macro ‘TU_STATIC_ASSERT_AND_RETURN’
    4 |     TU_STATIC_ASSERT_AND_RETURN(1, TU_COUNTOF(a));
      |     ^~~~~~~~~~~~~~~~~~~~~~~~~~~
/home/parallels/soft/my/countof_ns/include/countof_ns.h:92:61: error: size of unnamed array is negative
   92 |         #define _countof_ns_must_be(a) ((size_t)!sizeof(char[_Generic(&amp;(a), \
      |                                                             ^
/home/parallels/soft/my/countof_ns/tests/unit/tu_stub.h:84:31: note: in definition of macro ‘_TU_ASSERT_AND_RETURN’
   84 |             if ((desired) == (computed)) { \
      |                               ^~~~~~~~
/home/parallels/soft/my/countof_ns/tests/unit/pos_struct_n0.h:4:5: note: in expansion of macro ‘TU_STATIC_ASSERT_AND_RETURN’
    4 |     TU_STATIC_ASSERT_AND_RETURN(1, TU_COUNTOF(a));
      |     ^~~~~~~~~~~~~~~~~~~~~~~~~~~
/home/parallels/soft/my/countof_ns/include/countof_ns.h:100:53: note: in expansion of macro ‘_countof_ns_must_be’
  100 |     #define countof_ns(a)  (_countof_ns_unsafe(a) + _countof_ns_must_be(a))
      |                                                     ^~~~~~~~~~~~~~~~~~~
&lt;command-line&gt;: note: in expansion of macro ‘countof_ns’
/home/parallels/soft/my/countof_ns/tests/unit/tu_stub.h:18:25: note: in expansion of macro ‘TU_COUNTOF_FUNC’
   18 | #define TU_COUNTOF(a)  (TU_COUNTOF_FUNC(a))
      |                         ^~~~~~~~~~~~~~~
/home/parallels/soft/my/countof_ns/tests/unit/pos_struct_n0.h:4:36: note: in expansion of macro ‘TU_COUNTOF’
    4 |     TU_STATIC_ASSERT_AND_RETURN(1, TU_COUNTOF(a));
      |                                    ^~~~~~~~~~
/home/parallels/soft/my/countof_ns/include/countof_ns.h:92:61: error: size of unnamed array is negative
   92 |         #define _countof_ns_must_be(a) ((size_t)!sizeof(char[_Generic(&amp;(a), \
      |                                                             ^
/home/parallels/soft/my/countof_ns/tests/unit/tu_stub.h:88:25: note: in definition of macro ‘_TU_ASSERT_AND_RETURN’
   88 |                        (computed), (method), (#desired), (size_t)(desired)); \
      |                         ^~~~~~~~
/home/parallels/soft/my/countof_ns/tests/unit/pos_struct_n0.h:4:5: note: in expansion of macro ‘TU_STATIC_ASSERT_AND_RETURN’
    4 |     TU_STATIC_ASSERT_AND_RETURN(1, TU_COUNTOF(a));
      |     ^~~~~~~~~~~~~~~~~~~~~~~~~~~
/home/parallels/soft/my/countof_ns/include/countof_ns.h:100:53: note: in expansion of macro ‘_countof_ns_must_be’
  100 |     #define countof_ns(a)  (_countof_ns_unsafe(a) + _countof_ns_must_be(a))
      |                                                     ^~~~~~~~~~~~~~~~~~~
&lt;command-line&gt;: note: in expansion of macro ‘countof_ns’
/home/parallels/soft/my/countof_ns/tests/unit/tu_stub.h:18:25: note: in expansion of macro ‘TU_COUNTOF_FUNC’
   18 | #define TU_COUNTOF(a)  (TU_COUNTOF_FUNC(a))
      |                         ^~~~~~~~~~~~~~~
/home/parallels/soft/my/countof_ns/tests/unit/pos_struct_n0.h:4:36: note: in expansion of macro ‘TU_COUNTOF’
    4 |     TU_STATIC_ASSERT_AND_RETURN(1, TU_COUNTOF(a));
      |                                    ^~~~~~~~~~
/home/parallels/soft/my/countof_ns/include/countof_ns.h:92:61: error: size of unnamed array is negative
   92 |         #define _countof_ns_must_be(a) ((size_t)!sizeof(char[_Generic(&amp;(a), \
      |                                                             ^
/home/parallels/soft/my/countof_ns/tests/unit/tu_stub.h:69:35: note: in definition of macro ‘TU_FAIL’
   69 |             if(_TU_TODO_MAGIC != (computed)) { \
      |                                   ^~~~~~~~
/home/parallels/soft/my/countof_ns/tests/unit/tu_stub.h:101:13: note: in expansion of macro ‘_TU_ASSERT_AND_RETURN’
  101 |             _TU_ASSERT_AND_RETURN("TU_STATIC_ASSERT_AND_RETURN", \
      |             ^~~~~~~~~~~~~~~~~~~~~
/home/parallels/soft/my/countof_ns/tests/unit/pos_struct_n0.h:4:5: note: in expansion of macro ‘TU_STATIC_ASSERT_AND_RETURN’
    4 |     TU_STATIC_ASSERT_AND_RETURN(1, TU_COUNTOF(a));
      |     ^~~~~~~~~~~~~~~~~~~~~~~~~~~
/home/parallels/soft/my/countof_ns/include/countof_ns.h:100:53: note: in expansion of macro ‘_countof_ns_must_be’
  100 |     #define countof_ns(a)  (_countof_ns_unsafe(a) + _countof_ns_must_be(a))
      |                                                     ^~~~~~~~~~~~~~~~~~~
&lt;command-line&gt;: note: in expansion of macro ‘countof_ns’
/home/parallels/soft/my/countof_ns/tests/unit/tu_stub.h:18:25: note: in expansion of macro ‘TU_COUNTOF_FUNC’
   18 | #define TU_COUNTOF(a)  (TU_COUNTOF_FUNC(a))
      |                         ^~~~~~~~~~~~~~~
/home/parallels/soft/my/countof_ns/tests/unit/pos_struct_n0.h:4:36: note: in expansion of macro ‘TU_COUNTOF’
    4 |     TU_STATIC_ASSERT_AND_RETURN(1, TU_COUNTOF(a));
      |                                    ^~~~~~~~~~
/home/parallels/soft/my/countof_ns/include/countof_ns.h:92:61: error: size of unnamed array is negative
   92 |         #define _countof_ns_must_be(a) ((size_t)!sizeof(char[_Generic(&amp;(a), \
      |                                                             ^
/home/parallels/soft/my/countof_ns/tests/unit/tu_stub.h:71:25: note: in definition of macro ‘TU_FAIL’
   71 |                        (computed), (size_t)(desired), (method), (#desired)); \
      |                         ^~~~~~~~
/home/parallels/soft/my/countof_ns/tests/unit/tu_stub.h:101:13: note: in expansion of macro ‘_TU_ASSERT_AND_RETURN’
  101 |             _TU_ASSERT_AND_RETURN("TU_STATIC_ASSERT_AND_RETURN", \
      |             ^~~~~~~~~~~~~~~~~~~~~
/home/parallels/soft/my/countof_ns/tests/unit/pos_struct_n0.h:4:5: note: in expansion of macro ‘TU_STATIC_ASSERT_AND_RETURN’
    4 |     TU_STATIC_ASSERT_AND_RETURN(1, TU_COUNTOF(a));
      |     ^~~~~~~~~~~~~~~~~~~~~~~~~~~
/home/parallels/soft/my/countof_ns/include/countof_ns.h:100:53: note: in expansion of macro ‘_countof_ns_must_be’
  100 |     #define countof_ns(a)  (_countof_ns_unsafe(a) + _countof_ns_must_be(a))
      |                                                     ^~~~~~~~~~~~~~~~~~~
&lt;command-line&gt;: note: in expansion of macro ‘countof_ns’
/home/parallels/soft/my/countof_ns/tests/unit/tu_stub.h:18:25: note: in expansion of macro ‘TU_COUNTOF_FUNC’
   18 | #define TU_COUNTOF(a)  (TU_COUNTOF_FUNC(a))
      |                         ^~~~~~~~~~~~~~~
/home/parallels/soft/my/countof_ns/tests/unit/pos_struct_n0.h:4:36: note: in expansion of macro ‘TU_COUNTOF’
    4 |     TU_STATIC_ASSERT_AND_RETURN(1, TU_COUNTOF(a));
      |                                    ^~~~~~~~~~
/home/parallels/soft/my/countof_ns/include/countof_ns.h:92:61: error: size of unnamed array is negative
   92 |         #define _countof_ns_must_be(a) ((size_t)!sizeof(char[_Generic(&amp;(a), \
      |                                                             ^
/home/parallels/soft/my/countof_ns/tests/unit/tu_stub.h:73:27: note: in definition of macro ‘TU_FAIL’
   73 |                 if (0 == (computed)) { \
      |                           ^~~~~~~~
/home/parallels/soft/my/countof_ns/tests/unit/tu_stub.h:101:13: note: in expansion of macro ‘_TU_ASSERT_AND_RETURN’
  101 |             _TU_ASSERT_AND_RETURN("TU_STATIC_ASSERT_AND_RETURN", \
      |             ^~~~~~~~~~~~~~~~~~~~~
/home/parallels/soft/my/countof_ns/tests/unit/pos_struct_n0.h:4:5: note: in expansion of macro ‘TU_STATIC_ASSERT_AND_RETURN’
    4 |     TU_STATIC_ASSERT_AND_RETURN(1, TU_COUNTOF(a));
      |     ^~~~~~~~~~~~~~~~~~~~~~~~~~~
/home/parallels/soft/my/countof_ns/include/countof_ns.h:100:53: note: in expansion of macro ‘_countof_ns_must_be’
  100 |     #define countof_ns(a)  (_countof_ns_unsafe(a) + _countof_ns_must_be(a))
      |                                                     ^~~~~~~~~~~~~~~~~~~
&lt;command-line&gt;: note: in expansion of macro ‘countof_ns’
/home/parallels/soft/my/countof_ns/tests/unit/tu_stub.h:18:25: note: in expansion of macro ‘TU_COUNTOF_FUNC’
   18 | #define TU_COUNTOF(a)  (TU_COUNTOF_FUNC(a))
      |                         ^~~~~~~~~~~~~~~
/home/parallels/soft/my/countof_ns/tests/unit/pos_struct_n0.h:4:36: note: in expansion of macro ‘TU_COUNTOF’
    4 |     TU_STATIC_ASSERT_AND_RETURN(1, TU_COUNTOF(a));
      |                                    ^~~~~~~~~~
/home/parallels/soft/my/countof_ns/include/countof_ns.h:92:61: error: size of unnamed array is negative
   92 |         #define _countof_ns_must_be(a) ((size_t)!sizeof(char[_Generic(&amp;(a), \
      |                                                             ^
/home/parallels/soft/my/countof_ns/tests/unit/tu_stub.h:75:40: note: in definition of macro ‘TU_FAIL’
   75 |                 } else if ((long long)(computed) &lt;= (long long)(desired)) { \
      |                                        ^~~~~~~~
/home/parallels/soft/my/countof_ns/tests/unit/tu_stub.h:101:13: note: in expansion of macro ‘_TU_ASSERT_AND_RETURN’
  101 |             _TU_ASSERT_AND_RETURN("TU_STATIC_ASSERT_AND_RETURN", \
      |             ^~~~~~~~~~~~~~~~~~~~~
/home/parallels/soft/my/countof_ns/tests/unit/pos_struct_n0.h:4:5: note: in expansion of macro ‘TU_STATIC_ASSERT_AND_RETURN’
    4 |     TU_STATIC_ASSERT_AND_RETURN(1, TU_COUNTOF(a));
      |     ^~~~~~~~~~~~~~~~~~~~~~~~~~~
/home/parallels/soft/my/countof_ns/include/countof_ns.h:100:53: note: in expansion of macro ‘_countof_ns_must_be’
  100 |     #define countof_ns(a)  (_countof_ns_unsafe(a) + _countof_ns_must_be(a))
      |                                                     ^~~~~~~~~~~~~~~~~~~
&lt;command-line&gt;: note: in expansion of macro ‘countof_ns’
/home/parallels/soft/my/countof_ns/tests/unit/tu_stub.h:18:25: note: in expansion of macro ‘TU_COUNTOF_FUNC’
   18 | #define TU_COUNTOF(a)  (TU_COUNTOF_FUNC(a))
      |                         ^~~~~~~~~~~~~~~
/home/parallels/soft/my/countof_ns/tests/unit/pos_struct_n0.h:4:36: note: in expansion of macro ‘TU_COUNTOF’
    4 |     TU_STATIC_ASSERT_AND_RETURN(1, TU_COUNTOF(a));
      |                                    ^~~~~~~~~~
gmake[3]: *** [tests/unit/CMakeFiles/pos_struct_n0.dir/build.make:79: tests/unit/CMakeFiles/pos_struct_n0.dir/tu_stub.c.o] Ошибка 1
gmake[2]: *** [CMakeFiles/Makefile2:1253: tests/unit/CMakeFiles/pos_struct_n0.dir/all] Ошибка 2
gmake[1]: *** [CMakeFiles/Makefile2:1260: tests/unit/CMakeFiles/pos_struct_n0.dir/rule] Ошибка 2
gmake: *** [Makefile:446: pos_struct_n0] Ошибка 2

</system-out>
	</testcase>
	<testcase name="pos_struct_n0_c11" classname="pos_struct_n0_c11" time="0.19828" status="fail">
		<failure message="Failed"/>
		<properties>
			<property name="cmake_labels" value="countof_ns;default"/>
		</properties>
		<system-out>Internal cmake changing into directory: /home/parallels/soft/my/countof_ns/build/Linux_gcc-11_g++-11
Change Dir: '/home/parallels/soft/my/countof_ns/build/Linux_gcc-11_g++-11'

Run Build Command(s): /usr/bin/gmake -f Makefile pos_struct_n0_c11
[  0%] Built target CounofNS
[100%] Building C object tests/unit/CMakeFiles/pos_struct_n0_c11.dir/tu_stub.c.o
In file included from /home/parallels/soft/my/countof_ns/tests/unit/tu_stub.c:5:
/home/parallels/soft/my/countof_ns/tests/unit/pos_struct_n0.h: In function ‘TU_UNIT’:
/home/parallels/soft/my/countof_ns/include/countof_ns.h:97:52: error: invalid operands to binary - (have ‘struct &lt;anonymous&gt; (**)[1]’ and ‘struct &lt;anonymous&gt; (**)[0]’)
   97 |                     (_countof_ns_typeof(a) **)&amp;(a) - \
      |                     ~~~~~~~~~~~~~~~~~~~~~~~~~~~~~~ ^
      |                     |
      |                     struct &lt;anonymous&gt; (**)[1]
   98 |                     (_countof_ns_typeof(*(a))(**)[_countof_ns_unsafe(a)])&amp;(a)))
      |                     ~~~~~~~~~~~~~~~~~~~~~~~~~~~~~~~~~~~~~~~~~~~~~~~~~~~~~~~~~
      |                     |
      |                     struct &lt;anonymous&gt; (**)[0]
/home/parallels/soft/my/countof_ns/tests/unit/tu_stub.h:48:50: note: in definition of macro ‘tu_static_assert’
   48 |     #define tu_static_assert(e)  _Static_assert((e), #e)
      |                                                  ^
/home/parallels/soft/my/countof_ns/tests/unit/pos_struct_n0.h:4:5: note: in expansion of macro ‘TU_STATIC_ASSERT_AND_RETURN’
    4 |     TU_STATIC_ASSERT_AND_RETURN(1, TU_COUNTOF(a));
      |     ^~~~~~~~~~~~~~~~~~~~~~~~~~~
/home/parallels/soft/my/countof_ns/include/countof_ns.h:100:53: note: in expansion of macro ‘_countof_ns_must_be’
  100 |     #define countof_ns(a)  (_countof_ns_unsafe(a) + _countof_ns_must_be(a))
      |                                                     ^~~~~~~~~~~~~~~~~~~
&lt;command-line&gt;: note: in expansion of macro ‘countof_ns’
/home/parallels/soft/my/countof_ns/tests/unit/tu_stub.h:18:25: note: in expansion of macro ‘TU_COUNTOF_FUNC’
   18 | #define TU_COUNTOF(a)  (TU_COUNTOF_FUNC(a))
      |                         ^~~~~~~~~~~~~~~
/home/parallels/soft/my/countof_ns/tests/unit/pos_struct_n0.h:4:36: note: in expansion of macro ‘TU_COUNTOF’
    4 |     TU_STATIC_ASSERT_AND_RETURN(1, TU_COUNTOF(a));
      |                                    ^~~~~~~~~~
/home/parallels/soft/my/countof_ns/tests/unit/tu_stub.h:48:49: error: expression in static assertion is not an integer
   48 |     #define tu_static_assert(e)  _Static_assert((e), #e)
      |                                                 ^
/home/parallels/soft/my/countof_ns/tests/unit/tu_stub.h:100:13: note: in expansion of macro ‘tu_static_assert’
  100 |             tu_static_assert((desired) == (computed)); \
      |             ^~~~~~~~~~~~~~~~
/home/parallels/soft/my/countof_ns/tests/unit/pos_struct_n0.h:4:5: note: in expansion of macro ‘TU_STATIC_ASSERT_AND_RETURN’
    4 |     TU_STATIC_ASSERT_AND_RETURN(1, TU_COUNTOF(a));
      |     ^~~~~~~~~~~~~~~~~~~~~~~~~~~
/home/parallels/soft/my/countof_ns/include/countof_ns.h:97:52: error: invalid operands to binary - (have ‘struct &lt;anonymous&gt; (**)[1]’ and ‘struct &lt;anonymous&gt; (**)[0]’)
   97 |                     (_countof_ns_typeof(a) **)&amp;(a) - \
      |                     ~~~~~~~~~~~~~~~~~~~~~~~~~~~~~~ ^
      |                     |
      |                     struct &lt;anonymous&gt; (**)[1]
   98 |                     (_countof_ns_typeof(*(a))(**)[_countof_ns_unsafe(a)])&amp;(a)))
      |                     ~~~~~~~~~~~~~~~~~~~~~~~~~~~~~~~~~~~~~~~~~~~~~~~~~~~~~~~~~
      |                     |
      |                     struct &lt;anonymous&gt; (**)[0]
/home/parallels/soft/my/countof_ns/tests/unit/tu_stub.h:84:31: note: in definition of macro ‘_TU_ASSERT_AND_RETURN’
   84 |             if ((desired) == (computed)) { \
      |                               ^~~~~~~~
/home/parallels/soft/my/countof_ns/tests/unit/pos_struct_n0.h:4:5: note: in expansion of macro ‘TU_STATIC_ASSERT_AND_RETURN’
    4 |     TU_STATIC_ASSERT_AND_RETURN(1, TU_COUNTOF(a));
      |     ^~~~~~~~~~~~~~~~~~~~~~~~~~~
/home/parallels/soft/my/countof_ns/include/countof_ns.h:100:53: note: in expansion of macro ‘_countof_ns_must_be’
  100 |     #define countof_ns(a)  (_countof_ns_unsafe(a) + _countof_ns_must_be(a))
      |                                                     ^~~~~~~~~~~~~~~~~~~
&lt;command-line&gt;: note: in expansion of macro ‘countof_ns’
/home/parallels/soft/my/countof_ns/tests/unit/tu_stub.h:18:25: note: in expansion of macro ‘TU_COUNTOF_FUNC’
   18 | #define TU_COUNTOF(a)  (TU_COUNTOF_FUNC(a))
      |                         ^~~~~~~~~~~~~~~
/home/parallels/soft/my/countof_ns/tests/unit/pos_struct_n0.h:4:36: note: in expansion of macro ‘TU_COUNTOF’
    4 |     TU_STATIC_ASSERT_AND_RETURN(1, TU_COUNTOF(a));
      |                                    ^~~~~~~~~~
/home/parallels/soft/my/countof_ns/include/countof_ns.h:97:52: error: invalid operands to binary - (have ‘struct &lt;anonymous&gt; (**)[1]’ and ‘struct &lt;anonymous&gt; (**)[0]’)
   97 |                     (_countof_ns_typeof(a) **)&amp;(a) - \
      |                     ~~~~~~~~~~~~~~~~~~~~~~~~~~~~~~ ^
      |                     |
      |                     struct &lt;anonymous&gt; (**)[1]
   98 |                     (_countof_ns_typeof(*(a))(**)[_countof_ns_unsafe(a)])&amp;(a)))
      |                     ~~~~~~~~~~~~~~~~~~~~~~~~~~~~~~~~~~~~~~~~~~~~~~~~~~~~~~~~~
      |                     |
      |                     struct &lt;anonymous&gt; (**)[0]
/home/parallels/soft/my/countof_ns/tests/unit/tu_stub.h:88:25: note: in definition of macro ‘_TU_ASSERT_AND_RETURN’
   88 |                        (computed), (method), (#desired), (size_t)(desired)); \
      |                         ^~~~~~~~
/home/parallels/soft/my/countof_ns/tests/unit/pos_struct_n0.h:4:5: note: in expansion of macro ‘TU_STATIC_ASSERT_AND_RETURN’
    4 |     TU_STATIC_ASSERT_AND_RETURN(1, TU_COUNTOF(a));
      |     ^~~~~~~~~~~~~~~~~~~~~~~~~~~
/home/parallels/soft/my/countof_ns/include/countof_ns.h:100:53: note: in expansion of macro ‘_countof_ns_must_be’
  100 |     #define countof_ns(a)  (_countof_ns_unsafe(a) + _countof_ns_must_be(a))
      |                                                     ^~~~~~~~~~~~~~~~~~~
&lt;command-line&gt;: note: in expansion of macro ‘countof_ns’
/home/parallels/soft/my/countof_ns/tests/unit/tu_stub.h:18:25: note: in expansion of macro ‘TU_COUNTOF_FUNC’
   18 | #define TU_COUNTOF(a)  (TU_COUNTOF_FUNC(a))
      |                         ^~~~~~~~~~~~~~~
/home/parallels/soft/my/countof_ns/tests/unit/pos_struct_n0.h:4:36: note: in expansion of macro ‘TU_COUNTOF’
    4 |     TU_STATIC_ASSERT_AND_RETURN(1, TU_COUNTOF(a));
      |                                    ^~~~~~~~~~
/home/parallels/soft/my/countof_ns/include/countof_ns.h:97:52: error: invalid operands to binary - (have ‘struct &lt;anonymous&gt; (**)[1]’ and ‘struct &lt;anonymous&gt; (**)[0]’)
   97 |                     (_countof_ns_typeof(a) **)&amp;(a) - \
      |                     ~~~~~~~~~~~~~~~~~~~~~~~~~~~~~~ ^
      |                     |
      |                     struct &lt;anonymous&gt; (**)[1]
   98 |                     (_countof_ns_typeof(*(a))(**)[_countof_ns_unsafe(a)])&amp;(a)))
      |                     ~~~~~~~~~~~~~~~~~~~~~~~~~~~~~~~~~~~~~~~~~~~~~~~~~~~~~~~~~
      |                     |
      |                     struct &lt;anonymous&gt; (**)[0]
/home/parallels/soft/my/countof_ns/tests/unit/tu_stub.h:69:35: note: in definition of macro ‘TU_FAIL’
   69 |             if(_TU_TODO_MAGIC != (computed)) { \
      |                                   ^~~~~~~~
/home/parallels/soft/my/countof_ns/tests/unit/tu_stub.h:101:13: note: in expansion of macro ‘_TU_ASSERT_AND_RETURN’
  101 |             _TU_ASSERT_AND_RETURN("TU_STATIC_ASSERT_AND_RETURN", \
      |             ^~~~~~~~~~~~~~~~~~~~~
/home/parallels/soft/my/countof_ns/tests/unit/pos_struct_n0.h:4:5: note: in expansion of macro ‘TU_STATIC_ASSERT_AND_RETURN’
    4 |     TU_STATIC_ASSERT_AND_RETURN(1, TU_COUNTOF(a));
      |     ^~~~~~~~~~~~~~~~~~~~~~~~~~~
/home/parallels/soft/my/countof_ns/include/countof_ns.h:100:53: note: in expansion of macro ‘_countof_ns_must_be’
  100 |     #define countof_ns(a)  (_countof_ns_unsafe(a) + _countof_ns_must_be(a))
      |                                                     ^~~~~~~~~~~~~~~~~~~
&lt;command-line&gt;: note: in expansion of macro ‘countof_ns’
/home/parallels/soft/my/countof_ns/tests/unit/tu_stub.h:18:25: note: in expansion of macro ‘TU_COUNTOF_FUNC’
   18 | #define TU_COUNTOF(a)  (TU_COUNTOF_FUNC(a))
      |                         ^~~~~~~~~~~~~~~
/home/parallels/soft/my/countof_ns/tests/unit/pos_struct_n0.h:4:36: note: in expansion of macro ‘TU_COUNTOF’
    4 |     TU_STATIC_ASSERT_AND_RETURN(1, TU_COUNTOF(a));
      |                                    ^~~~~~~~~~
/home/parallels/soft/my/countof_ns/include/countof_ns.h:97:52: error: invalid operands to binary - (have ‘struct &lt;anonymous&gt; (**)[1]’ and ‘struct &lt;anonymous&gt; (**)[0]’)
   97 |                     (_countof_ns_typeof(a) **)&amp;(a) - \
      |                     ~~~~~~~~~~~~~~~~~~~~~~~~~~~~~~ ^
      |                     |
      |                     struct &lt;anonymous&gt; (**)[1]
   98 |                     (_countof_ns_typeof(*(a))(**)[_countof_ns_unsafe(a)])&amp;(a)))
      |                     ~~~~~~~~~~~~~~~~~~~~~~~~~~~~~~~~~~~~~~~~~~~~~~~~~~~~~~~~~
      |                     |
      |                     struct &lt;anonymous&gt; (**)[0]
/home/parallels/soft/my/countof_ns/tests/unit/tu_stub.h:71:25: note: in definition of macro ‘TU_FAIL’
   71 |                        (computed), (size_t)(desired), (method), (#desired)); \
      |                         ^~~~~~~~
/home/parallels/soft/my/countof_ns/tests/unit/tu_stub.h:101:13: note: in expansion of macro ‘_TU_ASSERT_AND_RETURN’
  101 |             _TU_ASSERT_AND_RETURN("TU_STATIC_ASSERT_AND_RETURN", \
      |             ^~~~~~~~~~~~~~~~~~~~~
/home/parallels/soft/my/countof_ns/tests/unit/pos_struct_n0.h:4:5: note: in expansion of macro ‘TU_STATIC_ASSERT_AND_RETURN’
    4 |     TU_STATIC_ASSERT_AND_RETURN(1, TU_COUNTOF(a));
      |     ^~~~~~~~~~~~~~~~~~~~~~~~~~~
/home/parallels/soft/my/countof_ns/include/countof_ns.h:100:53: note: in expansion of macro ‘_countof_ns_must_be’
  100 |     #define countof_ns(a)  (_countof_ns_unsafe(a) + _countof_ns_must_be(a))
      |                                                     ^~~~~~~~~~~~~~~~~~~
&lt;command-line&gt;: note: in expansion of macro ‘countof_ns’
/home/parallels/soft/my/countof_ns/tests/unit/tu_stub.h:18:25: note: in expansion of macro ‘TU_COUNTOF_FUNC’
   18 | #define TU_COUNTOF(a)  (TU_COUNTOF_FUNC(a))
      |                         ^~~~~~~~~~~~~~~
/home/parallels/soft/my/countof_ns/tests/unit/pos_struct_n0.h:4:36: note: in expansion of macro ‘TU_COUNTOF’
    4 |     TU_STATIC_ASSERT_AND_RETURN(1, TU_COUNTOF(a));
      |                                    ^~~~~~~~~~
/home/parallels/soft/my/countof_ns/include/countof_ns.h:97:52: error: invalid operands to binary - (have ‘struct &lt;anonymous&gt; (**)[1]’ and ‘struct &lt;anonymous&gt; (**)[0]’)
   97 |                     (_countof_ns_typeof(a) **)&amp;(a) - \
      |                     ~~~~~~~~~~~~~~~~~~~~~~~~~~~~~~ ^
      |                     |
      |                     struct &lt;anonymous&gt; (**)[1]
   98 |                     (_countof_ns_typeof(*(a))(**)[_countof_ns_unsafe(a)])&amp;(a)))
      |                     ~~~~~~~~~~~~~~~~~~~~~~~~~~~~~~~~~~~~~~~~~~~~~~~~~~~~~~~~~
      |                     |
      |                     struct &lt;anonymous&gt; (**)[0]
/home/parallels/soft/my/countof_ns/tests/unit/tu_stub.h:73:27: note: in definition of macro ‘TU_FAIL’
   73 |                 if (0 == (computed)) { \
      |                           ^~~~~~~~
/home/parallels/soft/my/countof_ns/tests/unit/tu_stub.h:101:13: note: in expansion of macro ‘_TU_ASSERT_AND_RETURN’
  101 |             _TU_ASSERT_AND_RETURN("TU_STATIC_ASSERT_AND_RETURN", \
      |             ^~~~~~~~~~~~~~~~~~~~~
/home/parallels/soft/my/countof_ns/tests/unit/pos_struct_n0.h:4:5: note: in expansion of macro ‘TU_STATIC_ASSERT_AND_RETURN’
    4 |     TU_STATIC_ASSERT_AND_RETURN(1, TU_COUNTOF(a));
      |     ^~~~~~~~~~~~~~~~~~~~~~~~~~~
/home/parallels/soft/my/countof_ns/include/countof_ns.h:100:53: note: in expansion of macro ‘_countof_ns_must_be’
  100 |     #define countof_ns(a)  (_countof_ns_unsafe(a) + _countof_ns_must_be(a))
      |                                                     ^~~~~~~~~~~~~~~~~~~
&lt;command-line&gt;: note: in expansion of macro ‘countof_ns’
/home/parallels/soft/my/countof_ns/tests/unit/tu_stub.h:18:25: note: in expansion of macro ‘TU_COUNTOF_FUNC’
   18 | #define TU_COUNTOF(a)  (TU_COUNTOF_FUNC(a))
      |                         ^~~~~~~~~~~~~~~
/home/parallels/soft/my/countof_ns/tests/unit/pos_struct_n0.h:4:36: note: in expansion of macro ‘TU_COUNTOF’
    4 |     TU_STATIC_ASSERT_AND_RETURN(1, TU_COUNTOF(a));
      |                                    ^~~~~~~~~~
/home/parallels/soft/my/countof_ns/include/countof_ns.h:97:52: error: invalid operands to binary - (have ‘struct &lt;anonymous&gt; (**)[1]’ and ‘struct &lt;anonymous&gt; (**)[0]’)
   97 |                     (_countof_ns_typeof(a) **)&amp;(a) - \
      |                     ~~~~~~~~~~~~~~~~~~~~~~~~~~~~~~ ^
      |                     |
      |                     struct &lt;anonymous&gt; (**)[1]
   98 |                     (_countof_ns_typeof(*(a))(**)[_countof_ns_unsafe(a)])&amp;(a)))
      |                     ~~~~~~~~~~~~~~~~~~~~~~~~~~~~~~~~~~~~~~~~~~~~~~~~~~~~~~~~~
      |                     |
      |                     struct &lt;anonymous&gt; (**)[0]
/home/parallels/soft/my/countof_ns/tests/unit/tu_stub.h:75:40: note: in definition of macro ‘TU_FAIL’
   75 |                 } else if ((long long)(computed) &lt;= (long long)(desired)) { \
      |                                        ^~~~~~~~
/home/parallels/soft/my/countof_ns/tests/unit/tu_stub.h:101:13: note: in expansion of macro ‘_TU_ASSERT_AND_RETURN’
  101 |             _TU_ASSERT_AND_RETURN("TU_STATIC_ASSERT_AND_RETURN", \
      |             ^~~~~~~~~~~~~~~~~~~~~
/home/parallels/soft/my/countof_ns/tests/unit/pos_struct_n0.h:4:5: note: in expansion of macro ‘TU_STATIC_ASSERT_AND_RETURN’
    4 |     TU_STATIC_ASSERT_AND_RETURN(1, TU_COUNTOF(a));
      |     ^~~~~~~~~~~~~~~~~~~~~~~~~~~
/home/parallels/soft/my/countof_ns/include/countof_ns.h:100:53: note: in expansion of macro ‘_countof_ns_must_be’
  100 |     #define countof_ns(a)  (_countof_ns_unsafe(a) + _countof_ns_must_be(a))
      |                                                     ^~~~~~~~~~~~~~~~~~~
&lt;command-line&gt;: note: in expansion of macro ‘countof_ns’
/home/parallels/soft/my/countof_ns/tests/unit/tu_stub.h:18:25: note: in expansion of macro ‘TU_COUNTOF_FUNC’
   18 | #define TU_COUNTOF(a)  (TU_COUNTOF_FUNC(a))
      |                         ^~~~~~~~~~~~~~~
/home/parallels/soft/my/countof_ns/tests/unit/pos_struct_n0.h:4:36: note: in expansion of macro ‘TU_COUNTOF’
    4 |     TU_STATIC_ASSERT_AND_RETURN(1, TU_COUNTOF(a));
      |                                    ^~~~~~~~~~
gmake[3]: *** [tests/unit/CMakeFiles/pos_struct_n0_c11.dir/build.make:79: tests/unit/CMakeFiles/pos_struct_n0_c11.dir/tu_stub.c.o] Ошибка 1
gmake[2]: *** [CMakeFiles/Makefile2:1285: tests/unit/CMakeFiles/pos_struct_n0_c11.dir/all] Ошибка 2
gmake[1]: *** [CMakeFiles/Makefile2:1292: tests/unit/CMakeFiles/pos_struct_n0_c11.dir/rule] Ошибка 2
gmake: *** [Makefile:459: pos_struct_n0_c11] Ошибка 2

</system-out>
	</testcase>
	<testcase name="pos_struct_n0_cxx" classname="pos_struct_n0_cxx" time="0.00172831" status="run">
		<properties>
			<property name="cmake_labels" value="countof_ns;default"/>
		</properties>
		<system-out>Ok 1 TU_STATIC_ASSERT_AND_RETURN((1)=1, ...) /home/parallels/soft/my/countof_ns/tests/unit/pos_struct_n0.h:pos_struct_n0.h:TU_UNIT for countof_ns.h:countof_ns(), C++ 202100L
</system-out>
	</testcase>
	<testcase name="pos_struct_zla_00" classname="pos_struct_zla_00" time="0.00162922" status="run">
		<properties>
			<property name="cmake_labels" value="countof_ns;default"/>
		</properties>
		<system-out>Ok 0 TU_STATIC_ASSERT_AND_RETURN((0)=0, ...) /home/parallels/soft/my/countof_ns/tests/unit/pos_struct_zla_00.h:pos_struct_zla_00.h:TU_UNIT for countof_ns.h:countof_ns(), C 202000L
</system-out>
	</testcase>
	<testcase name="pos_struct_zla_00_c11" classname="pos_struct_zla_00_c11" time="0.00159067" status="run">
		<properties>
			<property name="cmake_labels" value="countof_ns;default"/>
		</properties>
		<system-out>Ok 0 TU_STATIC_ASSERT_AND_RETURN((0)=0, ...) /home/parallels/soft/my/countof_ns/tests/unit/pos_struct_zla_00.h:pos_struct_zla_00.h:TU_UNIT for countof_ns.h:countof_ns() with C11&amp;VLA, C 202000L
</system-out>
	</testcase>
	<testcase name="pos_struct_zla_00_cxx" classname="pos_struct_zla_00_cxx" time="0.00155914" status="run">
		<properties>
			<property name="cmake_labels" value="countof_ns;default"/>
		</properties>
		<system-out>Ok 0 TU_STATIC_ASSERT_AND_RETURN((0)=0, ...) /home/parallels/soft/my/countof_ns/tests/unit/pos_struct_zla_00.h:pos_struct_zla_00.h:TU_UNIT for countof_ns.h:countof_ns(), C++ 202100L
</system-out>
	</testcase>
	<testcase name="pos_vla" classname="pos_vla" time="0.173763" status="fail">
		<failure message="Failed"/>
		<properties>
			<property name="cmake_labels" value="countof_ns;default"/>
		</properties>
		<system-out>Internal cmake changing into directory: /home/parallels/soft/my/countof_ns/build/Linux_gcc-11_g++-11
Change Dir: '/home/parallels/soft/my/countof_ns/build/Linux_gcc-11_g++-11'

Run Build Command(s): /usr/bin/gmake -f Makefile pos_vla
Built target CounofNS
Building C object tests/unit/CMakeFiles/pos_vla.dir/tu_stub.c.o
In file included from /home/parallels/soft/my/countof_ns/tests/unit/tu_stub.c:5:
/home/parallels/soft/my/countof_ns/tests/unit/pos_vla.h: In function ‘TU_UNIT’:
/home/parallels/soft/my/countof_ns/include/countof_ns.h:74:40: error: ‘_Generic’ association has variable length type
   74 |         #define _countof_ns_typeof(t)  __typeof__(t)
      |                                        ^~~~~~~~~~
/home/parallels/soft/my/countof_ns/tests/unit/tu_stub.h:84:31: note: in definition of macro ‘_TU_ASSERT_AND_RETURN’
   84 |             if ((desired) == (computed)) { \
      |                               ^~~~~~~~
/home/parallels/soft/my/countof_ns/tests/unit/pos_vla.h:5:5: note: in expansion of macro ‘TU_ASSERT_AND_RETURN’
    5 |     TU_ASSERT_AND_RETURN(d1, TU_COUNTOF(a));
      |     ^~~~~~~~~~~~~~~~~~~~
/home/parallels/soft/my/countof_ns/include/countof_ns.h:93:21: note: in expansion of macro ‘_countof_ns_typeof’
   93 |                     _countof_ns_typeof(*(a)) (*)[_countof_ns_unsafe(a)]: 1, \
      |                     ^~~~~~~~~~~~~~~~~~
/home/parallels/soft/my/countof_ns/include/countof_ns.h:100:53: note: in expansion of macro ‘_countof_ns_must_be’
  100 |     #define countof_ns(a)  (_countof_ns_unsafe(a) + _countof_ns_must_be(a))
      |                                                     ^~~~~~~~~~~~~~~~~~~
&lt;command-line&gt;: note: in expansion of macro ‘countof_ns’
/home/parallels/soft/my/countof_ns/tests/unit/tu_stub.h:18:25: note: in expansion of macro ‘TU_COUNTOF_FUNC’
   18 | #define TU_COUNTOF(a)  (TU_COUNTOF_FUNC(a))
      |                         ^~~~~~~~~~~~~~~
/home/parallels/soft/my/countof_ns/tests/unit/pos_vla.h:5:30: note: in expansion of macro ‘TU_COUNTOF’
    5 |     TU_ASSERT_AND_RETURN(d1, TU_COUNTOF(a));
      |                              ^~~~~~~~~~
/home/parallels/soft/my/countof_ns/include/countof_ns.h:74:40: error: ‘_Generic’ association has variable length type
   74 |         #define _countof_ns_typeof(t)  __typeof__(t)
      |                                        ^~~~~~~~~~
/home/parallels/soft/my/countof_ns/tests/unit/tu_stub.h:88:25: note: in definition of macro ‘_TU_ASSERT_AND_RETURN’
   88 |                        (computed), (method), (#desired), (size_t)(desired)); \
      |                         ^~~~~~~~
/home/parallels/soft/my/countof_ns/tests/unit/pos_vla.h:5:5: note: in expansion of macro ‘TU_ASSERT_AND_RETURN’
    5 |     TU_ASSERT_AND_RETURN(d1, TU_COUNTOF(a));
      |     ^~~~~~~~~~~~~~~~~~~~
/home/parallels/soft/my/countof_ns/include/countof_ns.h:93:21: note: in expansion of macro ‘_countof_ns_typeof’
   93 |                     _countof_ns_typeof(*(a)) (*)[_countof_ns_unsafe(a)]: 1, \
      |                     ^~~~~~~~~~~~~~~~~~
/home/parallels/soft/my/countof_ns/include/countof_ns.h:100:53: note: in expansion of macro ‘_countof_ns_must_be’
  100 |     #define countof_ns(a)  (_countof_ns_unsafe(a) + _countof_ns_must_be(a))
      |                                                     ^~~~~~~~~~~~~~~~~~~
&lt;command-line&gt;: note: in expansion of macro ‘countof_ns’
/home/parallels/soft/my/countof_ns/tests/unit/tu_stub.h:18:25: note: in expansion of macro ‘TU_COUNTOF_FUNC’
   18 | #define TU_COUNTOF(a)  (TU_COUNTOF_FUNC(a))
      |                         ^~~~~~~~~~~~~~~
/home/parallels/soft/my/countof_ns/tests/unit/pos_vla.h:5:30: note: in expansion of macro ‘TU_COUNTOF’
    5 |     TU_ASSERT_AND_RETURN(d1, TU_COUNTOF(a));
      |                              ^~~~~~~~~~
/home/parallels/soft/my/countof_ns/include/countof_ns.h:74:40: error: ‘_Generic’ association has variable length type
   74 |         #define _countof_ns_typeof(t)  __typeof__(t)
      |                                        ^~~~~~~~~~
/home/parallels/soft/my/countof_ns/tests/unit/tu_stub.h:69:35: note: in definition of macro ‘TU_FAIL’
   69 |             if(_TU_TODO_MAGIC != (computed)) { \
      |                                   ^~~~~~~~
/home/parallels/soft/my/countof_ns/tests/unit/tu_stub.h:97:13: note: in expansion of macro ‘_TU_ASSERT_AND_RETURN’
   97 |             _TU_ASSERT_AND_RETURN("TU_ASSERT_AND_RETURN", (desired), (computed))
      |             ^~~~~~~~~~~~~~~~~~~~~
/home/parallels/soft/my/countof_ns/tests/unit/pos_vla.h:5:5: note: in expansion of macro ‘TU_ASSERT_AND_RETURN’
    5 |     TU_ASSERT_AND_RETURN(d1, TU_COUNTOF(a));
      |     ^~~~~~~~~~~~~~~~~~~~
/home/parallels/soft/my/countof_ns/include/countof_ns.h:93:21: note: in expansion of macro ‘_countof_ns_typeof’
   93 |                     _countof_ns_typeof(*(a)) (*)[_countof_ns_unsafe(a)]: 1, \
      |                     ^~~~~~~~~~~~~~~~~~
/home/parallels/soft/my/countof_ns/include/countof_ns.h:100:53: note: in expansion of macro ‘_countof_ns_must_be’
  100 |     #define countof_ns(a)  (_countof_ns_unsafe(a) + _countof_ns_must_be(a))
      |                                                     ^~~~~~~~~~~~~~~~~~~
&lt;command-line&gt;: note: in expansion of macro ‘countof_ns’
/home/parallels/soft/my/countof_ns/tests/unit/tu_stub.h:18:25: note: in expansion of macro ‘TU_COUNTOF_FUNC’
   18 | #define TU_COUNTOF(a)  (TU_COUNTOF_FUNC(a))
      |                         ^~~~~~~~~~~~~~~
/home/parallels/soft/my/countof_ns/tests/unit/pos_vla.h:5:30: note: in expansion of macro ‘TU_COUNTOF’
    5 |     TU_ASSERT_AND_RETURN(d1, TU_COUNTOF(a));
      |                              ^~~~~~~~~~
/home/parallels/soft/my/countof_ns/include/countof_ns.h:74:40: error: ‘_Generic’ association has variable length type
   74 |         #define _countof_ns_typeof(t)  __typeof__(t)
      |                                        ^~~~~~~~~~
/home/parallels/soft/my/countof_ns/tests/unit/tu_stub.h:71:25: note: in definition of macro ‘TU_FAIL’
   71 |                        (computed), (size_t)(desired), (method), (#desired)); \
      |                         ^~~~~~~~
/home/parallels/soft/my/countof_ns/tests/unit/tu_stub.h:97:13: note: in expansion of macro ‘_TU_ASSERT_AND_RETURN’
   97 |             _TU_ASSERT_AND_RETURN("TU_ASSERT_AND_RETURN", (desired), (computed))
      |             ^~~~~~~~~~~~~~~~~~~~~
/home/parallels/soft/my/countof_ns/tests/unit/pos_vla.h:5:5: note: in expansion of macro ‘TU_ASSERT_AND_RETURN’
    5 |     TU_ASSERT_AND_RETURN(d1, TU_COUNTOF(a));
      |     ^~~~~~~~~~~~~~~~~~~~
/home/parallels/soft/my/countof_ns/include/countof_ns.h:93:21: note: in expansion of macro ‘_countof_ns_typeof’
   93 |                     _countof_ns_typeof(*(a)) (*)[_countof_ns_unsafe(a)]: 1, \
      |                     ^~~~~~~~~~~~~~~~~~
/home/parallels/soft/my/countof_ns/include/countof_ns.h:100:53: note: in expansion of macro ‘_countof_ns_must_be’
  100 |     #define countof_ns(a)  (_countof_ns_unsafe(a) + _countof_ns_must_be(a))
      |                                                     ^~~~~~~~~~~~~~~~~~~
&lt;command-line&gt;: note: in expansion of macro ‘countof_ns’
/home/parallels/soft/my/countof_ns/tests/unit/tu_stub.h:18:25: note: in expansion of macro ‘TU_COUNTOF_FUNC’
   18 | #define TU_COUNTOF(a)  (TU_COUNTOF_FUNC(a))
      |                         ^~~~~~~~~~~~~~~
/home/parallels/soft/my/countof_ns/tests/unit/pos_vla.h:5:30: note: in expansion of macro ‘TU_COUNTOF’
    5 |     TU_ASSERT_AND_RETURN(d1, TU_COUNTOF(a));
      |                              ^~~~~~~~~~
/home/parallels/soft/my/countof_ns/include/countof_ns.h:74:40: error: ‘_Generic’ association has variable length type
   74 |         #define _countof_ns_typeof(t)  __typeof__(t)
      |                                        ^~~~~~~~~~
/home/parallels/soft/my/countof_ns/tests/unit/tu_stub.h:73:27: note: in definition of macro ‘TU_FAIL’
   73 |                 if (0 == (computed)) { \
      |                           ^~~~~~~~
/home/parallels/soft/my/countof_ns/tests/unit/tu_stub.h:97:13: note: in expansion of macro ‘_TU_ASSERT_AND_RETURN’
   97 |             _TU_ASSERT_AND_RETURN("TU_ASSERT_AND_RETURN", (desired), (computed))
      |             ^~~~~~~~~~~~~~~~~~~~~
/home/parallels/soft/my/countof_ns/tests/unit/pos_vla.h:5:5: note: in expansion of macro ‘TU_ASSERT_AND_RETURN’
    5 |     TU_ASSERT_AND_RETURN(d1, TU_COUNTOF(a));
      |     ^~~~~~~~~~~~~~~~~~~~
/home/parallels/soft/my/countof_ns/include/countof_ns.h:93:21: note: in expansion of macro ‘_countof_ns_typeof’
   93 |                     _countof_ns_typeof(*(a)) (*)[_countof_ns_unsafe(a)]: 1, \
      |                     ^~~~~~~~~~~~~~~~~~
/home/parallels/soft/my/countof_ns/include/countof_ns.h:100:53: note: in expansion of macro ‘_countof_ns_must_be’
  100 |     #define countof_ns(a)  (_countof_ns_unsafe(a) + _countof_ns_must_be(a))
      |                                                     ^~~~~~~~~~~~~~~~~~~
&lt;command-line&gt;: note: in expansion of macro ‘countof_ns’
/home/parallels/soft/my/countof_ns/tests/unit/tu_stub.h:18:25: note: in expansion of macro ‘TU_COUNTOF_FUNC’
   18 | #define TU_COUNTOF(a)  (TU_COUNTOF_FUNC(a))
      |                         ^~~~~~~~~~~~~~~
/home/parallels/soft/my/countof_ns/tests/unit/pos_vla.h:5:30: note: in expansion of macro ‘TU_COUNTOF’
    5 |     TU_ASSERT_AND_RETURN(d1, TU_COUNTOF(a));
      |                              ^~~~~~~~~~
/home/parallels/soft/my/countof_ns/include/countof_ns.h:74:40: error: ‘_Generic’ association has variable length type
   74 |         #define _countof_ns_typeof(t)  __typeof__(t)
      |                                        ^~~~~~~~~~
/home/parallels/soft/my/countof_ns/tests/unit/tu_stub.h:75:40: note: in definition of macro ‘TU_FAIL’
   75 |                 } else if ((long long)(computed) &lt;= (long long)(desired)) { \
      |                                        ^~~~~~~~
/home/parallels/soft/my/countof_ns/tests/unit/tu_stub.h:97:13: note: in expansion of macro ‘_TU_ASSERT_AND_RETURN’
   97 |             _TU_ASSERT_AND_RETURN("TU_ASSERT_AND_RETURN", (desired), (computed))
      |             ^~~~~~~~~~~~~~~~~~~~~
/home/parallels/soft/my/countof_ns/tests/unit/pos_vla.h:5:5: note: in expansion of macro ‘TU_ASSERT_AND_RETURN’
    5 |     TU_ASSERT_AND_RETURN(d1, TU_COUNTOF(a));
      |     ^~~~~~~~~~~~~~~~~~~~
/home/parallels/soft/my/countof_ns/include/countof_ns.h:93:21: note: in expansion of macro ‘_countof_ns_typeof’
   93 |                     _countof_ns_typeof(*(a)) (*)[_countof_ns_unsafe(a)]: 1, \
      |                     ^~~~~~~~~~~~~~~~~~
/home/parallels/soft/my/countof_ns/include/countof_ns.h:100:53: note: in expansion of macro ‘_countof_ns_must_be’
  100 |     #define countof_ns(a)  (_countof_ns_unsafe(a) + _countof_ns_must_be(a))
      |                                                     ^~~~~~~~~~~~~~~~~~~
&lt;command-line&gt;: note: in expansion of macro ‘countof_ns’
/home/parallels/soft/my/countof_ns/tests/unit/tu_stub.h:18:25: note: in expansion of macro ‘TU_COUNTOF_FUNC’
   18 | #define TU_COUNTOF(a)  (TU_COUNTOF_FUNC(a))
      |                         ^~~~~~~~~~~~~~~
/home/parallels/soft/my/countof_ns/tests/unit/pos_vla.h:5:30: note: in expansion of macro ‘TU_COUNTOF’
    5 |     TU_ASSERT_AND_RETURN(d1, TU_COUNTOF(a));
      |                              ^~~~~~~~~~
gmake[3]: *** [tests/unit/CMakeFiles/pos_vla.dir/build.make:79: tests/unit/CMakeFiles/pos_vla.dir/tu_stub.c.o] Ошибка 1
gmake[2]: *** [CMakeFiles/Makefile2:1445: tests/unit/CMakeFiles/pos_vla.dir/all] Ошибка 2
gmake[1]: *** [CMakeFiles/Makefile2:1452: tests/unit/CMakeFiles/pos_vla.dir/rule] Ошибка 2
gmake: *** [Makefile:524: pos_vla] Ошибка 2

</system-out>
	</testcase>
	<testcase name="pos_vla_c11" classname="pos_vla_c11" time="0.00145522" status="run">
		<properties>
			<property name="cmake_labels" value="countof_ns;default"/>
		</properties>
		<system-out>Ok 1 TU_ASSERT_AND_RETURN((d1)=1, ...) /home/parallels/soft/my/countof_ns/tests/unit/pos_vla.h:pos_vla.h:TU_UNIT for countof_ns.h:countof_ns() with C11&amp;VLA, C 202000L
</system-out>
	</testcase>
	<testcase name="pos_vla_00" classname="pos_vla_00" time="0.18608" status="fail">
		<failure message="Failed"/>
		<properties>
			<property name="cmake_labels" value="countof_ns;default"/>
		</properties>
		<system-out>Internal cmake changing into directory: /home/parallels/soft/my/countof_ns/build/Linux_gcc-11_g++-11
Change Dir: '/home/parallels/soft/my/countof_ns/build/Linux_gcc-11_g++-11'

Run Build Command(s): /usr/bin/gmake -f Makefile pos_vla_00
Built target CounofNS
gmake[3]: Предупреждение: время изменения файла «tests/unit/CMakeFiles/pos_vla_00.dir/compiler_depend.make» находится в будущем (0,031)
Building C object tests/unit/CMakeFiles/pos_vla_00.dir/tu_stub.c.o
In file included from /home/parallels/soft/my/countof_ns/tests/unit/tu_stub.c:5:
/home/parallels/soft/my/countof_ns/tests/unit/pos_vla_00.h: In function ‘TU_UNIT’:
/home/parallels/soft/my/countof_ns/include/countof_ns.h:74:40: error: ‘_Generic’ association has variable length type
   74 |         #define _countof_ns_typeof(t)  __typeof__(t)
      |                                        ^~~~~~~~~~
/home/parallels/soft/my/countof_ns/tests/unit/tu_stub.h:84:31: note: in definition of macro ‘_TU_ASSERT_AND_RETURN’
   84 |             if ((desired) == (computed)) { \
      |                               ^~~~~~~~
/home/parallels/soft/my/countof_ns/tests/unit/pos_vla_00.h:5:5: note: in expansion of macro ‘TU_ASSERT_AND_RETURN’
    5 |     TU_ASSERT_AND_RETURN(d0, TU_COUNTOF(b));
      |     ^~~~~~~~~~~~~~~~~~~~
/home/parallels/soft/my/countof_ns/include/countof_ns.h:93:21: note: in expansion of macro ‘_countof_ns_typeof’
   93 |                     _countof_ns_typeof(*(a)) (*)[_countof_ns_unsafe(a)]: 1, \
      |                     ^~~~~~~~~~~~~~~~~~
/home/parallels/soft/my/countof_ns/include/countof_ns.h:100:53: note: in expansion of macro ‘_countof_ns_must_be’
  100 |     #define countof_ns(a)  (_countof_ns_unsafe(a) + _countof_ns_must_be(a))
      |                                                     ^~~~~~~~~~~~~~~~~~~
&lt;command-line&gt;: note: in expansion of macro ‘countof_ns’
/home/parallels/soft/my/countof_ns/tests/unit/tu_stub.h:18:25: note: in expansion of macro ‘TU_COUNTOF_FUNC’
   18 | #define TU_COUNTOF(a)  (TU_COUNTOF_FUNC(a))
      |                         ^~~~~~~~~~~~~~~
/home/parallels/soft/my/countof_ns/tests/unit/pos_vla_00.h:5:30: note: in expansion of macro ‘TU_COUNTOF’
    5 |     TU_ASSERT_AND_RETURN(d0, TU_COUNTOF(b));
      |                              ^~~~~~~~~~
/home/parallels/soft/my/countof_ns/include/countof_ns.h:74:40: error: ‘_Generic’ association has variable length type
   74 |         #define _countof_ns_typeof(t)  __typeof__(t)
      |                                        ^~~~~~~~~~
/home/parallels/soft/my/countof_ns/tests/unit/tu_stub.h:88:25: note: in definition of macro ‘_TU_ASSERT_AND_RETURN’
   88 |                        (computed), (method), (#desired), (size_t)(desired)); \
      |                         ^~~~~~~~
/home/parallels/soft/my/countof_ns/tests/unit/pos_vla_00.h:5:5: note: in expansion of macro ‘TU_ASSERT_AND_RETURN’
    5 |     TU_ASSERT_AND_RETURN(d0, TU_COUNTOF(b));
      |     ^~~~~~~~~~~~~~~~~~~~
/home/parallels/soft/my/countof_ns/include/countof_ns.h:93:21: note: in expansion of macro ‘_countof_ns_typeof’
   93 |                     _countof_ns_typeof(*(a)) (*)[_countof_ns_unsafe(a)]: 1, \
      |                     ^~~~~~~~~~~~~~~~~~
/home/parallels/soft/my/countof_ns/include/countof_ns.h:100:53: note: in expansion of macro ‘_countof_ns_must_be’
  100 |     #define countof_ns(a)  (_countof_ns_unsafe(a) + _countof_ns_must_be(a))
      |                                                     ^~~~~~~~~~~~~~~~~~~
&lt;command-line&gt;: note: in expansion of macro ‘countof_ns’
/home/parallels/soft/my/countof_ns/tests/unit/tu_stub.h:18:25: note: in expansion of macro ‘TU_COUNTOF_FUNC’
   18 | #define TU_COUNTOF(a)  (TU_COUNTOF_FUNC(a))
      |                         ^~~~~~~~~~~~~~~
/home/parallels/soft/my/countof_ns/tests/unit/pos_vla_00.h:5:30: note: in expansion of macro ‘TU_COUNTOF’
    5 |     TU_ASSERT_AND_RETURN(d0, TU_COUNTOF(b));
      |                              ^~~~~~~~~~
/home/parallels/soft/my/countof_ns/include/countof_ns.h:74:40: error: ‘_Generic’ association has variable length type
   74 |         #define _countof_ns_typeof(t)  __typeof__(t)
      |                                        ^~~~~~~~~~
/home/parallels/soft/my/countof_ns/tests/unit/tu_stub.h:69:35: note: in definition of macro ‘TU_FAIL’
   69 |             if(_TU_TODO_MAGIC != (computed)) { \
      |                                   ^~~~~~~~
/home/parallels/soft/my/countof_ns/tests/unit/tu_stub.h:97:13: note: in expansion of macro ‘_TU_ASSERT_AND_RETURN’
   97 |             _TU_ASSERT_AND_RETURN("TU_ASSERT_AND_RETURN", (desired), (computed))
      |             ^~~~~~~~~~~~~~~~~~~~~
/home/parallels/soft/my/countof_ns/tests/unit/pos_vla_00.h:5:5: note: in expansion of macro ‘TU_ASSERT_AND_RETURN’
    5 |     TU_ASSERT_AND_RETURN(d0, TU_COUNTOF(b));
      |     ^~~~~~~~~~~~~~~~~~~~
/home/parallels/soft/my/countof_ns/include/countof_ns.h:93:21: note: in expansion of macro ‘_countof_ns_typeof’
   93 |                     _countof_ns_typeof(*(a)) (*)[_countof_ns_unsafe(a)]: 1, \
      |                     ^~~~~~~~~~~~~~~~~~
/home/parallels/soft/my/countof_ns/include/countof_ns.h:100:53: note: in expansion of macro ‘_countof_ns_must_be’
  100 |     #define countof_ns(a)  (_countof_ns_unsafe(a) + _countof_ns_must_be(a))
      |                                                     ^~~~~~~~~~~~~~~~~~~
&lt;command-line&gt;: note: in expansion of macro ‘countof_ns’
/home/parallels/soft/my/countof_ns/tests/unit/tu_stub.h:18:25: note: in expansion of macro ‘TU_COUNTOF_FUNC’
   18 | #define TU_COUNTOF(a)  (TU_COUNTOF_FUNC(a))
      |                         ^~~~~~~~~~~~~~~
/home/parallels/soft/my/countof_ns/tests/unit/pos_vla_00.h:5:30: note: in expansion of macro ‘TU_COUNTOF’
    5 |     TU_ASSERT_AND_RETURN(d0, TU_COUNTOF(b));
      |                              ^~~~~~~~~~
/home/parallels/soft/my/countof_ns/include/countof_ns.h:74:40: error: ‘_Generic’ association has variable length type
   74 |         #define _countof_ns_typeof(t)  __typeof__(t)
      |                                        ^~~~~~~~~~
/home/parallels/soft/my/countof_ns/tests/unit/tu_stub.h:71:25: note: in definition of macro ‘TU_FAIL’
   71 |                        (computed), (size_t)(desired), (method), (#desired)); \
      |                         ^~~~~~~~
/home/parallels/soft/my/countof_ns/tests/unit/tu_stub.h:97:13: note: in expansion of macro ‘_TU_ASSERT_AND_RETURN’
   97 |             _TU_ASSERT_AND_RETURN("TU_ASSERT_AND_RETURN", (desired), (computed))
      |             ^~~~~~~~~~~~~~~~~~~~~
/home/parallels/soft/my/countof_ns/tests/unit/pos_vla_00.h:5:5: note: in expansion of macro ‘TU_ASSERT_AND_RETURN’
    5 |     TU_ASSERT_AND_RETURN(d0, TU_COUNTOF(b));
      |     ^~~~~~~~~~~~~~~~~~~~
/home/parallels/soft/my/countof_ns/include/countof_ns.h:93:21: note: in expansion of macro ‘_countof_ns_typeof’
   93 |                     _countof_ns_typeof(*(a)) (*)[_countof_ns_unsafe(a)]: 1, \
      |                     ^~~~~~~~~~~~~~~~~~
/home/parallels/soft/my/countof_ns/include/countof_ns.h:100:53: note: in expansion of macro ‘_countof_ns_must_be’
  100 |     #define countof_ns(a)  (_countof_ns_unsafe(a) + _countof_ns_must_be(a))
      |                                                     ^~~~~~~~~~~~~~~~~~~
&lt;command-line&gt;: note: in expansion of macro ‘countof_ns’
/home/parallels/soft/my/countof_ns/tests/unit/tu_stub.h:18:25: note: in expansion of macro ‘TU_COUNTOF_FUNC’
   18 | #define TU_COUNTOF(a)  (TU_COUNTOF_FUNC(a))
      |                         ^~~~~~~~~~~~~~~
/home/parallels/soft/my/countof_ns/tests/unit/pos_vla_00.h:5:30: note: in expansion of macro ‘TU_COUNTOF’
    5 |     TU_ASSERT_AND_RETURN(d0, TU_COUNTOF(b));
      |                              ^~~~~~~~~~
/home/parallels/soft/my/countof_ns/include/countof_ns.h:74:40: error: ‘_Generic’ association has variable length type
   74 |         #define _countof_ns_typeof(t)  __typeof__(t)
      |                                        ^~~~~~~~~~
/home/parallels/soft/my/countof_ns/tests/unit/tu_stub.h:73:27: note: in definition of macro ‘TU_FAIL’
   73 |                 if (0 == (computed)) { \
      |                           ^~~~~~~~
/home/parallels/soft/my/countof_ns/tests/unit/tu_stub.h:97:13: note: in expansion of macro ‘_TU_ASSERT_AND_RETURN’
   97 |             _TU_ASSERT_AND_RETURN("TU_ASSERT_AND_RETURN", (desired), (computed))
      |             ^~~~~~~~~~~~~~~~~~~~~
/home/parallels/soft/my/countof_ns/tests/unit/pos_vla_00.h:5:5: note: in expansion of macro ‘TU_ASSERT_AND_RETURN’
    5 |     TU_ASSERT_AND_RETURN(d0, TU_COUNTOF(b));
      |     ^~~~~~~~~~~~~~~~~~~~
/home/parallels/soft/my/countof_ns/include/countof_ns.h:93:21: note: in expansion of macro ‘_countof_ns_typeof’
   93 |                     _countof_ns_typeof(*(a)) (*)[_countof_ns_unsafe(a)]: 1, \
      |                     ^~~~~~~~~~~~~~~~~~
/home/parallels/soft/my/countof_ns/include/countof_ns.h:100:53: note: in expansion of macro ‘_countof_ns_must_be’
  100 |     #define countof_ns(a)  (_countof_ns_unsafe(a) + _countof_ns_must_be(a))
      |                                                     ^~~~~~~~~~~~~~~~~~~
&lt;command-line&gt;: note: in expansion of macro ‘countof_ns’
/home/parallels/soft/my/countof_ns/tests/unit/tu_stub.h:18:25: note: in expansion of macro ‘TU_COUNTOF_FUNC’
   18 | #define TU_COUNTOF(a)  (TU_COUNTOF_FUNC(a))
      |                         ^~~~~~~~~~~~~~~
/home/parallels/soft/my/countof_ns/tests/unit/pos_vla_00.h:5:30: note: in expansion of macro ‘TU_COUNTOF’
    5 |     TU_ASSERT_AND_RETURN(d0, TU_COUNTOF(b));
      |                              ^~~~~~~~~~
/home/parallels/soft/my/countof_ns/include/countof_ns.h:74:40: error: ‘_Generic’ association has variable length type
   74 |         #define _countof_ns_typeof(t)  __typeof__(t)
      |                                        ^~~~~~~~~~
/home/parallels/soft/my/countof_ns/tests/unit/tu_stub.h:75:40: note: in definition of macro ‘TU_FAIL’
   75 |                 } else if ((long long)(computed) &lt;= (long long)(desired)) { \
      |                                        ^~~~~~~~
/home/parallels/soft/my/countof_ns/tests/unit/tu_stub.h:97:13: note: in expansion of macro ‘_TU_ASSERT_AND_RETURN’
   97 |             _TU_ASSERT_AND_RETURN("TU_ASSERT_AND_RETURN", (desired), (computed))
      |             ^~~~~~~~~~~~~~~~~~~~~
/home/parallels/soft/my/countof_ns/tests/unit/pos_vla_00.h:5:5: note: in expansion of macro ‘TU_ASSERT_AND_RETURN’
    5 |     TU_ASSERT_AND_RETURN(d0, TU_COUNTOF(b));
      |     ^~~~~~~~~~~~~~~~~~~~
/home/parallels/soft/my/countof_ns/include/countof_ns.h:93:21: note: in expansion of macro ‘_countof_ns_typeof’
   93 |                     _countof_ns_typeof(*(a)) (*)[_countof_ns_unsafe(a)]: 1, \
      |                     ^~~~~~~~~~~~~~~~~~
/home/parallels/soft/my/countof_ns/include/countof_ns.h:100:53: note: in expansion of macro ‘_countof_ns_must_be’
  100 |     #define countof_ns(a)  (_countof_ns_unsafe(a) + _countof_ns_must_be(a))
      |                                                     ^~~~~~~~~~~~~~~~~~~
&lt;command-line&gt;: note: in expansion of macro ‘countof_ns’
/home/parallels/soft/my/countof_ns/tests/unit/tu_stub.h:18:25: note: in expansion of macro ‘TU_COUNTOF_FUNC’
   18 | #define TU_COUNTOF(a)  (TU_COUNTOF_FUNC(a))
      |                         ^~~~~~~~~~~~~~~
/home/parallels/soft/my/countof_ns/tests/unit/pos_vla_00.h:5:30: note: in expansion of macro ‘TU_COUNTOF’
    5 |     TU_ASSERT_AND_RETURN(d0, TU_COUNTOF(b));
      |                              ^~~~~~~~~~
gmake[3]: *** [tests/unit/CMakeFiles/pos_vla_00.dir/build.make:79: tests/unit/CMakeFiles/pos_vla_00.dir/tu_stub.c.o] Ошибка 1
gmake[2]: *** [CMakeFiles/Makefile2:1509: tests/unit/CMakeFiles/pos_vla_00.dir/all] Ошибка 2
gmake[1]: *** [CMakeFiles/Makefile2:1516: tests/unit/CMakeFiles/pos_vla_00.dir/rule] Ошибка 2
gmake: *** [Makefile:550: pos_vla_00] Ошибка 2

</system-out>
	</testcase>
	<testcase name="pos_vla_00_c11" classname="pos_vla_00_c11" time="0.00207347" status="run">
		<properties>
			<property name="cmake_labels" value="countof_ns;default"/>
		</properties>
		<system-out>Ok 0 TU_ASSERT_AND_RETURN((d0)=0, ...) /home/parallels/soft/my/countof_ns/tests/unit/pos_vla_00.h:pos_vla_00.h:TU_UNIT for countof_ns.h:countof_ns() with C11&amp;VLA, C 202000L
</system-out>
	</testcase>
	<testcase name="pos_vla_0n" classname="pos_vla_0n" time="0.186365" status="fail">
		<failure message="Failed"/>
		<properties>
			<property name="cmake_labels" value="countof_ns;default"/>
		</properties>
		<system-out>Internal cmake changing into directory: /home/parallels/soft/my/countof_ns/build/Linux_gcc-11_g++-11
Change Dir: '/home/parallels/soft/my/countof_ns/build/Linux_gcc-11_g++-11'

Run Build Command(s): /usr/bin/gmake -f Makefile pos_vla_0n
Built target CounofNS
Building C object tests/unit/CMakeFiles/pos_vla_0n.dir/tu_stub.c.o
In file included from /home/parallels/soft/my/countof_ns/tests/unit/tu_stub.c:5:
/home/parallels/soft/my/countof_ns/tests/unit/pos_vla_0n.h: In function ‘TU_UNIT’:
/home/parallels/soft/my/countof_ns/include/countof_ns.h:74:40: error: ‘_Generic’ association has variable length type
   74 |         #define _countof_ns_typeof(t)  __typeof__(t)
      |                                        ^~~~~~~~~~
/home/parallels/soft/my/countof_ns/tests/unit/tu_stub.h:84:31: note: in definition of macro ‘_TU_ASSERT_AND_RETURN’
   84 |             if ((desired) == (computed)) { \
      |                               ^~~~~~~~
/home/parallels/soft/my/countof_ns/tests/unit/pos_vla_0n.h:5:5: note: in expansion of macro ‘TU_ASSERT_AND_RETURN’
    5 |     TU_ASSERT_AND_RETURN(d0, TU_COUNTOF(a));
      |     ^~~~~~~~~~~~~~~~~~~~
/home/parallels/soft/my/countof_ns/include/countof_ns.h:93:21: note: in expansion of macro ‘_countof_ns_typeof’
   93 |                     _countof_ns_typeof(*(a)) (*)[_countof_ns_unsafe(a)]: 1, \
      |                     ^~~~~~~~~~~~~~~~~~
/home/parallels/soft/my/countof_ns/include/countof_ns.h:100:53: note: in expansion of macro ‘_countof_ns_must_be’
  100 |     #define countof_ns(a)  (_countof_ns_unsafe(a) + _countof_ns_must_be(a))
      |                                                     ^~~~~~~~~~~~~~~~~~~
&lt;command-line&gt;: note: in expansion of macro ‘countof_ns’
/home/parallels/soft/my/countof_ns/tests/unit/tu_stub.h:18:25: note: in expansion of macro ‘TU_COUNTOF_FUNC’
   18 | #define TU_COUNTOF(a)  (TU_COUNTOF_FUNC(a))
      |                         ^~~~~~~~~~~~~~~
/home/parallels/soft/my/countof_ns/tests/unit/pos_vla_0n.h:5:30: note: in expansion of macro ‘TU_COUNTOF’
    5 |     TU_ASSERT_AND_RETURN(d0, TU_COUNTOF(a));
      |                              ^~~~~~~~~~
/home/parallels/soft/my/countof_ns/include/countof_ns.h:74:40: error: ‘_Generic’ association has variable length type
   74 |         #define _countof_ns_typeof(t)  __typeof__(t)
      |                                        ^~~~~~~~~~
/home/parallels/soft/my/countof_ns/tests/unit/tu_stub.h:88:25: note: in definition of macro ‘_TU_ASSERT_AND_RETURN’
   88 |                        (computed), (method), (#desired), (size_t)(desired)); \
      |                         ^~~~~~~~
/home/parallels/soft/my/countof_ns/tests/unit/pos_vla_0n.h:5:5: note: in expansion of macro ‘TU_ASSERT_AND_RETURN’
    5 |     TU_ASSERT_AND_RETURN(d0, TU_COUNTOF(a));
      |     ^~~~~~~~~~~~~~~~~~~~
/home/parallels/soft/my/countof_ns/include/countof_ns.h:93:21: note: in expansion of macro ‘_countof_ns_typeof’
   93 |                     _countof_ns_typeof(*(a)) (*)[_countof_ns_unsafe(a)]: 1, \
      |                     ^~~~~~~~~~~~~~~~~~
/home/parallels/soft/my/countof_ns/include/countof_ns.h:100:53: note: in expansion of macro ‘_countof_ns_must_be’
  100 |     #define countof_ns(a)  (_countof_ns_unsafe(a) + _countof_ns_must_be(a))
      |                                                     ^~~~~~~~~~~~~~~~~~~
&lt;command-line&gt;: note: in expansion of macro ‘countof_ns’
/home/parallels/soft/my/countof_ns/tests/unit/tu_stub.h:18:25: note: in expansion of macro ‘TU_COUNTOF_FUNC’
   18 | #define TU_COUNTOF(a)  (TU_COUNTOF_FUNC(a))
      |                         ^~~~~~~~~~~~~~~
/home/parallels/soft/my/countof_ns/tests/unit/pos_vla_0n.h:5:30: note: in expansion of macro ‘TU_COUNTOF’
    5 |     TU_ASSERT_AND_RETURN(d0, TU_COUNTOF(a));
      |                              ^~~~~~~~~~
/home/parallels/soft/my/countof_ns/include/countof_ns.h:74:40: error: ‘_Generic’ association has variable length type
   74 |         #define _countof_ns_typeof(t)  __typeof__(t)
      |                                        ^~~~~~~~~~
/home/parallels/soft/my/countof_ns/tests/unit/tu_stub.h:69:35: note: in definition of macro ‘TU_FAIL’
   69 |             if(_TU_TODO_MAGIC != (computed)) { \
      |                                   ^~~~~~~~
/home/parallels/soft/my/countof_ns/tests/unit/tu_stub.h:97:13: note: in expansion of macro ‘_TU_ASSERT_AND_RETURN’
   97 |             _TU_ASSERT_AND_RETURN("TU_ASSERT_AND_RETURN", (desired), (computed))
      |             ^~~~~~~~~~~~~~~~~~~~~
/home/parallels/soft/my/countof_ns/tests/unit/pos_vla_0n.h:5:5: note: in expansion of macro ‘TU_ASSERT_AND_RETURN’
    5 |     TU_ASSERT_AND_RETURN(d0, TU_COUNTOF(a));
      |     ^~~~~~~~~~~~~~~~~~~~
/home/parallels/soft/my/countof_ns/include/countof_ns.h:93:21: note: in expansion of macro ‘_countof_ns_typeof’
   93 |                     _countof_ns_typeof(*(a)) (*)[_countof_ns_unsafe(a)]: 1, \
      |                     ^~~~~~~~~~~~~~~~~~
/home/parallels/soft/my/countof_ns/include/countof_ns.h:100:53: note: in expansion of macro ‘_countof_ns_must_be’
  100 |     #define countof_ns(a)  (_countof_ns_unsafe(a) + _countof_ns_must_be(a))
      |                                                     ^~~~~~~~~~~~~~~~~~~
&lt;command-line&gt;: note: in expansion of macro ‘countof_ns’
/home/parallels/soft/my/countof_ns/tests/unit/tu_stub.h:18:25: note: in expansion of macro ‘TU_COUNTOF_FUNC’
   18 | #define TU_COUNTOF(a)  (TU_COUNTOF_FUNC(a))
      |                         ^~~~~~~~~~~~~~~
/home/parallels/soft/my/countof_ns/tests/unit/pos_vla_0n.h:5:30: note: in expansion of macro ‘TU_COUNTOF’
    5 |     TU_ASSERT_AND_RETURN(d0, TU_COUNTOF(a));
      |                              ^~~~~~~~~~
/home/parallels/soft/my/countof_ns/include/countof_ns.h:74:40: error: ‘_Generic’ association has variable length type
   74 |         #define _countof_ns_typeof(t)  __typeof__(t)
      |                                        ^~~~~~~~~~
/home/parallels/soft/my/countof_ns/tests/unit/tu_stub.h:71:25: note: in definition of macro ‘TU_FAIL’
   71 |                        (computed), (size_t)(desired), (method), (#desired)); \
      |                         ^~~~~~~~
/home/parallels/soft/my/countof_ns/tests/unit/tu_stub.h:97:13: note: in expansion of macro ‘_TU_ASSERT_AND_RETURN’
   97 |             _TU_ASSERT_AND_RETURN("TU_ASSERT_AND_RETURN", (desired), (computed))
      |             ^~~~~~~~~~~~~~~~~~~~~
/home/parallels/soft/my/countof_ns/tests/unit/pos_vla_0n.h:5:5: note: in expansion of macro ‘TU_ASSERT_AND_RETURN’
    5 |     TU_ASSERT_AND_RETURN(d0, TU_COUNTOF(a));
      |     ^~~~~~~~~~~~~~~~~~~~
/home/parallels/soft/my/countof_ns/include/countof_ns.h:93:21: note: in expansion of macro ‘_countof_ns_typeof’
   93 |                     _countof_ns_typeof(*(a)) (*)[_countof_ns_unsafe(a)]: 1, \
      |                     ^~~~~~~~~~~~~~~~~~
/home/parallels/soft/my/countof_ns/include/countof_ns.h:100:53: note: in expansion of macro ‘_countof_ns_must_be’
  100 |     #define countof_ns(a)  (_countof_ns_unsafe(a) + _countof_ns_must_be(a))
      |                                                     ^~~~~~~~~~~~~~~~~~~
&lt;command-line&gt;: note: in expansion of macro ‘countof_ns’
/home/parallels/soft/my/countof_ns/tests/unit/tu_stub.h:18:25: note: in expansion of macro ‘TU_COUNTOF_FUNC’
   18 | #define TU_COUNTOF(a)  (TU_COUNTOF_FUNC(a))
      |                         ^~~~~~~~~~~~~~~
/home/parallels/soft/my/countof_ns/tests/unit/pos_vla_0n.h:5:30: note: in expansion of macro ‘TU_COUNTOF’
    5 |     TU_ASSERT_AND_RETURN(d0, TU_COUNTOF(a));
      |                              ^~~~~~~~~~
/home/parallels/soft/my/countof_ns/include/countof_ns.h:74:40: error: ‘_Generic’ association has variable length type
   74 |         #define _countof_ns_typeof(t)  __typeof__(t)
      |                                        ^~~~~~~~~~
/home/parallels/soft/my/countof_ns/tests/unit/tu_stub.h:73:27: note: in definition of macro ‘TU_FAIL’
   73 |                 if (0 == (computed)) { \
      |                           ^~~~~~~~
/home/parallels/soft/my/countof_ns/tests/unit/tu_stub.h:97:13: note: in expansion of macro ‘_TU_ASSERT_AND_RETURN’
   97 |             _TU_ASSERT_AND_RETURN("TU_ASSERT_AND_RETURN", (desired), (computed))
      |             ^~~~~~~~~~~~~~~~~~~~~
/home/parallels/soft/my/countof_ns/tests/unit/pos_vla_0n.h:5:5: note: in expansion of macro ‘TU_ASSERT_AND_RETURN’
    5 |     TU_ASSERT_AND_RETURN(d0, TU_COUNTOF(a));
      |     ^~~~~~~~~~~~~~~~~~~~
/home/parallels/soft/my/countof_ns/include/countof_ns.h:93:21: note: in expansion of macro ‘_countof_ns_typeof’
   93 |                     _countof_ns_typeof(*(a)) (*)[_countof_ns_unsafe(a)]: 1, \
      |                     ^~~~~~~~~~~~~~~~~~
/home/parallels/soft/my/countof_ns/include/countof_ns.h:100:53: note: in expansion of macro ‘_countof_ns_must_be’
  100 |     #define countof_ns(a)  (_countof_ns_unsafe(a) + _countof_ns_must_be(a))
      |                                                     ^~~~~~~~~~~~~~~~~~~
&lt;command-line&gt;: note: in expansion of macro ‘countof_ns’
/home/parallels/soft/my/countof_ns/tests/unit/tu_stub.h:18:25: note: in expansion of macro ‘TU_COUNTOF_FUNC’
   18 | #define TU_COUNTOF(a)  (TU_COUNTOF_FUNC(a))
      |                         ^~~~~~~~~~~~~~~
/home/parallels/soft/my/countof_ns/tests/unit/pos_vla_0n.h:5:30: note: in expansion of macro ‘TU_COUNTOF’
    5 |     TU_ASSERT_AND_RETURN(d0, TU_COUNTOF(a));
      |                              ^~~~~~~~~~
/home/parallels/soft/my/countof_ns/include/countof_ns.h:74:40: error: ‘_Generic’ association has variable length type
   74 |         #define _countof_ns_typeof(t)  __typeof__(t)
      |                                        ^~~~~~~~~~
/home/parallels/soft/my/countof_ns/tests/unit/tu_stub.h:75:40: note: in definition of macro ‘TU_FAIL’
   75 |                 } else if ((long long)(computed) &lt;= (long long)(desired)) { \
      |                                        ^~~~~~~~
/home/parallels/soft/my/countof_ns/tests/unit/tu_stub.h:97:13: note: in expansion of macro ‘_TU_ASSERT_AND_RETURN’
   97 |             _TU_ASSERT_AND_RETURN("TU_ASSERT_AND_RETURN", (desired), (computed))
      |             ^~~~~~~~~~~~~~~~~~~~~
/home/parallels/soft/my/countof_ns/tests/unit/pos_vla_0n.h:5:5: note: in expansion of macro ‘TU_ASSERT_AND_RETURN’
    5 |     TU_ASSERT_AND_RETURN(d0, TU_COUNTOF(a));
      |     ^~~~~~~~~~~~~~~~~~~~
/home/parallels/soft/my/countof_ns/include/countof_ns.h:93:21: note: in expansion of macro ‘_countof_ns_typeof’
   93 |                     _countof_ns_typeof(*(a)) (*)[_countof_ns_unsafe(a)]: 1, \
      |                     ^~~~~~~~~~~~~~~~~~
/home/parallels/soft/my/countof_ns/include/countof_ns.h:100:53: note: in expansion of macro ‘_countof_ns_must_be’
  100 |     #define countof_ns(a)  (_countof_ns_unsafe(a) + _countof_ns_must_be(a))
      |                                                     ^~~~~~~~~~~~~~~~~~~
&lt;command-line&gt;: note: in expansion of macro ‘countof_ns’
/home/parallels/soft/my/countof_ns/tests/unit/tu_stub.h:18:25: note: in expansion of macro ‘TU_COUNTOF_FUNC’
   18 | #define TU_COUNTOF(a)  (TU_COUNTOF_FUNC(a))
      |                         ^~~~~~~~~~~~~~~
/home/parallels/soft/my/countof_ns/tests/unit/pos_vla_0n.h:5:30: note: in expansion of macro ‘TU_COUNTOF’
    5 |     TU_ASSERT_AND_RETURN(d0, TU_COUNTOF(a));
      |                              ^~~~~~~~~~
gmake[3]: *** [tests/unit/CMakeFiles/pos_vla_0n.dir/build.make:79: tests/unit/CMakeFiles/pos_vla_0n.dir/tu_stub.c.o] Ошибка 1
gmake[2]: *** [CMakeFiles/Makefile2:1573: tests/unit/CMakeFiles/pos_vla_0n.dir/all] Ошибка 2
gmake[1]: *** [CMakeFiles/Makefile2:1580: tests/unit/CMakeFiles/pos_vla_0n.dir/rule] Ошибка 2
gmake: *** [Makefile:576: pos_vla_0n] Ошибка 2

</system-out>
	</testcase>
	<testcase name="pos_vla_0n_c11" classname="pos_vla_0n_c11" time="0.00156636" status="run">
		<properties>
			<property name="cmake_labels" value="countof_ns;default"/>
		</properties>
		<system-out>Ok 0 TU_ASSERT_AND_RETURN((d0)=0, ...) /home/parallels/soft/my/countof_ns/tests/unit/pos_vla_0n.h:pos_vla_0n.h:TU_UNIT for countof_ns.h:countof_ns() with C11&amp;VLA, C 202000L
</system-out>
	</testcase>
	<testcase name="pos_vla_cv" classname="pos_vla_cv" time="0.18474" status="fail">
		<failure message="Failed"/>
		<properties>
			<property name="cmake_labels" value="countof_ns;default"/>
		</properties>
		<system-out>Internal cmake changing into directory: /home/parallels/soft/my/countof_ns/build/Linux_gcc-11_g++-11
Change Dir: '/home/parallels/soft/my/countof_ns/build/Linux_gcc-11_g++-11'

Run Build Command(s): /usr/bin/gmake -f Makefile pos_vla_cv
[  0%] Built target CounofNS
[  0%] Building C object tests/unit/CMakeFiles/pos_vla_cv.dir/tu_stub.c.o
In file included from /home/parallels/soft/my/countof_ns/tests/unit/tu_stub.c:5:
/home/parallels/soft/my/countof_ns/tests/unit/pos_vla_cv.h: In function ‘TU_UNIT’:
/home/parallels/soft/my/countof_ns/include/countof_ns.h:74:40: error: ‘_Generic’ association has variable length type
   74 |         #define _countof_ns_typeof(t)  __typeof__(t)
      |                                        ^~~~~~~~~~
/home/parallels/soft/my/countof_ns/tests/unit/tu_stub.h:84:31: note: in definition of macro ‘_TU_ASSERT_AND_RETURN’
   84 |             if ((desired) == (computed)) { \
      |                               ^~~~~~~~
/home/parallels/soft/my/countof_ns/tests/unit/pos_vla_cv.h:5:5: note: in expansion of macro ‘TU_ASSERT_AND_RETURN’
    5 |     TU_ASSERT_AND_RETURN(d1, TU_COUNTOF(a));
      |     ^~~~~~~~~~~~~~~~~~~~
/home/parallels/soft/my/countof_ns/include/countof_ns.h:93:21: note: in expansion of macro ‘_countof_ns_typeof’
   93 |                     _countof_ns_typeof(*(a)) (*)[_countof_ns_unsafe(a)]: 1, \
      |                     ^~~~~~~~~~~~~~~~~~
/home/parallels/soft/my/countof_ns/include/countof_ns.h:100:53: note: in expansion of macro ‘_countof_ns_must_be’
  100 |     #define countof_ns(a)  (_countof_ns_unsafe(a) + _countof_ns_must_be(a))
      |                                                     ^~~~~~~~~~~~~~~~~~~
&lt;command-line&gt;: note: in expansion of macro ‘countof_ns’
/home/parallels/soft/my/countof_ns/tests/unit/tu_stub.h:18:25: note: in expansion of macro ‘TU_COUNTOF_FUNC’
   18 | #define TU_COUNTOF(a)  (TU_COUNTOF_FUNC(a))
      |                         ^~~~~~~~~~~~~~~
/home/parallels/soft/my/countof_ns/tests/unit/pos_vla_cv.h:5:30: note: in expansion of macro ‘TU_COUNTOF’
    5 |     TU_ASSERT_AND_RETURN(d1, TU_COUNTOF(a));
      |                              ^~~~~~~~~~
/home/parallels/soft/my/countof_ns/include/countof_ns.h:74:40: error: ‘_Generic’ association has variable length type
   74 |         #define _countof_ns_typeof(t)  __typeof__(t)
      |                                        ^~~~~~~~~~
/home/parallels/soft/my/countof_ns/tests/unit/tu_stub.h:88:25: note: in definition of macro ‘_TU_ASSERT_AND_RETURN’
   88 |                        (computed), (method), (#desired), (size_t)(desired)); \
      |                         ^~~~~~~~
/home/parallels/soft/my/countof_ns/tests/unit/pos_vla_cv.h:5:5: note: in expansion of macro ‘TU_ASSERT_AND_RETURN’
    5 |     TU_ASSERT_AND_RETURN(d1, TU_COUNTOF(a));
      |     ^~~~~~~~~~~~~~~~~~~~
/home/parallels/soft/my/countof_ns/include/countof_ns.h:93:21: note: in expansion of macro ‘_countof_ns_typeof’
   93 |                     _countof_ns_typeof(*(a)) (*)[_countof_ns_unsafe(a)]: 1, \
      |                     ^~~~~~~~~~~~~~~~~~
/home/parallels/soft/my/countof_ns/include/countof_ns.h:100:53: note: in expansion of macro ‘_countof_ns_must_be’
  100 |     #define countof_ns(a)  (_countof_ns_unsafe(a) + _countof_ns_must_be(a))
      |                                                     ^~~~~~~~~~~~~~~~~~~
&lt;command-line&gt;: note: in expansion of macro ‘countof_ns’
/home/parallels/soft/my/countof_ns/tests/unit/tu_stub.h:18:25: note: in expansion of macro ‘TU_COUNTOF_FUNC’
   18 | #define TU_COUNTOF(a)  (TU_COUNTOF_FUNC(a))
      |                         ^~~~~~~~~~~~~~~
[...]
	</testcase>
	<testcase name="ms_countof-neg_zla_ptr_0_fail" classname="ms_countof-neg_zla_ptr_0_fail" time="0.0141411" status="fail">
		<failure message="Failed"/>
		<properties>
			<property name="cmake_labels" value="ms_countof"/>
		</properties>
		<system-out>/home/parallels/soft/my/countof_ns/build/Linux_gcc-11_g++-11/tests/unit/ms_countof-neg_zla_ptr return not integer CMD_RESULT=Floating-point exception
</system-out>
	</testcase>
	<testcase name="ms_countof-neg_zla_ptr_cxx" classname="ms_countof-neg_zla_ptr_cxx" time="0.18414" status="run">
		<properties>
			<property name="cmake_labels" value="ms_countof"/>
		</properties>
		<system-out>Built target CounofNS
Building CXX object tests/unit/CMakeFiles/ms_countof-neg_zla_ptr_cxx.dir/tu_stub_cxx.cpp.o
In file included from /home/parallels/soft/my/countof_ns/tests/unit/tu_stub.h:20,
                 from /home/parallels/soft/my/countof_ns/tests/unit/tu_stub_cxx.cpp:5:
/home/parallels/soft/my/countof_ns/tests/unit/neg_zla_ptr.h: In function ‘size_t TU_UNIT()’:
/home/parallels/soft/my/countof_ns/include/_comparisons/ms_countof.h:22:62: error: no matching function for call to ‘ms_countof_helper(int (*&amp;)[0])’
   22 |         #define ms_countof(_Array) (sizeof(*ms_countof_helper(_Array)) + 0)
      |                                             ~~~~~~~~~~~~~~~~~^~~~~~~~
&lt;command-line&gt;: note: in expansion of macro ‘ms_countof’
/home/parallels/soft/my/countof_ns/tests/unit/tu_stub.h:18:25: note: in expansion of macro ‘TU_COUNTOF_FUNC’
   18 | #define TU_COUNTOF(a)  (TU_COUNTOF_FUNC(a))
      |                         ^~~~~~~~~~~~~~~
/home/parallels/soft/my/countof_ns/tests/unit/neg_zla_pt...
[This part of the test output was removed since it exceeds the threshold of 1024 bytes.]
</system-out>
	</testcase>
	<testcase name="ms_countof-neg_zla_ptr_cxx_0_fail" classname="ms_countof-neg_zla_ptr_cxx_0_fail" time="0.0112048" status="notrun">
		<skipped message="SKIP_RETURN_CODE=42"/>
		<properties>
			<property name="cmake_labels" value="ms_countof"/>
		</properties>
		<system-out></system-out>
	</testcase>
	<testcase name="ms_countof-neg_zla_vla_ptr" classname="ms_countof-neg_zla_vla_ptr" time="0.276032" status="fail">
		<failure message="Failed"/>
		<properties>
			<property name="cmake_labels" value="ms_countof"/>
		</properties>
		<system-out>[  0%] Built target CounofNS
[  0%] Building C object tests/unit/CMakeFiles/ms_countof-neg_zla_vla_ptr.dir/tu_stub.c.o
[100%] Linking C executable ms_countof-neg_zla_vla_ptr
[100%] Built target ms_countof-neg_zla_vla_ptr
</system-out>
	</testcase>
	<testcase name="ms_countof-neg_zla_vla_ptr_0_fail" classname="ms_countof-neg_zla_vla_ptr_0_fail" time="0.0143314" status="fail">
		<failure message="Failed"/>
		<properties>
			<property name="cmake_labels" value="ms_countof"/>
		</properties>
		<system-out>/home/parallels/soft/my/countof_ns/build/Linux_gcc-11_g++-11/tests/unit/ms_countof-neg_zla_vla_ptr return not integer CMD_RESULT=Floating-point exception
</system-out>
	</testcase>
	<testcase name="short_example" classname="short_example" time="0.00182089" status="run">
		<properties/>
		<system-out>short_example: Ok (fail=0)
</system-out>
	</testcase>
	<testcase name="short_example_fail" classname="short_example_fail" time="0.171734" status="run">
		<properties/>
		<system-out>Internal cmake changing into directory: /home/parallels/soft/my/countof_ns/build/Linux_gcc-11_g++-11
Change Dir: '/home/parallels/soft/my/countof_ns/build/Linux_gcc-11_g++-11'

Run Build Command(s): /usr/bin/gmake -f Makefile short_example_fail
[  0%] Built target CounofNS
[100%] Building C object examples/CMakeFiles/short_example_fail.dir/short_example.c.o
In file included from /home/parallels/soft/my/countof_ns/examples/short_example.c:5:
/home/parallels/soft/my/countof_ns/examples/short_example.h: In function ‘short_example’:
/home/parallels/soft/my/countof_ns/examples/short_example.h:71:37: note: ‘#pragma message: Must error below @{’
   71 |                             #pragma message ("Must error below @{")
      |                                     ^~~~~~~
In file included from /home/parallels/soft/my/countof_ns/examples/short_example.h:24,
                 from /home/parallels/soft/my/countof_ns/examples/short_example.c:5:
/home/parallels/soft/my/countof_ns/include/countof_ns.h:92:61: error: ...
[This part of the test output was removed since it exceeds the threshold of 1024 bytes.]
</system-out>
	</testcase>
	<testcase name="short_example_cxx" classname="short_example_cxx" time="0.00180038" status="run">
		<properties/>
		<system-out>short_example: Ok (fail=0)
</system-out>
	</testcase>
	<testcase name="short_example_cxx_fail" classname="short_example_cxx_fail" time="0.164627" status="run">
		<properties/>
		<system-out>Internal cmake changing into directory: /home/parallels/soft/my/countof_ns/build/Linux_gcc-11_g++-11
Change Dir: '/home/parallels/soft/my/countof_ns/build/Linux_gcc-11_g++-11'

Run Build Command(s): /usr/bin/gmake -f Makefile short_example_cxx_fail
Built target CounofNS
Building CXX object examples/CMakeFiles/short_example_cxx_fail.dir/short_example_cxx.cpp.o
In file included from /home/parallels/soft/my/countof_ns/examples/short_example_cxx.cpp:5:
/home/parallels/soft/my/countof_ns/examples/short_example.h: In function ‘void short_example()’:
/home/parallels/soft/my/countof_ns/examples/short_example.h:71:67: note: ‘#pragma message: Must error below @{’
   71 |                             #pragma message ("Must error below @{")
      |                                                                   ^
/home/parallels/soft/my/countof_ns/examples/short_example.h:73:78: note: ‘#pragma message: }@ Must error above &amp; below @{’
   73 |                             #pragma message ("}@ Must error above &amp;...
[This part of the test output was removed since it exceeds the threshold of 1024 bytes.]
</system-out>
	</testcase>
	<testcase name="long_example" classname="long_example" time="0.00181734" status="run">
		<properties/>
		<system-out>short_example: Ok (fail=0)
HAVE_EMPTY_STRUCTURE
zla_example: Ok (fail=0)
cv_example: Ok
__GNUC__.__GNUC_MINOR__ 11.3 _COUNTOF_NS_VLA_UNSUPPORTED __STDC_VERSION__ 202000
</system-out>
	</testcase>
	<testcase name="long_example_fail" classname="long_example_fail" time="0.188473" status="run">
		<properties/>
		<system-out>Internal cmake changing into directory: /home/parallels/soft/my/countof_ns/build/Linux_gcc-11_g++-11
Change Dir: '/home/parallels/soft/my/countof_ns/build/Linux_gcc-11_g++-11'

Run Build Command(s): /usr/bin/gmake -f Makefile long_example_fail
Built target CounofNS
gmake[3]: Предупреждение: время изменения файла «examples/CMakeFiles/long_example_fail.dir/compiler_depend.make» находится в будущем (0,085)
Building C object examples/CMakeFiles/long_example_fail.dir/long_example.c.o
In file included from /home/parallels/soft/my/countof_ns/examples/long_example.h:67,
                 from /home/parallels/soft/my/countof_ns/examples/long_example.c:5:
/home/parallels/soft/my/countof_ns/examples/short_example.h: In function ‘short_example’:
/home/parallels/soft/my/countof_ns/examples/short_example.h:71:37: note: ‘#pragma message: Must error below @{’
   71 |                             #pragma message ("Must error below @{")
      |                          ...
[This part of the test output was removed since it exceeds the threshold of 1024 bytes.]
</system-out>
	</testcase>
	<testcase name="long_example_vla" classname="long_example_vla" time="0.00273781" status="run">
		<properties/>
		<system-out>short_example: Ok (fail=0)
HAVE_EMPTY_STRUCTURE
zla_example: Ok (fail=0)
vla_example: Ok (fail=0)
cv_example: Ok
__GNUC__.__GNUC_MINOR__ 11.3 __STDC_VERSION__ 202000
</system-out>
	</testcase>
	<testcase name="long_example_vla_fail" classname="long_example_vla_fail" time="0.174672" status="run">
		<properties/>
		<system-out>Internal cmake changing into directory: /home/parallels/soft/my/countof_ns/build/Linux_gcc-11_g++-11
Change Dir: '/home/parallels/soft/my/countof_ns/build/Linux_gcc-11_g++-11'

Run Build Command(s): /usr/bin/gmake -f Makefile long_example_vla_fail
Built target CounofNS
Building C object examples/CMakeFiles/long_example_vla_fail.dir/long_example.c.o
In file included from /home/parallels/soft/my/countof_ns/examples/long_example.h:67,
                 from /home/parallels/soft/my/countof_ns/examples/long_example.c:5:
/home/parallels/soft/my/countof_ns/examples/short_example.h: In function ‘short_example’:
/home/parallels/soft/my/countof_ns/examples/short_example.h:71:37: note: ‘#pragma message: Must error below @{’
   71 |                             #pragma message ("Must error below @{")
      |                                     ^~~~~~~
In file included from /home/parallels/soft/my/countof_ns/examples/long_example.h:66,
                 from /home/parallels/soft/my/countof_ns/examples/long_example.c:...
[This part of the test output was removed since it exceeds the threshold of 1024 bytes.]
</system-out>
	</testcase>
	<testcase name="long_example_cxx" classname="long_example_cxx" time="0.00158122" status="run">
		<properties/>
		<system-out>short_example: Ok (fail=0)
HAVE_EMPTY_INITIALIZER
zla_example: Ok (fail=0)
cv_example: Ok
std_size_example: Ok (fail=0)
__GNUC__.__GNUC_MINOR__ 11.3 __cpp_lib_nonmember_container_access 201411 __cplusplus 202100
</system-out>
	</testcase>
	<testcase name="long_example_cxx_fail" classname="long_example_cxx_fail" time="0.313638" status="run">
		<properties/>
		<system-out>Internal cmake changing into directory: /home/parallels/soft/my/countof_ns/build/Linux_gcc-11_g++-11
Change Dir: '/home/parallels/soft/my/countof_ns/build/Linux_gcc-11_g++-11'

Run Build Command(s): /usr/bin/gmake -f Makefile long_example_cxx_fail
[  0%] Built target CounofNS
[100%] Building CXX object examples/CMakeFiles/long_example_cxx_fail.dir/long_example_cxx.cpp.o
In file included from /home/parallels/soft/my/countof_ns/examples/long_example.h:67,
                 from /home/parallels/soft/my/countof_ns/examples/long_example_cxx.cpp:5:
/home/parallels/soft/my/countof_ns/examples/short_example.h: In function ‘void short_example()’:
/home/parallels/soft/my/countof_ns/examples/short_example.h:71:67: note: ‘#pragma message: Must error below @{’
   71 |                             #pragma message ("Must error below @{")
      |                                                                   ^
/home/parallels/soft/my/countof_ns/examples/short_example.h:73:78: note: ‘#pragma message: }@ Must error ...
[This part of the test output was removed since it exceeds the threshold of 1024 bytes.]
</system-out>
	</testcase>
	<testcase name="_check_logs_config" classname="_check_logs_config" time="0.0118573" status="run">
		<properties>
			<property name="cmake_labels" value="default"/>
		</properties>
		<system-out>CL_TAG='default'
    CMAKE_C_COMPILER_ID='GNU'
    CMAKE_C_COMPILER_VERSION='11.3.0'
    CMAKE_C_FLAGS='  -DHAVE_ZERO_LENGTH_ARRAYS=1 -DHAVE_CV_TYPEOF=1 -DHAVE_EMPTY_INITIALIZER=1 -DHAVE_EMPTY_STRUCTURE=1 -DHAVE_TYPEOF=1 -DHAVE___TYPEOF__=1 -DHAVE_VLA=1 -DERROR_ON_NEGATIVE_ARRAY_SIZE=1 -DERROR_ON_SIZEOF_POINTER_SUBTRACTION=1 -DERROR_ON_STRUCT_BIT_FIELD=1 -DERROR_ON_STRUCT_STATIC_ASSERT=1'
    TAC_WERROR=''
    CXX_ENABLED='TRUE'
    
</system-out>
	</testcase>
	<testcase name="post_check_Clang-21-verbose-cmp" classname="post_check_Clang-21-verbose-cmp" time="1.91453" status="run">
		<properties/>
		<system-out>Ok, skipped: 17 from 417 (Clang, verbose)
    Unexpected failure: 0/100, wanted: 0
    Unexpected fpe: 0/34, wanted: 0
    Unexpected divide_by_zero_warning: 0/24, wanted: 0
    Unexpected warning: 0/28, wanted: 0
</system-out>
	</testcase>
	<testcase name="post_check_Clang-cmp" classname="post_check_Clang-cmp" time="2.6723" status="run">
		<properties/>
		<system-out>Ok, skipped: 19 from 318 (Clang, default)
    Unexpected failure: 0/76, wanted: 0
    Unexpected fpe: 0/26, wanted: 0
    Unexpected divide_by_zero_warning: 0/33, wanted: 0
    Unexpected warning: 0/56, wanted: 0
</system-out>
	</testcase>
	<testcase name="post_check_Clang-debug" classname="post_check_Clang-debug" time="0.717172" status="run">
		<properties/>
		<system-out>Ok, skipped: 16 from 117 (Clang, debug)
    Unexpected failure: 0/17, wanted: 0
    Unexpected fpe: 0/0, wanted: 0
    Unexpected divide_by_zero_warning: 0/0, wanted: 0
    Unexpected warning: 0/0, wanted: 0
</system-out>
	</testcase>
	<testcase name="post_check_Clang-default" classname="post_check_Clang-default" time="0.709197" status="run">
		<properties/>
		<system-out>Ok, skipped: 0 from 91 (Clang, default)
    Unexpected failure: 0/17, wanted: 0
    Unexpected fpe: 0/0, wanted: 0
    Unexpected divide_by_zero_warning: 0/0, wanted: 0
    Unexpected warning: 0/0, wanted: 0
</system-out>
	</testcase>
	<testcase name="post_check_Clang-verbose-cmp" classname="post_check_Clang-verbose-cmp" time="1.94027" status="run">
		<properties/>
		<system-out>Ok, skipped: 17 from 316 (Clang, verbose)
    Unexpected failure: 0/76, wanted: 0
    Unexpected fpe: 0/26, wanted: 0
    Unexpected divide_by_zero_warning: 0/16, wanted: 0
    Unexpected warning: 0/30, wanted: 0
</system-out>
	</testcase>
	<testcase name="post_check_GNU-debug" classname="post_check_GNU-debug" time="0.604312" status="run">
		<properties/>
		<system-out>Ok, skipped: 21 from 122 (GNU, debug)
    Unexpected failure: 0/17, wanted: 0
    Unexpected fpe: 0/0, wanted: 0
    Unexpected divide_by_zero_warning: 0/0, wanted: 0
    Unexpected warning: 0/0, wanted: 0
</system-out>
	</testcase>
	<testcase name="post_check_GNU-default" classname="post_check_GNU-default" time="0.561203" status="run">
		<properties/>
		<system-out>Ok, skipped: 0 from 91 (GNU, default)
    Unexpected failure: 0/17, wanted: 0
    Unexpected fpe: 0/0, wanted: 0
    Unexpected divide_by_zero_warning: 0/0, wanted: 0
    Unexpected warning: 0/0, wanted: 0
</system-out>
	</testcase>
	<testcase name="post_check_GNU-verbose-cmp" classname="post_check_GNU-verbose-cmp" time="1.34578" status="run">
		<properties/>
		<system-out>Ok, skipped: 22 from 321 (GNU, verbose)
    Unexpected failure: 0/76, wanted: 0
    Unexpected fpe: 0/24, wanted: 0
    Unexpected divide_by_zero_warning: 0/34, wanted: 0
    Unexpected warning: 0/34, wanted: 0
</system-out>
	</testcase>
	<testcase name="post_check_IntelLLVM-cmp" classname="post_check_IntelLLVM-cmp" time="3.00529" status="run">
		<properties/>
		<system-out>Ok, skipped: 14 from 414 (IntelLLVM, default)
    Unexpected failure: 0/100, wanted: 0
    Unexpected fpe: 0/0, wanted: 0
    Unexpected divide_by_zero_warning: 0/49, wanted: 0
    Unexpected warning: 0/76, wanted: 0
</system-out>
	</testcase>
	<testcase name="post_check_IntelLLVM-debug" classname="post_check_IntelLLVM-debug" time="0.977998" status="run">
		<properties/>
		<system-out>Ok, skipped: 12 from 131 (IntelLLVM, debug)
    Unexpected failure: 0/22, wanted: 0
    Unexpected fpe: 0/0, wanted: 0
    Unexpected divide_by_zero_warning: 0/0, wanted: 0
    Unexpected warning: 0/0, wanted: 0
</system-out>
	</testcase>
	<testcase name="post_check_IntelLLVM-default" classname="post_check_IntelLLVM-default" time="0.929977" status="run">
		<properties/>
		<system-out>Ok, skipped: 0 from 109 (IntelLLVM, default)
    Unexpected failure: 0/22, wanted: 0
    Unexpected fpe: 0/0, wanted: 0
    Unexpected divide_by_zero_warning: 0/0, wanted: 0
    Unexpected warning: 0/0, wanted: 0
</system-out>
	</testcase>
	<testcase name="post_check_IntelLLVM-verbose" classname="post_check_IntelLLVM-verbose" time="1.94601" status="run">
		<properties/>
		<system-out>Ok, skipped: 13 from 413 (IntelLLVM, verbose)
    Unexpected failure: 0/100, wanted: 0
    Unexpected fpe: 0/0, wanted: 0
    Unexpected divide_by_zero_warning: 0/24, wanted: 0
    Unexpected warning: 0/28, wanted: 0
</system-out>
	</testcase>
	<testcase name="post_check_MSCV-cmp" classname="post_check_MSCV-cmp" time="0.617392" status="run">
		<properties/>
		<system-out>Ok, skipped: 0 from 86 (MSVC, default)
    Unexpected failure: 0/4, wanted: 0
    Unexpected fpe: 0/0, wanted: 0
    Unexpected divide_by_zero_warning: 0/0, wanted: 0
    Unexpected warning: 0/0, wanted: 0
</system-out>
	</testcase>
	<testcase name="post_check_MSCV-default" classname="post_check_MSCV-default" time="0.277534" status="run">
		<properties/>
		<system-out>Ok, skipped: 0 from 31 (MSVC, )
    Unexpected failure: 0/0, wanted: 0
    Unexpected fpe: 0/0, wanted: 0
    Unexpected divide_by_zero_warning: 0/0, wanted: 0
    Unexpected warning: 0/0, wanted: 0
</system-out>
	</testcase>
	<testcase name="post_check_MSCV-verbose" classname="post_check_MSCV-verbose" time="0.61423" status="run">
		<properties/>
		<system-out>Ok, skipped: 0 from 86 (MSVC, verbose)
    Unexpected failure: 0/4, wanted: 0
    Unexpected fpe: 0/0, wanted: 0
    Unexpected divide_by_zero_warning: 0/0, wanted: 0
    Unexpected warning: 0/0, wanted: 0
</system-out>
	</testcase>
	<testcase name="post_check_NVHPC-cmp" classname="post_check_NVHPC-cmp" time="0.48726" status="run">
		<properties/>
		<system-out>Ok, skipped: 7 from 178 (NVHPC, default)
    Unexpected failure: 0/38, wanted: 0
    Unexpected fpe: 0/0, wanted: 0
    Unexpected divide_by_zero_warning: 0/20, wanted: 0
    Unexpected warning: 0/29, wanted: 0
</system-out>
	</testcase>
	<testcase name="post_check_NVHPC-debug" classname="post_check_NVHPC-debug" time="0.128564" status="run">
		<properties/>
		<system-out>Ok, skipped: 5 from 50 (NVHPC, debug)
    Unexpected failure: 0/3, wanted: 0
    Unexpected fpe: 0/0, wanted: 0
    Unexpected divide_by_zero_warning: 0/0, wanted: 0
    Unexpected warning: 0/0, wanted: 0
</system-out>
	</testcase>
	<testcase name="post_check_NVHPC-default" classname="post_check_NVHPC-default" time="0.111106" status="run">
		<properties/>
		<system-out>Ok, skipped: 0 from 37 (NVHPC, default)
    Unexpected failure: 0/3, wanted: 0
    Unexpected fpe: 0/0, wanted: 0
    Unexpected divide_by_zero_warning: 0/0, wanted: 0
    Unexpected warning: 0/0, wanted: 0
</system-out>
	</testcase>
	<testcase name="post_check_NVHPC-verbose-cmp" classname="post_check_NVHPC-verbose-cmp" time="0.469061" status="run">
		<properties/>
		<system-out>Ok, skipped: 6 from 177 (NVHPC, verbose)
    Unexpected failure: 0/38, wanted: 0
    Unexpected fpe: 0/0, wanted: 0
    Unexpected divide_by_zero_warning: 0/18, wanted: 0
    Unexpected warning: 0/18, wanted: 0
</system-out>
	</testcase>
	<testcase name="post_check_SunPro-cmp" classname="post_check_SunPro-cmp" time="0.21904" status="run">
		<properties/>
		<system-out>Ok, skipped: 4 from 120 (SunPro, default)
    Unexpected failure: 0/28, wanted: 0
    Unexpected fpe: 0/4, wanted: 0
    Unexpected divide_by_zero_warning: 0/0, wanted: 0
    Unexpected warning: 0/9, wanted: 0
</system-out>
	</testcase>
	<testcase name="post_check_SunPro-debug" classname="post_check_SunPro-debug" time="0.139245" status="run">
		<properties/>
		<system-out>Ok, skipped: 4 from 62 (SunPro, debug)
    Unexpected failure: 0/12, wanted: 0
    Unexpected fpe: 0/0, wanted: 0
    Unexpected divide_by_zero_warning: 0/0, wanted: 0
    Unexpected warning: 0/5, wanted: 0
</system-out>
	</testcase>
	<testcase name="post_check_SunPro-default" classname="post_check_SunPro-default" time="0.114827" status="run">
		<properties/>
		<system-out>Ok, skipped: 0 from 48 (SunPro, default)
    Unexpected failure: 0/12, wanted: 0
    Unexpected fpe: 0/0, wanted: 0
    Unexpected divide_by_zero_warning: 0/0, wanted: 0
    Unexpected warning: 0/4, wanted: 0
</system-out>
	</testcase>
	<testcase name="post_check_SunPro-verbose-cmp" classname="post_check_SunPro-verbose-cmp" time="0.203182" status="run">
		<properties/>
		<system-out>Ok, skipped: 4 from 120 (SunPro, verbose)
    Unexpected failure: 0/28, wanted: 0
    Unexpected fpe: 0/4, wanted: 0
    Unexpected divide_by_zero_warning: 0/0, wanted: 0
    Unexpected warning: 0/7, wanted: 0
</system-out>
	</testcase>
</testsuite>
