<?xml version="1.0" encoding="UTF-8"?>
<testsuite name="(empty)"
	tests="91"
	failures="17"
	disabled="0"
	skipped="21"
	hostname=""
	time="8"
	timestamp="2025-12-01T17:32:17"
	>
	<testcase name="check_vla_struct_n0" classname="check_vla_struct_n0" time="0.19458" status="run">
		<properties>
			<property name="cmake_labels" value="countof_ns;default"/>
		</properties>
		<system-out>Internal cmake changing into directory: /home/parallels/soft/my/countof_ns/build/Linux_gcc-11_g++-11
Change Dir: '/home/parallels/soft/my/countof_ns/build/Linux_gcc-11_g++-11'

Run Build Command(s): /usr/bin/gmake -f Makefile check_vla_struct_n0
[  0%] Built target CounofNS
[100%] Built target check_vla_struct_n0

Running test command: "/home/parallels/soft/my/countof_ns/build/Linux_gcc-11_g++-11/tests/unit/check_vla_struct_n0"
Ok 0 TU_ASSERT_AND_RETURN((0)=0, ...) /home/parallels/soft/my/countof_ns/tests/unit/check_vla_struct_n0.h:check_vla_struct_n0.h:TU_UNIT for countof_ns.h:countof_ns(), C 202000L

</system-out>
	</testcase>
	<testcase name="check_vla_struct_n0_c11" classname="check_vla_struct_n0_c11" time="0.163281" status="run">
		<properties>
			<property name="cmake_labels" value="countof_ns;default"/>
		</properties>
		<system-out>Internal cmake changing into directory: /home/parallels/soft/my/countof_ns/build/Linux_gcc-11_g++-11
Change Dir: '/home/parallels/soft/my/countof_ns/build/Linux_gcc-11_g++-11'

Run Build Command(s): /usr/bin/gmake -f Makefile check_vla_struct_n0_c11
[  0%] Built target CounofNS
[100%] Built target check_vla_struct_n0_c11

Running test command: "/home/parallels/soft/my/countof_ns/build/Linux_gcc-11_g++-11/tests/unit/check_vla_struct_n0_c11"
Ok 0 TU_ASSERT_AND_RETURN((0)=0, ...) /home/parallels/soft/my/countof_ns/tests/unit/check_vla_struct_n0.h:check_vla_struct_n0.h:TU_UNIT for countof_ns.h:countof_ns() with C11&amp;VLA, C 202000L

</system-out>
	</testcase>
	<testcase name="check_vla_zla_n0" classname="check_vla_zla_n0" time="0.175335" status="run">
		<properties>
			<property name="cmake_labels" value="countof_ns;default"/>
		</properties>
		<system-out>Internal cmake changing into directory: /home/parallels/soft/my/countof_ns/build/Linux_gcc-11_g++-11
Change Dir: '/home/parallels/soft/my/countof_ns/build/Linux_gcc-11_g++-11'

Run Build Command(s): /usr/bin/gmake -f Makefile check_vla_zla_n0
[  0%] Built target CounofNS
[100%] Built target check_vla_zla_n0

Running test command: "/home/parallels/soft/my/countof_ns/build/Linux_gcc-11_g++-11/tests/unit/check_vla_zla_n0"
Ok 0 TU_ASSERT_AND_RETURN((0)=0, ...) /home/parallels/soft/my/countof_ns/tests/unit/check_vla_zla_n0.h:check_vla_zla_n0.h:TU_UNIT for countof_ns.h:countof_ns(), C 202000L

</system-out>
	</testcase>
	<testcase name="check_vla_zla_n0_c11" classname="check_vla_zla_n0_c11" time="0.168573" status="run">
		<properties>
			<property name="cmake_labels" value="countof_ns;default"/>
		</properties>
		<system-out>Internal cmake changing into directory: /home/parallels/soft/my/countof_ns/build/Linux_gcc-11_g++-11
Change Dir: '/home/parallels/soft/my/countof_ns/build/Linux_gcc-11_g++-11'

Run Build Command(s): /usr/bin/gmake -f Makefile check_vla_zla_n0_c11
[  0%] Built target CounofNS
[100%] Built target check_vla_zla_n0_c11

Running test command: "/home/parallels/soft/my/countof_ns/build/Linux_gcc-11_g++-11/tests/unit/check_vla_zla_n0_c11"
Ok 0 TU_ASSERT_AND_RETURN((0)=0, ...) /home/parallels/soft/my/countof_ns/tests/unit/check_vla_zla_n0.h:check_vla_zla_n0.h:TU_UNIT for countof_ns.h:countof_ns() with C11&amp;VLA, C 202000L

</system-out>
	</testcase>
	<testcase name="pos__selftest" classname="pos__selftest" time="0.00180467" status="run">
		<properties>
			<property name="cmake_labels" value="countof_ns;default"/>
		</properties>
		<system-out>Ok 1 TU_STATIC_ASSERT_AND_RETURN((1)=1, ...) /home/parallels/soft/my/countof_ns/tests/unit/pos__selftest.h:pos__selftest.h:TU_UNIT for countof_ns.h:countof_ns(), C 202000L
</system-out>
	</testcase>
	<testcase name="pos__selftest_c11" classname="pos__selftest_c11" time="0.00165369" status="run">
		<properties>
			<property name="cmake_labels" value="countof_ns;default"/>
		</properties>
		<system-out>Ok 1 TU_STATIC_ASSERT_AND_RETURN((1)=1, ...) /home/parallels/soft/my/countof_ns/tests/unit/pos__selftest.h:pos__selftest.h:TU_UNIT for countof_ns.h:countof_ns() with C11&amp;VLA, C 202000L
</system-out>
	</testcase>
	<testcase name="pos__selftest_cxx" classname="pos__selftest_cxx" time="0.00234518" status="run">
		<properties>
			<property name="cmake_labels" value="countof_ns;default"/>
		</properties>
		<system-out>Ok 1 TU_STATIC_ASSERT_AND_RETURN((1)=1, ...) /home/parallels/soft/my/countof_ns/tests/unit/pos__selftest.h:pos__selftest.h:TU_UNIT for countof_ns.h:countof_ns(), C++ 202100L
</system-out>
	</testcase>
	<testcase name="pos_array" classname="pos_array" time="0.00145914" status="run">
		<properties>
			<property name="cmake_labels" value="countof_ns;default"/>
		</properties>
		<system-out>Ok 1 TU_STATIC_ASSERT_AND_RETURN((1)=1, ...) /home/parallels/soft/my/countof_ns/tests/unit/pos_array.h:pos_array.h:TU_UNIT for countof_ns.h:countof_ns(), C 202000L
</system-out>
	</testcase>
	<testcase name="pos_array_c11" classname="pos_array_c11" time="0.00162538" status="run">
		<properties>
			<property name="cmake_labels" value="countof_ns;default"/>
		</properties>
		<system-out>Ok 1 TU_STATIC_ASSERT_AND_RETURN((1)=1, ...) /home/parallels/soft/my/countof_ns/tests/unit/pos_array.h:pos_array.h:TU_UNIT for countof_ns.h:countof_ns() with C11&amp;VLA, C 202000L
</system-out>
	</testcase>
	<testcase name="pos_array_cxx" classname="pos_array_cxx" time="0.00164034" status="run">
		<properties>
			<property name="cmake_labels" value="countof_ns;default"/>
		</properties>
		<system-out>Ok 1 TU_STATIC_ASSERT_AND_RETURN((1)=1, ...) /home/parallels/soft/my/countof_ns/tests/unit/pos_array.h:pos_array.h:TU_UNIT for countof_ns.h:countof_ns(), C++ 202100L
</system-out>
	</testcase>
	<testcase name="pos_cv_array" classname="pos_cv_array" time="0.00174028" status="run">
		<properties>
			<property name="cmake_labels" value="countof_ns;default"/>
		</properties>
		<system-out>Ok 1 TU_STATIC_ASSERT_AND_RETURN((1)=1, ...) /home/parallels/soft/my/countof_ns/tests/unit/pos_cv_array.h:pos_cv_array.h:TU_UNIT for countof_ns.h:countof_ns(), C 202000L
</system-out>
	</testcase>
	<testcase name="pos_cv_array_c11" classname="pos_cv_array_c11" time="0.00159706" status="run">
		<properties>
			<property name="cmake_labels" value="countof_ns;default"/>
		</properties>
		<system-out>Ok 1 TU_STATIC_ASSERT_AND_RETURN((1)=1, ...) /home/parallels/soft/my/countof_ns/tests/unit/pos_cv_array.h:pos_cv_array.h:TU_UNIT for countof_ns.h:countof_ns() with C11&amp;VLA, C 202000L
</system-out>
	</testcase>
	<testcase name="pos_cv_array_cxx" classname="pos_cv_array_cxx" time="0.00190797" status="run">
		<properties>
			<property name="cmake_labels" value="countof_ns;default"/>
		</properties>
		<system-out>Ok 1 TU_STATIC_ASSERT_AND_RETURN((1)=1, ...) /home/parallels/soft/my/countof_ns/tests/unit/pos_cv_array.h:pos_cv_array.h:TU_UNIT for countof_ns.h:countof_ns(), C++ 202100L
</system-out>
	</testcase>
	<testcase name="pos_struct_n0" classname="pos_struct_n0" time="0.177843" status="fail">
		<failure message="Failed"/>
		<properties>
			<property name="cmake_labels" value="countof_ns;default"/>
		</properties>
		<system-out>Internal cmake changing into directory: /home/parallels/soft/my/countof_ns/build/Linux_gcc-11_g++-11
Change Dir: '/home/parallels/soft/my/countof_ns/build/Linux_gcc-11_g++-11'

Run Build Command(s): /usr/bin/gmake -f Makefile pos_struct_n0
[  0%] Built target CounofNS
[100%] Building C object tests/unit/CMakeFiles/pos_struct_n0.dir/tu_stub.c.o
In file included from /home/parallels/soft/my/countof_ns/tests/unit/tu_stub.c:5:
/home/parallels/soft/my/countof_ns/tests/unit/pos_struct_n0.h: In function ‘TU_UNIT’:
/home/parallels/soft/my/countof_ns/include/countof_ns.h:90:61: error: size of unnamed array is negative
   90 |         #define _countof_ns_must_be(a) ((size_t)!sizeof(char[_Generic(&amp;(a), \
      |                                                             ^
/home/parallels/soft/my/countof_ns/tests/unit/tu_stub.h:48:50: note: in definition of macro ‘tu_static_assert’
   48 |     #define tu_static_assert(e)  _Static_assert((e), #e)
      |                                                  ^
/home/parallels/soft/my/countof_ns/tests/unit/pos_struct_n0.h:4:5: note: in expansion of macro ‘TU_STATIC_ASSERT_AND_RETURN’
    4 |     TU_STATIC_ASSERT_AND_RETURN(1, TU_COUNTOF(a));
      |     ^~~~~~~~~~~~~~~~~~~~~~~~~~~
/home/parallels/soft/my/countof_ns/include/countof_ns.h:98:53: note: in expansion of macro ‘_countof_ns_must_be’
   98 |     #define countof_ns(a)  (_countof_ns_unsafe(a) + _countof_ns_must_be(a))
      |                                                     ^~~~~~~~~~~~~~~~~~~
&lt;command-line&gt;: note: in expansion of macro ‘countof_ns’
/home/parallels/soft/my/countof_ns/tests/unit/tu_stub.h:18:25: note: in expansion of macro ‘TU_COUNTOF_FUNC’
   18 | #define TU_COUNTOF(a)  (TU_COUNTOF_FUNC(a))
      |                         ^~~~~~~~~~~~~~~
/home/parallels/soft/my/countof_ns/tests/unit/pos_struct_n0.h:4:36: note: in expansion of macro ‘TU_COUNTOF’
    4 |     TU_STATIC_ASSERT_AND_RETURN(1, TU_COUNTOF(a));
      |                                    ^~~~~~~~~~
/home/parallels/soft/my/countof_ns/tests/unit/tu_stub.h:48:34: error: static assertion failed: "(1) == ((((!sizeof(*(a)) ? 0 : sizeof(a)/( sizeof(*(a)) ? sizeof(*(a)) : (size_t)-1 )) + ((size_t)!sizeof(char[_Generic(&amp;(a), __typeof__(*(a)) (*)[(!sizeof(*(a)) ? 0 : sizeof(a)/( sizeof(*(a)) ? sizeof(*(a)) : (size_t)-1 ))]: 1, default: -1)])))))"
   48 |     #define tu_static_assert(e)  _Static_assert((e), #e)
      |                                  ^~~~~~~~~~~~~~
/home/parallels/soft/my/countof_ns/tests/unit/tu_stub.h:100:13: note: in expansion of macro ‘tu_static_assert’
  100 |             tu_static_assert((desired) == (computed)); \
      |             ^~~~~~~~~~~~~~~~
/home/parallels/soft/my/countof_ns/tests/unit/pos_struct_n0.h:4:5: note: in expansion of macro ‘TU_STATIC_ASSERT_AND_RETURN’
    4 |     TU_STATIC_ASSERT_AND_RETURN(1, TU_COUNTOF(a));
      |     ^~~~~~~~~~~~~~~~~~~~~~~~~~~
/home/parallels/soft/my/countof_ns/include/countof_ns.h:90:61: error: size of unnamed array is negative
   90 |         #define _countof_ns_must_be(a) ((size_t)!sizeof(char[_Generic(&amp;(a), \
      |                                                             ^
/home/parallels/soft/my/countof_ns/tests/unit/tu_stub.h:84:31: note: in definition of macro ‘_TU_ASSERT_AND_RETURN’
   84 |             if ((desired) == (computed)) { \
      |                               ^~~~~~~~
/home/parallels/soft/my/countof_ns/tests/unit/pos_struct_n0.h:4:5: note: in expansion of macro ‘TU_STATIC_ASSERT_AND_RETURN’
    4 |     TU_STATIC_ASSERT_AND_RETURN(1, TU_COUNTOF(a));
      |     ^~~~~~~~~~~~~~~~~~~~~~~~~~~
/home/parallels/soft/my/countof_ns/include/countof_ns.h:98:53: note: in expansion of macro ‘_countof_ns_must_be’
   98 |     #define countof_ns(a)  (_countof_ns_unsafe(a) + _countof_ns_must_be(a))
      |                                                     ^~~~~~~~~~~~~~~~~~~
&lt;command-line&gt;: note: in expansion of macro ‘countof_ns’
/home/parallels/soft/my/countof_ns/tests/unit/tu_stub.h:18:25: note: in expansion of macro ‘TU_COUNTOF_FUNC’
   18 | #define TU_COUNTOF(a)  (TU_COUNTOF_FUNC(a))
      |                         ^~~~~~~~~~~~~~~
/home/parallels/soft/my/countof_ns/tests/unit/pos_struct_n0.h:4:36: note: in expansion of macro ‘TU_COUNTOF’
    4 |     TU_STATIC_ASSERT_AND_RETURN(1, TU_COUNTOF(a));
      |                                    ^~~~~~~~~~
/home/parallels/soft/my/countof_ns/include/countof_ns.h:90:61: error: size of unnamed array is negative
   90 |         #define _countof_ns_must_be(a) ((size_t)!sizeof(char[_Generic(&amp;(a), \
      |                                                             ^
/home/parallels/soft/my/countof_ns/tests/unit/tu_stub.h:88:25: note: in definition of macro ‘_TU_ASSERT_AND_RETURN’
   88 |                        (computed), (method), (#desired), (size_t)(desired)); \
      |                         ^~~~~~~~
/home/parallels/soft/my/countof_ns/tests/unit/pos_struct_n0.h:4:5: note: in expansion of macro ‘TU_STATIC_ASSERT_AND_RETURN’
    4 |     TU_STATIC_ASSERT_AND_RETURN(1, TU_COUNTOF(a));
      |     ^~~~~~~~~~~~~~~~~~~~~~~~~~~
/home/parallels/soft/my/countof_ns/include/countof_ns.h:98:53: note: in expansion of macro ‘_countof_ns_must_be’
   98 |     #define countof_ns(a)  (_countof_ns_unsafe(a) + _countof_ns_must_be(a))
      |                                                     ^~~~~~~~~~~~~~~~~~~
&lt;command-line&gt;: note: in expansion of macro ‘countof_ns’
/home/parallels/soft/my/countof_ns/tests/unit/tu_stub.h:18:25: note: in expansion of macro ‘TU_COUNTOF_FUNC’
   18 | #define TU_COUNTOF(a)  (TU_COUNTOF_FUNC(a))
      |                         ^~~~~~~~~~~~~~~
/home/parallels/soft/my/countof_ns/tests/unit/pos_struct_n0.h:4:36: note: in expansion of macro ‘TU_COUNTOF’
    4 |     TU_STATIC_ASSERT_AND_RETURN(1, TU_COUNTOF(a));
      |                                    ^~~~~~~~~~
/home/parallels/soft/my/countof_ns/include/countof_ns.h:90:61: error: size of unnamed array is negative
   90 |         #define _countof_ns_must_be(a) ((size_t)!sizeof(char[_Generic(&amp;(a), \
      |                                                             ^
/home/parallels/soft/my/countof_ns/tests/unit/tu_stub.h:69:35: note: in definition of macro ‘TU_FAIL’
   69 |             if(_TU_TODO_MAGIC != (computed)) { \
      |                                   ^~~~~~~~
/home/parallels/soft/my/countof_ns/tests/unit/tu_stub.h:101:13: note: in expansion of macro ‘_TU_ASSERT_AND_RETURN’
  101 |             _TU_ASSERT_AND_RETURN("TU_STATIC_ASSERT_AND_RETURN", \
      |             ^~~~~~~~~~~~~~~~~~~~~
/home/parallels/soft/my/countof_ns/tests/unit/pos_struct_n0.h:4:5: note: in expansion of macro ‘TU_STATIC_ASSERT_AND_RETURN’
    4 |     TU_STATIC_ASSERT_AND_RETURN(1, TU_COUNTOF(a));
      |     ^~~~~~~~~~~~~~~~~~~~~~~~~~~
/home/parallels/soft/my/countof_ns/include/countof_ns.h:98:53: note: in expansion of macro ‘_countof_ns_must_be’
   98 |     #define countof_ns(a)  (_countof_ns_unsafe(a) + _countof_ns_must_be(a))
      |                                                     ^~~~~~~~~~~~~~~~~~~
&lt;command-line&gt;: note: in expansion of macro ‘countof_ns’
/home/parallels/soft/my/countof_ns/tests/unit/tu_stub.h:18:25: note: in expansion of macro ‘TU_COUNTOF_FUNC’
   18 | #define TU_COUNTOF(a)  (TU_COUNTOF_FUNC(a))
      |                         ^~~~~~~~~~~~~~~
/home/parallels/soft/my/countof_ns/tests/unit/pos_struct_n0.h:4:36: note: in expansion of macro ‘TU_COUNTOF’
    4 |     TU_STATIC_ASSERT_AND_RETURN(1, TU_COUNTOF(a));
      |                                    ^~~~~~~~~~
/home/parallels/soft/my/countof_ns/include/countof_ns.h:90:61: error: size of unnamed array is negative
   90 |         #define _countof_ns_must_be(a) ((size_t)!sizeof(char[_Generic(&amp;(a), \
      |                                                             ^
/home/parallels/soft/my/countof_ns/tests/unit/tu_stub.h:71:25: note: in definition of macro ‘TU_FAIL’
   71 |                        (computed), (size_t)(desired), (method), (#desired)); \
      |                         ^~~~~~~~
/home/parallels/soft/my/countof_ns/tests/unit/tu_stub.h:101:13: note: in expansion of macro ‘_TU_ASSERT_AND_RETURN’
  101 |             _TU_ASSERT_AND_RETURN("TU_STATIC_ASSERT_AND_RETURN", \
      |             ^~~~~~~~~~~~~~~~~~~~~
/home/parallels/soft/my/countof_ns/tests/unit/pos_struct_n0.h:4:5: note: in expansion of macro ‘TU_STATIC_ASSERT_AND_RETURN’
    4 |     TU_STATIC_ASSERT_AND_RETURN(1, TU_COUNTOF(a));
      |     ^~~~~~~~~~~~~~~~~~~~~~~~~~~
/home/parallels/soft/my/countof_ns/include/countof_ns.h:98:53: note: in expansion of macro ‘_countof_ns_must_be’
   98 |     #define countof_ns(a)  (_countof_ns_unsafe(a) + _countof_ns_must_be(a))
      |                                                     ^~~~~~~~~~~~~~~~~~~
&lt;command-line&gt;: note: in expansion of macro ‘countof_ns’
/home/parallels/soft/my/countof_ns/tests/unit/tu_stub.h:18:25: note: in expansion of macro ‘TU_COUNTOF_FUNC’
   18 | #define TU_COUNTOF(a)  (TU_COUNTOF_FUNC(a))
      |                         ^~~~~~~~~~~~~~~
/home/parallels/soft/my/countof_ns/tests/unit/pos_struct_n0.h:4:36: note: in expansion of macro ‘TU_COUNTOF’
    4 |     TU_STATIC_ASSERT_AND_RETURN(1, TU_COUNTOF(a));
      |                                    ^~~~~~~~~~
/home/parallels/soft/my/countof_ns/include/countof_ns.h:90:61: error: size of unnamed array is negative
   90 |         #define _countof_ns_must_be(a) ((size_t)!sizeof(char[_Generic(&amp;(a), \
      |                                                             ^
/home/parallels/soft/my/countof_ns/tests/unit/tu_stub.h:73:27: note: in definition of macro ‘TU_FAIL’
   73 |                 if (0 == (computed)) { \
      |                           ^~~~~~~~
/home/parallels/soft/my/countof_ns/tests/unit/tu_stub.h:101:13: note: in expansion of macro ‘_TU_ASSERT_AND_RETURN’
  101 |             _TU_ASSERT_AND_RETURN("TU_STATIC_ASSERT_AND_RETURN", \
      |             ^~~~~~~~~~~~~~~~~~~~~
/home/parallels/soft/my/countof_ns/tests/unit/pos_struct_n0.h:4:5: note: in expansion of macro ‘TU_STATIC_ASSERT_AND_RETURN’
    4 |     TU_STATIC_ASSERT_AND_RETURN(1, TU_COUNTOF(a));
      |     ^~~~~~~~~~~~~~~~~~~~~~~~~~~
/home/parallels/soft/my/countof_ns/include/countof_ns.h:98:53: note: in expansion of macro ‘_countof_ns_must_be’
   98 |     #define countof_ns(a)  (_countof_ns_unsafe(a) + _countof_ns_must_be(a))
      |                                                     ^~~~~~~~~~~~~~~~~~~
&lt;command-line&gt;: note: in expansion of macro ‘countof_ns’
/home/parallels/soft/my/countof_ns/tests/unit/tu_stub.h:18:25: note: in expansion of macro ‘TU_COUNTOF_FUNC’
   18 | #define TU_COUNTOF(a)  (TU_COUNTOF_FUNC(a))
      |                         ^~~~~~~~~~~~~~~
/home/parallels/soft/my/countof_ns/tests/unit/pos_struct_n0.h:4:36: note: in expansion of macro ‘TU_COUNTOF’
    4 |     TU_STATIC_ASSERT_AND_RETURN(1, TU_COUNTOF(a));
      |                                    ^~~~~~~~~~
/home/parallels/soft/my/countof_ns/include/countof_ns.h:90:61: error: size of unnamed array is negative
   90 |         #define _countof_ns_must_be(a) ((size_t)!sizeof(char[_Generic(&amp;(a), \
      |                                                             ^
/home/parallels/soft/my/countof_ns/tests/unit/tu_stub.h:75:40: note: in definition of macro ‘TU_FAIL’
   75 |                 } else if ((long long)(computed) &lt;= (long long)(desired)) { \
      |                                        ^~~~~~~~
/home/parallels/soft/my/countof_ns/tests/unit/tu_stub.h:101:13: note: in expansion of macro ‘_TU_ASSERT_AND_RETURN’
  101 |             _TU_ASSERT_AND_RETURN("TU_STATIC_ASSERT_AND_RETURN", \
      |             ^~~~~~~~~~~~~~~~~~~~~
/home/parallels/soft/my/countof_ns/tests/unit/pos_struct_n0.h:4:5: note: in expansion of macro ‘TU_STATIC_ASSERT_AND_RETURN’
    4 |     TU_STATIC_ASSERT_AND_RETURN(1, TU_COUNTOF(a));
      |     ^~~~~~~~~~~~~~~~~~~~~~~~~~~
/home/parallels/soft/my/countof_ns/include/countof_ns.h:98:53: note: in expansion of macro ‘_countof_ns_must_be’
   98 |     #define countof_ns(a)  (_countof_ns_unsafe(a) + _countof_ns_must_be(a))
      |                                                     ^~~~~~~~~~~~~~~~~~~
&lt;command-line&gt;: note: in expansion of macro ‘countof_ns’
/home/parallels/soft/my/countof_ns/tests/unit/tu_stub.h:18:25: note: in expansion of macro ‘TU_COUNTOF_FUNC’
   18 | #define TU_COUNTOF(a)  (TU_COUNTOF_FUNC(a))
      |                         ^~~~~~~~~~~~~~~
/home/parallels/soft/my/countof_ns/tests/unit/pos_struct_n0.h:4:36: note: in expansion of macro ‘TU_COUNTOF’
    4 |     TU_STATIC_ASSERT_AND_RETURN(1, TU_COUNTOF(a));
      |                                    ^~~~~~~~~~
gmake[3]: *** [tests/unit/CMakeFiles/pos_struct_n0.dir/build.make:79: tests/unit/CMakeFiles/pos_struct_n0.dir/tu_stub.c.o] Ошибка 1
gmake[2]: *** [CMakeFiles/Makefile2:1102: tests/unit/CMakeFiles/pos_struct_n0.dir/all] Ошибка 2
gmake[1]: *** [CMakeFiles/Makefile2:1109: tests/unit/CMakeFiles/pos_struct_n0.dir/rule] Ошибка 2
gmake: *** [Makefile:446: pos_struct_n0] Ошибка 2

</system-out>
	</testcase>
	<testcase name="pos_struct_n0_c11" classname="pos_struct_n0_c11" time="0.185396" status="fail">
		<failure message="Failed"/>
		<properties>
			<property name="cmake_labels" value="countof_ns;default"/>
		</properties>
		<system-out>Internal cmake changing into directory: /home/parallels/soft/my/countof_ns/build/Linux_gcc-11_g++-11
Change Dir: '/home/parallels/soft/my/countof_ns/build/Linux_gcc-11_g++-11'

Run Build Command(s): /usr/bin/gmake -f Makefile pos_struct_n0_c11
[  0%] Built target CounofNS
[ 50%] Building C object tests/unit/CMakeFiles/pos_struct_n0_c11.dir/tu_stub.c.o
In file included from /home/parallels/soft/my/countof_ns/tests/unit/tu_stub.c:5:
/home/parallels/soft/my/countof_ns/tests/unit/pos_struct_n0.h: In function ‘TU_UNIT’:
/home/parallels/soft/my/countof_ns/include/countof_ns.h:95:52: error: invalid operands to binary - (have ‘struct &lt;anonymous&gt; (**)[1]’ and ‘struct &lt;anonymous&gt; (**)[0]’)
   95 |                     (_countof_ns_typeof(a) **)&amp;(a) - \
      |                     ~~~~~~~~~~~~~~~~~~~~~~~~~~~~~~ ^
      |                     |
      |                     struct &lt;anonymous&gt; (**)[1]
   96 |                     (_countof_ns_typeof(*(a))(**)[_countof_ns_unsafe(a)])&amp;(a)))
      |                     ~~~~~~~~~~~~~~~~~~~~~~~~~~~~~~~~~~~~~~~~~~~~~~~~~~~~~~~~~
      |                     |
      |                     struct &lt;anonymous&gt; (**)[0]
/home/parallels/soft/my/countof_ns/tests/unit/tu_stub.h:48:50: note: in definition of macro ‘tu_static_assert’
   48 |     #define tu_static_assert(e)  _Static_assert((e), #e)
      |                                                  ^
/home/parallels/soft/my/countof_ns/tests/unit/pos_struct_n0.h:4:5: note: in expansion of macro ‘TU_STATIC_ASSERT_AND_RETURN’
    4 |     TU_STATIC_ASSERT_AND_RETURN(1, TU_COUNTOF(a));
      |     ^~~~~~~~~~~~~~~~~~~~~~~~~~~
/home/parallels/soft/my/countof_ns/include/countof_ns.h:98:53: note: in expansion of macro ‘_countof_ns_must_be’
   98 |     #define countof_ns(a)  (_countof_ns_unsafe(a) + _countof_ns_must_be(a))
      |                                                     ^~~~~~~~~~~~~~~~~~~
&lt;command-line&gt;: note: in expansion of macro ‘countof_ns’
/home/parallels/soft/my/countof_ns/tests/unit/tu_stub.h:18:25: note: in expansion of macro ‘TU_COUNTOF_FUNC’
   18 | #define TU_COUNTOF(a)  (TU_COUNTOF_FUNC(a))
      |                         ^~~~~~~~~~~~~~~
/home/parallels/soft/my/countof_ns/tests/unit/pos_struct_n0.h:4:36: note: in expansion of macro ‘TU_COUNTOF’
    4 |     TU_STATIC_ASSERT_AND_RETURN(1, TU_COUNTOF(a));
      |                                    ^~~~~~~~~~
/home/parallels/soft/my/countof_ns/tests/unit/tu_stub.h:48:49: error: expression in static assertion is not an integer
   48 |     #define tu_static_assert(e)  _Static_assert((e), #e)
      |                                                 ^
/home/parallels/soft/my/countof_ns/tests/unit/tu_stub.h:100:13: note: in expansion of macro ‘tu_static_assert’
  100 |             tu_static_assert((desired) == (computed)); \
      |             ^~~~~~~~~~~~~~~~
/home/parallels/soft/my/countof_ns/tests/unit/pos_struct_n0.h:4:5: note: in expansion of macro ‘TU_STATIC_ASSERT_AND_RETURN’
    4 |     TU_STATIC_ASSERT_AND_RETURN(1, TU_COUNTOF(a));
      |     ^~~~~~~~~~~~~~~~~~~~~~~~~~~
/home/parallels/soft/my/countof_ns/include/countof_ns.h:95:52: error: invalid operands to binary - (have ‘struct &lt;anonymous&gt; (**)[1]’ and ‘struct &lt;anonymous&gt; (**)[0]’)
   95 |                     (_countof_ns_typeof(a) **)&amp;(a) - \
      |                     ~~~~~~~~~~~~~~~~~~~~~~~~~~~~~~ ^
      |                     |
      |                     struct &lt;anonymous&gt; (**)[1]
   96 |                     (_countof_ns_typeof(*(a))(**)[_countof_ns_unsafe(a)])&amp;(a)))
      |                     ~~~~~~~~~~~~~~~~~~~~~~~~~~~~~~~~~~~~~~~~~~~~~~~~~~~~~~~~~
      |                     |
      |                     struct &lt;anonymous&gt; (**)[0]
/home/parallels/soft/my/countof_ns/tests/unit/tu_stub.h:84:31: note: in definition of macro ‘_TU_ASSERT_AND_RETURN’
   84 |             if ((desired) == (computed)) { \
      |                               ^~~~~~~~
/home/parallels/soft/my/countof_ns/tests/unit/pos_struct_n0.h:4:5: note: in expansion of macro ‘TU_STATIC_ASSERT_AND_RETURN’
    4 |     TU_STATIC_ASSERT_AND_RETURN(1, TU_COUNTOF(a));
      |     ^~~~~~~~~~~~~~~~~~~~~~~~~~~
/home/parallels/soft/my/countof_ns/include/countof_ns.h:98:53: note: in expansion of macro ‘_countof_ns_must_be’
   98 |     #define countof_ns(a)  (_countof_ns_unsafe(a) + _countof_ns_must_be(a))
      |                                                     ^~~~~~~~~~~~~~~~~~~
&lt;command-line&gt;: note: in expansion of macro ‘countof_ns’
/home/parallels/soft/my/countof_ns/tests/unit/tu_stub.h:18:25: note: in expansion of macro ‘TU_COUNTOF_FUNC’
   18 | #define TU_COUNTOF(a)  (TU_COUNTOF_FUNC(a))
      |                         ^~~~~~~~~~~~~~~
/home/parallels/soft/my/countof_ns/tests/unit/pos_struct_n0.h:4:36: note: in expansion of macro ‘TU_COUNTOF’
    4 |     TU_STATIC_ASSERT_AND_RETURN(1, TU_COUNTOF(a));
      |                                    ^~~~~~~~~~
/home/parallels/soft/my/countof_ns/include/countof_ns.h:95:52: error: invalid operands to binary - (have ‘struct &lt;anonymous&gt; (**)[1]’ and ‘struct &lt;anonymous&gt; (**)[0]’)
   95 |                     (_countof_ns_typeof(a) **)&amp;(a) - \
      |                     ~~~~~~~~~~~~~~~~~~~~~~~~~~~~~~ ^
      |                     |
      |                     struct &lt;anonymous&gt; (**)[1]
   96 |                     (_countof_ns_typeof(*(a))(**)[_countof_ns_unsafe(a)])&amp;(a)))
      |                     ~~~~~~~~~~~~~~~~~~~~~~~~~~~~~~~~~~~~~~~~~~~~~~~~~~~~~~~~~
      |                     |
      |                     struct &lt;anonymous&gt; (**)[0]
/home/parallels/soft/my/countof_ns/tests/unit/tu_stub.h:88:25: note: in definition of macro ‘_TU_ASSERT_AND_RETURN’
   88 |                        (computed), (method), (#desired), (size_t)(desired)); \
      |                         ^~~~~~~~
/home/parallels/soft/my/countof_ns/tests/unit/pos_struct_n0.h:4:5: note: in expansion of macro ‘TU_STATIC_ASSERT_AND_RETURN’
    4 |     TU_STATIC_ASSERT_AND_RETURN(1, TU_COUNTOF(a));
      |     ^~~~~~~~~~~~~~~~~~~~~~~~~~~
/home/parallels/soft/my/countof_ns/include/countof_ns.h:98:53: note: in expansion of macro ‘_countof_ns_must_be’
   98 |     #define countof_ns(a)  (_countof_ns_unsafe(a) + _countof_ns_must_be(a))
      |                                                     ^~~~~~~~~~~~~~~~~~~
&lt;command-line&gt;: note: in expansion of macro ‘countof_ns’
/home/parallels/soft/my/countof_ns/tests/unit/tu_stub.h:18:25: note: in expansion of macro ‘TU_COUNTOF_FUNC’
   18 | #define TU_COUNTOF(a)  (TU_COUNTOF_FUNC(a))
      |                         ^~~~~~~~~~~~~~~
/home/parallels/soft/my/countof_ns/tests/unit/pos_struct_n0.h:4:36: note: in expansion of macro ‘TU_COUNTOF’
    4 |     TU_STATIC_ASSERT_AND_RETURN(1, TU_COUNTOF(a));
      |                                    ^~~~~~~~~~
/home/parallels/soft/my/countof_ns/include/countof_ns.h:95:52: error: invalid operands to binary - (have ‘struct &lt;anonymous&gt; (**)[1]’ and ‘struct &lt;anonymous&gt; (**)[0]’)
   95 |                     (_countof_ns_typeof(a) **)&amp;(a) - \
      |                     ~~~~~~~~~~~~~~~~~~~~~~~~~~~~~~ ^
      |                     |
      |                     struct &lt;anonymous&gt; (**)[1]
   96 |                     (_countof_ns_typeof(*(a))(**)[_countof_ns_unsafe(a)])&amp;(a)))
      |                     ~~~~~~~~~~~~~~~~~~~~~~~~~~~~~~~~~~~~~~~~~~~~~~~~~~~~~~~~~
      |                     |
      |                     struct &lt;anonymous&gt; (**)[0]
/home/parallels/soft/my/countof_ns/tests/unit/tu_stub.h:69:35: note: in definition of macro ‘TU_FAIL’
   69 |             if(_TU_TODO_MAGIC != (computed)) { \
      |                                   ^~~~~~~~
/home/parallels/soft/my/countof_ns/tests/unit/tu_stub.h:101:13: note: in expansion of macro ‘_TU_ASSERT_AND_RETURN’
  101 |             _TU_ASSERT_AND_RETURN("TU_STATIC_ASSERT_AND_RETURN", \
      |             ^~~~~~~~~~~~~~~~~~~~~
/home/parallels/soft/my/countof_ns/tests/unit/pos_struct_n0.h:4:5: note: in expansion of macro ‘TU_STATIC_ASSERT_AND_RETURN’
    4 |     TU_STATIC_ASSERT_AND_RETURN(1, TU_COUNTOF(a));
      |     ^~~~~~~~~~~~~~~~~~~~~~~~~~~
/home/parallels/soft/my/countof_ns/include/countof_ns.h:98:53: note: in expansion of macro ‘_countof_ns_must_be’
   98 |     #define countof_ns(a)  (_countof_ns_unsafe(a) + _countof_ns_must_be(a))
      |                                                     ^~~~~~~~~~~~~~~~~~~
&lt;command-line&gt;: note: in expansion of macro ‘countof_ns’
/home/parallels/soft/my/countof_ns/tests/unit/tu_stub.h:18:25: note: in expansion of macro ‘TU_COUNTOF_FUNC’
   18 | #define TU_COUNTOF(a)  (TU_COUNTOF_FUNC(a))
      |                         ^~~~~~~~~~~~~~~
/home/parallels/soft/my/countof_ns/tests/unit/pos_struct_n0.h:4:36: note: in expansion of macro ‘TU_COUNTOF’
    4 |     TU_STATIC_ASSERT_AND_RETURN(1, TU_COUNTOF(a));
      |                                    ^~~~~~~~~~
/home/parallels/soft/my/countof_ns/include/countof_ns.h:95:52: error: invalid operands to binary - (have ‘struct &lt;anonymous&gt; (**)[1]’ and ‘struct &lt;anonymous&gt; (**)[0]’)
   95 |                     (_countof_ns_typeof(a) **)&amp;(a) - \
      |                     ~~~~~~~~~~~~~~~~~~~~~~~~~~~~~~ ^
      |                     |
      |                     struct &lt;anonymous&gt; (**)[1]
   96 |                     (_countof_ns_typeof(*(a))(**)[_countof_ns_unsafe(a)])&amp;(a)))
      |                     ~~~~~~~~~~~~~~~~~~~~~~~~~~~~~~~~~~~~~~~~~~~~~~~~~~~~~~~~~
      |                     |
      |                     struct &lt;anonymous&gt; (**)[0]
/home/parallels/soft/my/countof_ns/tests/unit/tu_stub.h:71:25: note: in definition of macro ‘TU_FAIL’
   71 |                        (computed), (size_t)(desired), (method), (#desired)); \
      |                         ^~~~~~~~
/home/parallels/soft/my/countof_ns/tests/unit/tu_stub.h:101:13: note: in expansion of macro ‘_TU_ASSERT_AND_RETURN’
  101 |             _TU_ASSERT_AND_RETURN("TU_STATIC_ASSERT_AND_RETURN", \
      |             ^~~~~~~~~~~~~~~~~~~~~
/home/parallels/soft/my/countof_ns/tests/unit/pos_struct_n0.h:4:5: note: in expansion of macro ‘TU_STATIC_ASSERT_AND_RETURN’
    4 |     TU_STATIC_ASSERT_AND_RETURN(1, TU_COUNTOF(a));
      |     ^~~~~~~~~~~~~~~~~~~~~~~~~~~
/home/parallels/soft/my/countof_ns/include/countof_ns.h:98:53: note: in expansion of macro ‘_countof_ns_must_be’
   98 |     #define countof_ns(a)  (_countof_ns_unsafe(a) + _countof_ns_must_be(a))
      |                                                     ^~~~~~~~~~~~~~~~~~~
&lt;command-line&gt;: note: in expansion of macro ‘countof_ns’
/home/parallels/soft/my/countof_ns/tests/unit/tu_stub.h:18:25: note: in expansion of macro ‘TU_COUNTOF_FUNC’
   18 | #define TU_COUNTOF(a)  (TU_COUNTOF_FUNC(a))
      |                         ^~~~~~~~~~~~~~~
/home/parallels/soft/my/countof_ns/tests/unit/pos_struct_n0.h:4:36: note: in expansion of macro ‘TU_COUNTOF’
    4 |     TU_STATIC_ASSERT_AND_RETURN(1, TU_COUNTOF(a));
      |                                    ^~~~~~~~~~
/home/parallels/soft/my/countof_ns/include/countof_ns.h:95:52: error: invalid operands to binary - (have ‘struct &lt;anonymous&gt; (**)[1]’ and ‘struct &lt;anonymous&gt; (**)[0]’)
   95 |                     (_countof_ns_typeof(a) **)&amp;(a) - \
      |                     ~~~~~~~~~~~~~~~~~~~~~~~~~~~~~~ ^
      |                     |
      |                     struct &lt;anonymous&gt; (**)[1]
   96 |                     (_countof_ns_typeof(*(a))(**)[_countof_ns_unsafe(a)])&amp;(a)))
      |                     ~~~~~~~~~~~~~~~~~~~~~~~~~~~~~~~~~~~~~~~~~~~~~~~~~~~~~~~~~
      |                     |
      |                     struct &lt;anonymous&gt; (**)[0]
/home/parallels/soft/my/countof_ns/tests/unit/tu_stub.h:73:27: note: in definition of macro ‘TU_FAIL’
   73 |                 if (0 == (computed)) { \
      |                           ^~~~~~~~
/home/parallels/soft/my/countof_ns/tests/unit/tu_stub.h:101:13: note: in expansion of macro ‘_TU_ASSERT_AND_RETURN’
  101 |             _TU_ASSERT_AND_RETURN("TU_STATIC_ASSERT_AND_RETURN", \
      |             ^~~~~~~~~~~~~~~~~~~~~
/home/parallels/soft/my/countof_ns/tests/unit/pos_struct_n0.h:4:5: note: in expansion of macro ‘TU_STATIC_ASSERT_AND_RETURN’
    4 |     TU_STATIC_ASSERT_AND_RETURN(1, TU_COUNTOF(a));
      |     ^~~~~~~~~~~~~~~~~~~~~~~~~~~
/home/parallels/soft/my/countof_ns/include/countof_ns.h:98:53: note: in expansion of macro ‘_countof_ns_must_be’
   98 |     #define countof_ns(a)  (_countof_ns_unsafe(a) + _countof_ns_must_be(a))
      |                                                     ^~~~~~~~~~~~~~~~~~~
&lt;command-line&gt;: note: in expansion of macro ‘countof_ns’
/home/parallels/soft/my/countof_ns/tests/unit/tu_stub.h:18:25: note: in expansion of macro ‘TU_COUNTOF_FUNC’
   18 | #define TU_COUNTOF(a)  (TU_COUNTOF_FUNC(a))
      |                         ^~~~~~~~~~~~~~~
/home/parallels/soft/my/countof_ns/tests/unit/pos_struct_n0.h:4:36: note: in expansion of macro ‘TU_COUNTOF’
    4 |     TU_STATIC_ASSERT_AND_RETURN(1, TU_COUNTOF(a));
      |                                    ^~~~~~~~~~
/home/parallels/soft/my/countof_ns/include/countof_ns.h:95:52: error: invalid operands to binary - (have ‘struct &lt;anonymous&gt; (**)[1]’ and ‘struct &lt;anonymous&gt; (**)[0]’)
   95 |                     (_countof_ns_typeof(a) **)&amp;(a) - \
      |                     ~~~~~~~~~~~~~~~~~~~~~~~~~~~~~~ ^
      |                     |
      |                     struct &lt;anonymous&gt; (**)[1]
   96 |                     (_countof_ns_typeof(*(a))(**)[_countof_ns_unsafe(a)])&amp;(a)))
      |                     ~~~~~~~~~~~~~~~~~~~~~~~~~~~~~~~~~~~~~~~~~~~~~~~~~~~~~~~~~
      |                     |
      |                     struct &lt;anonymous&gt; (**)[0]
/home/parallels/soft/my/countof_ns/tests/unit/tu_stub.h:75:40: note: in definition of macro ‘TU_FAIL’
   75 |                 } else if ((long long)(computed) &lt;= (long long)(desired)) { \
      |                                        ^~~~~~~~
/home/parallels/soft/my/countof_ns/tests/unit/tu_stub.h:101:13: note: in expansion of macro ‘_TU_ASSERT_AND_RETURN’
  101 |             _TU_ASSERT_AND_RETURN("TU_STATIC_ASSERT_AND_RETURN", \
      |             ^~~~~~~~~~~~~~~~~~~~~
/home/parallels/soft/my/countof_ns/tests/unit/pos_struct_n0.h:4:5: note: in expansion of macro ‘TU_STATIC_ASSERT_AND_RETURN’
    4 |     TU_STATIC_ASSERT_AND_RETURN(1, TU_COUNTOF(a));
      |     ^~~~~~~~~~~~~~~~~~~~~~~~~~~
/home/parallels/soft/my/countof_ns/include/countof_ns.h:98:53: note: in expansion of macro ‘_countof_ns_must_be’
   98 |     #define countof_ns(a)  (_countof_ns_unsafe(a) + _countof_ns_must_be(a))
      |                                                     ^~~~~~~~~~~~~~~~~~~
&lt;command-line&gt;: note: in expansion of macro ‘countof_ns’
/home/parallels/soft/my/countof_ns/tests/unit/tu_stub.h:18:25: note: in expansion of macro ‘TU_COUNTOF_FUNC’
   18 | #define TU_COUNTOF(a)  (TU_COUNTOF_FUNC(a))
      |                         ^~~~~~~~~~~~~~~
/home/parallels/soft/my/countof_ns/tests/unit/pos_struct_n0.h:4:36: note: in expansion of macro ‘TU_COUNTOF’
    4 |     TU_STATIC_ASSERT_AND_RETURN(1, TU_COUNTOF(a));
      |                                    ^~~~~~~~~~
gmake[3]: *** [tests/unit/CMakeFiles/pos_struct_n0_c11.dir/build.make:79: tests/unit/CMakeFiles/pos_struct_n0_c11.dir/tu_stub.c.o] Ошибка 1
gmake[2]: *** [CMakeFiles/Makefile2:1134: tests/unit/CMakeFiles/pos_struct_n0_c11.dir/all] Ошибка 2
gmake[1]: *** [CMakeFiles/Makefile2:1141: tests/unit/CMakeFiles/pos_struct_n0_c11.dir/rule] Ошибка 2
gmake: *** [Makefile:459: pos_struct_n0_c11] Ошибка 2

</system-out>
	</testcase>
	<testcase name="pos_struct_n0_cxx" classname="pos_struct_n0_cxx" time="0.0018857" status="run">
		<properties>
			<property name="cmake_labels" value="countof_ns;default"/>
		</properties>
		<system-out>Ok 1 TU_STATIC_ASSERT_AND_RETURN((1)=1, ...) /home/parallels/soft/my/countof_ns/tests/unit/pos_struct_n0.h:pos_struct_n0.h:TU_UNIT for countof_ns.h:countof_ns(), C++ 202100L
</system-out>
	</testcase>
	<testcase name="pos_struct_zla_00" classname="pos_struct_zla_00" time="0.00202308" status="run">
		<properties>
			<property name="cmake_labels" value="countof_ns;default"/>
		</properties>
		<system-out>Ok 0 TU_STATIC_ASSERT_AND_RETURN((0)=0, ...) /home/parallels/soft/my/countof_ns/tests/unit/pos_struct_zla_00.h:pos_struct_zla_00.h:TU_UNIT for countof_ns.h:countof_ns(), C 202000L
</system-out>
	</testcase>
	<testcase name="pos_struct_zla_00_c11" classname="pos_struct_zla_00_c11" time="0.00166588" status="run">
		<properties>
			<property name="cmake_labels" value="countof_ns;default"/>
		</properties>
		<system-out>Ok 0 TU_STATIC_ASSERT_AND_RETURN((0)=0, ...) /home/parallels/soft/my/countof_ns/tests/unit/pos_struct_zla_00.h:pos_struct_zla_00.h:TU_UNIT for countof_ns.h:countof_ns() with C11&amp;VLA, C 202000L
</system-out>
	</testcase>
	<testcase name="pos_struct_zla_00_cxx" classname="pos_struct_zla_00_cxx" time="0.00166899" status="run">
		<properties>
			<property name="cmake_labels" value="countof_ns;default"/>
		</properties>
		<system-out>Ok 0 TU_STATIC_ASSERT_AND_RETURN((0)=0, ...) /home/parallels/soft/my/countof_ns/tests/unit/pos_struct_zla_00.h:pos_struct_zla_00.h:TU_UNIT for countof_ns.h:countof_ns(), C++ 202100L
</system-out>
	</testcase>
	<testcase name="pos_vla" classname="pos_vla" time="0.183245" status="fail">
		<failure message="Failed"/>
		<properties>
			<property name="cmake_labels" value="countof_ns;default"/>
		</properties>
		<system-out>Internal cmake changing into directory: /home/parallels/soft/my/countof_ns/build/Linux_gcc-11_g++-11
Change Dir: '/home/parallels/soft/my/countof_ns/build/Linux_gcc-11_g++-11'

Run Build Command(s): /usr/bin/gmake -f Makefile pos_vla
[  0%] Built target CounofNS
[  0%] Building C object tests/unit/CMakeFiles/pos_vla.dir/tu_stub.c.o
In file included from /home/parallels/soft/my/countof_ns/tests/unit/tu_stub.c:5:
/home/parallels/soft/my/countof_ns/tests/unit/pos_vla.h: In function ‘TU_UNIT’:
/home/parallels/soft/my/countof_ns/include/countof_ns.h:72:40: error: ‘_Generic’ association has variable length type
   72 |         #define _countof_ns_typeof(t)  __typeof__(t)
      |                                        ^~~~~~~~~~
/home/parallels/soft/my/countof_ns/tests/unit/tu_stub.h:84:31: note: in definition of macro ‘_TU_ASSERT_AND_RETURN’
   84 |             if ((desired) == (computed)) { \
      |                               ^~~~~~~~
/home/parallels/soft/my/countof_ns/tests/unit/pos_vla.h:5:5: note: in expansion of macro ‘TU_ASSERT_AND_RETURN’
    5 |     TU_ASSERT_AND_RETURN(d1, TU_COUNTOF(a));
      |     ^~~~~~~~~~~~~~~~~~~~
/home/parallels/soft/my/countof_ns/include/countof_ns.h:91:21: note: in expansion of macro ‘_countof_ns_typeof’
   91 |                     _countof_ns_typeof(*(a)) (*)[_countof_ns_unsafe(a)]: 1, \
      |                     ^~~~~~~~~~~~~~~~~~
/home/parallels/soft/my/countof_ns/include/countof_ns.h:98:53: note: in expansion of macro ‘_countof_ns_must_be’
   98 |     #define countof_ns(a)  (_countof_ns_unsafe(a) + _countof_ns_must_be(a))
      |                                                     ^~~~~~~~~~~~~~~~~~~
&lt;command-line&gt;: note: in expansion of macro ‘countof_ns’
/home/parallels/soft/my/countof_ns/tests/unit/tu_stub.h:18:25: note: in expansion of macro ‘TU_COUNTOF_FUNC’
   18 | #define TU_COUNTOF(a)  (TU_COUNTOF_FUNC(a))
      |                         ^~~~~~~~~~~~~~~
/home/parallels/soft/my/countof_ns/tests/unit/pos_vla.h:5:30: note: in expansion of macro ‘TU_COUNTOF’
    5 |     TU_ASSERT_AND_RETURN(d1, TU_COUNTOF(a));
      |                              ^~~~~~~~~~
/home/parallels/soft/my/countof_ns/include/countof_ns.h:72:40: error: ‘_Generic’ association has variable length type
   72 |         #define _countof_ns_typeof(t)  __typeof__(t)
      |                                        ^~~~~~~~~~
/home/parallels/soft/my/countof_ns/tests/unit/tu_stub.h:88:25: note: in definition of macro ‘_TU_ASSERT_AND_RETURN’
   88 |                        (computed), (method), (#desired), (size_t)(desired)); \
      |                         ^~~~~~~~
/home/parallels/soft/my/countof_ns/tests/unit/pos_vla.h:5:5: note: in expansion of macro ‘TU_ASSERT_AND_RETURN’
    5 |     TU_ASSERT_AND_RETURN(d1, TU_COUNTOF(a));
      |     ^~~~~~~~~~~~~~~~~~~~
/home/parallels/soft/my/countof_ns/include/countof_ns.h:91:21: note: in expansion of macro ‘_countof_ns_typeof’
   91 |                     _countof_ns_typeof(*(a)) (*)[_countof_ns_unsafe(a)]: 1, \
      |                     ^~~~~~~~~~~~~~~~~~
/home/parallels/soft/my/countof_ns/include/countof_ns.h:98:53: note: in expansion of macro ‘_countof_ns_must_be’
   98 |     #define countof_ns(a)  (_countof_ns_unsafe(a) + _countof_ns_must_be(a))
      |                                                     ^~~~~~~~~~~~~~~~~~~
&lt;command-line&gt;: note: in expansion of macro ‘countof_ns’
/home/parallels/soft/my/countof_ns/tests/unit/tu_stub.h:18:25: note: in expansion of macro ‘TU_COUNTOF_FUNC’
   18 | #define TU_COUNTOF(a)  (TU_COUNTOF_FUNC(a))
      |                         ^~~~~~~~~~~~~~~
/home/parallels/soft/my/countof_ns/tests/unit/pos_vla.h:5:30: note: in expansion of macro ‘TU_COUNTOF’
    5 |     TU_ASSERT_AND_RETURN(d1, TU_COUNTOF(a));
      |                              ^~~~~~~~~~
/home/parallels/soft/my/countof_ns/include/countof_ns.h:72:40: error: ‘_Generic’ association has variable length type
   72 |         #define _countof_ns_typeof(t)  __typeof__(t)
      |                                        ^~~~~~~~~~
/home/parallels/soft/my/countof_ns/tests/unit/tu_stub.h:69:35: note: in definition of macro ‘TU_FAIL’
   69 |             if(_TU_TODO_MAGIC != (computed)) { \
      |                                   ^~~~~~~~
/home/parallels/soft/my/countof_ns/tests/unit/tu_stub.h:97:13: note: in expansion of macro ‘_TU_ASSERT_AND_RETURN’
   97 |             _TU_ASSERT_AND_RETURN("TU_ASSERT_AND_RETURN", (desired), (computed))
      |             ^~~~~~~~~~~~~~~~~~~~~
/home/parallels/soft/my/countof_ns/tests/unit/pos_vla.h:5:5: note: in expansion of macro ‘TU_ASSERT_AND_RETURN’
    5 |     TU_ASSERT_AND_RETURN(d1, TU_COUNTOF(a));
      |     ^~~~~~~~~~~~~~~~~~~~
/home/parallels/soft/my/countof_ns/include/countof_ns.h:91:21: note: in expansion of macro ‘_countof_ns_typeof’
   91 |                     _countof_ns_typeof(*(a)) (*)[_countof_ns_unsafe(a)]: 1, \
      |                     ^~~~~~~~~~~~~~~~~~
/home/parallels/soft/my/countof_ns/include/countof_ns.h:98:53: note: in expansion of macro ‘_countof_ns_must_be’
   98 |     #define countof_ns(a)  (_countof_ns_unsafe(a) + _countof_ns_must_be(a))
      |                                                     ^~~~~~~~~~~~~~~~~~~
&lt;command-line&gt;: note: in expansion of macro ‘countof_ns’
/home/parallels/soft/my/countof_ns/tests/unit/tu_stub.h:18:25: note: in expansion of macro ‘TU_COUNTOF_FUNC’
   18 | #define TU_COUNTOF(a)  (TU_COUNTOF_FUNC(a))
      |                         ^~~~~~~~~~~~~~~
/home/parallels/soft/my/countof_ns/tests/unit/pos_vla.h:5:30: note: in expansion of macro ‘TU_COUNTOF’
    5 |     TU_ASSERT_AND_RETURN(d1, TU_COUNTOF(a));
      |                              ^~~~~~~~~~
/home/parallels/soft/my/countof_ns/include/countof_ns.h:72:40: error: ‘_Generic’ association has variable length type
   72 |         #define _countof_ns_typeof(t)  __typeof__(t)
      |                                        ^~~~~~~~~~
/home/parallels/soft/my/countof_ns/tests/unit/tu_stub.h:71:25: note: in definition of macro ‘TU_FAIL’
   71 |                        (computed), (size_t)(desired), (method), (#desired)); \
      |                         ^~~~~~~~
/home/parallels/soft/my/countof_ns/tests/unit/tu_stub.h:97:13: note: in expansion of macro ‘_TU_ASSERT_AND_RETURN’
   97 |             _TU_ASSERT_AND_RETURN("TU_ASSERT_AND_RETURN", (desired), (computed))
      |             ^~~~~~~~~~~~~~~~~~~~~
/home/parallels/soft/my/countof_ns/tests/unit/pos_vla.h:5:5: note: in expansion of macro ‘TU_ASSERT_AND_RETURN’
    5 |     TU_ASSERT_AND_RETURN(d1, TU_COUNTOF(a));
      |     ^~~~~~~~~~~~~~~~~~~~
/home/parallels/soft/my/countof_ns/include/countof_ns.h:91:21: note: in expansion of macro ‘_countof_ns_typeof’
   91 |                     _countof_ns_typeof(*(a)) (*)[_countof_ns_unsafe(a)]: 1, \
      |                     ^~~~~~~~~~~~~~~~~~
/home/parallels/soft/my/countof_ns/include/countof_ns.h:98:53: note: in expansion of macro ‘_countof_ns_must_be’
   98 |     #define countof_ns(a)  (_countof_ns_unsafe(a) + _countof_ns_must_be(a))
      |                                                     ^~~~~~~~~~~~~~~~~~~
&lt;command-line&gt;: note: in expansion of macro ‘countof_ns’
/home/parallels/soft/my/countof_ns/tests/unit/tu_stub.h:18:25: note: in expansion of macro ‘TU_COUNTOF_FUNC’
   18 | #define TU_COUNTOF(a)  (TU_COUNTOF_FUNC(a))
      |                         ^~~~~~~~~~~~~~~
/home/parallels/soft/my/countof_ns/tests/unit/pos_vla.h:5:30: note: in expansion of macro ‘TU_COUNTOF’
    5 |     TU_ASSERT_AND_RETURN(d1, TU_COUNTOF(a));
      |                              ^~~~~~~~~~
/home/parallels/soft/my/countof_ns/include/countof_ns.h:72:40: error: ‘_Generic’ association has variable length type
   72 |         #define _countof_ns_typeof(t)  __typeof__(t)
      |                                        ^~~~~~~~~~
/home/parallels/soft/my/countof_ns/tests/unit/tu_stub.h:73:27: note: in definition of macro ‘TU_FAIL’
   73 |                 if (0 == (computed)) { \
      |                           ^~~~~~~~
/home/parallels/soft/my/countof_ns/tests/unit/tu_stub.h:97:13: note: in expansion of macro ‘_TU_ASSERT_AND_RETURN’
   97 |             _TU_ASSERT_AND_RETURN("TU_ASSERT_AND_RETURN", (desired), (computed))
      |             ^~~~~~~~~~~~~~~~~~~~~
/home/parallels/soft/my/countof_ns/tests/unit/pos_vla.h:5:5: note: in expansion of macro ‘TU_ASSERT_AND_RETURN’
    5 |     TU_ASSERT_AND_RETURN(d1, TU_COUNTOF(a));
      |     ^~~~~~~~~~~~~~~~~~~~
/home/parallels/soft/my/countof_ns/include/countof_ns.h:91:21: note: in expansion of macro ‘_countof_ns_typeof’
   91 |                     _countof_ns_typeof(*(a)) (*)[_countof_ns_unsafe(a)]: 1, \
      |                     ^~~~~~~~~~~~~~~~~~
/home/parallels/soft/my/countof_ns/include/countof_ns.h:98:53: note: in expansion of macro ‘_countof_ns_must_be’
   98 |     #define countof_ns(a)  (_countof_ns_unsafe(a) + _countof_ns_must_be(a))
      |                                                     ^~~~~~~~~~~~~~~~~~~
&lt;command-line&gt;: note: in expansion of macro ‘countof_ns’
/home/parallels/soft/my/countof_ns/tests/unit/tu_stub.h:18:25: note: in expansion of macro ‘TU_COUNTOF_FUNC’
   18 | #define TU_COUNTOF(a)  (TU_COUNTOF_FUNC(a))
      |                         ^~~~~~~~~~~~~~~
/home/parallels/soft/my/countof_ns/tests/unit/pos_vla.h:5:30: note: in expansion of macro ‘TU_COUNTOF’
    5 |     TU_ASSERT_AND_RETURN(d1, TU_COUNTOF(a));
      |                              ^~~~~~~~~~
/home/parallels/soft/my/countof_ns/include/countof_ns.h:72:40: error: ‘_Generic’ association has variable length type
   72 |         #define _countof_ns_typeof(t)  __typeof__(t)
      |                                        ^~~~~~~~~~
/home/parallels/soft/my/countof_ns/tests/unit/tu_stub.h:75:40: note: in definition of macro ‘TU_FAIL’
   75 |                 } else if ((long long)(computed) &lt;= (long long)(desired)) { \
      |                                        ^~~~~~~~
/home/parallels/soft/my/countof_ns/tests/unit/tu_stub.h:97:13: note: in expansion of macro ‘_TU_ASSERT_AND_RETURN’
   97 |             _TU_ASSERT_AND_RETURN("TU_ASSERT_AND_RETURN", (desired), (computed))
      |             ^~~~~~~~~~~~~~~~~~~~~
/home/parallels/soft/my/countof_ns/tests/unit/pos_vla.h:5:5: note: in expansion of macro ‘TU_ASSERT_AND_RETURN’
    5 |     TU_ASSERT_AND_RETURN(d1, TU_COUNTOF(a));
      |     ^~~~~~~~~~~~~~~~~~~~
/home/parallels/soft/my/countof_ns/include/countof_ns.h:91:21: note: in expansion of macro ‘_countof_ns_typeof’
   91 |                     _countof_ns_typeof(*(a)) (*)[_countof_ns_unsafe(a)]: 1, \
      |                     ^~~~~~~~~~~~~~~~~~
/home/parallels/soft/my/countof_ns/include/countof_ns.h:98:53: note: in expansion of macro ‘_countof_ns_must_be’
   98 |     #define countof_ns(a)  (_countof_ns_unsafe(a) + _countof_ns_must_be(a))
      |                                                     ^~~~~~~~~~~~~~~~~~~
&lt;command-line&gt;: note: in expansion of macro ‘countof_ns’
/home/parallels/soft/my/countof_ns/tests/unit/tu_stub.h:18:25: note: in expansion of macro ‘TU_COUNTOF_FUNC’
   18 | #define TU_COUNTOF(a)  (TU_COUNTOF_FUNC(a))
      |                         ^~~~~~~~~~~~~~~
/home/parallels/soft/my/countof_ns/tests/unit/pos_vla.h:5:30: note: in expansion of macro ‘TU_COUNTOF’
    5 |     TU_ASSERT_AND_RETURN(d1, TU_COUNTOF(a));
      |                              ^~~~~~~~~~
gmake[3]: *** [tests/unit/CMakeFiles/pos_vla.dir/build.make:79: tests/unit/CMakeFiles/pos_vla.dir/tu_stub.c.o] Ошибка 1
gmake[2]: *** [CMakeFiles/Makefile2:1294: tests/unit/CMakeFiles/pos_vla.dir/all] Ошибка 2
gmake[1]: *** [CMakeFiles/Makefile2:1301: tests/unit/CMakeFiles/pos_vla.dir/rule] Ошибка 2
gmake: *** [Makefile:524: pos_vla] Ошибка 2

</system-out>
	</testcase>
	<testcase name="pos_vla_c11" classname="pos_vla_c11" time="0.00211504" status="run">
		<properties>
			<property name="cmake_labels" value="countof_ns;default"/>
		</properties>
		<system-out>Ok 1 TU_ASSERT_AND_RETURN((d1)=1, ...) /home/parallels/soft/my/countof_ns/tests/unit/pos_vla.h:pos_vla.h:TU_UNIT for countof_ns.h:countof_ns() with C11&amp;VLA, C 202000L
</system-out>
	</testcase>
	<testcase name="pos_vla_00" classname="pos_vla_00" time="0.190878" status="fail">
		<failure message="Failed"/>
		<properties>
			<property name="cmake_labels" value="countof_ns;default"/>
		</properties>
		<system-out>Internal cmake changing into directory: /home/parallels/soft/my/countof_ns/build/Linux_gcc-11_g++-11
Change Dir: '/home/parallels/soft/my/countof_ns/build/Linux_gcc-11_g++-11'

Run Build Command(s): /usr/bin/gmake -f Makefile pos_vla_00
[  0%] Built target CounofNS
[100%] Building C object tests/unit/CMakeFiles/pos_vla_00.dir/tu_stub.c.o
In file included from /home/parallels/soft/my/countof_ns/tests/unit/tu_stub.c:5:
/home/parallels/soft/my/countof_ns/tests/unit/pos_vla_00.h: In function ‘TU_UNIT’:
/home/parallels/soft/my/countof_ns/include/countof_ns.h:72:40: error: ‘_Generic’ association has variable length type
   72 |         #define _countof_ns_typeof(t)  __typeof__(t)
      |                                        ^~~~~~~~~~
/home/parallels/soft/my/countof_ns/tests/unit/tu_stub.h:84:31: note: in definition of macro ‘_TU_ASSERT_AND_RETURN’
   84 |             if ((desired) == (computed)) { \
      |                               ^~~~~~~~
/home/parallels/soft/my/countof_ns/tests/unit/pos_vla_00.h:5:5: note: in expansion of macro ‘TU_ASSERT_AND_RETURN’
    5 |     TU_ASSERT_AND_RETURN(d0, TU_COUNTOF(b));
      |     ^~~~~~~~~~~~~~~~~~~~
/home/parallels/soft/my/countof_ns/include/countof_ns.h:91:21: note: in expansion of macro ‘_countof_ns_typeof’
   91 |                     _countof_ns_typeof(*(a)) (*)[_countof_ns_unsafe(a)]: 1, \
      |                     ^~~~~~~~~~~~~~~~~~
/home/parallels/soft/my/countof_ns/include/countof_ns.h:98:53: note: in expansion of macro ‘_countof_ns_must_be’
   98 |     #define countof_ns(a)  (_countof_ns_unsafe(a) + _countof_ns_must_be(a))
      |                                                     ^~~~~~~~~~~~~~~~~~~
&lt;command-line&gt;: note: in expansion of macro ‘countof_ns’
/home/parallels/soft/my/countof_ns/tests/unit/tu_stub.h:18:25: note: in expansion of macro ‘TU_COUNTOF_FUNC’
   18 | #define TU_COUNTOF(a)  (TU_COUNTOF_FUNC(a))
      |                         ^~~~~~~~~~~~~~~
/home/parallels/soft/my/countof_ns/tests/unit/pos_vla_00.h:5:30: note: in expansion of macro ‘TU_COUNTOF’
    5 |     TU_ASSERT_AND_RETURN(d0, TU_COUNTOF(b));
      |                              ^~~~~~~~~~
/home/parallels/soft/my/countof_ns/include/countof_ns.h:72:40: error: ‘_Generic’ association has variable length type
   72 |         #define _countof_ns_typeof(t)  __typeof__(t)
      |                                        ^~~~~~~~~~
/home/parallels/soft/my/countof_ns/tests/unit/tu_stub.h:88:25: note: in definition of macro ‘_TU_ASSERT_AND_RETURN’
   88 |                        (computed), (method), (#desired), (size_t)(desired)); \
      |                         ^~~~~~~~
/home/parallels/soft/my/countof_ns/tests/unit/pos_vla_00.h:5:5: note: in expansion of macro ‘TU_ASSERT_AND_RETURN’
    5 |     TU_ASSERT_AND_RETURN(d0, TU_COUNTOF(b));
      |     ^~~~~~~~~~~~~~~~~~~~
/home/parallels/soft/my/countof_ns/include/countof_ns.h:91:21: note: in expansion of macro ‘_countof_ns_typeof’
   91 |                     _countof_ns_typeof(*(a)) (*)[_countof_ns_unsafe(a)]: 1, \
      |                     ^~~~~~~~~~~~~~~~~~
/home/parallels/soft/my/countof_ns/include/countof_ns.h:98:53: note: in expansion of macro ‘_countof_ns_must_be’
   98 |     #define countof_ns(a)  (_countof_ns_unsafe(a) + _countof_ns_must_be(a))
      |                                                     ^~~~~~~~~~~~~~~~~~~
&lt;command-line&gt;: note: in expansion of macro ‘countof_ns’
/home/parallels/soft/my/countof_ns/tests/unit/tu_stub.h:18:25: note: in expansion of macro ‘TU_COUNTOF_FUNC’
   18 | #define TU_COUNTOF(a)  (TU_COUNTOF_FUNC(a))
      |                         ^~~~~~~~~~~~~~~
/home/parallels/soft/my/countof_ns/tests/unit/pos_vla_00.h:5:30: note: in expansion of macro ‘TU_COUNTOF’
    5 |     TU_ASSERT_AND_RETURN(d0, TU_COUNTOF(b));
      |                              ^~~~~~~~~~
/home/parallels/soft/my/countof_ns/include/countof_ns.h:72:40: error: ‘_Generic’ association has variable length type
   72 |         #define _countof_ns_typeof(t)  __typeof__(t)
      |                                        ^~~~~~~~~~
/home/parallels/soft/my/countof_ns/tests/unit/tu_stub.h:69:35: note: in definition of macro ‘TU_FAIL’
   69 |             if(_TU_TODO_MAGIC != (computed)) { \
      |                                   ^~~~~~~~
/home/parallels/soft/my/countof_ns/tests/unit/tu_stub.h:97:13: note: in expansion of macro ‘_TU_ASSERT_AND_RETURN’
   97 |             _TU_ASSERT_AND_RETURN("TU_ASSERT_AND_RETURN", (desired), (computed))
      |             ^~~~~~~~~~~~~~~~~~~~~
/home/parallels/soft/my/countof_ns/tests/unit/pos_vla_00.h:5:5: note: in expansion of macro ‘TU_ASSERT_AND_RETURN’
    5 |     TU_ASSERT_AND_RETURN(d0, TU_COUNTOF(b));
      |     ^~~~~~~~~~~~~~~~~~~~
/home/parallels/soft/my/countof_ns/include/countof_ns.h:91:21: note: in expansion of macro ‘_countof_ns_typeof’
   91 |                     _countof_ns_typeof(*(a)) (*)[_countof_ns_unsafe(a)]: 1, \
      |                     ^~~~~~~~~~~~~~~~~~
/home/parallels/soft/my/countof_ns/include/countof_ns.h:98:53: note: in expansion of macro ‘_countof_ns_must_be’
   98 |     #define countof_ns(a)  (_countof_ns_unsafe(a) + _countof_ns_must_be(a))
      |                                                     ^~~~~~~~~~~~~~~~~~~
&lt;command-line&gt;: note: in expansion of macro ‘countof_ns’
/home/parallels/soft/my/countof_ns/tests/unit/tu_stub.h:18:25: note: in expansion of macro ‘TU_COUNTOF_FUNC’
   18 | #define TU_COUNTOF(a)  (TU_COUNTOF_FUNC(a))
      |                         ^~~~~~~~~~~~~~~
/home/parallels/soft/my/countof_ns/tests/unit/pos_vla_00.h:5:30: note: in expansion of macro ‘TU_COUNTOF’
    5 |     TU_ASSERT_AND_RETURN(d0, TU_COUNTOF(b));
      |                              ^~~~~~~~~~
/home/parallels/soft/my/countof_ns/include/countof_ns.h:72:40: error: ‘_Generic’ association has variable length type
   72 |         #define _countof_ns_typeof(t)  __typeof__(t)
      |                                        ^~~~~~~~~~
/home/parallels/soft/my/countof_ns/tests/unit/tu_stub.h:71:25: note: in definition of macro ‘TU_FAIL’
   71 |                        (computed), (size_t)(desired), (method), (#desired)); \
      |                         ^~~~~~~~
/home/parallels/soft/my/countof_ns/tests/unit/tu_stub.h:97:13: note: in expansion of macro ‘_TU_ASSERT_AND_RETURN’
   97 |             _TU_ASSERT_AND_RETURN("TU_ASSERT_AND_RETURN", (desired), (computed))
      |             ^~~~~~~~~~~~~~~~~~~~~
/home/parallels/soft/my/countof_ns/tests/unit/pos_vla_00.h:5:5: note: in expansion of macro ‘TU_ASSERT_AND_RETURN’
    5 |     TU_ASSERT_AND_RETURN(d0, TU_COUNTOF(b));
      |     ^~~~~~~~~~~~~~~~~~~~
/home/parallels/soft/my/countof_ns/include/countof_ns.h:91:21: note: in expansion of macro ‘_countof_ns_typeof’
   91 |                     _countof_ns_typeof(*(a)) (*)[_countof_ns_unsafe(a)]: 1, \
      |                     ^~~~~~~~~~~~~~~~~~
/home/parallels/soft/my/countof_ns/include/countof_ns.h:98:53: note: in expansion of macro ‘_countof_ns_must_be’
   98 |     #define countof_ns(a)  (_countof_ns_unsafe(a) + _countof_ns_must_be(a))
      |                                                     ^~~~~~~~~~~~~~~~~~~
&lt;command-line&gt;: note: in expansion of macro ‘countof_ns’
/home/parallels/soft/my/countof_ns/tests/unit/tu_stub.h:18:25: note: in expansion of macro ‘TU_COUNTOF_FUNC’
   18 | #define TU_COUNTOF(a)  (TU_COUNTOF_FUNC(a))
      |                         ^~~~~~~~~~~~~~~
/home/parallels/soft/my/countof_ns/tests/unit/pos_vla_00.h:5:30: note: in expansion of macro ‘TU_COUNTOF’
    5 |     TU_ASSERT_AND_RETURN(d0, TU_COUNTOF(b));
      |                              ^~~~~~~~~~
/home/parallels/soft/my/countof_ns/include/countof_ns.h:72:40: error: ‘_Generic’ association has variable length type
   72 |         #define _countof_ns_typeof(t)  __typeof__(t)
      |                                        ^~~~~~~~~~
/home/parallels/soft/my/countof_ns/tests/unit/tu_stub.h:73:27: note: in definition of macro ‘TU_FAIL’
   73 |                 if (0 == (computed)) { \
      |                           ^~~~~~~~
/home/parallels/soft/my/countof_ns/tests/unit/tu_stub.h:97:13: note: in expansion of macro ‘_TU_ASSERT_AND_RETURN’
   97 |             _TU_ASSERT_AND_RETURN("TU_ASSERT_AND_RETURN", (desired), (computed))
      |             ^~~~~~~~~~~~~~~~~~~~~
/home/parallels/soft/my/countof_ns/tests/unit/pos_vla_00.h:5:5: note: in expansion of macro ‘TU_ASSERT_AND_RETURN’
    5 |     TU_ASSERT_AND_RETURN(d0, TU_COUNTOF(b));
      |     ^~~~~~~~~~~~~~~~~~~~
/home/parallels/soft/my/countof_ns/include/countof_ns.h:91:21: note: in expansion of macro ‘_countof_ns_typeof’
   91 |                     _countof_ns_typeof(*(a)) (*)[_countof_ns_unsafe(a)]: 1, \
      |                     ^~~~~~~~~~~~~~~~~~
/home/parallels/soft/my/countof_ns/include/countof_ns.h:98:53: note: in expansion of macro ‘_countof_ns_must_be’
   98 |     #define countof_ns(a)  (_countof_ns_unsafe(a) + _countof_ns_must_be(a))
      |                                                     ^~~~~~~~~~~~~~~~~~~
&lt;command-line&gt;: note: in expansion of macro ‘countof_ns’
/home/parallels/soft/my/countof_ns/tests/unit/tu_stub.h:18:25: note: in expansion of macro ‘TU_COUNTOF_FUNC’
   18 | #define TU_COUNTOF(a)  (TU_COUNTOF_FUNC(a))
      |                         ^~~~~~~~~~~~~~~
/home/parallels/soft/my/countof_ns/tests/unit/pos_vla_00.h:5:30: note: in expansion of macro ‘TU_COUNTOF’
    5 |     TU_ASSERT_AND_RETURN(d0, TU_COUNTOF(b));
      |                              ^~~~~~~~~~
/home/parallels/soft/my/countof_ns/include/countof_ns.h:72:40: error: ‘_Generic’ association has variable length type
   72 |         #define _countof_ns_typeof(t)  __typeof__(t)
      |                                        ^~~~~~~~~~
/home/parallels/soft/my/countof_ns/tests/unit/tu_stub.h:75:40: note: in definition of macro ‘TU_FAIL’
   75 |                 } else if ((long long)(computed) &lt;= (long long)(desired)) { \
      |                                        ^~~~~~~~
/home/parallels/soft/my/countof_ns/tests/unit/tu_stub.h:97:13: note: in expansion of macro ‘_TU_ASSERT_AND_RETURN’
   97 |             _TU_ASSERT_AND_RETURN("TU_ASSERT_AND_RETURN", (desired), (computed))
      |             ^~~~~~~~~~~~~~~~~~~~~
/home/parallels/soft/my/countof_ns/tests/unit/pos_vla_00.h:5:5: note: in expansion of macro ‘TU_ASSERT_AND_RETURN’
    5 |     TU_ASSERT_AND_RETURN(d0, TU_COUNTOF(b));
      |     ^~~~~~~~~~~~~~~~~~~~
/home/parallels/soft/my/countof_ns/include/countof_ns.h:91:21: note: in expansion of macro ‘_countof_ns_typeof’
   91 |                     _countof_ns_typeof(*(a)) (*)[_countof_ns_unsafe(a)]: 1, \
      |                     ^~~~~~~~~~~~~~~~~~
/home/parallels/soft/my/countof_ns/include/countof_ns.h:98:53: note: in expansion of macro ‘_countof_ns_must_be’
   98 |     #define countof_ns(a)  (_countof_ns_unsafe(a) + _countof_ns_must_be(a))
      |                                                     ^~~~~~~~~~~~~~~~~~~
&lt;command-line&gt;: note: in expansion of macro ‘countof_ns’
/home/parallels/soft/my/countof_ns/tests/unit/tu_stub.h:18:25: note: in expansion of macro ‘TU_COUNTOF_FUNC’
   18 | #define TU_COUNTOF(a)  (TU_COUNTOF_FUNC(a))
      |                         ^~~~~~~~~~~~~~~
/home/parallels/soft/my/countof_ns/tests/unit/pos_vla_00.h:5:30: note: in expansion of macro ‘TU_COUNTOF’
    5 |     TU_ASSERT_AND_RETURN(d0, TU_COUNTOF(b));
      |                              ^~~~~~~~~~
gmake[3]: *** [tests/unit/CMakeFiles/pos_vla_00.dir/build.make:79: tests/unit/CMakeFiles/pos_vla_00.dir/tu_stub.c.o] Ошибка 1
gmake[2]: *** [CMakeFiles/Makefile2:1358: tests/unit/CMakeFiles/pos_vla_00.dir/all] Ошибка 2
gmake[1]: *** [CMakeFiles/Makefile2:1365: tests/unit/CMakeFiles/pos_vla_00.dir/rule] Ошибка 2
gmake: *** [Makefile:550: pos_vla_00] Ошибка 2

</system-out>
	</testcase>
	<testcase name="pos_vla_00_c11" classname="pos_vla_00_c11" time="0.00212933" status="run">
		<properties>
			<property name="cmake_labels" value="countof_ns;default"/>
		</properties>
		<system-out>Ok 0 TU_ASSERT_AND_RETURN((d0)=0, ...) /home/parallels/soft/my/countof_ns/tests/unit/pos_vla_00.h:pos_vla_00.h:TU_UNIT for countof_ns.h:countof_ns() with C11&amp;VLA, C 202000L
</system-out>
	</testcase>
	<testcase name="pos_vla_0n" classname="pos_vla_0n" time="0.181759" status="fail">
		<failure message="Failed"/>
		<properties>
			<property name="cmake_labels" value="countof_ns;default"/>
		</properties>
		<system-out>Internal cmake changing into directory: /home/parallels/soft/my/countof_ns/build/Linux_gcc-11_g++-11
Change Dir: '/home/parallels/soft/my/countof_ns/build/Linux_gcc-11_g++-11'

Run Build Command(s): /usr/bin/gmake -f Makefile pos_vla_0n
[  0%] Built target CounofNS
[  0%] Building C object tests/unit/CMakeFiles/pos_vla_0n.dir/tu_stub.c.o
In file included from /home/parallels/soft/my/countof_ns/tests/unit/tu_stub.c:5:
/home/parallels/soft/my/countof_ns/tests/unit/pos_vla_0n.h: In function ‘TU_UNIT’:
/home/parallels/soft/my/countof_ns/include/countof_ns.h:72:40: error: ‘_Generic’ association has variable length type
   72 |         #define _countof_ns_typeof(t)  __typeof__(t)
      |                                        ^~~~~~~~~~
/home/parallels/soft/my/countof_ns/tests/unit/tu_stub.h:84:31: note: in definition of macro ‘_TU_ASSERT_AND_RETURN’
   84 |             if ((desired) == (computed)) { \
      |                               ^~~~~~~~
/home/parallels/soft/my/countof_ns/tests/unit/pos_vla_0n.h:5:5: note: in expansion of macro ‘TU_ASSERT_AND_RETURN’
    5 |     TU_ASSERT_AND_RETURN(d0, TU_COUNTOF(a));
      |     ^~~~~~~~~~~~~~~~~~~~
/home/parallels/soft/my/countof_ns/include/countof_ns.h:91:21: note: in expansion of macro ‘_countof_ns_typeof’
   91 |                     _countof_ns_typeof(*(a)) (*)[_countof_ns_unsafe(a)]: 1, \
      |                     ^~~~~~~~~~~~~~~~~~
/home/parallels/soft/my/countof_ns/include/countof_ns.h:98:53: note: in expansion of macro ‘_countof_ns_must_be’
   98 |     #define countof_ns(a)  (_countof_ns_unsafe(a) + _countof_ns_must_be(a))
      |                                                     ^~~~~~~~~~~~~~~~~~~
&lt;command-line&gt;: note: in expansion of macro ‘countof_ns’
/home/parallels/soft/my/countof_ns/tests/unit/tu_stub.h:18:25: note: in expansion of macro ‘TU_COUNTOF_FUNC’
   18 | #define TU_COUNTOF(a)  (TU_COUNTOF_FUNC(a))
      |                         ^~~~~~~~~~~~~~~
/home/parallels/soft/my/countof_ns/tests/unit/pos_vla_0n.h:5:30: note: in expansion of macro ‘TU_COUNTOF’
    5 |     TU_ASSERT_AND_RETURN(d0, TU_COUNTOF(a));
      |                              ^~~~~~~~~~
/home/parallels/soft/my/countof_ns/include/countof_ns.h:72:40: error: ‘_Generic’ association has variable length type
   72 |         #define _countof_ns_typeof(t)  __typeof__(t)
      |                                        ^~~~~~~~~~
/home/parallels/soft/my/countof_ns/tests/unit/tu_stub.h:88:25: note: in definition of macro ‘_TU_ASSERT_AND_RETURN’
   88 |                        (computed), (method), (#desired), (size_t)(desired)); \
      |                         ^~~~~~~~
/home/parallels/soft/my/countof_ns/tests/unit/pos_vla_0n.h:5:5: note: in expansion of macro ‘TU_ASSERT_AND_RETURN’
    5 |     TU_ASSERT_AND_RETURN(d0, TU_COUNTOF(a));
      |     ^~~~~~~~~~~~~~~~~~~~
/home/parallels/soft/my/countof_ns/include/countof_ns.h:91:21: note: in expansion of macro ‘_countof_ns_typeof’
   91 |                     _countof_ns_typeof(*(a)) (*)[_countof_ns_unsafe(a)]: 1, \
      |                     ^~~~~~~~~~~~~~~~~~
/home/parallels/soft/my/countof_ns/include/countof_ns.h:98:53: note: in expansion of macro ‘_countof_ns_must_be’
   98 |     #define countof_ns(a)  (_countof_ns_unsafe(a) + _countof_ns_must_be(a))
      |                                                     ^~~~~~~~~~~~~~~~~~~
&lt;command-line&gt;: note: in expansion of macro ‘countof_ns’
/home/parallels/soft/my/countof_ns/tests/unit/tu_stub.h:18:25: note: in expansion of macro ‘TU_COUNTOF_FUNC’
   18 | #define TU_COUNTOF(a)  (TU_COUNTOF_FUNC(a))
      |                         ^~~~~~~~~~~~~~~
/home/parallels/soft/my/countof_ns/tests/unit/pos_vla_0n.h:5:30: note: in expansion of macro ‘TU_COUNTOF’
    5 |     TU_ASSERT_AND_RETURN(d0, TU_COUNTOF(a));
      |                              ^~~~~~~~~~
/home/parallels/soft/my/countof_ns/include/countof_ns.h:72:40: error: ‘_Generic’ association has variable length type
   72 |         #define _countof_ns_typeof(t)  __typeof__(t)
      |                                        ^~~~~~~~~~
/home/parallels/soft/my/countof_ns/tests/unit/tu_stub.h:69:35: note: in definition of macro ‘TU_FAIL’
   69 |             if(_TU_TODO_MAGIC != (computed)) { \
      |                                   ^~~~~~~~
/home/parallels/soft/my/countof_ns/tests/unit/tu_stub.h:97:13: note: in expansion of macro ‘_TU_ASSERT_AND_RETURN’
   97 |             _TU_ASSERT_AND_RETURN("TU_ASSERT_AND_RETURN", (desired), (computed))
      |             ^~~~~~~~~~~~~~~~~~~~~
/home/parallels/soft/my/countof_ns/tests/unit/pos_vla_0n.h:5:5: note: in expansion of macro ‘TU_ASSERT_AND_RETURN’
    5 |     TU_ASSERT_AND_RETURN(d0, TU_COUNTOF(a));
      |     ^~~~~~~~~~~~~~~~~~~~
/home/parallels/soft/my/countof_ns/include/countof_ns.h:91:21: note: in expansion of macro ‘_countof_ns_typeof’
   91 |                     _countof_ns_typeof(*(a)) (*)[_countof_ns_unsafe(a)]: 1, \
      |                     ^~~~~~~~~~~~~~~~~~
/home/parallels/soft/my/countof_ns/include/countof_ns.h:98:53: note: in expansion of macro ‘_countof_ns_must_be’
   98 |     #define countof_ns(a)  (_countof_ns_unsafe(a) + _countof_ns_must_be(a))
      |                                                     ^~~~~~~~~~~~~~~~~~~
&lt;command-line&gt;: note: in expansion of macro ‘countof_ns’
/home/parallels/soft/my/countof_ns/tests/unit/tu_stub.h:18:25: note: in expansion of macro ‘TU_COUNTOF_FUNC’
   18 | #define TU_COUNTOF(a)  (TU_COUNTOF_FUNC(a))
      |                         ^~~~~~~~~~~~~~~
/home/parallels/soft/my/countof_ns/tests/unit/pos_vla_0n.h:5:30: note: in expansion of macro ‘TU_COUNTOF’
    5 |     TU_ASSERT_AND_RETURN(d0, TU_COUNTOF(a));
      |                              ^~~~~~~~~~
/home/parallels/soft/my/countof_ns/include/countof_ns.h:72:40: error: ‘_Generic’ association has variable length type
   72 |         #define _countof_ns_typeof(t)  __typeof__(t)
      |                                        ^~~~~~~~~~
/home/parallels/soft/my/countof_ns/tests/unit/tu_stub.h:71:25: note: in definition of macro ‘TU_FAIL’
   71 |                        (computed), (size_t)(desired), (method), (#desired)); \
      |                         ^~~~~~~~
/home/parallels/soft/my/countof_ns/tests/unit/tu_stub.h:97:13: note: in expansion of macro ‘_TU_ASSERT_AND_RETURN’
   97 |             _TU_ASSERT_AND_RETURN("TU_ASSERT_AND_RETURN", (desired), (computed))
      |             ^~~~~~~~~~~~~~~~~~~~~
/home/parallels/soft/my/countof_ns/tests/unit/pos_vla_0n.h:5:5: note: in expansion of macro ‘TU_ASSERT_AND_RETURN’
    5 |     TU_ASSERT_AND_RETURN(d0, TU_COUNTOF(a));
      |     ^~~~~~~~~~~~~~~~~~~~
/home/parallels/soft/my/countof_ns/include/countof_ns.h:91:21: note: in expansion of macro ‘_countof_ns_typeof’
   91 |                     _countof_ns_typeof(*(a)) (*)[_countof_ns_unsafe(a)]: 1, \
      |                     ^~~~~~~~~~~~~~~~~~
/home/parallels/soft/my/countof_ns/include/countof_ns.h:98:53: note: in expansion of macro ‘_countof_ns_must_be’
   98 |     #define countof_ns(a)  (_countof_ns_unsafe(a) + _countof_ns_must_be(a))
      |                                                     ^~~~~~~~~~~~~~~~~~~
&lt;command-line&gt;: note: in expansion of macro ‘countof_ns’
/home/parallels/soft/my/countof_ns/tests/unit/tu_stub.h:18:25: note: in expansion of macro ‘TU_COUNTOF_FUNC’
   18 | #define TU_COUNTOF(a)  (TU_COUNTOF_FUNC(a))
      |                         ^~~~~~~~~~~~~~~
/home/parallels/soft/my/countof_ns/tests/unit/pos_vla_0n.h:5:30: note: in expansion of macro ‘TU_COUNTOF’
    5 |     TU_ASSERT_AND_RETURN(d0, TU_COUNTOF(a));
      |                              ^~~~~~~~~~
/home/parallels/soft/my/countof_ns/include/countof_ns.h:72:40: error: ‘_Generic’ association has variable length type
   72 |         #define _countof_ns_typeof(t)  __typeof__(t)
      |                                        ^~~~~~~~~~
/home/parallels/soft/my/countof_ns/tests/unit/tu_stub.h:73:27: note: in definition of macro ‘TU_FAIL’
   73 |                 if (0 == (computed)) { \
      |                           ^~~~~~~~
/home/parallels/soft/my/countof_ns/tests/unit/tu_stub.h:97:13: note: in expansion of macro ‘_TU_ASSERT_AND_RETURN’
   97 |             _TU_ASSERT_AND_RETURN("TU_ASSERT_AND_RETURN", (desired), (computed))
      |             ^~~~~~~~~~~~~~~~~~~~~
/home/parallels/soft/my/countof_ns/tests/unit/pos_vla_0n.h:5:5: note: in expansion of macro ‘TU_ASSERT_AND_RETURN’
    5 |     TU_ASSERT_AND_RETURN(d0, TU_COUNTOF(a));
      |     ^~~~~~~~~~~~~~~~~~~~
/home/parallels/soft/my/countof_ns/include/countof_ns.h:91:21: note: in expansion of macro ‘_countof_ns_typeof’
   91 |                     _countof_ns_typeof(*(a)) (*)[_countof_ns_unsafe(a)]: 1, \
      |                     ^~~~~~~~~~~~~~~~~~
/home/parallels/soft/my/countof_ns/include/countof_ns.h:98:53: note: in expansion of macro ‘_countof_ns_must_be’
   98 |     #define countof_ns(a)  (_countof_ns_unsafe(a) + _countof_ns_must_be(a))
      |                                                     ^~~~~~~~~~~~~~~~~~~
&lt;command-line&gt;: note: in expansion of macro ‘countof_ns’
/home/parallels/soft/my/countof_ns/tests/unit/tu_stub.h:18:25: note: in expansion of macro ‘TU_COUNTOF_FUNC’
   18 | #define TU_COUNTOF(a)  (TU_COUNTOF_FUNC(a))
      |                         ^~~~~~~~~~~~~~~
/home/parallels/soft/my/countof_ns/tests/unit/pos_vla_0n.h:5:30: note: in expansion of macro ‘TU_COUNTOF’
    5 |     TU_ASSERT_AND_RETURN(d0, TU_COUNTOF(a));
      |                              ^~~~~~~~~~
/home/parallels/soft/my/countof_ns/include/countof_ns.h:72:40: error: ‘_Generic’ association has variable length type
   72 |         #define _countof_ns_typeof(t)  __typeof__(t)
      |                                        ^~~~~~~~~~
/home/parallels/soft/my/countof_ns/tests/unit/tu_stub.h:75:40: note: in definition of macro ‘TU_FAIL’
   75 |                 } else if ((long long)(computed) &lt;= (long long)(desired)) { \
      |                                        ^~~~~~~~
/home/parallels/soft/my/countof_ns/tests/unit/tu_stub.h:97:13: note: in expansion of macro ‘_TU_ASSERT_AND_RETURN’
   97 |             _TU_ASSERT_AND_RETURN("TU_ASSERT_AND_RETURN", (desired), (computed))
      |             ^~~~~~~~~~~~~~~~~~~~~
/home/parallels/soft/my/countof_ns/tests/unit/pos_vla_0n.h:5:5: note: in expansion of macro ‘TU_ASSERT_AND_RETURN’
    5 |     TU_ASSERT_AND_RETURN(d0, TU_COUNTOF(a));
      |     ^~~~~~~~~~~~~~~~~~~~
/home/parallels/soft/my/countof_ns/include/countof_ns.h:91:21: note: in expansion of macro ‘_countof_ns_typeof’
   91 |                     _countof_ns_typeof(*(a)) (*)[_countof_ns_unsafe(a)]: 1, \
      |                     ^~~~~~~~~~~~~~~~~~
/home/parallels/soft/my/countof_ns/include/countof_ns.h:98:53: note: in expansion of macro ‘_countof_ns_must_be’
   98 |     #define countof_ns(a)  (_countof_ns_unsafe(a) + _countof_ns_must_be(a))
      |                                                     ^~~~~~~~~~~~~~~~~~~
&lt;command-line&gt;: note: in expansion of macro ‘countof_ns’
/home/parallels/soft/my/countof_ns/tests/unit/tu_stub.h:18:25: note: in expansion of macro ‘TU_COUNTOF_FUNC’
   18 | #define TU_COUNTOF(a)  (TU_COUNTOF_FUNC(a))
      |                         ^~~~~~~~~~~~~~~
/home/parallels/soft/my/countof_ns/tests/unit/pos_vla_0n.h:5:30: note: in expansion of macro ‘TU_COUNTOF’
    5 |     TU_ASSERT_AND_RETURN(d0, TU_COUNTOF(a));
      |                              ^~~~~~~~~~
gmake[3]: *** [tests/unit/CMakeFiles/pos_vla_0n.dir/build.make:79: tests/unit/CMakeFiles/pos_vla_0n.dir/tu_stub.c.o] Ошибка 1
gmake[2]: *** [CMakeFiles/Makefile2:1422: tests/unit/CMakeFiles/pos_vla_0n.dir/all] Ошибка 2
gmake[1]: *** [CMakeFiles/Makefile2:1429: tests/unit/CMakeFiles/pos_vla_0n.dir/rule] Ошибка 2
gmake: *** [Makefile:576: pos_vla_0n] Ошибка 2

</system-out>
	</testcase>
	<testcase name="pos_vla_0n_c11" classname="pos_vla_0n_c11" time="0.00171965" status="run">
		<properties>
			<property name="cmake_labels" value="countof_ns;default"/>
		</properties>
		<system-out>Ok 0 TU_ASSERT_AND_RETURN((d0)=0, ...) /home/parallels/soft/my/countof_ns/tests/unit/pos_vla_0n.h:pos_vla_0n.h:TU_UNIT for countof_ns.h:countof_ns() with C11&amp;VLA, C 202000L
</system-out>
	</testcase>
	<testcase name="pos_vla_cv" classname="pos_vla_cv" time="0.18244" status="fail">
		<failure message="Failed"/>
		<properties>
			<property name="cmake_labels" value="countof_ns;default"/>
		</properties>
		<system-out>Internal cmake changing into directory: /home/parallels/soft/my/countof_ns/build/Linux_gcc-11_g++-11
Change Dir: '/home/parallels/soft/my/countof_ns/build/Linux_gcc-11_g++-11'

Run Build Command(s): /usr/bin/gmake -f Makefile pos_vla_cv
[  0%] Built target CounofNS
[ 50%] Building C object tests/unit/CMakeFiles/pos_vla_cv.dir/tu_stub.c.o
In file included from /home/parallels/soft/my/countof_ns/tests/unit/tu_stub.c:5:
/home/parallels/soft/my/countof_ns/tests/unit/pos_vla_cv.h: In function ‘TU_UNIT’:
/home/parallels/soft/my/countof_ns/include/countof_ns.h:72:40: error: ‘_Generic’ association has variable length type
   72 |         #define _countof_ns_typeof(t)  __typeof__(t)
      |                                        ^~~~~~~~~~
/home/parallels/soft/my/countof_ns/tests/unit/tu_stub.h:84:31: note: in definition of macro ‘_TU_ASSERT_AND_RETURN’
   84 |             if ((desired) == (computed)) { \
      |                               ^~~~~~~~
/home/parallels/soft/my/countof_ns/tests/unit/pos_vla_cv.h:5:5: note: in expansion of macro ‘TU_ASSERT_AND_RETURN’
    5 |     TU_ASSERT_AND_RETURN(d1, TU_COUNTOF(a));
      |     ^~~~~~~~~~~~~~~~~~~~
/home/parallels/soft/my/countof_ns/include/countof_ns.h:91:21: note: in expansion of macro ‘_countof_ns_typeof’
   91 |                     _countof_ns_typeof(*(a)) (*)[_countof_ns_unsafe(a)]: 1, \
      |                     ^~~~~~~~~~~~~~~~~~
/home/parallels/soft/my/countof_ns/include/countof_ns.h:98:53: note: in expansion of macro ‘_countof_ns_must_be’
   98 |     #define countof_ns(a)  (_countof_ns_unsafe(a) + _countof_ns_must_be(a))
      |                                                     ^~~~~~~~~~~~~~~~~~~
&lt;command-line&gt;: note: in expansion of macro ‘countof_ns’
/home/parallels/soft/my/countof_ns/tests/unit/tu_stub.h:18:25: note: in expansion of macro ‘TU_COUNTOF_FUNC’
   18 | #define TU_COUNTOF(a)  (TU_COUNTOF_FUNC(a))
      |                         ^~~~~~~~~~~~~~~
/home/parallels/soft/my/countof_ns/tests/unit/pos_vla_cv.h:5:30: note: in expansion of macro ‘TU_COUNTOF’
    5 |     TU_ASSERT_AND_RETURN(d1, TU_COUNTOF(a));
      |                              ^~~~~~~~~~
/home/parallels/soft/my/countof_ns/include/countof_ns.h:72:40: error: ‘_Generic’ association has variable length type
   72 |         #define _countof_ns_typeof(t)  __typeof__(t)
      |                                        ^~~~~~~~~~
/home/parallels/soft/my/countof_ns/tests/unit/tu_stub.h:88:25: note: in definition of macro ‘_TU_ASSERT_AND_RETURN’
   88 |                        (computed), (method), (#desired), (size_t)(desired)); \
      |                         ^~~~~~~~
/home/parallels/soft/my/countof_ns/tests/unit/pos_vla_cv.h:5:5: note: in expansion of macro ‘TU_ASSERT_AND_RETURN’
    5 |     TU_ASSERT_AND_RETURN(d1, TU_COUNTOF(a));
      |     ^~~~~~~~~~~~~~~~~~~~
/home/parallels/soft/my/countof_ns/include/countof_ns.h:91:21: note: in expansion of macro ‘_countof_ns_typeof’
   91 |                     _countof_ns_typeof(*(a)) (*)[_countof_ns_unsafe(a)]: 1, \
      |                     ^~~~~~~~~~~~~~~~~~
/home/parallels/soft/my/countof_ns/include/countof_ns.h:98:53: note: in expansion of macro ‘_countof_ns_must_be’
   98 |     #define countof_ns(a)  (_countof_ns_unsafe(a) + _countof_ns_must_be(a))
      |                                                     ^~~~~~~~~~~~~~~~~~~
&lt;command-line&gt;: note: in expansion of macro ‘countof_ns’
/home/parallels/soft/my/countof_ns/tests/unit/tu_stub.h:18:25: note: in expansion of macro ‘TU_COUNTOF_FUNC’
   18 | #define TU_COUNTOF(a)  (TU_COUNTOF_FUNC(a))
      |                         ^~~~~~~~~~~~~~~
/home/parallels/soft/my/countof_ns/tests/unit/pos_vla_cv.h:5:30: note: in expansion of macro ‘TU_COUNTOF’
    5 |     TU_ASSERT_AND_RETURN(d1, TU_COUNTOF(a));
      |                              ^~~~~~~~~~
/home/parallels/soft/my/countof_ns/include/countof_ns.h:72:40: error: ‘_Generic’ association has variable length type
   72 |         #define _countof_ns_typeof(t)  __typeof__(t)
      |                                        ^~~~~~~~~~
/home/parallels/soft/my/countof_ns/tests/unit/tu_stub.h:69:35: note: in definition of macro ‘TU_FAIL’
   69 |             if(_TU_TODO_MAGIC != (computed)) { \
      |                                   ^~~~~~~~
/home/parallels/soft/my/countof_ns/tests/unit/tu_stub.h:97:13: note: in expansion of macro ‘_TU_ASSERT_AND_RETURN’
   97 |             _TU_ASSERT_AND_RETURN("TU_ASSERT_AND_RETURN", (desired), (computed))
      |             ^~~~~~~~~~~~~~~~~~~~~
/home/parallels/soft/my/countof_ns/tests/unit/pos_vla_cv.h:5:5: note: in expansion of macro ‘TU_ASSERT_AND_RETURN’
    5 |     TU_ASSERT_AND_RETURN(d1, TU_COUNTOF(a));
      |     ^~~~~~~~~~~~~~~~~~~~
/home/parallels/soft/my/countof_ns/include/countof_ns.h:91:21: note: in expansion of macro ‘_countof_ns_typeof’
   91 |                     _countof_ns_typeof(*(a)) (*)[_countof_ns_unsafe(a)]: 1, \
      |                     ^~~~~~~~~~~~~~~~~~
/home/parallels/soft/my/countof_ns/include/countof_ns.h:98:53: note: in expansion of macro ‘_countof_ns_must_be’
   98 |     #define countof_ns(a)  (_countof_ns_unsafe(a) + _countof_ns_must_be(a))
      |                                                     ^~~~~~~~~~~~~~~~~~~
&lt;command-line&gt;: note: in expansion of macro ‘countof_ns’
/home/parallels/soft/my/countof_ns/tests/unit/tu_stub.h:18:25: note: in expansion of macro ‘TU_COUNTOF_FUNC’
   18 | #define TU_COUNTOF(a)  (TU_COUNTOF_FUNC(a))
      |                         ^~~~~~~~~~~~~~~
/home/parallels/soft/my/countof_ns/tests/unit/pos_vla_cv.h:5:30: note: in expansion of macro ‘TU_COUNTOF’
    5 |     TU_ASSERT_AND_RETURN(d1, TU_COUNTOF(a));
      |                              ^~~~~~~~~~
/home/parallels/soft/my/countof_ns/include/countof_ns.h:72:40: error: ‘_Generic’ association has variable length type
   72 |         #define _countof_ns_typeof(t)  __typeof__(t)
      |                                        ^~~~~~~~~~
/home/parallels/soft/my/countof_ns/tests/unit/tu_stub.h:71:25: note: in definition of macro ‘TU_FAIL’
   71 |                        (computed), (size_t)(desired), (method), (#desired)); \
      |                         ^~~~~~~~
/home/parallels/soft/my/countof_ns/tests/unit/tu_stub.h:97:13: note: in expansion of macro ‘_TU_ASSERT_AND_RETURN’
   97 |             _TU_ASSERT_AND_RETURN("TU_ASSERT_AND_RETURN", (desired), (computed))
      |             ^~~~~~~~~~~~~~~~~~~~~
/home/parallels/soft/my/countof_ns/tests/unit/pos_vla_cv.h:5:5: note: in expansion of macro ‘TU_ASSERT_AND_RETURN’
    5 |     TU_ASSERT_AND_RETURN(d1, TU_COUNTOF(a));
      |     ^~~~~~~~~~~~~~~~~~~~
/home/parallels/soft/my/countof_ns/include/countof_ns.h:91:21: note: in expansion of macro ‘_countof_ns_typeof’
   91 |                     _countof_ns_typeof(*(a)) (*)[_countof_ns_unsafe(a)]: 1, \
      |                     ^~~~~~~~~~~~~~~~~~
/home/parallels/soft/my/countof_ns/include/countof_ns.h:98:53: note: in expansion of macro ‘_countof_ns_must_be’
   98 |     #define countof_ns(a)  (_countof_ns_unsafe(a) + _countof_ns_must_be(a))
      |                                                     ^~~~~~~~~~~~~~~~~~~
&lt;command-line&gt;: note: in expansion of macro ‘countof_ns’
/home/parallels/soft/my/countof_ns/tests/unit/tu_stub.h:18:25: note: in expansion of macro ‘TU_COUNTOF_FUNC’
   18 | #define TU_COUNTOF(a)  (TU_COUNTOF_FUNC(a))
      |                         ^~~~~~~~~~~~~~~
/home/parallels/soft/my/countof_ns/tests/unit/pos_vla_cv.h:5:30: note: in expansion of macro ‘TU_COUNTOF’
    5 |     TU_ASSERT_AND_RETURN(d1, TU_COUNTOF(a));
      |                              ^~~~~~~~~~
/home/parallels/soft/my/countof_ns/include/countof_ns.h:72:40: error: ‘_Generic’ association has variable length type
   72 |         #define _countof_ns_typeof(t)  __typeof__(t)
      |                                        ^~~~~~~~~~
/home/parallels/soft/my/countof_ns/tests/unit/tu_stub.h:73:27: note: in definition of macro ‘TU_FAIL’
   73 |                 if (0 == (computed)) { \
      |                           ^~~~~~~~
/home/parallels/soft/my/countof_ns/tests/unit/tu_stub.h:97:13: note: in expansion of macro ‘_TU_ASSERT_AND_RETURN’
   97 |             _TU_ASSERT_AND_RETURN("TU_ASSERT_AND_RETURN", (desired), (computed))
      |             ^~~~~~~~~~~~~~~~~~~~~
/home/parallels/soft/my/countof_ns/tests/unit/pos_vla_cv.h:5:5: note: in expansion of macro ‘TU_ASSERT_AND_RETURN’
    5 |     TU_ASSERT_AND_RETURN(d1, TU_COUNTOF(a));
      |     ^~~~~~~~~~~~~~~~~~~~
/home/parallels/soft/my/countof_ns/include/countof_ns.h:91:21: note: in expansion of macro ‘_countof_ns_typeof’
   91 |                     _countof_ns_typeof(*(a)) (*)[_countof_ns_unsafe(a)]: 1, \
      |                     ^~~~~~~~~~~~~~~~~~
/home/parallels/soft/my/countof_ns/include/countof_ns.h:98:53: note: in expansion of macro ‘_countof_ns_must_be’
   98 |     #define countof_ns(a)  (_countof_ns_unsafe(a) + _countof_ns_must_be(a))
      |                                                     ^~~~~~~~~~~~~~~~~~~
&lt;command-line&gt;: note: in expansion of macro ‘countof_ns’
/home/parallels/soft/my/countof_ns/tests/unit/tu_stub.h:18:25: note: in expansion of macro ‘TU_COUNTOF_FUNC’
   18 | #define TU_COUNTOF(a)  (TU_COUNTOF_FUNC(a))
      |                         ^~~~~~~~~~~~~~~
/home/parallels/soft/my/countof_ns/tests/unit/pos_vla_cv.h:5:30: note: in expansion of macro ‘TU_COUNTOF’
    5 |     TU_ASSERT_AND_RETURN(d1, TU_COUNTOF(a));
      |                              ^~~~~~~~~~
/home/parallels/soft/my/countof_ns/include/countof_ns.h:72:40: error: ‘_Generic’ association has variable length type
   72 |         #define _countof_ns_typeof(t)  __typeof__(t)
      |                                        ^~~~~~~~~~
/home/parallels/soft/my/countof_ns/tests/unit/tu_stub.h:75:40: note: in definition of macro ‘TU_FAIL’
   75 |                 } else if ((long long)(computed) &lt;= (long long)(desired)) { \
      |                                        ^~~~~~~~
/home/parallels/soft/my/countof_ns/tests/unit/tu_stub.h:97:13: note: in expansion of macro ‘_TU_ASSERT_AND_RETURN’
   97 |             _TU_ASSERT_AND_RETURN("TU_ASSERT_AND_RETURN", (desired), (computed))
      |             ^~~~~~~~~~~~~~~~~~~~~
/home/parallels/soft/my/countof_ns/tests/unit/pos_vla_cv.h:5:5: note: in expansion of macro ‘TU_ASSERT_AND_RETURN’
    5 |     TU_ASSERT_AND_RETURN(d1, TU_COUNTOF(a));
      |     ^~~~~~~~~~~~~~~~~~~~
/home/parallels/soft/my/countof_ns/include/countof_ns.h:91:21: note: in expansion of macro ‘_countof_ns_typeof’
   91 |                     _countof_ns_typeof(*(a)) (*)[_countof_ns_unsafe(a)]: 1, \
      |                     ^~~~~~~~~~~~~~~~~~
/home/parallels/soft/my/countof_ns/include/countof_ns.h:98:53: note: in expansion of macro ‘_countof_ns_must_be’
   98 |     #define countof_ns(a)  (_countof_ns_unsafe(a) + _countof_ns_must_be(a))
      |                                                     ^~~~~~~~~~~~~~~~~~~
&lt;command-line&gt;: note: in expansion of macro ‘countof_ns’
/home/parallels/soft/my/countof_ns/tests/unit/tu_stub.h:18:25: note: in expansion of macro ‘TU_COUNTOF_FUNC’
   18 | #define TU_COUNTOF(a)  (TU_COUNTOF_FUNC(a))
      |                         ^~~~~~~~~~~~~~~
/home/parallels/soft/my/countof_ns/tests/unit/pos_vla_cv.h:5:30: note: in expansion of macro ‘TU_COUNTOF’
    5 |     TU_ASSERT_AND_RETURN(d1, TU_COUNTOF(a));
      |                              ^~~~~~~~~~
gmake[3]: *** [tests/unit/CMakeFiles/pos_vla_cv.dir/build.make:79: tests/unit/CMakeFiles/pos_vla_cv.dir/tu_stub.c.o] Ошибка 1
gmake[2]: *** [CMakeFiles/Makefile2:1486: tests/unit/CMakeFiles/pos_vla_cv.dir/all] Ошибка 2
gmake[1]: *** [CMakeFiles/Makefile2:1493: tests/unit/CMakeFiles/pos_vla_cv.dir/rule] Ошибка 2
gmake: *** [Makefile:602: pos_vla_cv] Ошибка 2

</system-out>
	</testcase>
	<testcase name="pos_vla_cv_c11" classname="pos_vla_cv_c11" time="0.0023878" status="run">
		<properties>
			<property name="cmake_labels" value="countof_ns;default"/>
		</properties>
		<system-out>Ok 1 TU_ASSERT_AND_RETURN((d1)=1, ...) /home/parallels/soft/my/countof_ns/tests/unit/pos_vla_cv.h:pos_vla_cv.h:TU_UNIT for countof_ns.h:countof_ns() with C11&amp;VLA, C 202000L
</system-out>
	</testcase>
	<testcase name="pos_vla_n0" classname="pos_vla_n0" time="0.179831" status="fail">
		<failure message="Failed"/>
		<properties>
			<property name="cmake_labels" value="countof_ns;default"/>
		</properties>
		<system-out>Internal cmake changing into directory: /home/parallels/soft/my/countof_ns/build/Linux_gcc-11_g++-11
Change Dir: '/home/parallels/soft/my/countof_ns/build/Linux_gcc-11_g++-11'

Run Build Command(s): /usr/bin/gmake -f Makefile pos_vla_n0
[  0%] Built target CounofNS
[  0%] Building C object tests/unit/CMakeFiles/pos_vla_n0.dir/tu_stub.c.o
In file included from /home/parallels/soft/my/countof_ns/tests/unit/tu_stub.c:5:
/home/parallels/soft/my/countof_ns/tests/unit/pos_vla_n0.h: In function ‘TU_UNIT’:
/home/parallels/soft/my/countof_ns/include/countof_ns.h:72:40: error: ‘_Generic’ association has variable length type
   72 |         #define _countof_ns_typeof(t)  __typeof__(t)
      |                                        ^~~~~~~~~~
/home/parallels/soft/my/countof_ns/tests/unit/tu_stub.h:84:31: note: in definition of macro ‘_TU_ASSERT_AND_RETURN’
   84 |             if ((desired) == (computed)) { \
      |                               ^~~~~~~~
/home/parallels/soft/my/countof_ns/tests/unit/pos_vla_n0.h:5:5: note: in expansion of macro ‘TU_ASSERT_AND_RETURN’
    5 |     TU_ASSERT_AND_RETURN(d1, TU_COUNTOF(b));
      |     ^~~~~~~~~~~~~~~~~~~~
/home/parallels/soft/my/countof_ns/include/countof_ns.h:91:21: note: in expansion of macro ‘_countof_ns_typeof’
   91 |                     _countof_ns_typeof(*(a)) (*)[_countof_ns_unsafe(a)]: 1, \
      |                     ^~~~~~~~~~~~~~~~~~
/home/parallels/soft/my/countof_ns/include/countof_ns.h:98:53: note: in expansion of macro ‘_countof_ns_must_be’
   98 |     #define countof_ns(a)  (_countof_ns_unsafe(a) + _countof_ns_must_be(a))
      |                                                     ^~~~~~~~~~~~~~~~~~~
&lt;command-line&gt;: note: in expansion of macro ‘countof_ns’
/home/parallels/soft/my/countof_ns/tests/unit/tu_stub.h:18:25: note: in expansion of macro ‘TU_COUNTOF_FUNC’
   18 | #define TU_COUNTOF(a)  (TU_COUNTOF_FUNC(a))
      |                         ^~~~~~~~~~~~~~~
/home/parallels/soft/my/countof_ns/tests/unit/pos_vla_n0.h:5:30: note: in expansion of macro ‘TU_COUNTOF’
    5 |     TU_ASSERT_AND_RETURN(d1, TU_COUNTOF(b));
      |                              ^~~~~~~~~~
/home/parallels/soft/my/countof_ns/include/countof_ns.h:72:40: error: ‘_Generic’ association has variable length type
   72 |         #define _countof_ns_typeof(t)  __typeof__(t)
      |                                        ^~~~~~~~~~
/home/parallels/soft/my/countof_ns/tests/unit/tu_stub.h:88:25: note: in definition of macro ‘_TU_ASSERT_AND_RETURN’
   88 |                        (computed), (method), (#desired), (size_t)(desired)); \
      |                         ^~~~~~~~
/home/parallels/soft/my/countof_ns/tests/unit/pos_vla_n0.h:5:5: note: in expansion of macro ‘TU_ASSERT_AND_RETURN’
    5 |     TU_ASSERT_AND_RETURN(d1, TU_COUNTOF(b));
      |     ^~~~~~~~~~~~~~~~~~~~
/home/parallels/soft/my/countof_ns/include/countof_ns.h:91:21: note: in expansion of macro ‘_countof_ns_typeof’
   91 |                     _countof_ns_typeof(*(a)) (*)[_countof_ns_unsafe(a)]: 1, \
      |                     ^~~~~~~~~~~~~~~~~~
/home/parallels/soft/my/countof_ns/include/countof_ns.h:98:53: note: in expansion of macro ‘_countof_ns_must_be’
   98 |     #define countof_ns(a)  (_countof_ns_unsafe(a) + _countof_ns_must_be(a))
      |                                                     ^~~~~~~~~~~~~~~~~~~
&lt;command-line&gt;: note: in expansion of macro ‘countof_ns’
/home/parallels/soft/my/countof_ns/tests/unit/tu_stub.h:18:25: note: in expansion of macro ‘TU_COUNTOF_FUNC’
   18 | #define TU_COUNTOF(a)  (TU_COUNTOF_FUNC(a))
      |                         ^~~~~~~~~~~~~~~
/home/parallels/soft/my/countof_ns/tests/unit/pos_vla_n0.h:5:30: note: in expansion of macro ‘TU_COUNTOF’
    5 |     TU_ASSERT_AND_RETURN(d1, TU_COUNTOF(b));
      |                              ^~~~~~~~~~
/home/parallels/soft/my/countof_ns/include/countof_ns.h:72:40: error: ‘_Generic’ association has variable length type
   72 |         #define _countof_ns_typeof(t)  __typeof__(t)
      |                                        ^~~~~~~~~~
/home/parallels/soft/my/countof_ns/tests/unit/tu_stub.h:69:35: note: in definition of macro ‘TU_FAIL’
   69 |             if(_TU_TODO_MAGIC != (computed)) { \
      |                                   ^~~~~~~~
/home/parallels/soft/my/countof_ns/tests/unit/tu_stub.h:97:13: note: in expansion of macro ‘_TU_ASSERT_AND_RETURN’
   97 |             _TU_ASSERT_AND_RETURN("TU_ASSERT_AND_RETURN", (desired), (computed))
      |             ^~~~~~~~~~~~~~~~~~~~~
/home/parallels/soft/my/countof_ns/tests/unit/pos_vla_n0.h:5:5: note: in expansion of macro ‘TU_ASSERT_AND_RETURN’
    5 |     TU_ASSERT_AND_RETURN(d1, TU_COUNTOF(b));
      |     ^~~~~~~~~~~~~~~~~~~~
/home/parallels/soft/my/countof_ns/include/countof_ns.h:91:21: note: in expansion of macro ‘_countof_ns_typeof’
   91 |                     _countof_ns_typeof(*(a)) (*)[_countof_ns_unsafe(a)]: 1, \
      |                     ^~~~~~~~~~~~~~~~~~
/home/parallels/soft/my/countof_ns/include/countof_ns.h:98:53: note: in expansion of macro ‘_countof_ns_must_be’
   98 |     #define countof_ns(a)  (_countof_ns_unsafe(a) + _countof_ns_must_be(a))
      |                                                     ^~~~~~~~~~~~~~~~~~~
&lt;command-line&gt;: note: in expansion of macro ‘countof_ns’
/home/parallels/soft/my/countof_ns/tests/unit/tu_stub.h:18:25: note: in expansion of macro ‘TU_COUNTOF_FUNC’
   18 | #define TU_COUNTOF(a)  (TU_COUNTOF_FUNC(a))
      |                         ^~~~~~~~~~~~~~~
/home/parallels/soft/my/countof_ns/tests/unit/pos_vla_n0.h:5:30: note: in expansion of macro ‘TU_COUNTOF’
    5 |     TU_ASSERT_AND_RETURN(d1, TU_COUNTOF(b));
      |                              ^~~~~~~~~~
/home/parallels/soft/my/countof_ns/include/countof_ns.h:72:40: error: ‘_Generic’ association has variable length type
   72 |         #define _countof_ns_typeof(t)  __typeof__(t)
      |                                        ^~~~~~~~~~
/home/parallels/soft/my/countof_ns/tests/unit/tu_stub.h:71:25: note: in definition of macro ‘TU_FAIL’
   71 |                        (computed), (size_t)(desired), (method), (#desired)); \
      |                         ^~~~~~~~
/home/parallels/soft/my/countof_ns/tests/unit/tu_stub.h:97:13: note: in expansion of macro ‘_TU_ASSERT_AND_RETURN’
   97 |             _TU_ASSERT_AND_RETURN("TU_ASSERT_AND_RETURN", (desired), (computed))
      |             ^~~~~~~~~~~~~~~~~~~~~
/home/parallels/soft/my/countof_ns/tests/unit/pos_vla_n0.h:5:5: note: in expansion of macro ‘TU_ASSERT_AND_RETURN’
    5 |     TU_ASSERT_AND_RETURN(d1, TU_COUNTOF(b));
      |     ^~~~~~~~~~~~~~~~~~~~
/home/parallels/soft/my/countof_ns/include/countof_ns.h:91:21: note: in expansion of macro ‘_countof_ns_typeof’
   91 |                     _countof_ns_typeof(*(a)) (*)[_countof_ns_unsafe(a)]: 1, \
      |                     ^~~~~~~~~~~~~~~~~~
/home/parallels/soft/my/countof_ns/include/countof_ns.h:98:53: note: in expansion of macro ‘_countof_ns_must_be’
   98 |     #define countof_ns(a)  (_countof_ns_unsafe(a) + _countof_ns_must_be(a))
      |                                                     ^~~~~~~~~~~~~~~~~~~
&lt;command-line&gt;: note: in expansion of macro ‘countof_ns’
/home/parallels/soft/my/countof_ns/tests/unit/tu_stub.h:18:25: note: in expansion of macro ‘TU_COUNTOF_FUNC’
   18 | #define TU_COUNTOF(a)  (TU_COUNTOF_FUNC(a))
      |                         ^~~~~~~~~~~~~~~
/home/parallels/soft/my/countof_ns/tests/unit/pos_vla_n0.h:5:30: note: in expansion of macro ‘TU_COUNTOF’
    5 |     TU_ASSERT_AND_RETURN(d1, TU_COUNTOF(b));
      |                              ^~~~~~~~~~
/home/parallels/soft/my/countof_ns/include/countof_ns.h:72:40: error: ‘_Generic’ association has variable length type
   72 |         #define _countof_ns_typeof(t)  __typeof__(t)
      |                                        ^~~~~~~~~~
/home/parallels/soft/my/countof_ns/tests/unit/tu_stub.h:73:27: note: in definition of macro ‘TU_FAIL’
   73 |                 if (0 == (computed)) { \
      |                           ^~~~~~~~
/home/parallels/soft/my/countof_ns/tests/unit/tu_stub.h:97:13: note: in expansion of macro ‘_TU_ASSERT_AND_RETURN’
   97 |             _TU_ASSERT_AND_RETURN("TU_ASSERT_AND_RETURN", (desired), (computed))
      |             ^~~~~~~~~~~~~~~~~~~~~
/home/parallels/soft/my/countof_ns/tests/unit/pos_vla_n0.h:5:5: note: in expansion of macro ‘TU_ASSERT_AND_RETURN’
    5 |     TU_ASSERT_AND_RETURN(d1, TU_COUNTOF(b));
      |     ^~~~~~~~~~~~~~~~~~~~
/home/parallels/soft/my/countof_ns/include/countof_ns.h:91:21: note: in expansion of macro ‘_countof_ns_typeof’
   91 |                     _countof_ns_typeof(*(a)) (*)[_countof_ns_unsafe(a)]: 1, \
      |                     ^~~~~~~~~~~~~~~~~~
/home/parallels/soft/my/countof_ns/include/countof_ns.h:98:53: note: in expansion of macro ‘_countof_ns_must_be’
   98 |     #define countof_ns(a)  (_countof_ns_unsafe(a) + _countof_ns_must_be(a))
      |                                                     ^~~~~~~~~~~~~~~~~~~
&lt;command-line&gt;: note: in expansion of macro ‘countof_ns’
/home/parallels/soft/my/countof_ns/tests/unit/tu_stub.h:18:25: note: in expansion of macro ‘TU_COUNTOF_FUNC’
   18 | #define TU_COUNTOF(a)  (TU_COUNTOF_FUNC(a))
      |                         ^~~~~~~~~~~~~~~
/home/parallels/soft/my/countof_ns/tests/unit/pos_vla_n0.h:5:30: note: in expansion of macro ‘TU_COUNTOF’
    5 |     TU_ASSERT_AND_RETURN(d1, TU_COUNTOF(b));
      |                              ^~~~~~~~~~
/home/parallels/soft/my/countof_ns/include/countof_ns.h:72:40: error: ‘_Generic’ association has variable length type
   72 |         #define _countof_ns_typeof(t)  __typeof__(t)
      |                                        ^~~~~~~~~~
/home/parallels/soft/my/countof_ns/tests/unit/tu_stub.h:75:40: note: in definition of macro ‘TU_FAIL’
   75 |                 } else if ((long long)(computed) &lt;= (long long)(desired)) { \
      |                                        ^~~~~~~~
/home/parallels/soft/my/countof_ns/tests/unit/tu_stub.h:97:13: note: in expansion of macro ‘_TU_ASSERT_AND_RETURN’
   97 |             _TU_ASSERT_AND_RETURN("TU_ASSERT_AND_RETURN", (desired), (computed))
      |             ^~~~~~~~~~~~~~~~~~~~~
/home/parallels/soft/my/countof_ns/tests/unit/pos_vla_n0.h:5:5: note: in expansion of macro ‘TU_ASSERT_AND_RETURN’
    5 |     TU_ASSERT_AND_RETURN(d1, TU_COUNTOF(b));
      |     ^~~~~~~~~~~~~~~~~~~~
/home/parallels/soft/my/countof_ns/include/countof_ns.h:91:21: note: in expansion of macro ‘_countof_ns_typeof’
   91 |                     _countof_ns_typeof(*(a)) (*)[_countof_ns_unsafe(a)]: 1, \
      |                     ^~~~~~~~~~~~~~~~~~
/home/parallels/soft/my/countof_ns/include/countof_ns.h:98:53: note: in expansion of macro ‘_countof_ns_must_be’
   98 |     #define countof_ns(a)  (_countof_ns_unsafe(a) + _countof_ns_must_be(a))
      |                                                     ^~~~~~~~~~~~~~~~~~~
&lt;command-line&gt;: note: in expansion of macro ‘countof_ns’
/home/parallels/soft/my/countof_ns/tests/unit/tu_stub.h:18:25: note: in expansion of macro ‘TU_COUNTOF_FUNC’
   18 | #define TU_COUNTOF(a)  (TU_COUNTOF_FUNC(a))
      |                         ^~~~~~~~~~~~~~~
/home/parallels/soft/my/countof_ns/tests/unit/pos_vla_n0.h:5:30: note: in expansion of macro ‘TU_COUNTOF’
    5 |     TU_ASSERT_AND_RETURN(d1, TU_COUNTOF(b));
      |                              ^~~~~~~~~~
gmake[3]: *** [tests/unit/CMakeFiles/pos_vla_n0.dir/build.make:79: tests/unit/CMakeFiles/pos_vla_n0.dir/tu_stub.c.o] Ошибка 1
gmake[2]: *** [CMakeFiles/Makefile2:1550: tests/unit/CMakeFiles/pos_vla_n0.dir/all] Ошибка 2
gmake[1]: *** [CMakeFiles/Makefile2:1557: tests/unit/CMakeFiles/pos_vla_n0.dir/rule] Ошибка 2
gmake: *** [Makefile:628: pos_vla_n0] Ошибка 2

</system-out>
	</testcase>
	<testcase name="pos_vla_n0_c11" classname="pos_vla_n0_c11" time="0.171169" status="fail">
		<failure message="Failed"/>
		<properties>
			<property name="cmake_labels" value="countof_ns;default"/>
		</properties>
		<system-out>Internal cmake changing into directory: /home/parallels/soft/my/countof_ns/build/Linux_gcc-11_g++-11
Change Dir: '/home/parallels/soft/my/countof_ns/build/Linux_gcc-11_g++-11'

Run Build Command(s): /usr/bin/gmake -f Makefile pos_vla_n0_c11
[  0%] Built target CounofNS
[100%] Built target pos_vla_n0_c11

Running test command: "/home/parallels/soft/my/countof_ns/build/Linux_gcc-11_g++-11/tests/unit/pos_vla_n0_c11"
Test command failed: /home/parallels/soft/my/countof_ns/build/Linux_gcc-11_g++-11/tests/unit/pos_vla_n0_c11
Fail 0 desired=1 TU_ASSERT_AND_RETURN(((d1)), ...) /home/parallels/soft/my/countof_ns/tests/unit/pos_vla_n0.h:pos_vla_n0.h:TU_UNIT for countof_ns.h:countof_ns() with C11&amp;VLA, C 202000L

</system-out>
	</testcase>
	<testcase name="pos_vla_struct_n0" classname="pos_vla_struct_n0" time="0.181034" status="fail">
		<failure message="Failed"/>
		<properties>
			<property name="cmake_labels" value="countof_ns;default"/>
		</properties>
		<system-out>Internal cmake changing into directory: /home/parallels/soft/my/countof_ns/build/Linux_gcc-11_g++-11
Change Dir: '/home/parallels/soft/my/countof_ns/build/Linux_gcc-11_g++-11'

Run Build Command(s): /usr/bin/gmake -f Makefile pos_vla_struct_n0
[  0%] Built target CounofNS
[ 50%] Building C object tests/unit/CMakeFiles/pos_vla_struct_n0.dir/tu_stub.c.o
In file included from /home/parallels/soft/my/countof_ns/tests/unit/tu_stub.c:5:
/home/parallels/soft/my/countof_ns/tests/unit/pos_vla_struct_n0.h: In function ‘TU_UNIT’:
/home/parallels/soft/my/countof_ns/include/countof_ns.h:72:40: error: ‘_Generic’ association has variable length type
   72 |         #define _countof_ns_typeof(t)  __typeof__(t)
      |                                        ^~~~~~~~~~
/home/parallels/soft/my/countof_ns/tests/unit/tu_stub.h:84:31: note: in definition of macro ‘_TU_ASSERT_AND_RETURN’
   84 |             if ((desired) == (computed)) { \
      |                               ^~~~~~~~
/home/parallels/soft/my/countof_ns/tests/unit/pos_vla_struct_n0.h:7:5: note: in expansion of macro ‘TU_ASSERT_AND_RETURN’
    7 |     TU_ASSERT_AND_RETURN(d1, TU_COUNTOF(a));
      |     ^~~~~~~~~~~~~~~~~~~~
/home/parallels/soft/my/countof_ns/include/countof_ns.h:91:21: note: in expansion of macro ‘_countof_ns_typeof’
   91 |                     _countof_ns_typeof(*(a)) (*)[_countof_ns_unsafe(a)]: 1, \
      |                     ^~~~~~~~~~~~~~~~~~
/home/parallels/soft/my/countof_ns/include/countof_ns.h:98:53: note: in expansion of macro ‘_countof_ns_must_be’
   98 |     #define countof_ns(a)  (_countof_ns_unsafe(a) + _countof_ns_must_be(a))
      |                                                     ^~~~~~~~~~~~~~~~~~~
&lt;command-line&gt;: note: in expansion of macro ‘countof_ns’
/home/parallels/soft/my/countof_ns/tests/unit/tu_stub.h:18:25: note: in expansion of macro ‘TU_COUNTOF_FUNC’
   18 | #define TU_COUNTOF(a)  (TU_COUNTOF_FUNC(a))
      |                         ^~~~~~~~~~~~~~~
/home/parallels/soft/my/countof_ns/tests/unit/pos_vla_struct_n0.h:7:30: note: in expansion of macro ‘TU_COUNTOF’
    7 |     TU_ASSERT_AND_RETURN(d1, TU_COUNTOF(a));
      |                              ^~~~~~~~~~
/home/parallels/soft/my/countof_ns/include/countof_ns.h:72:40: error: ‘_Generic’ association has variable length type
   72 |         #define _countof_ns_typeof(t)  __typeof__(t)
      |                                        ^~~~~~~~~~
/home/parallels/soft/my/countof_ns/tests/unit/tu_stub.h:88:25: note: in definition of macro ‘_TU_ASSERT_AND_RETURN’
   88 |                        (computed), (method), (#desired), (size_t)(desired)); \
      |                         ^~~~~~~~
/home/parallels/soft/my/countof_ns/tests/unit/pos_vla_struct_n0.h:7:5: note: in expansion of macro ‘TU_ASSERT_AND_RETURN’
    7 |     TU_ASSERT_AND_RETURN(d1, TU_COUNTOF(a));
      |     ^~~~~~~~~~~~~~~~~~~~
/home/parallels/soft/my/countof_ns/include/countof_ns.h:91:21: note: in expansion of macro ‘_countof_ns_typeof’
   91 |                     _countof_ns_typeof(*(a)) (*)[_countof_ns_unsafe(a)]: 1, \
      |                     ^~~~~~~~~~~~~~~~~~
/home/parallels/soft/my/countof_ns/include/countof_ns.h:98:53: note: in expansion of macro ‘_countof_ns_must_be’
   98 |     #define countof_ns(a)  (_countof_ns_unsafe(a) + _countof_ns_must_be(a))
      |                                                     ^~~~~~~~~~~~~~~~~~~
&lt;command-line&gt;: note: in expansion of macro ‘countof_ns’
/home/parallels/soft/my/countof_ns/tests/unit/tu_stub.h:18:25: note: in expansion of macro ‘TU_COUNTOF_FUNC’
   18 | #define TU_COUNTOF(a)  (TU_COUNTOF_FUNC(a))
      |                         ^~~~~~~~~~~~~~~
/home/parallels/soft/my/countof_ns/tests/unit/pos_vla_struct_n0.h:7:30: note: in expansion of macro ‘TU_COUNTOF’
    7 |     TU_ASSERT_AND_RETURN(d1, TU_COUNTOF(a));
      |                              ^~~~~~~~~~
/home/parallels/soft/my/countof_ns/include/countof_ns.h:72:40: error: ‘_Generic’ association has variable length type
   72 |         #define _countof_ns_typeof(t)  __typeof__(t)
      |                                        ^~~~~~~~~~
/home/parallels/soft/my/countof_ns/tests/unit/tu_stub.h:69:35: note: in definition of macro ‘TU_FAIL’
   69 |             if(_TU_TODO_MAGIC != (computed)) { \
      |                                   ^~~~~~~~
/home/parallels/soft/my/countof_ns/tests/unit/tu_stub.h:97:13: note: in expansion of macro ‘_TU_ASSERT_AND_RETURN’
   97 |             _TU_ASSERT_AND_RETURN("TU_ASSERT_AND_RETURN", (desired), (computed))
      |             ^~~~~~~~~~~~~~~~~~~~~
/home/parallels/soft/my/countof_ns/tests/unit/pos_vla_struct_n0.h:7:5: note: in expansion of macro ‘TU_ASSERT_AND_RETURN’
    7 |     TU_ASSERT_AND_RETURN(d1, TU_COUNTOF(a));
      |     ^~~~~~~~~~~~~~~~~~~~
/home/parallels/soft/my/countof_ns/include/countof_ns.h:91:21: note: in expansion of macro ‘_countof_ns_typeof’
   91 |                     _countof_ns_typeof(*(a)) (*)[_countof_ns_unsafe(a)]: 1, \
      |                     ^~~~~~~~~~~~~~~~~~
/home/parallels/soft/my/countof_ns/include/countof_ns.h:98:53: note: in expansion of macro ‘_countof_ns_must_be’
   98 |     #define countof_ns(a)  (_countof_ns_unsafe(a) + _countof_ns_must_be(a))
      |                                                     ^~~~~~~~~~~~~~~~~~~
&lt;command-line&gt;: note: in expansion of macro ‘countof_ns’
/home/parallels/soft/my/countof_ns/tests/unit/tu_stub.h:18:25: note: in expansion of macro ‘TU_COUNTOF_FUNC’
   18 | #define TU_COUNTOF(a)  (TU_COUNTOF_FUNC(a))
      |                         ^~~~~~~~~~~~~~~
/home/parallels/soft/my/countof_ns/tests/unit/pos_vla_struct_n0.h:7:30: note: in expansion of macro ‘TU_COUNTOF’
    7 |     TU_ASSERT_AND_RETURN(d1, TU_COUNTOF(a));
      |                              ^~~~~~~~~~
/home/parallels/soft/my/countof_ns/include/countof_ns.h:72:40: error: ‘_Generic’ association has variable length type
   72 |         #define _countof_ns_typeof(t)  __typeof__(t)
      |                                        ^~~~~~~~~~
/home/parallels/soft/my/countof_ns/tests/unit/tu_stub.h:71:25: note: in definition of macro ‘TU_FAIL’
   71 |                        (computed), (size_t)(desired), (method), (#desired)); \
      |                         ^~~~~~~~
/home/parallels/soft/my/countof_ns/tests/unit/tu_stub.h:97:13: note: in expansion of macro ‘_TU_ASSERT_AND_RETURN’
   97 |             _TU_ASSERT_AND_RETURN("TU_ASSERT_AND_RETURN", (desired), (computed))
      |             ^~~~~~~~~~~~~~~~~~~~~
/home/parallels/soft/my/countof_ns/tests/unit/pos_vla_struct_n0.h:7:5: note: in expansion of macro ‘TU_ASSERT_AND_RETURN’
    7 |     TU_ASSERT_AND_RETURN(d1, TU_COUNTOF(a));
      |     ^~~~~~~~~~~~~~~~~~~~
/home/parallels/soft/my/countof_ns/include/countof_ns.h:91:21: note: in expansion of macro ‘_countof_ns_typeof’
   91 |                     _countof_ns_typeof(*(a)) (*)[_countof_ns_unsafe(a)]: 1, \
      |                     ^~~~~~~~~~~~~~~~~~
/home/parallels/soft/my/countof_ns/include/countof_ns.h:98:53: note: in expansion of macro ‘_countof_ns_must_be’
   98 |     #define countof_ns(a)  (_countof_ns_unsafe(a) + _countof_ns_must_be(a))
      |                                                     ^~~~~~~~~~~~~~~~~~~
&lt;command-line&gt;: note: in expansion of macro ‘countof_ns’
/home/parallels/soft/my/countof_ns/tests/unit/tu_stub.h:18:25: note: in expansion of macro ‘TU_COUNTOF_FUNC’
   18 | #define TU_COUNTOF(a)  (TU_COUNTOF_FUNC(a))
      |                         ^~~~~~~~~~~~~~~
/home/parallels/soft/my/countof_ns/tests/unit/pos_vla_struct_n0.h:7:30: note: in expansion of macro ‘TU_COUNTOF’
    7 |     TU_ASSERT_AND_RETURN(d1, TU_COUNTOF(a));
      |                              ^~~~~~~~~~
/home/parallels/soft/my/countof_ns/include/countof_ns.h:72:40: error: ‘_Generic’ association has variable length type
   72 |         #define _countof_ns_typeof(t)  __typeof__(t)
      |                                        ^~~~~~~~~~
/home/parallels/soft/my/countof_ns/tests/unit/tu_stub.h:73:27: note: in definition of macro ‘TU_FAIL’
   73 |                 if (0 == (computed)) { \
      |                           ^~~~~~~~
/home/parallels/soft/my/countof_ns/tests/unit/tu_stub.h:97:13: note: in expansion of macro ‘_TU_ASSERT_AND_RETURN’
   97 |             _TU_ASSERT_AND_RETURN("TU_ASSERT_AND_RETURN", (desired), (computed))
      |             ^~~~~~~~~~~~~~~~~~~~~
/home/parallels/soft/my/countof_ns/tests/unit/pos_vla_struct_n0.h:7:5: note: in expansion of macro ‘TU_ASSERT_AND_RETURN’
    7 |     TU_ASSERT_AND_RETURN(d1, TU_COUNTOF(a));
      |     ^~~~~~~~~~~~~~~~~~~~
/home/parallels/soft/my/countof_ns/include/countof_ns.h:91:21: note: in expansion of macro ‘_countof_ns_typeof’
   91 |                     _countof_ns_typeof(*(a)) (*)[_countof_ns_unsafe(a)]: 1, \
      |                     ^~~~~~~~~~~~~~~~~~
/home/parallels/soft/my/countof_ns/include/countof_ns.h:98:53: note: in expansion of macro ‘_countof_ns_must_be’
   98 |     #define countof_ns(a)  (_countof_ns_unsafe(a) + _countof_ns_must_be(a))
      |                                                     ^~~~~~~~~~~~~~~~~~~
&lt;command-line&gt;: note: in expansion of macro ‘countof_ns’
/home/parallels/soft/my/countof_ns/tests/unit/tu_stub.h:18:25: note: in expansion of macro ‘TU_COUNTOF_FUNC’
   18 | #define TU_COUNTOF(a)  (TU_COUNTOF_FUNC(a))
      |                         ^~~~~~~~~~~~~~~
/home/parallels/soft/my/countof_ns/tests/unit/pos_vla_struct_n0.h:7:30: note: in expansion of macro ‘TU_COUNTOF’
    7 |     TU_ASSERT_AND_RETURN(d1, TU_COUNTOF(a));
      |                              ^~~~~~~~~~
/home/parallels/soft/my/countof_ns/include/countof_ns.h:72:40: error: ‘_Generic’ association has variable length type
   72 |         #define _countof_ns_typeof(t)  __typeof__(t)
      |                                        ^~~~~~~~~~
/home/parallels/soft/my/countof_ns/tests/unit/tu_stub.h:75:40: note: in definition of macro ‘TU_FAIL’
   75 |                 } else if ((long long)(computed) &lt;= (long long)(desired)) { \
      |                                        ^~~~~~~~
/home/parallels/soft/my/countof_ns/tests/unit/tu_stub.h:97:13: note: in expansion of macro ‘_TU_ASSERT_AND_RETURN’
   97 |             _TU_ASSERT_AND_RETURN("TU_ASSERT_AND_RETURN", (desired), (computed))
      |             ^~~~~~~~~~~~~~~~~~~~~
/home/parallels/soft/my/countof_ns/tests/unit/pos_vla_struct_n0.h:7:5: note: in expansion of macro ‘TU_ASSERT_AND_RETURN’
    7 |     TU_ASSERT_AND_RETURN(d1, TU_COUNTOF(a));
      |     ^~~~~~~~~~~~~~~~~~~~
/home/parallels/soft/my/countof_ns/include/countof_ns.h:91:21: note: in expansion of macro ‘_countof_ns_typeof’
   91 |                     _countof_ns_typeof(*(a)) (*)[_countof_ns_unsafe(a)]: 1, \
      |                     ^~~~~~~~~~~~~~~~~~
/home/parallels/soft/my/countof_ns/include/countof_ns.h:98:53: note: in expansion of macro ‘_countof_ns_must_be’
   98 |     #define countof_ns(a)  (_countof_ns_unsafe(a) + _countof_ns_must_be(a))
      |                                                     ^~~~~~~~~~~~~~~~~~~
&lt;command-line&gt;: note: in expansion of macro ‘countof_ns’
/home/parallels/soft/my/countof_ns/tests/unit/tu_stub.h:18:25: note: in expansion of macro ‘TU_COUNTOF_FUNC’
   18 | #define TU_COUNTOF(a)  (TU_COUNTOF_FUNC(a))
      |                         ^~~~~~~~~~~~~~~
/home/parallels/soft/my/countof_ns/tests/unit/pos_vla_struct_n0.h:7:30: note: in expansion of macro ‘TU_COUNTOF’
    7 |     TU_ASSERT_AND_RETURN(d1, TU_COUNTOF(a));
      |                              ^~~~~~~~~~
gmake[3]: *** [tests/unit/CMakeFiles/pos_vla_struct_n0.dir/build.make:79: tests/unit/CMakeFiles/pos_vla_struct_n0.dir/tu_stub.c.o] Ошибка 1
gmake[2]: *** [CMakeFiles/Makefile2:1614: tests/unit/CMakeFiles/pos_vla_struct_n0.dir/all] Ошибка 2
gmake[1]: *** [CMakeFiles/Makefile2:1621: tests/unit/CMakeFiles/pos_vla_struct_n0.dir/rule] Ошибка 2
gmake: *** [Makefile:654: pos_vla_struct_n0] Ошибка 2

</system-out>
	</testcase>
	<testcase name="pos_vla_struct_n0_c11" classname="pos_vla_struct_n0_c11" time="0.171236" status="fail">
		<failure message="Failed"/>
		<properties>
			<property name="cmake_labels" value="countof_ns;default"/>
		</properties>
		<system-out>Internal cmake changing into directory: /home/parallels/soft/my/countof_ns/build/Linux_gcc-11_g++-11
Change Dir: '/home/parallels/soft/my/countof_ns/build/Linux_gcc-11_g++-11'

Run Build Command(s): /usr/bin/gmake -f Makefile pos_vla_struct_n0_c11
[  0%] Built target CounofNS
[100%] Built target pos_vla_struct_n0_c11

Running test command: "/home/parallels/soft/my/countof_ns/build/Linux_gcc-11_g++-11/tests/unit/pos_vla_struct_n0_c11"
Test command failed: /home/parallels/soft/my/countof_ns/build/Linux_gcc-11_g++-11/tests/unit/pos_vla_struct_n0_c11
Fail 0 desired=1 TU_ASSERT_AND_RETURN(((d1)), ...) /home/parallels/soft/my/countof_ns/tests/unit/pos_vla_struct_n0.h:pos_vla_struct_n0.h:TU_UNIT for countof_ns.h:countof_ns() with C11&amp;VLA, C 202000L

</system-out>
	</testcase>
	<testcase name="pos_vla_struct_zla_00" classname="pos_vla_struct_zla_00" time="0.174949" status="fail">
		<failure message="Failed"/>
		<properties>
			<property name="cmake_labels" value="countof_ns;default"/>
		</properties>
		<system-out>Internal cmake changing into directory: /home/parallels/soft/my/countof_ns/build/Linux_gcc-11_g++-11
Change Dir: '/home/parallels/soft/my/countof_ns/build/Linux_gcc-11_g++-11'

Run Build Command(s): /usr/bin/gmake -f Makefile pos_vla_struct_zla_00
[  0%] Built target CounofNS
[100%] Building C object tests/unit/CMakeFiles/pos_vla_struct_zla_00.dir/tu_stub.c.o
In file included from /home/parallels/soft/my/countof_ns/tests/unit/tu_stub.c:5:
/home/parallels/soft/my/countof_ns/tests/unit/pos_vla_struct_zla_00.h: In function ‘TU_UNIT’:
/home/parallels/soft/my/countof_ns/include/countof_ns.h:72:40: error: ‘_Generic’ association has variable length type
   72 |         #define _countof_ns_typeof(t)  __typeof__(t)
      |                                        ^~~~~~~~~~
/home/parallels/soft/my/countof_ns/tests/unit/tu_stub.h:84:31: note: in definition of macro ‘_TU_ASSERT_AND_RETURN’
   84 |             if ((desired) == (computed)) { \
      |                               ^~~~~~~~
/home/parallels/soft/my/countof_ns/tests/unit/pos_vla_struct_zla_00.h:5:5: note: in expansion of macro ‘TU_ASSERT_AND_RETURN’
    5 |     TU_ASSERT_AND_RETURN(d0, TU_COUNTOF(a));
      |     ^~~~~~~~~~~~~~~~~~~~
/home/parallels/soft/my/countof_ns/include/countof_ns.h:91:21: note: in expansion of macro ‘_countof_ns_typeof’
   91 |                     _countof_ns_typeof(*(a)) (*)[_countof_ns_unsafe(a)]: 1, \
      |                     ^~~~~~~~~~~~~~~~~~
/home/parallels/soft/my/countof_ns/include/countof_ns.h:98:53: note: in expansion of macro ‘_countof_ns_must_be’
   98 |     #define countof_ns(a)  (_countof_ns_unsafe(a) + _countof_ns_must_be(a))
      |                                                     ^~~~~~~~~~~~~~~~~~~
&lt;command-line&gt;: note: in expansion of macro ‘countof_ns’
/home/parallels/soft/my/countof_ns/tests/unit/tu_stub.h:18:25: note: in expansion of macro ‘TU_COUNTOF_FUNC’
   18 | #define TU_COUNTOF(a)  (TU_COUNTOF_FUNC(a))
      |                         ^~~~~~~~~~~~~~~
/home/parallels/soft/my/countof_ns/tests/unit/pos_vla_struct_zla_00.h:5:30: note: in expansion of macro ‘TU_COUNTOF’
    5 |     TU_ASSERT_AND_RETURN(d0, TU_COUNTOF(a));
      |                              ^~~~~~~~~~
/home/parallels/soft/my/countof_ns/include/countof_ns.h:72:40: error: ‘_Generic’ association has variable length type
   72 |         #define _countof_ns_typeof(t)  __typeof__(t)
      |                                        ^~~~~~~~~~
/home/parallels/soft/my/countof_ns/tests/unit/tu_stub.h:88:25: note: in definition of macro ‘_TU_ASSERT_AND_RETURN’
   88 |                        (computed), (method), (#desired), (size_t)(desired)); \
      |                         ^~~~~~~~
/home/parallels/soft/my/countof_ns/tests/unit/pos_vla_struct_zla_00.h:5:5: note: in expansion of macro ‘TU_ASSERT_AND_RETURN’
    5 |     TU_ASSERT_AND_RETURN(d0, TU_COUNTOF(a));
      |     ^~~~~~~~~~~~~~~~~~~~
/home/parallels/soft/my/countof_ns/include/countof_ns.h:91:21: note: in expansion of macro ‘_countof_ns_typeof’
   91 |                     _countof_ns_typeof(*(a)) (*)[_countof_ns_unsafe(a)]: 1, \
      |                     ^~~~~~~~~~~~~~~~~~
/home/parallels/soft/my/countof_ns/include/countof_ns.h:98:53: note: in expansion of macro ‘_countof_ns_must_be’
   98 |     #define countof_ns(a)  (_countof_ns_unsafe(a) + _countof_ns_must_be(a))
      |                                                     ^~~~~~~~~~~~~~~~~~~
&lt;command-line&gt;: note: in expansion of macro ‘countof_ns’
/home/parallels/soft/my/countof_ns/tests/unit/tu_stub.h:18:25: note: in expansion of macro ‘TU_COUNTOF_FUNC’
   18 | #define TU_COUNTOF(a)  (TU_COUNTOF_FUNC(a))
      |                         ^~~~~~~~~~~~~~~
/home/parallels/soft/my/countof_ns/tests/unit/pos_vla_struct_zla_00.h:5:30: note: in expansion of macro ‘TU_COUNTOF’
    5 |     TU_ASSERT_AND_RETURN(d0, TU_COUNTOF(a));
      |                              ^~~~~~~~~~
/home/parallels/soft/my/countof_ns/include/countof_ns.h:72:40: error: ‘_Generic’ association has variable length type
   72 |         #define _countof_ns_typeof(t)  __typeof__(t)
      |                                        ^~~~~~~~~~
/home/parallels/soft/my/countof_ns/tests/unit/tu_stub.h:69:35: note: in definition of macro ‘TU_FAIL’
   69 |             if(_TU_TODO_MAGIC != (computed)) { \
      |                                   ^~~~~~~~
/home/parallels/soft/my/countof_ns/tests/unit/tu_stub.h:97:13: note: in expansion of macro ‘_TU_ASSERT_AND_RETURN’
   97 |             _TU_ASSERT_AND_RETURN("TU_ASSERT_AND_RETURN", (desired), (computed))
      |             ^~~~~~~~~~~~~~~~~~~~~
/home/parallels/soft/my/countof_ns/tests/unit/pos_vla_struct_zla_00.h:5:5: note: in expansion of macro ‘TU_ASSERT_AND_RETURN’
    5 |     TU_ASSERT_AND_RETURN(d0, TU_COUNTOF(a));
      |     ^~~~~~~~~~~~~~~~~~~~
/home/parallels/soft/my/countof_ns/include/countof_ns.h:91:21: note: in expansion of macro ‘_countof_ns_typeof’
   91 |                     _countof_ns_typeof(*(a)) (*)[_countof_ns_unsafe(a)]: 1, \
      |                     ^~~~~~~~~~~~~~~~~~
/home/parallels/soft/my/countof_ns/include/countof_ns.h:98:53: note: in expansion of macro ‘_countof_ns_must_be’
   98 |     #define countof_ns(a)  (_countof_ns_unsafe(a) + _countof_ns_must_be(a))
      |                                                     ^~~~~~~~~~~~~~~~~~~
&lt;command-line&gt;: note: in expansion of macro ‘countof_ns’
/home/parallels/soft/my/countof_ns/tests/unit/tu_stub.h:18:25: note: in expansion of macro ‘TU_COUNTOF_FUNC’
   18 | #define TU_COUNTOF(a)  (TU_COUNTOF_FUNC(a))
      |                         ^~~~~~~~~~~~~~~
/home/parallels/soft/my/countof_ns/tests/unit/pos_vla_struct_zla_00.h:5:30: note: in expansion of macro ‘TU_COUNTOF’
    5 |     TU_ASSERT_AND_RETURN(d0, TU_COUNTOF(a));
      |                              ^~~~~~~~~~
/home/parallels/soft/my/countof_ns/include/countof_ns.h:72:40: error: ‘_Generic’ association has variable length type
   72 |         #define _countof_ns_typeof(t)  __typeof__(t)
      |                                        ^~~~~~~~~~
/home/parallels/soft/my/countof_ns/tests/unit/tu_stub.h:71:25: note: in definition of macro ‘TU_FAIL’
   71 |                        (computed), (size_t)(desired), (method), (#desired)); \
      |                         ^~~~~~~~
/home/parallels/soft/my/countof_ns/tests/unit/tu_stub.h:97:13: note: in expansion of macro ‘_TU_ASSERT_AND_RETURN’
   97 |             _TU_ASSERT_AND_RETURN("TU_ASSERT_AND_RETURN", (desired), (computed))
      |             ^~~~~~~~~~~~~~~~~~~~~
/home/parallels/soft/my/countof_ns/tests/unit/pos_vla_struct_zla_00.h:5:5: note: in expansion of macro ‘TU_ASSERT_AND_RETURN’
    5 |     TU_ASSERT_AND_RETURN(d0, TU_COUNTOF(a));
      |     ^~~~~~~~~~~~~~~~~~~~
/home/parallels/soft/my/countof_ns/include/countof_ns.h:91:21: note: in expansion of macro ‘_countof_ns_typeof’
   91 |                     _countof_ns_typeof(*(a)) (*)[_countof_ns_unsafe(a)]: 1, \
      |                     ^~~~~~~~~~~~~~~~~~
/home/parallels/soft/my/countof_ns/include/countof_ns.h:98:53: note: in expansion of macro ‘_countof_ns_must_be’
   98 |     #define countof_ns(a)  (_countof_ns_unsafe(a) + _countof_ns_must_be(a))
      |                                                     ^~~~~~~~~~~~~~~~~~~
&lt;command-line&gt;: note: in expansion of macro ‘countof_ns’
/home/parallels/soft/my/countof_ns/tests/unit/tu_stub.h:18:25: note: in expansion of macro ‘TU_COUNTOF_FUNC’
   18 | #define TU_COUNTOF(a)  (TU_COUNTOF_FUNC(a))
      |                         ^~~~~~~~~~~~~~~
/home/parallels/soft/my/countof_ns/tests/unit/pos_vla_struct_zla_00.h:5:30: note: in expansion of macro ‘TU_COUNTOF’
    5 |     TU_ASSERT_AND_RETURN(d0, TU_COUNTOF(a));
      |                              ^~~~~~~~~~
/home/parallels/soft/my/countof_ns/include/countof_ns.h:72:40: error: ‘_Generic’ association has variable length type
   72 |         #define _countof_ns_typeof(t)  __typeof__(t)
      |                                        ^~~~~~~~~~
/home/parallels/soft/my/countof_ns/tests/unit/tu_stub.h:73:27: note: in definition of macro ‘TU_FAIL’
   73 |                 if (0 == (computed)) { \
      |                           ^~~~~~~~
/home/parallels/soft/my/countof_ns/tests/unit/tu_stub.h:97:13: note: in expansion of macro ‘_TU_ASSERT_AND_RETURN’
   97 |             _TU_ASSERT_AND_RETURN("TU_ASSERT_AND_RETURN", (desired), (computed))
      |             ^~~~~~~~~~~~~~~~~~~~~
/home/parallels/soft/my/countof_ns/tests/unit/pos_vla_struct_zla_00.h:5:5: note: in expansion of macro ‘TU_ASSERT_AND_RETURN’
    5 |     TU_ASSERT_AND_RETURN(d0, TU_COUNTOF(a));
      |     ^~~~~~~~~~~~~~~~~~~~
/home/parallels/soft/my/countof_ns/include/countof_ns.h:91:21: note: in expansion of macro ‘_countof_ns_typeof’
   91 |                     _countof_ns_typeof(*(a)) (*)[_countof_ns_unsafe(a)]: 1, \
      |                     ^~~~~~~~~~~~~~~~~~
/home/parallels/soft/my/countof_ns/include/countof_ns.h:98:53: note: in expansion of macro ‘_countof_ns_must_be’
   98 |     #define countof_ns(a)  (_countof_ns_unsafe(a) + _countof_ns_must_be(a))
      |                                                     ^~~~~~~~~~~~~~~~~~~
&lt;command-line&gt;: note: in expansion of macro ‘countof_ns’
/home/parallels/soft/my/countof_ns/tests/unit/tu_stub.h:18:25: note: in expansion of macro ‘TU_COUNTOF_FUNC’
   18 | #define TU_COUNTOF(a)  (TU_COUNTOF_FUNC(a))
      |                         ^~~~~~~~~~~~~~~
/home/parallels/soft/my/countof_ns/tests/unit/pos_vla_struct_zla_00.h:5:30: note: in expansion of macro ‘TU_COUNTOF’
    5 |     TU_ASSERT_AND_RETURN(d0, TU_COUNTOF(a));
      |                              ^~~~~~~~~~
/home/parallels/soft/my/countof_ns/include/countof_ns.h:72:40: error: ‘_Generic’ association has variable length type
   72 |         #define _countof_ns_typeof(t)  __typeof__(t)
      |                                        ^~~~~~~~~~
/home/parallels/soft/my/countof_ns/tests/unit/tu_stub.h:75:40: note: in definition of macro ‘TU_FAIL’
   75 |                 } else if ((long long)(computed) &lt;= (long long)(desired)) { \
      |                                        ^~~~~~~~
/home/parallels/soft/my/countof_ns/tests/unit/tu_stub.h:97:13: note: in expansion of macro ‘_TU_ASSERT_AND_RETURN’
   97 |             _TU_ASSERT_AND_RETURN("TU_ASSERT_AND_RETURN", (desired), (computed))
      |             ^~~~~~~~~~~~~~~~~~~~~
/home/parallels/soft/my/countof_ns/tests/unit/pos_vla_struct_zla_00.h:5:5: note: in expansion of macro ‘TU_ASSERT_AND_RETURN’
    5 |     TU_ASSERT_AND_RETURN(d0, TU_COUNTOF(a));
      |     ^~~~~~~~~~~~~~~~~~~~
/home/parallels/soft/my/countof_ns/include/countof_ns.h:91:21: note: in expansion of macro ‘_countof_ns_typeof’
   91 |                     _countof_ns_typeof(*(a)) (*)[_countof_ns_unsafe(a)]: 1, \
      |                     ^~~~~~~~~~~~~~~~~~
/home/parallels/soft/my/countof_ns/include/countof_ns.h:98:53: note: in expansion of macro ‘_countof_ns_must_be’
   98 |     #define countof_ns(a)  (_countof_ns_unsafe(a) + _countof_ns_must_be(a))
      |                                                     ^~~~~~~~~~~~~~~~~~~
&lt;command-line&gt;: note: in expansion of macro ‘countof_ns’
/home/parallels/soft/my/countof_ns/tests/unit/tu_stub.h:18:25: note: in expansion of macro ‘TU_COUNTOF_FUNC’
   18 | #define TU_COUNTOF(a)  (TU_COUNTOF_FUNC(a))
      |                         ^~~~~~~~~~~~~~~
/home/parallels/soft/my/countof_ns/tests/unit/pos_vla_struct_zla_00.h:5:30: note: in expansion of macro ‘TU_COUNTOF’
    5 |     TU_ASSERT_AND_RETURN(d0, TU_COUNTOF(a));
      |                              ^~~~~~~~~~
gmake[3]: *** [tests/unit/CMakeFiles/pos_vla_struct_zla_00.dir/build.make:79: tests/unit/CMakeFiles/pos_vla_struct_zla_00.dir/tu_stub.c.o] Ошибка 1
gmake[2]: *** [CMakeFiles/Makefile2:1678: tests/unit/CMakeFiles/pos_vla_struct_zla_00.dir/all] Ошибка 2
gmake[1]: *** [CMakeFiles/Makefile2:1685: tests/unit/CMakeFiles/pos_vla_struct_zla_00.dir/rule] Ошибка 2
gmake: *** [Makefile:680: pos_vla_struct_zla_00] Ошибка 2

</system-out>
	</testcase>
	<testcase name="pos_vla_struct_zla_00_c11" classname="pos_vla_struct_zla_00_c11" time="0.00188689" status="run">
		<properties>
			<property name="cmake_labels" value="countof_ns;default"/>
		</properties>
		<system-out>Ok 0 TU_ASSERT_AND_RETURN((d0)=0, ...) /home/parallels/soft/my/countof_ns/tests/unit/pos_vla_struct_zla_00.h:pos_vla_struct_zla_00.h:TU_UNIT for countof_ns.h:countof_ns() with C11&amp;VLA, C 202000L
</system-out>
	</testcase>
	<testcase name="pos_vla_zla_00" classname="pos_vla_zla_00" time="0.184473" status="fail">
		<failure message="Failed"/>
		<properties>
			<property name="cmake_labels" value="countof_ns;default"/>
		</properties>
		<system-out>Internal cmake changing into directory: /home/parallels/soft/my/countof_ns/build/Linux_gcc-11_g++-11
Change Dir: '/home/parallels/soft/my/countof_ns/build/Linux_gcc-11_g++-11'

Run Build Command(s): /usr/bin/gmake -f Makefile pos_vla_zla_00
[  0%] Built target CounofNS
[ 50%] Building C object tests/unit/CMakeFiles/pos_vla_zla_00.dir/tu_stub.c.o
In file included from /home/parallels/soft/my/countof_ns/tests/unit/tu_stub.c:5:
/home/parallels/soft/my/countof_ns/tests/unit/pos_vla_zla_00.h: In function ‘TU_UNIT’:
/home/parallels/soft/my/countof_ns/include/countof_ns.h:72:40: error: ‘_Generic’ association has variable length type
   72 |         #define _countof_ns_typeof(t)  __typeof__(t)
      |                                        ^~~~~~~~~~
/home/parallels/soft/my/countof_ns/tests/unit/tu_stub.h:84:31: note: in definition of macro ‘_TU_ASSERT_AND_RETURN’
   84 |             if ((desired) == (computed)) { \
      |                               ^~~~~~~~
/home/parallels/soft/my/countof_ns/tests/unit/pos_vla_zla_00.h:5:5: note: in expansion of macro ‘TU_ASSERT_AND_RETURN’
    5 |     TU_ASSERT_AND_RETURN(d0, TU_COUNTOF(b));
      |     ^~~~~~~~~~~~~~~~~~~~
/home/parallels/soft/my/countof_ns/include/countof_ns.h:91:21: note: in expansion of macro ‘_countof_ns_typeof’
   91 |                     _countof_ns_typeof(*(a)) (*)[_countof_ns_unsafe(a)]: 1, \
      |                     ^~~~~~~~~~~~~~~~~~
/home/parallels/soft/my/countof_ns/include/countof_ns.h:98:53: note: in expansion of macro ‘_countof_ns_must_be’
   98 |     #define countof_ns(a)  (_countof_ns_unsafe(a) + _countof_ns_must_be(a))
      |                                                     ^~~~~~~~~~~~~~~~~~~
&lt;command-line&gt;: note: in expansion of macro ‘countof_ns’
/home/parallels/soft/my/countof_ns/tests/unit/tu_stub.h:18:25: note: in expansion of macro ‘TU_COUNTOF_FUNC’
   18 | #define TU_COUNTOF(a)  (TU_COUNTOF_FUNC(a))
      |                         ^~~~~~~~~~~~~~~
/home/parallels/soft/my/countof_ns/tests/unit/pos_vla_zla_00.h:5:30: note: in expansion of macro ‘TU_COUNTOF’
    5 |     TU_ASSERT_AND_RETURN(d0, TU_COUNTOF(b));
      |                              ^~~~~~~~~~
/home/parallels/soft/my/countof_ns/include/countof_ns.h:72:40: error: ‘_Generic’ association has variable length type
   72 |         #define _countof_ns_typeof(t)  __typeof__(t)
      |                                        ^~~~~~~~~~
/home/parallels/soft/my/countof_ns/tests/unit/tu_stub.h:88:25: note: in definition of macro ‘_TU_ASSERT_AND_RETURN’
   88 |                        (computed), (method), (#desired), (size_t)(desired)); \
      |                         ^~~~~~~~
/home/parallels/soft/my/countof_ns/tests/unit/pos_vla_zla_00.h:5:5: note: in expansion of macro ‘TU_ASSERT_AND_RETURN’
    5 |     TU_ASSERT_AND_RETURN(d0, TU_COUNTOF(b));
      |     ^~~~~~~~~~~~~~~~~~~~
/home/parallels/soft/my/countof_ns/include/countof_ns.h:91:21: note: in expansion of macro ‘_countof_ns_typeof’
   91 |                     _countof_ns_typeof(*(a)) (*)[_countof_ns_unsafe(a)]: 1, \
      |                     ^~~~~~~~~~~~~~~~~~
/home/parallels/soft/my/countof_ns/include/countof_ns.h:98:53: note: in expansion of macro ‘_countof_ns_must_be’
   98 |     #define countof_ns(a)  (_countof_ns_unsafe(a) + _countof_ns_must_be(a))
      |                                                     ^~~~~~~~~~~~~~~~~~~
&lt;command-line&gt;: note: in expansion of macro ‘countof_ns’
/home/parallels/soft/my/countof_ns/tests/unit/tu_stub.h:18:25: note: in expansion of macro ‘TU_COUNTOF_FUNC’
   18 | #define TU_COUNTOF(a)  (TU_COUNTOF_FUNC(a))
      |                         ^~~~~~~~~~~~~~~
/home/parallels/soft/my/countof_ns/tests/unit/pos_vla_zla_00.h:5:30: note: in expansion of macro ‘TU_COUNTOF’
    5 |     TU_ASSERT_AND_RETURN(d0, TU_COUNTOF(b));
      |                              ^~~~~~~~~~
/home/parallels/soft/my/countof_ns/include/countof_ns.h:72:40: error: ‘_Generic’ association has variable length type
   72 |         #define _countof_ns_typeof(t)  __typeof__(t)
      |                                        ^~~~~~~~~~
/home/parallels/soft/my/countof_ns/tests/unit/tu_stub.h:69:35: note: in definition of macro ‘TU_FAIL’
   69 |             if(_TU_TODO_MAGIC != (computed)) { \
      |                                   ^~~~~~~~
/home/parallels/soft/my/countof_ns/tests/unit/tu_stub.h:97:13: note: in expansion of macro ‘_TU_ASSERT_AND_RETURN’
   97 |             _TU_ASSERT_AND_RETURN("TU_ASSERT_AND_RETURN", (desired), (computed))
      |             ^~~~~~~~~~~~~~~~~~~~~
/home/parallels/soft/my/countof_ns/tests/unit/pos_vla_zla_00.h:5:5: note: in expansion of macro ‘TU_ASSERT_AND_RETURN’
    5 |     TU_ASSERT_AND_RETURN(d0, TU_COUNTOF(b));
      |     ^~~~~~~~~~~~~~~~~~~~
/home/parallels/soft/my/countof_ns/include/countof_ns.h:91:21: note: in expansion of macro ‘_countof_ns_typeof’
   91 |                     _countof_ns_typeof(*(a)) (*)[_countof_ns_unsafe(a)]: 1, \
      |                     ^~~~~~~~~~~~~~~~~~
/home/parallels/soft/my/countof_ns/include/countof_ns.h:98:53: note: in expansion of macro ‘_countof_ns_must_be’
   98 |     #define countof_ns(a)  (_countof_ns_unsafe(a) + _countof_ns_must_be(a))
      |                                                     ^~~~~~~~~~~~~~~~~~~
&lt;command-line&gt;: note: in expansion of macro ‘countof_ns’
/home/parallels/soft/my/countof_ns/tests/unit/tu_stub.h:18:25: note: in expansion of macro ‘TU_COUNTOF_FUNC’
   18 | #define TU_COUNTOF(a)  (TU_COUNTOF_FUNC(a))
      |                         ^~~~~~~~~~~~~~~
/home/parallels/soft/my/countof_ns/tests/unit/pos_vla_zla_00.h:5:30: note: in expansion of macro ‘TU_COUNTOF’
    5 |     TU_ASSERT_AND_RETURN(d0, TU_COUNTOF(b));
      |                              ^~~~~~~~~~
/home/parallels/soft/my/countof_ns/include/countof_ns.h:72:40: error: ‘_Generic’ association has variable length type
   72 |         #define _countof_ns_typeof(t)  __typeof__(t)
      |                                        ^~~~~~~~~~
/home/parallels/soft/my/countof_ns/tests/unit/tu_stub.h:71:25: note: in definition of macro ‘TU_FAIL’
   71 |                        (computed), (size_t)(desired), (method), (#desired)); \
      |                         ^~~~~~~~
/home/parallels/soft/my/countof_ns/tests/unit/tu_stub.h:97:13: note: in expansion of macro ‘_TU_ASSERT_AND_RETURN’
   97 |             _TU_ASSERT_AND_RETURN("TU_ASSERT_AND_RETURN", (desired), (computed))
      |             ^~~~~~~~~~~~~~~~~~~~~
/home/parallels/soft/my/countof_ns/tests/unit/pos_vla_zla_00.h:5:5: note: in expansion of macro ‘TU_ASSERT_AND_RETURN’
    5 |     TU_ASSERT_AND_RETURN(d0, TU_COUNTOF(b));
      |     ^~~~~~~~~~~~~~~~~~~~
/home/parallels/soft/my/countof_ns/include/countof_ns.h:91:21: note: in expansion of macro ‘_countof_ns_typeof’
   91 |                     _countof_ns_typeof(*(a)) (*)[_countof_ns_unsafe(a)]: 1, \
      |                     ^~~~~~~~~~~~~~~~~~
/home/parallels/soft/my/countof_ns/include/countof_ns.h:98:53: note: in expansion of macro ‘_countof_ns_must_be’
   98 |     #define countof_ns(a)  (_countof_ns_unsafe(a) + _countof_ns_must_be(a))
      |                                                     ^~~~~~~~~~~~~~~~~~~
&lt;command-line&gt;: note: in expansion of macro ‘countof_ns’
/home/parallels/soft/my/countof_ns/tests/unit/tu_stub.h:18:25: note: in expansion of macro ‘TU_COUNTOF_FUNC’
   18 | #define TU_COUNTOF(a)  (TU_COUNTOF_FUNC(a))
      |                         ^~~~~~~~~~~~~~~
/home/parallels/soft/my/countof_ns/tests/unit/pos_vla_zla_00.h:5:30: note: in expansion of macro ‘TU_COUNTOF’
    5 |     TU_ASSERT_AND_RETURN(d0, TU_COUNTOF(b));
      |                              ^~~~~~~~~~
/home/parallels/soft/my/countof_ns/include/countof_ns.h:72:40: error: ‘_Generic’ association has variable length type
   72 |         #define _countof_ns_typeof(t)  __typeof__(t)
      |                                        ^~~~~~~~~~
/home/parallels/soft/my/countof_ns/tests/unit/tu_stub.h:73:27: note: in definition of macro ‘TU_FAIL’
   73 |                 if (0 == (computed)) { \
      |                           ^~~~~~~~
/home/parallels/soft/my/countof_ns/tests/unit/tu_stub.h:97:13: note: in expansion of macro ‘_TU_ASSERT_AND_RETURN’
   97 |             _TU_ASSERT_AND_RETURN("TU_ASSERT_AND_RETURN", (desired), (computed))
      |             ^~~~~~~~~~~~~~~~~~~~~
/home/parallels/soft/my/countof_ns/tests/unit/pos_vla_zla_00.h:5:5: note: in expansion of macro ‘TU_ASSERT_AND_RETURN’
    5 |     TU_ASSERT_AND_RETURN(d0, TU_COUNTOF(b));
      |     ^~~~~~~~~~~~~~~~~~~~
/home/parallels/soft/my/countof_ns/include/countof_ns.h:91:21: note: in expansion of macro ‘_countof_ns_typeof’
   91 |                     _countof_ns_typeof(*(a)) (*)[_countof_ns_unsafe(a)]: 1, \
      |                     ^~~~~~~~~~~~~~~~~~
/home/parallels/soft/my/countof_ns/include/countof_ns.h:98:53: note: in expansion of macro ‘_countof_ns_must_be’
   98 |     #define countof_ns(a)  (_countof_ns_unsafe(a) + _countof_ns_must_be(a))
      |                                                     ^~~~~~~~~~~~~~~~~~~
&lt;command-line&gt;: note: in expansion of macro ‘countof_ns’
/home/parallels/soft/my/countof_ns/tests/unit/tu_stub.h:18:25: note: in expansion of macro ‘TU_COUNTOF_FUNC’
   18 | #define TU_COUNTOF(a)  (TU_COUNTOF_FUNC(a))
      |                         ^~~~~~~~~~~~~~~
/home/parallels/soft/my/countof_ns/tests/unit/pos_vla_zla_00.h:5:30: note: in expansion of macro ‘TU_COUNTOF’
    5 |     TU_ASSERT_AND_RETURN(d0, TU_COUNTOF(b));
      |                              ^~~~~~~~~~
/home/parallels/soft/my/countof_ns/include/countof_ns.h:72:40: error: ‘_Generic’ association has variable length type
   72 |         #define _countof_ns_typeof(t)  __typeof__(t)
      |                                        ^~~~~~~~~~
/home/parallels/soft/my/countof_ns/tests/unit/tu_stub.h:75:40: note: in definition of macro ‘TU_FAIL’
   75 |                 } else if ((long long)(computed) &lt;= (long long)(desired)) { \
      |                                        ^~~~~~~~
/home/parallels/soft/my/countof_ns/tests/unit/tu_stub.h:97:13: note: in expansion of macro ‘_TU_ASSERT_AND_RETURN’
   97 |             _TU_ASSERT_AND_RETURN("TU_ASSERT_AND_RETURN", (desired), (computed))
      |             ^~~~~~~~~~~~~~~~~~~~~
/home/parallels/soft/my/countof_ns/tests/unit/pos_vla_zla_00.h:5:5: note: in expansion of macro ‘TU_ASSERT_AND_RETURN’
    5 |     TU_ASSERT_AND_RETURN(d0, TU_COUNTOF(b));
      |     ^~~~~~~~~~~~~~~~~~~~
/home/parallels/soft/my/countof_ns/include/countof_ns.h:91:21: note: in expansion of macro ‘_countof_ns_typeof’
   91 |                     _countof_ns_typeof(*(a)) (*)[_countof_ns_unsafe(a)]: 1, \
      |                     ^~~~~~~~~~~~~~~~~~
/home/parallels/soft/my/countof_ns/include/countof_ns.h:98:53: note: in expansion of macro ‘_countof_ns_must_be’
   98 |     #define countof_ns(a)  (_countof_ns_unsafe(a) + _countof_ns_must_be(a))
      |                                                     ^~~~~~~~~~~~~~~~~~~
&lt;command-line&gt;: note: in expansion of macro ‘countof_ns’
/home/parallels/soft/my/countof_ns/tests/unit/tu_stub.h:18:25: note: in expansion of macro ‘TU_COUNTOF_FUNC’
   18 | #define TU_COUNTOF(a)  (TU_COUNTOF_FUNC(a))
      |                         ^~~~~~~~~~~~~~~
/home/parallels/soft/my/countof_ns/tests/unit/pos_vla_zla_00.h:5:30: note: in expansion of macro ‘TU_COUNTOF’
    5 |     TU_ASSERT_AND_RETURN(d0, TU_COUNTOF(b));
      |                              ^~~~~~~~~~
gmake[3]: *** [tests/unit/CMakeFiles/pos_vla_zla_00.dir/build.make:79: tests/unit/CMakeFiles/pos_vla_zla_00.dir/tu_stub.c.o] Ошибка 1
gmake[2]: *** [CMakeFiles/Makefile2:1742: tests/unit/CMakeFiles/pos_vla_zla_00.dir/all] Ошибка 2
gmake[1]: *** [CMakeFiles/Makefile2:1749: tests/unit/CMakeFiles/pos_vla_zla_00.dir/rule] Ошибка 2
gmake: *** [Makefile:706: pos_vla_zla_00] Ошибка 2

</system-out>
	</testcase>
	<testcase name="pos_vla_zla_00_c11" classname="pos_vla_zla_00_c11" time="0.00203725" status="run">
		<properties>
			<property name="cmake_labels" value="countof_ns;default"/>
		</properties>
		<system-out>Ok 0 TU_ASSERT_AND_RETURN((d0)=0, ...) /home/parallels/soft/my/countof_ns/tests/unit/pos_vla_zla_00.h:pos_vla_zla_00.h:TU_UNIT for countof_ns.h:countof_ns() with C11&amp;VLA, C 202000L
</system-out>
	</testcase>
	<testcase name="pos_vla_zla_0n" classname="pos_vla_zla_0n" time="0.177898" status="fail">
		<failure message="Failed"/>
		<properties>
			<property name="cmake_labels" value="countof_ns;default"/>
		</properties>
		<system-out>Internal cmake changing into directory: /home/parallels/soft/my/countof_ns/build/Linux_gcc-11_g++-11
Change Dir: '/home/parallels/soft/my/countof_ns/build/Linux_gcc-11_g++-11'

Run Build Command(s): /usr/bin/gmake -f Makefile pos_vla_zla_0n
[  0%] Built target CounofNS
[100%] Building C object tests/unit/CMakeFiles/pos_vla_zla_0n.dir/tu_stub.c.o
In file included from /home/parallels/soft/my/countof_ns/tests/unit/tu_stub.c:5:
/home/parallels/soft/my/countof_ns/tests/unit/pos_vla_zla_0n.h: In function ‘TU_UNIT’:
/home/parallels/soft/my/countof_ns/include/countof_ns.h:72:40: error: ‘_Generic’ association has variable length type
   72 |         #define _countof_ns_typeof(t)  __typeof__(t)
      |                                        ^~~~~~~~~~
/home/parallels/soft/my/countof_ns/tests/unit/tu_stub.h:84:31: note: in definition of macro ‘_TU_ASSERT_AND_RETURN’
   84 |             if ((desired) == (computed)) { \
      |                               ^~~~~~~~
/home/parallels/soft/my/countof_ns/tests/unit/pos_vla_zla_0n.h:5:5: note: in expansion of macro ‘TU_ASSERT_AND_RETURN’
    5 |     TU_ASSERT_AND_RETURN(d0, TU_COUNTOF(a));
      |     ^~~~~~~~~~~~~~~~~~~~
/home/parallels/soft/my/countof_ns/include/countof_ns.h:91:21: note: in expansion of macro ‘_countof_ns_typeof’
   91 |                     _countof_ns_typeof(*(a)) (*)[_countof_ns_unsafe(a)]: 1, \
      |                     ^~~~~~~~~~~~~~~~~~
/home/parallels/soft/my/countof_ns/include/countof_ns.h:98:53: note: in expansion of macro ‘_countof_ns_must_be’
   98 |     #define countof_ns(a)  (_countof_ns_unsafe(a) + _countof_ns_must_be(a))
      |                                                     ^~~~~~~~~~~~~~~~~~~
&lt;command-line&gt;: note: in expansion of macro ‘countof_ns’
/home/parallels/soft/my/countof_ns/tests/unit/tu_stub.h:18:25: note: in expansion of macro ‘TU_COUNTOF_FUNC’
   18 | #define TU_COUNTOF(a)  (TU_COUNTOF_FUNC(a))
      |                         ^~~~~~~~~~~~~~~
/home/parallels/soft/my/countof_ns/tests/unit/pos_vla_zla_0n.h:5:30: note: in expansion of macro ‘TU_COUNTOF’
    5 |     TU_ASSERT_AND_RETURN(d0, TU_COUNTOF(a));
      |                              ^~~~~~~~~~
/home/parallels/soft/my/countof_ns/include/countof_ns.h:72:40: error: ‘_Generic’ association has variable length type
   72 |         #define _countof_ns_typeof(t)  __typeof__(t)
      |                                        ^~~~~~~~~~
/home/parallels/soft/my/countof_ns/tests/unit/tu_stub.h:88:25: note: in definition of macro ‘_TU_ASSERT_AND_RETURN’
   88 |                        (computed), (method), (#desired), (size_t)(desired)); \
      |                         ^~~~~~~~
/home/parallels/soft/my/countof_ns/tests/unit/pos_vla_zla_0n.h:5:5: note: in expansion of macro ‘TU_ASSERT_AND_RETURN’
    5 |     TU_ASSERT_AND_RETURN(d0, TU_COUNTOF(a));
      |     ^~~~~~~~~~~~~~~~~~~~
/home/parallels/soft/my/countof_ns/include/countof_ns.h:91:21: note: in expansion of macro ‘_countof_ns_typeof’
   91 |                     _countof_ns_typeof(*(a)) (*)[_countof_ns_unsafe(a)]: 1, \
      |                     ^~~~~~~~~~~~~~~~~~
/home/parallels/soft/my/countof_ns/include/countof_ns.h:98:53: note: in expansion of macro ‘_countof_ns_must_be’
   98 |     #define countof_ns(a)  (_countof_ns_unsafe(a) + _countof_ns_must_be(a))
      |                                                     ^~~~~~~~~~~~~~~~~~~
&lt;command-line&gt;: note: in expansion of macro ‘countof_ns’
/home/parallels/soft/my/countof_ns/tests/unit/tu_stub.h:18:25: note: in expansion of macro ‘TU_COUNTOF_FUNC’
   18 | #define TU_COUNTOF(a)  (TU_COUNTOF_FUNC(a))
      |                         ^~~~~~~~~~~~~~~
/home/parallels/soft/my/countof_ns/tests/unit/pos_vla_zla_0n.h:5:30: note: in expansion of macro ‘TU_COUNTOF’
    5 |     TU_ASSERT_AND_RETURN(d0, TU_COUNTOF(a));
      |                              ^~~~~~~~~~
/home/parallels/soft/my/countof_ns/include/countof_ns.h:72:40: error: ‘_Generic’ association has variable length type
   72 |         #define _countof_ns_typeof(t)  __typeof__(t)
      |                                        ^~~~~~~~~~
/home/parallels/soft/my/countof_ns/tests/unit/tu_stub.h:69:35: note: in definition of macro ‘TU_FAIL’
   69 |             if(_TU_TODO_MAGIC != (computed)) { \
      |                                   ^~~~~~~~
/home/parallels/soft/my/countof_ns/tests/unit/tu_stub.h:97:13: note: in expansion of macro ‘_TU_ASSERT_AND_RETURN’
   97 |             _TU_ASSERT_AND_RETURN("TU_ASSERT_AND_RETURN", (desired), (computed))
      |             ^~~~~~~~~~~~~~~~~~~~~
/home/parallels/soft/my/countof_ns/tests/unit/pos_vla_zla_0n.h:5:5: note: in expansion of macro ‘TU_ASSERT_AND_RETURN’
    5 |     TU_ASSERT_AND_RETURN(d0, TU_COUNTOF(a));
      |     ^~~~~~~~~~~~~~~~~~~~
/home/parallels/soft/my/countof_ns/include/countof_ns.h:91:21: note: in expansion of macro ‘_countof_ns_typeof’
   91 |                     _countof_ns_typeof(*(a)) (*)[_countof_ns_unsafe(a)]: 1, \
      |                     ^~~~~~~~~~~~~~~~~~
/home/parallels/soft/my/countof_ns/include/countof_ns.h:98:53: note: in expansion of macro ‘_countof_ns_must_be’
   98 |     #define countof_ns(a)  (_countof_ns_unsafe(a) + _countof_ns_must_be(a))
      |                                                     ^~~~~~~~~~~~~~~~~~~
&lt;command-line&gt;: note: in expansion of macro ‘countof_ns’
/home/parallels/soft/my/countof_ns/tests/unit/tu_stub.h:18:25: note: in expansion of macro ‘TU_COUNTOF_FUNC’
   18 | #define TU_COUNTOF(a)  (TU_COUNTOF_FUNC(a))
      |                         ^~~~~~~~~~~~~~~
/home/parallels/soft/my/countof_ns/tests/unit/pos_vla_zla_0n.h:5:30: note: in expansion of macro ‘TU_COUNTOF’
    5 |     TU_ASSERT_AND_RETURN(d0, TU_COUNTOF(a));
      |                              ^~~~~~~~~~
/home/parallels/soft/my/countof_ns/include/countof_ns.h:72:40: error: ‘_Generic’ association has variable length type
   72 |         #define _countof_ns_typeof(t)  __typeof__(t)
      |                                        ^~~~~~~~~~
/home/parallels/soft/my/countof_ns/tests/unit/tu_stub.h:71:25: note: in definition of macro ‘TU_FAIL’
   71 |                        (computed), (size_t)(desired), (method), (#desired)); \
      |                         ^~~~~~~~
/home/parallels/soft/my/countof_ns/tests/unit/tu_stub.h:97:13: note: in expansion of macro ‘_TU_ASSERT_AND_RETURN’
   97 |             _TU_ASSERT_AND_RETURN("TU_ASSERT_AND_RETURN", (desired), (computed))
      |             ^~~~~~~~~~~~~~~~~~~~~
/home/parallels/soft/my/countof_ns/tests/unit/pos_vla_zla_0n.h:5:5: note: in expansion of macro ‘TU_ASSERT_AND_RETURN’
    5 |     TU_ASSERT_AND_RETURN(d0, TU_COUNTOF(a));
      |     ^~~~~~~~~~~~~~~~~~~~
/home/parallels/soft/my/countof_ns/include/countof_ns.h:91:21: note: in expansion of macro ‘_countof_ns_typeof’
   91 |                     _countof_ns_typeof(*(a)) (*)[_countof_ns_unsafe(a)]: 1, \
      |                     ^~~~~~~~~~~~~~~~~~
/home/parallels/soft/my/countof_ns/include/countof_ns.h:98:53: note: in expansion of macro ‘_countof_ns_must_be’
   98 |     #define countof_ns(a)  (_countof_ns_unsafe(a) + _countof_ns_must_be(a))
      |                                                     ^~~~~~~~~~~~~~~~~~~
&lt;command-line&gt;: note: in expansion of macro ‘countof_ns’
/home/parallels/soft/my/countof_ns/tests/unit/tu_stub.h:18:25: note: in expansion of macro ‘TU_COUNTOF_FUNC’
   18 | #define TU_COUNTOF(a)  (TU_COUNTOF_FUNC(a))
      |                         ^~~~~~~~~~~~~~~
/home/parallels/soft/my/countof_ns/tests/unit/pos_vla_zla_0n.h:5:30: note: in expansion of macro ‘TU_COUNTOF’
    5 |     TU_ASSERT_AND_RETURN(d0, TU_COUNTOF(a));
      |                              ^~~~~~~~~~
/home/parallels/soft/my/countof_ns/include/countof_ns.h:72:40: error: ‘_Generic’ association has variable length type
   72 |         #define _countof_ns_typeof(t)  __typeof__(t)
      |                                        ^~~~~~~~~~
/home/parallels/soft/my/countof_ns/tests/unit/tu_stub.h:73:27: note: in definition of macro ‘TU_FAIL’
   73 |                 if (0 == (computed)) { \
      |                           ^~~~~~~~
/home/parallels/soft/my/countof_ns/tests/unit/tu_stub.h:97:13: note: in expansion of macro ‘_TU_ASSERT_AND_RETURN’
   97 |             _TU_ASSERT_AND_RETURN("TU_ASSERT_AND_RETURN", (desired), (computed))
      |             ^~~~~~~~~~~~~~~~~~~~~
/home/parallels/soft/my/countof_ns/tests/unit/pos_vla_zla_0n.h:5:5: note: in expansion of macro ‘TU_ASSERT_AND_RETURN’
    5 |     TU_ASSERT_AND_RETURN(d0, TU_COUNTOF(a));
      |     ^~~~~~~~~~~~~~~~~~~~
/home/parallels/soft/my/countof_ns/include/countof_ns.h:91:21: note: in expansion of macro ‘_countof_ns_typeof’
   91 |                     _countof_ns_typeof(*(a)) (*)[_countof_ns_unsafe(a)]: 1, \
      |                     ^~~~~~~~~~~~~~~~~~
/home/parallels/soft/my/countof_ns/include/countof_ns.h:98:53: note: in expansion of macro ‘_countof_ns_must_be’
   98 |     #define countof_ns(a)  (_countof_ns_unsafe(a) + _countof_ns_must_be(a))
      |                                                     ^~~~~~~~~~~~~~~~~~~
&lt;command-line&gt;: note: in expansion of macro ‘countof_ns’
/home/parallels/soft/my/countof_ns/tests/unit/tu_stub.h:18:25: note: in expansion of macro ‘TU_COUNTOF_FUNC’
   18 | #define TU_COUNTOF(a)  (TU_COUNTOF_FUNC(a))
      |                         ^~~~~~~~~~~~~~~
/home/parallels/soft/my/countof_ns/tests/unit/pos_vla_zla_0n.h:5:30: note: in expansion of macro ‘TU_COUNTOF’
    5 |     TU_ASSERT_AND_RETURN(d0, TU_COUNTOF(a));
      |                              ^~~~~~~~~~
/home/parallels/soft/my/countof_ns/include/countof_ns.h:72:40: error: ‘_Generic’ association has variable length type
   72 |         #define _countof_ns_typeof(t)  __typeof__(t)
      |                                        ^~~~~~~~~~
/home/parallels/soft/my/countof_ns/tests/unit/tu_stub.h:75:40: note: in definition of macro ‘TU_FAIL’
   75 |                 } else if ((long long)(computed) &lt;= (long long)(desired)) { \
      |                                        ^~~~~~~~
/home/parallels/soft/my/countof_ns/tests/unit/tu_stub.h:97:13: note: in expansion of macro ‘_TU_ASSERT_AND_RETURN’
   97 |             _TU_ASSERT_AND_RETURN("TU_ASSERT_AND_RETURN", (desired), (computed))
      |             ^~~~~~~~~~~~~~~~~~~~~
/home/parallels/soft/my/countof_ns/tests/unit/pos_vla_zla_0n.h:5:5: note: in expansion of macro ‘TU_ASSERT_AND_RETURN’
    5 |     TU_ASSERT_AND_RETURN(d0, TU_COUNTOF(a));
      |     ^~~~~~~~~~~~~~~~~~~~
/home/parallels/soft/my/countof_ns/include/countof_ns.h:91:21: note: in expansion of macro ‘_countof_ns_typeof’
   91 |                     _countof_ns_typeof(*(a)) (*)[_countof_ns_unsafe(a)]: 1, \
      |                     ^~~~~~~~~~~~~~~~~~
/home/parallels/soft/my/countof_ns/include/countof_ns.h:98:53: note: in expansion of macro ‘_countof_ns_must_be’
   98 |     #define countof_ns(a)  (_countof_ns_unsafe(a) + _countof_ns_must_be(a))
      |                                                     ^~~~~~~~~~~~~~~~~~~
&lt;command-line&gt;: note: in expansion of macro ‘countof_ns’
/home/parallels/soft/my/countof_ns/tests/unit/tu_stub.h:18:25: note: in expansion of macro ‘TU_COUNTOF_FUNC’
   18 | #define TU_COUNTOF(a)  (TU_COUNTOF_FUNC(a))
      |                         ^~~~~~~~~~~~~~~
/home/parallels/soft/my/countof_ns/tests/unit/pos_vla_zla_0n.h:5:30: note: in expansion of macro ‘TU_COUNTOF’
    5 |     TU_ASSERT_AND_RETURN(d0, TU_COUNTOF(a));
      |                              ^~~~~~~~~~
gmake[3]: *** [tests/unit/CMakeFiles/pos_vla_zla_0n.dir/build.make:79: tests/unit/CMakeFiles/pos_vla_zla_0n.dir/tu_stub.c.o] Ошибка 1
gmake[2]: *** [CMakeFiles/Makefile2:1806: tests/unit/CMakeFiles/pos_vla_zla_0n.dir/all] Ошибка 2
gmake[1]: *** [CMakeFiles/Makefile2:1813: tests/unit/CMakeFiles/pos_vla_zla_0n.dir/rule] Ошибка 2
gmake: *** [Makefile:732: pos_vla_zla_0n] Ошибка 2

</system-out>
	</testcase>
	<testcase name="pos_vla_zla_0n_c11" classname="pos_vla_zla_0n_c11" time="0.00180217" status="run">
		<properties>
			<property name="cmake_labels" value="countof_ns;default"/>
		</properties>
		<system-out>Ok 0 TU_ASSERT_AND_RETURN((d0)=0, ...) /home/parallels/soft/my/countof_ns/tests/unit/pos_vla_zla_0n.h:pos_vla_zla_0n.h:TU_UNIT for countof_ns.h:countof_ns() with C11&amp;VLA, C 202000L
</system-out>
	</testcase>
	<testcase name="pos_vla_zla_n0" classname="pos_vla_zla_n0" time="0.197094" status="fail">
		<failure message="Failed"/>
		<properties>
			<property name="cmake_labels" value="countof_ns;default"/>
		</properties>
		<system-out>Internal cmake changing into directory: /home/parallels/soft/my/countof_ns/build/Linux_gcc-11_g++-11
Change Dir: '/home/parallels/soft/my/countof_ns/build/Linux_gcc-11_g++-11'

Run Build Command(s): /usr/bin/gmake -f Makefile pos_vla_zla_n0
[  0%] Built target CounofNS
[  0%] Building C object tests/unit/CMakeFiles/pos_vla_zla_n0.dir/tu_stub.c.o
In file included from /home/parallels/soft/my/countof_ns/tests/unit/tu_stub.c:5:
/home/parallels/soft/my/countof_ns/tests/unit/pos_vla_zla_n0.h: In function ‘TU_UNIT’:
/home/parallels/soft/my/countof_ns/include/countof_ns.h:72:40: error: ‘_Generic’ association has variable length type
   72 |         #define _countof_ns_typeof(t)  __typeof__(t)
      |                                        ^~~~~~~~~~
/home/parallels/soft/my/countof_ns/tests/unit/tu_stub.h:84:31: note: in definition of macro ‘_TU_ASSERT_AND_RETURN’
   84 |             if ((desired) == (computed)) { \
      |                               ^~~~~~~~
/home/parallels/soft/my/countof_ns/tests/unit/pos_vla_zla_n0.h:7:5: note: in expansion of macro ‘TU_ASSERT_AND_RETURN’
    7 |     TU_ASSERT_AND_RETURN(d1, TU_COUNTOF(b));
      |     ^~~~~~~~~~~~~~~~~~~~
/home/parallels/soft/my/countof_ns/include/countof_ns.h:91:21: note: in expansion of macro ‘_countof_ns_typeof’
   91 |                     _countof_ns_typeof(*(a)) (*)[_countof_ns_unsafe(a)]: 1, \
      |                     ^~~~~~~~~~~~~~~~~~
/home/parallels/soft/my/countof_ns/include/countof_ns.h:98:53: note: in expansion of macro ‘_countof_ns_must_be’
   98 |     #define countof_ns(a)  (_countof_ns_unsafe(a) + _countof_ns_must_be(a))
      |                                                     ^~~~~~~~~~~~~~~~~~~
&lt;command-line&gt;: note: in expansion of macro ‘countof_ns’
/home/parallels/soft/my/countof_ns/tests/unit/tu_stub.h:18:25: note: in expansion of macro ‘TU_COUNTOF_FUNC’
   18 | #define TU_COUNTOF(a)  (TU_COUNTOF_FUNC(a))
      |                         ^~~~~~~~~~~~~~~
/home/parallels/soft/my/countof_ns/tests/unit/pos_vla_zla_n0.h:7:30: note: in expansion of macro ‘TU_COUNTOF’
    7 |     TU_ASSERT_AND_RETURN(d1, TU_COUNTOF(b));
      |                              ^~~~~~~~~~
/home/parallels/soft/my/countof_ns/include/countof_ns.h:72:40: error: ‘_Generic’ association has variable length type
   72 |         #define _countof_ns_typeof(t)  __typeof__(t)
      |                                        ^~~~~~~~~~
/home/parallels/soft/my/countof_ns/tests/unit/tu_stub.h:88:25: note: in definition of macro ‘_TU_ASSERT_AND_RETURN’
   88 |                        (computed), (method), (#desired), (size_t)(desired)); \
      |                         ^~~~~~~~
/home/parallels/soft/my/countof_ns/tests/unit/pos_vla_zla_n0.h:7:5: note: in expansion of macro ‘TU_ASSERT_AND_RETURN’
    7 |     TU_ASSERT_AND_RETURN(d1, TU_COUNTOF(b));
      |     ^~~~~~~~~~~~~~~~~~~~
/home/parallels/soft/my/countof_ns/include/countof_ns.h:91:21: note: in expansion of macro ‘_countof_ns_typeof’
   91 |                     _countof_ns_typeof(*(a)) (*)[_countof_ns_unsafe(a)]: 1, \
      |                     ^~~~~~~~~~~~~~~~~~
/home/parallels/soft/my/countof_ns/include/countof_ns.h:98:53: note: in expansion of macro ‘_countof_ns_must_be’
   98 |     #define countof_ns(a)  (_countof_ns_unsafe(a) + _countof_ns_must_be(a))
      |                                                     ^~~~~~~~~~~~~~~~~~~
&lt;command-line&gt;: note: in expansion of macro ‘countof_ns’
/home/parallels/soft/my/countof_ns/tests/unit/tu_stub.h:18:25: note: in expansion of macro ‘TU_COUNTOF_FUNC’
   18 | #define TU_COUNTOF(a)  (TU_COUNTOF_FUNC(a))
      |                         ^~~~~~~~~~~~~~~
/home/parallels/soft/my/countof_ns/tests/unit/pos_vla_zla_n0.h:7:30: note: in expansion of macro ‘TU_COUNTOF’
    7 |     TU_ASSERT_AND_RETURN(d1, TU_COUNTOF(b));
      |                              ^~~~~~~~~~
/home/parallels/soft/my/countof_ns/include/countof_ns.h:72:40: error: ‘_Generic’ association has variable length type
   72 |         #define _countof_ns_typeof(t)  __typeof__(t)
      |                                        ^~~~~~~~~~
/home/parallels/soft/my/countof_ns/tests/unit/tu_stub.h:69:35: note: in definition of macro ‘TU_FAIL’
   69 |             if(_TU_TODO_MAGIC != (computed)) { \
      |                                   ^~~~~~~~
/home/parallels/soft/my/countof_ns/tests/unit/tu_stub.h:97:13: note: in expansion of macro ‘_TU_ASSERT_AND_RETURN’
   97 |             _TU_ASSERT_AND_RETURN("TU_ASSERT_AND_RETURN", (desired), (computed))
      |             ^~~~~~~~~~~~~~~~~~~~~
/home/parallels/soft/my/countof_ns/tests/unit/pos_vla_zla_n0.h:7:5: note: in expansion of macro ‘TU_ASSERT_AND_RETURN’
    7 |     TU_ASSERT_AND_RETURN(d1, TU_COUNTOF(b));
      |     ^~~~~~~~~~~~~~~~~~~~
/home/parallels/soft/my/countof_ns/include/countof_ns.h:91:21: note: in expansion of macro ‘_countof_ns_typeof’
   91 |                     _countof_ns_typeof(*(a)) (*)[_countof_ns_unsafe(a)]: 1, \
      |                     ^~~~~~~~~~~~~~~~~~
/home/parallels/soft/my/countof_ns/include/countof_ns.h:98:53: note: in expansion of macro ‘_countof_ns_must_be’
   98 |     #define countof_ns(a)  (_countof_ns_unsafe(a) + _countof_ns_must_be(a))
      |                                                     ^~~~~~~~~~~~~~~~~~~
&lt;command-line&gt;: note: in expansion of macro ‘countof_ns’
/home/parallels/soft/my/countof_ns/tests/unit/tu_stub.h:18:25: note: in expansion of macro ‘TU_COUNTOF_FUNC’
   18 | #define TU_COUNTOF(a)  (TU_COUNTOF_FUNC(a))
      |                         ^~~~~~~~~~~~~~~
/home/parallels/soft/my/countof_ns/tests/unit/pos_vla_zla_n0.h:7:30: note: in expansion of macro ‘TU_COUNTOF’
    7 |     TU_ASSERT_AND_RETURN(d1, TU_COUNTOF(b));
      |                              ^~~~~~~~~~
/home/parallels/soft/my/countof_ns/include/countof_ns.h:72:40: error: ‘_Generic’ association has variable length type
   72 |         #define _countof_ns_typeof(t)  __typeof__(t)
      |                                        ^~~~~~~~~~
/home/parallels/soft/my/countof_ns/tests/unit/tu_stub.h:71:25: note: in definition of macro ‘TU_FAIL’
   71 |                        (computed), (size_t)(desired), (method), (#desired)); \
      |                         ^~~~~~~~
/home/parallels/soft/my/countof_ns/tests/unit/tu_stub.h:97:13: note: in expansion of macro ‘_TU_ASSERT_AND_RETURN’
   97 |             _TU_ASSERT_AND_RETURN("TU_ASSERT_AND_RETURN", (desired), (computed))
      |             ^~~~~~~~~~~~~~~~~~~~~
/home/parallels/soft/my/countof_ns/tests/unit/pos_vla_zla_n0.h:7:5: note: in expansion of macro ‘TU_ASSERT_AND_RETURN’
    7 |     TU_ASSERT_AND_RETURN(d1, TU_COUNTOF(b));
      |     ^~~~~~~~~~~~~~~~~~~~
/home/parallels/soft/my/countof_ns/include/countof_ns.h:91:21: note: in expansion of macro ‘_countof_ns_typeof’
   91 |                     _countof_ns_typeof(*(a)) (*)[_countof_ns_unsafe(a)]: 1, \
      |                     ^~~~~~~~~~~~~~~~~~
/home/parallels/soft/my/countof_ns/include/countof_ns.h:98:53: note: in expansion of macro ‘_countof_ns_must_be’
   98 |     #define countof_ns(a)  (_countof_ns_unsafe(a) + _countof_ns_must_be(a))
      |                                                     ^~~~~~~~~~~~~~~~~~~
&lt;command-line&gt;: note: in expansion of macro ‘countof_ns’
/home/parallels/soft/my/countof_ns/tests/unit/tu_stub.h:18:25: note: in expansion of macro ‘TU_COUNTOF_FUNC’
   18 | #define TU_COUNTOF(a)  (TU_COUNTOF_FUNC(a))
      |                         ^~~~~~~~~~~~~~~
/home/parallels/soft/my/countof_ns/tests/unit/pos_vla_zla_n0.h:7:30: note: in expansion of macro ‘TU_COUNTOF’
    7 |     TU_ASSERT_AND_RETURN(d1, TU_COUNTOF(b));
      |                              ^~~~~~~~~~
/home/parallels/soft/my/countof_ns/include/countof_ns.h:72:40: error: ‘_Generic’ association has variable length type
   72 |         #define _countof_ns_typeof(t)  __typeof__(t)
      |                                        ^~~~~~~~~~
/home/parallels/soft/my/countof_ns/tests/unit/tu_stub.h:73:27: note: in definition of macro ‘TU_FAIL’
   73 |                 if (0 == (computed)) { \
      |                           ^~~~~~~~
/home/parallels/soft/my/countof_ns/tests/unit/tu_stub.h:97:13: note: in expansion of macro ‘_TU_ASSERT_AND_RETURN’
   97 |             _TU_ASSERT_AND_RETURN("TU_ASSERT_AND_RETURN", (desired), (computed))
      |             ^~~~~~~~~~~~~~~~~~~~~
/home/parallels/soft/my/countof_ns/tests/unit/pos_vla_zla_n0.h:7:5: note: in expansion of macro ‘TU_ASSERT_AND_RETURN’
    7 |     TU_ASSERT_AND_RETURN(d1, TU_COUNTOF(b));
      |     ^~~~~~~~~~~~~~~~~~~~
/home/parallels/soft/my/countof_ns/include/countof_ns.h:91:21: note: in expansion of macro ‘_countof_ns_typeof’
   91 |                     _countof_ns_typeof(*(a)) (*)[_countof_ns_unsafe(a)]: 1, \
      |                     ^~~~~~~~~~~~~~~~~~
/home/parallels/soft/my/countof_ns/include/countof_ns.h:98:53: note: in expansion of macro ‘_countof_ns_must_be’
   98 |     #define countof_ns(a)  (_countof_ns_unsafe(a) + _countof_ns_must_be(a))
      |                                                     ^~~~~~~~~~~~~~~~~~~
&lt;command-line&gt;: note: in expansion of macro ‘countof_ns’
/home/parallels/soft/my/countof_ns/tests/unit/tu_stub.h:18:25: note: in expansion of macro ‘TU_COUNTOF_FUNC’
   18 | #define TU_COUNTOF(a)  (TU_COUNTOF_FUNC(a))
      |                         ^~~~~~~~~~~~~~~
/home/parallels/soft/my/countof_ns/tests/unit/pos_vla_zla_n0.h:7:30: note: in expansion of macro ‘TU_COUNTOF’
    7 |     TU_ASSERT_AND_RETURN(d1, TU_COUNTOF(b));
      |                              ^~~~~~~~~~
/home/parallels/soft/my/countof_ns/include/countof_ns.h:72:40: error: ‘_Generic’ association has variable length type
   72 |         #define _countof_ns_typeof(t)  __typeof__(t)
      |                                        ^~~~~~~~~~
/home/parallels/soft/my/countof_ns/tests/unit/tu_stub.h:75:40: note: in definition of macro ‘TU_FAIL’
   75 |                 } else if ((long long)(computed) &lt;= (long long)(desired)) { \
      |                                        ^~~~~~~~
/home/parallels/soft/my/countof_ns/tests/unit/tu_stub.h:97:13: note: in expansion of macro ‘_TU_ASSERT_AND_RETURN’
   97 |             _TU_ASSERT_AND_RETURN("TU_ASSERT_AND_RETURN", (desired), (computed))
      |             ^~~~~~~~~~~~~~~~~~~~~
/home/parallels/soft/my/countof_ns/tests/unit/pos_vla_zla_n0.h:7:5: note: in expansion of macro ‘TU_ASSERT_AND_RETURN’
    7 |     TU_ASSERT_AND_RETURN(d1, TU_COUNTOF(b));
      |     ^~~~~~~~~~~~~~~~~~~~
/home/parallels/soft/my/countof_ns/include/countof_ns.h:91:21: note: in expansion of macro ‘_countof_ns_typeof’
   91 |                     _countof_ns_typeof(*(a)) (*)[_countof_ns_unsafe(a)]: 1, \
      |                     ^~~~~~~~~~~~~~~~~~
/home/parallels/soft/my/countof_ns/include/countof_ns.h:98:53: note: in expansion of macro ‘_countof_ns_must_be’
   98 |     #define countof_ns(a)  (_countof_ns_unsafe(a) + _countof_ns_must_be(a))
      |                                                     ^~~~~~~~~~~~~~~~~~~
&lt;command-line&gt;: note: in expansion of macro ‘countof_ns’
/home/parallels/soft/my/countof_ns/tests/unit/tu_stub.h:18:25: note: in expansion of macro ‘TU_COUNTOF_FUNC’
   18 | #define TU_COUNTOF(a)  (TU_COUNTOF_FUNC(a))
      |                         ^~~~~~~~~~~~~~~
/home/parallels/soft/my/countof_ns/tests/unit/pos_vla_zla_n0.h:7:30: note: in expansion of macro ‘TU_COUNTOF’
    7 |     TU_ASSERT_AND_RETURN(d1, TU_COUNTOF(b));
      |                              ^~~~~~~~~~
gmake[3]: *** [tests/unit/CMakeFiles/pos_vla_zla_n0.dir/build.make:79: tests/unit/CMakeFiles/pos_vla_zla_n0.dir/tu_stub.c.o] Ошибка 1
gmake[2]: *** [CMakeFiles/Makefile2:1870: tests/unit/CMakeFiles/pos_vla_zla_n0.dir/all] Ошибка 2
gmake[1]: *** [CMakeFiles/Makefile2:1877: tests/unit/CMakeFiles/pos_vla_zla_n0.dir/rule] Ошибка 2
gmake: *** [Makefile:758: pos_vla_zla_n0] Ошибка 2

</system-out>
	</testcase>
	<testcase name="pos_vla_zla_n0_c11" classname="pos_vla_zla_n0_c11" time="0.183983" status="fail">
		<failure message="Failed"/>
		<properties>
			<property name="cmake_labels" value="countof_ns;default"/>
		</properties>
		<system-out>Internal cmake changing into directory: /home/parallels/soft/my/countof_ns/build/Linux_gcc-11_g++-11
Change Dir: '/home/parallels/soft/my/countof_ns/build/Linux_gcc-11_g++-11'

Run Build Command(s): /usr/bin/gmake -f Makefile pos_vla_zla_n0_c11
[  0%] Built target CounofNS
[100%] Built target pos_vla_zla_n0_c11

Running test command: "/home/parallels/soft/my/countof_ns/build/Linux_gcc-11_g++-11/tests/unit/pos_vla_zla_n0_c11"
Test command failed: /home/parallels/soft/my/countof_ns/build/Linux_gcc-11_g++-11/tests/unit/pos_vla_zla_n0_c11
Fail 0 desired=1 TU_ASSERT_AND_RETURN(((d1)), ...) /home/parallels/soft/my/countof_ns/tests/unit/pos_vla_zla_n0.h:pos_vla_zla_n0.h:TU_UNIT for countof_ns.h:countof_ns() with C11&amp;VLA, C 202000L

</system-out>
	</testcase>
	<testcase name="pos_zla_00" classname="pos_zla_00" time="0.00192044" status="run">
		<properties>
			<property name="cmake_labels" value="countof_ns;default"/>
		</properties>
		<system-out>Ok 0 TU_STATIC_ASSERT_AND_RETURN((0)=0, ...) /home/parallels/soft/my/countof_ns/tests/unit/pos_zla_00.h:pos_zla_00.h:TU_UNIT for countof_ns.h:countof_ns(), C 202000L
</system-out>
	</testcase>
	<testcase name="pos_zla_00_c11" classname="pos_zla_00_c11" time="0.0018128" status="run">
		<properties>
			<property name="cmake_labels" value="countof_ns;default"/>
		</properties>
		<system-out>Ok 0 TU_STATIC_ASSERT_AND_RETURN((0)=0, ...) /home/parallels/soft/my/countof_ns/tests/unit/pos_zla_00.h:pos_zla_00.h:TU_UNIT for countof_ns.h:countof_ns() with C11&amp;VLA, C 202000L
</system-out>
	</testcase>
	<testcase name="pos_zla_00_cxx" classname="pos_zla_00_cxx" time="0.00204172" status="run">
		<properties>
			<property name="cmake_labels" value="countof_ns;default"/>
		</properties>
		<system-out>Ok 0 TU_STATIC_ASSERT_AND_RETURN((0)=0, ...) /home/parallels/soft/my/countof_ns/tests/unit/pos_zla_00.h:pos_zla_00.h:TU_UNIT for countof_ns.h:countof_ns(), C++ 202100L
</system-out>
	</testcase>
	<testcase name="pos_zla_0n" classname="pos_zla_0n" time="0.0019054" status="run">
		<properties>
			<property name="cmake_labels" value="countof_ns;default"/>
		</properties>
		<system-out>Ok 0 TU_STATIC_ASSERT_AND_RETURN((0)=0, ...) /home/parallels/soft/my/countof_ns/tests/unit/pos_zla_0n.h:pos_zla_0n.h:TU_UNIT for countof_ns.h:countof_ns(), C 202000L
</system-out>
	</testcase>
	<testcase name="pos_zla_0n_c11" classname="pos_zla_0n_c11" time="0.00186712" status="run">
		<properties>
			<property name="cmake_labels" value="countof_ns;default"/>
		</properties>
		<system-out>Ok 0 TU_STATIC_ASSERT_AND_RETURN((0)=0, ...) /home/parallels/soft/my/countof_ns/tests/unit/pos_zla_0n.h:pos_zla_0n.h:TU_UNIT for countof_ns.h:countof_ns() with C11&amp;VLA, C 202000L
</system-out>
	</testcase>
	<testcase name="pos_zla_0n_cxx" classname="pos_zla_0n_cxx" time="0.00177076" status="run">
		<properties>
			<property name="cmake_labels" value="countof_ns;default"/>
		</properties>
		<system-out>Ok 0 TU_STATIC_ASSERT_AND_RETURN((0)=0, ...) /home/parallels/soft/my/countof_ns/tests/unit/pos_zla_0n.h:pos_zla_0n.h:TU_UNIT for countof_ns.h:countof_ns(), C++ 202100L
</system-out>
	</testcase>
	<testcase name="pos_zla_n0" classname="pos_zla_n0" time="0.171109" status="fail">
		<failure message="Failed"/>
		<properties>
			<property name="cmake_labels" value="countof_ns;default"/>
		</properties>
		<system-out>Internal cmake changing into directory: /home/parallels/soft/my/countof_ns/build/Linux_gcc-11_g++-11
Change Dir: '/home/parallels/soft/my/countof_ns/build/Linux_gcc-11_g++-11'

Run Build Command(s): /usr/bin/gmake -f Makefile pos_zla_n0
[  0%] Built target CounofNS
[  0%] Building C object tests/unit/CMakeFiles/pos_zla_n0.dir/tu_stub.c.o
In file included from /home/parallels/soft/my/countof_ns/tests/unit/tu_stub.c:5:
/home/parallels/soft/my/countof_ns/tests/unit/pos_zla_n0.h: In function ‘TU_UNIT’:
/home/parallels/soft/my/countof_ns/include/countof_ns.h:90:61: error: size of unnamed array is negative
   90 |         #define _countof_ns_must_be(a) ((size_t)!sizeof(char[_Generic(&amp;(a), \
      |                                                             ^
/home/parallels/soft/my/countof_ns/tests/unit/tu_stub.h:48:50: note: in definition of macro ‘tu_static_assert’
   48 |     #define tu_static_assert(e)  _Static_assert((e), #e)
      |                                                  ^
/home/parallels/soft/my/countof_ns/tests/unit/pos_zla_n0.h:4:5: note: in expansion of macro ‘TU_STATIC_ASSERT_AND_RETURN’
    4 |     TU_STATIC_ASSERT_AND_RETURN(1, TU_COUNTOF(b));
      |     ^~~~~~~~~~~~~~~~~~~~~~~~~~~
/home/parallels/soft/my/countof_ns/include/countof_ns.h:98:53: note: in expansion of macro ‘_countof_ns_must_be’
   98 |     #define countof_ns(a)  (_countof_ns_unsafe(a) + _countof_ns_must_be(a))
      |                                                     ^~~~~~~~~~~~~~~~~~~
&lt;command-line&gt;: note: in expansion of macro ‘countof_ns’
/home/parallels/soft/my/countof_ns/tests/unit/tu_stub.h:18:25: note: in expansion of macro ‘TU_COUNTOF_FUNC’
   18 | #define TU_COUNTOF(a)  (TU_COUNTOF_FUNC(a))
      |                         ^~~~~~~~~~~~~~~
/home/parallels/soft/my/countof_ns/tests/unit/pos_zla_n0.h:4:36: note: in expansion of macro ‘TU_COUNTOF’
    4 |     TU_STATIC_ASSERT_AND_RETURN(1, TU_COUNTOF(b));
      |                                    ^~~~~~~~~~
/home/parallels/soft/my/countof_ns/tests/unit/tu_stub.h:48:34: error: static assertion failed: "(1) == ((((!sizeof(*(b)) ? 0 : sizeof(b)/( sizeof(*(b)) ? sizeof(*(b)) : (size_t)-1 )) + ((size_t)!sizeof(char[_Generic(&amp;(b), __typeof__(*(b)) (*)[(!sizeof(*(b)) ? 0 : sizeof(b)/( sizeof(*(b)) ? sizeof(*(b)) : (size_t)-1 ))]: 1, default: -1)])))))"
   48 |     #define tu_static_assert(e)  _Static_assert((e), #e)
      |                                  ^~~~~~~~~~~~~~
/home/parallels/soft/my/countof_ns/tests/unit/tu_stub.h:100:13: note: in expansion of macro ‘tu_static_assert’
  100 |             tu_static_assert((desired) == (computed)); \
      |             ^~~~~~~~~~~~~~~~
/home/parallels/soft/my/countof_ns/tests/unit/pos_zla_n0.h:4:5: note: in expansion of macro ‘TU_STATIC_ASSERT_AND_RETURN’
    4 |     TU_STATIC_ASSERT_AND_RETURN(1, TU_COUNTOF(b));
      |     ^~~~~~~~~~~~~~~~~~~~~~~~~~~
/home/parallels/soft/my/countof_ns/include/countof_ns.h:90:61: error: size of unnamed array is negative
   90 |         #define _countof_ns_must_be(a) ((size_t)!sizeof(char[_Generic(&amp;(a), \
      |                                                             ^
/home/parallels/soft/my/countof_ns/tests/unit/tu_stub.h:84:31: note: in definition of macro ‘_TU_ASSERT_AND_RETURN’
   84 |             if ((desired) == (computed)) { \
      |                               ^~~~~~~~
/home/parallels/soft/my/countof_ns/tests/unit/pos_zla_n0.h:4:5: note: in expansion of macro ‘TU_STATIC_ASSERT_AND_RETURN’
    4 |     TU_STATIC_ASSERT_AND_RETURN(1, TU_COUNTOF(b));
      |     ^~~~~~~~~~~~~~~~~~~~~~~~~~~
/home/parallels/soft/my/countof_ns/include/countof_ns.h:98:53: note: in expansion of macro ‘_countof_ns_must_be’
   98 |     #define countof_ns(a)  (_countof_ns_unsafe(a) + _countof_ns_must_be(a))
      |                                                     ^~~~~~~~~~~~~~~~~~~
&lt;command-line&gt;: note: in expansion of macro ‘countof_ns’
/home/parallels/soft/my/countof_ns/tests/unit/tu_stub.h:18:25: note: in expansion of macro ‘TU_COUNTOF_FUNC’
   18 | #define TU_COUNTOF(a)  (TU_COUNTOF_FUNC(a))
      |                         ^~~~~~~~~~~~~~~
/home/parallels/soft/my/countof_ns/tests/unit/pos_zla_n0.h:4:36: note: in expansion of macro ‘TU_COUNTOF’
    4 |     TU_STATIC_ASSERT_AND_RETURN(1, TU_COUNTOF(b));
      |                                    ^~~~~~~~~~
/home/parallels/soft/my/countof_ns/include/countof_ns.h:90:61: error: size of unnamed array is negative
   90 |         #define _countof_ns_must_be(a) ((size_t)!sizeof(char[_Generic(&amp;(a), \
      |                                                             ^
/home/parallels/soft/my/countof_ns/tests/unit/tu_stub.h:88:25: note: in definition of macro ‘_TU_ASSERT_AND_RETURN’
   88 |                        (computed), (method), (#desired), (size_t)(desired)); \
      |                         ^~~~~~~~
/home/parallels/soft/my/countof_ns/tests/unit/pos_zla_n0.h:4:5: note: in expansion of macro ‘TU_STATIC_ASSERT_AND_RETURN’
    4 |     TU_STATIC_ASSERT_AND_RETURN(1, TU_COUNTOF(b));
      |     ^~~~~~~~~~~~~~~~~~~~~~~~~~~
/home/parallels/soft/my/countof_ns/include/countof_ns.h:98:53: note: in expansion of macro ‘_countof_ns_must_be’
   98 |     #define countof_ns(a)  (_countof_ns_unsafe(a) + _countof_ns_must_be(a))
      |                                                     ^~~~~~~~~~~~~~~~~~~
&lt;command-line&gt;: note: in expansion of macro ‘countof_ns’
/home/parallels/soft/my/countof_ns/tests/unit/tu_stub.h:18:25: note: in expansion of macro ‘TU_COUNTOF_FUNC’
   18 | #define TU_COUNTOF(a)  (TU_COUNTOF_FUNC(a))
      |                         ^~~~~~~~~~~~~~~
/home/parallels/soft/my/countof_ns/tests/unit/pos_zla_n0.h:4:36: note: in expansion of macro ‘TU_COUNTOF’
    4 |     TU_STATIC_ASSERT_AND_RETURN(1, TU_COUNTOF(b));
      |                                    ^~~~~~~~~~
/home/parallels/soft/my/countof_ns/include/countof_ns.h:90:61: error: size of unnamed array is negative
   90 |         #define _countof_ns_must_be(a) ((size_t)!sizeof(char[_Generic(&amp;(a), \
      |                                                             ^
/home/parallels/soft/my/countof_ns/tests/unit/tu_stub.h:69:35: note: in definition of macro ‘TU_FAIL’
   69 |             if(_TU_TODO_MAGIC != (computed)) { \
      |                                   ^~~~~~~~
/home/parallels/soft/my/countof_ns/tests/unit/tu_stub.h:101:13: note: in expansion of macro ‘_TU_ASSERT_AND_RETURN’
  101 |             _TU_ASSERT_AND_RETURN("TU_STATIC_ASSERT_AND_RETURN", \
      |             ^~~~~~~~~~~~~~~~~~~~~
/home/parallels/soft/my/countof_ns/tests/unit/pos_zla_n0.h:4:5: note: in expansion of macro ‘TU_STATIC_ASSERT_AND_RETURN’
    4 |     TU_STATIC_ASSERT_AND_RETURN(1, TU_COUNTOF(b));
      |     ^~~~~~~~~~~~~~~~~~~~~~~~~~~
/home/parallels/soft/my/countof_ns/include/countof_ns.h:98:53: note: in expansion of macro ‘_countof_ns_must_be’
   98 |     #define countof_ns(a)  (_countof_ns_unsafe(a) + _countof_ns_must_be(a))
      |                                                     ^~~~~~~~~~~~~~~~~~~
&lt;command-line&gt;: note: in expansion of macro ‘countof_ns’
/home/parallels/soft/my/countof_ns/tests/unit/tu_stub.h:18:25: note: in expansion of macro ‘TU_COUNTOF_FUNC’
   18 | #define TU_COUNTOF(a)  (TU_COUNTOF_FUNC(a))
      |                         ^~~~~~~~~~~~~~~
/home/parallels/soft/my/countof_ns/tests/unit/pos_zla_n0.h:4:36: note: in expansion of macro ‘TU_COUNTOF’
    4 |     TU_STATIC_ASSERT_AND_RETURN(1, TU_COUNTOF(b));
      |                                    ^~~~~~~~~~
/home/parallels/soft/my/countof_ns/include/countof_ns.h:90:61: error: size of unnamed array is negative
   90 |         #define _countof_ns_must_be(a) ((size_t)!sizeof(char[_Generic(&amp;(a), \
      |                                                             ^
/home/parallels/soft/my/countof_ns/tests/unit/tu_stub.h:71:25: note: in definition of macro ‘TU_FAIL’
   71 |                        (computed), (size_t)(desired), (method), (#desired)); \
      |                         ^~~~~~~~
/home/parallels/soft/my/countof_ns/tests/unit/tu_stub.h:101:13: note: in expansion of macro ‘_TU_ASSERT_AND_RETURN’
  101 |             _TU_ASSERT_AND_RETURN("TU_STATIC_ASSERT_AND_RETURN", \
      |             ^~~~~~~~~~~~~~~~~~~~~
/home/parallels/soft/my/countof_ns/tests/unit/pos_zla_n0.h:4:5: note: in expansion of macro ‘TU_STATIC_ASSERT_AND_RETURN’
    4 |     TU_STATIC_ASSERT_AND_RETURN(1, TU_COUNTOF(b));
      |     ^~~~~~~~~~~~~~~~~~~~~~~~~~~
/home/parallels/soft/my/countof_ns/include/countof_ns.h:98:53: note: in expansion of macro ‘_countof_ns_must_be’
   98 |     #define countof_ns(a)  (_countof_ns_unsafe(a) + _countof_ns_must_be(a))
      |                                                     ^~~~~~~~~~~~~~~~~~~
&lt;command-line&gt;: note: in expansion of macro ‘countof_ns’
/home/parallels/soft/my/countof_ns/tests/unit/tu_stub.h:18:25: note: in expansion of macro ‘TU_COUNTOF_FUNC’
   18 | #define TU_COUNTOF(a)  (TU_COUNTOF_FUNC(a))
      |                         ^~~~~~~~~~~~~~~
/home/parallels/soft/my/countof_ns/tests/unit/pos_zla_n0.h:4:36: note: in expansion of macro ‘TU_COUNTOF’
    4 |     TU_STATIC_ASSERT_AND_RETURN(1, TU_COUNTOF(b));
      |                                    ^~~~~~~~~~
/home/parallels/soft/my/countof_ns/include/countof_ns.h:90:61: error: size of unnamed array is negative
   90 |         #define _countof_ns_must_be(a) ((size_t)!sizeof(char[_Generic(&amp;(a), \
      |                                                             ^
/home/parallels/soft/my/countof_ns/tests/unit/tu_stub.h:73:27: note: in definition of macro ‘TU_FAIL’
   73 |                 if (0 == (computed)) { \
      |                           ^~~~~~~~
/home/parallels/soft/my/countof_ns/tests/unit/tu_stub.h:101:13: note: in expansion of macro ‘_TU_ASSERT_AND_RETURN’
  101 |             _TU_ASSERT_AND_RETURN("TU_STATIC_ASSERT_AND_RETURN", \
      |             ^~~~~~~~~~~~~~~~~~~~~
/home/parallels/soft/my/countof_ns/tests/unit/pos_zla_n0.h:4:5: note: in expansion of macro ‘TU_STATIC_ASSERT_AND_RETURN’
    4 |     TU_STATIC_ASSERT_AND_RETURN(1, TU_COUNTOF(b));
      |     ^~~~~~~~~~~~~~~~~~~~~~~~~~~
/home/parallels/soft/my/countof_ns/include/countof_ns.h:98:53: note: in expansion of macro ‘_countof_ns_must_be’
   98 |     #define countof_ns(a)  (_countof_ns_unsafe(a) + _countof_ns_must_be(a))
      |                                                     ^~~~~~~~~~~~~~~~~~~
&lt;command-line&gt;: note: in expansion of macro ‘countof_ns’
/home/parallels/soft/my/countof_ns/tests/unit/tu_stub.h:18:25: note: in expansion of macro ‘TU_COUNTOF_FUNC’
   18 | #define TU_COUNTOF(a)  (TU_COUNTOF_FUNC(a))
      |                         ^~~~~~~~~~~~~~~
/home/parallels/soft/my/countof_ns/tests/unit/pos_zla_n0.h:4:36: note: in expansion of macro ‘TU_COUNTOF’
    4 |     TU_STATIC_ASSERT_AND_RETURN(1, TU_COUNTOF(b));
      |                                    ^~~~~~~~~~
/home/parallels/soft/my/countof_ns/include/countof_ns.h:90:61: error: size of unnamed array is negative
   90 |         #define _countof_ns_must_be(a) ((size_t)!sizeof(char[_Generic(&amp;(a), \
      |                                                             ^
/home/parallels/soft/my/countof_ns/tests/unit/tu_stub.h:75:40: note: in definition of macro ‘TU_FAIL’
   75 |                 } else if ((long long)(computed) &lt;= (long long)(desired)) { \
      |                                        ^~~~~~~~
/home/parallels/soft/my/countof_ns/tests/unit/tu_stub.h:101:13: note: in expansion of macro ‘_TU_ASSERT_AND_RETURN’
  101 |             _TU_ASSERT_AND_RETURN("TU_STATIC_ASSERT_AND_RETURN", \
      |             ^~~~~~~~~~~~~~~~~~~~~
/home/parallels/soft/my/countof_ns/tests/unit/pos_zla_n0.h:4:5: note: in expansion of macro ‘TU_STATIC_ASSERT_AND_RETURN’
    4 |     TU_STATIC_ASSERT_AND_RETURN(1, TU_COUNTOF(b));
      |     ^~~~~~~~~~~~~~~~~~~~~~~~~~~
/home/parallels/soft/my/countof_ns/include/countof_ns.h:98:53: note: in expansion of macro ‘_countof_ns_must_be’
   98 |     #define countof_ns(a)  (_countof_ns_unsafe(a) + _countof_ns_must_be(a))
      |                                                     ^~~~~~~~~~~~~~~~~~~
&lt;command-line&gt;: note: in expansion of macro ‘countof_ns’
/home/parallels/soft/my/countof_ns/tests/unit/tu_stub.h:18:25: note: in expansion of macro ‘TU_COUNTOF_FUNC’
   18 | #define TU_COUNTOF(a)  (TU_COUNTOF_FUNC(a))
      |                         ^~~~~~~~~~~~~~~
/home/parallels/soft/my/countof_ns/tests/unit/pos_zla_n0.h:4:36: note: in expansion of macro ‘TU_COUNTOF’
    4 |     TU_STATIC_ASSERT_AND_RETURN(1, TU_COUNTOF(b));
      |                                    ^~~~~~~~~~
gmake[3]: *** [tests/unit/CMakeFiles/pos_zla_n0.dir/build.make:79: tests/unit/CMakeFiles/pos_zla_n0.dir/tu_stub.c.o] Ошибка 1
gmake[2]: *** [CMakeFiles/Makefile2:2126: tests/unit/CMakeFiles/pos_zla_n0.dir/all] Ошибка 2
gmake[1]: *** [CMakeFiles/Makefile2:2133: tests/unit/CMakeFiles/pos_zla_n0.dir/rule] Ошибка 2
gmake: *** [Makefile:862: pos_zla_n0] Ошибка 2

</system-out>
	</testcase>
	<testcase name="pos_zla_n0_c11" classname="pos_zla_n0_c11" time="0.188823" status="fail">
		<failure message="Failed"/>
		<properties>
			<property name="cmake_labels" value="countof_ns;default"/>
		</properties>
		<system-out>Internal cmake changing into directory: /home/parallels/soft/my/countof_ns/build/Linux_gcc-11_g++-11
Change Dir: '/home/parallels/soft/my/countof_ns/build/Linux_gcc-11_g++-11'

Run Build Command(s): /usr/bin/gmake -f Makefile pos_zla_n0_c11
[  0%] Built target CounofNS
[100%] Building C object tests/unit/CMakeFiles/pos_zla_n0_c11.dir/tu_stub.c.o
In file included from /home/parallels/soft/my/countof_ns/tests/unit/tu_stub.c:5:
/home/parallels/soft/my/countof_ns/tests/unit/pos_zla_n0.h: In function ‘TU_UNIT’:
/home/parallels/soft/my/countof_ns/include/countof_ns.h:95:52: error: invalid operands to binary - (have ‘int (**)[1][0]’ and ‘int (**)[0][0]’)
   95 |                     (_countof_ns_typeof(a) **)&amp;(a) - \
      |                     ~~~~~~~~~~~~~~~~~~~~~~~~~~~~~~ ^
      |                     |
      |                     int (**)[1][0]
   96 |                     (_countof_ns_typeof(*(a))(**)[_countof_ns_unsafe(a)])&amp;(a)))
      |                     ~~~~~~~~~~~~~~~~~~~~~~~~~~~~~~~~~~~~~~~~~~~~~~~~~~~~~~~~~
      |                     |
      |                     int (**)[0][0]
/home/parallels/soft/my/countof_ns/tests/unit/tu_stub.h:48:50: note: in definition of macro ‘tu_static_assert’
   48 |     #define tu_static_assert(e)  _Static_assert((e), #e)
      |                                                  ^
/home/parallels/soft/my/countof_ns/tests/unit/pos_zla_n0.h:4:5: note: in expansion of macro ‘TU_STATIC_ASSERT_AND_RETURN’
    4 |     TU_STATIC_ASSERT_AND_RETURN(1, TU_COUNTOF(b));
      |     ^~~~~~~~~~~~~~~~~~~~~~~~~~~
/home/parallels/soft/my/countof_ns/include/countof_ns.h:98:53: note: in expansion of macro ‘_countof_ns_must_be’
   98 |     #define countof_ns(a)  (_countof_ns_unsafe(a) + _countof_ns_must_be(a))
      |                                                     ^~~~~~~~~~~~~~~~~~~
&lt;command-line&gt;: note: in expansion of macro ‘countof_ns’
/home/parallels/soft/my/countof_ns/tests/unit/tu_stub.h:18:25: note: in expansion of macro ‘TU_COUNTOF_FUNC’
   18 | #define TU_COUNTOF(a)  (TU_COUNTOF_FUNC(a))
      |                         ^~~~~~~~~~~~~~~
/home/parallels/soft/my/countof_ns/tests/unit/pos_zla_n0.h:4:36: note: in expansion of macro ‘TU_COUNTOF’
    4 |     TU_STATIC_ASSERT_AND_RETURN(1, TU_COUNTOF(b));
      |                                    ^~~~~~~~~~
/home/parallels/soft/my/countof_ns/tests/unit/tu_stub.h:48:49: error: expression in static assertion is not an integer
   48 |     #define tu_static_assert(e)  _Static_assert((e), #e)
      |                                                 ^
/home/parallels/soft/my/countof_ns/tests/unit/tu_stub.h:100:13: note: in expansion of macro ‘tu_static_assert’
  100 |             tu_static_assert((desired) == (computed)); \
      |             ^~~~~~~~~~~~~~~~
/home/parallels/soft/my/countof_ns/tests/unit/pos_zla_n0.h:4:5: note: in expansion of macro ‘TU_STATIC_ASSERT_AND_RETURN’
    4 |     TU_STATIC_ASSERT_AND_RETURN(1, TU_COUNTOF(b));
      |     ^~~~~~~~~~~~~~~~~~~~~~~~~~~
/home/parallels/soft/my/countof_ns/include/countof_ns.h:95:52: error: invalid operands to binary - (have ‘int (**)[1][0]’ and ‘int (**)[0][0]’)
   95 |                     (_countof_ns_typeof(a) **)&amp;(a) - \
      |                     ~~~~~~~~~~~~~~~~~~~~~~~~~~~~~~ ^
      |                     |
      |                     int (**)[1][0]
   96 |                     (_countof_ns_typeof(*(a))(**)[_countof_ns_unsafe(a)])&amp;(a)))
      |                     ~~~~~~~~~~~~~~~~~~~~~~~~~~~~~~~~~~~~~~~~~~~~~~~~~~~~~~~~~
      |                     |
      |                     int (**)[0][0]
/home/parallels/soft/my/countof_ns/tests/unit/tu_stub.h:84:31: note: in definition of macro ‘_TU_ASSERT_AND_RETURN’
   84 |             if ((desired) == (computed)) { \
      |                               ^~~~~~~~
/home/parallels/soft/my/countof_ns/tests/unit/pos_zla_n0.h:4:5: note: in expansion of macro ‘TU_STATIC_ASSERT_AND_RETURN’
    4 |     TU_STATIC_ASSERT_AND_RETURN(1, TU_COUNTOF(b));
      |     ^~~~~~~~~~~~~~~~~~~~~~~~~~~
/home/parallels/soft/my/countof_ns/include/countof_ns.h:98:53: note: in expansion of macro ‘_countof_ns_must_be’
   98 |     #define countof_ns(a)  (_countof_ns_unsafe(a) + _countof_ns_must_be(a))
      |                                                     ^~~~~~~~~~~~~~~~~~~
&lt;command-line&gt;: note: in expansion of macro ‘countof_ns’
/home/parallels/soft/my/countof_ns/tests/unit/tu_stub.h:18:25: note: in expansion of macro ‘TU_COUNTOF_FUNC’
   18 | #define TU_COUNTOF(a)  (TU_COUNTOF_FUNC(a))
      |                         ^~~~~~~~~~~~~~~
/home/parallels/soft/my/countof_ns/tests/unit/pos_zla_n0.h:4:36: note: in expansion of macro ‘TU_COUNTOF’
    4 |     TU_STATIC_ASSERT_AND_RETURN(1, TU_COUNTOF(b));
      |                                    ^~~~~~~~~~
/home/parallels/soft/my/countof_ns/include/countof_ns.h:95:52: error: invalid operands to binary - (have ‘int (**)[1][0]’ and ‘int (**)[0][0]’)
   95 |                     (_countof_ns_typeof(a) **)&amp;(a) - \
      |                     ~~~~~~~~~~~~~~~~~~~~~~~~~~~~~~ ^
      |                     |
      |                     int (**)[1][0]
   96 |                     (_countof_ns_typeof(*(a))(**)[_countof_ns_unsafe(a)])&amp;(a)))
      |                     ~~~~~~~~~~~~~~~~~~~~~~~~~~~~~~~~~~~~~~~~~~~~~~~~~~~~~~~~~
      |                     |
      |                     int (**)[0][0]
/home/parallels/soft/my/countof_ns/tests/unit/tu_stub.h:88:25: note: in definition of macro ‘_TU_ASSERT_AND_RETURN’
   88 |                        (computed), (method), (#desired), (size_t)(desired)); \
      |                         ^~~~~~~~
/home/parallels/soft/my/countof_ns/tests/unit/pos_zla_n0.h:4:5: note: in expansion of macro ‘TU_STATIC_ASSERT_AND_RETURN’
    4 |     TU_STATIC_ASSERT_AND_RETURN(1, TU_COUNTOF(b));
      |     ^~~~~~~~~~~~~~~~~~~~~~~~~~~
/home/parallels/soft/my/countof_ns/include/countof_ns.h:98:53: note: in expansion of macro ‘_countof_ns_must_be’
   98 |     #define countof_ns(a)  (_countof_ns_unsafe(a) + _countof_ns_must_be(a))
      |                                                     ^~~~~~~~~~~~~~~~~~~
&lt;command-line&gt;: note: in expansion of macro ‘countof_ns’
/home/parallels/soft/my/countof_ns/tests/unit/tu_stub.h:18:25: note: in expansion of macro ‘TU_COUNTOF_FUNC’
   18 | #define TU_COUNTOF(a)  (TU_COUNTOF_FUNC(a))
      |                         ^~~~~~~~~~~~~~~
/home/parallels/soft/my/countof_ns/tests/unit/pos_zla_n0.h:4:36: note: in expansion of macro ‘TU_COUNTOF’
    4 |     TU_STATIC_ASSERT_AND_RETURN(1, TU_COUNTOF(b));
      |                                    ^~~~~~~~~~
/home/parallels/soft/my/countof_ns/include/countof_ns.h:95:52: error: invalid operands to binary - (have ‘int (**)[1][0]’ and ‘int (**)[0][0]’)
   95 |                     (_countof_ns_typeof(a) **)&amp;(a) - \
      |                     ~~~~~~~~~~~~~~~~~~~~~~~~~~~~~~ ^
      |                     |
      |                     int (**)[1][0]
   96 |                     (_countof_ns_typeof(*(a))(**)[_countof_ns_unsafe(a)])&amp;(a)))
      |                     ~~~~~~~~~~~~~~~~~~~~~~~~~~~~~~~~~~~~~~~~~~~~~~~~~~~~~~~~~
      |                     |
      |                     int (**)[0][0]
/home/parallels/soft/my/countof_ns/tests/unit/tu_stub.h:69:35: note: in definition of macro ‘TU_FAIL’
   69 |             if(_TU_TODO_MAGIC != (computed)) { \
      |                                   ^~~~~~~~
/home/parallels/soft/my/countof_ns/tests/unit/tu_stub.h:101:13: note: in expansion of macro ‘_TU_ASSERT_AND_RETURN’
  101 |             _TU_ASSERT_AND_RETURN("TU_STATIC_ASSERT_AND_RETURN", \
      |             ^~~~~~~~~~~~~~~~~~~~~
/home/parallels/soft/my/countof_ns/tests/unit/pos_zla_n0.h:4:5: note: in expansion of macro ‘TU_STATIC_ASSERT_AND_RETURN’
    4 |     TU_STATIC_ASSERT_AND_RETURN(1, TU_COUNTOF(b));
      |     ^~~~~~~~~~~~~~~~~~~~~~~~~~~
/home/parallels/soft/my/countof_ns/include/countof_ns.h:98:53: note: in expansion of macro ‘_countof_ns_must_be’
   98 |     #define countof_ns(a)  (_countof_ns_unsafe(a) + _countof_ns_must_be(a))
      |                                                     ^~~~~~~~~~~~~~~~~~~
&lt;command-line&gt;: note: in expansion of macro ‘countof_ns’
/home/parallels/soft/my/countof_ns/tests/unit/tu_stub.h:18:25: note: in expansion of macro ‘TU_COUNTOF_FUNC’
   18 | #define TU_COUNTOF(a)  (TU_COUNTOF_FUNC(a))
      |                         ^~~~~~~~~~~~~~~
/home/parallels/soft/my/countof_ns/tests/unit/pos_zla_n0.h:4:36: note: in expansion of macro ‘TU_COUNTOF’
    4 |     TU_STATIC_ASSERT_AND_RETURN(1, TU_COUNTOF(b));
      |                                    ^~~~~~~~~~
/home/parallels/soft/my/countof_ns/include/countof_ns.h:95:52: error: invalid operands to binary - (have ‘int (**)[1][0]’ and ‘int (**)[0][0]’)
   95 |                     (_countof_ns_typeof(a) **)&amp;(a) - \
      |                     ~~~~~~~~~~~~~~~~~~~~~~~~~~~~~~ ^
      |                     |
      |                     int (**)[1][0]
   96 |                     (_countof_ns_typeof(*(a))(**)[_countof_ns_unsafe(a)])&amp;(a)))
      |                     ~~~~~~~~~~~~~~~~~~~~~~~~~~~~~~~~~~~~~~~~~~~~~~~~~~~~~~~~~
      |                     |
      |                     int (**)[0][0]
/home/parallels/soft/my/countof_ns/tests/unit/tu_stub.h:71:25: note: in definition of macro ‘TU_FAIL’
   71 |                        (computed), (size_t)(desired), (method), (#desired)); \
      |                         ^~~~~~~~
/home/parallels/soft/my/countof_ns/tests/unit/tu_stub.h:101:13: note: in expansion of macro ‘_TU_ASSERT_AND_RETURN’
  101 |             _TU_ASSERT_AND_RETURN("TU_STATIC_ASSERT_AND_RETURN", \
      |             ^~~~~~~~~~~~~~~~~~~~~
/home/parallels/soft/my/countof_ns/tests/unit/pos_zla_n0.h:4:5: note: in expansion of macro ‘TU_STATIC_ASSERT_AND_RETURN’
    4 |     TU_STATIC_ASSERT_AND_RETURN(1, TU_COUNTOF(b));
      |     ^~~~~~~~~~~~~~~~~~~~~~~~~~~
/home/parallels/soft/my/countof_ns/include/countof_ns.h:98:53: note: in expansion of macro ‘_countof_ns_must_be’
   98 |     #define countof_ns(a)  (_countof_ns_unsafe(a) + _countof_ns_must_be(a))
      |                                                     ^~~~~~~~~~~~~~~~~~~
&lt;command-line&gt;: note: in expansion of macro ‘countof_ns’
/home/parallels/soft/my/countof_ns/tests/unit/tu_stub.h:18:25: note: in expansion of macro ‘TU_COUNTOF_FUNC’
   18 | #define TU_COUNTOF(a)  (TU_COUNTOF_FUNC(a))
      |                         ^~~~~~~~~~~~~~~
/home/parallels/soft/my/countof_ns/tests/unit/pos_zla_n0.h:4:36: note: in expansion of macro ‘TU_COUNTOF’
    4 |     TU_STATIC_ASSERT_AND_RETURN(1, TU_COUNTOF(b));
      |                                    ^~~~~~~~~~
/home/parallels/soft/my/countof_ns/include/countof_ns.h:95:52: error: invalid operands to binary - (have ‘int (**)[1][0]’ and ‘int (**)[0][0]’)
   95 |                     (_countof_ns_typeof(a) **)&amp;(a) - \
      |                     ~~~~~~~~~~~~~~~~~~~~~~~~~~~~~~ ^
      |                     |
      |                     int (**)[1][0]
   96 |                     (_countof_ns_typeof(*(a))(**)[_countof_ns_unsafe(a)])&amp;(a)))
      |                     ~~~~~~~~~~~~~~~~~~~~~~~~~~~~~~~~~~~~~~~~~~~~~~~~~~~~~~~~~
      |                     |
      |                     int (**)[0][0]
/home/parallels/soft/my/countof_ns/tests/unit/tu_stub.h:73:27: note: in definition of macro ‘TU_FAIL’
   73 |                 if (0 == (computed)) { \
      |                           ^~~~~~~~
/home/parallels/soft/my/countof_ns/tests/unit/tu_stub.h:101:13: note: in expansion of macro ‘_TU_ASSERT_AND_RETURN’
  101 |             _TU_ASSERT_AND_RETURN("TU_STATIC_ASSERT_AND_RETURN", \
      |             ^~~~~~~~~~~~~~~~~~~~~
/home/parallels/soft/my/countof_ns/tests/unit/pos_zla_n0.h:4:5: note: in expansion of macro ‘TU_STATIC_ASSERT_AND_RETURN’
    4 |     TU_STATIC_ASSERT_AND_RETURN(1, TU_COUNTOF(b));
      |     ^~~~~~~~~~~~~~~~~~~~~~~~~~~
/home/parallels/soft/my/countof_ns/include/countof_ns.h:98:53: note: in expansion of macro ‘_countof_ns_must_be’
   98 |     #define countof_ns(a)  (_countof_ns_unsafe(a) + _countof_ns_must_be(a))
      |                                                     ^~~~~~~~~~~~~~~~~~~
&lt;command-line&gt;: note: in expansion of macro ‘countof_ns’
/home/parallels/soft/my/countof_ns/tests/unit/tu_stub.h:18:25: note: in expansion of macro ‘TU_COUNTOF_FUNC’
   18 | #define TU_COUNTOF(a)  (TU_COUNTOF_FUNC(a))
      |                         ^~~~~~~~~~~~~~~
/home/parallels/soft/my/countof_ns/tests/unit/pos_zla_n0.h:4:36: note: in expansion of macro ‘TU_COUNTOF’
    4 |     TU_STATIC_ASSERT_AND_RETURN(1, TU_COUNTOF(b));
      |                                    ^~~~~~~~~~
/home/parallels/soft/my/countof_ns/include/countof_ns.h:95:52: error: invalid operands to binary - (have ‘int (**)[1][0]’ and ‘int (**)[0][0]’)
   95 |                     (_countof_ns_typeof(a) **)&amp;(a) - \
      |                     ~~~~~~~~~~~~~~~~~~~~~~~~~~~~~~ ^
      |                     |
      |                     int (**)[1][0]
   96 |                     (_countof_ns_typeof(*(a))(**)[_countof_ns_unsafe(a)])&amp;(a)))
      |                     ~~~~~~~~~~~~~~~~~~~~~~~~~~~~~~~~~~~~~~~~~~~~~~~~~~~~~~~~~
      |                     |
      |                     int (**)[0][0]
/home/parallels/soft/my/countof_ns/tests/unit/tu_stub.h:75:40: note: in definition of macro ‘TU_FAIL’
   75 |                 } else if ((long long)(computed) &lt;= (long long)(desired)) { \
      |                                        ^~~~~~~~
/home/parallels/soft/my/countof_ns/tests/unit/tu_stub.h:101:13: note: in expansion of macro ‘_TU_ASSERT_AND_RETURN’
  101 |             _TU_ASSERT_AND_RETURN("TU_STATIC_ASSERT_AND_RETURN", \
      |             ^~~~~~~~~~~~~~~~~~~~~
/home/parallels/soft/my/countof_ns/tests/unit/pos_zla_n0.h:4:5: note: in expansion of macro ‘TU_STATIC_ASSERT_AND_RETURN’
    4 |     TU_STATIC_ASSERT_AND_RETURN(1, TU_COUNTOF(b));
      |     ^~~~~~~~~~~~~~~~~~~~~~~~~~~
/home/parallels/soft/my/countof_ns/include/countof_ns.h:98:53: note: in expansion of macro ‘_countof_ns_must_be’
   98 |     #define countof_ns(a)  (_countof_ns_unsafe(a) + _countof_ns_must_be(a))
      |                                                     ^~~~~~~~~~~~~~~~~~~
&lt;command-line&gt;: note: in expansion of macro ‘countof_ns’
/home/parallels/soft/my/countof_ns/tests/unit/tu_stub.h:18:25: note: in expansion of macro ‘TU_COUNTOF_FUNC’
   18 | #define TU_COUNTOF(a)  (TU_COUNTOF_FUNC(a))
      |                         ^~~~~~~~~~~~~~~
/home/parallels/soft/my/countof_ns/tests/unit/pos_zla_n0.h:4:36: note: in expansion of macro ‘TU_COUNTOF’
    4 |     TU_STATIC_ASSERT_AND_RETURN(1, TU_COUNTOF(b));
      |                                    ^~~~~~~~~~
gmake[3]: *** [tests/unit/CMakeFiles/pos_zla_n0_c11.dir/build.make:79: tests/unit/CMakeFiles/pos_zla_n0_c11.dir/tu_stub.c.o] Ошибка 1
gmake[2]: *** [CMakeFiles/Makefile2:2158: tests/unit/CMakeFiles/pos_zla_n0_c11.dir/all] Ошибка 2
gmake[1]: *** [CMakeFiles/Makefile2:2165: tests/unit/CMakeFiles/pos_zla_n0_c11.dir/rule] Ошибка 2
gmake: *** [Makefile:875: pos_zla_n0_c11] Ошибка 2

</system-out>
	</testcase>
	<testcase name="pos_zla_n0_cxx" classname="pos_zla_n0_cxx" time="0.00216603" status="run">
		<properties>
			<property name="cmake_labels" value="countof_ns;default"/>
		</properties>
		<system-out>Ok 1 TU_STATIC_ASSERT_AND_RETURN((1)=1, ...) /home/parallels/soft/my/countof_ns/tests/unit/pos_zla_n0.h:pos_zla_n0.h:TU_UNIT for countof_ns.h:countof_ns(), C++ 202100L
</system-out>
	</testcase>
	<testcase name="neg__selftest" classname="neg__selftest" time="0.183153" status="run">
		<properties>
			<property name="cmake_labels" value="countof_ns;default"/>
		</properties>
		<system-out>[  0%] Built target CounofNS
[100%] Building C object tests/unit/CMakeFiles/neg__selftest.dir/tu_stub.c.o
In file included from /home/parallels/soft/my/countof_ns/tests/unit/tu_stub.c:5:
/home/parallels/soft/my/countof_ns/tests/unit/neg__selftest.h: In function ‘TU_UNIT’:
/home/parallels/soft/my/countof_ns/tests/unit/tu_stub.h:48:34: error: static assertion failed: "0"
   48 |     #define tu_static_assert(e)  _Static_assert((e), #e)
      |                                  ^~~~~~~~~~~~~~
/home/parallels/soft/my/countof_ns/tests/unit/neg__selftest.h:12:9: note: in expansion of macro ‘tu_static_assert’
   12 |         tu_static_assert(0);
      |         ^~~~~~~~~~~~~~~~
gmake[3]: *** [tests/unit/CMakeFiles/neg__selftest.dir/build.make:79: tests/unit/CMakeFiles/neg__selftest.dir/tu_stub.c.o] Ошибка 1
gmake[2]: *** [CMakeFiles/Makefile2:2222: tests/unit/CMakeFiles/neg__selftest.dir/all] Ошибка 2
gmake[1]: *** [CMakeFiles/Makefile2:2229: tests/unit/CMakeFiles/neg__selftest.dir/rule] Ошибк...
[This part of the test output was removed since it exceeds the threshold of 1024 bytes.]
</system-out>
	</testcase>
	<testcase name="neg__selftest_0_fail" classname="neg__selftest_0_fail" time="0.0131874" status="notrun">
		<skipped message="SKIP_RETURN_CODE=42"/>
		<properties>
			<property name="cmake_labels" value="countof_ns;default"/>
		</properties>
		<system-out></system-out>
	</testcase>
	<testcase name="neg__selftest_c11" classname="neg__selftest_c11" time="0.172661" status="run">
		<properties>
			<property name="cmake_labels" value="countof_ns;default"/>
		</properties>
		<system-out>[  0%] Built target CounofNS
[ 50%] Building C object tests/unit/CMakeFiles/neg__selftest_c11.dir/tu_stub.c.o
In file included from /home/parallels/soft/my/countof_ns/tests/unit/tu_stub.c:5:
/home/parallels/soft/my/countof_ns/tests/unit/neg__selftest.h: In function ‘TU_UNIT’:
/home/parallels/soft/my/countof_ns/tests/unit/tu_stub.h:48:34: error: static assertion failed: "0"
   48 |     #define tu_static_assert(e)  _Static_assert((e), #e)
      |                                  ^~~~~~~~~~~~~~
/home/parallels/soft/my/countof_ns/tests/unit/neg__selftest.h:12:9: note: in expansion of macro ‘tu_static_assert’
   12 |         tu_static_assert(0);
      |         ^~~~~~~~~~~~~~~~
gmake[3]: *** [tests/unit/CMakeFiles/neg__selftest_c11.dir/build.make:79: tests/unit/CMakeFiles/neg__selftest_c11.dir/tu_stub.c.o] Ошибка 1
gmake[2]: *** [CMakeFiles/Makefile2:2254: tests/unit/CMakeFiles/neg__selftest_c11.dir/all] Ошибка 2
gmake[1]: *** [CMakeFiles/Makefile2:2261: tests/unit/CMakeFiles/neg__selftest_c11....
[This part of the test output was removed since it exceeds the threshold of 1024 bytes.]
</system-out>
	</testcase>
	<testcase name="neg__selftest_c11_0_fail" classname="neg__selftest_c11_0_fail" time="0.0117772" status="notrun">
		<skipped message="SKIP_RETURN_CODE=42"/>
		<properties>
			<property name="cmake_labels" value="countof_ns;default"/>
		</properties>
		<system-out></system-out>
	</testcase>
	<testcase name="neg__selftest_cxx" classname="neg__selftest_cxx" time="0.186744" status="run">
		<properties>
			<property name="cmake_labels" value="countof_ns;default"/>
		</properties>
		<system-out>[  0%] Built target CounofNS
[  0%] Building CXX object tests/unit/CMakeFiles/neg__selftest_cxx.dir/tu_stub_cxx.cpp.o
In file included from /home/parallels/soft/my/countof_ns/tests/unit/tu_stub_cxx.cpp:5:
/home/parallels/soft/my/countof_ns/tests/unit/neg__selftest.h: In function ‘size_t TU_UNIT()’:
/home/parallels/soft/my/countof_ns/tests/unit/neg__selftest.h:12:26: error: static assertion failed: 0
   12 |         tu_static_assert(0);
/home/parallels/soft/my/countof_ns/tests/unit/tu_stub.h:46:49: note: in definition of macro ‘tu_static_assert’
   46 |     #define tu_static_assert(e)  static_assert((e), #e)
      |                                                 ^
gmake[3]: *** [tests/unit/CMakeFiles/neg__selftest_cxx.dir/build.make:79: tests/unit/CMakeFiles/neg__selftest_cxx.dir/tu_stub_cxx.cpp.o] Ошибка 1
gmake[2]: *** [CMakeFiles/Makefile2:2286: tests/unit/CMakeFiles/neg__selftest_cxx.dir/all] Ошибка 2
gmake[1]: *** [CMakeFiles/Makefile2:2293: tests/unit/CMakeFiles/neg__selftest_cxx.dir...
[This part of the test output was removed since it exceeds the threshold of 1024 bytes.]
</system-out>
	</testcase>
	<testcase name="neg__selftest_cxx_0_fail" classname="neg__selftest_cxx_0_fail" time="0.0113481" status="notrun">
		<skipped message="SKIP_RETURN_CODE=42"/>
		<properties>
			<property name="cmake_labels" value="countof_ns;default"/>
		</properties>
		<system-out></system-out>
	</testcase>
	<testcase name="neg_cv_ptr" classname="neg_cv_ptr" time="0.179158" status="run">
		<properties>
			<property name="cmake_labels" value="countof_ns;default"/>
		</properties>
		<system-out>[  0%] Built target CounofNS
[100%] Building C object tests/unit/CMakeFiles/neg_cv_ptr.dir/tu_stub.c.o
In file included from /home/parallels/soft/my/countof_ns/tests/unit/tu_stub.h:20,
                 from /home/parallels/soft/my/countof_ns/tests/unit/tu_stub.c:5:
/home/parallels/soft/my/countof_ns/tests/unit/neg_cv_ptr.h: In function ‘TU_UNIT’:
/home/parallels/soft/my/countof_ns/include/countof_ns.h:90:61: error: size of unnamed array is negative
   90 |         #define _countof_ns_must_be(a) ((size_t)!sizeof(char[_Generic(&amp;(a), \
      |                                                             ^
/home/parallels/soft/my/countof_ns/include/countof_ns.h:98:53: note: in expansion of macro ‘_countof_ns_must_be’
   98 |     #define countof_ns(a)  (_countof_ns_unsafe(a) + _countof_ns_must_be(a))
      |                                                     ^~~~~~~~~~~~~~~~~~~
&lt;command-line&gt;: note: in expansion of macro ‘countof_ns’
/home/parallels/soft/my/countof_ns/tests/unit/tu_stub.h:18:25: note: ...
[This part of the test output was removed since it exceeds the threshold of 1024 bytes.]
</system-out>
	</testcase>
	<testcase name="neg_cv_ptr_0_fail" classname="neg_cv_ptr_0_fail" time="0.0110252" status="notrun">
		<skipped message="SKIP_RETURN_CODE=42"/>
		<properties>
			<property name="cmake_labels" value="countof_ns;default"/>
		</properties>
		<system-out></system-out>
	</testcase>
	<testcase name="neg_cv_ptr_c11" classname="neg_cv_ptr_c11" time="0.183195" status="run">
		<properties>
			<property name="cmake_labels" value="countof_ns;default"/>
		</properties>
		<system-out>[  0%] Built target CounofNS
[100%] Building C object tests/unit/CMakeFiles/neg_cv_ptr_c11.dir/tu_stub.c.o
In file included from /home/parallels/soft/my/countof_ns/tests/unit/tu_stub.h:20,
                 from /home/parallels/soft/my/countof_ns/tests/unit/tu_stub.c:5:
/home/parallels/soft/my/countof_ns/tests/unit/neg_cv_ptr.h: In function ‘TU_UNIT’:
/home/parallels/soft/my/countof_ns/include/countof_ns.h:95:52: error: invalid operands to binary - (have ‘const volatile int ***’ and ‘const volatile int (**)[2]’)
   95 |                     (_countof_ns_typeof(a) **)&amp;(a) - \
      |                     ~~~~~~~~~~~~~~~~~~~~~~~~~~~~~~ ^
      |                     |
      |                     const volatile int ***
   96 |                     (_countof_ns_typeof(*(a))(**)[_countof_ns_unsafe(a)])&amp;(a)))
      |                     ~~~~~~~~~~~~~~~~~~~~~~~~~~~~~~~~~~~~~~~~~~~~~~~~~~~~~~~~~
      |                     |
      |                     const volatile int (**)[2]
/home/parallels/soft/my/countof...
[This part of the test output was removed since it exceeds the threshold of 1024 bytes.]
</system-out>
	</testcase>
	<testcase name="neg_cv_ptr_c11_0_fail" classname="neg_cv_ptr_c11_0_fail" time="0.0117028" status="notrun">
		<skipped message="SKIP_RETURN_CODE=42"/>
		<properties>
			<property name="cmake_labels" value="countof_ns;default"/>
		</properties>
		<system-out></system-out>
	</testcase>
	<testcase name="neg_cv_ptr_cxx" classname="neg_cv_ptr_cxx" time="0.210738" status="run">
		<properties>
			<property name="cmake_labels" value="countof_ns;default"/>
		</properties>
		<system-out>[  0%] Built target CounofNS
[ 50%] Building CXX object tests/unit/CMakeFiles/neg_cv_ptr_cxx.dir/tu_stub_cxx.cpp.o
In file included from /home/parallels/soft/my/countof_ns/tests/unit/tu_stub.h:20,
                 from /home/parallels/soft/my/countof_ns/tests/unit/tu_stub_cxx.cpp:5:
/home/parallels/soft/my/countof_ns/include/countof_ns.h: In instantiation of ‘constexpr size_t _countof_ns_aux(const T&amp;) [with long unsigned int A = 8; long unsigned int E = 4; T = const volatile int*; size_t = long unsigned int]’:
/home/parallels/soft/my/countof_ns/tests/unit/neg_cv_ptr.h:4:12:   required from here
/home/parallels/soft/my/countof_ns/include/countof_ns.h:107:25: error: static assertion failed: Argument must be zero-length array
  107 |         static_assert(0 == A, "Argument must be zero-length array");
      |                       ~~^~~~
/home/parallels/soft/my/countof_ns/include/countof_ns.h:107:25: note: ‘(0 == 8)’ evaluates to false
gmake[3]: *** [tests/unit/CMakeFiles/neg_cv_ptr_cxx.dir/build.make:79...
[This part of the test output was removed since it exceeds the threshold of 1024 bytes.]
</system-out>
	</testcase>
	<testcase name="neg_cv_ptr_cxx_0_fail" classname="neg_cv_ptr_cxx_0_fail" time="0.0125663" status="notrun">
		<skipped message="SKIP_RETURN_CODE=42"/>
		<properties>
			<property name="cmake_labels" value="countof_ns;default"/>
		</properties>
		<system-out></system-out>
	</testcase>
	<testcase name="neg_other" classname="neg_other" time="0.184586" status="run">
		<properties>
			<property name="cmake_labels" value="countof_ns;default"/>
		</properties>
		<system-out>[  0%] Built target CounofNS
[  0%] Building C object tests/unit/CMakeFiles/neg_other.dir/tu_stub.c.o
In file included from /home/parallels/soft/my/countof_ns/tests/unit/tu_stub.h:20,
                 from /home/parallels/soft/my/countof_ns/tests/unit/tu_stub.c:5:
/home/parallels/soft/my/countof_ns/tests/unit/neg_other.h: In function ‘TU_UNIT’:
/home/parallels/soft/my/countof_ns/include/countof_ns.h:76:45: error: invalid type argument of unary ‘*’ (have ‘int’)
   76 |     #define _countof_ns_unsafe(a)  (!sizeof(*(a)) ? 0 \
      |                                             ^~~~
/home/parallels/soft/my/countof_ns/include/countof_ns.h:98:29: note: in expansion of macro ‘_countof_ns_unsafe’
   98 |     #define countof_ns(a)  (_countof_ns_unsafe(a) + _countof_ns_must_be(a))
      |                             ^~~~~~~~~~~~~~~~~~
&lt;command-line&gt;: note: in expansion of macro ‘countof_ns’
/home/parallels/soft/my/countof_ns/tests/unit/tu_stub.h:18:25: note: in expansion of macro ‘TU_COUNTOF_FUNC...
[This part of the test output was removed since it exceeds the threshold of 1024 bytes.]
</system-out>
	</testcase>
	<testcase name="neg_other_0_fail" classname="neg_other_0_fail" time="0.0108037" status="notrun">
		<skipped message="SKIP_RETURN_CODE=42"/>
		<properties>
			<property name="cmake_labels" value="countof_ns;default"/>
		</properties>
		<system-out></system-out>
	</testcase>
	<testcase name="neg_other_c11" classname="neg_other_c11" time="0.184555" status="run">
		<properties>
			<property name="cmake_labels" value="countof_ns;default"/>
		</properties>
		<system-out>[  0%] Built target CounofNS
[100%] Building C object tests/unit/CMakeFiles/neg_other_c11.dir/tu_stub.c.o
In file included from /home/parallels/soft/my/countof_ns/tests/unit/tu_stub.h:20,
                 from /home/parallels/soft/my/countof_ns/tests/unit/tu_stub.c:5:
/home/parallels/soft/my/countof_ns/tests/unit/neg_other.h: In function ‘TU_UNIT’:
/home/parallels/soft/my/countof_ns/include/countof_ns.h:76:45: error: invalid type argument of unary ‘*’ (have ‘int’)
   76 |     #define _countof_ns_unsafe(a)  (!sizeof(*(a)) ? 0 \
      |                                             ^~~~
/home/parallels/soft/my/countof_ns/include/countof_ns.h:98:29: note: in expansion of macro ‘_countof_ns_unsafe’
   98 |     #define countof_ns(a)  (_countof_ns_unsafe(a) + _countof_ns_must_be(a))
      |                             ^~~~~~~~~~~~~~~~~~
&lt;command-line&gt;: note: in expansion of macro ‘countof_ns’
/home/parallels/soft/my/countof_ns/tests/unit/tu_stub.h:18:25: note: in expansion of macro ‘TU_COUNTOF_F...
[This part of the test output was removed since it exceeds the threshold of 1024 bytes.]
</system-out>
	</testcase>
	<testcase name="neg_other_c11_0_fail" classname="neg_other_c11_0_fail" time="0.0120852" status="notrun">
		<skipped message="SKIP_RETURN_CODE=42"/>
		<properties>
			<property name="cmake_labels" value="countof_ns;default"/>
		</properties>
		<system-out></system-out>
	</testcase>
	<testcase name="neg_other_cxx" classname="neg_other_cxx" time="0.188036" status="run">
		<properties>
			<property name="cmake_labels" value="countof_ns;default"/>
		</properties>
		<system-out>[  0%] Built target CounofNS
[ 50%] Building CXX object tests/unit/CMakeFiles/neg_other_cxx.dir/tu_stub_cxx.cpp.o
In file included from /home/parallels/soft/my/countof_ns/tests/unit/tu_stub.h:20,
                 from /home/parallels/soft/my/countof_ns/tests/unit/tu_stub_cxx.cpp:5:
/home/parallels/soft/my/countof_ns/tests/unit/neg_other.h: In function ‘size_t TU_UNIT()’:
/home/parallels/soft/my/countof_ns/include/countof_ns.h:110:61: error: invalid type argument of unary ‘*’ (have ‘int’)
  110 |     #define countof_ns(a) _countof_ns_aux&lt;sizeof(a), sizeof(*(a))&gt;(a)
      |                                                             ^~~~
&lt;command-line&gt;: note: in expansion of macro ‘countof_ns’
/home/parallels/soft/my/countof_ns/tests/unit/tu_stub.h:18:25: note: in expansion of macro ‘TU_COUNTOF_FUNC’
   18 | #define TU_COUNTOF(a)  (TU_COUNTOF_FUNC(a))
      |                         ^~~~~~~~~~~~~~~
/home/parallels/soft/my/countof_ns/tests/unit/neg_other.h:4:12: note: in expansion of macro ...
[This part of the test output was removed since it exceeds the threshold of 1024 bytes.]
</system-out>
	</testcase>
	<testcase name="neg_other_cxx_0_fail" classname="neg_other_cxx_0_fail" time="0.0112731" status="notrun">
		<skipped message="SKIP_RETURN_CODE=42"/>
		<properties>
			<property name="cmake_labels" value="countof_ns;default"/>
		</properties>
		<system-out></system-out>
	</testcase>
	<testcase name="neg_ptr" classname="neg_ptr" time="0.178318" status="run">
		<properties>
			<property name="cmake_labels" value="countof_ns;default"/>
		</properties>
		<system-out>[  0%] Built target CounofNS
[  0%] Building C object tests/unit/CMakeFiles/neg_ptr.dir/tu_stub.c.o
In file included from /home/parallels/soft/my/countof_ns/tests/unit/tu_stub.h:20,
                 from /home/parallels/soft/my/countof_ns/tests/unit/tu_stub.c:5:
/home/parallels/soft/my/countof_ns/tests/unit/neg_ptr.h: In function ‘TU_UNIT’:
/home/parallels/soft/my/countof_ns/include/countof_ns.h:90:61: error: size of unnamed array is negative
   90 |         #define _countof_ns_must_be(a) ((size_t)!sizeof(char[_Generic(&amp;(a), \
      |                                                             ^
/home/parallels/soft/my/countof_ns/include/countof_ns.h:98:53: note: in expansion of macro ‘_countof_ns_must_be’
   98 |     #define countof_ns(a)  (_countof_ns_unsafe(a) + _countof_ns_must_be(a))
      |                                                     ^~~~~~~~~~~~~~~~~~~
&lt;command-line&gt;: note: in expansion of macro ‘countof_ns’
/home/parallels/soft/my/countof_ns/tests/unit/tu_stub.h:18:25: note: in exp...
[This part of the test output was removed since it exceeds the threshold of 1024 bytes.]
</system-out>
	</testcase>
	<testcase name="neg_ptr_0_fail" classname="neg_ptr_0_fail" time="0.0111085" status="notrun">
		<skipped message="SKIP_RETURN_CODE=42"/>
		<properties>
			<property name="cmake_labels" value="countof_ns;default"/>
		</properties>
		<system-out></system-out>
	</testcase>
	<testcase name="neg_ptr_c11" classname="neg_ptr_c11" time="0.185446" status="run">
		<properties>
			<property name="cmake_labels" value="countof_ns;default"/>
		</properties>
		<system-out>[  0%] Built target CounofNS
[  0%] Building C object tests/unit/CMakeFiles/neg_ptr_c11.dir/tu_stub.c.o
In file included from /home/parallels/soft/my/countof_ns/tests/unit/tu_stub.h:20,
                 from /home/parallels/soft/my/countof_ns/tests/unit/tu_stub.c:5:
/home/parallels/soft/my/countof_ns/tests/unit/neg_ptr.h: In function ‘TU_UNIT’:
/home/parallels/soft/my/countof_ns/include/countof_ns.h:95:52: error: invalid operands to binary - (have ‘int ***’ and ‘int (**)[2]’)
   95 |                     (_countof_ns_typeof(a) **)&amp;(a) - \
      |                     ~~~~~~~~~~~~~~~~~~~~~~~~~~~~~~ ^
      |                     |
      |                     int ***
   96 |                     (_countof_ns_typeof(*(a))(**)[_countof_ns_unsafe(a)])&amp;(a)))
      |                     ~~~~~~~~~~~~~~~~~~~~~~~~~~~~~~~~~~~~~~~~~~~~~~~~~~~~~~~~~
      |                     |
      |                     int (**)[2]
/home/parallels/soft/my/countof_ns/include/countof_ns.h:98:53: note: in expansion of macro ‘_co...
[This part of the test output was removed since it exceeds the threshold of 1024 bytes.]
</system-out>
	</testcase>
	<testcase name="neg_ptr_c11_0_fail" classname="neg_ptr_c11_0_fail" time="0.0115044" status="notrun">
		<skipped message="SKIP_RETURN_CODE=42"/>
		<properties>
			<property name="cmake_labels" value="countof_ns;default"/>
		</properties>
		<system-out></system-out>
	</testcase>
	<testcase name="neg_ptr_cxx" classname="neg_ptr_cxx" time="0.192137" status="run">
		<properties>
			<property name="cmake_labels" value="countof_ns;default"/>
		</properties>
		<system-out>[  0%] Built target CounofNS
[100%] Building CXX object tests/unit/CMakeFiles/neg_ptr_cxx.dir/tu_stub_cxx.cpp.o
In file included from /home/parallels/soft/my/countof_ns/tests/unit/tu_stub.h:20,
                 from /home/parallels/soft/my/countof_ns/tests/unit/tu_stub_cxx.cpp:5:
/home/parallels/soft/my/countof_ns/include/countof_ns.h: In instantiation of ‘constexpr size_t _countof_ns_aux(const T&amp;) [with long unsigned int A = 8; long unsigned int E = 4; T = int*; size_t = long unsigned int]’:
/home/parallels/soft/my/countof_ns/tests/unit/neg_ptr.h:6:12:   required from here
/home/parallels/soft/my/countof_ns/include/countof_ns.h:107:25: error: static assertion failed: Argument must be zero-length array
  107 |         static_assert(0 == A, "Argument must be zero-length array");
      |                       ~~^~~~
/home/parallels/soft/my/countof_ns/include/countof_ns.h:107:25: note: ‘(0 == 8)’ evaluates to false
gmake[3]: *** [tests/unit/CMakeFiles/neg_ptr_cxx.dir/build.make:79: tests/unit/CMakeFiles/...
[This part of the test output was removed since it exceeds the threshold of 1024 bytes.]
</system-out>
	</testcase>
	<testcase name="neg_ptr_cxx_0_fail" classname="neg_ptr_cxx_0_fail" time="0.0118237" status="notrun">
		<skipped message="SKIP_RETURN_CODE=42"/>
		<properties>
			<property name="cmake_labels" value="countof_ns;default"/>
		</properties>
		<system-out></system-out>
	</testcase>
	<testcase name="neg_vla_ptr" classname="neg_vla_ptr" time="0.18136" status="run">
		<properties>
			<property name="cmake_labels" value="countof_ns;default"/>
		</properties>
		<system-out>[  0%] Built target CounofNS
[ 50%] Building C object tests/unit/CMakeFiles/neg_vla_ptr.dir/tu_stub.c.o
In file included from /home/parallels/soft/my/countof_ns/tests/unit/tu_stub.h:20,
                 from /home/parallels/soft/my/countof_ns/tests/unit/tu_stub.c:5:
/home/parallels/soft/my/countof_ns/tests/unit/neg_vla_ptr.h: In function ‘TU_UNIT’:
/home/parallels/soft/my/countof_ns/include/countof_ns.h:72:40: error: ‘_Generic’ association has variable length type
   72 |         #define _countof_ns_typeof(t)  __typeof__(t)
      |                                        ^~~~~~~~~~
/home/parallels/soft/my/countof_ns/include/countof_ns.h:91:21: note: in expansion of macro ‘_countof_ns_typeof’
   91 |                     _countof_ns_typeof(*(a)) (*)[_countof_ns_unsafe(a)]: 1, \
      |                     ^~~~~~~~~~~~~~~~~~
/home/parallels/soft/my/countof_ns/include/countof_ns.h:98:53: note: in expansion of macro ‘_countof_ns_must_be’
   98 |     #define countof_ns(a)  (_countof_ns_unsafe(a) + _c...
[This part of the test output was removed since it exceeds the threshold of 1024 bytes.]
</system-out>
	</testcase>
	<testcase name="neg_vla_ptr_0_fail" classname="neg_vla_ptr_0_fail" time="0.0115143" status="notrun">
		<skipped message="SKIP_RETURN_CODE=42"/>
		<properties>
			<property name="cmake_labels" value="countof_ns;default"/>
		</properties>
		<system-out></system-out>
	</testcase>
	<testcase name="neg_vla_ptr_c11" classname="neg_vla_ptr_c11" time="0.177812" status="run">
		<properties>
			<property name="cmake_labels" value="countof_ns;default"/>
		</properties>
		<system-out>[  0%] Built target CounofNS
[  0%] Building C object tests/unit/CMakeFiles/neg_vla_ptr_c11.dir/tu_stub.c.o
In file included from /home/parallels/soft/my/countof_ns/tests/unit/tu_stub.h:20,
                 from /home/parallels/soft/my/countof_ns/tests/unit/tu_stub.c:5:
/home/parallels/soft/my/countof_ns/tests/unit/neg_vla_ptr.h: In function ‘TU_UNIT’:
/home/parallels/soft/my/countof_ns/include/countof_ns.h:95:52: error: invalid operands to binary - (have ‘int (***)[d0]’ and ‘int (**)[((*p, (sizetype)(d0) * 4 == 0)) ? 0 : 8 / (((*p, (sizetype)(d0) * 4 != 0)) ? (*p, (long unsigned int)((sizetype)(d0) * 4)) : 18446744073709551615)][d0]’)
   95 |                     (_countof_ns_typeof(a) **)&amp;(a) - \
      |                     ~~~~~~~~~~~~~~~~~~~~~~~~~~~~~~ ^
      |                     |
      |                     int (***)[d0]
   96 |                     (_countof_ns_typeof(*(a))(**)[_countof_ns_unsafe(a)])&amp;(a)))
      |                     ~~~~~~~~~~~~~~~~~~~~~~~~~~~~~~~~~~~~~~~~~~~~~~~~~~~~~~~~...
[This part of the test output was removed since it exceeds the threshold of 1024 bytes.]
</system-out>
	</testcase>
	<testcase name="neg_vla_ptr_c11_0_fail" classname="neg_vla_ptr_c11_0_fail" time="0.00996544" status="notrun">
		<skipped message="SKIP_RETURN_CODE=42"/>
		<properties>
			<property name="cmake_labels" value="countof_ns;default"/>
		</properties>
		<system-out></system-out>
	</testcase>
	<testcase name="neg_vla_zla_ptr" classname="neg_vla_zla_ptr" time="0.19634" status="run">
		<properties>
			<property name="cmake_labels" value="countof_ns;default"/>
		</properties>
		<system-out>[  0%] Built target CounofNS
[100%] Building C object tests/unit/CMakeFiles/neg_vla_zla_ptr.dir/tu_stub.c.o
In file included from /home/parallels/soft/my/countof_ns/tests/unit/tu_stub.h:20,
                 from /home/parallels/soft/my/countof_ns/tests/unit/tu_stub.c:5:
/home/parallels/soft/my/countof_ns/tests/unit/neg_vla_zla_ptr.h: In function ‘TU_UNIT’:
/home/parallels/soft/my/countof_ns/include/countof_ns.h:72:40: error: ‘_Generic’ association has variable length type
   72 |         #define _countof_ns_typeof(t)  __typeof__(t)
      |                                        ^~~~~~~~~~
/home/parallels/soft/my/countof_ns/include/countof_ns.h:91:21: note: in expansion of macro ‘_countof_ns_typeof’
   91 |                     _countof_ns_typeof(*(a)) (*)[_countof_ns_unsafe(a)]: 1, \
      |                     ^~~~~~~~~~~~~~~~~~
/home/parallels/soft/my/countof_ns/include/countof_ns.h:98:53: note: in expansion of macro ‘_countof_ns_must_be’
   98 |     #define countof_ns(a)  (_countof_ns_unsafe...
[This part of the test output was removed since it exceeds the threshold of 1024 bytes.]
</system-out>
	</testcase>
	<testcase name="neg_vla_zla_ptr_0_fail" classname="neg_vla_zla_ptr_0_fail" time="0.0126524" status="notrun">
		<skipped message="SKIP_RETURN_CODE=42"/>
		<properties>
			<property name="cmake_labels" value="countof_ns;default"/>
		</properties>
		<system-out></system-out>
	</testcase>
	<testcase name="neg_vla_zla_ptr_c11" classname="neg_vla_zla_ptr_c11" time="0.185563" status="run">
		<properties>
			<property name="cmake_labels" value="countof_ns;default"/>
		</properties>
		<system-out>[  0%] Built target CounofNS
[100%] Building C object tests/unit/CMakeFiles/neg_vla_zla_ptr_c11.dir/tu_stub.c.o
In file included from /home/parallels/soft/my/countof_ns/tests/unit/tu_stub.h:20,
                 from /home/parallels/soft/my/countof_ns/tests/unit/tu_stub.c:5:
/home/parallels/soft/my/countof_ns/tests/unit/neg_vla_zla_ptr.h: In function ‘TU_UNIT’:
/home/parallels/soft/my/countof_ns/include/countof_ns.h:95:52: error: invalid operands to binary - (have ‘int (***)[d0][0]’ and ‘int (**)[((*p, 1)) ? 0 : 8 / (((*p, 0)) ? (*p, 0) : 18446744073709551615)][d0][0]’)
   95 |                     (_countof_ns_typeof(a) **)&amp;(a) - \
      |                     ~~~~~~~~~~~~~~~~~~~~~~~~~~~~~~ ^
      |                     |
      |                     int (***)[d0][0]
   96 |                     (_countof_ns_typeof(*(a))(**)[_countof_ns_unsafe(a)])&amp;(a)))
      |                     ~~~~~~~~~~~~~~~~~~~~~~~~~~~~~~~~~~~~~~~~~~~~~~~~~~~~~~~~~
      |                     |
      |                     int (...
[This part of the test output was removed since it exceeds the threshold of 1024 bytes.]
</system-out>
	</testcase>
	<testcase name="neg_vla_zla_ptr_c11_0_fail" classname="neg_vla_zla_ptr_c11_0_fail" time="0.0129239" status="notrun">
		<skipped message="SKIP_RETURN_CODE=42"/>
		<properties>
			<property name="cmake_labels" value="countof_ns;default"/>
		</properties>
		<system-out></system-out>
	</testcase>
	<testcase name="neg_zla_ptr" classname="neg_zla_ptr" time="0.1918" status="run">
		<properties>
			<property name="cmake_labels" value="countof_ns;default"/>
		</properties>
		<system-out>[  0%] Built target CounofNS
[ 50%] Building C object tests/unit/CMakeFiles/neg_zla_ptr.dir/tu_stub.c.o
In file included from /home/parallels/soft/my/countof_ns/tests/unit/tu_stub.h:20,
                 from /home/parallels/soft/my/countof_ns/tests/unit/tu_stub.c:5:
/home/parallels/soft/my/countof_ns/tests/unit/neg_zla_ptr.h: In function ‘TU_UNIT’:
/home/parallels/soft/my/countof_ns/include/countof_ns.h:90:61: error: size of unnamed array is negative
   90 |         #define _countof_ns_must_be(a) ((size_t)!sizeof(char[_Generic(&amp;(a), \
      |                                                             ^
/home/parallels/soft/my/countof_ns/include/countof_ns.h:98:53: note: in expansion of macro ‘_countof_ns_must_be’
   98 |     #define countof_ns(a)  (_countof_ns_unsafe(a) + _countof_ns_must_be(a))
      |                                                     ^~~~~~~~~~~~~~~~~~~
&lt;command-line&gt;: note: in expansion of macro ‘countof_ns’
/home/parallels/soft/my/countof_ns/tests/unit/tu_stub.h:18:25: note...
[This part of the test output was removed since it exceeds the threshold of 1024 bytes.]
</system-out>
	</testcase>
	<testcase name="neg_zla_ptr_0_fail" classname="neg_zla_ptr_0_fail" time="0.0131291" status="notrun">
		<skipped message="SKIP_RETURN_CODE=42"/>
		<properties>
			<property name="cmake_labels" value="countof_ns;default"/>
		</properties>
		<system-out></system-out>
	</testcase>
	<testcase name="neg_zla_ptr_c11" classname="neg_zla_ptr_c11" time="0.19279" status="run">
		<properties>
			<property name="cmake_labels" value="countof_ns;default"/>
		</properties>
		<system-out>[  0%] Built target CounofNS
[  0%] Building C object tests/unit/CMakeFiles/neg_zla_ptr_c11.dir/tu_stub.c.o
In file included from /home/parallels/soft/my/countof_ns/tests/unit/tu_stub.h:20,
                 from /home/parallels/soft/my/countof_ns/tests/unit/tu_stub.c:5:
/home/parallels/soft/my/countof_ns/tests/unit/neg_zla_ptr.h: In function ‘TU_UNIT’:
/home/parallels/soft/my/countof_ns/include/countof_ns.h:95:52: error: invalid operands to binary - (have ‘int (***)[0]’ and ‘int (**)[0][0]’)
   95 |                     (_countof_ns_typeof(a) **)&amp;(a) - \
      |                     ~~~~~~~~~~~~~~~~~~~~~~~~~~~~~~ ^
      |                     |
      |                     int (***)[0]
   96 |                     (_countof_ns_typeof(*(a))(**)[_countof_ns_unsafe(a)])&amp;(a)))
      |                     ~~~~~~~~~~~~~~~~~~~~~~~~~~~~~~~~~~~~~~~~~~~~~~~~~~~~~~~~~
      |                     |
      |                     int (**)[0][0]
/home/parallels/soft/my/countof_ns/include/countof_ns.h:98:53: note: in e...
[This part of the test output was removed since it exceeds the threshold of 1024 bytes.]
</system-out>
	</testcase>
	<testcase name="neg_zla_ptr_c11_0_fail" classname="neg_zla_ptr_c11_0_fail" time="0.0119475" status="notrun">
		<skipped message="SKIP_RETURN_CODE=42"/>
		<properties>
			<property name="cmake_labels" value="countof_ns;default"/>
		</properties>
		<system-out></system-out>
	</testcase>
	<testcase name="neg_zla_ptr_cxx" classname="neg_zla_ptr_cxx" time="0.200095" status="run">
		<properties>
			<property name="cmake_labels" value="countof_ns;default"/>
		</properties>
		<system-out>[  0%] Built target CounofNS
[100%] Building CXX object tests/unit/CMakeFiles/neg_zla_ptr_cxx.dir/tu_stub_cxx.cpp.o
In file included from /home/parallels/soft/my/countof_ns/tests/unit/tu_stub.h:20,
                 from /home/parallels/soft/my/countof_ns/tests/unit/tu_stub_cxx.cpp:5:
/home/parallels/soft/my/countof_ns/include/countof_ns.h: In instantiation of ‘constexpr size_t _countof_ns_aux(const T&amp;) [with long unsigned int A = 8; long unsigned int E = 0; T = int (*)[0]; size_t = long unsigned int]’:
/home/parallels/soft/my/countof_ns/tests/unit/neg_zla_ptr.h:4:12:   required from here
/home/parallels/soft/my/countof_ns/include/countof_ns.h:107:25: error: static assertion failed: Argument must be zero-length array
  107 |         static_assert(0 == A, "Argument must be zero-length array");
      |                       ~~^~~~
/home/parallels/soft/my/countof_ns/include/countof_ns.h:107:25: note: ‘(0 == 8)’ evaluates to false
gmake[3]: *** [tests/unit/CMakeFiles/neg_zla_ptr_cxx.dir/build.make:79: test...
[This part of the test output was removed since it exceeds the threshold of 1024 bytes.]
</system-out>
	</testcase>
	<testcase name="neg_zla_ptr_cxx_0_fail" classname="neg_zla_ptr_cxx_0_fail" time="0.0128333" status="notrun">
		<skipped message="SKIP_RETURN_CODE=42"/>
		<properties>
			<property name="cmake_labels" value="countof_ns;default"/>
		</properties>
		<system-out></system-out>
	</testcase>
	<testcase name="neg_zla_vla_ptr" classname="neg_zla_vla_ptr" time="0.187917" status="run">
		<properties>
			<property name="cmake_labels" value="countof_ns;default"/>
		</properties>
		<system-out>[  0%] Built target CounofNS
[100%] Building C object tests/unit/CMakeFiles/neg_zla_vla_ptr.dir/tu_stub.c.o
In file included from /home/parallels/soft/my/countof_ns/tests/unit/tu_stub.h:20,
                 from /home/parallels/soft/my/countof_ns/tests/unit/tu_stub.c:5:
/home/parallels/soft/my/countof_ns/tests/unit/neg_zla_vla_ptr.h: In function ‘TU_UNIT’:
/home/parallels/soft/my/countof_ns/include/countof_ns.h:72:40: error: ‘_Generic’ association has variable length type
   72 |         #define _countof_ns_typeof(t)  __typeof__(t)
      |                                        ^~~~~~~~~~
/home/parallels/soft/my/countof_ns/include/countof_ns.h:91:21: note: in expansion of macro ‘_countof_ns_typeof’
   91 |                     _countof_ns_typeof(*(a)) (*)[_countof_ns_unsafe(a)]: 1, \
      |                     ^~~~~~~~~~~~~~~~~~
/home/parallels/soft/my/countof_ns/include/countof_ns.h:98:53: note: in expansion of macro ‘_countof_ns_must_be’
   98 |     #define countof_ns(a)  (_countof_ns_unsafe...
[This part of the test output was removed since it exceeds the threshold of 1024 bytes.]
</system-out>
	</testcase>
	<testcase name="neg_zla_vla_ptr_0_fail" classname="neg_zla_vla_ptr_0_fail" time="0.0120662" status="notrun">
		<skipped message="SKIP_RETURN_CODE=42"/>
		<properties>
			<property name="cmake_labels" value="countof_ns;default"/>
		</properties>
		<system-out></system-out>
	</testcase>
	<testcase name="neg_zla_vla_ptr_c11" classname="neg_zla_vla_ptr_c11" time="0.183912" status="run">
		<properties>
			<property name="cmake_labels" value="countof_ns;default"/>
		</properties>
		<system-out>[  0%] Built target CounofNS
[ 50%] Building C object tests/unit/CMakeFiles/neg_zla_vla_ptr_c11.dir/tu_stub.c.o
In file included from /home/parallels/soft/my/countof_ns/tests/unit/tu_stub.h:20,
                 from /home/parallels/soft/my/countof_ns/tests/unit/tu_stub.c:5:
/home/parallels/soft/my/countof_ns/tests/unit/neg_zla_vla_ptr.h: In function ‘TU_UNIT’:
/home/parallels/soft/my/countof_ns/include/countof_ns.h:95:52: error: invalid operands to binary - (have ‘int (***)[d0]’ and ‘int (**)[((*p, (sizetype)(d0) * 4 == 0)) ? 0 : 8 / (((*p, (sizetype)(d0) * 4 != 0)) ? (*p, (long unsigned int)((sizetype)(d0) * 4)) : 18446744073709551615)][d0]’)
   95 |                     (_countof_ns_typeof(a) **)&amp;(a) - \
      |                     ~~~~~~~~~~~~~~~~~~~~~~~~~~~~~~ ^
      |                     |
      |                     int (***)[d0]
   96 |                     (_countof_ns_typeof(*(a))(**)[_countof_ns_unsafe(a)])&amp;(a)))
      |                     ~~~~~~~~~~~~~~~~~~~~~~~~~~~~~~~~~~~~~~~~~~~~~~~~...
[This part of the test output was removed since it exceeds the threshold of 1024 bytes.]
</system-out>
	</testcase>
	<testcase name="neg_zla_vla_ptr_c11_0_fail" classname="neg_zla_vla_ptr_c11_0_fail" time="0.0105567" status="notrun">
		<skipped message="SKIP_RETURN_CODE=42"/>
		<properties>
			<property name="cmake_labels" value="countof_ns;default"/>
		</properties>
		<system-out></system-out>
	</testcase>
	<testcase name="_check_logs_config" classname="_check_logs_config" time="0.0142522" status="run">
		<properties>
			<property name="cmake_labels" value="default"/>
		</properties>
		<system-out>CL_TAG='default'
    CMAKE_C_COMPILER_ID='GNU'
    CMAKE_C_COMPILER_VERSION='11.3.0'
    CMAKE_C_FLAGS='  -DHAVE_ZERO_LENGTH_ARRAYS=1 -DHAVE_CV_TYPEOF=1 -DHAVE_EMPTY_INITIALIZER=1 -DHAVE_EMPTY_STRUCTURE=1 -DHAVE_TYPEOF=1 -DHAVE___TYPEOF__=1 -DHAVE_VLA=1 -DERROR_ON_NEGATIVE_ARRAY_SIZE=1 -DERROR_ON_SIZEOF_POINTER_SUBTRACTION=1 -DERROR_ON_STRUCT_BIT_FIELD=1 -DERROR_ON_STRUCT_STATIC_ASSERT=1'
    TAC_WERROR=''
    CXX_ENABLED='TRUE'
    
</system-out>
	</testcase>
</testsuite>
