<?xml version="1.0" encoding="UTF-8"?>
<testsuite name="(empty)"
	tests="104"
	failures="27"
	disabled="0"
	skipped="10"
	hostname=""
	time="174"
	timestamp="2025-12-01T21:17:02"
	>
	<testcase name="check_vla_struct_n0" classname="check_vla_struct_n0" time="5.11618" status="run">
		<properties>
			<property name="cmake_labels" value="countof_ns;default"/>
		</properties>
		<system-out>Internal cmake changing into directory: /Users/leo/soft/my/countof_ns/build/Darwin_icc_icpc
Change Dir: '/Users/leo/soft/my/countof_ns/build/Darwin_icc_icpc'

Run Build Command(s): /opt/local/bin/gmake -f Makefile check_vla_struct_n0
[  0%] Built target CounofNS
[  0%] Building C object tests/unit/CMakeFiles/check_vla_struct_n0.dir/tu_stub.c.o
[100%] Linking C executable check_vla_struct_n0
-macosx_version_min has been renamed to -macos_version_min
ld: warning: -keep_dwarf_unwind is obsolete
ld: warning: ignoring duplicate libraries: '/opt/intel/oneapi/compiler/2021.1.1/mac/bin/intel64/../../compiler/lib/libsvml.a'
ld: warning: no platform load command found in '/Users/leo/soft/my/countof_ns/build/Darwin_icc_icpc/tests/unit/CMakeFiles/check_vla_struct_n0.dir/tu_stub.c.o', assuming: macOS
ld: warning: no platform load command found in '/opt/intel/oneapi/compiler/2021.1.1/mac/bin/intel64/../../compiler/lib/libirc.a[4](irc_msg_support.o)', assuming: macOS
ld: warning: no platform load command found in '/opt/inte...
[This part of the test output was removed since it exceeds the threshold of 1024 bytes.]
</system-out>
	</testcase>
	<testcase name="check_vla_struct_n0_c11" classname="check_vla_struct_n0_c11" time="4.8951" status="run">
		<properties>
			<property name="cmake_labels" value="countof_ns;default"/>
		</properties>
		<system-out>Internal cmake changing into directory: /Users/leo/soft/my/countof_ns/build/Darwin_icc_icpc
Change Dir: '/Users/leo/soft/my/countof_ns/build/Darwin_icc_icpc'

Run Build Command(s): /opt/local/bin/gmake -f Makefile check_vla_struct_n0_c11
[  0%] Built target CounofNS
[ 50%] Building C object tests/unit/CMakeFiles/check_vla_struct_n0_c11.dir/tu_stub.c.o
[100%] Linking C executable check_vla_struct_n0_c11
-macosx_version_min has been renamed to -macos_version_min
ld: warning: -keep_dwarf_unwind is obsolete
ld: warning: ignoring duplicate libraries: '/opt/intel/oneapi/compiler/2021.1.1/mac/bin/intel64/../../compiler/lib/libsvml.a'
ld: warning: no platform load command found in '/Users/leo/soft/my/countof_ns/build/Darwin_icc_icpc/tests/unit/CMakeFiles/check_vla_struct_n0_c11.dir/tu_stub.c.o', assuming: macOS
ld: warning: no platform load command found in '/opt/intel/oneapi/compiler/2021.1.1/mac/bin/intel64/../../compiler/lib/libirc.a[4](irc_msg_support.o)', assuming: macOS
ld: warning: no platform load command fou...
[This part of the test output was removed since it exceeds the threshold of 1024 bytes.]
</system-out>
	</testcase>
	<testcase name="check_vla_zla_n0" classname="check_vla_zla_n0" time="4.83541" status="run">
		<properties>
			<property name="cmake_labels" value="countof_ns;default"/>
		</properties>
		<system-out>Internal cmake changing into directory: /Users/leo/soft/my/countof_ns/build/Darwin_icc_icpc
Change Dir: '/Users/leo/soft/my/countof_ns/build/Darwin_icc_icpc'

Run Build Command(s): /opt/local/bin/gmake -f Makefile check_vla_zla_n0
[  0%] Built target CounofNS
[100%] Building C object tests/unit/CMakeFiles/check_vla_zla_n0.dir/tu_stub.c.o
[100%] Linking C executable check_vla_zla_n0
-macosx_version_min has been renamed to -macos_version_min
ld: warning: -keep_dwarf_unwind is obsolete
ld: warning: ignoring duplicate libraries: '/opt/intel/oneapi/compiler/2021.1.1/mac/bin/intel64/../../compiler/lib/libsvml.a'
ld: warning: no platform load command found in '/Users/leo/soft/my/countof_ns/build/Darwin_icc_icpc/tests/unit/CMakeFiles/check_vla_zla_n0.dir/tu_stub.c.o', assuming: macOS
ld: warning: no platform load command found in '/opt/intel/oneapi/compiler/2021.1.1/mac/bin/intel64/../../compiler/lib/libirc.a[4](irc_msg_support.o)', assuming: macOS
ld: warning: no platform load command found in '/opt/intel/oneapi/com...
[This part of the test output was removed since it exceeds the threshold of 1024 bytes.]
</system-out>
	</testcase>
	<testcase name="check_vla_zla_n0_c11" classname="check_vla_zla_n0_c11" time="4.83675" status="run">
		<properties>
			<property name="cmake_labels" value="countof_ns;default"/>
		</properties>
		<system-out>Internal cmake changing into directory: /Users/leo/soft/my/countof_ns/build/Darwin_icc_icpc
Change Dir: '/Users/leo/soft/my/countof_ns/build/Darwin_icc_icpc'

Run Build Command(s): /opt/local/bin/gmake -f Makefile check_vla_zla_n0_c11
[  0%] Built target CounofNS
[ 50%] Building C object tests/unit/CMakeFiles/check_vla_zla_n0_c11.dir/tu_stub.c.o
[100%] Linking C executable check_vla_zla_n0_c11
-macosx_version_min has been renamed to -macos_version_min
ld: warning: -keep_dwarf_unwind is obsolete
ld: warning: ignoring duplicate libraries: '/opt/intel/oneapi/compiler/2021.1.1/mac/bin/intel64/../../compiler/lib/libsvml.a'
ld: warning: no platform load command found in '/Users/leo/soft/my/countof_ns/build/Darwin_icc_icpc/tests/unit/CMakeFiles/check_vla_zla_n0_c11.dir/tu_stub.c.o', assuming: macOS
ld: warning: no platform load command found in '/opt/intel/oneapi/compiler/2021.1.1/mac/bin/intel64/../../compiler/lib/libirc.a[4](irc_msg_support.o)', assuming: macOS
ld: warning: no platform load command found in '/opt/...
[This part of the test output was removed since it exceeds the threshold of 1024 bytes.]
</system-out>
	</testcase>
	<testcase name="pos__selftest" classname="pos__selftest" time="0.259894" status="run">
		<properties>
			<property name="cmake_labels" value="countof_ns;default"/>
		</properties>
		<system-out>Ok 1 TU_STATIC_ASSERT_AND_RETURN((1)=1, ...) /Users/leo/soft/my/countof_ns/tests/unit/pos__selftest.h:pos__selftest.h:TU_UNIT for countof_ns.h:countof_ns(), C 201112L
</system-out>
	</testcase>
	<testcase name="pos__selftest_c11" classname="pos__selftest_c11" time="0.262278" status="run">
		<properties>
			<property name="cmake_labels" value="countof_ns;default"/>
		</properties>
		<system-out>Ok 1 TU_STATIC_ASSERT_AND_RETURN((1)=1, ...) /Users/leo/soft/my/countof_ns/tests/unit/pos__selftest.h:pos__selftest.h:TU_UNIT for countof_ns.h:countof_ns() with C11&amp;VLA, C 201112L
</system-out>
	</testcase>
	<testcase name="pos_array" classname="pos_array" time="0.25976" status="run">
		<properties>
			<property name="cmake_labels" value="countof_ns;default"/>
		</properties>
		<system-out>Ok 1 TU_STATIC_ASSERT_AND_RETURN((1)=1, ...) /Users/leo/soft/my/countof_ns/tests/unit/pos_array.h:pos_array.h:TU_UNIT for countof_ns.h:countof_ns(), C 201112L
</system-out>
	</testcase>
	<testcase name="pos_array_c11" classname="pos_array_c11" time="0.243375" status="run">
		<properties>
			<property name="cmake_labels" value="countof_ns;default"/>
		</properties>
		<system-out>Ok 1 TU_STATIC_ASSERT_AND_RETURN((1)=1, ...) /Users/leo/soft/my/countof_ns/tests/unit/pos_array.h:pos_array.h:TU_UNIT for countof_ns.h:countof_ns() with C11&amp;VLA, C 201112L
</system-out>
	</testcase>
	<testcase name="pos_cv_array" classname="pos_cv_array" time="2.40484" status="fail">
		<failure message="Failed"/>
		<properties>
			<property name="cmake_labels" value="countof_ns;default"/>
		</properties>
		<system-out>Internal cmake changing into directory: /Users/leo/soft/my/countof_ns/build/Darwin_icc_icpc
Change Dir: '/Users/leo/soft/my/countof_ns/build/Darwin_icc_icpc'

Run Build Command(s): /opt/local/bin/gmake -f Makefile pos_cv_array
[  0%] Built target CounofNS
[  0%] Building C object tests/unit/CMakeFiles/pos_cv_array.dir/tu_stub.c.o
In file included from /Users/leo/soft/my/countof_ns/tests/unit/tu_stub.h(106),
                 from /Users/leo/soft/my/countof_ns/tests/unit/tu_stub.c(5):
/Users/leo/soft/my/countof_ns/tests/unit/pos_cv_array.h(4): error: the size of an array must be greater than zero
      TU_STATIC_ASSERT_AND_RETURN(1, TU_COUNTOF(a));
      ^

In file included from /Users/leo/soft/my/countof_ns/tests/unit/tu_stub.h(106),
                 from /Users/leo/soft/my/countof_ns/tests/unit/tu_stub.c(5):
/Users/leo/soft/my/countof_ns/tests/unit/pos_cv_array.h(4): error: the size of an array must be greater than zero
      TU_STATIC_ASSERT_AND_RETURN(1, TU_COUNTOF(a));
      ^

In file included from /Users/leo/soft/my/countof_ns/tests/unit/tu_stub.h(106),
                 from /Users/leo/soft/my/countof_ns/tests/unit/tu_stub.c(5):
/Users/leo/soft/my/countof_ns/tests/unit/pos_cv_array.h(4): error: the size of an array must be greater than zero
      TU_STATIC_ASSERT_AND_RETURN(1, TU_COUNTOF(a));
      ^

In file included from /Users/leo/soft/my/countof_ns/tests/unit/tu_stub.h(106),
                 from /Users/leo/soft/my/countof_ns/tests/unit/tu_stub.c(5):
/Users/leo/soft/my/countof_ns/tests/unit/pos_cv_array.h(4): error: the size of an array must be greater than zero
      TU_STATIC_ASSERT_AND_RETURN(1, TU_COUNTOF(a));
      ^

In file included from /Users/leo/soft/my/countof_ns/tests/unit/tu_stub.h(106),
                 from /Users/leo/soft/my/countof_ns/tests/unit/tu_stub.c(5):
/Users/leo/soft/my/countof_ns/tests/unit/pos_cv_array.h(4): error: the size of an array must be greater than zero
      TU_STATIC_ASSERT_AND_RETURN(1, TU_COUNTOF(a));
      ^

In file included from /Users/leo/soft/my/countof_ns/tests/unit/tu_stub.h(106),
                 from /Users/leo/soft/my/countof_ns/tests/unit/tu_stub.c(5):
/Users/leo/soft/my/countof_ns/tests/unit/pos_cv_array.h(4): error: the size of an array must be greater than zero
      TU_STATIC_ASSERT_AND_RETURN(1, TU_COUNTOF(a));
      ^

In file included from /Users/leo/soft/my/countof_ns/tests/unit/tu_stub.h(106),
                 from /Users/leo/soft/my/countof_ns/tests/unit/tu_stub.c(5):
/Users/leo/soft/my/countof_ns/tests/unit/pos_cv_array.h(4): error: the size of an array must be greater than zero
      TU_STATIC_ASSERT_AND_RETURN(1, TU_COUNTOF(a));
      ^

compilation aborted for /Users/leo/soft/my/countof_ns/tests/unit/tu_stub.c (code 2)
gmake[3]: *** [tests/unit/CMakeFiles/pos_cv_array.dir/build.make:79: tests/unit/CMakeFiles/pos_cv_array.dir/tu_stub.c.o] Ошибка 2
gmake[2]: *** [CMakeFiles/Makefile2:771: tests/unit/CMakeFiles/pos_cv_array.dir/all] Ошибка 2
gmake[1]: *** [CMakeFiles/Makefile2:778: tests/unit/CMakeFiles/pos_cv_array.dir/rule] Ошибка 2
gmake: *** [Makefile:329: pos_cv_array] Ошибка 2

</system-out>
	</testcase>
	<testcase name="pos_cv_array_c11" classname="pos_cv_array_c11" time="2.4555" status="fail">
		<failure message="Failed"/>
		<properties>
			<property name="cmake_labels" value="countof_ns;default"/>
		</properties>
		<system-out>Internal cmake changing into directory: /Users/leo/soft/my/countof_ns/build/Darwin_icc_icpc
Change Dir: '/Users/leo/soft/my/countof_ns/build/Darwin_icc_icpc'

Run Build Command(s): /opt/local/bin/gmake -f Makefile pos_cv_array_c11
[  0%] Built target CounofNS
[ 50%] Building C object tests/unit/CMakeFiles/pos_cv_array_c11.dir/tu_stub.c.o
In file included from /Users/leo/soft/my/countof_ns/tests/unit/tu_stub.h(106),
                 from /Users/leo/soft/my/countof_ns/tests/unit/tu_stub.c(5):
/Users/leo/soft/my/countof_ns/tests/unit/pos_cv_array.h(4): error #42: operand types are incompatible ("const int (**)[1]" and "int (**)[&lt;expression&gt;]")
      TU_STATIC_ASSERT_AND_RETURN(1, TU_COUNTOF(a));
      ^

In file included from /Users/leo/soft/my/countof_ns/tests/unit/tu_stub.h(106),
                 from /Users/leo/soft/my/countof_ns/tests/unit/tu_stub.c(5):
/Users/leo/soft/my/countof_ns/tests/unit/pos_cv_array.h(4): error #1121: subtraction of pointer types "const int (**)[1]" and "int (**)[&lt;expression&gt;]" is nonstandard
      TU_STATIC_ASSERT_AND_RETURN(1, TU_COUNTOF(a));
      ^

In file included from /Users/leo/soft/my/countof_ns/tests/unit/tu_stub.h(106),
                 from /Users/leo/soft/my/countof_ns/tests/unit/tu_stub.c(5):
/Users/leo/soft/my/countof_ns/tests/unit/pos_cv_array.h(4): error #42: operand types are incompatible ("const int (**)[1]" and "int (**)[&lt;expression&gt;]")
      TU_STATIC_ASSERT_AND_RETURN(1, TU_COUNTOF(a));
      ^

In file included from /Users/leo/soft/my/countof_ns/tests/unit/tu_stub.h(106),
                 from /Users/leo/soft/my/countof_ns/tests/unit/tu_stub.c(5):
/Users/leo/soft/my/countof_ns/tests/unit/pos_cv_array.h(4): error #1121: subtraction of pointer types "const int (**)[1]" and "int (**)[&lt;expression&gt;]" is nonstandard
      TU_STATIC_ASSERT_AND_RETURN(1, TU_COUNTOF(a));
      ^

In file included from /Users/leo/soft/my/countof_ns/tests/unit/tu_stub.h(106),
                 from /Users/leo/soft/my/countof_ns/tests/unit/tu_stub.c(5):
/Users/leo/soft/my/countof_ns/tests/unit/pos_cv_array.h(4): error #42: operand types are incompatible ("const int (**)[1]" and "int (**)[&lt;expression&gt;]")
      TU_STATIC_ASSERT_AND_RETURN(1, TU_COUNTOF(a));
      ^

In file included from /Users/leo/soft/my/countof_ns/tests/unit/tu_stub.h(106),
                 from /Users/leo/soft/my/countof_ns/tests/unit/tu_stub.c(5):
/Users/leo/soft/my/countof_ns/tests/unit/pos_cv_array.h(4): error #1121: subtraction of pointer types "const int (**)[1]" and "int (**)[&lt;expression&gt;]" is nonstandard
      TU_STATIC_ASSERT_AND_RETURN(1, TU_COUNTOF(a));
      ^

In file included from /Users/leo/soft/my/countof_ns/tests/unit/tu_stub.h(106),
                 from /Users/leo/soft/my/countof_ns/tests/unit/tu_stub.c(5):
/Users/leo/soft/my/countof_ns/tests/unit/pos_cv_array.h(4): error #42: operand types are incompatible ("const int (**)[1]" and "int (**)[&lt;expression&gt;]")
      TU_STATIC_ASSERT_AND_RETURN(1, TU_COUNTOF(a));
      ^

In file included from /Users/leo/soft/my/countof_ns/tests/unit/tu_stub.h(106),
                 from /Users/leo/soft/my/countof_ns/tests/unit/tu_stub.c(5):
/Users/leo/soft/my/countof_ns/tests/unit/pos_cv_array.h(4): error #1121: subtraction of pointer types "const int (**)[1]" and "int (**)[&lt;expression&gt;]" is nonstandard
      TU_STATIC_ASSERT_AND_RETURN(1, TU_COUNTOF(a));
      ^

In file included from /Users/leo/soft/my/countof_ns/tests/unit/tu_stub.h(106),
                 from /Users/leo/soft/my/countof_ns/tests/unit/tu_stub.c(5):
/Users/leo/soft/my/countof_ns/tests/unit/pos_cv_array.h(4): error #42: operand types are incompatible ("const int (**)[1]" and "int (**)[&lt;expression&gt;]")
      TU_STATIC_ASSERT_AND_RETURN(1, TU_COUNTOF(a));
      ^

In file included from /Users/leo/soft/my/countof_ns/tests/unit/tu_stub.h(106),
                 from /Users/leo/soft/my/countof_ns/tests/unit/tu_stub.c(5):
/Users/leo/soft/my/countof_ns/tests/unit/pos_cv_array.h(4): error #1121: subtraction of pointer types "const int (**)[1]" and "int (**)[&lt;expression&gt;]" is nonstandard
      TU_STATIC_ASSERT_AND_RETURN(1, TU_COUNTOF(a));
      ^

In file included from /Users/leo/soft/my/countof_ns/tests/unit/tu_stub.h(106),
                 from /Users/leo/soft/my/countof_ns/tests/unit/tu_stub.c(5):
/Users/leo/soft/my/countof_ns/tests/unit/pos_cv_array.h(4): error #42: operand types are incompatible ("const int (**)[1]" and "int (**)[&lt;expression&gt;]")
      TU_STATIC_ASSERT_AND_RETURN(1, TU_COUNTOF(a));
      ^

In file included from /Users/leo/soft/my/countof_ns/tests/unit/tu_stub.h(106),
                 from /Users/leo/soft/my/countof_ns/tests/unit/tu_stub.c(5):
/Users/leo/soft/my/countof_ns/tests/unit/pos_cv_array.h(4): error #1121: subtraction of pointer types "const int (**)[1]" and "int (**)[&lt;expression&gt;]" is nonstandard
      TU_STATIC_ASSERT_AND_RETURN(1, TU_COUNTOF(a));
      ^

In file included from /Users/leo/soft/my/countof_ns/tests/unit/tu_stub.h(106),
                 from /Users/leo/soft/my/countof_ns/tests/unit/tu_stub.c(5):
/Users/leo/soft/my/countof_ns/tests/unit/pos_cv_array.h(4): error #42: operand types are incompatible ("const int (**)[1]" and "int (**)[&lt;expression&gt;]")
      TU_STATIC_ASSERT_AND_RETURN(1, TU_COUNTOF(a));
      ^

In file included from /Users/leo/soft/my/countof_ns/tests/unit/tu_stub.h(106),
                 from /Users/leo/soft/my/countof_ns/tests/unit/tu_stub.c(5):
/Users/leo/soft/my/countof_ns/tests/unit/pos_cv_array.h(4): error #1121: subtraction of pointer types "const int (**)[1]" and "int (**)[&lt;expression&gt;]" is nonstandard
      TU_STATIC_ASSERT_AND_RETURN(1, TU_COUNTOF(a));
      ^

compilation aborted for /Users/leo/soft/my/countof_ns/tests/unit/tu_stub.c (code 2)
gmake[3]: *** [tests/unit/CMakeFiles/pos_cv_array_c11.dir/build.make:79: tests/unit/CMakeFiles/pos_cv_array_c11.dir/tu_stub.c.o] Ошибка 2
gmake[2]: *** [CMakeFiles/Makefile2:803: tests/unit/CMakeFiles/pos_cv_array_c11.dir/all] Ошибка 2
gmake[1]: *** [CMakeFiles/Makefile2:810: tests/unit/CMakeFiles/pos_cv_array_c11.dir/rule] Ошибка 2
gmake: *** [Makefile:342: pos_cv_array_c11] Ошибка 2

</system-out>
	</testcase>
	<testcase name="pos_struct_n0" classname="pos_struct_n0" time="2.42469" status="fail">
		<failure message="Failed"/>
		<properties>
			<property name="cmake_labels" value="countof_ns;default"/>
		</properties>
		<system-out>Internal cmake changing into directory: /Users/leo/soft/my/countof_ns/build/Darwin_icc_icpc
Change Dir: '/Users/leo/soft/my/countof_ns/build/Darwin_icc_icpc'

Run Build Command(s): /opt/local/bin/gmake -f Makefile pos_struct_n0
[  0%] Built target CounofNS
[ 50%] Building C object tests/unit/CMakeFiles/pos_struct_n0.dir/tu_stub.c.o
In file included from /Users/leo/soft/my/countof_ns/tests/unit/tu_stub.h(106),
                 from /Users/leo/soft/my/countof_ns/tests/unit/tu_stub.c(5):
/Users/leo/soft/my/countof_ns/tests/unit/pos_struct_n0.h(4): error: static assertion failed with "(1) == ((((!sizeof(*(a)) ? 0 : sizeof(a)/( sizeof(*(a)) ? sizeof(*(a)) : (size_t)-1 )) + ((size_t)!sizeof(char[_Generic(&amp;(a), __typeof__(*(a)) (*)[(!sizeof(*(a)) ? 0 : sizeof(a)/( sizeof(*(a)) ? sizeof(*(a)) : (size_t)-1 ))]: 1, default: -1)])))))"
      TU_STATIC_ASSERT_AND_RETURN(1, TU_COUNTOF(a));
      ^

compilation aborted for /Users/leo/soft/my/countof_ns/tests/unit/tu_stub.c (code 2)
gmake[3]: *** [tests/unit/CMakeFiles/pos_struct_n0.dir/build.make:79: tests/unit/CMakeFiles/pos_struct_n0.dir/tu_stub.c.o] Ошибка 2
gmake[2]: *** [CMakeFiles/Makefile2:835: tests/unit/CMakeFiles/pos_struct_n0.dir/all] Ошибка 2
gmake[1]: *** [CMakeFiles/Makefile2:842: tests/unit/CMakeFiles/pos_struct_n0.dir/rule] Ошибка 2
gmake: *** [Makefile:355: pos_struct_n0] Ошибка 2

</system-out>
	</testcase>
	<testcase name="pos_struct_n0_c11" classname="pos_struct_n0_c11" time="2.42768" status="fail">
		<failure message="Failed"/>
		<properties>
			<property name="cmake_labels" value="countof_ns;default"/>
		</properties>
		<system-out>Internal cmake changing into directory: /Users/leo/soft/my/countof_ns/build/Darwin_icc_icpc
Change Dir: '/Users/leo/soft/my/countof_ns/build/Darwin_icc_icpc'

Run Build Command(s): /opt/local/bin/gmake -f Makefile pos_struct_n0_c11
[  0%] Built target CounofNS
[  0%] Building C object tests/unit/CMakeFiles/pos_struct_n0_c11.dir/tu_stub.c.o
In file included from /Users/leo/soft/my/countof_ns/tests/unit/tu_stub.h(106),
                 from /Users/leo/soft/my/countof_ns/tests/unit/tu_stub.c(5):
/Users/leo/soft/my/countof_ns/tests/unit/pos_struct_n0.h(4): error: static assertion failed with "(1) == ((((!sizeof(*(a)) ? 0 : sizeof(a)/( sizeof(*(a)) ? sizeof(*(a)) : (size_t)-1 )) + (0*sizeof( (__typeof__(a) **)&amp;(a) - (__typeof__(*(a))(**)[(!sizeof(*(a)) ? 0 : sizeof(a)/( sizeof(*(a)) ? sizeof(*(a)) : (size_t)-1 ))])&amp;(a))))))"
      TU_STATIC_ASSERT_AND_RETURN(1, TU_COUNTOF(a));
      ^

compilation aborted for /Users/leo/soft/my/countof_ns/tests/unit/tu_stub.c (code 2)
gmake[3]: *** [tests/unit/CMakeFiles/pos_struct_n0_c11.dir/build.make:79: tests/unit/CMakeFiles/pos_struct_n0_c11.dir/tu_stub.c.o] Ошибка 2
gmake[2]: *** [CMakeFiles/Makefile2:867: tests/unit/CMakeFiles/pos_struct_n0_c11.dir/all] Ошибка 2
gmake[1]: *** [CMakeFiles/Makefile2:874: tests/unit/CMakeFiles/pos_struct_n0_c11.dir/rule] Ошибка 2
gmake: *** [Makefile:368: pos_struct_n0_c11] Ошибка 2

</system-out>
	</testcase>
	<testcase name="pos_struct_zla_00" classname="pos_struct_zla_00" time="0.260942" status="run">
		<properties>
			<property name="cmake_labels" value="countof_ns;default"/>
		</properties>
		<system-out>Ok 0 TU_STATIC_ASSERT_AND_RETURN((0)=0, ...) /Users/leo/soft/my/countof_ns/tests/unit/pos_struct_zla_00.h:pos_struct_zla_00.h:TU_UNIT for countof_ns.h:countof_ns(), C 201112L
</system-out>
	</testcase>
	<testcase name="pos_struct_zla_00_c11" classname="pos_struct_zla_00_c11" time="0.265369" status="run">
		<properties>
			<property name="cmake_labels" value="countof_ns;default"/>
		</properties>
		<system-out>Ok 0 TU_STATIC_ASSERT_AND_RETURN((0)=0, ...) /Users/leo/soft/my/countof_ns/tests/unit/pos_struct_zla_00.h:pos_struct_zla_00.h:TU_UNIT for countof_ns.h:countof_ns() with C11&amp;VLA, C 201112L
</system-out>
	</testcase>
	<testcase name="pos_vla" classname="pos_vla" time="2.47327" status="fail">
		<failure message="Failed"/>
		<properties>
			<property name="cmake_labels" value="countof_ns;default"/>
		</properties>
		<system-out>Internal cmake changing into directory: /Users/leo/soft/my/countof_ns/build/Darwin_icc_icpc
Change Dir: '/Users/leo/soft/my/countof_ns/build/Darwin_icc_icpc'

Run Build Command(s): /opt/local/bin/gmake -f Makefile pos_vla
[  0%] Built target CounofNS
[ 50%] Building C object tests/unit/CMakeFiles/pos_vla.dir/tu_stub.c.o
In file included from /Users/leo/soft/my/countof_ns/tests/unit/tu_stub.h(106),
                 from /Users/leo/soft/my/countof_ns/tests/unit/tu_stub.c(5):
/Users/leo/soft/my/countof_ns/tests/unit/pos_vla.h(5): error: a type involving a variable length array is not allowed here
      TU_ASSERT_AND_RETURN(d1, TU_COUNTOF(a));
      ^

In file included from /Users/leo/soft/my/countof_ns/tests/unit/tu_stub.h(106),
                 from /Users/leo/soft/my/countof_ns/tests/unit/tu_stub.c(5):
/Users/leo/soft/my/countof_ns/tests/unit/pos_vla.h(5): error: a type involving a variable length array is not allowed here
      TU_ASSERT_AND_RETURN(d1, TU_COUNTOF(a));
      ^

In file included from /Users/leo/soft/my/countof_ns/tests/unit/tu_stub.h(106),
                 from /Users/leo/soft/my/countof_ns/tests/unit/tu_stub.c(5):
/Users/leo/soft/my/countof_ns/tests/unit/pos_vla.h(5): error: a type involving a variable length array is not allowed here
      TU_ASSERT_AND_RETURN(d1, TU_COUNTOF(a));
      ^

In file included from /Users/leo/soft/my/countof_ns/tests/unit/tu_stub.h(106),
                 from /Users/leo/soft/my/countof_ns/tests/unit/tu_stub.c(5):
/Users/leo/soft/my/countof_ns/tests/unit/pos_vla.h(5): error: a type involving a variable length array is not allowed here
      TU_ASSERT_AND_RETURN(d1, TU_COUNTOF(a));
      ^

In file included from /Users/leo/soft/my/countof_ns/tests/unit/tu_stub.h(106),
                 from /Users/leo/soft/my/countof_ns/tests/unit/tu_stub.c(5):
/Users/leo/soft/my/countof_ns/tests/unit/pos_vla.h(5): error: a type involving a variable length array is not allowed here
      TU_ASSERT_AND_RETURN(d1, TU_COUNTOF(a));
      ^

In file included from /Users/leo/soft/my/countof_ns/tests/unit/tu_stub.h(106),
                 from /Users/leo/soft/my/countof_ns/tests/unit/tu_stub.c(5):
/Users/leo/soft/my/countof_ns/tests/unit/pos_vla.h(5): error: a type involving a variable length array is not allowed here
      TU_ASSERT_AND_RETURN(d1, TU_COUNTOF(a));
      ^

compilation aborted for /Users/leo/soft/my/countof_ns/tests/unit/tu_stub.c (code 2)
gmake[3]: *** [tests/unit/CMakeFiles/pos_vla.dir/build.make:79: tests/unit/CMakeFiles/pos_vla.dir/tu_stub.c.o] Ошибка 2
gmake[2]: *** [CMakeFiles/Makefile2:963: tests/unit/CMakeFiles/pos_vla.dir/all] Ошибка 2
gmake[1]: *** [CMakeFiles/Makefile2:970: tests/unit/CMakeFiles/pos_vla.dir/rule] Ошибка 2
gmake: *** [Makefile:407: pos_vla] Ошибка 2

</system-out>
	</testcase>
	<testcase name="pos_vla_c11" classname="pos_vla_c11" time="0.259578" status="run">
		<properties>
			<property name="cmake_labels" value="countof_ns;default"/>
		</properties>
		<system-out>Ok 1 TU_ASSERT_AND_RETURN((d1)=1, ...) /Users/leo/soft/my/countof_ns/tests/unit/pos_vla.h:pos_vla.h:TU_UNIT for countof_ns.h:countof_ns() with C11&amp;VLA, C 201112L
</system-out>
	</testcase>
	<testcase name="pos_vla_00" classname="pos_vla_00" time="2.45204" status="fail">
		<failure message="Failed"/>
		<properties>
			<property name="cmake_labels" value="countof_ns;default"/>
		</properties>
		<system-out>Internal cmake changing into directory: /Users/leo/soft/my/countof_ns/build/Darwin_icc_icpc
Change Dir: '/Users/leo/soft/my/countof_ns/build/Darwin_icc_icpc'

Run Build Command(s): /opt/local/bin/gmake -f Makefile pos_vla_00
[  0%] Built target CounofNS
[ 50%] Building C object tests/unit/CMakeFiles/pos_vla_00.dir/tu_stub.c.o
In file included from /Users/leo/soft/my/countof_ns/tests/unit/tu_stub.h(106),
                 from /Users/leo/soft/my/countof_ns/tests/unit/tu_stub.c(5):
/Users/leo/soft/my/countof_ns/tests/unit/pos_vla_00.h(5): error: a type involving a variable length array is not allowed here
      TU_ASSERT_AND_RETURN(d0, TU_COUNTOF(b));
      ^

In file included from /Users/leo/soft/my/countof_ns/tests/unit/tu_stub.h(106),
                 from /Users/leo/soft/my/countof_ns/tests/unit/tu_stub.c(5):
/Users/leo/soft/my/countof_ns/tests/unit/pos_vla_00.h(5): error: a type involving a variable length array is not allowed here
      TU_ASSERT_AND_RETURN(d0, TU_COUNTOF(b));
      ^

In file included from /Users/leo/soft/my/countof_ns/tests/unit/tu_stub.h(106),
                 from /Users/leo/soft/my/countof_ns/tests/unit/tu_stub.c(5):
/Users/leo/soft/my/countof_ns/tests/unit/pos_vla_00.h(5): error: a type involving a variable length array is not allowed here
      TU_ASSERT_AND_RETURN(d0, TU_COUNTOF(b));
      ^

In file included from /Users/leo/soft/my/countof_ns/tests/unit/tu_stub.h(106),
                 from /Users/leo/soft/my/countof_ns/tests/unit/tu_stub.c(5):
/Users/leo/soft/my/countof_ns/tests/unit/pos_vla_00.h(5): error: a type involving a variable length array is not allowed here
      TU_ASSERT_AND_RETURN(d0, TU_COUNTOF(b));
      ^

In file included from /Users/leo/soft/my/countof_ns/tests/unit/tu_stub.h(106),
                 from /Users/leo/soft/my/countof_ns/tests/unit/tu_stub.c(5):
/Users/leo/soft/my/countof_ns/tests/unit/pos_vla_00.h(5): error: a type involving a variable length array is not allowed here
      TU_ASSERT_AND_RETURN(d0, TU_COUNTOF(b));
      ^

In file included from /Users/leo/soft/my/countof_ns/tests/unit/tu_stub.h(106),
                 from /Users/leo/soft/my/countof_ns/tests/unit/tu_stub.c(5):
/Users/leo/soft/my/countof_ns/tests/unit/pos_vla_00.h(5): error: a type involving a variable length array is not allowed here
      TU_ASSERT_AND_RETURN(d0, TU_COUNTOF(b));
      ^

compilation aborted for /Users/leo/soft/my/countof_ns/tests/unit/tu_stub.c (code 2)
gmake[3]: *** [tests/unit/CMakeFiles/pos_vla_00.dir/build.make:79: tests/unit/CMakeFiles/pos_vla_00.dir/tu_stub.c.o] Ошибка 2
gmake[2]: *** [CMakeFiles/Makefile2:1027: tests/unit/CMakeFiles/pos_vla_00.dir/all] Ошибка 2
gmake[1]: *** [CMakeFiles/Makefile2:1034: tests/unit/CMakeFiles/pos_vla_00.dir/rule] Ошибка 2
gmake: *** [Makefile:433: pos_vla_00] Ошибка 2

</system-out>
	</testcase>
	<testcase name="pos_vla_00_c11" classname="pos_vla_00_c11" time="0.258673" status="run">
		<properties>
			<property name="cmake_labels" value="countof_ns;default"/>
		</properties>
		<system-out>Ok 0 TU_ASSERT_AND_RETURN((d0)=0, ...) /Users/leo/soft/my/countof_ns/tests/unit/pos_vla_00.h:pos_vla_00.h:TU_UNIT for countof_ns.h:countof_ns() with C11&amp;VLA, C 201112L
</system-out>
	</testcase>
	<testcase name="pos_vla_0n" classname="pos_vla_0n" time="2.43224" status="fail">
		<failure message="Failed"/>
		<properties>
			<property name="cmake_labels" value="countof_ns;default"/>
		</properties>
		<system-out>Internal cmake changing into directory: /Users/leo/soft/my/countof_ns/build/Darwin_icc_icpc
Change Dir: '/Users/leo/soft/my/countof_ns/build/Darwin_icc_icpc'

Run Build Command(s): /opt/local/bin/gmake -f Makefile pos_vla_0n
[  0%] Built target CounofNS
[ 50%] Building C object tests/unit/CMakeFiles/pos_vla_0n.dir/tu_stub.c.o
In file included from /Users/leo/soft/my/countof_ns/tests/unit/tu_stub.h(106),
                 from /Users/leo/soft/my/countof_ns/tests/unit/tu_stub.c(5):
/Users/leo/soft/my/countof_ns/tests/unit/pos_vla_0n.h(5): error: a type involving a variable length array is not allowed here
      TU_ASSERT_AND_RETURN(d0, TU_COUNTOF(a));
      ^

In file included from /Users/leo/soft/my/countof_ns/tests/unit/tu_stub.h(106),
                 from /Users/leo/soft/my/countof_ns/tests/unit/tu_stub.c(5):
/Users/leo/soft/my/countof_ns/tests/unit/pos_vla_0n.h(5): error: a type involving a variable length array is not allowed here
      TU_ASSERT_AND_RETURN(d0, TU_COUNTOF(a));
      ^

In file included from /Users/leo/soft/my/countof_ns/tests/unit/tu_stub.h(106),
                 from /Users/leo/soft/my/countof_ns/tests/unit/tu_stub.c(5):
/Users/leo/soft/my/countof_ns/tests/unit/pos_vla_0n.h(5): error: a type involving a variable length array is not allowed here
      TU_ASSERT_AND_RETURN(d0, TU_COUNTOF(a));
      ^

In file included from /Users/leo/soft/my/countof_ns/tests/unit/tu_stub.h(106),
                 from /Users/leo/soft/my/countof_ns/tests/unit/tu_stub.c(5):
/Users/leo/soft/my/countof_ns/tests/unit/pos_vla_0n.h(5): error: a type involving a variable length array is not allowed here
      TU_ASSERT_AND_RETURN(d0, TU_COUNTOF(a));
      ^

In file included from /Users/leo/soft/my/countof_ns/tests/unit/tu_stub.h(106),
                 from /Users/leo/soft/my/countof_ns/tests/unit/tu_stub.c(5):
/Users/leo/soft/my/countof_ns/tests/unit/pos_vla_0n.h(5): error: a type involving a variable length array is not allowed here
      TU_ASSERT_AND_RETURN(d0, TU_COUNTOF(a));
      ^

In file included from /Users/leo/soft/my/countof_ns/tests/unit/tu_stub.h(106),
                 from /Users/leo/soft/my/countof_ns/tests/unit/tu_stub.c(5):
/Users/leo/soft/my/countof_ns/tests/unit/pos_vla_0n.h(5): error: a type involving a variable length array is not allowed here
      TU_ASSERT_AND_RETURN(d0, TU_COUNTOF(a));
      ^

compilation aborted for /Users/leo/soft/my/countof_ns/tests/unit/tu_stub.c (code 2)
gmake[3]: *** [tests/unit/CMakeFiles/pos_vla_0n.dir/build.make:79: tests/unit/CMakeFiles/pos_vla_0n.dir/tu_stub.c.o] Ошибка 2
gmake[2]: *** [CMakeFiles/Makefile2:1091: tests/unit/CMakeFiles/pos_vla_0n.dir/all] Ошибка 2
gmake[1]: *** [CMakeFiles/Makefile2:1098: tests/unit/CMakeFiles/pos_vla_0n.dir/rule] Ошибка 2
gmake: *** [Makefile:459: pos_vla_0n] Ошибка 2

</system-out>
	</testcase>
	<testcase name="pos_vla_0n_c11" classname="pos_vla_0n_c11" time="0.242155" status="run">
		<properties>
			<property name="cmake_labels" value="countof_ns;default"/>
		</properties>
		<system-out>Ok 0 TU_ASSERT_AND_RETURN((d0)=0, ...) /Users/leo/soft/my/countof_ns/tests/unit/pos_vla_0n.h:pos_vla_0n.h:TU_UNIT for countof_ns.h:countof_ns() with C11&amp;VLA, C 201112L
</system-out>
	</testcase>
	<testcase name="pos_vla_cv" classname="pos_vla_cv" time="2.43599" status="fail">
		<failure message="Failed"/>
		<properties>
			<property name="cmake_labels" value="countof_ns;default"/>
		</properties>
		<system-out>Internal cmake changing into directory: /Users/leo/soft/my/countof_ns/build/Darwin_icc_icpc
Change Dir: '/Users/leo/soft/my/countof_ns/build/Darwin_icc_icpc'

Run Build Command(s): /opt/local/bin/gmake -f Makefile pos_vla_cv
[  0%] Built target CounofNS
[ 50%] Building C object tests/unit/CMakeFiles/pos_vla_cv.dir/tu_stub.c.o
In file included from /Users/leo/soft/my/countof_ns/tests/unit/tu_stub.h(106),
                 from /Users/leo/soft/my/countof_ns/tests/unit/tu_stub.c(5):
/Users/leo/soft/my/countof_ns/tests/unit/pos_vla_cv.h(5): error: a type involving a variable length array is not allowed here
      TU_ASSERT_AND_RETURN(d1, TU_COUNTOF(a));
      ^

In file included from /Users/leo/soft/my/countof_ns/tests/unit/tu_stub.h(106),
                 from /Users/leo/soft/my/countof_ns/tests/unit/tu_stub.c(5):
/Users/leo/soft/my/countof_ns/tests/unit/pos_vla_cv.h(5): error: a type involving a variable length array is not allowed here
      TU_ASSERT_AND_RETURN(d1, TU_COUNTOF(a));
      ^

In file included from /Users/leo/soft/my/countof_ns/tests/unit/tu_stub.h(106),
                 from /Users/leo/soft/my/countof_ns/tests/unit/tu_stub.c(5):
/Users/leo/soft/my/countof_ns/tests/unit/pos_vla_cv.h(5): error: a type involving a variable length array is not allowed here
      TU_ASSERT_AND_RETURN(d1, TU_COUNTOF(a));
      ^

In file included from /Users/leo/soft/my/countof_ns/tests/unit/tu_stub.h(106),
                 from /Users/leo/soft/my/countof_ns/tests/unit/tu_stub.c(5):
/Users/leo/soft/my/countof_ns/tests/unit/pos_vla_cv.h(5): error: a type involving a variable length array is not allowed here
      TU_ASSERT_AND_RETURN(d1, TU_COUNTOF(a));
      ^

In file included from /Users/leo/soft/my/countof_ns/tests/unit/tu_stub.h(106),
                 from /Users/leo/soft/my/countof_ns/tests/unit/tu_stub.c(5):
/Users/leo/soft/my/countof_ns/tests/unit/pos_vla_cv.h(5): error: a type involving a variable length array is not allowed here
      TU_ASSERT_AND_RETURN(d1, TU_COUNTOF(a));
      ^

In file included from /Users/leo/soft/my/countof_ns/tests/unit/tu_stub.h(106),
                 from /Users/leo/soft/my/countof_ns/tests/unit/tu_stub.c(5):
/Users/leo/soft/my/countof_ns/tests/unit/pos_vla_cv.h(5): error: a type involving a variable length array is not allowed here
      TU_ASSERT_AND_RETURN(d1, TU_COUNTOF(a));
      ^

compilation aborted for /Users/leo/soft/my/countof_ns/tests/unit/tu_stub.c (code 2)
gmake[3]: *** [tests/unit/CMakeFiles/pos_vla_cv.dir/build.make:79: tests/unit/CMakeFiles/pos_vla_cv.dir/tu_stub.c.o] Ошибка 2
gmake[2]: *** [CMakeFiles/Makefile2:1155: tests/unit/CMakeFiles/pos_vla_cv.dir/all] Ошибка 2
gmake[1]: *** [CMakeFiles/Makefile2:1162: tests/unit/CMakeFiles/pos_vla_cv.dir/rule] Ошибка 2
gmake: *** [Makefile:485: pos_vla_cv] Ошибка 2

</system-out>
	</testcase>
	<testcase name="pos_vla_cv_c11" classname="pos_vla_cv_c11" time="2.41957" status="fail">
		<failure message="Failed"/>
		<properties>
			<property name="cmake_labels" value="countof_ns;default"/>
		</properties>
		<system-out>Internal cmake changing into directory: /Users/leo/soft/my/countof_ns/build/Darwin_icc_icpc
Change Dir: '/Users/leo/soft/my/countof_ns/build/Darwin_icc_icpc'

Run Build Command(s): /opt/local/bin/gmake -f Makefile pos_vla_cv_c11
[  0%] Built target CounofNS
[  0%] Building C object tests/unit/CMakeFiles/pos_vla_cv_c11.dir/tu_stub.c.o
In file included from /Users/leo/soft/my/countof_ns/tests/unit/tu_stub.h(106),
                 from /Users/leo/soft/my/countof_ns/tests/unit/tu_stub.c(5):
/Users/leo/soft/my/countof_ns/tests/unit/pos_vla_cv.h(5): error #42: operand types are incompatible ("volatile int (**)[d1]" and "int (**)[&lt;expression&gt;]")
      TU_ASSERT_AND_RETURN(d1, TU_COUNTOF(a));
      ^

In file included from /Users/leo/soft/my/countof_ns/tests/unit/tu_stub.h(106),
                 from /Users/leo/soft/my/countof_ns/tests/unit/tu_stub.c(5):
/Users/leo/soft/my/countof_ns/tests/unit/pos_vla_cv.h(5): error #1121: subtraction of pointer types "volatile int (**)[d1]" and "int (**)[&lt;expression&gt;]" is nonstandard
      TU_ASSERT_AND_RETURN(d1, TU_COUNTOF(a));
      ^

In file included from /Users/leo/soft/my/countof_ns/tests/unit/tu_stub.h(106),
                 from /Users/leo/soft/my/countof_ns/tests/unit/tu_stub.c(5):
/Users/leo/soft/my/countof_ns/tests/unit/pos_vla_cv.h(5): error #42: operand types are incompatible ("volatile int (**)[d1]" and "int (**)[&lt;expression&gt;]")
      TU_ASSERT_AND_RETURN(d1, TU_COUNTOF(a));
      ^

In file included from /Users/leo/soft/my/countof_ns/tests/unit/tu_stub.h(106),
                 from /Users/leo/soft/my/countof_ns/tests/unit/tu_stub.c(5):
/Users/leo/soft/my/countof_ns/tests/unit/pos_vla_cv.h(5): error #1121: subtraction of pointer types "volatile int (**)[d1]" and "int (**)[&lt;expression&gt;]" is nonstandard
      TU_ASSERT_AND_RETURN(d1, TU_COUNTOF(a));
      ^

In file included from /Users/leo/soft/my/countof_ns/tests/unit/tu_stub.h(106),
                 from /Users/leo/soft/my/countof_ns/tests/unit/tu_stub.c(5):
/Users/leo/soft/my/countof_ns/tests/unit/pos_vla_cv.h(5): error #42: operand types are incompatible ("volatile int (**)[d1]" and "int (**)[&lt;expression&gt;]")
      TU_ASSERT_AND_RETURN(d1, TU_COUNTOF(a));
      ^

In file included from /Users/leo/soft/my/countof_ns/tests/unit/tu_stub.h(106),
                 from /Users/leo/soft/my/countof_ns/tests/unit/tu_stub.c(5):
/Users/leo/soft/my/countof_ns/tests/unit/pos_vla_cv.h(5): error #1121: subtraction of pointer types "volatile int (**)[d1]" and "int (**)[&lt;expression&gt;]" is nonstandard
      TU_ASSERT_AND_RETURN(d1, TU_COUNTOF(a));
      ^

In file included from /Users/leo/soft/my/countof_ns/tests/unit/tu_stub.h(106),
                 from /Users/leo/soft/my/countof_ns/tests/unit/tu_stub.c(5):
/Users/leo/soft/my/countof_ns/tests/unit/pos_vla_cv.h(5): error #42: operand types are incompatible ("volatile int (**)[d1]" and "int (**)[&lt;expression&gt;]")
      TU_ASSERT_AND_RETURN(d1, TU_COUNTOF(a));
      ^

In file included from /Users/leo/soft/my/countof_ns/tests/unit/tu_stub.h(106),
                 from /Users/leo/soft/my/countof_ns/tests/unit/tu_stub.c(5):
/Users/leo/soft/my/countof_ns/tests/unit/pos_vla_cv.h(5): error #1121: subtraction of pointer types "volatile int (**)[d1]" and "int (**)[&lt;expression&gt;]" is nonstandard
      TU_ASSERT_AND_RETURN(d1, TU_COUNTOF(a));
      ^

In file included from /Users/leo/soft/my/countof_ns/tests/unit/tu_stub.h(106),
                 from /Users/leo/soft/my/countof_ns/tests/unit/tu_stub.c(5):
/Users/leo/soft/my/countof_ns/tests/unit/pos_vla_cv.h(5): error #42: operand types are incompatible ("volatile int (**)[d1]" and "int (**)[&lt;expression&gt;]")
      TU_ASSERT_AND_RETURN(d1, TU_COUNTOF(a));
      ^

In file included from /Users/leo/soft/my/countof_ns/tests/unit/tu_stub.h(106),
                 from /Users/leo/soft/my/countof_ns/tests/unit/tu_stub.c(5):
/Users/leo/soft/my/countof_ns/tests/unit/pos_vla_cv.h(5): error #1121: subtraction of pointer types "volatile int (**)[d1]" and "int (**)[&lt;expression&gt;]" is nonstandard
      TU_ASSERT_AND_RETURN(d1, TU_COUNTOF(a));
      ^

In file included from /Users/leo/soft/my/countof_ns/tests/unit/tu_stub.h(106),
                 from /Users/leo/soft/my/countof_ns/tests/unit/tu_stub.c(5):
/Users/leo/soft/my/countof_ns/tests/unit/pos_vla_cv.h(5): error #42: operand types are incompatible ("volatile int (**)[d1]" and "int (**)[&lt;expression&gt;]")
      TU_ASSERT_AND_RETURN(d1, TU_COUNTOF(a));
      ^

In file included from /Users/leo/soft/my/countof_ns/tests/unit/tu_stub.h(106),
                 from /Users/leo/soft/my/countof_ns/tests/unit/tu_stub.c(5):
/Users/leo/soft/my/countof_ns/tests/unit/pos_vla_cv.h(5): error #1121: subtraction of pointer types "volatile int (**)[d1]" and "int (**)[&lt;expression&gt;]" is nonstandard
      TU_ASSERT_AND_RETURN(d1, TU_COUNTOF(a));
      ^

compilation aborted for /Users/leo/soft/my/countof_ns/tests/unit/tu_stub.c (code 2)
gmake[3]: *** [tests/unit/CMakeFiles/pos_vla_cv_c11.dir/build.make:79: tests/unit/CMakeFiles/pos_vla_cv_c11.dir/tu_stub.c.o] Ошибка 2
gmake[2]: *** [CMakeFiles/Makefile2:1187: tests/unit/CMakeFiles/pos_vla_cv_c11.dir/all] Ошибка 2
gmake[1]: *** [CMakeFiles/Makefile2:1194: tests/unit/CMakeFiles/pos_vla_cv_c11.dir/rule] Ошибка 2
gmake: *** [Makefile:498: pos_vla_cv_c11] Ошибка 2

</system-out>
	</testcase>
	<testcase name="pos_vla_n0" classname="pos_vla_n0" time="2.47011" status="fail">
		<failure message="Failed"/>
		<properties>
			<property name="cmake_labels" value="countof_ns;default"/>
		</properties>
		<system-out>Internal cmake changing into directory: /Users/leo/soft/my/countof_ns/build/Darwin_icc_icpc
Change Dir: '/Users/leo/soft/my/countof_ns/build/Darwin_icc_icpc'

Run Build Command(s): /opt/local/bin/gmake -f Makefile pos_vla_n0
[  0%] Built target CounofNS
[ 50%] Building C object tests/unit/CMakeFiles/pos_vla_n0.dir/tu_stub.c.o
In file included from /Users/leo/soft/my/countof_ns/tests/unit/tu_stub.h(106),
                 from /Users/leo/soft/my/countof_ns/tests/unit/tu_stub.c(5):
/Users/leo/soft/my/countof_ns/tests/unit/pos_vla_n0.h(5): error: a type involving a variable length array is not allowed here
      TU_ASSERT_AND_RETURN(d1, TU_COUNTOF(b));
      ^

In file included from /Users/leo/soft/my/countof_ns/tests/unit/tu_stub.h(106),
                 from /Users/leo/soft/my/countof_ns/tests/unit/tu_stub.c(5):
/Users/leo/soft/my/countof_ns/tests/unit/pos_vla_n0.h(5): error: a type involving a variable length array is not allowed here
      TU_ASSERT_AND_RETURN(d1, TU_COUNTOF(b));
      ^

In file included from /Users/leo/soft/my/countof_ns/tests/unit/tu_stub.h(106),
                 from /Users/leo/soft/my/countof_ns/tests/unit/tu_stub.c(5):
/Users/leo/soft/my/countof_ns/tests/unit/pos_vla_n0.h(5): error: a type involving a variable length array is not allowed here
      TU_ASSERT_AND_RETURN(d1, TU_COUNTOF(b));
      ^

In file included from /Users/leo/soft/my/countof_ns/tests/unit/tu_stub.h(106),
                 from /Users/leo/soft/my/countof_ns/tests/unit/tu_stub.c(5):
/Users/leo/soft/my/countof_ns/tests/unit/pos_vla_n0.h(5): error: a type involving a variable length array is not allowed here
      TU_ASSERT_AND_RETURN(d1, TU_COUNTOF(b));
      ^

In file included from /Users/leo/soft/my/countof_ns/tests/unit/tu_stub.h(106),
                 from /Users/leo/soft/my/countof_ns/tests/unit/tu_stub.c(5):
/Users/leo/soft/my/countof_ns/tests/unit/pos_vla_n0.h(5): error: a type involving a variable length array is not allowed here
      TU_ASSERT_AND_RETURN(d1, TU_COUNTOF(b));
      ^

In file included from /Users/leo/soft/my/countof_ns/tests/unit/tu_stub.h(106),
                 from /Users/leo/soft/my/countof_ns/tests/unit/tu_stub.c(5):
/Users/leo/soft/my/countof_ns/tests/unit/pos_vla_n0.h(5): error: a type involving a variable length array is not allowed here
      TU_ASSERT_AND_RETURN(d1, TU_COUNTOF(b));
      ^

compilation aborted for /Users/leo/soft/my/countof_ns/tests/unit/tu_stub.c (code 2)
gmake[3]: *** [tests/unit/CMakeFiles/pos_vla_n0.dir/build.make:79: tests/unit/CMakeFiles/pos_vla_n0.dir/tu_stub.c.o] Ошибка 2
gmake[2]: *** [CMakeFiles/Makefile2:1219: tests/unit/CMakeFiles/pos_vla_n0.dir/all] Ошибка 2
gmake[1]: *** [CMakeFiles/Makefile2:1226: tests/unit/CMakeFiles/pos_vla_n0.dir/rule] Ошибка 2
gmake: *** [Makefile:511: pos_vla_n0] Ошибка 2

</system-out>
	</testcase>
	<testcase name="pos_vla_n0_c11" classname="pos_vla_n0_c11" time="4.94753" status="fail">
		<failure message="Failed"/>
		<properties>
			<property name="cmake_labels" value="countof_ns;default"/>
		</properties>
		<system-out>Internal cmake changing into directory: /Users/leo/soft/my/countof_ns/build/Darwin_icc_icpc
Change Dir: '/Users/leo/soft/my/countof_ns/build/Darwin_icc_icpc'

Run Build Command(s): /opt/local/bin/gmake -f Makefile pos_vla_n0_c11
[  0%] Built target CounofNS
[100%] Building C object tests/unit/CMakeFiles/pos_vla_n0_c11.dir/tu_stub.c.o
[100%] Linking C executable pos_vla_n0_c11
-macosx_version_min has been renamed to -macos_version_min
ld: warning: -keep_dwarf_unwind is obsolete
ld: warning: ignoring duplicate libraries: '/opt/intel/oneapi/compiler/2021.1.1/mac/bin/intel64/../../compiler/lib/libsvml.a'
ld: warning: no platform load command found in '/Users/leo/soft/my/countof_ns/build/Darwin_icc_icpc/tests/unit/CMakeFiles/pos_vla_n0_c11.dir/tu_stub.c.o', assuming: macOS
ld: warning: no platform load command found in '/opt/intel/oneapi/compiler/2021.1.1/mac/bin/intel64/../../compiler/lib/libirc.a[4](irc_msg_support.o)', assuming: macOS
ld: warning: no platform load command found in '/opt/intel/oneapi/compiler/2021.1.1/mac/bin/intel64/../../compiler/lib/libirc.a[76](cpu_feature_disp.o)', assuming: macOS
ld: warning: no platform load command found in '/opt/intel/oneapi/compiler/2021.1.1/mac/bin/intel64/../../compiler/lib/libirc.a[95](proc_init_utils.o)', assuming: macOS
ld: warning: no platform load command found in '/opt/intel/oneapi/compiler/2021.1.1/mac/bin/intel64/../../compiler/lib/libirc.a[98](new_proc_init.o)', assuming: macOS
ld: warning: no platform load command found in '/opt/intel/oneapi/compiler/2021.1.1/mac/bin/intel64/../../compiler/lib/libirc.a[112](sse2_strlen.o)', assuming: macOS
ld: warning: no platform load command found in '/opt/intel/oneapi/compiler/2021.1.1/mac/bin/intel64/../../compiler/lib/libirc.a[113](sse2_strchr.o)', assuming: macOS
ld: warning: no platform load command found in '/opt/intel/oneapi/compiler/2021.1.1/mac/bin/intel64/../../compiler/lib/libirc.a[122](ssse3_strncpy.o)', assuming: macOS
[100%] Built target pos_vla_n0_c11

Running test command: "/Users/leo/soft/my/countof_ns/build/Darwin_icc_icpc/tests/unit/pos_vla_n0_c11"
Test command failed: /Users/leo/soft/my/countof_ns/build/Darwin_icc_icpc/tests/unit/pos_vla_n0_c11
Fail 0 desired=1 TU_ASSERT_AND_RETURN(((d1)), ...) /Users/leo/soft/my/countof_ns/tests/unit/pos_vla_n0.h:pos_vla_n0.h:TU_UNIT for countof_ns.h:countof_ns() with C11&amp;VLA, C 201112L

</system-out>
	</testcase>
	<testcase name="pos_vla_struct_n0" classname="pos_vla_struct_n0" time="4.82525" status="fail">
		<failure message="Failed"/>
		<properties>
			<property name="cmake_labels" value="countof_ns;default"/>
		</properties>
		<system-out>Internal cmake changing into directory: /Users/leo/soft/my/countof_ns/build/Darwin_icc_icpc
Change Dir: '/Users/leo/soft/my/countof_ns/build/Darwin_icc_icpc'

Run Build Command(s): /opt/local/bin/gmake -f Makefile pos_vla_struct_n0
[  0%] Built target CounofNS
[ 50%] Building C object tests/unit/CMakeFiles/pos_vla_struct_n0.dir/tu_stub.c.o
[100%] Linking C executable pos_vla_struct_n0
-macosx_version_min has been renamed to -macos_version_min
ld: warning: -keep_dwarf_unwind is obsolete
ld: warning: ignoring duplicate libraries: '/opt/intel/oneapi/compiler/2021.1.1/mac/bin/intel64/../../compiler/lib/libsvml.a'
ld: warning: no platform load command found in '/Users/leo/soft/my/countof_ns/build/Darwin_icc_icpc/tests/unit/CMakeFiles/pos_vla_struct_n0.dir/tu_stub.c.o', assuming: macOS
ld: warning: no platform load command found in '/opt/intel/oneapi/compiler/2021.1.1/mac/bin/intel64/../../compiler/lib/libirc.a[4](irc_msg_support.o)', assuming: macOS
ld: warning: no platform load command found in '/opt/intel/oneapi/compiler/2021.1.1/mac/bin/intel64/../../compiler/lib/libirc.a[76](cpu_feature_disp.o)', assuming: macOS
ld: warning: no platform load command found in '/opt/intel/oneapi/compiler/2021.1.1/mac/bin/intel64/../../compiler/lib/libirc.a[95](proc_init_utils.o)', assuming: macOS
ld: warning: no platform load command found in '/opt/intel/oneapi/compiler/2021.1.1/mac/bin/intel64/../../compiler/lib/libirc.a[98](new_proc_init.o)', assuming: macOS
ld: warning: no platform load command found in '/opt/intel/oneapi/compiler/2021.1.1/mac/bin/intel64/../../compiler/lib/libirc.a[112](sse2_strlen.o)', assuming: macOS
ld: warning: no platform load command found in '/opt/intel/oneapi/compiler/2021.1.1/mac/bin/intel64/../../compiler/lib/libirc.a[113](sse2_strchr.o)', assuming: macOS
ld: warning: no platform load command found in '/opt/intel/oneapi/compiler/2021.1.1/mac/bin/intel64/../../compiler/lib/libirc.a[122](ssse3_strncpy.o)', assuming: macOS
[100%] Built target pos_vla_struct_n0

Running test command: "/Users/leo/soft/my/countof_ns/build/Darwin_icc_icpc/tests/unit/pos_vla_struct_n0"
Test command failed: /Users/leo/soft/my/countof_ns/build/Darwin_icc_icpc/tests/unit/pos_vla_struct_n0
Fail 0 desired=1 TU_ASSERT_AND_RETURN(((d1)), ...) /Users/leo/soft/my/countof_ns/tests/unit/pos_vla_struct_n0.h:pos_vla_struct_n0.h:TU_UNIT for countof_ns.h:countof_ns(), C 201112L

</system-out>
	</testcase>
	<testcase name="pos_vla_struct_n0_c11" classname="pos_vla_struct_n0_c11" time="4.87918" status="fail">
		<failure message="Failed"/>
		<properties>
			<property name="cmake_labels" value="countof_ns;default"/>
		</properties>
		<system-out>Internal cmake changing into directory: /Users/leo/soft/my/countof_ns/build/Darwin_icc_icpc
Change Dir: '/Users/leo/soft/my/countof_ns/build/Darwin_icc_icpc'

Run Build Command(s): /opt/local/bin/gmake -f Makefile pos_vla_struct_n0_c11
[  0%] Built target CounofNS
[ 50%] Building C object tests/unit/CMakeFiles/pos_vla_struct_n0_c11.dir/tu_stub.c.o
[100%] Linking C executable pos_vla_struct_n0_c11
-macosx_version_min has been renamed to -macos_version_min
ld: warning: -keep_dwarf_unwind is obsolete
ld: warning: ignoring duplicate libraries: '/opt/intel/oneapi/compiler/2021.1.1/mac/bin/intel64/../../compiler/lib/libsvml.a'
ld: warning: no platform load command found in '/Users/leo/soft/my/countof_ns/build/Darwin_icc_icpc/tests/unit/CMakeFiles/pos_vla_struct_n0_c11.dir/tu_stub.c.o', assuming: macOS
ld: warning: no platform load command found in '/opt/intel/oneapi/compiler/2021.1.1/mac/bin/intel64/../../compiler/lib/libirc.a[4](irc_msg_support.o)', assuming: macOS
ld: warning: no platform load command found in '/opt/intel/oneapi/compiler/2021.1.1/mac/bin/intel64/../../compiler/lib/libirc.a[76](cpu_feature_disp.o)', assuming: macOS
ld: warning: no platform load command found in '/opt/intel/oneapi/compiler/2021.1.1/mac/bin/intel64/../../compiler/lib/libirc.a[95](proc_init_utils.o)', assuming: macOS
ld: warning: no platform load command found in '/opt/intel/oneapi/compiler/2021.1.1/mac/bin/intel64/../../compiler/lib/libirc.a[98](new_proc_init.o)', assuming: macOS
ld: warning: no platform load command found in '/opt/intel/oneapi/compiler/2021.1.1/mac/bin/intel64/../../compiler/lib/libirc.a[112](sse2_strlen.o)', assuming: macOS
ld: warning: no platform load command found in '/opt/intel/oneapi/compiler/2021.1.1/mac/bin/intel64/../../compiler/lib/libirc.a[113](sse2_strchr.o)', assuming: macOS
ld: warning: no platform load command found in '/opt/intel/oneapi/compiler/2021.1.1/mac/bin/intel64/../../compiler/lib/libirc.a[122](ssse3_strncpy.o)', assuming: macOS
[100%] Built target pos_vla_struct_n0_c11

Running test command: "/Users/leo/soft/my/countof_ns/build/Darwin_icc_icpc/tests/unit/pos_vla_struct_n0_c11"
Test command failed: /Users/leo/soft/my/countof_ns/build/Darwin_icc_icpc/tests/unit/pos_vla_struct_n0_c11
Fail 0 desired=1 TU_ASSERT_AND_RETURN(((d1)), ...) /Users/leo/soft/my/countof_ns/tests/unit/pos_vla_struct_n0.h:pos_vla_struct_n0.h:TU_UNIT for countof_ns.h:countof_ns() with C11&amp;VLA, C 201112L

</system-out>
	</testcase>
	<testcase name="pos_vla_struct_zla_00" classname="pos_vla_struct_zla_00" time="5.09678" status="run">
		<properties>
			<property name="cmake_labels" value="countof_ns;default"/>
		</properties>
		<system-out>Internal cmake changing into directory: /Users/leo/soft/my/countof_ns/build/Darwin_icc_icpc
Change Dir: '/Users/leo/soft/my/countof_ns/build/Darwin_icc_icpc'

Run Build Command(s): /opt/local/bin/gmake -f Makefile pos_vla_struct_zla_00
[  0%] Built target CounofNS
[100%] Building C object tests/unit/CMakeFiles/pos_vla_struct_zla_00.dir/tu_stub.c.o
[100%] Linking C executable pos_vla_struct_zla_00
-macosx_version_min has been renamed to -macos_version_min
ld: warning: -keep_dwarf_unwind is obsolete
ld: warning: ignoring duplicate libraries: '/opt/intel/oneapi/compiler/2021.1.1/mac/bin/intel64/../../compiler/lib/libsvml.a'
ld: warning: no platform load command found in '/Users/leo/soft/my/countof_ns/build/Darwin_icc_icpc/tests/unit/CMakeFiles/pos_vla_struct_zla_00.dir/tu_stub.c.o', assuming: macOS
ld: warning: no platform load command found in '/opt/intel/oneapi/compiler/2021.1.1/mac/bin/intel64/../../compiler/lib/libirc.a[4](irc_msg_support.o)', assuming: macOS
ld: warning: no platform load command found in '/...
[This part of the test output was removed since it exceeds the threshold of 1024 bytes.]
</system-out>
	</testcase>
	<testcase name="pos_vla_struct_zla_00_c11" classname="pos_vla_struct_zla_00_c11" time="0.248697" status="run">
		<properties>
			<property name="cmake_labels" value="countof_ns;default"/>
		</properties>
		<system-out>Ok 0 TU_ASSERT_AND_RETURN((d0)=0, ...) /Users/leo/soft/my/countof_ns/tests/unit/pos_vla_struct_zla_00.h:pos_vla_struct_zla_00.h:TU_UNIT for countof_ns.h:countof_ns() with C11&amp;VLA, C 201112L
</system-out>
	</testcase>
	<testcase name="pos_vla_zla_00" classname="pos_vla_zla_00" time="4.82449" status="run">
		<properties>
			<property name="cmake_labels" value="countof_ns;default"/>
		</properties>
		<system-out>Internal cmake changing into directory: /Users/leo/soft/my/countof_ns/build/Darwin_icc_icpc
Change Dir: '/Users/leo/soft/my/countof_ns/build/Darwin_icc_icpc'

Run Build Command(s): /opt/local/bin/gmake -f Makefile pos_vla_zla_00
[  0%] Built target CounofNS
[ 50%] Building C object tests/unit/CMakeFiles/pos_vla_zla_00.dir/tu_stub.c.o
[100%] Linking C executable pos_vla_zla_00
-macosx_version_min has been renamed to -macos_version_min
ld: warning: -keep_dwarf_unwind is obsolete
ld: warning: ignoring duplicate libraries: '/opt/intel/oneapi/compiler/2021.1.1/mac/bin/intel64/../../compiler/lib/libsvml.a'
ld: warning: no platform load command found in '/Users/leo/soft/my/countof_ns/build/Darwin_icc_icpc/tests/unit/CMakeFiles/pos_vla_zla_00.dir/tu_stub.c.o', assuming: macOS
ld: warning: no platform load command found in '/opt/intel/oneapi/compiler/2021.1.1/mac/bin/intel64/../../compiler/lib/libirc.a[4](irc_msg_support.o)', assuming: macOS
ld: warning: no platform load command found in '/opt/intel/oneapi/compiler/20...
[This part of the test output was removed since it exceeds the threshold of 1024 bytes.]
</system-out>
	</testcase>
	<testcase name="pos_vla_zla_00_c11" classname="pos_vla_zla_00_c11" time="0.246048" status="run">
		<properties>
			<property name="cmake_labels" value="countof_ns;default"/>
		</properties>
		<system-out>Ok 0 TU_ASSERT_AND_RETURN((d0)=0, ...) /Users/leo/soft/my/countof_ns/tests/unit/pos_vla_zla_00.h:pos_vla_zla_00.h:TU_UNIT for countof_ns.h:countof_ns() with C11&amp;VLA, C 201112L
</system-out>
	</testcase>
	<testcase name="pos_vla_zla_0n" classname="pos_vla_zla_0n" time="2.4421" status="fail">
		<failure message="Failed"/>
		<properties>
			<property name="cmake_labels" value="countof_ns;default"/>
		</properties>
		<system-out>Internal cmake changing into directory: /Users/leo/soft/my/countof_ns/build/Darwin_icc_icpc
Change Dir: '/Users/leo/soft/my/countof_ns/build/Darwin_icc_icpc'

Run Build Command(s): /opt/local/bin/gmake -f Makefile pos_vla_zla_0n
[  0%] Built target CounofNS
[ 50%] Building C object tests/unit/CMakeFiles/pos_vla_zla_0n.dir/tu_stub.c.o
In file included from /Users/leo/soft/my/countof_ns/tests/unit/tu_stub.h(106),
                 from /Users/leo/soft/my/countof_ns/tests/unit/tu_stub.c(5):
/Users/leo/soft/my/countof_ns/tests/unit/pos_vla_zla_0n.h(5): error: a type involving a variable length array is not allowed here
      TU_ASSERT_AND_RETURN(d0, TU_COUNTOF(a));
      ^

In file included from /Users/leo/soft/my/countof_ns/tests/unit/tu_stub.h(106),
                 from /Users/leo/soft/my/countof_ns/tests/unit/tu_stub.c(5):
/Users/leo/soft/my/countof_ns/tests/unit/pos_vla_zla_0n.h(5): error: a type involving a variable length array is not allowed here
      TU_ASSERT_AND_RETURN(d0, TU_COUNTOF(a));
      ^

In file included from /Users/leo/soft/my/countof_ns/tests/unit/tu_stub.h(106),
                 from /Users/leo/soft/my/countof_ns/tests/unit/tu_stub.c(5):
/Users/leo/soft/my/countof_ns/tests/unit/pos_vla_zla_0n.h(5): error: a type involving a variable length array is not allowed here
      TU_ASSERT_AND_RETURN(d0, TU_COUNTOF(a));
      ^

In file included from /Users/leo/soft/my/countof_ns/tests/unit/tu_stub.h(106),
                 from /Users/leo/soft/my/countof_ns/tests/unit/tu_stub.c(5):
/Users/leo/soft/my/countof_ns/tests/unit/pos_vla_zla_0n.h(5): error: a type involving a variable length array is not allowed here
      TU_ASSERT_AND_RETURN(d0, TU_COUNTOF(a));
      ^

In file included from /Users/leo/soft/my/countof_ns/tests/unit/tu_stub.h(106),
                 from /Users/leo/soft/my/countof_ns/tests/unit/tu_stub.c(5):
/Users/leo/soft/my/countof_ns/tests/unit/pos_vla_zla_0n.h(5): error: a type involving a variable length array is not allowed here
      TU_ASSERT_AND_RETURN(d0, TU_COUNTOF(a));
      ^

In file included from /Users/leo/soft/my/countof_ns/tests/unit/tu_stub.h(106),
                 from /Users/leo/soft/my/countof_ns/tests/unit/tu_stub.c(5):
/Users/leo/soft/my/countof_ns/tests/unit/pos_vla_zla_0n.h(5): error: a type involving a variable length array is not allowed here
      TU_ASSERT_AND_RETURN(d0, TU_COUNTOF(a));
      ^

compilation aborted for /Users/leo/soft/my/countof_ns/tests/unit/tu_stub.c (code 2)
gmake[3]: *** [tests/unit/CMakeFiles/pos_vla_zla_0n.dir/build.make:79: tests/unit/CMakeFiles/pos_vla_zla_0n.dir/tu_stub.c.o] Ошибка 2
gmake[2]: *** [CMakeFiles/Makefile2:1475: tests/unit/CMakeFiles/pos_vla_zla_0n.dir/all] Ошибка 2
gmake[1]: *** [CMakeFiles/Makefile2:1482: tests/unit/CMakeFiles/pos_vla_zla_0n.dir/rule] Ошибка 2
gmake: *** [Makefile:615: pos_vla_zla_0n] Ошибка 2

</system-out>
	</testcase>
	<testcase name="pos_vla_zla_0n_c11" classname="pos_vla_zla_0n_c11" time="0.260589" status="run">
		<properties>
			<property name="cmake_labels" value="countof_ns;default"/>
		</properties>
		<system-out>Ok 0 TU_ASSERT_AND_RETURN((d0)=0, ...) /Users/leo/soft/my/countof_ns/tests/unit/pos_vla_zla_0n.h:pos_vla_zla_0n.h:TU_UNIT for countof_ns.h:countof_ns() with C11&amp;VLA, C 201112L
</system-out>
	</testcase>
	<testcase name="pos_vla_zla_n0" classname="pos_vla_zla_n0" time="4.87813" status="fail">
		<failure message="Failed"/>
		<properties>
			<property name="cmake_labels" value="countof_ns;default"/>
		</properties>
		<system-out>Internal cmake changing into directory: /Users/leo/soft/my/countof_ns/build/Darwin_icc_icpc
Change Dir: '/Users/leo/soft/my/countof_ns/build/Darwin_icc_icpc'

Run Build Command(s): /opt/local/bin/gmake -f Makefile pos_vla_zla_n0
[  0%] Built target CounofNS
[ 50%] Building C object tests/unit/CMakeFiles/pos_vla_zla_n0.dir/tu_stub.c.o
[100%] Linking C executable pos_vla_zla_n0
-macosx_version_min has been renamed to -macos_version_min
ld: warning: -keep_dwarf_unwind is obsolete
ld: warning: ignoring duplicate libraries: '/opt/intel/oneapi/compiler/2021.1.1/mac/bin/intel64/../../compiler/lib/libsvml.a'
ld: warning: no platform load command found in '/Users/leo/soft/my/countof_ns/build/Darwin_icc_icpc/tests/unit/CMakeFiles/pos_vla_zla_n0.dir/tu_stub.c.o', assuming: macOS
ld: warning: no platform load command found in '/opt/intel/oneapi/compiler/2021.1.1/mac/bin/intel64/../../compiler/lib/libirc.a[4](irc_msg_support.o)', assuming: macOS
ld: warning: no platform load command found in '/opt/intel/oneapi/compiler/2021.1.1/mac/bin/intel64/../../compiler/lib/libirc.a[76](cpu_feature_disp.o)', assuming: macOS
ld: warning: no platform load command found in '/opt/intel/oneapi/compiler/2021.1.1/mac/bin/intel64/../../compiler/lib/libirc.a[95](proc_init_utils.o)', assuming: macOS
ld: warning: no platform load command found in '/opt/intel/oneapi/compiler/2021.1.1/mac/bin/intel64/../../compiler/lib/libirc.a[98](new_proc_init.o)', assuming: macOS
ld: warning: no platform load command found in '/opt/intel/oneapi/compiler/2021.1.1/mac/bin/intel64/../../compiler/lib/libirc.a[112](sse2_strlen.o)', assuming: macOS
ld: warning: no platform load command found in '/opt/intel/oneapi/compiler/2021.1.1/mac/bin/intel64/../../compiler/lib/libirc.a[113](sse2_strchr.o)', assuming: macOS
ld: warning: no platform load command found in '/opt/intel/oneapi/compiler/2021.1.1/mac/bin/intel64/../../compiler/lib/libirc.a[122](ssse3_strncpy.o)', assuming: macOS
[100%] Built target pos_vla_zla_n0

Running test command: "/Users/leo/soft/my/countof_ns/build/Darwin_icc_icpc/tests/unit/pos_vla_zla_n0"
Test command failed: /Users/leo/soft/my/countof_ns/build/Darwin_icc_icpc/tests/unit/pos_vla_zla_n0
Fail 0 desired=1 TU_ASSERT_AND_RETURN(((d1)), ...) /Users/leo/soft/my/countof_ns/tests/unit/pos_vla_zla_n0.h:pos_vla_zla_n0.h:TU_UNIT for countof_ns.h:countof_ns(), C 201112L

</system-out>
	</testcase>
	<testcase name="pos_vla_zla_n0_c11" classname="pos_vla_zla_n0_c11" time="4.86883" status="fail">
		<failure message="Failed"/>
		<properties>
			<property name="cmake_labels" value="countof_ns;default"/>
		</properties>
		<system-out>Internal cmake changing into directory: /Users/leo/soft/my/countof_ns/build/Darwin_icc_icpc
Change Dir: '/Users/leo/soft/my/countof_ns/build/Darwin_icc_icpc'

Run Build Command(s): /opt/local/bin/gmake -f Makefile pos_vla_zla_n0_c11
[  0%] Built target CounofNS
[ 50%] Building C object tests/unit/CMakeFiles/pos_vla_zla_n0_c11.dir/tu_stub.c.o
[100%] Linking C executable pos_vla_zla_n0_c11
-macosx_version_min has been renamed to -macos_version_min
ld: warning: -keep_dwarf_unwind is obsolete
ld: warning: ignoring duplicate libraries: '/opt/intel/oneapi/compiler/2021.1.1/mac/bin/intel64/../../compiler/lib/libsvml.a'
ld: warning: no platform load command found in '/Users/leo/soft/my/countof_ns/build/Darwin_icc_icpc/tests/unit/CMakeFiles/pos_vla_zla_n0_c11.dir/tu_stub.c.o', assuming: macOS
ld: warning: no platform load command found in '/opt/intel/oneapi/compiler/2021.1.1/mac/bin/intel64/../../compiler/lib/libirc.a[4](irc_msg_support.o)', assuming: macOS
ld: warning: no platform load command found in '/opt/intel/oneapi/compiler/2021.1.1/mac/bin/intel64/../../compiler/lib/libirc.a[76](cpu_feature_disp.o)', assuming: macOS
ld: warning: no platform load command found in '/opt/intel/oneapi/compiler/2021.1.1/mac/bin/intel64/../../compiler/lib/libirc.a[95](proc_init_utils.o)', assuming: macOS
ld: warning: no platform load command found in '/opt/intel/oneapi/compiler/2021.1.1/mac/bin/intel64/../../compiler/lib/libirc.a[98](new_proc_init.o)', assuming: macOS
ld: warning: no platform load command found in '/opt/intel/oneapi/compiler/2021.1.1/mac/bin/intel64/../../compiler/lib/libirc.a[112](sse2_strlen.o)', assuming: macOS
ld: warning: no platform load command found in '/opt/intel/oneapi/compiler/2021.1.1/mac/bin/intel64/../../compiler/lib/libirc.a[113](sse2_strchr.o)', assuming: macOS
ld: warning: no platform load command found in '/opt/intel/oneapi/compiler/2021.1.1/mac/bin/intel64/../../compiler/lib/libirc.a[122](ssse3_strncpy.o)', assuming: macOS
[100%] Built target pos_vla_zla_n0_c11

Running test command: "/Users/leo/soft/my/countof_ns/build/Darwin_icc_icpc/tests/unit/pos_vla_zla_n0_c11"
Test command failed: /Users/leo/soft/my/countof_ns/build/Darwin_icc_icpc/tests/unit/pos_vla_zla_n0_c11
Fail 0 desired=1 TU_ASSERT_AND_RETURN(((d1)), ...) /Users/leo/soft/my/countof_ns/tests/unit/pos_vla_zla_n0.h:pos_vla_zla_n0.h:TU_UNIT for countof_ns.h:countof_ns() with C11&amp;VLA, C 201112L

</system-out>
	</testcase>
	<testcase name="pos_zla_00" classname="pos_zla_00" time="0.251511" status="run">
		<properties>
			<property name="cmake_labels" value="countof_ns;default"/>
		</properties>
		<system-out>Ok 0 TU_STATIC_ASSERT_AND_RETURN((0)=0, ...) /Users/leo/soft/my/countof_ns/tests/unit/pos_zla_00.h:pos_zla_00.h:TU_UNIT for countof_ns.h:countof_ns(), C 201112L
</system-out>
	</testcase>
	<testcase name="pos_zla_00_c11" classname="pos_zla_00_c11" time="0.252177" status="run">
		<properties>
			<property name="cmake_labels" value="countof_ns;default"/>
		</properties>
		<system-out>Ok 0 TU_STATIC_ASSERT_AND_RETURN((0)=0, ...) /Users/leo/soft/my/countof_ns/tests/unit/pos_zla_00.h:pos_zla_00.h:TU_UNIT for countof_ns.h:countof_ns() with C11&amp;VLA, C 201112L
</system-out>
	</testcase>
	<testcase name="pos_zla_0n" classname="pos_zla_0n" time="0.243833" status="run">
		<properties>
			<property name="cmake_labels" value="countof_ns;default"/>
		</properties>
		<system-out>Ok 0 TU_STATIC_ASSERT_AND_RETURN((0)=0, ...) /Users/leo/soft/my/countof_ns/tests/unit/pos_zla_0n.h:pos_zla_0n.h:TU_UNIT for countof_ns.h:countof_ns(), C 201112L
</system-out>
	</testcase>
	<testcase name="pos_zla_0n_c11" classname="pos_zla_0n_c11" time="0.258344" status="run">
		<properties>
			<property name="cmake_labels" value="countof_ns;default"/>
		</properties>
		<system-out>Ok 0 TU_STATIC_ASSERT_AND_RETURN((0)=0, ...) /Users/leo/soft/my/countof_ns/tests/unit/pos_zla_0n.h:pos_zla_0n.h:TU_UNIT for countof_ns.h:countof_ns() with C11&amp;VLA, C 201112L
</system-out>
	</testcase>
	<testcase name="pos_zla_n0" classname="pos_zla_n0" time="2.47238" status="fail">
		<failure message="Failed"/>
		<properties>
			<property name="cmake_labels" value="countof_ns;default"/>
		</properties>
		<system-out>Internal cmake changing into directory: /Users/leo/soft/my/countof_ns/build/Darwin_icc_icpc
Change Dir: '/Users/leo/soft/my/countof_ns/build/Darwin_icc_icpc'

Run Build Command(s): /opt/local/bin/gmake -f Makefile pos_zla_n0
[  0%] Built target CounofNS
[ 50%] Building C object tests/unit/CMakeFiles/pos_zla_n0.dir/tu_stub.c.o
In file included from /Users/leo/soft/my/countof_ns/tests/unit/tu_stub.h(106),
                 from /Users/leo/soft/my/countof_ns/tests/unit/tu_stub.c(5):
/Users/leo/soft/my/countof_ns/tests/unit/pos_zla_n0.h(4): error: static assertion failed with "(1) == ((((!sizeof(*(b)) ? 0 : sizeof(b)/( sizeof(*(b)) ? sizeof(*(b)) : (size_t)-1 )) + ((size_t)!sizeof(char[_Generic(&amp;(b), __typeof__(*(b)) (*)[(!sizeof(*(b)) ? 0 : sizeof(b)/( sizeof(*(b)) ? sizeof(*(b)) : (size_t)-1 ))]: 1, default: -1)])))))"
      TU_STATIC_ASSERT_AND_RETURN(1, TU_COUNTOF(b));
      ^

compilation aborted for /Users/leo/soft/my/countof_ns/tests/unit/tu_stub.c (code 2)
gmake[3]: *** [tests/unit/CMakeFiles/pos_zla_n0.dir/build.make:79: tests/unit/CMakeFiles/pos_zla_n0.dir/tu_stub.c.o] Ошибка 2
gmake[2]: *** [CMakeFiles/Makefile2:1731: tests/unit/CMakeFiles/pos_zla_n0.dir/all] Ошибка 2
gmake[1]: *** [CMakeFiles/Makefile2:1738: tests/unit/CMakeFiles/pos_zla_n0.dir/rule] Ошибка 2
gmake: *** [Makefile:719: pos_zla_n0] Ошибка 2

</system-out>
	</testcase>
	<testcase name="pos_zla_n0_c11" classname="pos_zla_n0_c11" time="2.46146" status="fail">
		<failure message="Failed"/>
		<properties>
			<property name="cmake_labels" value="countof_ns;default"/>
		</properties>
		<system-out>Internal cmake changing into directory: /Users/leo/soft/my/countof_ns/build/Darwin_icc_icpc
Change Dir: '/Users/leo/soft/my/countof_ns/build/Darwin_icc_icpc'

Run Build Command(s): /opt/local/bin/gmake -f Makefile pos_zla_n0_c11
[  0%] Built target CounofNS
[  0%] Building C object tests/unit/CMakeFiles/pos_zla_n0_c11.dir/tu_stub.c.o
In file included from /Users/leo/soft/my/countof_ns/tests/unit/tu_stub.h(106),
                 from /Users/leo/soft/my/countof_ns/tests/unit/tu_stub.c(5):
/Users/leo/soft/my/countof_ns/tests/unit/pos_zla_n0.h(4): error: static assertion failed with "(1) == ((((!sizeof(*(b)) ? 0 : sizeof(b)/( sizeof(*(b)) ? sizeof(*(b)) : (size_t)-1 )) + (0*sizeof( (__typeof__(b) **)&amp;(b) - (__typeof__(*(b))(**)[(!sizeof(*(b)) ? 0 : sizeof(b)/( sizeof(*(b)) ? sizeof(*(b)) : (size_t)-1 ))])&amp;(b))))))"
      TU_STATIC_ASSERT_AND_RETURN(1, TU_COUNTOF(b));
      ^

compilation aborted for /Users/leo/soft/my/countof_ns/tests/unit/tu_stub.c (code 2)
gmake[3]: *** [tests/unit/CMakeFiles/pos_zla_n0_c11.dir/build.make:79: tests/unit/CMakeFiles/pos_zla_n0_c11.dir/tu_stub.c.o] Ошибка 2
gmake[2]: *** [CMakeFiles/Makefile2:1763: tests/unit/CMakeFiles/pos_zla_n0_c11.dir/all] Ошибка 2
gmake[1]: *** [CMakeFiles/Makefile2:1770: tests/unit/CMakeFiles/pos_zla_n0_c11.dir/rule] Ошибка 2
gmake: *** [Makefile:732: pos_zla_n0_c11] Ошибка 2

</system-out>
	</testcase>
	<testcase name="neg__selftest" classname="neg__selftest" time="2.4361" status="run">
		<properties>
			<property name="cmake_labels" value="countof_ns;default"/>
		</properties>
		<system-out>[  0%] Built target CounofNS
[ 50%] Building C object tests/unit/CMakeFiles/neg__selftest.dir/tu_stub.c.o
In file included from /Users/leo/soft/my/countof_ns/tests/unit/tu_stub.h(106),
                 from /Users/leo/soft/my/countof_ns/tests/unit/tu_stub.c(5):
/Users/leo/soft/my/countof_ns/tests/unit/neg__selftest.h(12): error: static assertion failed with "0"
          tu_static_assert(0);
          ^

compilation aborted for /Users/leo/soft/my/countof_ns/tests/unit/tu_stub.c (code 2)
gmake[3]: *** [tests/unit/CMakeFiles/neg__selftest.dir/build.make:79: tests/unit/CMakeFiles/neg__selftest.dir/tu_stub.c.o] Ошибка 2
gmake[2]: *** [CMakeFiles/Makefile2:1795: tests/unit/CMakeFiles/neg__selftest.dir/all] Ошибка 2
gmake[1]: *** [CMakeFiles/Makefile2:1802: tests/unit/CMakeFiles/neg__selftest.dir/rule] Ошибка 2
gmake: *** [Makefile:745: neg__selftest] Ошибка 2
</system-out>
	</testcase>
	<testcase name="neg__selftest_0_fail" classname="neg__selftest_0_fail" time="0.0421627" status="notrun">
		<skipped message="SKIP_RETURN_CODE=42"/>
		<properties>
			<property name="cmake_labels" value="countof_ns;default"/>
		</properties>
		<system-out></system-out>
	</testcase>
	<testcase name="neg__selftest_c11" classname="neg__selftest_c11" time="2.49632" status="run">
		<properties>
			<property name="cmake_labels" value="countof_ns;default"/>
		</properties>
		<system-out>[  0%] Built target CounofNS
[ 50%] Building C object tests/unit/CMakeFiles/neg__selftest_c11.dir/tu_stub.c.o
In file included from /Users/leo/soft/my/countof_ns/tests/unit/tu_stub.h(106),
                 from /Users/leo/soft/my/countof_ns/tests/unit/tu_stub.c(5):
/Users/leo/soft/my/countof_ns/tests/unit/neg__selftest.h(12): error: static assertion failed with "0"
          tu_static_assert(0);
          ^

compilation aborted for /Users/leo/soft/my/countof_ns/tests/unit/tu_stub.c (code 2)
gmake[3]: *** [tests/unit/CMakeFiles/neg__selftest_c11.dir/build.make:79: tests/unit/CMakeFiles/neg__selftest_c11.dir/tu_stub.c.o] Ошибка 2
gmake[2]: *** [CMakeFiles/Makefile2:1827: tests/unit/CMakeFiles/neg__selftest_c11.dir/all] Ошибка 2
gmake[1]: *** [CMakeFiles/Makefile2:1834: tests/unit/CMakeFiles/neg__selftest_c11.dir/rule] Ошибка 2
gmake: *** [Makefile:758: neg__selftest_c11] Ошибка 2
</system-out>
	</testcase>
	<testcase name="neg__selftest_c11_0_fail" classname="neg__selftest_c11_0_fail" time="0.041329" status="notrun">
		<skipped message="SKIP_RETURN_CODE=42"/>
		<properties>
			<property name="cmake_labels" value="countof_ns;default"/>
		</properties>
		<system-out></system-out>
	</testcase>
	<testcase name="neg_cv_ptr" classname="neg_cv_ptr" time="2.46282" status="run">
		<properties>
			<property name="cmake_labels" value="countof_ns;default"/>
		</properties>
		<system-out>[  0%] Built target CounofNS
[  0%] Building C object tests/unit/CMakeFiles/neg_cv_ptr.dir/tu_stub.c.o
In file included from /Users/leo/soft/my/countof_ns/tests/unit/tu_stub.h(106),
                 from /Users/leo/soft/my/countof_ns/tests/unit/tu_stub.c(5):
/Users/leo/soft/my/countof_ns/tests/unit/neg_cv_ptr.h(4): error: the size of an array must be greater than zero
      return TU_COUNTOF(p);
             ^

compilation aborted for /Users/leo/soft/my/countof_ns/tests/unit/tu_stub.c (code 2)
gmake[3]: *** [tests/unit/CMakeFiles/neg_cv_ptr.dir/build.make:79: tests/unit/CMakeFiles/neg_cv_ptr.dir/tu_stub.c.o] Ошибка 2
gmake[2]: *** [CMakeFiles/Makefile2:1859: tests/unit/CMakeFiles/neg_cv_ptr.dir/all] Ошибка 2
gmake[1]: *** [CMakeFiles/Makefile2:1866: tests/unit/CMakeFiles/neg_cv_ptr.dir/rule] Ошибка 2
gmake: *** [Makefile:771: neg_cv_ptr] Ошибка 2
</system-out>
	</testcase>
	<testcase name="neg_cv_ptr_0_fail" classname="neg_cv_ptr_0_fail" time="0.041831" status="notrun">
		<skipped message="SKIP_RETURN_CODE=42"/>
		<properties>
			<property name="cmake_labels" value="countof_ns;default"/>
		</properties>
		<system-out></system-out>
	</testcase>
	<testcase name="neg_cv_ptr_c11" classname="neg_cv_ptr_c11" time="4.66398" status="fail">
		<failure message="Failed"/>
		<properties>
			<property name="cmake_labels" value="countof_ns;default"/>
		</properties>
		<system-out>[  0%] Built target CounofNS
[ 50%] Building C object tests/unit/CMakeFiles/neg_cv_ptr_c11.dir/tu_stub.c.o
In file included from /Users/leo/soft/my/countof_ns/tests/unit/tu_stub.h(106),
                 from /Users/leo/soft/my/countof_ns/tests/unit/tu_stub.c(5):
/Users/leo/soft/my/countof_ns/tests/unit/neg_cv_ptr.h(4): warning #42: operand types are incompatible ("const volatile int ***" and "int (**)[&lt;expression&gt;]")
      return TU_COUNTOF(p);
             ^

In file included from /Users/leo/soft/my/countof_ns/tests/unit/tu_stub.h(106),
                 from /Users/leo/soft/my/countof_ns/tests/unit/tu_stub.c(5):
/Users/leo/soft/my/countof_ns/tests/unit/neg_cv_ptr.h(4): warning #1121: subtraction of pointer types "const volatile int ***" and "int (**)[&lt;expression&gt;]" is nonstandard
      return TU_COUNTOF(p);
             ^

[100%] Linking C executable neg_cv_ptr_c11
-macosx_version_min has been renamed to -macos_version_min
ld: warning: -keep_dwarf_unwind is obsolete
ld: warning: ignoring duplicate libraries: '/opt/intel/oneapi/compiler/2021.1.1/mac/bin/intel64/../../compiler/lib/libsvml.a'
ld: warning: no platform load command found in '/Users/leo/soft/my/countof_ns/build/Darwin_icc_icpc/tests/unit/CMakeFiles/neg_cv_ptr_c11.dir/tu_stub.c.o', assuming: macOS
ld: warning: no platform load command found in '/opt/intel/oneapi/compiler/2021.1.1/mac/bin/intel64/../../compiler/lib/libirc.a[4](irc_msg_support.o)', assuming: macOS
ld: warning: no platform load command found in '/opt/intel/oneapi/compiler/2021.1.1/mac/bin/intel64/../../compiler/lib/libirc.a[76](cpu_feature_disp.o)', assuming: macOS
ld: warning: no platform load command found in '/opt/intel/oneapi/compiler/2021.1.1/mac/bin/intel64/../../compiler/lib/libirc.a[95](proc_init_utils.o)', assuming: macOS
ld: warning: no platform load command found in '/opt/intel/oneapi/compiler/2021.1.1/mac/bin/intel64/../../compiler/lib/libirc.a[98](new_proc_init.o)', assuming: macOS
ld: warning: no platform load command found in '/opt/intel/oneapi/compiler/2021.1.1/mac/bin/intel64/../../compiler/lib/libirc.a[112](sse2_strlen.o)', assuming: macOS
ld: warning: no platform load command found in '/opt/intel/oneapi/compiler/2021.1.1/mac/bin/intel64/../../compiler/lib/libirc.a[113](sse2_strchr.o)', assuming: macOS
ld: warning: no platform load command found in '/opt/intel/oneapi/compiler/2021.1.1/mac/bin/intel64/../../compiler/lib/libirc.a[122](ssse3_strncpy.o)', assuming: macOS
[100%] Built target neg_cv_ptr_c11
</system-out>
	</testcase>
	<testcase name="neg_cv_ptr_c11_0_fail" classname="neg_cv_ptr_c11_0_fail" time="0.298603" status="fail">
		<failure message="Failed"/>
		<properties>
			<property name="cmake_labels" value="countof_ns;default"/>
		</properties>
		<system-out>Fail 2 desired=0 main(0, ...) /Users/leo/soft/my/countof_ns/tests/unit/tu_stub.c:neg_cv_ptr.h:TU_UNIT for countof_ns.h:countof_ns() with C11&amp;VLA, C 201112L
</system-out>
	</testcase>
	<testcase name="neg_other" classname="neg_other" time="2.44478" status="run">
		<properties>
			<property name="cmake_labels" value="countof_ns;default"/>
		</properties>
		<system-out>[  0%] Built target CounofNS
[100%] Building C object tests/unit/CMakeFiles/neg_other.dir/tu_stub.c.o
In file included from /Users/leo/soft/my/countof_ns/tests/unit/tu_stub.h(106),
                 from /Users/leo/soft/my/countof_ns/tests/unit/tu_stub.c(5):
/Users/leo/soft/my/countof_ns/tests/unit/neg_other.h(4): error: operand of "*" must be a pointer
      return TU_COUNTOF(i);
             ^

In file included from /Users/leo/soft/my/countof_ns/tests/unit/tu_stub.h(106),
                 from /Users/leo/soft/my/countof_ns/tests/unit/tu_stub.c(5):
/Users/leo/soft/my/countof_ns/tests/unit/neg_other.h(4): error: operand of "*" must be a pointer
      return TU_COUNTOF(i);
             ^

In file included from /Users/leo/soft/my/countof_ns/tests/unit/tu_stub.h(106),
                 from /Users/leo/soft/my/countof_ns/tests/unit/tu_stub.c(5):
/Users/leo/soft/my/countof_ns/tests/unit/neg_other.h(4): error: operand of "*" must be a pointer
      return TU_COUNTOF(i);
             ^

In file included from /Users/le...
[This part of the test output was removed since it exceeds the threshold of 1024 bytes.]
</system-out>
	</testcase>
	<testcase name="neg_other_0_fail" classname="neg_other_0_fail" time="0.0418052" status="notrun">
		<skipped message="SKIP_RETURN_CODE=42"/>
		<properties>
			<property name="cmake_labels" value="countof_ns;default"/>
		</properties>
		<system-out></system-out>
	</testcase>
	<testcase name="neg_other_c11" classname="neg_other_c11" time="2.4744" status="run">
		<properties>
			<property name="cmake_labels" value="countof_ns;default"/>
		</properties>
		<system-out>[  0%] Built target CounofNS
[ 50%] Building C object tests/unit/CMakeFiles/neg_other_c11.dir/tu_stub.c.o
In file included from /Users/leo/soft/my/countof_ns/tests/unit/tu_stub.h(106),
                 from /Users/leo/soft/my/countof_ns/tests/unit/tu_stub.c(5):
/Users/leo/soft/my/countof_ns/tests/unit/neg_other.h(4): error: operand of "*" must be a pointer
      return TU_COUNTOF(i);
             ^

In file included from /Users/leo/soft/my/countof_ns/tests/unit/tu_stub.h(106),
                 from /Users/leo/soft/my/countof_ns/tests/unit/tu_stub.c(5):
/Users/leo/soft/my/countof_ns/tests/unit/neg_other.h(4): error: operand of "*" must be a pointer
      return TU_COUNTOF(i);
             ^

In file included from /Users/leo/soft/my/countof_ns/tests/unit/tu_stub.h(106),
                 from /Users/leo/soft/my/countof_ns/tests/unit/tu_stub.c(5):
/Users/leo/soft/my/countof_ns/tests/unit/neg_other.h(4): error: operand of "*" must be a pointer
      return TU_COUNTOF(i);
             ^

In file included from /User...
[This part of the test output was removed since it exceeds the threshold of 1024 bytes.]
</system-out>
	</testcase>
	<testcase name="neg_other_c11_0_fail" classname="neg_other_c11_0_fail" time="0.0418553" status="notrun">
		<skipped message="SKIP_RETURN_CODE=42"/>
		<properties>
			<property name="cmake_labels" value="countof_ns;default"/>
		</properties>
		<system-out></system-out>
	</testcase>
	<testcase name="neg_ptr" classname="neg_ptr" time="2.39624" status="run">
		<properties>
			<property name="cmake_labels" value="countof_ns;default"/>
		</properties>
		<system-out>[  0%] Built target CounofNS
[ 50%] Building C object tests/unit/CMakeFiles/neg_ptr.dir/tu_stub.c.o
In file included from /Users/leo/soft/my/countof_ns/tests/unit/tu_stub.h(106),
                 from /Users/leo/soft/my/countof_ns/tests/unit/tu_stub.c(5):
/Users/leo/soft/my/countof_ns/tests/unit/neg_ptr.h(6): error: the size of an array must be greater than zero
             TU_COUNTOF(p));  // TODO
             ^

In file included from /Users/leo/soft/my/countof_ns/tests/unit/tu_stub.h(106),
                 from /Users/leo/soft/my/countof_ns/tests/unit/tu_stub.c(5):
/Users/leo/soft/my/countof_ns/tests/unit/neg_ptr.h(7): error: the size of an array must be greater than zero
      return TU_COUNTOF(p);
             ^

compilation aborted for /Users/leo/soft/my/countof_ns/tests/unit/tu_stub.c (code 2)
gmake[3]: *** [tests/unit/CMakeFiles/neg_ptr.dir/build.make:79: tests/unit/CMakeFiles/neg_ptr.dir/tu_stub.c.o] Ошибка 2
gmake[2]: *** [CMakeFiles/Makefile2:1987: tests/unit/CMakeFiles/neg_ptr.dir/all] Ош...
[This part of the test output was removed since it exceeds the threshold of 1024 bytes.]
</system-out>
	</testcase>
	<testcase name="neg_ptr_0_fail" classname="neg_ptr_0_fail" time="0.0411395" status="notrun">
		<skipped message="SKIP_RETURN_CODE=42"/>
		<properties>
			<property name="cmake_labels" value="countof_ns;default"/>
		</properties>
		<system-out></system-out>
	</testcase>
	<testcase name="neg_ptr_c11" classname="neg_ptr_c11" time="4.57629" status="fail">
		<failure message="Failed"/>
		<properties>
			<property name="cmake_labels" value="countof_ns;default"/>
		</properties>
		<system-out>[  0%] Built target CounofNS
[100%] Building C object tests/unit/CMakeFiles/neg_ptr_c11.dir/tu_stub.c.o
In file included from /Users/leo/soft/my/countof_ns/tests/unit/tu_stub.h(106),
                 from /Users/leo/soft/my/countof_ns/tests/unit/tu_stub.c(5):
/Users/leo/soft/my/countof_ns/tests/unit/neg_ptr.h(6): warning #42: operand types are incompatible ("int ***" and "int (**)[&lt;expression&gt;]")
             TU_COUNTOF(p));  // TODO
             ^

In file included from /Users/leo/soft/my/countof_ns/tests/unit/tu_stub.h(106),
                 from /Users/leo/soft/my/countof_ns/tests/unit/tu_stub.c(5):
/Users/leo/soft/my/countof_ns/tests/unit/neg_ptr.h(6): warning #1121: subtraction of pointer types "int ***" and "int (**)[&lt;expression&gt;]" is nonstandard
             TU_COUNTOF(p));  // TODO
             ^

In file included from /Users/leo/soft/my/countof_ns/tests/unit/tu_stub.h(106),
                 from /Users/leo/soft/my/countof_ns/tests/unit/tu_stub.c(5):
/Users/leo/soft/my/countof_ns/tests/unit/neg_ptr.h(7): warning #42: operand types are incompatible ("int ***" and "int (**)[&lt;expression&gt;]")
      return TU_COUNTOF(p);
             ^

In file included from /Users/leo/soft/my/countof_ns/tests/unit/tu_stub.h(106),
                 from /Users/leo/soft/my/countof_ns/tests/unit/tu_stub.c(5):
/Users/leo/soft/my/countof_ns/tests/unit/neg_ptr.h(7): warning #1121: subtraction of pointer types "int ***" and "int (**)[&lt;expression&gt;]" is nonstandard
      return TU_COUNTOF(p);
             ^

[100%] Linking C executable neg_ptr_c11
-macosx_version_min has been renamed to -macos_version_min
ld: warning: -keep_dwarf_unwind is obsolete
ld: warning: ignoring duplicate libraries: '/opt/intel/oneapi/compiler/2021.1.1/mac/bin/intel64/../../compiler/lib/libsvml.a'
ld: warning: no platform load command found in '/Users/leo/soft/my/countof_ns/build/Darwin_icc_icpc/tests/unit/CMakeFiles/neg_ptr_c11.dir/tu_stub.c.o', assuming: macOS
ld: warning: no platform load command found in '/opt/intel/oneapi/compiler/2021.1.1/mac/bin/intel64/../../compiler/lib/libirc.a[4](irc_msg_support.o)', assuming: macOS
ld: warning: no platform load command found in '/opt/intel/oneapi/compiler/2021.1.1/mac/bin/intel64/../../compiler/lib/libirc.a[76](cpu_feature_disp.o)', assuming: macOS
ld: warning: no platform load command found in '/opt/intel/oneapi/compiler/2021.1.1/mac/bin/intel64/../../compiler/lib/libirc.a[95](proc_init_utils.o)', assuming: macOS
ld: warning: no platform load command found in '/opt/intel/oneapi/compiler/2021.1.1/mac/bin/intel64/../../compiler/lib/libirc.a[98](new_proc_init.o)', assuming: macOS
ld: warning: no platform load command found in '/opt/intel/oneapi/compiler/2021.1.1/mac/bin/intel64/../../compiler/lib/libirc.a[112](sse2_strlen.o)', assuming: macOS
ld: warning: no platform load command found in '/opt/intel/oneapi/compiler/2021.1.1/mac/bin/intel64/../../compiler/lib/libirc.a[113](sse2_strchr.o)', assuming: macOS
ld: warning: no platform load command found in '/opt/intel/oneapi/compiler/2021.1.1/mac/bin/intel64/../../compiler/lib/libirc.a[122](ssse3_strncpy.o)', assuming: macOS
[100%] Built target neg_ptr_c11
</system-out>
	</testcase>
	<testcase name="neg_ptr_c11_0_fail" classname="neg_ptr_c11_0_fail" time="0.305689" status="fail">
		<failure message="Failed"/>
		<properties>
			<property name="cmake_labels" value="countof_ns;default"/>
		</properties>
		<system-out>Debug /Users/leo/soft/my/countof_ns/tests/unit/neg_ptr.h:3:TU_UNIT
Debug /Users/leo/soft/my/countof_ns/tests/unit/neg_ptr.h:5:TU_UNIT TU_COUNTOF(p)=2 
Fail 2 desired=0 main(0, ...) /Users/leo/soft/my/countof_ns/tests/unit/tu_stub.c:neg_ptr.h:TU_UNIT for countof_ns.h:countof_ns() with C11&amp;VLA, C 201112L
</system-out>
	</testcase>
	<testcase name="neg_vla_ptr" classname="neg_vla_ptr" time="2.44346" status="run">
		<properties>
			<property name="cmake_labels" value="countof_ns;default"/>
		</properties>
		<system-out>[  0%] Built target CounofNS
[ 50%] Building C object tests/unit/CMakeFiles/neg_vla_ptr.dir/tu_stub.c.o
In file included from /Users/leo/soft/my/countof_ns/tests/unit/tu_stub.h(106),
                 from /Users/leo/soft/my/countof_ns/tests/unit/tu_stub.c(5):
/Users/leo/soft/my/countof_ns/tests/unit/neg_vla_ptr.h(6): error: a type involving a variable length array is not allowed here
      return TU_COUNTOF(p);
             ^

compilation aborted for /Users/leo/soft/my/countof_ns/tests/unit/tu_stub.c (code 2)
gmake[3]: *** [tests/unit/CMakeFiles/neg_vla_ptr.dir/build.make:79: tests/unit/CMakeFiles/neg_vla_ptr.dir/tu_stub.c.o] Ошибка 2
gmake[2]: *** [CMakeFiles/Makefile2:2051: tests/unit/CMakeFiles/neg_vla_ptr.dir/all] Ошибка 2
gmake[1]: *** [CMakeFiles/Makefile2:2058: tests/unit/CMakeFiles/neg_vla_ptr.dir/rule] Ошибка 2
gmake: *** [Makefile:849: neg_vla_ptr] Ошибка 2
</system-out>
	</testcase>
	<testcase name="neg_vla_ptr_0_fail" classname="neg_vla_ptr_0_fail" time="0.0411868" status="notrun">
		<skipped message="SKIP_RETURN_CODE=42"/>
		<properties>
			<property name="cmake_labels" value="countof_ns;default"/>
		</properties>
		<system-out></system-out>
	</testcase>
	<testcase name="neg_vla_ptr_c11" classname="neg_vla_ptr_c11" time="4.6186" status="fail">
		<failure message="Failed"/>
		<properties>
			<property name="cmake_labels" value="countof_ns;default"/>
		</properties>
		<system-out>[  0%] Built target CounofNS
[ 50%] Building C object tests/unit/CMakeFiles/neg_vla_ptr_c11.dir/tu_stub.c.o
In file included from /Users/leo/soft/my/countof_ns/tests/unit/tu_stub.h(106),
                 from /Users/leo/soft/my/countof_ns/tests/unit/tu_stub.c(5):
/Users/leo/soft/my/countof_ns/tests/unit/neg_vla_ptr.h(6): warning #42: operand types are incompatible ("int (***)[d0]" and "int (**)[&lt;expression&gt;][d0]")
      return TU_COUNTOF(p);
             ^

In file included from /Users/leo/soft/my/countof_ns/tests/unit/tu_stub.h(106),
                 from /Users/leo/soft/my/countof_ns/tests/unit/tu_stub.c(5):
/Users/leo/soft/my/countof_ns/tests/unit/neg_vla_ptr.h(6): warning #1121: subtraction of pointer types "int (***)[d0]" and "int (**)[&lt;expression&gt;][d0]" is nonstandard
      return TU_COUNTOF(p);
             ^

[100%] Linking C executable neg_vla_ptr_c11
-macosx_version_min has been renamed to -macos_version_min
ld: warning: -keep_dwarf_unwind is obsolete
ld: warning: ignoring duplicate libraries: '/opt/intel/oneapi/compiler/2021.1.1/mac/bin/intel64/../../compiler/lib/libsvml.a'
ld: warning: no platform load command found in '/Users/leo/soft/my/countof_ns/build/Darwin_icc_icpc/tests/unit/CMakeFiles/neg_vla_ptr_c11.dir/tu_stub.c.o', assuming: macOS
ld: warning: no platform load command found in '/opt/intel/oneapi/compiler/2021.1.1/mac/bin/intel64/../../compiler/lib/libirc.a[4](irc_msg_support.o)', assuming: macOS
ld: warning: no platform load command found in '/opt/intel/oneapi/compiler/2021.1.1/mac/bin/intel64/../../compiler/lib/libirc.a[76](cpu_feature_disp.o)', assuming: macOS
ld: warning: no platform load command found in '/opt/intel/oneapi/compiler/2021.1.1/mac/bin/intel64/../../compiler/lib/libirc.a[95](proc_init_utils.o)', assuming: macOS
ld: warning: no platform load command found in '/opt/intel/oneapi/compiler/2021.1.1/mac/bin/intel64/../../compiler/lib/libirc.a[98](new_proc_init.o)', assuming: macOS
ld: warning: no platform load command found in '/opt/intel/oneapi/compiler/2021.1.1/mac/bin/intel64/../../compiler/lib/libirc.a[112](sse2_strlen.o)', assuming: macOS
ld: warning: no platform load command found in '/opt/intel/oneapi/compiler/2021.1.1/mac/bin/intel64/../../compiler/lib/libirc.a[113](sse2_strchr.o)', assuming: macOS
ld: warning: no platform load command found in '/opt/intel/oneapi/compiler/2021.1.1/mac/bin/intel64/../../compiler/lib/libirc.a[122](ssse3_strncpy.o)', assuming: macOS
[100%] Built target neg_vla_ptr_c11
</system-out>
	</testcase>
	<testcase name="neg_vla_ptr_c11_0_fail" classname="neg_vla_ptr_c11_0_fail" time="0.319572" status="fail">
		<failure message="Failed"/>
		<properties>
			<property name="cmake_labels" value="countof_ns;default"/>
		</properties>
		<system-out>Fail 2 desired=0 main(0, ...) /Users/leo/soft/my/countof_ns/tests/unit/tu_stub.c:neg_vla_ptr.h:TU_UNIT for countof_ns.h:countof_ns() with C11&amp;VLA, C 201112L
</system-out>
	</testcase>
	<testcase name="neg_vla_zla_ptr" classname="neg_vla_zla_ptr" time="2.48293" status="run">
		<properties>
			<property name="cmake_labels" value="countof_ns;default"/>
		</properties>
		<system-out>[  0%] Built target CounofNS
[  0%] Building C object tests/unit/CMakeFiles/neg_vla_zla_ptr.dir/tu_stub.c.o
In file included from /Users/leo/soft/my/countof_ns/tests/unit/tu_stub.h(106),
                 from /Users/leo/soft/my/countof_ns/tests/unit/tu_stub.c(5):
/Users/leo/soft/my/countof_ns/tests/unit/neg_vla_zla_ptr.h(6): error: a type involving a variable length array is not allowed here
      return TU_COUNTOF(p);
             ^

compilation aborted for /Users/leo/soft/my/countof_ns/tests/unit/tu_stub.c (code 2)
gmake[3]: *** [tests/unit/CMakeFiles/neg_vla_zla_ptr.dir/build.make:79: tests/unit/CMakeFiles/neg_vla_zla_ptr.dir/tu_stub.c.o] Ошибка 2
gmake[2]: *** [CMakeFiles/Makefile2:2115: tests/unit/CMakeFiles/neg_vla_zla_ptr.dir/all] Ошибка 2
gmake[1]: *** [CMakeFiles/Makefile2:2122: tests/unit/CMakeFiles/neg_vla_zla_ptr.dir/rule] Ошибка 2
gmake: *** [Makefile:875: neg_vla_zla_ptr] Ошибка 2
</system-out>
	</testcase>
	<testcase name="neg_vla_zla_ptr_0_fail" classname="neg_vla_zla_ptr_0_fail" time="0.0412952" status="notrun">
		<skipped message="SKIP_RETURN_CODE=42"/>
		<properties>
			<property name="cmake_labels" value="countof_ns;default"/>
		</properties>
		<system-out></system-out>
	</testcase>
	<testcase name="neg_vla_zla_ptr_c11" classname="neg_vla_zla_ptr_c11" time="4.63278" status="fail">
		<failure message="Failed"/>
		<properties>
			<property name="cmake_labels" value="countof_ns;default"/>
		</properties>
		<system-out>[  0%] Built target CounofNS
[ 50%] Building C object tests/unit/CMakeFiles/neg_vla_zla_ptr_c11.dir/tu_stub.c.o
In file included from /Users/leo/soft/my/countof_ns/tests/unit/tu_stub.h(106),
                 from /Users/leo/soft/my/countof_ns/tests/unit/tu_stub.c(5):
/Users/leo/soft/my/countof_ns/tests/unit/neg_vla_zla_ptr.h(6): warning #42: operand types are incompatible ("int (***)[d0][0]" and "int (**)[&lt;expression&gt;][d0][0]")
      return TU_COUNTOF(p);
             ^

In file included from /Users/leo/soft/my/countof_ns/tests/unit/tu_stub.h(106),
                 from /Users/leo/soft/my/countof_ns/tests/unit/tu_stub.c(5):
/Users/leo/soft/my/countof_ns/tests/unit/neg_vla_zla_ptr.h(6): warning #1121: subtraction of pointer types "int (***)[d0][0]" and "int (**)[&lt;expression&gt;][d0][0]" is nonstandard
      return TU_COUNTOF(p);
             ^

[100%] Linking C executable neg_vla_zla_ptr_c11
-macosx_version_min has been renamed to -macos_version_min
ld: warning: -keep_dwarf_unwind is obsolete
ld: warning: ignoring duplicate libraries: '/opt/intel/oneapi/compiler/2021.1.1/mac/bin/intel64/../../compiler/lib/libsvml.a'
ld: warning: no platform load command found in '/Users/leo/soft/my/countof_ns/build/Darwin_icc_icpc/tests/unit/CMakeFiles/neg_vla_zla_ptr_c11.dir/tu_stub.c.o', assuming: macOS
ld: warning: no platform load command found in '/opt/intel/oneapi/compiler/2021.1.1/mac/bin/intel64/../../compiler/lib/libirc.a[4](irc_msg_support.o)', assuming: macOS
ld: warning: no platform load command found in '/opt/intel/oneapi/compiler/2021.1.1/mac/bin/intel64/../../compiler/lib/libirc.a[76](cpu_feature_disp.o)', assuming: macOS
ld: warning: no platform load command found in '/opt/intel/oneapi/compiler/2021.1.1/mac/bin/intel64/../../compiler/lib/libirc.a[95](proc_init_utils.o)', assuming: macOS
ld: warning: no platform load command found in '/opt/intel/oneapi/compiler/2021.1.1/mac/bin/intel64/../../compiler/lib/libirc.a[98](new_proc_init.o)', assuming: macOS
ld: warning: no platform load command found in '/opt/intel/oneapi/compiler/2021.1.1/mac/bin/intel64/../../compiler/lib/libirc.a[112](sse2_strlen.o)', assuming: macOS
ld: warning: no platform load command found in '/opt/intel/oneapi/compiler/2021.1.1/mac/bin/intel64/../../compiler/lib/libirc.a[113](sse2_strchr.o)', assuming: macOS
ld: warning: no platform load command found in '/opt/intel/oneapi/compiler/2021.1.1/mac/bin/intel64/../../compiler/lib/libirc.a[122](ssse3_strncpy.o)', assuming: macOS
[100%] Built target neg_vla_zla_ptr_c11
</system-out>
	</testcase>
	<testcase name="neg_vla_zla_ptr_c11_0_fail" classname="neg_vla_zla_ptr_c11_0_fail" time="0.294796" status="run">
		<properties>
			<property name="cmake_labels" value="countof_ns;default"/>
		</properties>
		<system-out>Fail 0 desired=0 main(0, ...) /Users/leo/soft/my/countof_ns/tests/unit/tu_stub.c:neg_vla_zla_ptr.h:TU_UNIT for countof_ns.h:countof_ns() with C11&amp;VLA, C 201112L
</system-out>
	</testcase>
	<testcase name="neg_zla_ptr" classname="neg_zla_ptr" time="2.38004" status="run">
		<properties>
			<property name="cmake_labels" value="countof_ns;default"/>
		</properties>
		<system-out>[  0%] Built target CounofNS
[100%] Building C object tests/unit/CMakeFiles/neg_zla_ptr.dir/tu_stub.c.o
In file included from /Users/leo/soft/my/countof_ns/tests/unit/tu_stub.h(106),
                 from /Users/leo/soft/my/countof_ns/tests/unit/tu_stub.c(5):
/Users/leo/soft/my/countof_ns/tests/unit/neg_zla_ptr.h(4): error: the size of an array must be greater than zero
      return TU_COUNTOF(p);
             ^

compilation aborted for /Users/leo/soft/my/countof_ns/tests/unit/tu_stub.c (code 2)
gmake[3]: *** [tests/unit/CMakeFiles/neg_zla_ptr.dir/build.make:79: tests/unit/CMakeFiles/neg_zla_ptr.dir/tu_stub.c.o] Ошибка 2
gmake[2]: *** [CMakeFiles/Makefile2:2179: tests/unit/CMakeFiles/neg_zla_ptr.dir/all] Ошибка 2
gmake[1]: *** [CMakeFiles/Makefile2:2186: tests/unit/CMakeFiles/neg_zla_ptr.dir/rule] Ошибка 2
gmake: *** [Makefile:901: neg_zla_ptr] Ошибка 2
</system-out>
	</testcase>
	<testcase name="neg_zla_ptr_0_fail" classname="neg_zla_ptr_0_fail" time="0.0417183" status="notrun">
		<skipped message="SKIP_RETURN_CODE=42"/>
		<properties>
			<property name="cmake_labels" value="countof_ns;default"/>
		</properties>
		<system-out></system-out>
	</testcase>
	<testcase name="neg_zla_ptr_c11" classname="neg_zla_ptr_c11" time="4.6012" status="fail">
		<failure message="Failed"/>
		<properties>
			<property name="cmake_labels" value="countof_ns;default"/>
		</properties>
		<system-out>[  0%] Built target CounofNS
[ 50%] Building C object tests/unit/CMakeFiles/neg_zla_ptr_c11.dir/tu_stub.c.o
In file included from /Users/leo/soft/my/countof_ns/tests/unit/tu_stub.h(106),
                 from /Users/leo/soft/my/countof_ns/tests/unit/tu_stub.c(5):
/Users/leo/soft/my/countof_ns/tests/unit/neg_zla_ptr.h(4): warning #42: operand types are incompatible ("int (***)[0]" and "int (**)[&lt;expression&gt;][0]")
      return TU_COUNTOF(p);
             ^

In file included from /Users/leo/soft/my/countof_ns/tests/unit/tu_stub.h(106),
                 from /Users/leo/soft/my/countof_ns/tests/unit/tu_stub.c(5):
/Users/leo/soft/my/countof_ns/tests/unit/neg_zla_ptr.h(4): warning #1121: subtraction of pointer types "int (***)[0]" and "int (**)[&lt;expression&gt;][0]" is nonstandard
      return TU_COUNTOF(p);
             ^

[100%] Linking C executable neg_zla_ptr_c11
-macosx_version_min has been renamed to -macos_version_min
ld: warning: -keep_dwarf_unwind is obsolete
ld: warning: ignoring duplicate libraries: '/opt/intel/oneapi/compiler/2021.1.1/mac/bin/intel64/../../compiler/lib/libsvml.a'
ld: warning: no platform load command found in '/Users/leo/soft/my/countof_ns/build/Darwin_icc_icpc/tests/unit/CMakeFiles/neg_zla_ptr_c11.dir/tu_stub.c.o', assuming: macOS
ld: warning: no platform load command found in '/opt/intel/oneapi/compiler/2021.1.1/mac/bin/intel64/../../compiler/lib/libirc.a[4](irc_msg_support.o)', assuming: macOS
ld: warning: no platform load command found in '/opt/intel/oneapi/compiler/2021.1.1/mac/bin/intel64/../../compiler/lib/libirc.a[76](cpu_feature_disp.o)', assuming: macOS
ld: warning: no platform load command found in '/opt/intel/oneapi/compiler/2021.1.1/mac/bin/intel64/../../compiler/lib/libirc.a[95](proc_init_utils.o)', assuming: macOS
ld: warning: no platform load command found in '/opt/intel/oneapi/compiler/2021.1.1/mac/bin/intel64/../../compiler/lib/libirc.a[98](new_proc_init.o)', assuming: macOS
ld: warning: no platform load command found in '/opt/intel/oneapi/compiler/2021.1.1/mac/bin/intel64/../../compiler/lib/libirc.a[112](sse2_strlen.o)', assuming: macOS
ld: warning: no platform load command found in '/opt/intel/oneapi/compiler/2021.1.1/mac/bin/intel64/../../compiler/lib/libirc.a[113](sse2_strchr.o)', assuming: macOS
ld: warning: no platform load command found in '/opt/intel/oneapi/compiler/2021.1.1/mac/bin/intel64/../../compiler/lib/libirc.a[122](ssse3_strncpy.o)', assuming: macOS
[100%] Built target neg_zla_ptr_c11
</system-out>
	</testcase>
	<testcase name="neg_zla_ptr_c11_0_fail" classname="neg_zla_ptr_c11_0_fail" time="0.293694" status="run">
		<properties>
			<property name="cmake_labels" value="countof_ns;default"/>
		</properties>
		<system-out>Fail 0 desired=0 main(0, ...) /Users/leo/soft/my/countof_ns/tests/unit/tu_stub.c:neg_zla_ptr.h:TU_UNIT for countof_ns.h:countof_ns() with C11&amp;VLA, C 201112L
</system-out>
	</testcase>
	<testcase name="neg_zla_vla_ptr" classname="neg_zla_vla_ptr" time="2.40081" status="run">
		<properties>
			<property name="cmake_labels" value="countof_ns;default"/>
		</properties>
		<system-out>[  0%] Built target CounofNS
[ 50%] Building C object tests/unit/CMakeFiles/neg_zla_vla_ptr.dir/tu_stub.c.o
In file included from /Users/leo/soft/my/countof_ns/tests/unit/tu_stub.h(106),
                 from /Users/leo/soft/my/countof_ns/tests/unit/tu_stub.c(5):
/Users/leo/soft/my/countof_ns/tests/unit/neg_zla_vla_ptr.h(6): error: a type involving a variable length array is not allowed here
      return TU_COUNTOF(p);
             ^

compilation aborted for /Users/leo/soft/my/countof_ns/tests/unit/tu_stub.c (code 2)
gmake[3]: *** [tests/unit/CMakeFiles/neg_zla_vla_ptr.dir/build.make:79: tests/unit/CMakeFiles/neg_zla_vla_ptr.dir/tu_stub.c.o] Ошибка 2
gmake[2]: *** [CMakeFiles/Makefile2:2243: tests/unit/CMakeFiles/neg_zla_vla_ptr.dir/all] Ошибка 2
gmake[1]: *** [CMakeFiles/Makefile2:2250: tests/unit/CMakeFiles/neg_zla_vla_ptr.dir/rule] Ошибка 2
gmake: *** [Makefile:927: neg_zla_vla_ptr] Ошибка 2
</system-out>
	</testcase>
	<testcase name="neg_zla_vla_ptr_0_fail" classname="neg_zla_vla_ptr_0_fail" time="0.0409383" status="notrun">
		<skipped message="SKIP_RETURN_CODE=42"/>
		<properties>
			<property name="cmake_labels" value="countof_ns;default"/>
		</properties>
		<system-out></system-out>
	</testcase>
	<testcase name="neg_zla_vla_ptr_c11" classname="neg_zla_vla_ptr_c11" time="4.53534" status="fail">
		<failure message="Failed"/>
		<properties>
			<property name="cmake_labels" value="countof_ns;default"/>
		</properties>
		<system-out>[  0%] Built target CounofNS
[  0%] Building C object tests/unit/CMakeFiles/neg_zla_vla_ptr_c11.dir/tu_stub.c.o
In file included from /Users/leo/soft/my/countof_ns/tests/unit/tu_stub.h(106),
                 from /Users/leo/soft/my/countof_ns/tests/unit/tu_stub.c(5):
/Users/leo/soft/my/countof_ns/tests/unit/neg_zla_vla_ptr.h(6): warning #42: operand types are incompatible ("int (***)[d0]" and "int (**)[&lt;expression&gt;][d0]")
      return TU_COUNTOF(p);
             ^

In file included from /Users/leo/soft/my/countof_ns/tests/unit/tu_stub.h(106),
                 from /Users/leo/soft/my/countof_ns/tests/unit/tu_stub.c(5):
/Users/leo/soft/my/countof_ns/tests/unit/neg_zla_vla_ptr.h(6): warning #1121: subtraction of pointer types "int (***)[d0]" and "int (**)[&lt;expression&gt;][d0]" is nonstandard
      return TU_COUNTOF(p);
             ^

[100%] Linking C executable neg_zla_vla_ptr_c11
-macosx_version_min has been renamed to -macos_version_min
ld: warning: -keep_dwarf_unwind is obsolete
ld: warning: ignoring duplicate libraries: '/opt/intel/oneapi/compiler/2021.1.1/mac/bin/intel64/../../compiler/lib/libsvml.a'
ld: warning: no platform load command found in '/Users/leo/soft/my/countof_ns/build/Darwin_icc_icpc/tests/unit/CMakeFiles/neg_zla_vla_ptr_c11.dir/tu_stub.c.o', assuming: macOS
ld: warning: no platform load command found in '/opt/intel/oneapi/compiler/2021.1.1/mac/bin/intel64/../../compiler/lib/libirc.a[4](irc_msg_support.o)', assuming: macOS
ld: warning: no platform load command found in '/opt/intel/oneapi/compiler/2021.1.1/mac/bin/intel64/../../compiler/lib/libirc.a[76](cpu_feature_disp.o)', assuming: macOS
ld: warning: no platform load command found in '/opt/intel/oneapi/compiler/2021.1.1/mac/bin/intel64/../../compiler/lib/libirc.a[95](proc_init_utils.o)', assuming: macOS
ld: warning: no platform load command found in '/opt/intel/oneapi/compiler/2021.1.1/mac/bin/intel64/../../compiler/lib/libirc.a[98](new_proc_init.o)', assuming: macOS
ld: warning: no platform load command found in '/opt/intel/oneapi/compiler/2021.1.1/mac/bin/intel64/../../compiler/lib/libirc.a[112](sse2_strlen.o)', assuming: macOS
ld: warning: no platform load command found in '/opt/intel/oneapi/compiler/2021.1.1/mac/bin/intel64/../../compiler/lib/libirc.a[113](sse2_strchr.o)', assuming: macOS
ld: warning: no platform load command found in '/opt/intel/oneapi/compiler/2021.1.1/mac/bin/intel64/../../compiler/lib/libirc.a[122](ssse3_strncpy.o)', assuming: macOS
[100%] Built target neg_zla_vla_ptr_c11
</system-out>
	</testcase>
	<testcase name="neg_zla_vla_ptr_c11_0_fail" classname="neg_zla_vla_ptr_c11_0_fail" time="0.299864" status="run">
		<properties>
			<property name="cmake_labels" value="countof_ns;default"/>
		</properties>
		<system-out>Fail 0 desired=0 main(0, ...) /Users/leo/soft/my/countof_ns/tests/unit/tu_stub.c:neg_zla_vla_ptr.h:TU_UNIT for countof_ns.h:countof_ns() with C11&amp;VLA, C 201112L
</system-out>
	</testcase>
	<testcase name="short_example" classname="short_example" time="0.261459" status="run">
		<properties/>
		<system-out>short_example: Ok (fail=0)
</system-out>
	</testcase>
	<testcase name="short_example_fail" classname="short_example_fail" time="2.42081" status="run">
		<properties/>
		<system-out>Internal cmake changing into directory: /Users/leo/soft/my/countof_ns/build/Darwin_icc_icpc
Change Dir: '/Users/leo/soft/my/countof_ns/build/Darwin_icc_icpc'

Run Build Command(s): /opt/local/bin/gmake -f Makefile short_example_fail
[  0%] Built target CounofNS
[ 50%] Building C object examples/CMakeFiles/short_example_fail.dir/short_example.c.o
In file included from /Users/leo/soft/my/countof_ns/examples/short_example.c(5):
/Users/leo/soft/my/countof_ns/examples/short_example.h(72): error: the size of an array must be greater than zero
          fail += countof_ns(p1);
                  ^

In file included from /Users/leo/soft/my/countof_ns/examples/short_example.c(5):
/Users/leo/soft/my/countof_ns/examples/short_example.h(74): error: the size of an array must be greater than zero
          fail += countof_ns(p2);
                  ^

In file included from /Users/leo/soft/my/countof_ns/examples/short_example.c(5):
/Users/leo/soft/my/countof_ns/examples/short_example.h(76): error: operand of "*" must be a poi...
[This part of the test output was removed since it exceeds the threshold of 1024 bytes.]
</system-out>
	</testcase>
	<testcase name="long_example" classname="long_example" time="0.315288" status="run">
		<properties/>
		<system-out>short_example: Ok (fail=0)
HAVE_EMPTY_INITIALIZER
HAVE_EMPTY_STRUCTURE
zla_example: Ok (fail=0)
__clang_major__.__clang_minor__ 15.0 __GNUC__.__GNUC_MINOR__ 4.9 __INTEL_COMPILER 2021 _COUNTOF_NS_VLA_UNSUPPORTED __STDC_VERSION__ 201112
</system-out>
	</testcase>
	<testcase name="long_example_fail" classname="long_example_fail" time="2.45573" status="run">
		<properties/>
		<system-out>Internal cmake changing into directory: /Users/leo/soft/my/countof_ns/build/Darwin_icc_icpc
Change Dir: '/Users/leo/soft/my/countof_ns/build/Darwin_icc_icpc'

Run Build Command(s): /opt/local/bin/gmake -f Makefile long_example_fail
[  0%] Built target CounofNS
[  0%] Building C object examples/CMakeFiles/long_example_fail.dir/long_example.c.o
In file included from /Users/leo/soft/my/countof_ns/examples/long_example.h(67),
                 from /Users/leo/soft/my/countof_ns/examples/long_example.c(5):
/Users/leo/soft/my/countof_ns/examples/short_example.h(72): error: the size of an array must be greater than zero
          fail += countof_ns(p1);
                  ^

In file included from /Users/leo/soft/my/countof_ns/examples/long_example.h(67),
                 from /Users/leo/soft/my/countof_ns/examples/long_example.c(5):
/Users/leo/soft/my/countof_ns/examples/short_example.h(74): error: the size of an array must be greater than zero
          fail += countof_ns(p2);
                  ^

In file included fr...
[This part of the test output was removed since it exceeds the threshold of 1024 bytes.]
</system-out>
	</testcase>
	<testcase name="long_example_vla" classname="long_example_vla" time="0.246022" status="run">
		<properties/>
		<system-out>short_example: Ok (fail=0)
HAVE_EMPTY_INITIALIZER
HAVE_EMPTY_STRUCTURE
zla_example: Ok (fail=0)
vla_example: Ok (fail=0)
__clang_major__.__clang_minor__ 15.0 __GNUC__.__GNUC_MINOR__ 4.9 __INTEL_COMPILER 2021 __STDC_VERSION__ 201112
</system-out>
	</testcase>
	<testcase name="long_example_vla_fail" classname="long_example_vla_fail" time="2.43043" status="run">
		<properties/>
		<system-out>Internal cmake changing into directory: /Users/leo/soft/my/countof_ns/build/Darwin_icc_icpc
Change Dir: '/Users/leo/soft/my/countof_ns/build/Darwin_icc_icpc'

Run Build Command(s): /opt/local/bin/gmake -f Makefile long_example_vla_fail
[  0%] Built target CounofNS
[100%] Building C object examples/CMakeFiles/long_example_vla_fail.dir/long_example.c.o
In file included from /Users/leo/soft/my/countof_ns/examples/long_example.h(67),
                 from /Users/leo/soft/my/countof_ns/examples/long_example.c(5):
/Users/leo/soft/my/countof_ns/examples/short_example.h(72): warning #42: operand types are incompatible ("int (***)[23]" and "int (**)[&lt;expression&gt;][23]")
          fail += countof_ns(p1);
                  ^

In file included from /Users/leo/soft/my/countof_ns/examples/long_example.h(67),
                 from /Users/leo/soft/my/countof_ns/examples/long_example.c(5):
/Users/leo/soft/my/countof_ns/examples/short_example.h(72): warning #1121: subtraction of pointer types "int (***)[23]" and "int (**)[&lt;expr...
[This part of the test output was removed since it exceeds the threshold of 1024 bytes.]
</system-out>
	</testcase>
	<testcase name="_check_logs_config" classname="_check_logs_config" time="0.0429398" status="run">
		<properties>
			<property name="cmake_labels" value="default"/>
		</properties>
		<system-out>CL_TAG='debug'
    CMAKE_C_COMPILER_ID='Intel'
    CMAKE_C_COMPILER_VERSION='2021.1.0.20201112'
    CMAKE_C_FLAGS='  -Wall -Wextra -pedantic -DHAVE_ZERO_LENGTH_ARRAYS=1 -DHAVE_EMPTY_INITIALIZER=1 -DHAVE_EMPTY_STRUCTURE=1 -DHAVE_TYPEOF=1 -DHAVE___TYPEOF__=1 -DHAVE_VLA=1 -DERROR_ON_NEGATIVE_ARRAY_SIZE=1 -DERROR_ON_STRUCT_BIT_FIELD=1 -DERROR_ON_STRUCT_STATIC_ASSERT=1'
    TAC_WERROR='-Werror'
    CXX_ENABLED='FALSE'
    
</system-out>
	</testcase>
	<testcase name="post_check_Clang-21-verbose-cmp" classname="post_check_Clang-21-verbose-cmp" time="1.94824" status="run">
		<properties/>
		<system-out>Ok, skipped: 17 from 417 (Clang, verbose)
    Unexpected failure: 0/100, wanted: 0
    Unexpected fpe: 0/34, wanted: 0
    Unexpected divide_by_zero_warning: 0/24, wanted: 0
    Unexpected warning: 0/28, wanted: 0
</system-out>
	</testcase>
	<testcase name="post_check_Clang-cmp" classname="post_check_Clang-cmp" time="1.94875" status="run">
		<properties/>
		<system-out>Ok, skipped: 19 from 318 (Clang, default)
    Unexpected failure: 0/76, wanted: 0
    Unexpected fpe: 0/26, wanted: 0
    Unexpected divide_by_zero_warning: 0/33, wanted: 0
    Unexpected warning: 0/56, wanted: 0
</system-out>
	</testcase>
	<testcase name="post_check_Clang-debug" classname="post_check_Clang-debug" time="0.720932" status="run">
		<properties/>
		<system-out>Ok, skipped: 16 from 117 (Clang, debug)
    Unexpected failure: 0/17, wanted: 0
    Unexpected fpe: 0/0, wanted: 0
    Unexpected divide_by_zero_warning: 0/0, wanted: 0
    Unexpected warning: 0/0, wanted: 0
</system-out>
	</testcase>
	<testcase name="post_check_Clang-default" classname="post_check_Clang-default" time="0.700025" status="run">
		<properties/>
		<system-out>Ok, skipped: 0 from 91 (Clang, default)
    Unexpected failure: 0/17, wanted: 0
    Unexpected fpe: 0/0, wanted: 0
    Unexpected divide_by_zero_warning: 0/0, wanted: 0
    Unexpected warning: 0/0, wanted: 0
</system-out>
	</testcase>
	<testcase name="post_check_Clang-verbose-cmp" classname="post_check_Clang-verbose-cmp" time="1.94495" status="run">
		<properties/>
		<system-out>Ok, skipped: 17 from 316 (Clang, verbose)
    Unexpected failure: 0/76, wanted: 0
    Unexpected fpe: 0/26, wanted: 0
    Unexpected divide_by_zero_warning: 0/16, wanted: 0
    Unexpected warning: 0/30, wanted: 0
</system-out>
	</testcase>
	<testcase name="post_check_GNU-cmp" classname="post_check_GNU-cmp" time="1.65537" status="run">
		<properties/>
		<system-out>Ok, skipped: 23 from 322 (GNU, default)
    Unexpected failure: 0/76, wanted: 0
    Unexpected fpe: 0/27, wanted: 0
    Unexpected divide_by_zero_warning: 0/36, wanted: 0
    Unexpected warning: 0/36, wanted: 0
</system-out>
	</testcase>
	<testcase name="post_check_GNU-debug" classname="post_check_GNU-debug" time="0.580409" status="run">
		<properties/>
		<system-out>Ok, skipped: 21 from 122 (GNU, debug)
    Unexpected failure: 0/17, wanted: 0
    Unexpected fpe: 0/0, wanted: 0
    Unexpected divide_by_zero_warning: 0/0, wanted: 0
    Unexpected warning: 0/0, wanted: 0
</system-out>
	</testcase>
	<testcase name="post_check_GNU-default" classname="post_check_GNU-default" time="0.575713" status="run">
		<properties/>
		<system-out>Ok, skipped: 0 from 91 (GNU, default)
    Unexpected failure: 0/17, wanted: 0
    Unexpected fpe: 0/0, wanted: 0
    Unexpected divide_by_zero_warning: 0/0, wanted: 0
    Unexpected warning: 0/0, wanted: 0
</system-out>
	</testcase>
	<testcase name="post_check_GNU-verbose-cmp" classname="post_check_GNU-verbose-cmp" time="1.33473" status="run">
		<properties/>
		<system-out>Ok, skipped: 22 from 321 (GNU, verbose)
    Unexpected failure: 0/76, wanted: 0
    Unexpected fpe: 0/24, wanted: 0
    Unexpected divide_by_zero_warning: 0/34, wanted: 0
    Unexpected warning: 0/34, wanted: 0
</system-out>
	</testcase>
	<testcase name="post_check_Intel-default" classname="post_check_Intel-default" time="0.412664" status="run">
		<properties/>
		<system-out>Ok, skipped: 0 from 73 (Intel, default)
    Unexpected failure: 0/25, wanted: 0
    Unexpected fpe: 0/0, wanted: 0
    Unexpected divide_by_zero_warning: 0/0, wanted: 0
    Unexpected warning: 0/0, wanted: 0
</system-out>
	</testcase>
	<testcase name="post_check_IntelLLVM-cmp" classname="post_check_IntelLLVM-cmp" time="2.99899" status="run">
		<properties/>
		<system-out>Ok, skipped: 14 from 414 (IntelLLVM, default)
    Unexpected failure: 0/100, wanted: 0
    Unexpected fpe: 0/0, wanted: 0
    Unexpected divide_by_zero_warning: 0/49, wanted: 0
    Unexpected warning: 0/76, wanted: 0
</system-out>
	</testcase>
	<testcase name="post_check_IntelLLVM-debug" classname="post_check_IntelLLVM-debug" time="0.951547" status="run">
		<properties/>
		<system-out>Ok, skipped: 12 from 131 (IntelLLVM, debug)
    Unexpected failure: 0/22, wanted: 0
    Unexpected fpe: 0/0, wanted: 0
    Unexpected divide_by_zero_warning: 0/0, wanted: 0
    Unexpected warning: 0/0, wanted: 0
</system-out>
	</testcase>
	<testcase name="post_check_IntelLLVM-default" classname="post_check_IntelLLVM-default" time="0.949651" status="run">
		<properties/>
		<system-out>Ok, skipped: 0 from 109 (IntelLLVM, default)
    Unexpected failure: 0/22, wanted: 0
    Unexpected fpe: 0/0, wanted: 0
    Unexpected divide_by_zero_warning: 0/0, wanted: 0
    Unexpected warning: 0/0, wanted: 0
</system-out>
	</testcase>
	<testcase name="post_check_IntelLLVM-verbose" classname="post_check_IntelLLVM-verbose" time="1.90456" status="run">
		<properties/>
		<system-out>Ok, skipped: 13 from 413 (IntelLLVM, verbose)
    Unexpected failure: 0/100, wanted: 0
    Unexpected fpe: 0/0, wanted: 0
    Unexpected divide_by_zero_warning: 0/24, wanted: 0
    Unexpected warning: 0/28, wanted: 0
</system-out>
	</testcase>
	<testcase name="post_check_MSCV-cmp" classname="post_check_MSCV-cmp" time="0.648394" status="run">
		<properties/>
		<system-out>Ok, skipped: 0 from 86 (MSVC, default)
    Unexpected failure: 0/4, wanted: 0
    Unexpected fpe: 0/0, wanted: 0
    Unexpected divide_by_zero_warning: 0/0, wanted: 0
    Unexpected warning: 0/0, wanted: 0
</system-out>
	</testcase>
	<testcase name="post_check_MSCV-default" classname="post_check_MSCV-default" time="0.308524" status="run">
		<properties/>
		<system-out>Ok, skipped: 0 from 31 (MSVC, )
    Unexpected failure: 0/0, wanted: 0
    Unexpected fpe: 0/0, wanted: 0
    Unexpected divide_by_zero_warning: 0/0, wanted: 0
    Unexpected warning: 0/0, wanted: 0
</system-out>
	</testcase>
	<testcase name="post_check_MSCV-verbose" classname="post_check_MSCV-verbose" time="0.65051" status="run">
		<properties/>
		<system-out>Ok, skipped: 0 from 86 (MSVC, verbose)
    Unexpected failure: 0/4, wanted: 0
    Unexpected fpe: 0/0, wanted: 0
    Unexpected divide_by_zero_warning: 0/0, wanted: 0
    Unexpected warning: 0/0, wanted: 0
</system-out>
	</testcase>
	<testcase name="post_check_NVHPC-cmp" classname="post_check_NVHPC-cmp" time="0.505212" status="run">
		<properties/>
		<system-out>Ok, skipped: 7 from 178 (NVHPC, default)
    Unexpected failure: 0/38, wanted: 0
    Unexpected fpe: 0/0, wanted: 0
    Unexpected divide_by_zero_warning: 0/20, wanted: 0
    Unexpected warning: 0/29, wanted: 0
</system-out>
	</testcase>
	<testcase name="post_check_NVHPC-debug" classname="post_check_NVHPC-debug" time="0.153825" status="run">
		<properties/>
		<system-out>Ok, skipped: 5 from 50 (NVHPC, debug)
    Unexpected failure: 0/3, wanted: 0
    Unexpected fpe: 0/0, wanted: 0
    Unexpected divide_by_zero_warning: 0/0, wanted: 0
    Unexpected warning: 0/0, wanted: 0
</system-out>
	</testcase>
	<testcase name="post_check_NVHPC-default" classname="post_check_NVHPC-default" time="0.13477" status="run">
		<properties/>
		<system-out>Ok, skipped: 0 from 37 (NVHPC, default)
    Unexpected failure: 0/3, wanted: 0
    Unexpected fpe: 0/0, wanted: 0
    Unexpected divide_by_zero_warning: 0/0, wanted: 0
    Unexpected warning: 0/0, wanted: 0
</system-out>
	</testcase>
	<testcase name="post_check_NVHPC-verbose-cmp" classname="post_check_NVHPC-verbose-cmp" time="0.479493" status="run">
		<properties/>
		<system-out>Ok, skipped: 6 from 177 (NVHPC, verbose)
    Unexpected failure: 0/38, wanted: 0
    Unexpected fpe: 0/0, wanted: 0
    Unexpected divide_by_zero_warning: 0/18, wanted: 0
    Unexpected warning: 0/18, wanted: 0
</system-out>
	</testcase>
	<testcase name="post_check_SunPro-cmp" classname="post_check_SunPro-cmp" time="0.238284" status="run">
		<properties/>
		<system-out>Ok, skipped: 4 from 120 (SunPro, default)
    Unexpected failure: 0/28, wanted: 0
    Unexpected fpe: 0/4, wanted: 0
    Unexpected divide_by_zero_warning: 0/0, wanted: 0
    Unexpected warning: 0/9, wanted: 0
</system-out>
	</testcase>
	<testcase name="post_check_SunPro-debug" classname="post_check_SunPro-debug" time="0.159736" status="run">
		<properties/>
		<system-out>Ok, skipped: 4 from 62 (SunPro, debug)
    Unexpected failure: 0/12, wanted: 0
    Unexpected fpe: 0/0, wanted: 0
    Unexpected divide_by_zero_warning: 0/0, wanted: 0
    Unexpected warning: 0/5, wanted: 0
</system-out>
	</testcase>
	<testcase name="post_check_SunPro-default" classname="post_check_SunPro-default" time="0.142776" status="run">
		<properties/>
		<system-out>Ok, skipped: 0 from 48 (SunPro, default)
    Unexpected failure: 0/12, wanted: 0
    Unexpected fpe: 0/0, wanted: 0
    Unexpected divide_by_zero_warning: 0/0, wanted: 0
    Unexpected warning: 0/4, wanted: 0
</system-out>
	</testcase>
	<testcase name="post_check_SunPro-verbose-cmp" classname="post_check_SunPro-verbose-cmp" time="0.231493" status="run">
		<properties/>
		<system-out>Ok, skipped: 4 from 120 (SunPro, verbose)
    Unexpected failure: 0/28, wanted: 0
    Unexpected fpe: 0/4, wanted: 0
    Unexpected divide_by_zero_warning: 0/0, wanted: 0
    Unexpected warning: 0/7, wanted: 0
</system-out>
	</testcase>
</testsuite>
