<?xml version="1.0" encoding="UTF-8"?>
<testsuite name="(empty)"
	tests="86"
	failures="4"
	disabled="0"
	skipped="28"
	hostname=""
	time="39"
	timestamp="2025-12-01T04:03:23"
	>
	<testcase name="pos__selftest" classname="pos__selftest" time="0.0136283" status="run">
		<properties>
			<property name="cmake_labels" value="countof_ns;default"/>
		</properties>
		<system-out>Ok 1 TU_STATIC_ASSERT_AND_RETURN((1)=1, ...) Z:\soft\my\countof_ns\tests\unit\pos__selftest.h:pos__selftest.h:TU_UNIT for countof_ns.h:countof_ns(), C 201710L
</system-out>
	</testcase>
	<testcase name="pos__selftest_cxx" classname="pos__selftest_cxx" time="0.0136105" status="run">
		<properties>
			<property name="cmake_labels" value="countof_ns;default"/>
		</properties>
		<system-out>Ok 1 TU_STATIC_ASSERT_AND_RETURN((1)=1, ...) Z:\soft\my\countof_ns\tests\unit\pos__selftest.h:pos__selftest.h:TU_UNIT for countof_ns.h:countof_ns(), C++ 202400L
</system-out>
	</testcase>
	<testcase name="pos_array" classname="pos_array" time="0.0143692" status="run">
		<properties>
			<property name="cmake_labels" value="countof_ns;default"/>
		</properties>
		<system-out>Ok 1 TU_STATIC_ASSERT_AND_RETURN((1)=1, ...) Z:\soft\my\countof_ns\tests\unit\pos_array.h:pos_array.h:TU_UNIT for countof_ns.h:countof_ns(), C 201710L
</system-out>
	</testcase>
	<testcase name="pos_array_cxx" classname="pos_array_cxx" time="0.0132849" status="run">
		<properties>
			<property name="cmake_labels" value="countof_ns;default"/>
		</properties>
		<system-out>Ok 1 TU_STATIC_ASSERT_AND_RETURN((1)=1, ...) Z:\soft\my\countof_ns\tests\unit\pos_array.h:pos_array.h:TU_UNIT for countof_ns.h:countof_ns(), C++ 202400L
</system-out>
	</testcase>
	<testcase name="pos_cv_array" classname="pos_cv_array" time="0.0138757" status="run">
		<properties>
			<property name="cmake_labels" value="countof_ns;default"/>
		</properties>
		<system-out>Ok 1 TU_STATIC_ASSERT_AND_RETURN((1)=1, ...) Z:\soft\my\countof_ns\tests\unit\pos_cv_array.h:pos_cv_array.h:TU_UNIT for countof_ns.h:countof_ns(), C 201710L
</system-out>
	</testcase>
	<testcase name="pos_cv_array_cxx" classname="pos_cv_array_cxx" time="0.014667" status="run">
		<properties>
			<property name="cmake_labels" value="countof_ns;default"/>
		</properties>
		<system-out>Ok 1 TU_STATIC_ASSERT_AND_RETURN((1)=1, ...) Z:\soft\my\countof_ns\tests\unit\pos_cv_array.h:pos_cv_array.h:TU_UNIT for countof_ns.h:countof_ns(), C++ 202400L
</system-out>
	</testcase>
	<testcase name="neg__selftest" classname="neg__selftest" time="0.552335" status="run">
		<properties>
			<property name="cmake_labels" value="countof_ns;default"/>
		</properties>
		<system-out>[  0%] Built target CounofNS
[100%] Building C object tests/unit/CMakeFiles/neg__selftest.dir/tu_stub.c.obj
tu_stub.c
Z:\soft\my\countof_ns\tests\unit\neg__selftest.h(12): error C2338: static_assert failed: '0'
NMAKE : fatal error U1077: "C:\Program Files\Microsoft Visual Studio\2022\Community\Common7\IDE\CommonExtensions\Microsoft\CMake\CMake\bin\cmake.exe" -E cmake_cl_compile_depends --dep-file=CMakeFiles\neg__selftest.dir\tu_stub.c.obj.d --working-dir=Z:\soft\my\countof_ns\build\vs17.0-nmake\tests\unit --filter-prefix="[NON-UTF-8-BYTE-0xCF][NON-UTF-8-BYTE-0xF0][NON-UTF-8-BYTE-0xE8][NON-UTF-8-BYTE-0xEC][NON-UTF-8-BYTE-0xE5][NON-UTF-8-BYTE-0xF7][NON-UTF-8-BYTE-0xE0][NON-UTF-8-BYTE-0xED][NON-UTF-8-BYTE-0xE8][NON-UTF-8-BYTE-0xE5]: [NON-UTF-8-BYTE-0xE2][NON-UTF-8-BYTE-0xEA][NON-UTF-8-BYTE-0xEB][NON-UTF-8-BYTE-0xFE][NON-UTF-8-BYTE-0xF7][NON-UTF-8-BYTE-0xE5][NON-UTF-8-BYTE-0xED][NON-UTF-8-BYTE-0xE8][NON-UTF-8-BYTE-0xE5] [NON-UTF-8-BYTE-0xF4][NON-UTF-8-BYTE-0xE0][NON-UTF-8-BYTE-0xE9][NON-UTF-8-BYTE-0xEB][NON-UTF-8-BYTE-0xE0]:  " -- C:\PROGRA~1\MICROS~2\2022\COMMUN~1\VC\Tools\MSVC\1444~1.352\bin\Hostx64\x64\cl.exe @C:\Users\leo\AppData\Local\Temp\nmBD5B.tmp : [NON-UTF-8-BYTE-0xE2][NON-UTF-8-BYTE-0xEE][NON-UTF-8-BYTE-0xE7][NON-UTF-8-BYTE-0xE2][NON-UTF-8-BYTE-0xF0][NON-UTF-8-BYTE-0xE0][NON-UTF-8-BYTE-0xF9][NON-UTF-8-BYTE-0xE5][NON-UTF-8-BYTE-0xED][NON-UTF-8-BYTE-0xED][NON-UTF-8-BYTE-0xFB][NON-UTF-8-BYTE-0xE9] [NON-UTF-8-BYTE-0xEA][NON-UTF-8-BYTE-0xEE][NON-UTF-8-BYTE-0xE4] "0x2"
Stop.
NMAKE : fatal error U1077: "C:\Program Files\Microsoft Visual Studio\2022\Community\VC\Tools\MSVC\14.44.35207\bin\HostX64\x64\nmake.exe" -s -f tests\unit\CMakeFiles\neg__selftest.dir\build.make /nologo -SL                 tests\unit\CMakeFiles\neg__selftest.dir\build : [NON-UTF-8-BYTE-0xE2][NON-UTF-8-BYTE-0xEE][NON-UTF-8-BYTE-0xE7][NON-UTF-8-BYTE-0xE2][NON-UTF-8-BYTE-0xF0][NON-UTF-8-BYTE-0xE0][NON-UTF-8-BYTE-0xF9][NON-UTF-8-BYTE-0xE5][NON-UTF-8-BYTE-0xED][NON-UTF-8-BYTE-0xED][NON-UTF-8-BYTE-0xFB][NON-UTF-8-BYTE-0xE9] [NON-UTF-8-BYTE-0xEA][NON-UTF-8-BYTE-0xEE][NON-UTF-8-BYTE-0xE4] "0x2"
Stop.
NMAK...
[This part of the test output was removed since it exceeds the threshold of 1024 bytes.]
</system-out>
	</testcase>
	<testcase name="neg__selftest_0_fail" classname="neg__selftest_0_fail" time="0.0375036" status="notrun">
		<skipped message="SKIP_RETURN_CODE=42"/>
		<properties>
			<property name="cmake_labels" value="countof_ns;default"/>
		</properties>
		<system-out></system-out>
	</testcase>
	<testcase name="neg__selftest_cxx" classname="neg__selftest_cxx" time="0.665407" status="run">
		<properties>
			<property name="cmake_labels" value="countof_ns;default"/>
		</properties>
		<system-out>[  0%] Built target CounofNS
[ 50%] Building CXX object tests/unit/CMakeFiles/neg__selftest_cxx.dir/tu_stub_cxx.cpp.obj
tu_stub_cxx.cpp
Z:\soft\my\countof_ns\tests\unit\neg__selftest.h(12): error C2338: static_assert failed: '0'
NMAKE : fatal error U1077: "C:\Program Files\Microsoft Visual Studio\2022\Community\Common7\IDE\CommonExtensions\Microsoft\CMake\CMake\bin\cmake.exe" -E cmake_cl_compile_depends --dep-file=CMakeFiles\neg__selftest_cxx.dir\tu_stub_cxx.cpp.obj.d --working-dir=Z:\soft\my\countof_ns\build\vs17.0-nmake\tests\unit --filter-prefix="[NON-UTF-8-BYTE-0xCF][NON-UTF-8-BYTE-0xF0][NON-UTF-8-BYTE-0xE8][NON-UTF-8-BYTE-0xEC][NON-UTF-8-BYTE-0xE5][NON-UTF-8-BYTE-0xF7][NON-UTF-8-BYTE-0xE0][NON-UTF-8-BYTE-0xED][NON-UTF-8-BYTE-0xE8][NON-UTF-8-BYTE-0xE5]: [NON-UTF-8-BYTE-0xE2][NON-UTF-8-BYTE-0xEA][NON-UTF-8-BYTE-0xEB][NON-UTF-8-BYTE-0xFE][NON-UTF-8-BYTE-0xF7][NON-UTF-8-BYTE-0xE5][NON-UTF-8-BYTE-0xED][NON-UTF-8-BYTE-0xE8][NON-UTF-8-BYTE-0xE5] [NON-UTF-8-BYTE-0xF4][NON-UTF-8-BYTE-0xE0][NON-UTF-8-BYTE-0xE9][NON-UTF-8-BYTE-0xEB][NON-UTF-8-BYTE-0xE0]:  " -- C:\PROGRA~1\MICROS~2\2022\COMMUN~1\VC\Tools\MSVC\1444~1.352\bin\Hostx64\x64\cl.exe @C:\Users\leo\AppData\Local\Temp\nmC00A.tmp : [NON-UTF-8-BYTE-0xE2][NON-UTF-8-BYTE-0xEE][NON-UTF-8-BYTE-0xE7][NON-UTF-8-BYTE-0xE2][NON-UTF-8-BYTE-0xF0][NON-UTF-8-BYTE-0xE0][NON-UTF-8-BYTE-0xF9][NON-UTF-8-BYTE-0xE5][NON-UTF-8-BYTE-0xED][NON-UTF-8-BYTE-0xED][NON-UTF-8-BYTE-0xFB][NON-UTF-8-BYTE-0xE9] [NON-UTF-8-BYTE-0xEA][NON-UTF-8-BYTE-0xEE][NON-UTF-8-BYTE-0xE4] "0x2"
Stop.
NMAKE : fatal error U1077: "C:\Program Files\Microsoft Visual Studio\2022\Community\VC\Tools\MSVC\14.44.35207\bin\HostX64\x64\nmake.exe" -s -f tests\unit\CMakeFiles\neg__selftest_cxx.dir\build.make /nologo -SL                 tests\unit\CMakeFiles\neg__selftest_cxx.dir\build...
[This part of the test output was removed since it exceeds the threshold of 1024 bytes.]
</system-out>
	</testcase>
	<testcase name="neg__selftest_cxx_0_fail" classname="neg__selftest_cxx_0_fail" time="0.0489329" status="notrun">
		<skipped message="SKIP_RETURN_CODE=42"/>
		<properties>
			<property name="cmake_labels" value="countof_ns;default"/>
		</properties>
		<system-out></system-out>
	</testcase>
	<testcase name="neg_cv_ptr" classname="neg_cv_ptr" time="0.617216" status="run">
		<properties>
			<property name="cmake_labels" value="countof_ns;default"/>
		</properties>
		<system-out>[  0%] Built target CounofNS
[ 50%] Building C object tests/unit/CMakeFiles/neg_cv_ptr.dir/tu_stub.c.obj
tu_stub.c
Z:\soft\my\countof_ns\tests\unit\neg_cv_ptr.h(4): error C2118: отрицательный индекс
Z:\soft\my\countof_ns\tests\unit\neg_cv_ptr.h(4): error C2148: общий размер массива не должен превышать 0x7fffffff байт
Z:\soft\my\countof_ns\tests\unit\neg_cv_ptr.h(4): warning C4034: sizeof возвращает 0
NMAKE : fatal error U1077: "C:\Program Files\Microsoft Visual Studio\2022\Community\Common7\IDE\CommonExtensions\Microsoft\CMake\CMake\bin\cmake.exe" -E cmake_cl_compile_depends --dep-file=CMakeFiles\neg_cv_ptr.dir\tu_stub.c.obj.d --working-dir=Z:\soft\my\countof_ns\build\vs17.0-nmake\tests\unit --filter-prefix="[NON-UTF-8-BYTE-0xCF][NON-UTF-8-BYTE-0xF0][NON-UTF-8-BYTE-0xE8][NON-UTF-8-BYTE-0xEC][NON-UTF-8-BYTE-0xE5][NON-UTF-8-BYTE-0xF7][NON-UTF-8-BYTE-0xE0][NON-UTF-8-BYTE-0xED][NON-UTF-8-BYTE-0xE8][NON-UTF-8-BYTE-0xE5]: [NON-UTF-8-BYTE-0xE2][NON-UTF-8-BYTE-0xEA][NON-UTF-8-BYTE-0xEB][NON-UTF-8-BYTE-0xFE][NON-UTF-8-BYTE-0xF7][NON-UTF-8-BYTE-0xE5][NON-UTF-8-BYTE-0xED][NON-UTF-8-BYTE-0xE8][NON-UTF-8-BYTE-0xE5] [NON-UTF-8-BYTE-0xF4][NON-UTF-8-BYTE-0xE0][NON-UTF-8-BYTE-0xE9][NON-UTF-8-BYTE-0xEB][NON-UTF-8-BYTE-0xE0]:  " -- C:\PROGRA~1\MICROS~2\2022\COMMUN~1\VC\Tools\MSVC\1444~1.352\bin\Hostx64\x64\cl.exe @C:\Users\leo\AppData\Local\Temp\nmC2AA.tmp : [NON-UTF-8-BYTE-0xE2][NON-UTF-8-BYTE-0xEE][NON-UTF-8-BYTE-0xE7][NON-UTF-8-BYTE-0xE2][NON-UTF-8-BYTE-0xF0][NON-UTF-8-BYTE-0xE0][NON-UTF-8-BYTE-0xF9][NON-UTF-8-BYTE-0xE5][NON-UTF-8-BYTE-0xED][NON-UTF-8-BYTE-0xED][NON-UTF-8-BYTE-0xFB][NON-UTF-8-BYTE-0xE9] [NON-UTF-8-BYTE-0xEA][NON-UTF-8-BYTE-0xEE][NON-UTF-8-BYTE-0xE4] "0x2"
Stop.
NMAKE : fatal error U1077: "C:\Program Files\...
[This part of the test output was removed since it exceeds the threshold of 1024 bytes.]
</system-out>
	</testcase>
	<testcase name="neg_cv_ptr_0_fail" classname="neg_cv_ptr_0_fail" time="0.0317009" status="notrun">
		<skipped message="SKIP_RETURN_CODE=42"/>
		<properties>
			<property name="cmake_labels" value="countof_ns;default"/>
		</properties>
		<system-out></system-out>
	</testcase>
	<testcase name="neg_cv_ptr_cxx" classname="neg_cv_ptr_cxx" time="0.521119" status="run">
		<properties>
			<property name="cmake_labels" value="countof_ns;default"/>
		</properties>
		<system-out>[  0%] Built target CounofNS
[ 50%] Building CXX object tests/unit/CMakeFiles/neg_cv_ptr_cxx.dir/tu_stub_cxx.cpp.obj
tu_stub_cxx.cpp
Z:\soft\my\countof_ns\include\countof_ns.h(107): error C2338: static_assert failed: 'Argument must be zero-length array'
Z:\soft\my\countof_ns\include\countof_ns.h(107): note: контекст создания экземпляра шаблона (сначала самый старый)
Z:\soft\my\countof_ns\tests\unit\neg_cv_ptr.h(4): note: выполняется компиляция ссылки на экземпляр шаблон функции "size_t _countof_ns_aux&lt;8,4,volatile const int*&gt;(const T &amp;) noexcept"
        with
        [
            T=volatile const int *
        ]
NMAKE : fatal error U1077: "C:\Program Files\Microsoft Visual Studio\2022\Community\Common7\IDE\CommonExtensions\Microsoft\CMake\CMake\bin\cmake.exe" -E cmake_cl_compile_depends --dep-file=CMakeFiles\neg_cv_ptr_cxx.dir\tu_stub_cxx.cpp.obj.d --working-dir=Z:\soft\my\countof_ns\build\vs17.0-nmake\tests...
[This part of the test output was removed since it exceeds the threshold of 1024 bytes.]
</system-out>
	</testcase>
	<testcase name="neg_cv_ptr_cxx_0_fail" classname="neg_cv_ptr_cxx_0_fail" time="0.030299" status="notrun">
		<skipped message="SKIP_RETURN_CODE=42"/>
		<properties>
			<property name="cmake_labels" value="countof_ns;default"/>
		</properties>
		<system-out></system-out>
	</testcase>
	<testcase name="neg_other" classname="neg_other" time="0.488564" status="run">
		<properties>
			<property name="cmake_labels" value="countof_ns;default"/>
		</properties>
		<system-out>[  0%] Built target CounofNS
[100%] Building C object tests/unit/CMakeFiles/neg_other.dir/tu_stub.c.obj
tu_stub.c
Z:\soft\my\countof_ns\tests\unit\neg_other.h(4): error C2100: нельзя разыменовать операнд типа "int"
Z:\soft\my\countof_ns\tests\unit\neg_other.h(4): error C2118: отрицательный индекс
Z:\soft\my\countof_ns\tests\unit\neg_other.h(4): error C2148: общий размер массива не должен превышать 0x7fffffff байт
Z:\soft\my\countof_ns\tests\unit\neg_other.h(4): warning C4034: sizeof возвращает 0
NMAKE : fatal error U1077: "C:\Program Files\Microsoft Visual Studio\2022\Community\Common7\IDE\CommonExtensions\Microsoft\CMake\CMake\bin\cmake.exe" -E cmake_cl_compile_depends --dep-file=CMakeFiles\neg_other.dir\tu_stub.c.obj.d --working-dir=Z:\soft\my\countof_ns\build\vs17.0-nmake\tests\unit --filter-prefix="[NON-UTF-8-BYTE-0xCF][NON-UTF-8-BYTE-0xF0][NON-UTF-8-BYTE-0xE8][NON-UTF-8-BYTE-0xEC][NON-UTF-8-BYTE-0xE5][NON-UTF-8-BYTE-0xF7][NON-UTF-8-BYTE-0xE0][NON-UTF-8-BYTE-0xED][NON-UTF-8-BYTE-0xE8][NON-UTF-8-BYTE-0xE5]: [NON-UTF-8-BYTE-0xE2][NON-UTF-8-BYTE-0xEA][NON-UTF-8-BYTE-0xEB][NON-UTF-8-BYTE-0xFE][NON-UTF-8-BYTE-0xF7][NON-UTF-8-BYTE-0xE5][NON-UTF-8-BYTE-0xED][NON-UTF-8-BYTE-0xE8][NON-UTF-8-BYTE-0xE5] [NON-UTF-8-BYTE-0xF4][NON-UTF-8-BYTE-0xE0][NON-UTF-8-BYTE-0xE9][NON-UTF-8-BYTE-0xEB][NON-UTF-8-BYTE-0xE0]:  " -- C:\PROGRA~1\MICROS~2\2022\COMMUN~1\VC\Tools\MSVC\1444~1.352\bin\Hostx64\x64\cl...
[This part of the test output was removed since it exceeds the threshold of 1024 bytes.]
</system-out>
	</testcase>
	<testcase name="neg_other_0_fail" classname="neg_other_0_fail" time="0.0323319" status="notrun">
		<skipped message="SKIP_RETURN_CODE=42"/>
		<properties>
			<property name="cmake_labels" value="countof_ns;default"/>
		</properties>
		<system-out></system-out>
	</testcase>
	<testcase name="neg_other_cxx" classname="neg_other_cxx" time="0.49903" status="run">
		<properties>
			<property name="cmake_labels" value="countof_ns;default"/>
		</properties>
		<system-out>[  0%] Built target CounofNS
[ 50%] Building CXX object tests/unit/CMakeFiles/neg_other_cxx.dir/tu_stub_cxx.cpp.obj
tu_stub_cxx.cpp
Z:\soft\my\countof_ns\tests\unit\neg_other.h(4): error C2100: нельзя разыменовать операнд типа "int"
NMAKE : fatal error U1077: "C:\Program Files\Microsoft Visual Studio\2022\Community\Common7\IDE\CommonExtensions\Microsoft\CMake\CMake\bin\cmake.exe" -E cmake_cl_compile_depends --dep-file=CMakeFiles\neg_other_cxx.dir\tu_stub_cxx.cpp.obj.d --working-dir=Z:\soft\my\countof_ns\build\vs17.0-nmake\tests\unit --filter-prefix="[NON-UTF-8-BYTE-0xCF][NON-UTF-8-BYTE-0xF0][NON-UTF-8-BYTE-0xE8][NON-UTF-8-BYTE-0xEC][NON-UTF-8-BYTE-0xE5][NON-UTF-8-BYTE-0xF7][NON-UTF-8-BYTE-0xE0][NON-UTF-8-BYTE-0xED][NON-UTF-8-BYTE-0xE8][NON-UTF-8-BYTE-0xE5]: [NON-UTF-8-BYTE-0xE2][NON-UTF-8-BYTE-0xEA][NON-UTF-8-BYTE-0xEB][NON-UTF-8-BYTE-0xFE][NON-UTF-8-BYTE-0xF7][NON-UTF-8-BYTE-0xE5][NON-UTF-8-BYTE-0xED][NON-UTF-8-BYTE-0xE8][NON-UTF-8-BYTE-0xE5] [NON-UTF-8-BYTE-0xF4][NON-UTF-8-BYTE-0xE0][NON-UTF-8-BYTE-0xE9][NON-UTF-8-BYTE-0xEB][NON-UTF-8-BYTE-0xE0]:  " -- C:\PROGRA~1\MICROS~2\2022\COMMUN~1\VC\Tools\MSVC\1444~1.352\bin\Hostx64\x64\cl.exe @C:\Users\leo\AppData\Local\Temp\nmC913.tmp : [NON-UTF-8-BYTE-0xE2][NON-UTF-8-BYTE-0xEE][NON-UTF-8-BYTE-0xE7][NON-UTF-8-BYTE-0xE2][NON-UTF-8-BYTE-0xF0][NON-UTF-8-BYTE-0xE0][NON-UTF-8-BYTE-0xF9][NON-UTF-8-BYTE-0xE5][NON-UTF-8-BYTE-0xED][NON-UTF-8-BYTE-0xED][NON-UTF-8-BYTE-0xFB][NON-UTF-8-BYTE-0xE9] [NON-UTF-8-BYTE-0xEA][NON-UTF-8-BYTE-0xEE][NON-UTF-8-BYTE-0xE4] "0x2"
Stop.
NMAKE : fatal error U1077: "C:\Program Files\Microsoft Visual Studio\2022\Community\VC\Tools\MSVC\14.44.35207\bin\HostX64\x64\nmake.exe" -s -f tests\unit\CMakeFiles\neg_other_cxx.dir\build.make /nologo -SL                 tests\unit\CMakeFiles\ne...
[This part of the test output was removed since it exceeds the threshold of 1024 bytes.]
</system-out>
	</testcase>
	<testcase name="neg_other_cxx_0_fail" classname="neg_other_cxx_0_fail" time="0.0304135" status="notrun">
		<skipped message="SKIP_RETURN_CODE=42"/>
		<properties>
			<property name="cmake_labels" value="countof_ns;default"/>
		</properties>
		<system-out></system-out>
	</testcase>
	<testcase name="neg_ptr" classname="neg_ptr" time="0.497622" status="run">
		<properties>
			<property name="cmake_labels" value="countof_ns;default"/>
		</properties>
		<system-out>[  0%] Built target CounofNS
[ 50%] Building C object tests/unit/CMakeFiles/neg_ptr.dir/tu_stub.c.obj
tu_stub.c
Z:\soft\my\countof_ns\tests\unit\neg_ptr.h(6): error C2118: отрицательный индекс
Z:\soft\my\countof_ns\tests\unit\neg_ptr.h(6): error C2148: общий размер массива не должен превышать 0x7fffffff байт
Z:\soft\my\countof_ns\tests\unit\neg_ptr.h(6): warning C4034: sizeof возвращает 0
Z:\soft\my\countof_ns\tests\unit\neg_ptr.h(7): error C2118: отрицательный индекс
Z:\soft\my\countof_ns\tests\unit\neg_ptr.h(7): error C2148: общий размер массива не должен превышать 0x7fffffff байт
Z:\soft\my\countof_ns\tests\unit\neg_ptr.h(7): warning C4034: sizeof возвращает 0
NMAKE : fatal error U1077: "C:\Program Files\Microsoft Visual Studio\2022\Community\Common7\IDE\CommonExtensions\Microsoft\CMake\CMake\bin\cmake.exe" -E cmake_cl_compile_depends --dep-file=CMakeFiles\neg_ptr.dir\tu_s...
[This part of the test output was removed since it exceeds the threshold of 1024 bytes.]
</system-out>
	</testcase>
	<testcase name="neg_ptr_0_fail" classname="neg_ptr_0_fail" time="0.0300723" status="notrun">
		<skipped message="SKIP_RETURN_CODE=42"/>
		<properties>
			<property name="cmake_labels" value="countof_ns;default"/>
		</properties>
		<system-out></system-out>
	</testcase>
	<testcase name="neg_ptr_cxx" classname="neg_ptr_cxx" time="0.49868" status="run">
		<properties>
			<property name="cmake_labels" value="countof_ns;default"/>
		</properties>
		<system-out>[  0%] Built target CounofNS
[ 50%] Building CXX object tests/unit/CMakeFiles/neg_ptr_cxx.dir/tu_stub_cxx.cpp.obj
tu_stub_cxx.cpp
Z:\soft\my\countof_ns\include\countof_ns.h(107): error C2338: static_assert failed: 'Argument must be zero-length array'
Z:\soft\my\countof_ns\include\countof_ns.h(107): note: контекст создания экземпляра шаблона (сначала самый старый)
Z:\soft\my\countof_ns\tests\unit\neg_ptr.h(6): note: выполняется компиляция ссылки на экземпляр шаблон функции "size_t _countof_ns_aux&lt;8,4,int*&gt;(const T &amp;) noexcept"
        with
        [
            T=int *
        ]
NMAKE : fatal error U1077: "C:\Program Files\Microsoft Visual Studio\2022\Community\Common7\IDE\CommonExtensions\Microsoft\CMake\CMake\bin\cmake.exe" -E cmake_cl_compile_depends --dep-file=CMakeFiles\neg_ptr_cxx.dir\tu_stub_cxx.cpp.obj.d --working-dir=Z:\soft\my\countof_ns\build\vs17.0-nmake\tests\unit --filter-prefix="[NON-UTF-8-BYTE-0xCF][NON-UTF-8-BYTE-0xF0][NON-UTF-8-BYTE-0xE8][NON-UTF-8-BYTE-0xEC][NON-UTF-8-BYTE-0xE5][NON-UTF-8-BYTE-0xF7][NON-UTF-8-BYTE-0xE0][NON-UTF-8-BYTE-0xED][NON-UTF-8-BYTE-0xE8][NON-UTF-8-BYTE-0xE5]: [NON-UTF-8-BYTE-0xE2][NON-UTF-8-BYTE-0xEA][NON-UTF-8-BYTE-0xEB][NON-UTF-8-BYTE-0xFE]...
[This part of the test output was removed since it exceeds the threshold of 1024 bytes.]
</system-out>
	</testcase>
	<testcase name="neg_ptr_cxx_0_fail" classname="neg_ptr_cxx_0_fail" time="0.0357748" status="notrun">
		<skipped message="SKIP_RETURN_CODE=42"/>
		<properties>
			<property name="cmake_labels" value="countof_ns;default"/>
		</properties>
		<system-out></system-out>
	</testcase>
	<testcase name="std_size-pos__selftest_cxx" classname="std_size-pos__selftest_cxx" time="1.36222" status="run">
		<properties>
			<property name="cmake_labels" value="std_size"/>
		</properties>
		<system-out>Internal cmake changing into directory: Z:/soft/my/countof_ns/build/vs17.0-nmake
Change Dir: 'Z:/soft/my/countof_ns/build/vs17.0-nmake'

Run Build Command(s): nmake -f Makefile /nologo std_size-pos__selftest_cxx
[  0%] Built target CounofNS
[ 50%] Building CXX object tests/unit/CMakeFiles/std_size-pos__selftest_cxx.dir/tu_stub_cxx.cpp.obj
tu_stub_cxx.cpp
[100%] Linking CXX executable std_size-pos__selftest_cxx.exe
[100%] Built target std_size-pos__selftest_cxx

Running test command: "Z:/soft/my/countof_ns/build/vs17.0-nmake/tests/unit/std_size-pos__selftest_cxx.exe"
Ok 1 TU_STATIC_ASSERT_AND_RETURN((1)=1, ...) Z:\soft\my\countof_ns\tests\unit\pos__selftest.h:pos__selftest.h:TU_UNIT for _comparisons/std_size.h:std_size(), C++ 202400L

</system-out>
	</testcase>
	<testcase name="std_size-pos_array_cxx" classname="std_size-pos_array_cxx" time="1.43048" status="run">
		<properties>
			<property name="cmake_labels" value="std_size"/>
		</properties>
		<system-out>Internal cmake changing into directory: Z:/soft/my/countof_ns/build/vs17.0-nmake
Change Dir: 'Z:/soft/my/countof_ns/build/vs17.0-nmake'

Run Build Command(s): nmake -f Makefile /nologo std_size-pos_array_cxx
[  0%] Built target CounofNS
[ 50%] Building CXX object tests/unit/CMakeFiles/std_size-pos_array_cxx.dir/tu_stub_cxx.cpp.obj
tu_stub_cxx.cpp
[100%] Linking CXX executable std_size-pos_array_cxx.exe
[100%] Built target std_size-pos_array_cxx

Running test command: "Z:/soft/my/countof_ns/build/vs17.0-nmake/tests/unit/std_size-pos_array_cxx.exe"
Ok 1 TU_STATIC_ASSERT_AND_RETURN((1)=1, ...) Z:\soft\my\countof_ns\tests\unit\pos_array.h:pos_array.h:TU_UNIT for _comparisons/std_size.h:std_size(), C++ 202400L

</system-out>
	</testcase>
	<testcase name="std_size-pos_cv_array_cxx" classname="std_size-pos_cv_array_cxx" time="1.40049" status="run">
		<properties>
			<property name="cmake_labels" value="std_size"/>
		</properties>
		<system-out>Internal cmake changing into directory: Z:/soft/my/countof_ns/build/vs17.0-nmake
Change Dir: 'Z:/soft/my/countof_ns/build/vs17.0-nmake'

Run Build Command(s): nmake -f Makefile /nologo std_size-pos_cv_array_cxx
[  0%] Built target CounofNS
[ 50%] Building CXX object tests/unit/CMakeFiles/std_size-pos_cv_array_cxx.dir/tu_stub_cxx.cpp.obj
tu_stub_cxx.cpp
[100%] Linking CXX executable std_size-pos_cv_array_cxx.exe
[100%] Built target std_size-pos_cv_array_cxx

Running test command: "Z:/soft/my/countof_ns/build/vs17.0-nmake/tests/unit/std_size-pos_cv_array_cxx.exe"
Ok 1 TU_STATIC_ASSERT_AND_RETURN((1)=1, ...) Z:\soft\my\countof_ns\tests\unit\pos_cv_array.h:pos_cv_array.h:TU_UNIT for _comparisons/std_size.h:std_size(), C++ 202400L

</system-out>
	</testcase>
	<testcase name="std_size-neg__selftest_cxx" classname="std_size-neg__selftest_cxx" time="0.84113" status="run">
		<properties>
			<property name="cmake_labels" value="std_size"/>
		</properties>
		<system-out>[  0%] Built target CounofNS
[ 50%] Building CXX object tests/unit/CMakeFiles/std_size-neg__selftest_cxx.dir/tu_stub_cxx.cpp.obj
tu_stub_cxx.cpp
Z:\soft\my\countof_ns\tests\unit\neg__selftest.h(12): error C2338: static_assert failed: '0'
NMAKE : fatal error U1077: "C:\Program Files\Microsoft Visual Studio\2022\Community\Common7\IDE\CommonExtensions\Microsoft\CMake\CMake\bin\cmake.exe" -E cmake_cl_compile_depends --dep-file=CMakeFiles\std_size-neg__selftest_cxx.dir\tu_stub_cxx.cpp.obj.d --working-dir=Z:\soft\my\countof_ns\build\vs17.0-nmake\tests\unit --filter-prefix="[NON-UTF-8-BYTE-0xCF][NON-UTF-8-BYTE-0xF0][NON-UTF-8-BYTE-0xE8][NON-UTF-8-BYTE-0xEC][NON-UTF-8-BYTE-0xE5][NON-UTF-8-BYTE-0xF7][NON-UTF-8-BYTE-0xE0][NON-UTF-8-BYTE-0xED][NON-UTF-8-BYTE-0xE8][NON-UTF-8-BYTE-0xE5]: [NON-UTF-8-BYTE-0xE2][NON-UTF-8-BYTE-0xEA][NON-UTF-8-BYTE-0xEB][NON-UTF-8-BYTE-0xFE][NON-UTF-8-BYTE-0xF7][NON-UTF-8-BYTE-0xE5][NON-UTF-8-BYTE-0xED][NON-UTF-8-BYTE-0xE8][NON-UTF-8-BYTE-0xE5] [NON-UTF-8-BYTE-0xF4][NON-UTF-8-BYTE-0xE0][NON-UTF-8-BYTE-0xE9][NON-UTF-8-BYTE-0xEB][NON-UTF-8-BYTE-0xE0]:  " -- C:\PROGRA~1\MICROS~2\2022\COMMUN~1\VC\Tools\MSVC\1444~1.352\bin\Hostx64\x64\cl.exe @C:\Users\leo\AppData\Local\Temp\nmDFC7.tmp : [NON-UTF-8-BYTE-0xE2][NON-UTF-8-BYTE-0xEE][NON-UTF-8-BYTE-0xE7][NON-UTF-8-BYTE-0xE2][NON-UTF-8-BYTE-0xF0][NON-UTF-8-BYTE-0xE0][NON-UTF-8-BYTE-0xF9][NON-UTF-8-BYTE-0xE5][NON-UTF-8-BYTE-0xED][NON-UTF-8-BYTE-0xED][NON-UTF-8-BYTE-0xFB][NON-UTF-8-BYTE-0xE9] [NON-UTF-8-BYTE-0xEA][NON-UTF-8-BYTE-0xEE][NON-UTF-8-BYTE-0xE4] "0x2"
Stop.
NMAKE : fatal error U1077: "C:\Program Files\Microsoft Visual Studio\2022\Community\VC\Tools\MSVC\14.44.35207\bin\HostX64\x64\nmake.exe" -s -f tests\unit\CMakeFiles\std_size-neg__selftest_cxx.dir\build.make /nologo -SL                 tests\unit\CMakeFiles\...
[This part of the test output was removed since it exceeds the threshold of 1024 bytes.]
</system-out>
	</testcase>
	<testcase name="std_size-neg__selftest_cxx_0_fail" classname="std_size-neg__selftest_cxx_0_fail" time="0.031098" status="notrun">
		<skipped message="SKIP_RETURN_CODE=42"/>
		<properties>
			<property name="cmake_labels" value="std_size"/>
		</properties>
		<system-out></system-out>
	</testcase>
	<testcase name="std_size-neg_cv_ptr_cxx" classname="std_size-neg_cv_ptr_cxx" time="0.848861" status="run">
		<properties>
			<property name="cmake_labels" value="std_size"/>
		</properties>
		<system-out>[  0%] Built target CounofNS
[ 50%] Building CXX object tests/unit/CMakeFiles/std_size-neg_cv_ptr_cxx.dir/tu_stub_cxx.cpp.obj
tu_stub_cxx.cpp
Z:\soft\my\countof_ns\tests\unit\neg_cv_ptr.h(4): error C2672: "std::size": не найдена соответствующая перегруженная функция
C:\Program Files\Microsoft Visual Studio\2022\Community\VC\Tools\MSVC\14.44.35207\include\xutility(2112): note: может быть "size_t std::size(const _Ty (&amp;)[_Size]) noexcept"
Z:\soft\my\countof_ns\tests\unit\neg_cv_ptr.h(4): note: 'size_t std::size(const _Ty (&amp;)[_Size]) noexcept': не удалось вывести аргумент шаблон для 'const _Ty (&amp;)[_Size]' из 'volatile const int *'
C:\Program Files\Microsoft Visual Studio\2022\Community\VC\Tools\MSVC\14.44.35207\include\xutility(2106): note: или       "unknown-type std::size(const _Container &amp;) noexcept(&lt;expr&gt;)"
Z:\soft\my\countof_ns\tests\unit\neg_cv_ptr.h(4): note: Сбой при специализации функции-...
[This part of the test output was removed since it exceeds the threshold of 1024 bytes.]
</system-out>
	</testcase>
	<testcase name="std_size-neg_cv_ptr_cxx_0_fail" classname="std_size-neg_cv_ptr_cxx_0_fail" time="0.0295802" status="notrun">
		<skipped message="SKIP_RETURN_CODE=42"/>
		<properties>
			<property name="cmake_labels" value="std_size"/>
		</properties>
		<system-out></system-out>
	</testcase>
	<testcase name="std_size-neg_other_cxx" classname="std_size-neg_other_cxx" time="0.816299" status="run">
		<properties>
			<property name="cmake_labels" value="std_size"/>
		</properties>
		<system-out>[  0%] Built target CounofNS
[100%] Building CXX object tests/unit/CMakeFiles/std_size-neg_other_cxx.dir/tu_stub_cxx.cpp.obj
tu_stub_cxx.cpp
Z:\soft\my\countof_ns\tests\unit\neg_other.h(4): error C2672: "std::size": не найдена соответствующая перегруженная функция
C:\Program Files\Microsoft Visual Studio\2022\Community\VC\Tools\MSVC\14.44.35207\include\xutility(2112): note: может быть "size_t std::size(const _Ty (&amp;)[_Size]) noexcept"
Z:\soft\my\countof_ns\tests\unit\neg_other.h(4): note: 'size_t std::size(const _Ty (&amp;)[_Size]) noexcept': не удалось вывести аргумент шаблон для 'const _Ty (&amp;)[_Size]' из 'int'
C:\Program Files\Microsoft Visual Studio\2022\Community\VC\Tools\MSVC\14.44.35207\include\xutility(2106): note: или       "unknown-type std::size(const _Container &amp;) noexcept(&lt;expr&gt;)"
Z:\soft\my\countof_ns\tests\unit\neg_other.h(4): note: Сбой при специализации функции-шаблона "unkno...
[This part of the test output was removed since it exceeds the threshold of 1024 bytes.]
</system-out>
	</testcase>
	<testcase name="std_size-neg_other_cxx_0_fail" classname="std_size-neg_other_cxx_0_fail" time="0.0273638" status="notrun">
		<skipped message="SKIP_RETURN_CODE=42"/>
		<properties>
			<property name="cmake_labels" value="std_size"/>
		</properties>
		<system-out></system-out>
	</testcase>
	<testcase name="std_size-neg_ptr_cxx" classname="std_size-neg_ptr_cxx" time="0.812192" status="run">
		<properties>
			<property name="cmake_labels" value="std_size"/>
		</properties>
		<system-out>[  0%] Built target CounofNS
[ 50%] Building CXX object tests/unit/CMakeFiles/std_size-neg_ptr_cxx.dir/tu_stub_cxx.cpp.obj
tu_stub_cxx.cpp
Z:\soft\my\countof_ns\tests\unit\neg_ptr.h(6): error C2672: "std::size": не найдена соответствующая перегруженная функция
C:\Program Files\Microsoft Visual Studio\2022\Community\VC\Tools\MSVC\14.44.35207\include\xutility(2112): note: может быть "size_t std::size(const _Ty (&amp;)[_Size]) noexcept"
Z:\soft\my\countof_ns\tests\unit\neg_ptr.h(6): note: 'size_t std::size(const _Ty (&amp;)[_Size]) noexcept': не удалось вывести аргумент шаблон для 'const _Ty (&amp;)[_Size]' из 'int *'
C:\Program Files\Microsoft Visual Studio\2022\Community\VC\Tools\MSVC\14.44.35207\include\xutility(2106): note: или       "unknown-type std::size(const _Container &amp;) noexcept(&lt;expr&gt;)"
Z:\soft\my\countof_ns\tests\unit\neg_ptr.h(6): note: Сбой при специализации функции-шаблона "unknown-typ...
[This part of the test output was removed since it exceeds the threshold of 1024 bytes.]
</system-out>
	</testcase>
	<testcase name="std_size-neg_ptr_cxx_0_fail" classname="std_size-neg_ptr_cxx_0_fail" time="0.0311848" status="notrun">
		<skipped message="SKIP_RETURN_CODE=42"/>
		<properties>
			<property name="cmake_labels" value="std_size"/>
		</properties>
		<system-out></system-out>
	</testcase>
	<testcase name="JZMG_ARRAY_LEN-pos__selftest" classname="JZMG_ARRAY_LEN-pos__selftest" time="0.899181" status="run">
		<properties>
			<property name="cmake_labels" value="JZMG_ARRAY_LEN"/>
		</properties>
		<system-out>Internal cmake changing into directory: Z:/soft/my/countof_ns/build/vs17.0-nmake
Change Dir: 'Z:/soft/my/countof_ns/build/vs17.0-nmake'

Run Build Command(s): nmake -f Makefile /nologo JZMG_ARRAY_LEN-pos__selftest
[  0%] Built target CounofNS
[  0%] Building C object tests/unit/CMakeFiles/JZMG_ARRAY_LEN-pos__selftest.dir/tu_stub.c.obj
tu_stub.c
[100%] Linking C executable JZMG_ARRAY_LEN-pos__selftest.exe
[100%] Built target JZMG_ARRAY_LEN-pos__selftest

Running test command: "Z:/soft/my/countof_ns/build/vs17.0-nmake/tests/unit/JZMG_ARRAY_LEN-pos__selftest.exe"
Ok 1 TU_STATIC_ASSERT_AND_RETURN((1)=1, ...) Z:\soft\my\countof_ns\tests\unit\pos__selftest.h:pos__selftest.h:TU_UNIT for _comparisons/JZMG_ARRAY_LEN.h:JZMG_ARRAY_LEN(), C 201710L

</system-out>
	</testcase>
	<testcase name="JZMG_ARRAY_LEN-pos__selftest_cxx" classname="JZMG_ARRAY_LEN-pos__selftest_cxx" time="0.938918" status="run">
		<properties>
			<property name="cmake_labels" value="JZMG_ARRAY_LEN"/>
		</properties>
		<system-out>Internal cmake changing into directory: Z:/soft/my/countof_ns/build/vs17.0-nmake
Change Dir: 'Z:/soft/my/countof_ns/build/vs17.0-nmake'

Run Build Command(s): nmake -f Makefile /nologo JZMG_ARRAY_LEN-pos__selftest_cxx
[  0%] Built target CounofNS
[ 50%] Building CXX object tests/unit/CMakeFiles/JZMG_ARRAY_LEN-pos__selftest_cxx.dir/tu_stub_cxx.cpp.obj
tu_stub_cxx.cpp
[100%] Linking CXX executable JZMG_ARRAY_LEN-pos__selftest_cxx.exe
[100%] Built target JZMG_ARRAY_LEN-pos__selftest_cxx

Running test command: "Z:/soft/my/countof_ns/build/vs17.0-nmake/tests/unit/JZMG_ARRAY_LEN-pos__selftest_cxx.exe"
Ok 1 TU_STATIC_ASSERT_AND_RETURN((1)=1, ...) Z:\soft\my\countof_ns\tests\unit\pos__selftest.h:pos__selftest.h:TU_UNIT for _comparisons/JZMG_ARRAY_LEN.h:JZMG_ARRAY_LEN(), C++ 202400L

</system-out>
	</testcase>
	<testcase name="JZMG_ARRAY_LEN-pos_array" classname="JZMG_ARRAY_LEN-pos_array" time="1.07471" status="run">
		<properties>
			<property name="cmake_labels" value="JZMG_ARRAY_LEN"/>
		</properties>
		<system-out>Internal cmake changing into directory: Z:/soft/my/countof_ns/build/vs17.0-nmake
Change Dir: 'Z:/soft/my/countof_ns/build/vs17.0-nmake'

Run Build Command(s): nmake -f Makefile /nologo JZMG_ARRAY_LEN-pos_array
[  0%] Built target CounofNS
[ 50%] Building C object tests/unit/CMakeFiles/JZMG_ARRAY_LEN-pos_array.dir/tu_stub.c.obj
tu_stub.c
[100%] Linking C executable JZMG_ARRAY_LEN-pos_array.exe
[100%] Built target JZMG_ARRAY_LEN-pos_array

Running test command: "Z:/soft/my/countof_ns/build/vs17.0-nmake/tests/unit/JZMG_ARRAY_LEN-pos_array.exe"
Ok 1 TU_STATIC_ASSERT_AND_RETURN((1)=1, ...) Z:\soft\my\countof_ns\tests\unit\pos_array.h:pos_array.h:TU_UNIT for _comparisons/JZMG_ARRAY_LEN.h:JZMG_ARRAY_LEN(), C 201710L

</system-out>
	</testcase>
	<testcase name="JZMG_ARRAY_LEN-pos_array_cxx" classname="JZMG_ARRAY_LEN-pos_array_cxx" time="1.15587" status="run">
		<properties>
			<property name="cmake_labels" value="JZMG_ARRAY_LEN"/>
		</properties>
		<system-out>Internal cmake changing into directory: Z:/soft/my/countof_ns/build/vs17.0-nmake
Change Dir: 'Z:/soft/my/countof_ns/build/vs17.0-nmake'

Run Build Command(s): nmake -f Makefile /nologo JZMG_ARRAY_LEN-pos_array_cxx
[  0%] Built target CounofNS
[ 50%] Building CXX object tests/unit/CMakeFiles/JZMG_ARRAY_LEN-pos_array_cxx.dir/tu_stub_cxx.cpp.obj
tu_stub_cxx.cpp
[100%] Linking CXX executable JZMG_ARRAY_LEN-pos_array_cxx.exe
[100%] Built target JZMG_ARRAY_LEN-pos_array_cxx

Running test command: "Z:/soft/my/countof_ns/build/vs17.0-nmake/tests/unit/JZMG_ARRAY_LEN-pos_array_cxx.exe"
Ok 1 TU_STATIC_ASSERT_AND_RETURN((1)=1, ...) Z:\soft\my\countof_ns\tests\unit\pos_array.h:pos_array.h:TU_UNIT for _comparisons/JZMG_ARRAY_LEN.h:JZMG_ARRAY_LEN(), C++ 202400L

</system-out>
	</testcase>
	<testcase name="JZMG_ARRAY_LEN-pos_cv_array" classname="JZMG_ARRAY_LEN-pos_cv_array" time="1.10428" status="run">
		<properties>
			<property name="cmake_labels" value="JZMG_ARRAY_LEN"/>
		</properties>
		<system-out>Internal cmake changing into directory: Z:/soft/my/countof_ns/build/vs17.0-nmake
Change Dir: 'Z:/soft/my/countof_ns/build/vs17.0-nmake'

Run Build Command(s): nmake -f Makefile /nologo JZMG_ARRAY_LEN-pos_cv_array
[  0%] Built target CounofNS
[  0%] Building C object tests/unit/CMakeFiles/JZMG_ARRAY_LEN-pos_cv_array.dir/tu_stub.c.obj
tu_stub.c
[100%] Linking C executable JZMG_ARRAY_LEN-pos_cv_array.exe
[100%] Built target JZMG_ARRAY_LEN-pos_cv_array

Running test command: "Z:/soft/my/countof_ns/build/vs17.0-nmake/tests/unit/JZMG_ARRAY_LEN-pos_cv_array.exe"
Ok 1 TU_STATIC_ASSERT_AND_RETURN((1)=1, ...) Z:\soft\my\countof_ns\tests\unit\pos_cv_array.h:pos_cv_array.h:TU_UNIT for _comparisons/JZMG_ARRAY_LEN.h:JZMG_ARRAY_LEN(), C 201710L

</system-out>
	</testcase>
	<testcase name="JZMG_ARRAY_LEN-pos_cv_array_cxx" classname="JZMG_ARRAY_LEN-pos_cv_array_cxx" time="0.993435" status="run">
		<properties>
			<property name="cmake_labels" value="JZMG_ARRAY_LEN"/>
		</properties>
		<system-out>Internal cmake changing into directory: Z:/soft/my/countof_ns/build/vs17.0-nmake
Change Dir: 'Z:/soft/my/countof_ns/build/vs17.0-nmake'

Run Build Command(s): nmake -f Makefile /nologo JZMG_ARRAY_LEN-pos_cv_array_cxx
[  0%] Built target CounofNS
[ 50%] Building CXX object tests/unit/CMakeFiles/JZMG_ARRAY_LEN-pos_cv_array_cxx.dir/tu_stub_cxx.cpp.obj
tu_stub_cxx.cpp
[100%] Linking CXX executable JZMG_ARRAY_LEN-pos_cv_array_cxx.exe
[100%] Built target JZMG_ARRAY_LEN-pos_cv_array_cxx

Running test command: "Z:/soft/my/countof_ns/build/vs17.0-nmake/tests/unit/JZMG_ARRAY_LEN-pos_cv_array_cxx.exe"
Ok 1 TU_STATIC_ASSERT_AND_RETURN((1)=1, ...) Z:\soft\my\countof_ns\tests\unit\pos_cv_array.h:pos_cv_array.h:TU_UNIT for _comparisons/JZMG_ARRAY_LEN.h:JZMG_ARRAY_LEN(), C++ 202400L

</system-out>
	</testcase>
	<testcase name="JZMG_ARRAY_LEN-neg__selftest" classname="JZMG_ARRAY_LEN-neg__selftest" time="0.47411" status="run">
		<properties>
			<property name="cmake_labels" value="JZMG_ARRAY_LEN"/>
		</properties>
		<system-out>[  0%] Built target CounofNS
[  0%] Building C object tests/unit/CMakeFiles/JZMG_ARRAY_LEN-neg__selftest.dir/tu_stub.c.obj
tu_stub.c
Z:\soft\my\countof_ns\tests\unit\neg__selftest.h(12): error C2338: static_assert failed: '0'
NMAKE : fatal error U1077: "C:\Program Files\Microsoft Visual Studio\2022\Community\Common7\IDE\CommonExtensions\Microsoft\CMake\CMake\bin\cmake.exe" -E cmake_cl_compile_depends --dep-file=CMakeFiles\JZMG_ARRAY_LEN-neg__selftest.dir\tu_stub.c.obj.d --working-dir=Z:\soft\my\countof_ns\build\vs17.0-nmake\tests\unit --filter-prefix="[NON-UTF-8-BYTE-0xCF][NON-UTF-8-BYTE-0xF0][NON-UTF-8-BYTE-0xE8][NON-UTF-8-BYTE-0xEC][NON-UTF-8-BYTE-0xE5][NON-UTF-8-BYTE-0xF7][NON-UTF-8-BYTE-0xE0][NON-UTF-8-BYTE-0xED][NON-UTF-8-BYTE-0xE8][NON-UTF-8-BYTE-0xE5]: [NON-UTF-8-BYTE-0xE2][NON-UTF-8-BYTE-0xEA][NON-UTF-8-BYTE-0xEB][NON-UTF-8-BYTE-0xFE][NON-UTF-8-BYTE-0xF7][NON-UTF-8-BYTE-0xE5][NON-UTF-8-BYTE-0xED][NON-UTF-8-BYTE-0xE8][NON-UTF-8-BYTE-0xE5] [NON-UTF-8-BYTE-0xF4][NON-UTF-8-BYTE-0xE0][NON-UTF-8-BYTE-0xE9][NON-UTF-8-BYTE-0xEB][NON-UTF-8-BYTE-0xE0]:  " -- C:\PROGRA~1\MICROS~2\2022\COMMUN~1\VC\Tools\MSVC\1444~1.352\bin\Hostx64\x64\cl.exe @C:\Users\leo\AppData\Local\Temp\nm570.tmp : [NON-UTF-8-BYTE-0xE2][NON-UTF-8-BYTE-0xEE][NON-UTF-8-BYTE-0xE7][NON-UTF-8-BYTE-0xE2][NON-UTF-8-BYTE-0xF0][NON-UTF-8-BYTE-0xE0][NON-UTF-8-BYTE-0xF9][NON-UTF-8-BYTE-0xE5][NON-UTF-8-BYTE-0xED][NON-UTF-8-BYTE-0xED][NON-UTF-8-BYTE-0xFB][NON-UTF-8-BYTE-0xE9] [NON-UTF-8-BYTE-0xEA][NON-UTF-8-BYTE-0xEE][NON-UTF-8-BYTE-0xE4] "0x2"
Stop.
NMAKE : fatal error U1077: "C:\Program Files\Microsoft Visual Studio\2022\Community\VC\Tools\MSVC\14.44.35207\bin\HostX64\x64\nmake.exe" -s -f tests\unit\CMakeFiles\JZMG_ARRAY_LEN-neg__selftest.dir\build.make /nologo -SL                 tests\unit\CMakeFiles\JZMG_ARRAY_LEN-...
[This part of the test output was removed since it exceeds the threshold of 1024 bytes.]
</system-out>
	</testcase>
	<testcase name="JZMG_ARRAY_LEN-neg__selftest_0_fail" classname="JZMG_ARRAY_LEN-neg__selftest_0_fail" time="0.0379736" status="notrun">
		<skipped message="SKIP_RETURN_CODE=42"/>
		<properties>
			<property name="cmake_labels" value="JZMG_ARRAY_LEN"/>
		</properties>
		<system-out></system-out>
	</testcase>
	<testcase name="JZMG_ARRAY_LEN-neg__selftest_cxx" classname="JZMG_ARRAY_LEN-neg__selftest_cxx" time="0.6893" status="run">
		<properties>
			<property name="cmake_labels" value="JZMG_ARRAY_LEN"/>
		</properties>
		<system-out>[  0%] Built target CounofNS
[ 50%] Building CXX object tests/unit/CMakeFiles/JZMG_ARRAY_LEN-neg__selftest_cxx.dir/tu_stub_cxx.cpp.obj
tu_stub_cxx.cpp
Z:\soft\my\countof_ns\tests\unit\neg__selftest.h(12): error C2338: static_assert failed: '0'
NMAKE : fatal error U1077: "C:\Program Files\Microsoft Visual Studio\2022\Community\Common7\IDE\CommonExtensions\Microsoft\CMake\CMake\bin\cmake.exe" -E cmake_cl_compile_depends --dep-file=CMakeFiles\JZMG_ARRAY_LEN-neg__selftest_cxx.dir\tu_stub_cxx.cpp.obj.d --working-dir=Z:\soft\my\countof_ns\build\vs17.0-nmake\tests\unit --filter-prefix="[NON-UTF-8-BYTE-0xCF][NON-UTF-8-BYTE-0xF0][NON-UTF-8-BYTE-0xE8][NON-UTF-8-BYTE-0xEC][NON-UTF-8-BYTE-0xE5][NON-UTF-8-BYTE-0xF7][NON-UTF-8-BYTE-0xE0][NON-UTF-8-BYTE-0xED][NON-UTF-8-BYTE-0xE8][NON-UTF-8-BYTE-0xE5]: [NON-UTF-8-BYTE-0xE2][NON-UTF-8-BYTE-0xEA][NON-UTF-8-BYTE-0xEB][NON-UTF-8-BYTE-0xFE][NON-UTF-8-BYTE-0xF7][NON-UTF-8-BYTE-0xE5][NON-UTF-8-BYTE-0xED][NON-UTF-8-BYTE-0xE8][NON-UTF-8-BYTE-0xE5] [NON-UTF-8-BYTE-0xF4][NON-UTF-8-BYTE-0xE0][NON-UTF-8-BYTE-0xE9][NON-UTF-8-BYTE-0xEB][NON-UTF-8-BYTE-0xE0]:  " -- C:\PROGRA~1\MICROS~2\2022\COMMUN~1\VC\Tools\MSVC\1444~1.352\bin\Hostx64\x64\cl.exe @C:\Users\leo\AppData\Local\Temp\nm81F.tmp : [NON-UTF-8-BYTE-0xE2][NON-UTF-8-BYTE-0xEE][NON-UTF-8-BYTE-0xE7][NON-UTF-8-BYTE-0xE2][NON-UTF-8-BYTE-0xF0][NON-UTF-8-BYTE-0xE0][NON-UTF-8-BYTE-0xF9][NON-UTF-8-BYTE-0xE5][NON-UTF-8-BYTE-0xED][NON-UTF-8-BYTE-0xED][NON-UTF-8-BYTE-0xFB][NON-UTF-8-BYTE-0xE9] [NON-UTF-8-BYTE-0xEA][NON-UTF-8-BYTE-0xEE][NON-UTF-8-BYTE-0xE4] "0x2"
Stop.
NMAKE : fatal error U1077: "C:\Program Files\Microsoft Visual Studio\2022\Community\VC\Tools\MSVC\14.44.35207\bin\HostX64\x64\nmake.exe" -s -f tests\unit\CMakeFiles\JZMG_ARRAY_LEN-neg__selftest_cxx.dir\build.make /nologo -SL                 tests...
[This part of the test output was removed since it exceeds the threshold of 1024 bytes.]
</system-out>
	</testcase>
	<testcase name="JZMG_ARRAY_LEN-neg__selftest_cxx_0_fail" classname="JZMG_ARRAY_LEN-neg__selftest_cxx_0_fail" time="0.02983" status="notrun">
		<skipped message="SKIP_RETURN_CODE=42"/>
		<properties>
			<property name="cmake_labels" value="JZMG_ARRAY_LEN"/>
		</properties>
		<system-out></system-out>
	</testcase>
	<testcase name="JZMG_ARRAY_LEN-neg_cv_ptr" classname="JZMG_ARRAY_LEN-neg_cv_ptr" time="1.13101" status="fail">
		<failure message="Failed"/>
		<properties>
			<property name="cmake_labels" value="JZMG_ARRAY_LEN"/>
		</properties>
		<system-out>[  0%] Built target CounofNS
[ 50%] Building C object tests/unit/CMakeFiles/JZMG_ARRAY_LEN-neg_cv_ptr.dir/tu_stub.c.obj
tu_stub.c
Z:\soft\my\countof_ns\tests\unit\neg_cv_ptr.h(4): warning C4047: -: "volatile const int (**)[2]" отличается по уровням косвенного обращения от "volatile const int ***"
[100%] Linking C executable JZMG_ARRAY_LEN-neg_cv_ptr.exe
[100%] Built target JZMG_ARRAY_LEN-neg_cv_ptr
</system-out>
	</testcase>
	<testcase name="JZMG_ARRAY_LEN-neg_cv_ptr_0_fail" classname="JZMG_ARRAY_LEN-neg_cv_ptr_0_fail" time="0.0425221" status="notrun">
		<skipped message="SKIP_RETURN_CODE=42"/>
		<properties>
			<property name="cmake_labels" value="JZMG_ARRAY_LEN"/>
		</properties>
		<system-out></system-out>
	</testcase>
	<testcase name="JZMG_ARRAY_LEN-neg_cv_ptr_cxx" classname="JZMG_ARRAY_LEN-neg_cv_ptr_cxx" time="0.614181" status="run">
		<properties>
			<property name="cmake_labels" value="JZMG_ARRAY_LEN"/>
		</properties>
		<system-out>[  0%] Built target CounofNS
[ 50%] Building CXX object tests/unit/CMakeFiles/JZMG_ARRAY_LEN-neg_cv_ptr_cxx.dir/tu_stub_cxx.cpp.obj
tu_stub_cxx.cpp
Z:\soft\my\countof_ns\tests\unit\neg_cv_ptr.h(4): error C2672: "__array_len_aux&lt;8&gt;::match_only_array": не найдена соответствующая перегруженная функция
Z:\soft\my\countof_ns\include\_comparisons/JZMG_ARRAY_LEN.h(23): note: может быть "const char (&amp;__array_len_aux&lt;8&gt;::match_only_array(T (&amp;)[M]))[M]"
Z:\soft\my\countof_ns\tests\unit\neg_cv_ptr.h(4): note: 'const char (&amp;__array_len_aux&lt;8&gt;::match_only_array(T (&amp;)[M]))[M]': не удалось вывести аргумент шаблон для 'T (&amp;)[M]' из 'volatile const int *'
NMAKE : fatal error U1077: "C:\Program Files\Microsoft Visual Studio\2022\Community\Common7\IDE\CommonExtensions\Microsoft\CMake\CMake\bin\cmake.exe" -E cmake_cl_compile_depends --dep-file=CMakeFiles\JZMG_ARRAY_LEN-neg_cv_ptr_cxx.dir\tu_stub_cxx.cpp.obj.d --working-dir=Z:\soft\my\countof_...
[This part of the test output was removed since it exceeds the threshold of 1024 bytes.]
</system-out>
	</testcase>
	<testcase name="JZMG_ARRAY_LEN-neg_cv_ptr_cxx_0_fail" classname="JZMG_ARRAY_LEN-neg_cv_ptr_cxx_0_fail" time="0.0491637" status="notrun">
		<skipped message="SKIP_RETURN_CODE=42"/>
		<properties>
			<property name="cmake_labels" value="JZMG_ARRAY_LEN"/>
		</properties>
		<system-out></system-out>
	</testcase>
	<testcase name="JZMG_ARRAY_LEN-neg_other" classname="JZMG_ARRAY_LEN-neg_other" time="0.525893" status="run">
		<properties>
			<property name="cmake_labels" value="JZMG_ARRAY_LEN"/>
		</properties>
		<system-out>[  0%] Built target CounofNS
[  0%] Building C object tests/unit/CMakeFiles/JZMG_ARRAY_LEN-neg_other.dir/tu_stub.c.obj
tu_stub.c
Z:\soft\my\countof_ns\tests\unit\neg_other.h(4): error C2100: нельзя разыменовать операнд типа "int"
Z:\soft\my\countof_ns\tests\unit\neg_other.h(4): warning C4047: -: "int (**)[1]" отличается по уровням косвенного обращения от "int **"
NMAKE : fatal error U1077: "C:\Program Files\Microsoft Visual Studio\2022\Community\Common7\IDE\CommonExtensions\Microsoft\CMake\CMake\bin\cmake.exe" -E cmake_cl_compile_depends --dep-file=CMakeFiles\JZMG_ARRAY_LEN-neg_other.dir\tu_stub.c.obj.d --working-dir=Z:\soft\my\countof_ns\build\vs17.0-nmake\tests\unit --filter-prefix="[NON-UTF-8-BYTE-0xCF][NON-UTF-8-BYTE-0xF0][NON-UTF-8-BYTE-0xE8][NON-UTF-8-BYTE-0xEC][NON-UTF-8-BYTE-0xE5][NON-UTF-8-BYTE-0xF7][NON-UTF-8-BYTE-0xE0][NON-UTF-8-BYTE-0xED][NON-UTF-8-BYTE-0xE8][NON-UTF-8-BYTE-0xE5]: [NON-UTF-8-BYTE-0xE2][NON-UTF-8-BYTE-0xEA][NON-UTF-8-BYTE-0xEB][NON-UTF-8-BYTE-0xFE][NON-UTF-8-BYTE-0xF7][NON-UTF-8-BYTE-0xE5][NON-UTF-8-BYTE-0xED][NON-UTF-8-BYTE-0xE8][NON-UTF-8-BYTE-0xE5] [NON-UTF-8-BYTE-0xF4][NON-UTF-8-BYTE-0xE0][NON-UTF-8-BYTE-0xE9][NON-UTF-8-BYTE-0xEB][NON-UTF-8-BYTE-0xE0]:  " -- C:\PROGRA~1\MICROS~2\2022\COMMUN~1\VC\Tools\MSVC\1444~1.352\bin\Hostx64\x64\cl.exe @C:\Users\leo\AppData\Local\Temp\nm11C4.tmp : [NON-UTF-8-BYTE-0xE2][NON-UTF-8-BYTE-0xEE][NON-UTF-8-BYTE-0xE7][NON-UTF-8-BYTE-0xE2][NON-UTF-8-BYTE-0xF0][NON-UTF-8-BYTE-0xE0][NON-UTF-8-BYTE-0xF9][NON-UTF-8-BYTE-0xE5][NON-UTF-8-BYTE-0xED][NON-UTF-8-BYTE-0xED][NON-UTF-8-BYTE-0xFB][NON-UTF-8-BYTE-0xE9] [NON-UTF-8-BYTE-0xEA][NON-UTF-8-BYTE-0xEE][NON-UTF-8-BYTE-0xE4] "0x2"
Stop.
NMAKE : fatal error U1077: "C:\Program Files\Microsoft Visual Studio...
[This part of the test output was removed since it exceeds the threshold of 1024 bytes.]
</system-out>
	</testcase>
	<testcase name="JZMG_ARRAY_LEN-neg_other_0_fail" classname="JZMG_ARRAY_LEN-neg_other_0_fail" time="0.030963" status="notrun">
		<skipped message="SKIP_RETURN_CODE=42"/>
		<properties>
			<property name="cmake_labels" value="JZMG_ARRAY_LEN"/>
		</properties>
		<system-out></system-out>
	</testcase>
	<testcase name="JZMG_ARRAY_LEN-neg_other_cxx" classname="JZMG_ARRAY_LEN-neg_other_cxx" time="0.49482" status="run">
		<properties>
			<property name="cmake_labels" value="JZMG_ARRAY_LEN"/>
		</properties>
		<system-out>[  0%] Built target CounofNS
[ 50%] Building CXX object tests/unit/CMakeFiles/JZMG_ARRAY_LEN-neg_other_cxx.dir/tu_stub_cxx.cpp.obj
tu_stub_cxx.cpp
Z:\soft\my\countof_ns\tests\unit\neg_other.h(4): error C2672: "__array_len_aux&lt;4&gt;::match_only_array": не найдена соответствующая перегруженная функция
Z:\soft\my\countof_ns\include\_comparisons/JZMG_ARRAY_LEN.h(23): note: может быть "const char (&amp;__array_len_aux&lt;4&gt;::match_only_array(T (&amp;)[M]))[M]"
Z:\soft\my\countof_ns\tests\unit\neg_other.h(4): note: 'const char (&amp;__array_len_aux&lt;4&gt;::match_only_array(T (&amp;)[M]))[M]': не удалось вывести аргумент шаблон для 'T (&amp;)[M]' из 'int'
NMAKE : fatal error U1077: "C:\Program Files\Microsoft Visual Studio\2022\Community\Common7\IDE\CommonExtensions\Microsoft\CMake\CMake\bin\cmake.exe" -E cmake_cl_compile_depends --dep-file=CMakeFiles\JZMG_ARRAY_LEN-neg_other_cxx.dir\tu_stub_cxx.cpp.obj.d --working-dir=Z:\soft\my\countof_ns\build\vs17.0-nmake...
[This part of the test output was removed since it exceeds the threshold of 1024 bytes.]
</system-out>
	</testcase>
	<testcase name="JZMG_ARRAY_LEN-neg_other_cxx_0_fail" classname="JZMG_ARRAY_LEN-neg_other_cxx_0_fail" time="0.0294139" status="notrun">
		<skipped message="SKIP_RETURN_CODE=42"/>
		<properties>
			<property name="cmake_labels" value="JZMG_ARRAY_LEN"/>
		</properties>
		<system-out></system-out>
	</testcase>
	<testcase name="JZMG_ARRAY_LEN-neg_ptr" classname="JZMG_ARRAY_LEN-neg_ptr" time="1.13619" status="fail">
		<failure message="Failed"/>
		<properties>
			<property name="cmake_labels" value="JZMG_ARRAY_LEN"/>
		</properties>
		<system-out>[  0%] Built target CounofNS
[ 50%] Building C object tests/unit/CMakeFiles/JZMG_ARRAY_LEN-neg_ptr.dir/tu_stub.c.obj
tu_stub.c
Z:\soft\my\countof_ns\tests\unit\neg_ptr.h(6): warning C4047: -: "int (**)[2]" отличается по уровням косвенного обращения от "int ***"
Z:\soft\my\countof_ns\tests\unit\neg_ptr.h(7): warning C4047: -: "int (**)[2]" отличается по уровням косвенного обращения от "int ***"
[100%] Linking C executable JZMG_ARRAY_LEN-neg_ptr.exe
[100%] Built target JZMG_ARRAY_LEN-neg_ptr
</system-out>
	</testcase>
	<testcase name="JZMG_ARRAY_LEN-neg_ptr_0_fail" classname="JZMG_ARRAY_LEN-neg_ptr_0_fail" time="0.0303922" status="notrun">
		<skipped message="SKIP_RETURN_CODE=42"/>
		<properties>
			<property name="cmake_labels" value="JZMG_ARRAY_LEN"/>
		</properties>
		<system-out></system-out>
	</testcase>
	<testcase name="JZMG_ARRAY_LEN-neg_ptr_cxx" classname="JZMG_ARRAY_LEN-neg_ptr_cxx" time="0.61475" status="run">
		<properties>
			<property name="cmake_labels" value="JZMG_ARRAY_LEN"/>
		</properties>
		<system-out>[  0%] Built target CounofNS
[ 50%] Building CXX object tests/unit/CMakeFiles/JZMG_ARRAY_LEN-neg_ptr_cxx.dir/tu_stub_cxx.cpp.obj
tu_stub_cxx.cpp
Z:\soft\my\countof_ns\tests\unit\neg_ptr.h(6): error C2672: "__array_len_aux&lt;8&gt;::match_only_array": не найдена соответствующая перегруженная функция
Z:\soft\my\countof_ns\include\_comparisons/JZMG_ARRAY_LEN.h(23): note: может быть "const char (&amp;__array_len_aux&lt;8&gt;::match_only_array(T (&amp;)[M]))[M]"
Z:\soft\my\countof_ns\tests\unit\neg_ptr.h(6): note: 'const char (&amp;__array_len_aux&lt;8&gt;::match_only_array(T (&amp;)[M]))[M]': не удалось вывести аргумент шаблон для 'T (&amp;)[M]' из 'int *'
Z:\soft\my\countof_ns\tests\unit\neg_ptr.h(5): warning C4473: "printf": передано недостаточно аргументов для строки формата
Z:\soft\my\countof_ns\tests\unit\neg_ptr.h(5): note: заполнители и их параметры ожидают переменное чи...
[This part of the test output was removed since it exceeds the threshold of 1024 bytes.]
</system-out>
	</testcase>
	<testcase name="JZMG_ARRAY_LEN-neg_ptr_cxx_0_fail" classname="JZMG_ARRAY_LEN-neg_ptr_cxx_0_fail" time="0.0364361" status="notrun">
		<skipped message="SKIP_RETURN_CODE=42"/>
		<properties>
			<property name="cmake_labels" value="JZMG_ARRAY_LEN"/>
		</properties>
		<system-out></system-out>
	</testcase>
	<testcase name="ms_countof-pos__selftest" classname="ms_countof-pos__selftest" time="1.08892" status="run">
		<properties>
			<property name="cmake_labels" value="ms_countof"/>
		</properties>
		<system-out>Internal cmake changing into directory: Z:/soft/my/countof_ns/build/vs17.0-nmake
Change Dir: 'Z:/soft/my/countof_ns/build/vs17.0-nmake'

Run Build Command(s): nmake -f Makefile /nologo ms_countof-pos__selftest
[  0%] Built target CounofNS
[ 50%] Building C object tests/unit/CMakeFiles/ms_countof-pos__selftest.dir/tu_stub.c.obj
tu_stub.c
[100%] Linking C executable ms_countof-pos__selftest.exe
[100%] Built target ms_countof-pos__selftest

Running test command: "Z:/soft/my/countof_ns/build/vs17.0-nmake/tests/unit/ms_countof-pos__selftest.exe"
Ok 1 TU_STATIC_ASSERT_AND_RETURN((1)=1, ...) Z:\soft\my\countof_ns\tests\unit\pos__selftest.h:pos__selftest.h:TU_UNIT for _comparisons/ms_countof.h:ms_countof(), C 201710L

</system-out>
	</testcase>
	<testcase name="ms_countof-pos__selftest_cxx" classname="ms_countof-pos__selftest_cxx" time="1.00617" status="run">
		<properties>
			<property name="cmake_labels" value="ms_countof"/>
		</properties>
		<system-out>Internal cmake changing into directory: Z:/soft/my/countof_ns/build/vs17.0-nmake
Change Dir: 'Z:/soft/my/countof_ns/build/vs17.0-nmake'

Run Build Command(s): nmake -f Makefile /nologo ms_countof-pos__selftest_cxx
[  0%] Built target CounofNS
[ 50%] Building CXX object tests/unit/CMakeFiles/ms_countof-pos__selftest_cxx.dir/tu_stub_cxx.cpp.obj
tu_stub_cxx.cpp
[100%] Linking CXX executable ms_countof-pos__selftest_cxx.exe
[100%] Built target ms_countof-pos__selftest_cxx

Running test command: "Z:/soft/my/countof_ns/build/vs17.0-nmake/tests/unit/ms_countof-pos__selftest_cxx.exe"
Ok 1 TU_STATIC_ASSERT_AND_RETURN((1)=1, ...) Z:\soft\my\countof_ns\tests\unit\pos__selftest.h:pos__selftest.h:TU_UNIT for _comparisons/ms_countof.h:ms_countof(), C++ 202400L

</system-out>
	</testcase>
	<testcase name="ms_countof-pos_array" classname="ms_countof-pos_array" time="1.01779" status="run">
		<properties>
			<property name="cmake_labels" value="ms_countof"/>
		</properties>
		<system-out>Internal cmake changing into directory: Z:/soft/my/countof_ns/build/vs17.0-nmake
Change Dir: 'Z:/soft/my/countof_ns/build/vs17.0-nmake'

Run Build Command(s): nmake -f Makefile /nologo ms_countof-pos_array
[  0%] Built target CounofNS
[100%] Building C object tests/unit/CMakeFiles/ms_countof-pos_array.dir/tu_stub.c.obj
tu_stub.c
[100%] Linking C executable ms_countof-pos_array.exe
[100%] Built target ms_countof-pos_array

Running test command: "Z:/soft/my/countof_ns/build/vs17.0-nmake/tests/unit/ms_countof-pos_array.exe"
Ok 1 TU_STATIC_ASSERT_AND_RETURN((1)=1, ...) Z:\soft\my\countof_ns\tests\unit\pos_array.h:pos_array.h:TU_UNIT for _comparisons/ms_countof.h:ms_countof(), C 201710L

</system-out>
	</testcase>
	<testcase name="ms_countof-pos_array_cxx" classname="ms_countof-pos_array_cxx" time="1.00645" status="run">
		<properties>
			<property name="cmake_labels" value="ms_countof"/>
		</properties>
		<system-out>Internal cmake changing into directory: Z:/soft/my/countof_ns/build/vs17.0-nmake
Change Dir: 'Z:/soft/my/countof_ns/build/vs17.0-nmake'

Run Build Command(s): nmake -f Makefile /nologo ms_countof-pos_array_cxx
[  0%] Built target CounofNS
[ 50%] Building CXX object tests/unit/CMakeFiles/ms_countof-pos_array_cxx.dir/tu_stub_cxx.cpp.obj
tu_stub_cxx.cpp
[100%] Linking CXX executable ms_countof-pos_array_cxx.exe
[100%] Built target ms_countof-pos_array_cxx

Running test command: "Z:/soft/my/countof_ns/build/vs17.0-nmake/tests/unit/ms_countof-pos_array_cxx.exe"
Ok 1 TU_STATIC_ASSERT_AND_RETURN((1)=1, ...) Z:\soft\my\countof_ns\tests\unit\pos_array.h:pos_array.h:TU_UNIT for _comparisons/ms_countof.h:ms_countof(), C++ 202400L

</system-out>
	</testcase>
	<testcase name="ms_countof-pos_cv_array" classname="ms_countof-pos_cv_array" time="1.03974" status="run">
		<properties>
			<property name="cmake_labels" value="ms_countof"/>
		</properties>
		<system-out>Internal cmake changing into directory: Z:/soft/my/countof_ns/build/vs17.0-nmake
Change Dir: 'Z:/soft/my/countof_ns/build/vs17.0-nmake'

Run Build Command(s): nmake -f Makefile /nologo ms_countof-pos_cv_array
[  0%] Built target CounofNS
[ 50%] Building C object tests/unit/CMakeFiles/ms_countof-pos_cv_array.dir/tu_stub.c.obj
tu_stub.c
[100%] Linking C executable ms_countof-pos_cv_array.exe
[100%] Built target ms_countof-pos_cv_array

Running test command: "Z:/soft/my/countof_ns/build/vs17.0-nmake/tests/unit/ms_countof-pos_cv_array.exe"
Ok 1 TU_STATIC_ASSERT_AND_RETURN((1)=1, ...) Z:\soft\my\countof_ns\tests\unit\pos_cv_array.h:pos_cv_array.h:TU_UNIT for _comparisons/ms_countof.h:ms_countof(), C 201710L

</system-out>
	</testcase>
	<testcase name="ms_countof-pos_cv_array_cxx" classname="ms_countof-pos_cv_array_cxx" time="1.31686" status="run">
		<properties>
			<property name="cmake_labels" value="ms_countof"/>
		</properties>
		<system-out>Internal cmake changing into directory: Z:/soft/my/countof_ns/build/vs17.0-nmake
Change Dir: 'Z:/soft/my/countof_ns/build/vs17.0-nmake'

Run Build Command(s): nmake -f Makefile /nologo ms_countof-pos_cv_array_cxx
[  0%] Built target CounofNS
[ 50%] Building CXX object tests/unit/CMakeFiles/ms_countof-pos_cv_array_cxx.dir/tu_stub_cxx.cpp.obj
tu_stub_cxx.cpp
[100%] Linking CXX executable ms_countof-pos_cv_array_cxx.exe
[100%] Built target ms_countof-pos_cv_array_cxx

Running test command: "Z:/soft/my/countof_ns/build/vs17.0-nmake/tests/unit/ms_countof-pos_cv_array_cxx.exe"
Ok 1 TU_STATIC_ASSERT_AND_RETURN((1)=1, ...) Z:\soft\my\countof_ns\tests\unit\pos_cv_array.h:pos_cv_array.h:TU_UNIT for _comparisons/ms_countof.h:ms_countof(), C++ 202400L

</system-out>
	</testcase>
	<testcase name="ms_countof-neg__selftest" classname="ms_countof-neg__selftest" time="0.564695" status="run">
		<properties>
			<property name="cmake_labels" value="ms_countof"/>
		</properties>
		<system-out>[  0%] Built target CounofNS
[ 50%] Building C object tests/unit/CMakeFiles/ms_countof-neg__selftest.dir/tu_stub.c.obj
tu_stub.c
Z:\soft\my\countof_ns\tests\unit\neg__selftest.h(12): error C2338: static_assert failed: '0'
NMAKE : fatal error U1077: "C:\Program Files\Microsoft Visual Studio\2022\Community\Common7\IDE\CommonExtensions\Microsoft\CMake\CMake\bin\cmake.exe" -E cmake_cl_compile_depends --dep-file=CMakeFiles\ms_countof-neg__selftest.dir\tu_stub.c.obj.d --working-dir=Z:\soft\my\countof_ns\build\vs17.0-nmake\tests\unit --filter-prefix="[NON-UTF-8-BYTE-0xCF][NON-UTF-8-BYTE-0xF0][NON-UTF-8-BYTE-0xE8][NON-UTF-8-BYTE-0xEC][NON-UTF-8-BYTE-0xE5][NON-UTF-8-BYTE-0xF7][NON-UTF-8-BYTE-0xE0][NON-UTF-8-BYTE-0xED][NON-UTF-8-BYTE-0xE8][NON-UTF-8-BYTE-0xE5]: [NON-UTF-8-BYTE-0xE2][NON-UTF-8-BYTE-0xEA][NON-UTF-8-BYTE-0xEB][NON-UTF-8-BYTE-0xFE][NON-UTF-8-BYTE-0xF7][NON-UTF-8-BYTE-0xE5][NON-UTF-8-BYTE-0xED][NON-UTF-8-BYTE-0xE8][NON-UTF-8-BYTE-0xE5] [NON-UTF-8-BYTE-0xF4][NON-UTF-8-BYTE-0xE0][NON-UTF-8-BYTE-0xE9][NON-UTF-8-BYTE-0xEB][NON-UTF-8-BYTE-0xE0]:  " -- C:\PROGRA~1\MICROS~2\2022\COMMUN~1\VC\Tools\MSVC\1444~1.352\bin\Hostx64\x64\cl.exe @C:\Users\leo\AppData\Local\Temp\nm36B1.tmp : [NON-UTF-8-BYTE-0xE2][NON-UTF-8-BYTE-0xEE][NON-UTF-8-BYTE-0xE7][NON-UTF-8-BYTE-0xE2][NON-UTF-8-BYTE-0xF0][NON-UTF-8-BYTE-0xE0][NON-UTF-8-BYTE-0xF9][NON-UTF-8-BYTE-0xE5][NON-UTF-8-BYTE-0xED][NON-UTF-8-BYTE-0xED][NON-UTF-8-BYTE-0xFB][NON-UTF-8-BYTE-0xE9] [NON-UTF-8-BYTE-0xEA][NON-UTF-8-BYTE-0xEE][NON-UTF-8-BYTE-0xE4] "0x2"
Stop.
NMAKE : fatal error U1077: "C:\Program Files\Microsoft Visual Studio\2022\Community\VC\Tools\MSVC\14.44.35207\bin\HostX64\x64\nmake.exe" -s -f tests\unit\CMakeFiles\ms_countof-neg__selftest.dir\build.make /nologo -SL                 tests\unit\CMakeFiles\ms_countof-neg__selftest.d...
[This part of the test output was removed since it exceeds the threshold of 1024 bytes.]
</system-out>
	</testcase>
	<testcase name="ms_countof-neg__selftest_0_fail" classname="ms_countof-neg__selftest_0_fail" time="0.0301578" status="notrun">
		<skipped message="SKIP_RETURN_CODE=42"/>
		<properties>
			<property name="cmake_labels" value="ms_countof"/>
		</properties>
		<system-out></system-out>
	</testcase>
	<testcase name="ms_countof-neg__selftest_cxx" classname="ms_countof-neg__selftest_cxx" time="0.515811" status="run">
		<properties>
			<property name="cmake_labels" value="ms_countof"/>
		</properties>
		<system-out>[  0%] Built target CounofNS
[ 50%] Building CXX object tests/unit/CMakeFiles/ms_countof-neg__selftest_cxx.dir/tu_stub_cxx.cpp.obj
tu_stub_cxx.cpp
Z:\soft\my\countof_ns\tests\unit\neg__selftest.h(12): error C2338: static_assert failed: '0'
NMAKE : fatal error U1077: "C:\Program Files\Microsoft Visual Studio\2022\Community\Common7\IDE\CommonExtensions\Microsoft\CMake\CMake\bin\cmake.exe" -E cmake_cl_compile_depends --dep-file=CMakeFiles\ms_countof-neg__selftest_cxx.dir\tu_stub_cxx.cpp.obj.d --working-dir=Z:\soft\my\countof_ns\build\vs17.0-nmake\tests\unit --filter-prefix="[NON-UTF-8-BYTE-0xCF][NON-UTF-8-BYTE-0xF0][NON-UTF-8-BYTE-0xE8][NON-UTF-8-BYTE-0xEC][NON-UTF-8-BYTE-0xE5][NON-UTF-8-BYTE-0xF7][NON-UTF-8-BYTE-0xE0][NON-UTF-8-BYTE-0xED][NON-UTF-8-BYTE-0xE8][NON-UTF-8-BYTE-0xE5]: [NON-UTF-8-BYTE-0xE2][NON-UTF-8-BYTE-0xEA][NON-UTF-8-BYTE-0xEB][NON-UTF-8-BYTE-0xFE][NON-UTF-8-BYTE-0xF7][NON-UTF-8-BYTE-0xE5][NON-UTF-8-BYTE-0xED][NON-UTF-8-BYTE-0xE8][NON-UTF-8-BYTE-0xE5] [NON-UTF-8-BYTE-0xF4][NON-UTF-8-BYTE-0xE0][NON-UTF-8-BYTE-0xE9][NON-UTF-8-BYTE-0xEB][NON-UTF-8-BYTE-0xE0]:  " -- C:\PROGRA~1\MICROS~2\2022\COMMUN~1\VC\Tools\MSVC\1444~1.352\bin\Hostx64\x64\cl.exe @C:\Users\leo\AppData\Local\Temp\nm38D4.tmp : [NON-UTF-8-BYTE-0xE2][NON-UTF-8-BYTE-0xEE][NON-UTF-8-BYTE-0xE7][NON-UTF-8-BYTE-0xE2][NON-UTF-8-BYTE-0xF0][NON-UTF-8-BYTE-0xE0][NON-UTF-8-BYTE-0xF9][NON-UTF-8-BYTE-0xE5][NON-UTF-8-BYTE-0xED][NON-UTF-8-BYTE-0xED][NON-UTF-8-BYTE-0xFB][NON-UTF-8-BYTE-0xE9] [NON-UTF-8-BYTE-0xEA][NON-UTF-8-BYTE-0xEE][NON-UTF-8-BYTE-0xE4] "0x2"
Stop.
NMAKE : fatal error U1077: "C:\Program Files\Microsoft Visual Studio\2022\Community\VC\Tools\MSVC\14.44.35207\bin\HostX64\x64\nmake.exe" -s -f tests\unit\CMakeFiles\ms_countof-neg__selftest_cxx.dir\build.make /nologo -SL                 tests\unit\CMake...
[This part of the test output was removed since it exceeds the threshold of 1024 bytes.]
</system-out>
	</testcase>
	<testcase name="ms_countof-neg__selftest_cxx_0_fail" classname="ms_countof-neg__selftest_cxx_0_fail" time="0.0317536" status="notrun">
		<skipped message="SKIP_RETURN_CODE=42"/>
		<properties>
			<property name="cmake_labels" value="ms_countof"/>
		</properties>
		<system-out></system-out>
	</testcase>
	<testcase name="ms_countof-neg_cv_ptr" classname="ms_countof-neg_cv_ptr" time="0.912238" status="fail">
		<failure message="Failed"/>
		<properties>
			<property name="cmake_labels" value="ms_countof"/>
		</properties>
		<system-out>[  0%] Built target CounofNS
[  0%] Building C object tests/unit/CMakeFiles/ms_countof-neg_cv_ptr.dir/tu_stub.c.obj
tu_stub.c
[100%] Linking C executable ms_countof-neg_cv_ptr.exe
[100%] Built target ms_countof-neg_cv_ptr
</system-out>
	</testcase>
	<testcase name="ms_countof-neg_cv_ptr_0_fail" classname="ms_countof-neg_cv_ptr_0_fail" time="0.0346998" status="notrun">
		<skipped message="SKIP_RETURN_CODE=42"/>
		<properties>
			<property name="cmake_labels" value="ms_countof"/>
		</properties>
		<system-out></system-out>
	</testcase>
	<testcase name="ms_countof-neg_cv_ptr_cxx" classname="ms_countof-neg_cv_ptr_cxx" time="0.529837" status="run">
		<properties>
			<property name="cmake_labels" value="ms_countof"/>
		</properties>
		<system-out>[  0%] Built target CounofNS
[ 50%] Building CXX object tests/unit/CMakeFiles/ms_countof-neg_cv_ptr_cxx.dir/tu_stub_cxx.cpp.obj
tu_stub_cxx.cpp
Z:\soft\my\countof_ns\tests\unit\neg_cv_ptr.h(4): error C2672: "ms_countof_helper": не найдена соответствующая перегруженная функция
Z:\soft\my\countof_ns\include\_comparisons/ms_countof.h(21): note: может быть "char (*ms_countof_helper(__unaligned _CountofType (&amp;)[_SizeOfArray]))[_SizeOfArray]"
Z:\soft\my\countof_ns\tests\unit\neg_cv_ptr.h(4): note: 'char (*ms_countof_helper(__unaligned _CountofType (&amp;)[_SizeOfArray]))[_SizeOfArray]': не удалось вывести аргумент шаблон для '__unaligned _CountofType (&amp;)[_SizeOfArray]' из 'volatile const int *'
NMAKE : fatal error U1077: "C:\Program Files\Microsoft Visual Studio\2022\Community\Common7\IDE\CommonExtensions\Microsoft\CMake\CMake\bin\cmake.exe" -E cmake_cl_compile_depends --dep-file=CMakeFiles\ms_countof-neg_cv_ptr_cxx.dir\tu_stub_cxx....
[This part of the test output was removed since it exceeds the threshold of 1024 bytes.]
</system-out>
	</testcase>
	<testcase name="ms_countof-neg_cv_ptr_cxx_0_fail" classname="ms_countof-neg_cv_ptr_cxx_0_fail" time="0.0338651" status="notrun">
		<skipped message="SKIP_RETURN_CODE=42"/>
		<properties>
			<property name="cmake_labels" value="ms_countof"/>
		</properties>
		<system-out></system-out>
	</testcase>
	<testcase name="ms_countof-neg_other" classname="ms_countof-neg_other" time="0.521209" status="run">
		<properties>
			<property name="cmake_labels" value="ms_countof"/>
		</properties>
		<system-out>[  0%] Built target CounofNS
[ 50%] Building C object tests/unit/CMakeFiles/ms_countof-neg_other.dir/tu_stub.c.obj
tu_stub.c
Z:\soft\my\countof_ns\tests\unit\neg_other.h(4): error C2109: для индекса требуется массив или указатель
Z:\soft\my\countof_ns\tests\unit\neg_other.h(4): warning C4033: "TU_UNIT" должен возвращать значение
NMAKE : fatal error U1077: "C:\Program Files\Microsoft Visual Studio\2022\Community\Common7\IDE\CommonExtensions\Microsoft\CMake\CMake\bin\cmake.exe" -E cmake_cl_compile_depends --dep-file=CMakeFiles\ms_countof-neg_other.dir\tu_stub.c.obj.d --working-dir=Z:\soft\my\countof_ns\build\vs17.0-nmake\tests\unit --filter-prefix="[NON-UTF-8-BYTE-0xCF][NON-UTF-8-BYTE-0xF0][NON-UTF-8-BYTE-0xE8][NON-UTF-8-BYTE-0xEC][NON-UTF-8-BYTE-0xE5][NON-UTF-8-BYTE-0xF7][NON-UTF-8-BYTE-0xE0][NON-UTF-8-BYTE-0xED][NON-UTF-8-BYTE-0xE8][NON-UTF-8-BYTE-0xE5]: [NON-UTF-8-BYTE-0xE2][NON-UTF-8-BYTE-0xEA][NON-UTF-8-BYTE-0xEB][NON-UTF-8-BYTE-0xFE][NON-UTF-8-BYTE-0xF7][NON-UTF-8-BYTE-0xE5][NON-UTF-8-BYTE-0xED][NON-UTF-8-BYTE-0xE8][NON-UTF-8-BYTE-0xE5] [NON-UTF-8-BYTE-0xF4][NON-UTF-8-BYTE-0xE0][NON-UTF-8-BYTE-0xE9][NON-UTF-8-BYTE-0xEB][NON-UTF-8-BYTE-0xE0]:  " -- C:\PROGRA~1\MICROS~2\2022\COMMUN~1\VC\Tools\MSVC\1444~1.352\bin\Hostx64\x64\cl.exe @C:\Users\leo\AppData\Local\Temp\nm4102.tmp : [NON-UTF-8-BYTE-0xE2][NON-UTF-8-BYTE-0xEE][NON-UTF-8-BYTE-0xE7][NON-UTF-8-BYTE-0xE2][NON-UTF-8-BYTE-0xF0][NON-UTF-8-BYTE-0xE0][NON-UTF-8-BYTE-0xF9][NON-UTF-8-BYTE-0xE5][NON-UTF-8-BYTE-0xED][NON-UTF-8-BYTE-0xED][NON-UTF-8-BYTE-0xFB][NON-UTF-8-BYTE-0xE9] [NON-UTF-8-BYTE-0xEA][NON-UTF-8-BYTE-0xEE][NON-UTF-8-BYTE-0xE4] "0x2"
Stop.
NMAKE : fatal error U1077: "C:\Program Files\Microsoft Visual Studio\2022\Community\VC\Tools\MSVC\14.44.35207\bin\H...
[This part of the test output was removed since it exceeds the threshold of 1024 bytes.]
</system-out>
	</testcase>
	<testcase name="ms_countof-neg_other_0_fail" classname="ms_countof-neg_other_0_fail" time="0.0331404" status="notrun">
		<skipped message="SKIP_RETURN_CODE=42"/>
		<properties>
			<property name="cmake_labels" value="ms_countof"/>
		</properties>
		<system-out></system-out>
	</testcase>
	<testcase name="ms_countof-neg_other_cxx" classname="ms_countof-neg_other_cxx" time="0.510994" status="run">
		<properties>
			<property name="cmake_labels" value="ms_countof"/>
		</properties>
		<system-out>[  0%] Built target CounofNS
[ 50%] Building CXX object tests/unit/CMakeFiles/ms_countof-neg_other_cxx.dir/tu_stub_cxx.cpp.obj
tu_stub_cxx.cpp
Z:\soft\my\countof_ns\tests\unit\neg_other.h(4): error C2672: "ms_countof_helper": не найдена соответствующая перегруженная функция
Z:\soft\my\countof_ns\include\_comparisons/ms_countof.h(21): note: может быть "char (*ms_countof_helper(__unaligned _CountofType (&amp;)[_SizeOfArray]))[_SizeOfArray]"
Z:\soft\my\countof_ns\tests\unit\neg_other.h(4): note: 'char (*ms_countof_helper(__unaligned _CountofType (&amp;)[_SizeOfArray]))[_SizeOfArray]': не удалось вывести аргумент шаблон для '__unaligned _CountofType (&amp;)[_SizeOfArray]' из 'int'
NMAKE : fatal error U1077: "C:\Program Files\Microsoft Visual Studio\2022\Community\Common7\IDE\CommonExtensions\Microsoft\CMake\CMake\bin\cmake.exe" -E cmake_cl_compile_depends --dep-file=CMakeFiles\ms_countof-neg_other_cxx.dir\tu_stub_cxx.cpp.obj.d --working-d...
[This part of the test output was removed since it exceeds the threshold of 1024 bytes.]
</system-out>
	</testcase>
	<testcase name="ms_countof-neg_other_cxx_0_fail" classname="ms_countof-neg_other_cxx_0_fail" time="0.0297606" status="notrun">
		<skipped message="SKIP_RETURN_CODE=42"/>
		<properties>
			<property name="cmake_labels" value="ms_countof"/>
		</properties>
		<system-out></system-out>
	</testcase>
	<testcase name="ms_countof-neg_ptr" classname="ms_countof-neg_ptr" time="0.912502" status="fail">
		<failure message="Failed"/>
		<properties>
			<property name="cmake_labels" value="ms_countof"/>
		</properties>
		<system-out>[  0%] Built target CounofNS
[  0%] Building C object tests/unit/CMakeFiles/ms_countof-neg_ptr.dir/tu_stub.c.obj
tu_stub.c
[100%] Linking C executable ms_countof-neg_ptr.exe
[100%] Built target ms_countof-neg_ptr
</system-out>
	</testcase>
	<testcase name="ms_countof-neg_ptr_0_fail" classname="ms_countof-neg_ptr_0_fail" time="0.0445502" status="notrun">
		<skipped message="SKIP_RETURN_CODE=42"/>
		<properties>
			<property name="cmake_labels" value="ms_countof"/>
		</properties>
		<system-out></system-out>
	</testcase>
	<testcase name="ms_countof-neg_ptr_cxx" classname="ms_countof-neg_ptr_cxx" time="0.685519" status="run">
		<properties>
			<property name="cmake_labels" value="ms_countof"/>
		</properties>
		<system-out>[  0%] Built target CounofNS
[ 50%] Building CXX object tests/unit/CMakeFiles/ms_countof-neg_ptr_cxx.dir/tu_stub_cxx.cpp.obj
tu_stub_cxx.cpp
Z:\soft\my\countof_ns\tests\unit\neg_ptr.h(6): error C2672: "ms_countof_helper": не найдена соответствующая перегруженная функция
Z:\soft\my\countof_ns\include\_comparisons/ms_countof.h(21): note: может быть "char (*ms_countof_helper(__unaligned _CountofType (&amp;)[_SizeOfArray]))[_SizeOfArray]"
Z:\soft\my\countof_ns\tests\unit\neg_ptr.h(6): note: 'char (*ms_countof_helper(__unaligned _CountofType (&amp;)[_SizeOfArray]))[_SizeOfArray]': не удалось вывести аргумент шаблон для '__unaligned _CountofType (&amp;)[_SizeOfArray]' из 'int *'
Z:\soft\my\countof_ns\tests\unit\neg_ptr.h(5): warning C4473: "printf": передано недостаточно аргументов для строки формата
Z:\soft\my\countof_ns\tests\unit\neg_ptr.h(5): note: заполнители и их параме...
[This part of the test output was removed since it exceeds the threshold of 1024 bytes.]
</system-out>
	</testcase>
	<testcase name="ms_countof-neg_ptr_cxx_0_fail" classname="ms_countof-neg_ptr_cxx_0_fail" time="0.0361025" status="notrun">
		<skipped message="SKIP_RETURN_CODE=42"/>
		<properties>
			<property name="cmake_labels" value="ms_countof"/>
		</properties>
		<system-out></system-out>
	</testcase>
	<testcase name="short_example" classname="short_example" time="0.0149771" status="run">
		<properties/>
		<system-out>short_example: Ok (fail=0)
</system-out>
	</testcase>
	<testcase name="short_example_fail" classname="short_example_fail" time="0.564223" status="run">
		<properties/>
		<system-out>Internal cmake changing into directory: Z:/soft/my/countof_ns/build/vs17.0-nmake
Change Dir: 'Z:/soft/my/countof_ns/build/vs17.0-nmake'

Run Build Command(s): nmake -f Makefile /nologo short_example_fail
[  0%] Built target CounofNS
[ 50%] Building C object examples/CMakeFiles/short_example_fail.dir/short_example.c.obj
short_example.c
Must error below @{
Z:\soft\my\countof_ns\examples\short_example.h(72): error C2466: ╨╜╨╡╨▓╨╛╨╖╨╝╨╛╨╢╨╜╨╛ ╨▓╤Л╨┤╨╡╨╗╨╕╤В╤М ╨┐╨░╨╝╤П╤В╤М ╨┤╨╗╤П ╨╝╨░╤Б╤Б╨╕╨▓╨░ ╨┐╨╛╤Б╤В╨╛╤П╨╜╨╜╨╛╨│╨╛ ╨╜╤Г╨╗╨╡╨▓╨╛╨│╨╛ ╤А╨░╨╖╨╝╨╡╤А╨░
Z:\soft\my\countof_ns\examples\short_example.h(72): error C2118: ╨╛╤В╤А╨╕╤Ж╨░╤В╨╡╨╗╤М╨╜╤Л╨╣ ╨╕╨╜╨┤╨╡╨║╤Б
Z:\soft\my\countof_ns\examples\short_example.h(72): error C2148: ╨╛╨...
[This part of the test output was removed since it exceeds the threshold of 1024 bytes.]
</system-out>
	</testcase>
	<testcase name="short_example_cxx" classname="short_example_cxx" time="0.0131846" status="run">
		<properties/>
		<system-out>short_example: Ok (fail=0)
</system-out>
	</testcase>
	<testcase name="short_example_cxx_fail" classname="short_example_cxx_fail" time="0.498283" status="run">
		<properties/>
		<system-out>Internal cmake changing into directory: Z:/soft/my/countof_ns/build/vs17.0-nmake
Change Dir: 'Z:/soft/my/countof_ns/build/vs17.0-nmake'

Run Build Command(s): nmake -f Makefile /nologo short_example_cxx_fail
[  0%] Built target CounofNS
[100%] Building CXX object examples/CMakeFiles/short_example_cxx_fail.dir/short_example_cxx.cpp.obj
short_example_cxx.cpp
Must error below @{
}@ Must error above &amp; below @{
}@ Must error above &amp; below @{
Z:\soft\my\countof_ns\examples\short_example.h(76): error C2100: ╨╜╨╡╨╗╤М╨╖╤П ╤А╨░╨╖╤Л╨╝╨╡╨╜╨╛╨▓╨░╤В╤М ╨╛╨┐╨╡╤А╨░╨╜╨┤ ╤В╨╕╨┐╨░ "int"
}@ Must error above &amp; below @{
Z:\soft\my\countof_ns\examples\short_example.h(78): error C2100: ╨╜╨╡╨╗╤М╨╖╤П ╤А╨░╨╖╤Л╨╝╨╡╨╜╨╛╨▓╨░╤В╤М ╨╛╨┐╨╡╤А╨░╨╜╨┤ ╤В╨╕╨┐╨░ "int"
}@ Must error above &amp; below @{
Z:\soft\my\countof_ns\examples\short_ex...
[This part of the test output was removed since it exceeds the threshold of 1024 bytes.]
</system-out>
	</testcase>
	<testcase name="long_example" classname="long_example" time="0.0116671" status="run">
		<properties/>
		<system-out>short_example: Ok (fail=0)
cv_example: Ok
_MSC_VER 1944 _COUNTOF_NS_VLA_UNSUPPORTED __STDC_NO_VLA__ 1 __STDC_VERSION__ 201710
</system-out>
	</testcase>
	<testcase name="long_example_fail" classname="long_example_fail" time="0.551017" status="run">
		<properties/>
		<system-out>Internal cmake changing into directory: Z:/soft/my/countof_ns/build/vs17.0-nmake
Change Dir: 'Z:/soft/my/countof_ns/build/vs17.0-nmake'

Run Build Command(s): nmake -f Makefile /nologo long_example_fail
[  0%] Built target CounofNS
[ 50%] Building C object examples/CMakeFiles/long_example_fail.dir/long_example.c.obj
long_example.c
Must error below @{
Z:\soft\my\countof_ns\examples\short_example.h(72): error C2466: ╨╜╨╡╨▓╨╛╨╖╨╝╨╛╨╢╨╜╨╛ ╨▓╤Л╨┤╨╡╨╗╨╕╤В╤М ╨┐╨░╨╝╤П╤В╤М ╨┤╨╗╤П ╨╝╨░╤Б╤Б╨╕╨▓╨░ ╨┐╨╛╤Б╤В╨╛╤П╨╜╨╜╨╛╨│╨╛ ╨╜╤Г╨╗╨╡╨▓╨╛╨│╨╛ ╤А╨░╨╖╨╝╨╡╤А╨░
Z:\soft\my\countof_ns\examples\short_example.h(72): error C2118: ╨╛╤В╤А╨╕╤Ж╨░╤В╨╡╨╗╤М╨╜╤Л╨╣ ╨╕╨╜╨┤╨╡╨║╤Б
Z:\soft\my\countof_ns\examples\short_example.h(72): error C2148: ╨╛╨▒...
[This part of the test output was removed since it exceeds the threshold of 1024 bytes.]
</system-out>
	</testcase>
	<testcase name="long_example_cxx" classname="long_example_cxx" time="0.0150115" status="run">
		<properties/>
		<system-out>short_example: Ok (fail=0)
cv_example: Ok
std_size_example: Ok (fail=0)
_MSC_VER 1944 __cpp_lib_nonmember_container_access 201411 __cplusplus 202400
</system-out>
	</testcase>
	<testcase name="long_example_cxx_fail" classname="long_example_cxx_fail" time="0.863621" status="run">
		<properties/>
		<system-out>Internal cmake changing into directory: Z:/soft/my/countof_ns/build/vs17.0-nmake
Change Dir: 'Z:/soft/my/countof_ns/build/vs17.0-nmake'

Run Build Command(s): nmake -f Makefile /nologo long_example_cxx_fail
[  0%] Built target CounofNS
[  0%] Building CXX object examples/CMakeFiles/long_example_cxx_fail.dir/long_example_cxx.cpp.obj
long_example_cxx.cpp
Must error below @{
}@ Must error above &amp; below @{
}@ Must error above &amp; below @{
Z:\soft\my\countof_ns\examples\short_example.h(76): error C2100: ╨╜╨╡╨╗╤М╨╖╤П ╤А╨░╨╖╤Л╨╝╨╡╨╜╨╛╨▓╨░╤В╤М ╨╛╨┐╨╡╤А╨░╨╜╨┤ ╤В╨╕╨┐╨░ "int"
}@ Must error above &amp; below @{
Z:\soft\my\countof_ns\examples\short_example.h(78): error C2100: ╨╜╨╡╨╗╤М╨╖╤П ╤А╨░╨╖╤Л╨╝╨╡╨╜╨╛╨▓╨░╤В╤М ╨╛╨┐╨╡╤А╨░╨╜╨┤ ╤В╨╕╨┐╨░ "int"
}@ Must error above &amp; below @{
Z:\soft\my\countof_ns\examples\short_exampl...
[This part of the test output was removed since it exceeds the threshold of 1024 bytes.]
</system-out>
	</testcase>
	<testcase name="_check_logs_config" classname="_check_logs_config" time="0.0340637" status="run">
		<properties>
			<property name="cmake_labels" value="default"/>
		</properties>
		<system-out>CL_TAG='verbose'
               TAC_WERROR=''
               CXX_ENABLED='TRUE'
               CMAKE_C_COMPILER_ID='MSVC'
               CMAKE_C_COMPILER_VERSION='19.44.35213.0'
               CMAKE_C_FLAGS='/DWIN32 /D_WINDOWS  -D_CRT_SECURE_NO_WARNINGS /Zc:__cplusplus /W4 /wd4127  -DHAVE_CV_TYPEOF=1 -DHAVE___TYPEOF__=1 -DERROR_ON_NEGATIVE_ARRAY_SIZE=1 -DERROR_ON_STRUCT_BIT_FIELD=1 -DERROR_ON_STRUCT_STATIC_ASSERT=1'
               CMAKE_CXX_COMPILER_ID='MSVC'
               CMAKE_CXX_COMPILER_VERSION='19.44.35213.0'
               CMAKE_CXX_FLAGS='/DWIN32 /D_WINDOWS  -D_CRT_SECURE_NO_WARNINGS /Zc:__cplusplus /W4 /wd4127  -DHAVE_CV_TYPEOF=1 -DHAVE___TYPEOF__=1 -DERROR_ON_NEGATIVE_ARRAY_SIZE=1 -DERROR_ON_STRUCT_BIT_FIELD=1 -DERROR_ON_STRUCT_STATIC_ASSERT=1'
               
</system-out>
	</testcase>
</testsuite>
