<?xml version="1.0" encoding="UTF-8"?>
<testsuite name="(empty)"
	tests="37"
	failures="3"
	disabled="0"
	skipped="10"
	hostname=""
	time="4"
	timestamp="2025-12-01T02:56:13"
	>
	<testcase name="pos__selftest" classname="pos__selftest" time="0.00297814" status="run">
		<properties>
			<property name="cmake_labels" value="countof_ns;default"/>
		</properties>
		<system-out>Ok 1 TU_STATIC_ASSERT_AND_RETURN((1)=1, ...) /home/parallels/soft/my/countof_ns/tests/unit/pos__selftest.h:pos__selftest.h:TU_UNIT for countof_ns.h:countof_ns(), C 201710L
</system-out>
	</testcase>
	<testcase name="pos__selftest_cxx" classname="pos__selftest_cxx" time="0.00351132" status="run">
		<properties>
			<property name="cmake_labels" value="countof_ns;default"/>
		</properties>
		<system-out>Ok 1 TU_STATIC_ASSERT_AND_RETURN((1)=1, ...) /home/parallels/soft/my/countof_ns/tests/unit/pos__selftest.h:pos__selftest.h:TU_UNIT for countof_ns.h:countof_ns(), C++ 202302L
</system-out>
	</testcase>
	<testcase name="pos_array" classname="pos_array" time="0.00291246" status="run">
		<properties>
			<property name="cmake_labels" value="countof_ns;default"/>
		</properties>
		<system-out>Ok 1 TU_STATIC_ASSERT_AND_RETURN((1)=1, ...) /home/parallels/soft/my/countof_ns/tests/unit/pos_array.h:pos_array.h:TU_UNIT for countof_ns.h:countof_ns(), C 201710L
</system-out>
	</testcase>
	<testcase name="pos_array_cxx" classname="pos_array_cxx" time="0.00335462" status="run">
		<properties>
			<property name="cmake_labels" value="countof_ns;default"/>
		</properties>
		<system-out>Ok 1 TU_STATIC_ASSERT_AND_RETURN((1)=1, ...) /home/parallels/soft/my/countof_ns/tests/unit/pos_array.h:pos_array.h:TU_UNIT for countof_ns.h:countof_ns(), C++ 202302L
</system-out>
	</testcase>
	<testcase name="pos_cv_array" classname="pos_cv_array" time="0.251099" status="fail">
		<failure message="Failed"/>
		<properties>
			<property name="cmake_labels" value="countof_ns;default"/>
		</properties>
		<system-out>Internal cmake changing into directory: /home/parallels/soft/my/countof_ns/build/Linux_pgcc_pgc++
Change Dir: '/home/parallels/soft/my/countof_ns/build/Linux_pgcc_pgc++'

Run Build Command(s): /usr/bin/gmake -f Makefile pos_cv_array
[  0%] Built target CounofNS
[ 50%] Building C object tests/unit/CMakeFiles/pos_cv_array.dir/tu_stub.c.o
"/home/parallels/soft/my/countof_ns/tests/unit/pos_cv_array.h", line 4: error: the size of an array must be greater than zero
      TU_STATIC_ASSERT_AND_RETURN(1, TU_COUNTOF(a));
      ^

"/home/parallels/soft/my/countof_ns/tests/unit/pos_cv_array.h", line 4: error: the size of an array must be greater than zero
      TU_STATIC_ASSERT_AND_RETURN(1, TU_COUNTOF(a));
      ^

"/home/parallels/soft/my/countof_ns/tests/unit/pos_cv_array.h", line 4: error: the size of an array must be greater than zero
      TU_STATIC_ASSERT_AND_RETURN(1, TU_COUNTOF(a));
      ^

"/home/parallels/soft/my/countof_ns/tests/unit/pos_cv_array.h", line 4: error: the size of an array must be greater than zero
      TU_STATIC_ASSERT_AND_RETURN(1, TU_COUNTOF(a));
      ^

"/home/parallels/soft/my/countof_ns/tests/unit/pos_cv_array.h", line 4: error: the size of an array must be greater than zero
      TU_STATIC_ASSERT_AND_RETURN(1, TU_COUNTOF(a));
      ^

"/home/parallels/soft/my/countof_ns/tests/unit/pos_cv_array.h", line 4: error: the size of an array must be greater than zero
      TU_STATIC_ASSERT_AND_RETURN(1, TU_COUNTOF(a));
      ^

"/home/parallels/soft/my/countof_ns/tests/unit/pos_cv_array.h", line 4: error: the size of an array must be greater than zero
      TU_STATIC_ASSERT_AND_RETURN(1, TU_COUNTOF(a));
      ^

7 errors detected in the compilation of "/home/parallels/soft/my/countof_ns/tests/unit/tu_stub.c".
gmake[3]: *** [tests/unit/CMakeFiles/pos_cv_array.dir/build.make:79: tests/unit/CMakeFiles/pos_cv_array.dir/tu_stub.c.o] Ошибка 2
gmake[2]: *** [CMakeFiles/Makefile2:673: tests/unit/CMakeFiles/pos_cv_array.dir/all] Ошибка 2
gmake[1]: *** [CMakeFiles/Makefile2:680: tests/unit/CMakeFiles/pos_cv_array.dir/rule] Ошибка 2
gmake: *** [Makefile:303: pos_cv_array] Ошибка 2

</system-out>
	</testcase>
	<testcase name="pos_cv_array_cxx" classname="pos_cv_array_cxx" time="0.494632" status="run">
		<properties>
			<property name="cmake_labels" value="countof_ns;default"/>
		</properties>
		<system-out>Internal cmake changing into directory: /home/parallels/soft/my/countof_ns/build/Linux_pgcc_pgc++
Change Dir: '/home/parallels/soft/my/countof_ns/build/Linux_pgcc_pgc++'

Run Build Command(s): /usr/bin/gmake -f Makefile pos_cv_array_cxx
[  0%] Built target CounofNS
[ 50%] Building CXX object tests/unit/CMakeFiles/pos_cv_array_cxx.dir/tu_stub_cxx.cpp.o
[100%] Linking CXX executable pos_cv_array_cxx
[100%] Built target pos_cv_array_cxx

Running test command: "/home/parallels/soft/my/countof_ns/build/Linux_pgcc_pgc++/tests/unit/pos_cv_array_cxx"
Ok 1 TU_STATIC_ASSERT_AND_RETURN((1)=1, ...) /home/parallels/soft/my/countof_ns/tests/unit/pos_cv_array.h:pos_cv_array.h:TU_UNIT for countof_ns.h:countof_ns(), C++ 202302L

</system-out>
	</testcase>
	<testcase name="pos_struct_n0" classname="pos_struct_n0" time="0.240908" status="fail">
		<failure message="Failed"/>
		<properties>
			<property name="cmake_labels" value="countof_ns;default"/>
		</properties>
		<system-out>Internal cmake changing into directory: /home/parallels/soft/my/countof_ns/build/Linux_pgcc_pgc++
Change Dir: '/home/parallels/soft/my/countof_ns/build/Linux_pgcc_pgc++'

Run Build Command(s): /usr/bin/gmake -f Makefile pos_struct_n0
[  0%] Built target CounofNS
[ 50%] Building C object tests/unit/CMakeFiles/pos_struct_n0.dir/tu_stub.c.o
"/home/parallels/soft/my/countof_ns/tests/unit/pos_struct_n0.h", line 4: error: static assertion failed with "(1) == ((((!sizeof(*(a)) ? 0 : sizeof(a)/( sizeof(*(a)) ? sizeof(*(a)) : (size_t)-1 )) + ((size_t)!sizeof(char[_Generic(&amp;(a), __typeof__(*(a)) (*)[(!sizeof(*(a)) ? 0 : sizeof(a)/( sizeof(*(a)) ? sizeof(*(a)) : (size_t)-1 ))]: 1, default: -1)])))))"
      TU_STATIC_ASSERT_AND_RETURN(1, TU_COUNTOF(a));
      ^

1 error detected in the compilation of "/home/parallels/soft/my/countof_ns/tests/unit/tu_stub.c".
gmake[3]: *** [tests/unit/CMakeFiles/pos_struct_n0.dir/build.make:79: tests/unit/CMakeFiles/pos_struct_n0.dir/tu_stub.c.o] Ошибка 2
gmake[2]: *** [CMakeFiles/Makefile2:737: tests/unit/CMakeFiles/pos_struct_n0.dir/all] Ошибка 2
gmake[1]: *** [CMakeFiles/Makefile2:744: tests/unit/CMakeFiles/pos_struct_n0.dir/rule] Ошибка 2
gmake: *** [Makefile:329: pos_struct_n0] Ошибка 2

</system-out>
	</testcase>
	<testcase name="pos_struct_n0_cxx" classname="pos_struct_n0_cxx" time="0.00335818" status="run">
		<properties>
			<property name="cmake_labels" value="countof_ns;default"/>
		</properties>
		<system-out>Ok 1 TU_STATIC_ASSERT_AND_RETURN((1)=1, ...) /home/parallels/soft/my/countof_ns/tests/unit/pos_struct_n0.h:pos_struct_n0.h:TU_UNIT for countof_ns.h:countof_ns(), C++ 202302L
</system-out>
	</testcase>
	<testcase name="pos_struct_zla_00" classname="pos_struct_zla_00" time="0.00272276" status="run">
		<properties>
			<property name="cmake_labels" value="countof_ns;default"/>
		</properties>
		<system-out>Ok 0 TU_STATIC_ASSERT_AND_RETURN((0)=0, ...) /home/parallels/soft/my/countof_ns/tests/unit/pos_struct_zla_00.h:pos_struct_zla_00.h:TU_UNIT for countof_ns.h:countof_ns(), C 201710L
</system-out>
	</testcase>
	<testcase name="pos_struct_zla_00_cxx" classname="pos_struct_zla_00_cxx" time="0.0032446" status="run">
		<properties>
			<property name="cmake_labels" value="countof_ns;default"/>
		</properties>
		<system-out>Ok 0 TU_STATIC_ASSERT_AND_RETURN((0)=0, ...) /home/parallels/soft/my/countof_ns/tests/unit/pos_struct_zla_00.h:pos_struct_zla_00.h:TU_UNIT for countof_ns.h:countof_ns(), C++ 202302L
</system-out>
	</testcase>
	<testcase name="pos_zla_00" classname="pos_zla_00" time="0.00280691" status="run">
		<properties>
			<property name="cmake_labels" value="countof_ns;default"/>
		</properties>
		<system-out>Ok 0 TU_STATIC_ASSERT_AND_RETURN((0)=0, ...) /home/parallels/soft/my/countof_ns/tests/unit/pos_zla_00.h:pos_zla_00.h:TU_UNIT for countof_ns.h:countof_ns(), C 201710L
</system-out>
	</testcase>
	<testcase name="pos_zla_00_cxx" classname="pos_zla_00_cxx" time="0.0031698" status="run">
		<properties>
			<property name="cmake_labels" value="countof_ns;default"/>
		</properties>
		<system-out>Ok 0 TU_STATIC_ASSERT_AND_RETURN((0)=0, ...) /home/parallels/soft/my/countof_ns/tests/unit/pos_zla_00.h:pos_zla_00.h:TU_UNIT for countof_ns.h:countof_ns(), C++ 202302L
</system-out>
	</testcase>
	<testcase name="pos_zla_0n" classname="pos_zla_0n" time="0.00267714" status="run">
		<properties>
			<property name="cmake_labels" value="countof_ns;default"/>
		</properties>
		<system-out>Ok 0 TU_STATIC_ASSERT_AND_RETURN((0)=0, ...) /home/parallels/soft/my/countof_ns/tests/unit/pos_zla_0n.h:pos_zla_0n.h:TU_UNIT for countof_ns.h:countof_ns(), C 201710L
</system-out>
	</testcase>
	<testcase name="pos_zla_0n_cxx" classname="pos_zla_0n_cxx" time="0.00337361" status="run">
		<properties>
			<property name="cmake_labels" value="countof_ns;default"/>
		</properties>
		<system-out>Ok 0 TU_STATIC_ASSERT_AND_RETURN((0)=0, ...) /home/parallels/soft/my/countof_ns/tests/unit/pos_zla_0n.h:pos_zla_0n.h:TU_UNIT for countof_ns.h:countof_ns(), C++ 202302L
</system-out>
	</testcase>
	<testcase name="pos_zla_n0" classname="pos_zla_n0" time="0.24979" status="fail">
		<failure message="Failed"/>
		<properties>
			<property name="cmake_labels" value="countof_ns;default"/>
		</properties>
		<system-out>Internal cmake changing into directory: /home/parallels/soft/my/countof_ns/build/Linux_pgcc_pgc++
Change Dir: '/home/parallels/soft/my/countof_ns/build/Linux_pgcc_pgc++'

Run Build Command(s): /usr/bin/gmake -f Makefile pos_zla_n0
[  0%] Built target CounofNS
[ 50%] Building C object tests/unit/CMakeFiles/pos_zla_n0.dir/tu_stub.c.o
"/home/parallels/soft/my/countof_ns/tests/unit/pos_zla_n0.h", line 4: error: static assertion failed with "(1) == ((((!sizeof(*(b)) ? 0 : sizeof(b)/( sizeof(*(b)) ? sizeof(*(b)) : (size_t)-1 )) + ((size_t)!sizeof(char[_Generic(&amp;(b), __typeof__(*(b)) (*)[(!sizeof(*(b)) ? 0 : sizeof(b)/( sizeof(*(b)) ? sizeof(*(b)) : (size_t)-1 ))]: 1, default: -1)])))))"
      TU_STATIC_ASSERT_AND_RETURN(1, TU_COUNTOF(b));
      ^

1 error detected in the compilation of "/home/parallels/soft/my/countof_ns/tests/unit/tu_stub.c".
gmake[3]: *** [tests/unit/CMakeFiles/pos_zla_n0.dir/build.make:79: tests/unit/CMakeFiles/pos_zla_n0.dir/tu_stub.c.o] Ошибка 2
gmake[2]: *** [CMakeFiles/Makefile2:993: tests/unit/CMakeFiles/pos_zla_n0.dir/all] Ошибка 2
gmake[1]: *** [CMakeFiles/Makefile2:1000: tests/unit/CMakeFiles/pos_zla_n0.dir/rule] Ошибка 2
gmake: *** [Makefile:433: pos_zla_n0] Ошибка 2

</system-out>
	</testcase>
	<testcase name="pos_zla_n0_cxx" classname="pos_zla_n0_cxx" time="0.00361097" status="run">
		<properties>
			<property name="cmake_labels" value="countof_ns;default"/>
		</properties>
		<system-out>Ok 1 TU_STATIC_ASSERT_AND_RETURN((1)=1, ...) /home/parallels/soft/my/countof_ns/tests/unit/pos_zla_n0.h:pos_zla_n0.h:TU_UNIT for countof_ns.h:countof_ns(), C++ 202302L
</system-out>
	</testcase>
	<testcase name="neg__selftest" classname="neg__selftest" time="0.257656" status="run">
		<properties>
			<property name="cmake_labels" value="countof_ns;default"/>
		</properties>
		<system-out>[  0%] Built target CounofNS
[ 50%] Building C object tests/unit/CMakeFiles/neg__selftest.dir/tu_stub.c.o
"/home/parallels/soft/my/countof_ns/tests/unit/neg__selftest.h", line 12: error: static assertion failed with "0"
          tu_static_assert(0);
          ^

1 error detected in the compilation of "/home/parallels/soft/my/countof_ns/tests/unit/tu_stub.c".
gmake[3]: *** [tests/unit/CMakeFiles/neg__selftest.dir/build.make:79: tests/unit/CMakeFiles/neg__selftest.dir/tu_stub.c.o] Ошибка 2
gmake[2]: *** [CMakeFiles/Makefile2:1057: tests/unit/CMakeFiles/neg__selftest.dir/all] Ошибка 2
gmake[1]: *** [CMakeFiles/Makefile2:1064: tests/unit/CMakeFiles/neg__selftest.dir/rule] Ошибка 2
gmake: *** [Makefile:459: neg__selftest] Ошибка 2
</system-out>
	</testcase>
	<testcase name="neg__selftest_0_fail" classname="neg__selftest_0_fail" time="0.01195" status="notrun">
		<skipped message="SKIP_RETURN_CODE=42"/>
		<properties>
			<property name="cmake_labels" value="countof_ns;default"/>
		</properties>
		<system-out></system-out>
	</testcase>
	<testcase name="neg__selftest_cxx" classname="neg__selftest_cxx" time="0.273071" status="run">
		<properties>
			<property name="cmake_labels" value="countof_ns;default"/>
		</properties>
		<system-out>[  0%] Built target CounofNS
gmake[3]: Предупреждение: время изменения файла «tests/unit/CMakeFiles/neg__selftest_cxx.dir/compiler_depend.make» находится в будущем (0,0097)
[ 50%] Building CXX object tests/unit/CMakeFiles/neg__selftest_cxx.dir/tu_stub_cxx.cpp.o
"/home/parallels/soft/my/countof_ns/tests/unit/neg__selftest.h", line 12: error: static assertion failed with "0"
          tu_static_assert(0);
          ^

1 error detected in the compilation of "/home/parallels/soft/my/countof_ns/tests/unit/tu_stub_cxx.cpp".
gmake[3]: *** [tests/unit/CMakeFiles/neg__selftest_cxx.dir/build.make:79: tests/unit/CMakeFiles/neg__selftest_cxx.dir/tu_stub_cxx.cpp.o] Ошибка 2
gmake[2]: *** [CMakeFiles/Makefile2:1089: tests/unit/CMakeFiles/neg__selftest_cxx.dir/all] Ошибка 2
gmake[1]: *** [CMakeFiles/Makefile2:1096: tests/unit/CMakeFiles/neg__selftest_cxx.dir/rule] Ошибка 2
gmake: *** [Makefile:472: neg__selftest_cxx] Ошибка 2
</system-out>
	</testcase>
	<testcase name="neg__selftest_cxx_0_fail" classname="neg__selftest_cxx_0_fail" time="0.0121754" status="notrun">
		<skipped message="SKIP_RETURN_CODE=42"/>
		<properties>
			<property name="cmake_labels" value="countof_ns;default"/>
		</properties>
		<system-out></system-out>
	</testcase>
	<testcase name="neg_cv_ptr" classname="neg_cv_ptr" time="0.253023" status="run">
		<properties>
			<property name="cmake_labels" value="countof_ns;default"/>
		</properties>
		<system-out>[  0%] Built target CounofNS
[ 50%] Building C object tests/unit/CMakeFiles/neg_cv_ptr.dir/tu_stub.c.o
"/home/parallels/soft/my/countof_ns/tests/unit/neg_cv_ptr.h", line 4: error: the size of an array must be greater than zero
      return TU_COUNTOF(p);
             ^

1 error detected in the compilation of "/home/parallels/soft/my/countof_ns/tests/unit/tu_stub.c".
gmake[3]: *** [tests/unit/CMakeFiles/neg_cv_ptr.dir/build.make:79: tests/unit/CMakeFiles/neg_cv_ptr.dir/tu_stub.c.o] Ошибка 2
gmake[2]: *** [CMakeFiles/Makefile2:1121: tests/unit/CMakeFiles/neg_cv_ptr.dir/all] Ошибка 2
gmake[1]: *** [CMakeFiles/Makefile2:1128: tests/unit/CMakeFiles/neg_cv_ptr.dir/rule] Ошибка 2
gmake: *** [Makefile:485: neg_cv_ptr] Ошибка 2
</system-out>
	</testcase>
	<testcase name="neg_cv_ptr_0_fail" classname="neg_cv_ptr_0_fail" time="0.0118428" status="notrun">
		<skipped message="SKIP_RETURN_CODE=42"/>
		<properties>
			<property name="cmake_labels" value="countof_ns;default"/>
		</properties>
		<system-out></system-out>
	</testcase>
	<testcase name="neg_cv_ptr_cxx" classname="neg_cv_ptr_cxx" time="0.281849" status="run">
		<properties>
			<property name="cmake_labels" value="countof_ns;default"/>
		</properties>
		<system-out>[  0%] Built target CounofNS
[ 50%] Building CXX object tests/unit/CMakeFiles/neg_cv_ptr_cxx.dir/tu_stub_cxx.cpp.o
"/home/parallels/soft/my/countof_ns/include/countof_ns.h", line 107: error: static assertion failed with "Argument must be zero-length array"
          static_assert(0 == A, "Argument must be zero-length array");
          ^
          detected during instantiation of "size_t _countof_ns_aux&lt;A,E,T&gt;(const T &amp;) noexcept [with A=8UL, E=4UL, T=const volatile int *]" at line 4 of "/home/parallels/soft/my/countof_ns/tests/unit/neg_cv_ptr.h"

1 error detected in the compilation of "/home/parallels/soft/my/countof_ns/tests/unit/tu_stub_cxx.cpp".
gmake[3]: *** [tests/unit/CMakeFiles/neg_cv_ptr_cxx.dir/build.make:79: tests/unit/CMakeFiles/neg_cv_ptr_cxx.dir/tu_stub_cxx.cpp.o] Ошибка 2
gmake[2]: *** [CMakeFiles/Makefile2:1153: tests/unit/CMakeFiles/neg_cv_ptr_cxx.dir/all] Ошибка 2
gmake[1]: *** [CMakeFiles/Makefile2:1160: tests/unit/CMakeFiles/neg_cv_ptr_cxx.dir/rule] Ошибка 2
gmake: *** [M...
[This part of the test output was removed since it exceeds the threshold of 1024 bytes.]
</system-out>
	</testcase>
	<testcase name="neg_cv_ptr_cxx_0_fail" classname="neg_cv_ptr_cxx_0_fail" time="0.0135068" status="notrun">
		<skipped message="SKIP_RETURN_CODE=42"/>
		<properties>
			<property name="cmake_labels" value="countof_ns;default"/>
		</properties>
		<system-out></system-out>
	</testcase>
	<testcase name="neg_other" classname="neg_other" time="0.263545" status="run">
		<properties>
			<property name="cmake_labels" value="countof_ns;default"/>
		</properties>
		<system-out>[  0%] Built target CounofNS
gmake[3]: Предупреждение: время изменения файла «tests/unit/CMakeFiles/neg_other.dir/compiler_depend.make» находится в будущем (0,13)
[ 50%] Building C object tests/unit/CMakeFiles/neg_other.dir/tu_stub.c.o
"/home/parallels/soft/my/countof_ns/tests/unit/neg_other.h", line 4: error: operand of "*" must be a pointer but has type "int"
      return TU_COUNTOF(i);
             ^

"/home/parallels/soft/my/countof_ns/tests/unit/neg_other.h", line 4: error: operand of "*" must be a pointer but has type "int"
      return TU_COUNTOF(i);
             ^

"/home/parallels/soft/my/countof_ns/tests/unit/neg_other.h", line 4: error: operand of "*" must be a pointer but has type "int"
      return TU_COUNTOF(i);
             ^

"/home/parallels/soft/my/countof_ns/tests/unit/neg_other.h", line 4: error: operand of "*" must be a pointer but has type "int"
      return TU_COUNTOF(i);
             ^

"/home/parallels/soft/my/countof_ns/tests/unit/n...
[This part of the test output was removed since it exceeds the threshold of 1024 bytes.]
</system-out>
	</testcase>
	<testcase name="neg_other_0_fail" classname="neg_other_0_fail" time="0.0121517" status="notrun">
		<skipped message="SKIP_RETURN_CODE=42"/>
		<properties>
			<property name="cmake_labels" value="countof_ns;default"/>
		</properties>
		<system-out></system-out>
	</testcase>
	<testcase name="neg_other_cxx" classname="neg_other_cxx" time="0.267701" status="run">
		<properties>
			<property name="cmake_labels" value="countof_ns;default"/>
		</properties>
		<system-out>[  0%] Built target CounofNS
[ 50%] Building CXX object tests/unit/CMakeFiles/neg_other_cxx.dir/tu_stub_cxx.cpp.o
"/home/parallels/soft/my/countof_ns/tests/unit/neg_other.h", line 4: error: operand of "*" must be a pointer but has type "int"
      return TU_COUNTOF(i);
             ^

1 error detected in the compilation of "/home/parallels/soft/my/countof_ns/tests/unit/tu_stub_cxx.cpp".
gmake[3]: *** [tests/unit/CMakeFiles/neg_other_cxx.dir/build.make:79: tests/unit/CMakeFiles/neg_other_cxx.dir/tu_stub_cxx.cpp.o] Ошибка 2
gmake[2]: *** [CMakeFiles/Makefile2:1217: tests/unit/CMakeFiles/neg_other_cxx.dir/all] Ошибка 2
gmake[1]: *** [CMakeFiles/Makefile2:1224: tests/unit/CMakeFiles/neg_other_cxx.dir/rule] Ошибка 2
gmake: *** [Makefile:524: neg_other_cxx] Ошибка 2
</system-out>
	</testcase>
	<testcase name="neg_other_cxx_0_fail" classname="neg_other_cxx_0_fail" time="0.0120119" status="notrun">
		<skipped message="SKIP_RETURN_CODE=42"/>
		<properties>
			<property name="cmake_labels" value="countof_ns;default"/>
		</properties>
		<system-out></system-out>
	</testcase>
	<testcase name="neg_ptr" classname="neg_ptr" time="0.257596" status="run">
		<properties>
			<property name="cmake_labels" value="countof_ns;default"/>
		</properties>
		<system-out>[  0%] Built target CounofNS
[ 50%] Building C object tests/unit/CMakeFiles/neg_ptr.dir/tu_stub.c.o
"/home/parallels/soft/my/countof_ns/tests/unit/neg_ptr.h", line 6: error: the size of an array must be greater than zero
             TU_COUNTOF(p));  // TODO
             ^

"/home/parallels/soft/my/countof_ns/tests/unit/neg_ptr.h", line 7: error: the size of an array must be greater than zero
      return TU_COUNTOF(p);
             ^

2 errors detected in the compilation of "/home/parallels/soft/my/countof_ns/tests/unit/tu_stub.c".
gmake[3]: *** [tests/unit/CMakeFiles/neg_ptr.dir/build.make:79: tests/unit/CMakeFiles/neg_ptr.dir/tu_stub.c.o] Ошибка 2
gmake[2]: *** [CMakeFiles/Makefile2:1249: tests/unit/CMakeFiles/neg_ptr.dir/all] Ошибка 2
gmake[1]: *** [CMakeFiles/Makefile2:1256: tests/unit/CMakeFiles/neg_ptr.dir/rule] Ошибка 2
gmake: *** [Makefile:537: neg_ptr] Ошибка 2
</system-out>
	</testcase>
	<testcase name="neg_ptr_0_fail" classname="neg_ptr_0_fail" time="0.0122865" status="notrun">
		<skipped message="SKIP_RETURN_CODE=42"/>
		<properties>
			<property name="cmake_labels" value="countof_ns;default"/>
		</properties>
		<system-out></system-out>
	</testcase>
	<testcase name="neg_ptr_cxx" classname="neg_ptr_cxx" time="0.272642" status="run">
		<properties>
			<property name="cmake_labels" value="countof_ns;default"/>
		</properties>
		<system-out>[  0%] Built target CounofNS
[ 50%] Building CXX object tests/unit/CMakeFiles/neg_ptr_cxx.dir/tu_stub_cxx.cpp.o
"/home/parallels/soft/my/countof_ns/include/countof_ns.h", line 107: error: static assertion failed with "Argument must be zero-length array"
          static_assert(0 == A, "Argument must be zero-length array");
          ^
          detected during instantiation of "size_t _countof_ns_aux&lt;A,E,T&gt;(const T &amp;) noexcept [with A=8UL, E=4UL, T=int *]" at line 6 of "/home/parallels/soft/my/countof_ns/tests/unit/neg_ptr.h"

1 error detected in the compilation of "/home/parallels/soft/my/countof_ns/tests/unit/tu_stub_cxx.cpp".
gmake[3]: *** [tests/unit/CMakeFiles/neg_ptr_cxx.dir/build.make:79: tests/unit/CMakeFiles/neg_ptr_cxx.dir/tu_stub_cxx.cpp.o] Ошибка 2
gmake[2]: *** [CMakeFiles/Makefile2:1281: tests/unit/CMakeFiles/neg_ptr_cxx.dir/all] Ошибка 2
gmake[1]: *** [CMakeFiles/Makefile2:1288: tests/unit/CMakeFiles/neg_ptr_cxx.dir/rule] Ошибка 2
gmake: *** [Makefile:550: neg_ptr_cxx] Оши...
[This part of the test output was removed since it exceeds the threshold of 1024 bytes.]
</system-out>
	</testcase>
	<testcase name="neg_ptr_cxx_0_fail" classname="neg_ptr_cxx_0_fail" time="0.0113676" status="notrun">
		<skipped message="SKIP_RETURN_CODE=42"/>
		<properties>
			<property name="cmake_labels" value="countof_ns;default"/>
		</properties>
		<system-out></system-out>
	</testcase>
	<testcase name="neg_zla_ptr" classname="neg_zla_ptr" time="0.24858" status="run">
		<properties>
			<property name="cmake_labels" value="countof_ns;default"/>
		</properties>
		<system-out>[  0%] Built target CounofNS
gmake[3]: Предупреждение: время изменения файла «tests/unit/CMakeFiles/neg_zla_ptr.dir/compiler_depend.make» находится в будущем (0,014)
[ 50%] Building C object tests/unit/CMakeFiles/neg_zla_ptr.dir/tu_stub.c.o
"/home/parallels/soft/my/countof_ns/tests/unit/neg_zla_ptr.h", line 4: error: the size of an array must be greater than zero
      return TU_COUNTOF(p);
             ^

1 error detected in the compilation of "/home/parallels/soft/my/countof_ns/tests/unit/tu_stub.c".
gmake[3]: *** [tests/unit/CMakeFiles/neg_zla_ptr.dir/build.make:79: tests/unit/CMakeFiles/neg_zla_ptr.dir/tu_stub.c.o] Ошибка 2
gmake[2]: *** [CMakeFiles/Makefile2:1313: tests/unit/CMakeFiles/neg_zla_ptr.dir/all] Ошибка 2
gmake[1]: *** [CMakeFiles/Makefile2:1320: tests/unit/CMakeFiles/neg_zla_ptr.dir/rule] Ошибка 2
gmake: *** [Makefile:563: neg_zla_ptr] Ошибка 2
</system-out>
	</testcase>
	<testcase name="neg_zla_ptr_0_fail" classname="neg_zla_ptr_0_fail" time="0.0116567" status="notrun">
		<skipped message="SKIP_RETURN_CODE=42"/>
		<properties>
			<property name="cmake_labels" value="countof_ns;default"/>
		</properties>
		<system-out></system-out>
	</testcase>
	<testcase name="neg_zla_ptr_cxx" classname="neg_zla_ptr_cxx" time="0.269208" status="run">
		<properties>
			<property name="cmake_labels" value="countof_ns;default"/>
		</properties>
		<system-out>[  0%] Built target CounofNS
[ 50%] Building CXX object tests/unit/CMakeFiles/neg_zla_ptr_cxx.dir/tu_stub_cxx.cpp.o
"/home/parallels/soft/my/countof_ns/include/countof_ns.h", line 107: error: static assertion failed with "Argument must be zero-length array"
          static_assert(0 == A, "Argument must be zero-length array");
          ^
          detected during instantiation of "size_t _countof_ns_aux&lt;A,E,T&gt;(const T &amp;) noexcept [with A=8UL, E=0UL, T=int (*)[0]]" at line 4 of "/home/parallels/soft/my/countof_ns/tests/unit/neg_zla_ptr.h"

1 error detected in the compilation of "/home/parallels/soft/my/countof_ns/tests/unit/tu_stub_cxx.cpp".
gmake[3]: *** [tests/unit/CMakeFiles/neg_zla_ptr_cxx.dir/build.make:79: tests/unit/CMakeFiles/neg_zla_ptr_cxx.dir/tu_stub_cxx.cpp.o] Ошибка 2
gmake[2]: *** [CMakeFiles/Makefile2:1345: tests/unit/CMakeFiles/neg_zla_ptr_cxx.dir/all] Ошибка 2
gmake[1]: *** [CMakeFiles/Makefile2:1352: tests/unit/CMakeFiles/neg_zla_ptr_cxx.dir/rule] Ошибка 2
gmake: *** [Makef...
[This part of the test output was removed since it exceeds the threshold of 1024 bytes.]
</system-out>
	</testcase>
	<testcase name="neg_zla_ptr_cxx_0_fail" classname="neg_zla_ptr_cxx_0_fail" time="0.0120426" status="notrun">
		<skipped message="SKIP_RETURN_CODE=42"/>
		<properties>
			<property name="cmake_labels" value="countof_ns;default"/>
		</properties>
		<system-out></system-out>
	</testcase>
	<testcase name="_check_logs_config" classname="_check_logs_config" time="0.00143939" status="run">
		<properties>
			<property name="cmake_labels" value="default"/>
		</properties>
		<system-out>CL_TAG='default'
               TAC_WERROR=''
               CXX_ENABLED='TRUE'
               CMAKE_C_COMPILER_ID='NVHPC'
               CMAKE_C_COMPILER_VERSION='25.9.0'
               CMAKE_C_FLAGS='  -DHAVE_ZERO_LENGTH_ARRAYS=1 -DHAVE_EMPTY_INITIALIZER=1 -DHAVE_EMPTY_STRUCTURE=1 -DHAVE_TYPEOF=1 -DHAVE___TYPEOF__=1 -DERROR_ON_NEGATIVE_ARRAY_SIZE=1 -DERROR_ON_STRUCT_BIT_FIELD=1 -DERROR_ON_STRUCT_STATIC_ASSERT=1'
               CMAKE_CXX_COMPILER_ID='NVHPC'
               CMAKE_CXX_COMPILER_VERSION='25.9.0'
               CMAKE_CXX_FLAGS='  -DHAVE_ZERO_LENGTH_ARRAYS=1 -DHAVE_EMPTY_INITIALIZER=1 -DHAVE_EMPTY_STRUCTURE=1 -DHAVE_TYPEOF=1 -DHAVE___TYPEOF__=1 -DERROR_ON_NEGATIVE_ARRAY_SIZE=1 -DERROR_ON_STRUCT_BIT_FIELD=1 -DERROR_ON_STRUCT_STATIC_ASSERT=1'
               
</system-out>
	</testcase>
</testsuite>
