<?xml version="1.0" encoding="UTF-8"?>
<testsuite name="(empty)"
	tests="178"
	failures="38"
	disabled="0"
	skipped="39"
	hostname=""
	time="44"
	timestamp="2025-12-01T03:14:19"
	>
	<testcase name="pos__selftest" classname="pos__selftest" time="0.00335333" status="run">
		<properties>
			<property name="cmake_labels" value="countof_ns;default"/>
		</properties>
		<system-out>Ok 1 TU_STATIC_ASSERT_AND_RETURN((1)=1, ...) /home/parallels/soft/my/countof_ns/tests/unit/pos__selftest.h:pos__selftest.h:TU_UNIT for countof_ns.h:countof_ns(), C 201710L
</system-out>
	</testcase>
	<testcase name="pos__selftest_cxx" classname="pos__selftest_cxx" time="0.00360675" status="run">
		<properties>
			<property name="cmake_labels" value="countof_ns;default"/>
		</properties>
		<system-out>Ok 1 TU_STATIC_ASSERT_AND_RETURN((1)=1, ...) /home/parallels/soft/my/countof_ns/tests/unit/pos__selftest.h:pos__selftest.h:TU_UNIT for countof_ns.h:countof_ns(), C++ 202302L
</system-out>
	</testcase>
	<testcase name="pos_array" classname="pos_array" time="0.0031419" status="run">
		<properties>
			<property name="cmake_labels" value="countof_ns;default"/>
		</properties>
		<system-out>Ok 1 TU_STATIC_ASSERT_AND_RETURN((1)=1, ...) /home/parallels/soft/my/countof_ns/tests/unit/pos_array.h:pos_array.h:TU_UNIT for countof_ns.h:countof_ns(), C 201710L
</system-out>
	</testcase>
	<testcase name="pos_array_cxx" classname="pos_array_cxx" time="0.00416487" status="run">
		<properties>
			<property name="cmake_labels" value="countof_ns;default"/>
		</properties>
		<system-out>Ok 1 TU_STATIC_ASSERT_AND_RETURN((1)=1, ...) /home/parallels/soft/my/countof_ns/tests/unit/pos_array.h:pos_array.h:TU_UNIT for countof_ns.h:countof_ns(), C++ 202302L
</system-out>
	</testcase>
	<testcase name="pos_cv_array" classname="pos_cv_array" time="0.268719" status="fail">
		<failure message="Failed"/>
		<properties>
			<property name="cmake_labels" value="countof_ns;default"/>
		</properties>
		<system-out>Internal cmake changing into directory: /home/parallels/soft/my/countof_ns/build/Linux_pgcc_pgc++
Change Dir: '/home/parallels/soft/my/countof_ns/build/Linux_pgcc_pgc++'

Run Build Command(s): /usr/bin/gmake -f Makefile pos_cv_array
[  0%] Built target CounofNS
gmake[3]: Предупреждение: время изменения файла «tests/unit/CMakeFiles/pos_cv_array.dir/compiler_depend.make» находится в будущем (0,075)
[100%] Building C object tests/unit/CMakeFiles/pos_cv_array.dir/tu_stub.c.o
"/home/parallels/soft/my/countof_ns/tests/unit/pos_cv_array.h", line 4: error: the size of an array must be greater than zero
      TU_STATIC_ASSERT_AND_RETURN(1, TU_COUNTOF(a));
      ^

"/home/parallels/soft/my/countof_ns/tests/unit/pos_cv_array.h", line 4: error: the size of an array must be greater than zero
      TU_STATIC_ASSERT_AND_RETURN(1, TU_COUNTOF(a));
      ^

"/home/parallels/soft/my/countof_ns/tests/unit/pos_cv_array.h", line 4: error: the size of an array must be greater than zero
      TU_STATIC_ASSERT_AND_RETURN(1, TU_COUNTOF(a));
      ^

"/home/parallels/soft/my/countof_ns/tests/unit/pos_cv_array.h", line 4: error: the size of an array must be greater than zero
      TU_STATIC_ASSERT_AND_RETURN(1, TU_COUNTOF(a));
      ^

"/home/parallels/soft/my/countof_ns/tests/unit/pos_cv_array.h", line 4: error: the size of an array must be greater than zero
      TU_STATIC_ASSERT_AND_RETURN(1, TU_COUNTOF(a));
      ^

"/home/parallels/soft/my/countof_ns/tests/unit/pos_cv_array.h", line 4: error: the size of an array must be greater than zero
      TU_STATIC_ASSERT_AND_RETURN(1, TU_COUNTOF(a));
      ^

"/home/parallels/soft/my/countof_ns/tests/unit/pos_cv_array.h", line 4: error: the size of an array must be greater than zero
      TU_STATIC_ASSERT_AND_RETURN(1, TU_COUNTOF(a));
      ^

7 errors detected in the compilation of "/home/parallels/soft/my/countof_ns/tests/unit/tu_stub.c".
gmake[3]: *** [tests/unit/CMakeFiles/pos_cv_array.dir/build.make:79: tests/unit/CMakeFiles/pos_cv_array.dir/tu_stub.c.o] Ошибка 2
gmake[2]: *** [CMakeFiles/Makefile2:764: tests/unit/CMakeFiles/pos_cv_array.dir/all] Ошибка 2
gmake[1]: *** [CMakeFiles/Makefile2:771: tests/unit/CMakeFiles/pos_cv_array.dir/rule] Ошибка 2
gmake: *** [Makefile:303: pos_cv_array] Ошибка 2

</system-out>
	</testcase>
	<testcase name="pos_cv_array_cxx" classname="pos_cv_array_cxx" time="0.503265" status="run">
		<properties>
			<property name="cmake_labels" value="countof_ns;default"/>
		</properties>
		<system-out>Internal cmake changing into directory: /home/parallels/soft/my/countof_ns/build/Linux_pgcc_pgc++
Change Dir: '/home/parallels/soft/my/countof_ns/build/Linux_pgcc_pgc++'

Run Build Command(s): /usr/bin/gmake -f Makefile pos_cv_array_cxx
[  0%] Built target CounofNS
[100%] Building CXX object tests/unit/CMakeFiles/pos_cv_array_cxx.dir/tu_stub_cxx.cpp.o
[100%] Linking CXX executable pos_cv_array_cxx
[100%] Built target pos_cv_array_cxx

Running test command: "/home/parallels/soft/my/countof_ns/build/Linux_pgcc_pgc++/tests/unit/pos_cv_array_cxx"
Ok 1 TU_STATIC_ASSERT_AND_RETURN((1)=1, ...) /home/parallels/soft/my/countof_ns/tests/unit/pos_cv_array.h:pos_cv_array.h:TU_UNIT for countof_ns.h:countof_ns(), C++ 202302L

</system-out>
	</testcase>
	<testcase name="pos_struct_n0" classname="pos_struct_n0" time="0.247275" status="fail">
		<failure message="Failed"/>
		<properties>
			<property name="cmake_labels" value="countof_ns;default"/>
		</properties>
		<system-out>Internal cmake changing into directory: /home/parallels/soft/my/countof_ns/build/Linux_pgcc_pgc++
Change Dir: '/home/parallels/soft/my/countof_ns/build/Linux_pgcc_pgc++'

Run Build Command(s): /usr/bin/gmake -f Makefile pos_struct_n0
[  0%] Built target CounofNS
[  0%] Building C object tests/unit/CMakeFiles/pos_struct_n0.dir/tu_stub.c.o
"/home/parallels/soft/my/countof_ns/tests/unit/pos_struct_n0.h", line 4: error: static assertion failed with "(1) == ((((!sizeof(*(a)) ? 0 : sizeof(a)/( sizeof(*(a)) ? sizeof(*(a)) : (size_t)-1 )) + ((size_t)!sizeof(char[_Generic(&amp;(a), __typeof__(*(a)) (*)[(!sizeof(*(a)) ? 0 : sizeof(a)/( sizeof(*(a)) ? sizeof(*(a)) : (size_t)-1 ))]: 1, default: -1)])))))"
      TU_STATIC_ASSERT_AND_RETURN(1, TU_COUNTOF(a));
      ^

1 error detected in the compilation of "/home/parallels/soft/my/countof_ns/tests/unit/tu_stub.c".
gmake[3]: *** [tests/unit/CMakeFiles/pos_struct_n0.dir/build.make:79: tests/unit/CMakeFiles/pos_struct_n0.dir/tu_stub.c.o] Ошибка 2
gmake[2]: *** [CMakeFiles/Makefile2:828: tests/unit/CMakeFiles/pos_struct_n0.dir/all] Ошибка 2
gmake[1]: *** [CMakeFiles/Makefile2:835: tests/unit/CMakeFiles/pos_struct_n0.dir/rule] Ошибка 2
gmake: *** [Makefile:329: pos_struct_n0] Ошибка 2

</system-out>
	</testcase>
	<testcase name="pos_struct_n0_cxx" classname="pos_struct_n0_cxx" time="0.00407582" status="run">
		<properties>
			<property name="cmake_labels" value="countof_ns;default"/>
		</properties>
		<system-out>Ok 1 TU_STATIC_ASSERT_AND_RETURN((1)=1, ...) /home/parallels/soft/my/countof_ns/tests/unit/pos_struct_n0.h:pos_struct_n0.h:TU_UNIT for countof_ns.h:countof_ns(), C++ 202302L
</system-out>
	</testcase>
	<testcase name="pos_struct_zla_00" classname="pos_struct_zla_00" time="0.00283727" status="run">
		<properties>
			<property name="cmake_labels" value="countof_ns;default"/>
		</properties>
		<system-out>Ok 0 TU_STATIC_ASSERT_AND_RETURN((0)=0, ...) /home/parallels/soft/my/countof_ns/tests/unit/pos_struct_zla_00.h:pos_struct_zla_00.h:TU_UNIT for countof_ns.h:countof_ns(), C 201710L
</system-out>
	</testcase>
	<testcase name="pos_struct_zla_00_cxx" classname="pos_struct_zla_00_cxx" time="0.00329767" status="run">
		<properties>
			<property name="cmake_labels" value="countof_ns;default"/>
		</properties>
		<system-out>Ok 0 TU_STATIC_ASSERT_AND_RETURN((0)=0, ...) /home/parallels/soft/my/countof_ns/tests/unit/pos_struct_zla_00.h:pos_struct_zla_00.h:TU_UNIT for countof_ns.h:countof_ns(), C++ 202302L
</system-out>
	</testcase>
	<testcase name="pos_zla_00" classname="pos_zla_00" time="0.00282384" status="run">
		<properties>
			<property name="cmake_labels" value="countof_ns;default"/>
		</properties>
		<system-out>Ok 0 TU_STATIC_ASSERT_AND_RETURN((0)=0, ...) /home/parallels/soft/my/countof_ns/tests/unit/pos_zla_00.h:pos_zla_00.h:TU_UNIT for countof_ns.h:countof_ns(), C 201710L
</system-out>
	</testcase>
	<testcase name="pos_zla_00_cxx" classname="pos_zla_00_cxx" time="0.0032211" status="run">
		<properties>
			<property name="cmake_labels" value="countof_ns;default"/>
		</properties>
		<system-out>Ok 0 TU_STATIC_ASSERT_AND_RETURN((0)=0, ...) /home/parallels/soft/my/countof_ns/tests/unit/pos_zla_00.h:pos_zla_00.h:TU_UNIT for countof_ns.h:countof_ns(), C++ 202302L
</system-out>
	</testcase>
	<testcase name="pos_zla_0n" classname="pos_zla_0n" time="0.00277332" status="run">
		<properties>
			<property name="cmake_labels" value="countof_ns;default"/>
		</properties>
		<system-out>Ok 0 TU_STATIC_ASSERT_AND_RETURN((0)=0, ...) /home/parallels/soft/my/countof_ns/tests/unit/pos_zla_0n.h:pos_zla_0n.h:TU_UNIT for countof_ns.h:countof_ns(), C 201710L
</system-out>
	</testcase>
	<testcase name="pos_zla_0n_cxx" classname="pos_zla_0n_cxx" time="0.00373117" status="run">
		<properties>
			<property name="cmake_labels" value="countof_ns;default"/>
		</properties>
		<system-out>Ok 0 TU_STATIC_ASSERT_AND_RETURN((0)=0, ...) /home/parallels/soft/my/countof_ns/tests/unit/pos_zla_0n.h:pos_zla_0n.h:TU_UNIT for countof_ns.h:countof_ns(), C++ 202302L
</system-out>
	</testcase>
	<testcase name="pos_zla_n0" classname="pos_zla_n0" time="0.26635" status="fail">
		<failure message="Failed"/>
		<properties>
			<property name="cmake_labels" value="countof_ns;default"/>
		</properties>
		<system-out>Internal cmake changing into directory: /home/parallels/soft/my/countof_ns/build/Linux_pgcc_pgc++
Change Dir: '/home/parallels/soft/my/countof_ns/build/Linux_pgcc_pgc++'

Run Build Command(s): /usr/bin/gmake -f Makefile pos_zla_n0
[  0%] Built target CounofNS
gmake[3]: Предупреждение: время изменения файла «tests/unit/CMakeFiles/pos_zla_n0.dir/compiler_depend.make» находится в будущем (0,006)
[100%] Building C object tests/unit/CMakeFiles/pos_zla_n0.dir/tu_stub.c.o
"/home/parallels/soft/my/countof_ns/tests/unit/pos_zla_n0.h", line 4: error: static assertion failed with "(1) == ((((!sizeof(*(b)) ? 0 : sizeof(b)/( sizeof(*(b)) ? sizeof(*(b)) : (size_t)-1 )) + ((size_t)!sizeof(char[_Generic(&amp;(b), __typeof__(*(b)) (*)[(!sizeof(*(b)) ? 0 : sizeof(b)/( sizeof(*(b)) ? sizeof(*(b)) : (size_t)-1 ))]: 1, default: -1)])))))"
      TU_STATIC_ASSERT_AND_RETURN(1, TU_COUNTOF(b));
      ^

1 error detected in the compilation of "/home/parallels/soft/my/countof_ns/tests/unit/tu_stub.c".
gmake[3]: *** [tests/unit/CMakeFiles/pos_zla_n0.dir/build.make:79: tests/unit/CMakeFiles/pos_zla_n0.dir/tu_stub.c.o] Ошибка 2
gmake[2]: *** [CMakeFiles/Makefile2:1084: tests/unit/CMakeFiles/pos_zla_n0.dir/all] Ошибка 2
gmake[1]: *** [CMakeFiles/Makefile2:1091: tests/unit/CMakeFiles/pos_zla_n0.dir/rule] Ошибка 2
gmake: *** [Makefile:433: pos_zla_n0] Ошибка 2

</system-out>
	</testcase>
	<testcase name="pos_zla_n0_cxx" classname="pos_zla_n0_cxx" time="0.00352309" status="run">
		<properties>
			<property name="cmake_labels" value="countof_ns;default"/>
		</properties>
		<system-out>Ok 1 TU_STATIC_ASSERT_AND_RETURN((1)=1, ...) /home/parallels/soft/my/countof_ns/tests/unit/pos_zla_n0.h:pos_zla_n0.h:TU_UNIT for countof_ns.h:countof_ns(), C++ 202302L
</system-out>
	</testcase>
	<testcase name="neg__selftest" classname="neg__selftest" time="0.251976" status="run">
		<properties>
			<property name="cmake_labels" value="countof_ns;default"/>
		</properties>
		<system-out>[  0%] Built target CounofNS
[100%] Building C object tests/unit/CMakeFiles/neg__selftest.dir/tu_stub.c.o
"/home/parallels/soft/my/countof_ns/tests/unit/neg__selftest.h", line 12: error: static assertion failed with "0"
          tu_static_assert(0);
          ^

1 error detected in the compilation of "/home/parallels/soft/my/countof_ns/tests/unit/tu_stub.c".
gmake[3]: *** [tests/unit/CMakeFiles/neg__selftest.dir/build.make:79: tests/unit/CMakeFiles/neg__selftest.dir/tu_stub.c.o] Ошибка 2
gmake[2]: *** [CMakeFiles/Makefile2:1148: tests/unit/CMakeFiles/neg__selftest.dir/all] Ошибка 2
gmake[1]: *** [CMakeFiles/Makefile2:1155: tests/unit/CMakeFiles/neg__selftest.dir/rule] Ошибка 2
gmake: *** [Makefile:459: neg__selftest] Ошибка 2
</system-out>
	</testcase>
	<testcase name="neg__selftest_0_fail" classname="neg__selftest_0_fail" time="0.0118078" status="notrun">
		<skipped message="SKIP_RETURN_CODE=42"/>
		<properties>
			<property name="cmake_labels" value="countof_ns;default"/>
		</properties>
		<system-out></system-out>
	</testcase>
	<testcase name="neg__selftest_cxx" classname="neg__selftest_cxx" time="0.260445" status="run">
		<properties>
			<property name="cmake_labels" value="countof_ns;default"/>
		</properties>
		<system-out>[  0%] Built target CounofNS
[  0%] Building CXX object tests/unit/CMakeFiles/neg__selftest_cxx.dir/tu_stub_cxx.cpp.o
"/home/parallels/soft/my/countof_ns/tests/unit/neg__selftest.h", line 12: error: static assertion failed with "0"
          tu_static_assert(0);
          ^

1 error detected in the compilation of "/home/parallels/soft/my/countof_ns/tests/unit/tu_stub_cxx.cpp".
gmake[3]: *** [tests/unit/CMakeFiles/neg__selftest_cxx.dir/build.make:79: tests/unit/CMakeFiles/neg__selftest_cxx.dir/tu_stub_cxx.cpp.o] Ошибка 2
gmake[2]: *** [CMakeFiles/Makefile2:1180: tests/unit/CMakeFiles/neg__selftest_cxx.dir/all] Ошибка 2
gmake[1]: *** [CMakeFiles/Makefile2:1187: tests/unit/CMakeFiles/neg__selftest_cxx.dir/rule] Ошибка 2
gmake: *** [Makefile:472: neg__selftest_cxx] Ошибка 2
</system-out>
	</testcase>
	<testcase name="neg__selftest_cxx_0_fail" classname="neg__selftest_cxx_0_fail" time="0.0117268" status="notrun">
		<skipped message="SKIP_RETURN_CODE=42"/>
		<properties>
			<property name="cmake_labels" value="countof_ns;default"/>
		</properties>
		<system-out></system-out>
	</testcase>
	<testcase name="neg_cv_ptr" classname="neg_cv_ptr" time="0.253455" status="run">
		<properties>
			<property name="cmake_labels" value="countof_ns;default"/>
		</properties>
		<system-out>[  0%] Built target CounofNS
[  0%] Building C object tests/unit/CMakeFiles/neg_cv_ptr.dir/tu_stub.c.o
"/home/parallels/soft/my/countof_ns/tests/unit/neg_cv_ptr.h", line 4: error: the size of an array must be greater than zero
      return TU_COUNTOF(p);
             ^

1 error detected in the compilation of "/home/parallels/soft/my/countof_ns/tests/unit/tu_stub.c".
gmake[3]: *** [tests/unit/CMakeFiles/neg_cv_ptr.dir/build.make:79: tests/unit/CMakeFiles/neg_cv_ptr.dir/tu_stub.c.o] Ошибка 2
gmake[2]: *** [CMakeFiles/Makefile2:1212: tests/unit/CMakeFiles/neg_cv_ptr.dir/all] Ошибка 2
gmake[1]: *** [CMakeFiles/Makefile2:1219: tests/unit/CMakeFiles/neg_cv_ptr.dir/rule] Ошибка 2
gmake: *** [Makefile:485: neg_cv_ptr] Ошибка 2
</system-out>
	</testcase>
	<testcase name="neg_cv_ptr_0_fail" classname="neg_cv_ptr_0_fail" time="0.0139039" status="notrun">
		<skipped message="SKIP_RETURN_CODE=42"/>
		<properties>
			<property name="cmake_labels" value="countof_ns;default"/>
		</properties>
		<system-out></system-out>
	</testcase>
	<testcase name="neg_cv_ptr_cxx" classname="neg_cv_ptr_cxx" time="0.271563" status="run">
		<properties>
			<property name="cmake_labels" value="countof_ns;default"/>
		</properties>
		<system-out>Built target CounofNS
Building CXX object tests/unit/CMakeFiles/neg_cv_ptr_cxx.dir/tu_stub_cxx.cpp.o
"/home/parallels/soft/my/countof_ns/include/countof_ns.h", line 107: error: static assertion failed with "Argument must be zero-length array"
          static_assert(0 == A, "Argument must be zero-length array");
          ^
          detected during instantiation of "size_t _countof_ns_aux&lt;A,E,T&gt;(const T &amp;) noexcept [with A=8UL, E=4UL, T=const volatile int *]" at line 4 of "/home/parallels/soft/my/countof_ns/tests/unit/neg_cv_ptr.h"

1 error detected in the compilation of "/home/parallels/soft/my/countof_ns/tests/unit/tu_stub_cxx.cpp".
gmake[3]: *** [tests/unit/CMakeFiles/neg_cv_ptr_cxx.dir/build.make:79: tests/unit/CMakeFiles/neg_cv_ptr_cxx.dir/tu_stub_cxx.cpp.o] Ошибка 2
gmake[2]: *** [CMakeFiles/Makefile2:1244: tests/unit/CMakeFiles/neg_cv_ptr_cxx.dir/all] Ошибка 2
gmake[1]: *** [CMakeFiles/Makefile2:1251: tests/unit/CMakeFiles/neg_cv_ptr_cxx.dir/rule] Ошибка 2
gmake: *** [Makefile:498: n...
[This part of the test output was removed since it exceeds the threshold of 1024 bytes.]
</system-out>
	</testcase>
	<testcase name="neg_cv_ptr_cxx_0_fail" classname="neg_cv_ptr_cxx_0_fail" time="0.0126294" status="notrun">
		<skipped message="SKIP_RETURN_CODE=42"/>
		<properties>
			<property name="cmake_labels" value="countof_ns;default"/>
		</properties>
		<system-out></system-out>
	</testcase>
	<testcase name="neg_other" classname="neg_other" time="0.247083" status="run">
		<properties>
			<property name="cmake_labels" value="countof_ns;default"/>
		</properties>
		<system-out>[  0%] Built target CounofNS
[100%] Building C object tests/unit/CMakeFiles/neg_other.dir/tu_stub.c.o
"/home/parallels/soft/my/countof_ns/tests/unit/neg_other.h", line 4: error: operand of "*" must be a pointer but has type "int"
      return TU_COUNTOF(i);
             ^

"/home/parallels/soft/my/countof_ns/tests/unit/neg_other.h", line 4: error: operand of "*" must be a pointer but has type "int"
      return TU_COUNTOF(i);
             ^

"/home/parallels/soft/my/countof_ns/tests/unit/neg_other.h", line 4: error: operand of "*" must be a pointer but has type "int"
      return TU_COUNTOF(i);
             ^

"/home/parallels/soft/my/countof_ns/tests/unit/neg_other.h", line 4: error: operand of "*" must be a pointer but has type "int"
      return TU_COUNTOF(i);
             ^

"/home/parallels/soft/my/countof_ns/tests/unit/neg_other.h", line 4: error: operand of "*" must be a pointer but has type "int"
      return TU_COUNTOF(i);
             ^

"/home/parallels/soft/my/countof_ns/tests/unit/neg_other.h", l...
[This part of the test output was removed since it exceeds the threshold of 1024 bytes.]
</system-out>
	</testcase>
	<testcase name="neg_other_0_fail" classname="neg_other_0_fail" time="0.0119789" status="notrun">
		<skipped message="SKIP_RETURN_CODE=42"/>
		<properties>
			<property name="cmake_labels" value="countof_ns;default"/>
		</properties>
		<system-out></system-out>
	</testcase>
	<testcase name="neg_other_cxx" classname="neg_other_cxx" time="0.270205" status="run">
		<properties>
			<property name="cmake_labels" value="countof_ns;default"/>
		</properties>
		<system-out>[  0%] Built target CounofNS
[100%] Building CXX object tests/unit/CMakeFiles/neg_other_cxx.dir/tu_stub_cxx.cpp.o
"/home/parallels/soft/my/countof_ns/tests/unit/neg_other.h", line 4: error: operand of "*" must be a pointer but has type "int"
      return TU_COUNTOF(i);
             ^

1 error detected in the compilation of "/home/parallels/soft/my/countof_ns/tests/unit/tu_stub_cxx.cpp".
gmake[3]: *** [tests/unit/CMakeFiles/neg_other_cxx.dir/build.make:79: tests/unit/CMakeFiles/neg_other_cxx.dir/tu_stub_cxx.cpp.o] Ошибка 2
gmake[2]: *** [CMakeFiles/Makefile2:1308: tests/unit/CMakeFiles/neg_other_cxx.dir/all] Ошибка 2
gmake[1]: *** [CMakeFiles/Makefile2:1315: tests/unit/CMakeFiles/neg_other_cxx.dir/rule] Ошибка 2
gmake: *** [Makefile:524: neg_other_cxx] Ошибка 2
</system-out>
	</testcase>
	<testcase name="neg_other_cxx_0_fail" classname="neg_other_cxx_0_fail" time="0.0118967" status="notrun">
		<skipped message="SKIP_RETURN_CODE=42"/>
		<properties>
			<property name="cmake_labels" value="countof_ns;default"/>
		</properties>
		<system-out></system-out>
	</testcase>
	<testcase name="neg_ptr" classname="neg_ptr" time="0.25005" status="run">
		<properties>
			<property name="cmake_labels" value="countof_ns;default"/>
		</properties>
		<system-out>[  0%] Built target CounofNS
gmake[3]: Предупреждение: время изменения файла «tests/unit/CMakeFiles/neg_ptr.dir/compiler_depend.make» находится в будущем (0,078)
[  0%] Building C object tests/unit/CMakeFiles/neg_ptr.dir/tu_stub.c.o
"/home/parallels/soft/my/countof_ns/tests/unit/neg_ptr.h", line 6: error: the size of an array must be greater than zero
             TU_COUNTOF(p));  // TODO
             ^

"/home/parallels/soft/my/countof_ns/tests/unit/neg_ptr.h", line 7: error: the size of an array must be greater than zero
      return TU_COUNTOF(p);
             ^

2 errors detected in the compilation of "/home/parallels/soft/my/countof_ns/tests/unit/tu_stub.c".
gmake[3]: *** [tests/unit/CMakeFiles/neg_ptr.dir/build.make:79: tests/unit/CMakeFiles/neg_ptr.dir/tu_stub.c.o] Ошибка 2
gmake[2]: *** [CMakeFiles/Makefile2:1340: tests/unit/CMakeFiles/neg_ptr.dir/all] Ошибка 2
gmake[1]: *** [CMakeFiles/Makefile2:1347: tests/unit/CMakeFiles/neg_ptr.dir/ru...
[This part of the test output was removed since it exceeds the threshold of 1024 bytes.]
</system-out>
	</testcase>
	<testcase name="neg_ptr_0_fail" classname="neg_ptr_0_fail" time="0.0119885" status="notrun">
		<skipped message="SKIP_RETURN_CODE=42"/>
		<properties>
			<property name="cmake_labels" value="countof_ns;default"/>
		</properties>
		<system-out></system-out>
	</testcase>
	<testcase name="neg_ptr_cxx" classname="neg_ptr_cxx" time="0.284379" status="run">
		<properties>
			<property name="cmake_labels" value="countof_ns;default"/>
		</properties>
		<system-out>[  0%] Built target CounofNS
[  0%] Building CXX object tests/unit/CMakeFiles/neg_ptr_cxx.dir/tu_stub_cxx.cpp.o
"/home/parallels/soft/my/countof_ns/include/countof_ns.h", line 107: error: static assertion failed with "Argument must be zero-length array"
          static_assert(0 == A, "Argument must be zero-length array");
          ^
          detected during instantiation of "size_t _countof_ns_aux&lt;A,E,T&gt;(const T &amp;) noexcept [with A=8UL, E=4UL, T=int *]" at line 6 of "/home/parallels/soft/my/countof_ns/tests/unit/neg_ptr.h"

1 error detected in the compilation of "/home/parallels/soft/my/countof_ns/tests/unit/tu_stub_cxx.cpp".
gmake[3]: *** [tests/unit/CMakeFiles/neg_ptr_cxx.dir/build.make:79: tests/unit/CMakeFiles/neg_ptr_cxx.dir/tu_stub_cxx.cpp.o] Ошибка 2
gmake[2]: *** [CMakeFiles/Makefile2:1372: tests/unit/CMakeFiles/neg_ptr_cxx.dir/all] Ошибка 2
gmake[1]: *** [CMakeFiles/Makefile2:1379: tests/unit/CMakeFiles/neg_ptr_cxx.dir/rule] Ошибка 2
gmake: *** [Makefile:550: neg_ptr_cxx] Оши...
[This part of the test output was removed since it exceeds the threshold of 1024 bytes.]
</system-out>
	</testcase>
	<testcase name="neg_ptr_cxx_0_fail" classname="neg_ptr_cxx_0_fail" time="0.0119171" status="notrun">
		<skipped message="SKIP_RETURN_CODE=42"/>
		<properties>
			<property name="cmake_labels" value="countof_ns;default"/>
		</properties>
		<system-out></system-out>
	</testcase>
	<testcase name="neg_zla_ptr" classname="neg_zla_ptr" time="0.243125" status="run">
		<properties>
			<property name="cmake_labels" value="countof_ns;default"/>
		</properties>
		<system-out>Built target CounofNS
Building C object tests/unit/CMakeFiles/neg_zla_ptr.dir/tu_stub.c.o
"/home/parallels/soft/my/countof_ns/tests/unit/neg_zla_ptr.h", line 4: error: the size of an array must be greater than zero
      return TU_COUNTOF(p);
             ^

1 error detected in the compilation of "/home/parallels/soft/my/countof_ns/tests/unit/tu_stub.c".
gmake[3]: *** [tests/unit/CMakeFiles/neg_zla_ptr.dir/build.make:79: tests/unit/CMakeFiles/neg_zla_ptr.dir/tu_stub.c.o] Ошибка 2
gmake[2]: *** [CMakeFiles/Makefile2:1404: tests/unit/CMakeFiles/neg_zla_ptr.dir/all] Ошибка 2
gmake[1]: *** [CMakeFiles/Makefile2:1411: tests/unit/CMakeFiles/neg_zla_ptr.dir/rule] Ошибка 2
gmake: *** [Makefile:563: neg_zla_ptr] Ошибка 2
</system-out>
	</testcase>
	<testcase name="neg_zla_ptr_0_fail" classname="neg_zla_ptr_0_fail" time="0.0122571" status="notrun">
		<skipped message="SKIP_RETURN_CODE=42"/>
		<properties>
			<property name="cmake_labels" value="countof_ns;default"/>
		</properties>
		<system-out></system-out>
	</testcase>
	<testcase name="neg_zla_ptr_cxx" classname="neg_zla_ptr_cxx" time="0.29721" status="run">
		<properties>
			<property name="cmake_labels" value="countof_ns;default"/>
		</properties>
		<system-out>[  0%] Built target CounofNS
[100%] Building CXX object tests/unit/CMakeFiles/neg_zla_ptr_cxx.dir/tu_stub_cxx.cpp.o
"/home/parallels/soft/my/countof_ns/include/countof_ns.h", line 107: error: static assertion failed with "Argument must be zero-length array"
          static_assert(0 == A, "Argument must be zero-length array");
          ^
          detected during instantiation of "size_t _countof_ns_aux&lt;A,E,T&gt;(const T &amp;) noexcept [with A=8UL, E=0UL, T=int (*)[0]]" at line 4 of "/home/parallels/soft/my/countof_ns/tests/unit/neg_zla_ptr.h"

1 error detected in the compilation of "/home/parallels/soft/my/countof_ns/tests/unit/tu_stub_cxx.cpp".
gmake[3]: *** [tests/unit/CMakeFiles/neg_zla_ptr_cxx.dir/build.make:79: tests/unit/CMakeFiles/neg_zla_ptr_cxx.dir/tu_stub_cxx.cpp.o] Ошибка 2
gmake[2]: *** [CMakeFiles/Makefile2:1436: tests/unit/CMakeFiles/neg_zla_ptr_cxx.dir/all] Ошибка 2
gmake[1]: *** [CMakeFiles/Makefile2:1443: tests/unit/CMakeFiles/neg_zla_ptr_cxx.dir/rule] Ошибка 2
gmake: *** [Makef...
[This part of the test output was removed since it exceeds the threshold of 1024 bytes.]
</system-out>
	</testcase>
	<testcase name="neg_zla_ptr_cxx_0_fail" classname="neg_zla_ptr_cxx_0_fail" time="0.0122397" status="notrun">
		<skipped message="SKIP_RETURN_CODE=42"/>
		<properties>
			<property name="cmake_labels" value="countof_ns;default"/>
		</properties>
		<system-out></system-out>
	</testcase>
	<testcase name="std_size-pos__selftest_cxx" classname="std_size-pos__selftest_cxx" time="0.868149" status="run">
		<properties>
			<property name="cmake_labels" value="std_size"/>
		</properties>
		<system-out>Internal cmake changing into directory: /home/parallels/soft/my/countof_ns/build/Linux_pgcc_pgc++
Change Dir: '/home/parallels/soft/my/countof_ns/build/Linux_pgcc_pgc++'

Run Build Command(s): /usr/bin/gmake -f Makefile std_size-pos__selftest_cxx
[  0%] Built target CounofNS
[100%] Building CXX object tests/unit/CMakeFiles/std_size-pos__selftest_cxx.dir/tu_stub_cxx.cpp.o
[100%] Linking CXX executable std_size-pos__selftest_cxx
[100%] Built target std_size-pos__selftest_cxx

Running test command: "/home/parallels/soft/my/countof_ns/build/Linux_pgcc_pgc++/tests/unit/std_size-pos__selftest_cxx"
Ok 1 TU_STATIC_ASSERT_AND_RETURN((1)=1, ...) /home/parallels/soft/my/countof_ns/tests/unit/pos__selftest.h:pos__selftest.h:TU_UNIT for _comparisons/std_size.h:std_size(), C++ 202302L

</system-out>
	</testcase>
	<testcase name="std_size-pos_array_cxx" classname="std_size-pos_array_cxx" time="0.862006" status="run">
		<properties>
			<property name="cmake_labels" value="std_size"/>
		</properties>
		<system-out>Internal cmake changing into directory: /home/parallels/soft/my/countof_ns/build/Linux_pgcc_pgc++
Change Dir: '/home/parallels/soft/my/countof_ns/build/Linux_pgcc_pgc++'

Run Build Command(s): /usr/bin/gmake -f Makefile std_size-pos_array_cxx
[  0%] Built target CounofNS
gmake[3]: Предупреждение: время изменения файла «tests/unit/CMakeFiles/std_size-pos_array_cxx.dir/compiler_depend.make» находится в будущем (0,028)
[  0%] Building CXX object tests/unit/CMakeFiles/std_size-pos_array_cxx.dir/tu_stub_cxx.cpp.o
[100%] Linking CXX executable std_size-pos_array_cxx
gmake[3]: предупреждение: Неправильный ход часов.  Сборка может быть неполной.
[100%] Built target std_size-pos_array_cxx

Running test command: "/home/parallels/soft/my/countof_ns/build/Linux_pgcc_pgc++/tests/unit/std_size-pos_array_cxx"
Ok 1 TU_STATIC_ASSERT_AND_RETURN((1)=1, ...) /home/parallels/soft/my/countof_ns/tests/unit/pos_array.h:pos_ar...
[This part of the test output was removed since it exceeds the threshold of 1024 bytes.]
</system-out>
	</testcase>
	<testcase name="std_size-pos_cv_array_cxx" classname="std_size-pos_cv_array_cxx" time="0.852918" status="run">
		<properties>
			<property name="cmake_labels" value="std_size"/>
		</properties>
		<system-out>Internal cmake changing into directory: /home/parallels/soft/my/countof_ns/build/Linux_pgcc_pgc++
Change Dir: '/home/parallels/soft/my/countof_ns/build/Linux_pgcc_pgc++'

Run Build Command(s): /usr/bin/gmake -f Makefile std_size-pos_cv_array_cxx
[  0%] Built target CounofNS
[  0%] Building CXX object tests/unit/CMakeFiles/std_size-pos_cv_array_cxx.dir/tu_stub_cxx.cpp.o
[100%] Linking CXX executable std_size-pos_cv_array_cxx
[100%] Built target std_size-pos_cv_array_cxx

Running test command: "/home/parallels/soft/my/countof_ns/build/Linux_pgcc_pgc++/tests/unit/std_size-pos_cv_array_cxx"
Ok 1 TU_STATIC_ASSERT_AND_RETURN((1)=1, ...) /home/parallels/soft/my/countof_ns/tests/unit/pos_cv_array.h:pos_cv_array.h:TU_UNIT for _comparisons/std_size.h:std_size(), C++ 202302L

</system-out>
	</testcase>
	<testcase name="std_size-pos_struct_n0_cxx" classname="std_size-pos_struct_n0_cxx" time="0.857521" status="run">
		<properties>
			<property name="cmake_labels" value="std_size"/>
		</properties>
		<system-out>Internal cmake changing into directory: /home/parallels/soft/my/countof_ns/build/Linux_pgcc_pgc++
Change Dir: '/home/parallels/soft/my/countof_ns/build/Linux_pgcc_pgc++'

Run Build Command(s): /usr/bin/gmake -f Makefile std_size-pos_struct_n0_cxx
Built target CounofNS
Building CXX object tests/unit/CMakeFiles/std_size-pos_struct_n0_cxx.dir/tu_stub_cxx.cpp.o
Linking CXX executable std_size-pos_struct_n0_cxx
Built target std_size-pos_struct_n0_cxx

Running test command: "/home/parallels/soft/my/countof_ns/build/Linux_pgcc_pgc++/tests/unit/std_size-pos_struct_n0_cxx"
Ok 1 TU_STATIC_ASSERT_AND_RETURN((1)=1, ...) /home/parallels/soft/my/countof_ns/tests/unit/pos_struct_n0.h:pos_struct_n0.h:TU_UNIT for _comparisons/std_size.h:std_size(), C++ 202302L

</system-out>
	</testcase>
	<testcase name="std_size-pos_struct_zla_00_cxx" classname="std_size-pos_struct_zla_00_cxx" time="0.603739" status="fail">
		<failure message="Failed"/>
		<properties>
			<property name="cmake_labels" value="std_size"/>
		</properties>
		<system-out>Internal cmake changing into directory: /home/parallels/soft/my/countof_ns/build/Linux_pgcc_pgc++
Change Dir: '/home/parallels/soft/my/countof_ns/build/Linux_pgcc_pgc++'

Run Build Command(s): /usr/bin/gmake -f Makefile std_size-pos_struct_zla_00_cxx
[  0%] Built target CounofNS
[100%] Building CXX object tests/unit/CMakeFiles/std_size-pos_struct_zla_00_cxx.dir/tu_stub_cxx.cpp.o
"/home/parallels/soft/my/countof_ns/tests/unit/pos_struct_zla_00.h", line 4: error: no instance of overloaded function "std::size" matches the argument list
            argument types are: (struct &lt;unnamed&gt; [0])
      TU_STATIC_ASSERT_AND_RETURN(0, TU_COUNTOF(a));
      ^
"/usr/include/c++/14/bits/range_access.h", line 272: note: candidate function template "std::size(const _Tp (&amp;)[_Nm]) noexcept" failed deduction
      size(const _Tp (&amp;)[_Nm]) noexcept
      ^
"/usr/include/c++/14/bits/range_access.h", line 262: note: candidate function template "std::size(const _Container &amp;)-&gt;decltype((&lt;expression&gt;))" failed deduction
      size(const _Container&amp; __cont) noexcept(noexcept(__cont.size()))
      ^

"/home/parallels/soft/my/countof_ns/tests/unit/pos_struct_zla_00.h", line 4: error: no instance of overloaded function "std::size" matches the argument list
            argument types are: (struct &lt;unnamed&gt; [0])
      TU_STATIC_ASSERT_AND_RETURN(0, TU_COUNTOF(a));
      ^
"/usr/include/c++/14/bits/range_access.h", line 272: note: candidate function template "std::size(const _Tp (&amp;)[_Nm]) noexcept" failed deduction
      size(const _Tp (&amp;)[_Nm]) noexcept
      ^
"/usr/include/c++/14/bits/range_access.h", line 262: note: candidate function template "std::size(const _Container &amp;)-&gt;decltype((&lt;expression&gt;))" failed deduction
      size(const _Container&amp; __cont) noexcept(noexcept(__cont.size()))
      ^

"/home/parallels/soft/my/countof_ns/tests/unit/pos_struct_zla_00.h", line 4: error: no instance of overloaded function "std::size" matches the argument list
            argument types are: (struct &lt;unnamed&gt; [0])
      TU_STATIC_ASSERT_AND_RETURN(0, TU_COUNTOF(a));
      ^
"/usr/include/c++/14/bits/range_access.h", line 272: note: candidate function template "std::size(const _Tp (&amp;)[_Nm]) noexcept" failed deduction
      size(const _Tp (&amp;)[_Nm]) noexcept
      ^
"/usr/include/c++/14/bits/range_access.h", line 262: note: candidate function template "std::size(const _Container &amp;)-&gt;decltype((&lt;expression&gt;))" failed deduction
      size(const _Container&amp; __cont) noexcept(noexcept(__cont.size()))
      ^

"/home/parallels/soft/my/countof_ns/tests/unit/pos_struct_zla_00.h", line 4: error: no instance of overloaded function "std::size" matches the argument list
            argument types are: (struct &lt;unnamed&gt; [0])
      TU_STATIC_ASSERT_AND_RETURN(0, TU_COUNTOF(a));
      ^
"/usr/include/c++/14/bits/range_access.h", line 272: note: candidate function template "std::size(const _Tp (&amp;)[_Nm]) noexcept" failed deduction
      size(const _Tp (&amp;)[_Nm]) noexcept
      ^
"/usr/include/c++/14/bits/range_access.h", line 262: note: candidate function template "std::size(const _Container &amp;)-&gt;decltype((&lt;expression&gt;))" failed deduction
      size(const _Container&amp; __cont) noexcept(noexcept(__cont.size()))
      ^

"/home/parallels/soft/my/countof_ns/tests/unit/pos_struct_zla_00.h", line 4: error: no instance of overloaded function "std::size" matches the argument list
            argument types are: (struct &lt;unnamed&gt; [0])
      TU_STATIC_ASSERT_AND_RETURN(0, TU_COUNTOF(a));
      ^
"/usr/include/c++/14/bits/range_access.h", line 272: note: candidate function template "std::size(const _Tp (&amp;)[_Nm]) noexcept" failed deduction
      size(const _Tp (&amp;)[_Nm]) noexcept
      ^
"/usr/include/c++/14/bits/range_access.h", line 262: note: candidate function template "std::size(const _Container &amp;)-&gt;decltype((&lt;expression&gt;))" failed deduction
      size(const _Container&amp; __cont) noexcept(noexcept(__cont.size()))
      ^

"/home/parallels/soft/my/countof_ns/tests/unit/pos_struct_zla_00.h", line 4: error: no instance of overloaded function "std::size" matches the argument list
            argument types are: (struct &lt;unnamed&gt; [0])
      TU_STATIC_ASSERT_AND_RETURN(0, TU_COUNTOF(a));
      ^
"/usr/include/c++/14/bits/range_access.h", line 272: note: candidate function template "std::size(const _Tp (&amp;)[_Nm]) noexcept" failed deduction
      size(const _Tp (&amp;)[_Nm]) noexcept
      ^
"/usr/include/c++/14/bits/range_access.h", line 262: note: candidate function template "std::size(const _Container &amp;)-&gt;decltype((&lt;expression&gt;))" failed deduction
      size(const _Container&amp; __cont) noexcept(noexcept(__cont.size()))
      ^

"/home/parallels/soft/my/countof_ns/tests/unit/pos_struct_zla_00.h", line 4: error: no instance of overloaded function "std::size" matches the argument list
            argument types are: (struct &lt;unnamed&gt; [0])
      TU_STATIC_ASSERT_AND_RETURN(0, TU_COUNTOF(a));
      ^
"/usr/include/c++/14/bits/range_access.h", line 272: note: candidate function template "std::size(const _Tp (&amp;)[_Nm]) noexcept" failed deduction
      size(const _Tp (&amp;)[_Nm]) noexcept
      ^
"/usr/include/c++/14/bits/range_access.h", line 262: note: candidate function template "std::size(const _Container &amp;)-&gt;decltype((&lt;expression&gt;))" failed deduction
      size(const _Container&amp; __cont) noexcept(noexcept(__cont.size()))
      ^

7 errors detected in the compilation of "/home/parallels/soft/my/countof_ns/tests/unit/tu_stub_cxx.cpp".
gmake[3]: *** [tests/unit/CMakeFiles/std_size-pos_struct_zla_00_cxx.dir/build.make:79: tests/unit/CMakeFiles/std_size-pos_struct_zla_00_cxx.dir/tu_stub_cxx.cpp.o] Ошибка 2
gmake[2]: *** [CMakeFiles/Makefile2:1596: tests/unit/CMakeFiles/std_size-pos_struct_zla_00_cxx.dir/all] Ошибка 2
gmake[1]: *** [CMakeFiles/Makefile2:1603: tests/unit/CMakeFiles/std_size-pos_struct_zla_00_cxx.dir/rule] Ошибка 2
gmake: *** [Makefile:641: std_size-pos_struct_zla_00_cxx] Ошибка 2

</system-out>
	</testcase>
	<testcase name="std_size-pos_zla_00_cxx" classname="std_size-pos_zla_00_cxx" time="0.619555" status="fail">
		<failure message="Failed"/>
		<properties>
			<property name="cmake_labels" value="std_size"/>
		</properties>
		<system-out>Internal cmake changing into directory: /home/parallels/soft/my/countof_ns/build/Linux_pgcc_pgc++
Change Dir: '/home/parallels/soft/my/countof_ns/build/Linux_pgcc_pgc++'

Run Build Command(s): /usr/bin/gmake -f Makefile std_size-pos_zla_00_cxx
[  0%] Built target CounofNS
[100%] Building CXX object tests/unit/CMakeFiles/std_size-pos_zla_00_cxx.dir/tu_stub_cxx.cpp.o
"/home/parallels/soft/my/countof_ns/tests/unit/pos_zla_00.h", line 4: error: no instance of overloaded function "std::size" matches the argument list
            argument types are: (int [0][0])
      TU_STATIC_ASSERT_AND_RETURN(0, TU_COUNTOF(b));
      ^
"/usr/include/c++/14/bits/range_access.h", line 272: note: candidate function template "std::size(const _Tp (&amp;)[_Nm]) noexcept" failed deduction
      size(const _Tp (&amp;)[_Nm]) noexcept
      ^
"/usr/include/c++/14/bits/range_access.h", line 262: note: candidate function template "std::size(const _Container &amp;)-&gt;decltype((&lt;expression&gt;))" failed deduction
      size(const _Container&amp; __cont) noexcept(noexcept(__cont.size()))
      ^

"/home/parallels/soft/my/countof_ns/tests/unit/pos_zla_00.h", line 4: error: no instance of overloaded function "std::size" matches the argument list
            argument types are: (int [0][0])
      TU_STATIC_ASSERT_AND_RETURN(0, TU_COUNTOF(b));
      ^
"/usr/include/c++/14/bits/range_access.h", line 272: note: candidate function template "std::size(const _Tp (&amp;)[_Nm]) noexcept" failed deduction
      size(const _Tp (&amp;)[_Nm]) noexcept
      ^
"/usr/include/c++/14/bits/range_access.h", line 262: note: candidate function template "std::size(const _Container &amp;)-&gt;decltype((&lt;expression&gt;))" failed deduction
      size(const _Container&amp; __cont) noexcept(noexcept(__cont.size()))
      ^

"/home/parallels/soft/my/countof_ns/tests/unit/pos_zla_00.h", line 4: error: no instance of overloaded function "std::size" matches the argument list
            argument types are: (int [0][0])
      TU_STATIC_ASSERT_AND_RETURN(0, TU_COUNTOF(b));
      ^
"/usr/include/c++/14/bits/range_access.h", line 272: note: candidate function template "std::size(const _Tp (&amp;)[_Nm]) noexcept" failed deduction
      size(const _Tp (&amp;)[_Nm]) noexcept
      ^
"/usr/include/c++/14/bits/range_access.h", line 262: note: candidate function template "std::size(const _Container &amp;)-&gt;decltype((&lt;expression&gt;))" failed deduction
      size(const _Container&amp; __cont) noexcept(noexcept(__cont.size()))
      ^

"/home/parallels/soft/my/countof_ns/tests/unit/pos_zla_00.h", line 4: error: no instance of overloaded function "std::size" matches the argument list
            argument types are: (int [0][0])
      TU_STATIC_ASSERT_AND_RETURN(0, TU_COUNTOF(b));
      ^
"/usr/include/c++/14/bits/range_access.h", line 272: note: candidate function template "std::size(const _Tp (&amp;)[_Nm]) noexcept" failed deduction
      size(const _Tp (&amp;)[_Nm]) noexcept
      ^
"/usr/include/c++/14/bits/range_access.h", line 262: note: candidate function template "std::size(const _Container &amp;)-&gt;decltype((&lt;expression&gt;))" failed deduction
      size(const _Container&amp; __cont) noexcept(noexcept(__cont.size()))
      ^

"/home/parallels/soft/my/countof_ns/tests/unit/pos_zla_00.h", line 4: error: no instance of overloaded function "std::size" matches the argument list
            argument types are: (int [0][0])
      TU_STATIC_ASSERT_AND_RETURN(0, TU_COUNTOF(b));
      ^
"/usr/include/c++/14/bits/range_access.h", line 272: note: candidate function template "std::size(const _Tp (&amp;)[_Nm]) noexcept" failed deduction
      size(const _Tp (&amp;)[_Nm]) noexcept
      ^
"/usr/include/c++/14/bits/range_access.h", line 262: note: candidate function template "std::size(const _Container &amp;)-&gt;decltype((&lt;expression&gt;))" failed deduction
      size(const _Container&amp; __cont) noexcept(noexcept(__cont.size()))
      ^

"/home/parallels/soft/my/countof_ns/tests/unit/pos_zla_00.h", line 4: error: no instance of overloaded function "std::size" matches the argument list
            argument types are: (int [0][0])
      TU_STATIC_ASSERT_AND_RETURN(0, TU_COUNTOF(b));
      ^
"/usr/include/c++/14/bits/range_access.h", line 272: note: candidate function template "std::size(const _Tp (&amp;)[_Nm]) noexcept" failed deduction
      size(const _Tp (&amp;)[_Nm]) noexcept
      ^
"/usr/include/c++/14/bits/range_access.h", line 262: note: candidate function template "std::size(const _Container &amp;)-&gt;decltype((&lt;expression&gt;))" failed deduction
      size(const _Container&amp; __cont) noexcept(noexcept(__cont.size()))
      ^

"/home/parallels/soft/my/countof_ns/tests/unit/pos_zla_00.h", line 4: error: no instance of overloaded function "std::size" matches the argument list
            argument types are: (int [0][0])
      TU_STATIC_ASSERT_AND_RETURN(0, TU_COUNTOF(b));
      ^
"/usr/include/c++/14/bits/range_access.h", line 272: note: candidate function template "std::size(const _Tp (&amp;)[_Nm]) noexcept" failed deduction
      size(const _Tp (&amp;)[_Nm]) noexcept
      ^
"/usr/include/c++/14/bits/range_access.h", line 262: note: candidate function template "std::size(const _Container &amp;)-&gt;decltype((&lt;expression&gt;))" failed deduction
      size(const _Container&amp; __cont) noexcept(noexcept(__cont.size()))
      ^

7 errors detected in the compilation of "/home/parallels/soft/my/countof_ns/tests/unit/tu_stub_cxx.cpp".
gmake[3]: *** [tests/unit/CMakeFiles/std_size-pos_zla_00_cxx.dir/build.make:79: tests/unit/CMakeFiles/std_size-pos_zla_00_cxx.dir/tu_stub_cxx.cpp.o] Ошибка 2
gmake[2]: *** [CMakeFiles/Makefile2:1628: tests/unit/CMakeFiles/std_size-pos_zla_00_cxx.dir/all] Ошибка 2
gmake[1]: *** [CMakeFiles/Makefile2:1635: tests/unit/CMakeFiles/std_size-pos_zla_00_cxx.dir/rule] Ошибка 2
gmake: *** [Makefile:654: std_size-pos_zla_00_cxx] Ошибка 2

</system-out>
	</testcase>
	<testcase name="std_size-pos_zla_0n_cxx" classname="std_size-pos_zla_0n_cxx" time="0.649209" status="fail">
		<failure message="Failed"/>
		<properties>
			<property name="cmake_labels" value="std_size"/>
		</properties>
		<system-out>Internal cmake changing into directory: /home/parallels/soft/my/countof_ns/build/Linux_pgcc_pgc++
Change Dir: '/home/parallels/soft/my/countof_ns/build/Linux_pgcc_pgc++'

Run Build Command(s): /usr/bin/gmake -f Makefile std_size-pos_zla_0n_cxx
[  0%] Built target CounofNS
[  0%] Building CXX object tests/unit/CMakeFiles/std_size-pos_zla_0n_cxx.dir/tu_stub_cxx.cpp.o
"/home/parallels/soft/my/countof_ns/tests/unit/pos_zla_0n.h", line 4: error: no instance of overloaded function "std::size" matches the argument list
            argument types are: (int [0])
      TU_STATIC_ASSERT_AND_RETURN(0, TU_COUNTOF(a));
      ^
"/usr/include/c++/14/bits/range_access.h", line 272: note: candidate function template "std::size(const _Tp (&amp;)[_Nm]) noexcept" failed deduction
      size(const _Tp (&amp;)[_Nm]) noexcept
      ^
"/usr/include/c++/14/bits/range_access.h", line 262: note: candidate function template "std::size(const _Container &amp;)-&gt;decltype((&lt;expression&gt;))" failed deduction
      size(const _Container&amp; __cont) noexcept(noexcept(__cont.size()))
      ^

"/home/parallels/soft/my/countof_ns/tests/unit/pos_zla_0n.h", line 4: error: no instance of overloaded function "std::size" matches the argument list
            argument types are: (int [0])
      TU_STATIC_ASSERT_AND_RETURN(0, TU_COUNTOF(a));
      ^
"/usr/include/c++/14/bits/range_access.h", line 272: note: candidate function template "std::size(const _Tp (&amp;)[_Nm]) noexcept" failed deduction
      size(const _Tp (&amp;)[_Nm]) noexcept
      ^
"/usr/include/c++/14/bits/range_access.h", line 262: note: candidate function template "std::size(const _Container &amp;)-&gt;decltype((&lt;expression&gt;))" failed deduction
      size(const _Container&amp; __cont) noexcept(noexcept(__cont.size()))
      ^

"/home/parallels/soft/my/countof_ns/tests/unit/pos_zla_0n.h", line 4: error: no instance of overloaded function "std::size" matches the argument list
            argument types are: (int [0])
      TU_STATIC_ASSERT_AND_RETURN(0, TU_COUNTOF(a));
      ^
"/usr/include/c++/14/bits/range_access.h", line 272: note: candidate function template "std::size(const _Tp (&amp;)[_Nm]) noexcept" failed deduction
      size(const _Tp (&amp;)[_Nm]) noexcept
      ^
"/usr/include/c++/14/bits/range_access.h", line 262: note: candidate function template "std::size(const _Container &amp;)-&gt;decltype((&lt;expression&gt;))" failed deduction
      size(const _Container&amp; __cont) noexcept(noexcept(__cont.size()))
      ^

"/home/parallels/soft/my/countof_ns/tests/unit/pos_zla_0n.h", line 4: error: no instance of overloaded function "std::size" matches the argument list
            argument types are: (int [0])
      TU_STATIC_ASSERT_AND_RETURN(0, TU_COUNTOF(a));
      ^
"/usr/include/c++/14/bits/range_access.h", line 272: note: candidate function template "std::size(const _Tp (&amp;)[_Nm]) noexcept" failed deduction
      size(const _Tp (&amp;)[_Nm]) noexcept
      ^
"/usr/include/c++/14/bits/range_access.h", line 262: note: candidate function template "std::size(const _Container &amp;)-&gt;decltype((&lt;expression&gt;))" failed deduction
      size(const _Container&amp; __cont) noexcept(noexcept(__cont.size()))
      ^

"/home/parallels/soft/my/countof_ns/tests/unit/pos_zla_0n.h", line 4: error: no instance of overloaded function "std::size" matches the argument list
            argument types are: (int [0])
      TU_STATIC_ASSERT_AND_RETURN(0, TU_COUNTOF(a));
      ^
"/usr/include/c++/14/bits/range_access.h", line 272: note: candidate function template "std::size(const _Tp (&amp;)[_Nm]) noexcept" failed deduction
      size(const _Tp (&amp;)[_Nm]) noexcept
      ^
"/usr/include/c++/14/bits/range_access.h", line 262: note: candidate function template "std::size(const _Container &amp;)-&gt;decltype((&lt;expression&gt;))" failed deduction
      size(const _Container&amp; __cont) noexcept(noexcept(__cont.size()))
      ^

"/home/parallels/soft/my/countof_ns/tests/unit/pos_zla_0n.h", line 4: error: no instance of overloaded function "std::size" matches the argument list
            argument types are: (int [0])
      TU_STATIC_ASSERT_AND_RETURN(0, TU_COUNTOF(a));
      ^
"/usr/include/c++/14/bits/range_access.h", line 272: note: candidate function template "std::size(const _Tp (&amp;)[_Nm]) noexcept" failed deduction
      size(const _Tp (&amp;)[_Nm]) noexcept
      ^
"/usr/include/c++/14/bits/range_access.h", line 262: note: candidate function template "std::size(const _Container &amp;)-&gt;decltype((&lt;expression&gt;))" failed deduction
      size(const _Container&amp; __cont) noexcept(noexcept(__cont.size()))
      ^

"/home/parallels/soft/my/countof_ns/tests/unit/pos_zla_0n.h", line 4: error: no instance of overloaded function "std::size" matches the argument list
            argument types are: (int [0])
      TU_STATIC_ASSERT_AND_RETURN(0, TU_COUNTOF(a));
      ^
"/usr/include/c++/14/bits/range_access.h", line 272: note: candidate function template "std::size(const _Tp (&amp;)[_Nm]) noexcept" failed deduction
      size(const _Tp (&amp;)[_Nm]) noexcept
      ^
"/usr/include/c++/14/bits/range_access.h", line 262: note: candidate function template "std::size(const _Container &amp;)-&gt;decltype((&lt;expression&gt;))" failed deduction
      size(const _Container&amp; __cont) noexcept(noexcept(__cont.size()))
      ^

7 errors detected in the compilation of "/home/parallels/soft/my/countof_ns/tests/unit/tu_stub_cxx.cpp".
gmake[3]: *** [tests/unit/CMakeFiles/std_size-pos_zla_0n_cxx.dir/build.make:79: tests/unit/CMakeFiles/std_size-pos_zla_0n_cxx.dir/tu_stub_cxx.cpp.o] Ошибка 2
gmake[2]: *** [CMakeFiles/Makefile2:1660: tests/unit/CMakeFiles/std_size-pos_zla_0n_cxx.dir/all] Ошибка 2
gmake[1]: *** [CMakeFiles/Makefile2:1667: tests/unit/CMakeFiles/std_size-pos_zla_0n_cxx.dir/rule] Ошибка 2
gmake: *** [Makefile:667: std_size-pos_zla_0n_cxx] Ошибка 2

</system-out>
	</testcase>
	<testcase name="std_size-pos_zla_n0_cxx" classname="std_size-pos_zla_n0_cxx" time="0.907312" status="run">
		<properties>
			<property name="cmake_labels" value="std_size"/>
		</properties>
		<system-out>Internal cmake changing into directory: /home/parallels/soft/my/countof_ns/build/Linux_pgcc_pgc++
Change Dir: '/home/parallels/soft/my/countof_ns/build/Linux_pgcc_pgc++'

Run Build Command(s): /usr/bin/gmake -f Makefile std_size-pos_zla_n0_cxx
[  0%] Built target CounofNS
[  0%] Building CXX object tests/unit/CMakeFiles/std_size-pos_zla_n0_cxx.dir/tu_stub_cxx.cpp.o
[100%] Linking CXX executable std_size-pos_zla_n0_cxx
[100%] Built target std_size-pos_zla_n0_cxx

Running test command: "/home/parallels/soft/my/countof_ns/build/Linux_pgcc_pgc++/tests/unit/std_size-pos_zla_n0_cxx"
Ok 1 TU_STATIC_ASSERT_AND_RETURN((1)=1, ...) /home/parallels/soft/my/countof_ns/tests/unit/pos_zla_n0.h:pos_zla_n0.h:TU_UNIT for _comparisons/std_size.h:std_size(), C++ 202302L

</system-out>
	</testcase>
	<testcase name="std_size-neg__selftest_cxx" classname="std_size-neg__selftest_cxx" time="0.635909" status="run">
		<properties>
			<property name="cmake_labels" value="std_size"/>
		</properties>
		<system-out>[  0%] Built target CounofNS
[100%] Building CXX object tests/unit/CMakeFiles/std_size-neg__selftest_cxx.dir/tu_stub_cxx.cpp.o
"/home/parallels/soft/my/countof_ns/tests/unit/neg__selftest.h", line 12: error: static assertion failed with "0"
          tu_static_assert(0);
          ^

1 error detected in the compilation of "/home/parallels/soft/my/countof_ns/tests/unit/tu_stub_cxx.cpp".
gmake[3]: *** [tests/unit/CMakeFiles/std_size-neg__selftest_cxx.dir/build.make:79: tests/unit/CMakeFiles/std_size-neg__selftest_cxx.dir/tu_stub_cxx.cpp.o] Ошибка 2
gmake[2]: *** [CMakeFiles/Makefile2:1724: tests/unit/CMakeFiles/std_size-neg__selftest_cxx.dir/all] Ошибка 2
gmake[1]: *** [CMakeFiles/Makefile2:1731: tests/unit/CMakeFiles/std_size-neg__selftest_cxx.dir/rule] Ошибка 2
gmake: *** [Makefile:693: std_size-neg__selftest_cxx] Ошибка 2
</system-out>
	</testcase>
	<testcase name="std_size-neg__selftest_cxx_0_fail" classname="std_size-neg__selftest_cxx_0_fail" time="0.0125738" status="notrun">
		<skipped message="SKIP_RETURN_CODE=42"/>
		<properties>
			<property name="cmake_labels" value="std_size"/>
		</properties>
		<system-out></system-out>
	</testcase>
	<testcase name="std_size-neg_cv_ptr_cxx" classname="std_size-neg_cv_ptr_cxx" time="0.63047" status="run">
		<properties>
			<property name="cmake_labels" value="std_size"/>
		</properties>
		<system-out>[  0%] Built target CounofNS
gmake[3]: Предупреждение: время изменения файла «tests/unit/CMakeFiles/std_size-neg_cv_ptr_cxx.dir/compiler_depend.make» находится в будущем (0,0047)
[  0%] Building CXX object tests/unit/CMakeFiles/std_size-neg_cv_ptr_cxx.dir/tu_stub_cxx.cpp.o
"/home/parallels/soft/my/countof_ns/tests/unit/neg_cv_ptr.h", line 4: error: no instance of overloaded function "std::size" matches the argument list
            argument types are: (const volatile int *)
      return TU_COUNTOF(p);
             ^
"/usr/include/c++/14/bits/range_access.h", line 272: note: candidate function template "std::size(const _Tp (&amp;)[_Nm]) noexcept" failed deduction
      size(const _Tp (&amp;)[_Nm]) noexcept
      ^
"/usr/include/c++/14/bits/range_access.h", line 262: note: candidate function template "std::size(const _Container &amp;)-&gt;decltype((&lt;expression&gt;))" failed deduction
      size(const _Container&amp; __cont) noexcept(noexcept(__cont.size()))
      ^

1 error detecte...
[This part of the test output was removed since it exceeds the threshold of 1024 bytes.]
</system-out>
	</testcase>
	<testcase name="std_size-neg_cv_ptr_cxx_0_fail" classname="std_size-neg_cv_ptr_cxx_0_fail" time="0.0119399" status="notrun">
		<skipped message="SKIP_RETURN_CODE=42"/>
		<properties>
			<property name="cmake_labels" value="std_size"/>
		</properties>
		<system-out></system-out>
	</testcase>
	<testcase name="std_size-neg_other_cxx" classname="std_size-neg_other_cxx" time="0.610862" status="run">
		<properties>
			<property name="cmake_labels" value="std_size"/>
		</properties>
		<system-out>[  0%] Built target CounofNS
[  0%] Building CXX object tests/unit/CMakeFiles/std_size-neg_other_cxx.dir/tu_stub_cxx.cpp.o
"/home/parallels/soft/my/countof_ns/tests/unit/neg_other.h", line 4: error: no instance of overloaded function "std::size" matches the argument list
            argument types are: (int)
      return TU_COUNTOF(i);
             ^
"/usr/include/c++/14/bits/range_access.h", line 272: note: candidate function template "std::size(const _Tp (&amp;)[_Nm]) noexcept" failed deduction
      size(const _Tp (&amp;)[_Nm]) noexcept
      ^
"/usr/include/c++/14/bits/range_access.h", line 262: note: candidate function template "std::size(const _Container &amp;)-&gt;decltype((&lt;expression&gt;))" failed deduction
      size(const _Container&amp; __cont) noexcept(noexcept(__cont.size()))
      ^

1 error detected in the compilation of "/home/parallels/soft/my/countof_ns/tests/unit/tu_stub_cxx.cpp".
gmake[3]: *** [tests/unit/CMakeFiles/std_size-neg_other_cxx.dir/build.make:79: tests/unit/CMakeFiles/std_size-neg_other_cxx.dir/tu_s...
[This part of the test output was removed since it exceeds the threshold of 1024 bytes.]
</system-out>
	</testcase>
	<testcase name="std_size-neg_other_cxx_0_fail" classname="std_size-neg_other_cxx_0_fail" time="0.0121466" status="notrun">
		<skipped message="SKIP_RETURN_CODE=42"/>
		<properties>
			<property name="cmake_labels" value="std_size"/>
		</properties>
		<system-out></system-out>
	</testcase>
	<testcase name="std_size-neg_ptr_cxx" classname="std_size-neg_ptr_cxx" time="0.623453" status="run">
		<properties>
			<property name="cmake_labels" value="std_size"/>
		</properties>
		<system-out>Built target CounofNS
Building CXX object tests/unit/CMakeFiles/std_size-neg_ptr_cxx.dir/tu_stub_cxx.cpp.o
"/home/parallels/soft/my/countof_ns/tests/unit/neg_ptr.h", line 6: error: no instance of overloaded function "std::size" matches the argument list
            argument types are: (int *)
             TU_COUNTOF(p));  // TODO
             ^
"/usr/include/c++/14/bits/range_access.h", line 272: note: candidate function template "std::size(const _Tp (&amp;)[_Nm]) noexcept" failed deduction
      size(const _Tp (&amp;)[_Nm]) noexcept
      ^
"/usr/include/c++/14/bits/range_access.h", line 262: note: candidate function template "std::size(const _Container &amp;)-&gt;decltype((&lt;expression&gt;))" failed deduction
      size(const _Container&amp; __cont) noexcept(noexcept(__cont.size()))
      ^

"/home/parallels/soft/my/countof_ns/tests/unit/neg_ptr.h", line 7: error: no instance of overloaded function "std::size" matches the argument list
            argument types are: (int *)
      return TU_COUNTOF(p);
             ^
"/usr/includ...
[This part of the test output was removed since it exceeds the threshold of 1024 bytes.]
</system-out>
	</testcase>
	<testcase name="std_size-neg_ptr_cxx_0_fail" classname="std_size-neg_ptr_cxx_0_fail" time="0.0118232" status="notrun">
		<skipped message="SKIP_RETURN_CODE=42"/>
		<properties>
			<property name="cmake_labels" value="std_size"/>
		</properties>
		<system-out></system-out>
	</testcase>
	<testcase name="std_size-neg_zla_ptr_cxx" classname="std_size-neg_zla_ptr_cxx" time="0.609422" status="run">
		<properties>
			<property name="cmake_labels" value="std_size"/>
		</properties>
		<system-out>[  0%] Built target CounofNS
gmake[3]: Предупреждение: время изменения файла «tests/unit/CMakeFiles/std_size-neg_zla_ptr_cxx.dir/compiler_depend.make» находится в будущем (0,088)
[100%] Building CXX object tests/unit/CMakeFiles/std_size-neg_zla_ptr_cxx.dir/tu_stub_cxx.cpp.o
"/home/parallels/soft/my/countof_ns/tests/unit/neg_zla_ptr.h", line 4: error: no instance of overloaded function "std::size" matches the argument list
            argument types are: (int (*)[0])
      return TU_COUNTOF(p);
             ^
"/usr/include/c++/14/bits/range_access.h", line 272: note: candidate function template "std::size(const _Tp (&amp;)[_Nm]) noexcept" failed deduction
      size(const _Tp (&amp;)[_Nm]) noexcept
      ^
"/usr/include/c++/14/bits/range_access.h", line 262: note: candidate function template "std::size(const _Container &amp;)-&gt;decltype((&lt;expression&gt;))" failed deduction
      size(const _Container&amp; __cont) noexcept(noexcept(__cont.size()))
      ^

1 error detected in the...
[This part of the test output was removed since it exceeds the threshold of 1024 bytes.]
</system-out>
	</testcase>
	<testcase name="std_size-neg_zla_ptr_cxx_0_fail" classname="std_size-neg_zla_ptr_cxx_0_fail" time="0.0121987" status="notrun">
		<skipped message="SKIP_RETURN_CODE=42"/>
		<properties>
			<property name="cmake_labels" value="std_size"/>
		</properties>
		<system-out></system-out>
	</testcase>
	<testcase name="JZMG_ARRAY_LEN-pos__selftest" classname="JZMG_ARRAY_LEN-pos__selftest" time="0.441577" status="run">
		<properties>
			<property name="cmake_labels" value="JZMG_ARRAY_LEN"/>
		</properties>
		<system-out>Internal cmake changing into directory: /home/parallels/soft/my/countof_ns/build/Linux_pgcc_pgc++
Change Dir: '/home/parallels/soft/my/countof_ns/build/Linux_pgcc_pgc++'

Run Build Command(s): /usr/bin/gmake -f Makefile JZMG_ARRAY_LEN-pos__selftest
[  0%] Built target CounofNS
[  0%] Building C object tests/unit/CMakeFiles/JZMG_ARRAY_LEN-pos__selftest.dir/tu_stub.c.o
[100%] Linking C executable JZMG_ARRAY_LEN-pos__selftest
[100%] Built target JZMG_ARRAY_LEN-pos__selftest

Running test command: "/home/parallels/soft/my/countof_ns/build/Linux_pgcc_pgc++/tests/unit/JZMG_ARRAY_LEN-pos__selftest"
Ok 1 TU_STATIC_ASSERT_AND_RETURN((1)=1, ...) /home/parallels/soft/my/countof_ns/tests/unit/pos__selftest.h:pos__selftest.h:TU_UNIT for _comparisons/JZMG_ARRAY_LEN.h:JZMG_ARRAY_LEN(), C 201710L

</system-out>
	</testcase>
	<testcase name="JZMG_ARRAY_LEN-pos__selftest_cxx" classname="JZMG_ARRAY_LEN-pos__selftest_cxx" time="0.507342" status="run">
		<properties>
			<property name="cmake_labels" value="JZMG_ARRAY_LEN"/>
		</properties>
		<system-out>Internal cmake changing into directory: /home/parallels/soft/my/countof_ns/build/Linux_pgcc_pgc++
Change Dir: '/home/parallels/soft/my/countof_ns/build/Linux_pgcc_pgc++'

Run Build Command(s): /usr/bin/gmake -f Makefile JZMG_ARRAY_LEN-pos__selftest_cxx
[  0%] Built target CounofNS
gmake[3]: Предупреждение: время изменения файла «tests/unit/CMakeFiles/JZMG_ARRAY_LEN-pos__selftest_cxx.dir/compiler_depend.make» находится в будущем (0,033)
[  0%] Building CXX object tests/unit/CMakeFiles/JZMG_ARRAY_LEN-pos__selftest_cxx.dir/tu_stub_cxx.cpp.o
[100%] Linking CXX executable JZMG_ARRAY_LEN-pos__selftest_cxx
gmake[3]: предупреждение: Неправильный ход часов.  Сборка может быть неполной.
[100%] Built target JZMG_ARRAY_LEN-pos__selftest_cxx

Running test command: "/home/parallels/soft/my/countof_ns/build/Linux_pgcc_pgc++/tests/unit/JZMG_ARRAY_LEN-pos__selftest_cxx"
Ok 1 TU_STATIC_ASSERT_AND_RETURN((1)=1, ...) /hom...
[This part of the test output was removed since it exceeds the threshold of 1024 bytes.]
</system-out>
	</testcase>
	<testcase name="JZMG_ARRAY_LEN-pos_array" classname="JZMG_ARRAY_LEN-pos_array" time="0.484817" status="run">
		<properties>
			<property name="cmake_labels" value="JZMG_ARRAY_LEN"/>
		</properties>
		<system-out>Internal cmake changing into directory: /home/parallels/soft/my/countof_ns/build/Linux_pgcc_pgc++
Change Dir: '/home/parallels/soft/my/countof_ns/build/Linux_pgcc_pgc++'

Run Build Command(s): /usr/bin/gmake -f Makefile JZMG_ARRAY_LEN-pos_array
Built target CounofNS
Building C object tests/unit/CMakeFiles/JZMG_ARRAY_LEN-pos_array.dir/tu_stub.c.o
Linking C executable JZMG_ARRAY_LEN-pos_array
Built target JZMG_ARRAY_LEN-pos_array

Running test command: "/home/parallels/soft/my/countof_ns/build/Linux_pgcc_pgc++/tests/unit/JZMG_ARRAY_LEN-pos_array"
Ok 1 TU_STATIC_ASSERT_AND_RETURN((1)=1, ...) /home/parallels/soft/my/countof_ns/tests/unit/pos_array.h:pos_array.h:TU_UNIT for _comparisons/JZMG_ARRAY_LEN.h:JZMG_ARRAY_LEN(), C 201710L

</system-out>
	</testcase>
	<testcase name="JZMG_ARRAY_LEN-pos_array_cxx" classname="JZMG_ARRAY_LEN-pos_array_cxx" time="0.509659" status="run">
		<properties>
			<property name="cmake_labels" value="JZMG_ARRAY_LEN"/>
		</properties>
		<system-out>Internal cmake changing into directory: /home/parallels/soft/my/countof_ns/build/Linux_pgcc_pgc++
Change Dir: '/home/parallels/soft/my/countof_ns/build/Linux_pgcc_pgc++'

Run Build Command(s): /usr/bin/gmake -f Makefile JZMG_ARRAY_LEN-pos_array_cxx
[  0%] Built target CounofNS
gmake[3]: Предупреждение: время изменения файла «tests/unit/CMakeFiles/JZMG_ARRAY_LEN-pos_array_cxx.dir/compiler_depend.make» находится в будущем (0,021)
[100%] Building CXX object tests/unit/CMakeFiles/JZMG_ARRAY_LEN-pos_array_cxx.dir/tu_stub_cxx.cpp.o
[100%] Linking CXX executable JZMG_ARRAY_LEN-pos_array_cxx
gmake[3]: предупреждение: Неправильный ход часов.  Сборка может быть неполной.
[100%] Built target JZMG_ARRAY_LEN-pos_array_cxx

Running test command: "/home/parallels/soft/my/countof_ns/build/Linux_pgcc_pgc++/tests/unit/JZMG_ARRAY_LEN-pos_array_cxx"
Ok 1 TU_STATIC_ASSERT_AND_RETURN((1)=1, ...) /home/parallels/soft/my/coun...
[This part of the test output was removed since it exceeds the threshold of 1024 bytes.]
</system-out>
	</testcase>
	<testcase name="JZMG_ARRAY_LEN-pos_cv_array" classname="JZMG_ARRAY_LEN-pos_cv_array" time="0.434321" status="run">
		<properties>
			<property name="cmake_labels" value="JZMG_ARRAY_LEN"/>
		</properties>
		<system-out>Internal cmake changing into directory: /home/parallels/soft/my/countof_ns/build/Linux_pgcc_pgc++
Change Dir: '/home/parallels/soft/my/countof_ns/build/Linux_pgcc_pgc++'

Run Build Command(s): /usr/bin/gmake -f Makefile JZMG_ARRAY_LEN-pos_cv_array
[  0%] Built target CounofNS
[100%] Building C object tests/unit/CMakeFiles/JZMG_ARRAY_LEN-pos_cv_array.dir/tu_stub.c.o
"/home/parallels/soft/my/countof_ns/tests/unit/pos_cv_array.h", line 4: warning: operand types are incompatible ("int (**)[1]" and "const int (**)[1]") [incompatible_operands]
      TU_STATIC_ASSERT_AND_RETURN(1, TU_COUNTOF(a));
      ^

Remark: individual warnings can be suppressed with "--diag_suppress &lt;warning-name&gt;"

"/home/parallels/soft/my/countof_ns/tests/unit/pos_cv_array.h", line 4: warning: subtraction of pointer types "int (**)[1]" and "const int (**)[1]" is nonstandard [nonstandard_ptr_minus_ptr]
      TU_STATIC_ASSERT_AND_RETURN(1, TU_COUNTOF(a));
      ^

"/home/parallels/soft/my/countof_ns/tests/unit/pos_cv_array.h", line 4: warning:...
[This part of the test output was removed since it exceeds the threshold of 1024 bytes.]
</system-out>
	</testcase>
	<testcase name="JZMG_ARRAY_LEN-pos_cv_array_cxx" classname="JZMG_ARRAY_LEN-pos_cv_array_cxx" time="0.488823" status="run">
		<properties>
			<property name="cmake_labels" value="JZMG_ARRAY_LEN"/>
		</properties>
		<system-out>Internal cmake changing into directory: /home/parallels/soft/my/countof_ns/build/Linux_pgcc_pgc++
Change Dir: '/home/parallels/soft/my/countof_ns/build/Linux_pgcc_pgc++'

Run Build Command(s): /usr/bin/gmake -f Makefile JZMG_ARRAY_LEN-pos_cv_array_cxx
[  0%] Built target CounofNS
gmake[3]: Предупреждение: время изменения файла «tests/unit/CMakeFiles/JZMG_ARRAY_LEN-pos_cv_array_cxx.dir/compiler_depend.make» находится в будущем (0,085)
[  0%] Building CXX object tests/unit/CMakeFiles/JZMG_ARRAY_LEN-pos_cv_array_cxx.dir/tu_stub_cxx.cpp.o
[100%] Linking CXX executable JZMG_ARRAY_LEN-pos_cv_array_cxx
gmake[3]: предупреждение: Неправильный ход часов.  Сборка может быть неполной.
[100%] Built target JZMG_ARRAY_LEN-pos_cv_array_cxx

Running test command: "/home/parallels/soft/my/countof_ns/build/Linux_pgcc_pgc++/tests/unit/JZMG_ARRAY_LEN-pos_cv_array_cxx"
Ok 1 TU_STATIC_ASSERT_AND_RETURN((1)=1, ...) /home/para...
[This part of the test output was removed since it exceeds the threshold of 1024 bytes.]
</system-out>
	</testcase>
	<testcase name="JZMG_ARRAY_LEN-pos_struct_n0" classname="JZMG_ARRAY_LEN-pos_struct_n0" time="0.265838" status="fail">
		<failure message="Failed"/>
		<properties>
			<property name="cmake_labels" value="JZMG_ARRAY_LEN"/>
		</properties>
		<system-out>Internal cmake changing into directory: /home/parallels/soft/my/countof_ns/build/Linux_pgcc_pgc++
Change Dir: '/home/parallels/soft/my/countof_ns/build/Linux_pgcc_pgc++'

Run Build Command(s): /usr/bin/gmake -f Makefile JZMG_ARRAY_LEN-pos_struct_n0
[  0%] Built target CounofNS
[  0%] Building C object tests/unit/CMakeFiles/JZMG_ARRAY_LEN-pos_struct_n0.dir/tu_stub.c.o
"/home/parallels/soft/my/countof_ns/tests/unit/pos_struct_n0.h", line 4: error: division by zero
      TU_STATIC_ASSERT_AND_RETURN(1, TU_COUNTOF(a));
      ^

"/home/parallels/soft/my/countof_ns/tests/unit/pos_struct_n0.h", line 4: warning: division by zero [divide_by_zero]
      TU_STATIC_ASSERT_AND_RETURN(1, TU_COUNTOF(a));
      ^

Remark: individual warnings can be suppressed with "--diag_suppress &lt;warning-name&gt;"

"/home/parallels/soft/my/countof_ns/tests/unit/pos_struct_n0.h", line 4: warning: division by zero [divide_by_zero]
      TU_STATIC_ASSERT_AND_RETURN(1, TU_COUNTOF(a));
      ^

"/home/parallels/soft/my/countof_ns/tests/unit/pos_struct_n0.h", line 4: warning: division by zero [divide_by_zero]
      TU_STATIC_ASSERT_AND_RETURN(1, TU_COUNTOF(a));
      ^

"/home/parallels/soft/my/countof_ns/tests/unit/pos_struct_n0.h", line 4: warning: division by zero [divide_by_zero]
      TU_STATIC_ASSERT_AND_RETURN(1, TU_COUNTOF(a));
      ^

"/home/parallels/soft/my/countof_ns/tests/unit/pos_struct_n0.h", line 4: warning: division by zero [divide_by_zero]
      TU_STATIC_ASSERT_AND_RETURN(1, TU_COUNTOF(a));
      ^

"/home/parallels/soft/my/countof_ns/tests/unit/pos_struct_n0.h", line 4: warning: division by zero [divide_by_zero]
      TU_STATIC_ASSERT_AND_RETURN(1, TU_COUNTOF(a));
      ^

1 error detected in the compilation of "/home/parallels/soft/my/countof_ns/tests/unit/tu_stub.c".
gmake[3]: *** [tests/unit/CMakeFiles/JZMG_ARRAY_LEN-pos_struct_n0.dir/build.make:79: tests/unit/CMakeFiles/JZMG_ARRAY_LEN-pos_struct_n0.dir/tu_stub.c.o] Ошибка 2
gmake[2]: *** [CMakeFiles/Makefile2:2076: tests/unit/CMakeFiles/JZMG_ARRAY_LEN-pos_struct_n0.dir/all] Ошибка 2
gmake[1]: *** [CMakeFiles/Makefile2:2083: tests/unit/CMakeFiles/JZMG_ARRAY_LEN-pos_struct_n0.dir/rule] Ошибка 2
gmake: *** [Makefile:836: JZMG_ARRAY_LEN-pos_struct_n0] Ошибка 2

</system-out>
	</testcase>
	<testcase name="JZMG_ARRAY_LEN-pos_struct_n0_cxx" classname="JZMG_ARRAY_LEN-pos_struct_n0_cxx" time="0.488109" status="run">
		<properties>
			<property name="cmake_labels" value="JZMG_ARRAY_LEN"/>
		</properties>
		<system-out>Internal cmake changing into directory: /home/parallels/soft/my/countof_ns/build/Linux_pgcc_pgc++
Change Dir: '/home/parallels/soft/my/countof_ns/build/Linux_pgcc_pgc++'

Run Build Command(s): /usr/bin/gmake -f Makefile JZMG_ARRAY_LEN-pos_struct_n0_cxx
Built target CounofNS
Building CXX object tests/unit/CMakeFiles/JZMG_ARRAY_LEN-pos_struct_n0_cxx.dir/tu_stub_cxx.cpp.o
Linking CXX executable JZMG_ARRAY_LEN-pos_struct_n0_cxx
Built target JZMG_ARRAY_LEN-pos_struct_n0_cxx

Running test command: "/home/parallels/soft/my/countof_ns/build/Linux_pgcc_pgc++/tests/unit/JZMG_ARRAY_LEN-pos_struct_n0_cxx"
Ok 1 TU_STATIC_ASSERT_AND_RETURN((1)=1, ...) /home/parallels/soft/my/countof_ns/tests/unit/pos_struct_n0.h:pos_struct_n0.h:TU_UNIT for _comparisons/JZMG_ARRAY_LEN.h:JZMG_ARRAY_LEN(), C++ 202302L

</system-out>
	</testcase>
	<testcase name="JZMG_ARRAY_LEN-pos_struct_zla_00" classname="JZMG_ARRAY_LEN-pos_struct_zla_00" time="0.257666" status="fail">
		<failure message="Failed"/>
		<properties>
			<property name="cmake_labels" value="JZMG_ARRAY_LEN"/>
		</properties>
		<system-out>Internal cmake changing into directory: /home/parallels/soft/my/countof_ns/build/Linux_pgcc_pgc++
Change Dir: '/home/parallels/soft/my/countof_ns/build/Linux_pgcc_pgc++'

Run Build Command(s): /usr/bin/gmake -f Makefile JZMG_ARRAY_LEN-pos_struct_zla_00
[  0%] Built target CounofNS
[100%] Building C object tests/unit/CMakeFiles/JZMG_ARRAY_LEN-pos_struct_zla_00.dir/tu_stub.c.o
"/home/parallels/soft/my/countof_ns/tests/unit/pos_struct_zla_00.h", line 4: error: division by zero
      TU_STATIC_ASSERT_AND_RETURN(0, TU_COUNTOF(a));
      ^

"/home/parallels/soft/my/countof_ns/tests/unit/pos_struct_zla_00.h", line 4: warning: division by zero [divide_by_zero]
      TU_STATIC_ASSERT_AND_RETURN(0, TU_COUNTOF(a));
      ^

Remark: individual warnings can be suppressed with "--diag_suppress &lt;warning-name&gt;"

"/home/parallels/soft/my/countof_ns/tests/unit/pos_struct_zla_00.h", line 4: warning: division by zero [divide_by_zero]
      TU_STATIC_ASSERT_AND_RETURN(0, TU_COUNTOF(a));
      ^

"/home/parallels/soft/my/countof_ns/tests/unit/pos_struct_zla_00.h", line 4: warning: division by zero [divide_by_zero]
      TU_STATIC_ASSERT_AND_RETURN(0, TU_COUNTOF(a));
      ^

"/home/parallels/soft/my/countof_ns/tests/unit/pos_struct_zla_00.h", line 4: warning: division by zero [divide_by_zero]
      TU_STATIC_ASSERT_AND_RETURN(0, TU_COUNTOF(a));
      ^

"/home/parallels/soft/my/countof_ns/tests/unit/pos_struct_zla_00.h", line 4: warning: division by zero [divide_by_zero]
      TU_STATIC_ASSERT_AND_RETURN(0, TU_COUNTOF(a));
      ^

"/home/parallels/soft/my/countof_ns/tests/unit/pos_struct_zla_00.h", line 4: warning: division by zero [divide_by_zero]
      TU_STATIC_ASSERT_AND_RETURN(0, TU_COUNTOF(a));
      ^

1 error detected in the compilation of "/home/parallels/soft/my/countof_ns/tests/unit/tu_stub.c".
gmake[3]: *** [tests/unit/CMakeFiles/JZMG_ARRAY_LEN-pos_struct_zla_00.dir/build.make:79: tests/unit/CMakeFiles/JZMG_ARRAY_LEN-pos_struct_zla_00.dir/tu_stub.c.o] Ошибка 2
gmake[2]: *** [CMakeFiles/Makefile2:2140: tests/unit/CMakeFiles/JZMG_ARRAY_LEN-pos_struct_zla_00.dir/all] Ошибка 2
gmake[1]: *** [CMakeFiles/Makefile2:2147: tests/unit/CMakeFiles/JZMG_ARRAY_LEN-pos_struct_zla_00.dir/rule] Ошибка 2
gmake: *** [Makefile:862: JZMG_ARRAY_LEN-pos_struct_zla_00] Ошибка 2

</system-out>
	</testcase>
	<testcase name="JZMG_ARRAY_LEN-pos_struct_zla_00_cxx" classname="JZMG_ARRAY_LEN-pos_struct_zla_00_cxx" time="0.507096" status="run">
		<properties>
			<property name="cmake_labels" value="JZMG_ARRAY_LEN"/>
		</properties>
		<system-out>Internal cmake changing into directory: /home/parallels/soft/my/countof_ns/build/Linux_pgcc_pgc++
Change Dir: '/home/parallels/soft/my/countof_ns/build/Linux_pgcc_pgc++'

Run Build Command(s): /usr/bin/gmake -f Makefile JZMG_ARRAY_LEN-pos_struct_zla_00_cxx
[  0%] Built target CounofNS
[100%] Building CXX object tests/unit/CMakeFiles/JZMG_ARRAY_LEN-pos_struct_zla_00_cxx.dir/tu_stub_cxx.cpp.o
[100%] Linking CXX executable JZMG_ARRAY_LEN-pos_struct_zla_00_cxx
[100%] Built target JZMG_ARRAY_LEN-pos_struct_zla_00_cxx

Running test command: "/home/parallels/soft/my/countof_ns/build/Linux_pgcc_pgc++/tests/unit/JZMG_ARRAY_LEN-pos_struct_zla_00_cxx"
Ok 0 TU_STATIC_ASSERT_AND_RETURN((0)=0, ...) /home/parallels/soft/my/countof_ns/tests/unit/pos_struct_zla_00.h:pos_struct_zla_00.h:TU_UNIT for _comparisons/JZMG_ARRAY_LEN.h:JZMG_ARRAY_LEN(), C++ 202302L

</system-out>
	</testcase>
	<testcase name="JZMG_ARRAY_LEN-pos_zla_00" classname="JZMG_ARRAY_LEN-pos_zla_00" time="0.254249" status="fail">
		<failure message="Failed"/>
		<properties>
			<property name="cmake_labels" value="JZMG_ARRAY_LEN"/>
		</properties>
		<system-out>Internal cmake changing into directory: /home/parallels/soft/my/countof_ns/build/Linux_pgcc_pgc++
Change Dir: '/home/parallels/soft/my/countof_ns/build/Linux_pgcc_pgc++'

Run Build Command(s): /usr/bin/gmake -f Makefile JZMG_ARRAY_LEN-pos_zla_00
[  0%] Built target CounofNS
gmake[3]: Предупреждение: время изменения файла «tests/unit/CMakeFiles/JZMG_ARRAY_LEN-pos_zla_00.dir/compiler_depend.make» находится в будущем (0,071)
[  0%] Building C object tests/unit/CMakeFiles/JZMG_ARRAY_LEN-pos_zla_00.dir/tu_stub.c.o
"/home/parallels/soft/my/countof_ns/tests/unit/pos_zla_00.h", line 4: error: division by zero
      TU_STATIC_ASSERT_AND_RETURN(0, TU_COUNTOF(b));
      ^

"/home/parallels/soft/my/countof_ns/tests/unit/pos_zla_00.h", line 4: warning: division by zero [divide_by_zero]
      TU_STATIC_ASSERT_AND_RETURN(0, TU_COUNTOF(b));
      ^

Remark: individual warnings can be suppressed with "--diag_suppress &lt;warning-name&gt;"

"/home/parallels/soft/my/countof_ns/tests/unit/pos_zla_00.h", line 4: warning: division by zero [divide_by_zero]
      TU_STATIC_ASSERT_AND_RETURN(0, TU_COUNTOF(b));
      ^

"/home/parallels/soft/my/countof_ns/tests/unit/pos_zla_00.h", line 4: warning: division by zero [divide_by_zero]
      TU_STATIC_ASSERT_AND_RETURN(0, TU_COUNTOF(b));
      ^

"/home/parallels/soft/my/countof_ns/tests/unit/pos_zla_00.h", line 4: warning: division by zero [divide_by_zero]
      TU_STATIC_ASSERT_AND_RETURN(0, TU_COUNTOF(b));
      ^

"/home/parallels/soft/my/countof_ns/tests/unit/pos_zla_00.h", line 4: warning: division by zero [divide_by_zero]
      TU_STATIC_ASSERT_AND_RETURN(0, TU_COUNTOF(b));
      ^

"/home/parallels/soft/my/countof_ns/tests/unit/pos_zla_00.h", line 4: warning: division by zero [divide_by_zero]
      TU_STATIC_ASSERT_AND_RETURN(0, TU_COUNTOF(b));
      ^

1 error detected in the compilation of "/home/parallels/soft/my/countof_ns/tests/unit/tu_stub.c".
gmake[3]: *** [tests/unit/CMakeFiles/JZMG_ARRAY_LEN-pos_zla_00.dir/build.make:79: tests/unit/CMakeFiles/JZMG_ARRAY_LEN-pos_zla_00.dir/tu_stub.c.o] Ошибка 2
gmake[2]: *** [CMakeFiles/Makefile2:2204: tests/unit/CMakeFiles/JZMG_ARRAY_LEN-pos_zla_00.dir/all] Ошибка 2
gmake[1]: *** [CMakeFiles/Makefile2:2211: tests/unit/CMakeFiles/JZMG_ARRAY_LEN-pos_zla_00.dir/rule] Ошибка 2
gmake: *** [Makefile:888: JZMG_ARRAY_LEN-pos_zla_00] Ошибка 2

</system-out>
	</testcase>
	<testcase name="JZMG_ARRAY_LEN-pos_zla_00_cxx" classname="JZMG_ARRAY_LEN-pos_zla_00_cxx" time="0.499525" status="run">
		<properties>
			<property name="cmake_labels" value="JZMG_ARRAY_LEN"/>
		</properties>
		<system-out>Internal cmake changing into directory: /home/parallels/soft/my/countof_ns/build/Linux_pgcc_pgc++
Change Dir: '/home/parallels/soft/my/countof_ns/build/Linux_pgcc_pgc++'

Run Build Command(s): /usr/bin/gmake -f Makefile JZMG_ARRAY_LEN-pos_zla_00_cxx
[  0%] Built target CounofNS
[  0%] Building CXX object tests/unit/CMakeFiles/JZMG_ARRAY_LEN-pos_zla_00_cxx.dir/tu_stub_cxx.cpp.o
[100%] Linking CXX executable JZMG_ARRAY_LEN-pos_zla_00_cxx
[100%] Built target JZMG_ARRAY_LEN-pos_zla_00_cxx

Running test command: "/home/parallels/soft/my/countof_ns/build/Linux_pgcc_pgc++/tests/unit/JZMG_ARRAY_LEN-pos_zla_00_cxx"
Ok 0 TU_STATIC_ASSERT_AND_RETURN((0)=0, ...) /home/parallels/soft/my/countof_ns/tests/unit/pos_zla_00.h:pos_zla_00.h:TU_UNIT for _comparisons/JZMG_ARRAY_LEN.h:JZMG_ARRAY_LEN(), C++ 202302L

</system-out>
	</testcase>
	<testcase name="JZMG_ARRAY_LEN-pos_zla_0n" classname="JZMG_ARRAY_LEN-pos_zla_0n" time="0.424278" status="run">
		<properties>
			<property name="cmake_labels" value="JZMG_ARRAY_LEN"/>
		</properties>
		<system-out>Internal cmake changing into directory: /home/parallels/soft/my/countof_ns/build/Linux_pgcc_pgc++
Change Dir: '/home/parallels/soft/my/countof_ns/build/Linux_pgcc_pgc++'

Run Build Command(s): /usr/bin/gmake -f Makefile JZMG_ARRAY_LEN-pos_zla_0n
Built target CounofNS
Building C object tests/unit/CMakeFiles/JZMG_ARRAY_LEN-pos_zla_0n.dir/tu_stub.c.o
Linking C executable JZMG_ARRAY_LEN-pos_zla_0n
Built target JZMG_ARRAY_LEN-pos_zla_0n

Running test command: "/home/parallels/soft/my/countof_ns/build/Linux_pgcc_pgc++/tests/unit/JZMG_ARRAY_LEN-pos_zla_0n"
Ok 0 TU_STATIC_ASSERT_AND_RETURN((0)=0, ...) /home/parallels/soft/my/countof_ns/tests/unit/pos_zla_0n.h:pos_zla_0n.h:TU_UNIT for _comparisons/JZMG_ARRAY_LEN.h:JZMG_ARRAY_LEN(), C 201710L

</system-out>
	</testcase>
	<testcase name="JZMG_ARRAY_LEN-pos_zla_0n_cxx" classname="JZMG_ARRAY_LEN-pos_zla_0n_cxx" time="0.524475" status="run">
		<properties>
			<property name="cmake_labels" value="JZMG_ARRAY_LEN"/>
		</properties>
		<system-out>Internal cmake changing into directory: /home/parallels/soft/my/countof_ns/build/Linux_pgcc_pgc++
Change Dir: '/home/parallels/soft/my/countof_ns/build/Linux_pgcc_pgc++'

Run Build Command(s): /usr/bin/gmake -f Makefile JZMG_ARRAY_LEN-pos_zla_0n_cxx
[  0%] Built target CounofNS
[100%] Building CXX object tests/unit/CMakeFiles/JZMG_ARRAY_LEN-pos_zla_0n_cxx.dir/tu_stub_cxx.cpp.o
[100%] Linking CXX executable JZMG_ARRAY_LEN-pos_zla_0n_cxx
[100%] Built target JZMG_ARRAY_LEN-pos_zla_0n_cxx

Running test command: "/home/parallels/soft/my/countof_ns/build/Linux_pgcc_pgc++/tests/unit/JZMG_ARRAY_LEN-pos_zla_0n_cxx"
Ok 0 TU_STATIC_ASSERT_AND_RETURN((0)=0, ...) /home/parallels/soft/my/countof_ns/tests/unit/pos_zla_0n.h:pos_zla_0n.h:TU_UNIT for _comparisons/JZMG_ARRAY_LEN.h:JZMG_ARRAY_LEN(), C++ 202302L

</system-out>
	</testcase>
	<testcase name="JZMG_ARRAY_LEN-pos_zla_n0" classname="JZMG_ARRAY_LEN-pos_zla_n0" time="0.25342" status="fail">
		<failure message="Failed"/>
		<properties>
			<property name="cmake_labels" value="JZMG_ARRAY_LEN"/>
		</properties>
		<system-out>Internal cmake changing into directory: /home/parallels/soft/my/countof_ns/build/Linux_pgcc_pgc++
Change Dir: '/home/parallels/soft/my/countof_ns/build/Linux_pgcc_pgc++'

Run Build Command(s): /usr/bin/gmake -f Makefile JZMG_ARRAY_LEN-pos_zla_n0
[  0%] Built target CounofNS
[100%] Building C object tests/unit/CMakeFiles/JZMG_ARRAY_LEN-pos_zla_n0.dir/tu_stub.c.o
"/home/parallels/soft/my/countof_ns/tests/unit/pos_zla_n0.h", line 4: error: division by zero
      TU_STATIC_ASSERT_AND_RETURN(1, TU_COUNTOF(b));
      ^

"/home/parallels/soft/my/countof_ns/tests/unit/pos_zla_n0.h", line 4: warning: division by zero [divide_by_zero]
      TU_STATIC_ASSERT_AND_RETURN(1, TU_COUNTOF(b));
      ^

Remark: individual warnings can be suppressed with "--diag_suppress &lt;warning-name&gt;"

"/home/parallels/soft/my/countof_ns/tests/unit/pos_zla_n0.h", line 4: warning: division by zero [divide_by_zero]
      TU_STATIC_ASSERT_AND_RETURN(1, TU_COUNTOF(b));
      ^

"/home/parallels/soft/my/countof_ns/tests/unit/pos_zla_n0.h", line 4: warning: division by zero [divide_by_zero]
      TU_STATIC_ASSERT_AND_RETURN(1, TU_COUNTOF(b));
      ^

"/home/parallels/soft/my/countof_ns/tests/unit/pos_zla_n0.h", line 4: warning: division by zero [divide_by_zero]
      TU_STATIC_ASSERT_AND_RETURN(1, TU_COUNTOF(b));
      ^

"/home/parallels/soft/my/countof_ns/tests/unit/pos_zla_n0.h", line 4: warning: division by zero [divide_by_zero]
      TU_STATIC_ASSERT_AND_RETURN(1, TU_COUNTOF(b));
      ^

"/home/parallels/soft/my/countof_ns/tests/unit/pos_zla_n0.h", line 4: warning: division by zero [divide_by_zero]
      TU_STATIC_ASSERT_AND_RETURN(1, TU_COUNTOF(b));
      ^

1 error detected in the compilation of "/home/parallels/soft/my/countof_ns/tests/unit/tu_stub.c".
gmake[3]: *** [tests/unit/CMakeFiles/JZMG_ARRAY_LEN-pos_zla_n0.dir/build.make:79: tests/unit/CMakeFiles/JZMG_ARRAY_LEN-pos_zla_n0.dir/tu_stub.c.o] Ошибка 2
gmake[2]: *** [CMakeFiles/Makefile2:2332: tests/unit/CMakeFiles/JZMG_ARRAY_LEN-pos_zla_n0.dir/all] Ошибка 2
gmake[1]: *** [CMakeFiles/Makefile2:2339: tests/unit/CMakeFiles/JZMG_ARRAY_LEN-pos_zla_n0.dir/rule] Ошибка 2
gmake: *** [Makefile:940: JZMG_ARRAY_LEN-pos_zla_n0] Ошибка 2

</system-out>
	</testcase>
	<testcase name="JZMG_ARRAY_LEN-pos_zla_n0_cxx" classname="JZMG_ARRAY_LEN-pos_zla_n0_cxx" time="0.283246" status="fail">
		<failure message="Failed"/>
		<properties>
			<property name="cmake_labels" value="JZMG_ARRAY_LEN"/>
		</properties>
		<system-out>Internal cmake changing into directory: /home/parallels/soft/my/countof_ns/build/Linux_pgcc_pgc++
Change Dir: '/home/parallels/soft/my/countof_ns/build/Linux_pgcc_pgc++'

Run Build Command(s): /usr/bin/gmake -f Makefile JZMG_ARRAY_LEN-pos_zla_n0_cxx
[  0%] Built target CounofNS
gmake[3]: Предупреждение: время изменения файла «tests/unit/CMakeFiles/JZMG_ARRAY_LEN-pos_zla_n0_cxx.dir/compiler_depend.make» находится в будущем (0,093)
[  0%] Building CXX object tests/unit/CMakeFiles/JZMG_ARRAY_LEN-pos_zla_n0_cxx.dir/tu_stub_cxx.cpp.o
"/home/parallels/soft/my/countof_ns/tests/unit/pos_zla_n0.h", line 4: error: static assertion failed with "(1) == ((sizeof(__array_len_aux&lt;sizeof(b)&gt;::match_only_array(b))))"
      TU_STATIC_ASSERT_AND_RETURN(1, TU_COUNTOF(b));
      ^

1 error detected in the compilation of "/home/parallels/soft/my/countof_ns/tests/unit/tu_stub_cxx.cpp".
gmake[3]: *** [tests/unit/CMakeFiles/JZMG_ARRAY_LEN-pos_zla_n0_cxx.dir/build.make:79: tests/unit/CMakeFiles/JZMG_ARRAY_LEN-pos_zla_n0_cxx.dir/tu_stub_cxx.cpp.o] Ошибка 2
gmake[2]: *** [CMakeFiles/Makefile2:2364: tests/unit/CMakeFiles/JZMG_ARRAY_LEN-pos_zla_n0_cxx.dir/all] Ошибка 2
gmake[1]: *** [CMakeFiles/Makefile2:2371: tests/unit/CMakeFiles/JZMG_ARRAY_LEN-pos_zla_n0_cxx.dir/rule] Ошибка 2
gmake: *** [Makefile:953: JZMG_ARRAY_LEN-pos_zla_n0_cxx] Ошибка 2

</system-out>
	</testcase>
	<testcase name="JZMG_ARRAY_LEN-neg__selftest" classname="JZMG_ARRAY_LEN-neg__selftest" time="0.252096" status="run">
		<properties>
			<property name="cmake_labels" value="JZMG_ARRAY_LEN"/>
		</properties>
		<system-out>[  0%] Built target CounofNS
[  0%] Building C object tests/unit/CMakeFiles/JZMG_ARRAY_LEN-neg__selftest.dir/tu_stub.c.o
"/home/parallels/soft/my/countof_ns/tests/unit/neg__selftest.h", line 12: error: static assertion failed with "0"
          tu_static_assert(0);
          ^

1 error detected in the compilation of "/home/parallels/soft/my/countof_ns/tests/unit/tu_stub.c".
gmake[3]: *** [tests/unit/CMakeFiles/JZMG_ARRAY_LEN-neg__selftest.dir/build.make:79: tests/unit/CMakeFiles/JZMG_ARRAY_LEN-neg__selftest.dir/tu_stub.c.o] Ошибка 2
gmake[2]: *** [CMakeFiles/Makefile2:2396: tests/unit/CMakeFiles/JZMG_ARRAY_LEN-neg__selftest.dir/all] Ошибка 2
gmake[1]: *** [CMakeFiles/Makefile2:2403: tests/unit/CMakeFiles/JZMG_ARRAY_LEN-neg__selftest.dir/rule] Ошибка 2
gmake: *** [Makefile:966: JZMG_ARRAY_LEN-neg__selftest] Ошибка 2
</system-out>
	</testcase>
	<testcase name="JZMG_ARRAY_LEN-neg__selftest_0_fail" classname="JZMG_ARRAY_LEN-neg__selftest_0_fail" time="0.0120591" status="notrun">
		<skipped message="SKIP_RETURN_CODE=42"/>
		<properties>
			<property name="cmake_labels" value="JZMG_ARRAY_LEN"/>
		</properties>
		<system-out></system-out>
	</testcase>
	<testcase name="JZMG_ARRAY_LEN-neg__selftest_cxx" classname="JZMG_ARRAY_LEN-neg__selftest_cxx" time="0.266244" status="run">
		<properties>
			<property name="cmake_labels" value="JZMG_ARRAY_LEN"/>
		</properties>
		<system-out>[  0%] Built target CounofNS
[  0%] Building CXX object tests/unit/CMakeFiles/JZMG_ARRAY_LEN-neg__selftest_cxx.dir/tu_stub_cxx.cpp.o
"/home/parallels/soft/my/countof_ns/tests/unit/neg__selftest.h", line 12: error: static assertion failed with "0"
          tu_static_assert(0);
          ^

1 error detected in the compilation of "/home/parallels/soft/my/countof_ns/tests/unit/tu_stub_cxx.cpp".
gmake[3]: *** [tests/unit/CMakeFiles/JZMG_ARRAY_LEN-neg__selftest_cxx.dir/build.make:79: tests/unit/CMakeFiles/JZMG_ARRAY_LEN-neg__selftest_cxx.dir/tu_stub_cxx.cpp.o] Ошибка 2
gmake[2]: *** [CMakeFiles/Makefile2:2428: tests/unit/CMakeFiles/JZMG_ARRAY_LEN-neg__selftest_cxx.dir/all] Ошибка 2
gmake[1]: *** [CMakeFiles/Makefile2:2435: tests/unit/CMakeFiles/JZMG_ARRAY_LEN-neg__selftest_cxx.dir/rule] Ошибка 2
gmake: *** [Makefile:979: JZMG_ARRAY_LEN-neg__selftest_cxx] Ошибка 2
</system-out>
	</testcase>
	<testcase name="JZMG_ARRAY_LEN-neg__selftest_cxx_0_fail" classname="JZMG_ARRAY_LEN-neg__selftest_cxx_0_fail" time="0.0113523" status="notrun">
		<skipped message="SKIP_RETURN_CODE=42"/>
		<properties>
			<property name="cmake_labels" value="JZMG_ARRAY_LEN"/>
		</properties>
		<system-out></system-out>
	</testcase>
	<testcase name="JZMG_ARRAY_LEN-neg_cv_ptr" classname="JZMG_ARRAY_LEN-neg_cv_ptr" time="0.409454" status="fail">
		<failure message="Failed"/>
		<properties>
			<property name="cmake_labels" value="JZMG_ARRAY_LEN"/>
		</properties>
		<system-out>Built target CounofNS
Building C object tests/unit/CMakeFiles/JZMG_ARRAY_LEN-neg_cv_ptr.dir/tu_stub.c.o
"/home/parallels/soft/my/countof_ns/tests/unit/neg_cv_ptr.h", line 4: warning: operand types are incompatible ("int (**)[2]" and "const volatile int ***") [incompatible_operands]
      return TU_COUNTOF(p);
             ^

Remark: individual warnings can be suppressed with "--diag_suppress &lt;warning-name&gt;"

"/home/parallels/soft/my/countof_ns/tests/unit/neg_cv_ptr.h", line 4: warning: subtraction of pointer types "int (**)[2]" and "const volatile int ***" is nonstandard [nonstandard_ptr_minus_ptr]
      return TU_COUNTOF(p);
             ^

Linking C executable JZMG_ARRAY_LEN-neg_cv_ptr
Built target JZMG_ARRAY_LEN-neg_cv_ptr
</system-out>
	</testcase>
	<testcase name="JZMG_ARRAY_LEN-neg_cv_ptr_0_fail" classname="JZMG_ARRAY_LEN-neg_cv_ptr_0_fail" time="0.0152409" status="fail">
		<failure message="Failed"/>
		<properties>
			<property name="cmake_labels" value="JZMG_ARRAY_LEN"/>
		</properties>
		<system-out>Fail 2 desired=0 main(0, ...) /home/parallels/soft/my/countof_ns/tests/unit/tu_stub.c:neg_cv_ptr.h:TU_UNIT for _comparisons/JZMG_ARRAY_LEN.h:JZMG_ARRAY_LEN(), C 201710L
</system-out>
	</testcase>
	<testcase name="JZMG_ARRAY_LEN-neg_cv_ptr_cxx" classname="JZMG_ARRAY_LEN-neg_cv_ptr_cxx" time="0.272531" status="run">
		<properties>
			<property name="cmake_labels" value="JZMG_ARRAY_LEN"/>
		</properties>
		<system-out>[  0%] Built target CounofNS
[100%] Building CXX object tests/unit/CMakeFiles/JZMG_ARRAY_LEN-neg_cv_ptr_cxx.dir/tu_stub_cxx.cpp.o
"/home/parallels/soft/my/countof_ns/tests/unit/neg_cv_ptr.h", line 4: error: no instance of function template "__array_len_aux&lt;N&gt;::match_only_array [with N=8U]" matches the argument list
            argument types are: (const volatile int *)
      return TU_COUNTOF(p);
             ^
"/home/parallels/soft/my/countof_ns/include/_comparisons/JZMG_ARRAY_LEN.h", line 23: note: candidate function template "__array_len_aux&lt;N&gt;::match_only_array [with N=8U]" failed deduction
     template &lt;unsigned int N&gt; class __array_len_aux    { public: template &lt;typename T, unsigned int M&gt; static const char (&amp;match_only_array(T(&amp;)[M]))[M]; };
                                                                                                                            ^

1 error detected in the compilation of "/home/parallels/soft/my/countof_ns/tests/unit/tu_stub_cxx.cpp".
gmake[3]: *** [tests/unit/CMakeFi...
[This part of the test output was removed since it exceeds the threshold of 1024 bytes.]
</system-out>
	</testcase>
	<testcase name="JZMG_ARRAY_LEN-neg_cv_ptr_cxx_0_fail" classname="JZMG_ARRAY_LEN-neg_cv_ptr_cxx_0_fail" time="0.0121941" status="notrun">
		<skipped message="SKIP_RETURN_CODE=42"/>
		<properties>
			<property name="cmake_labels" value="JZMG_ARRAY_LEN"/>
		</properties>
		<system-out></system-out>
	</testcase>
	<testcase name="JZMG_ARRAY_LEN-neg_other" classname="JZMG_ARRAY_LEN-neg_other" time="0.247632" status="run">
		<properties>
			<property name="cmake_labels" value="JZMG_ARRAY_LEN"/>
		</properties>
		<system-out>[  0%] Built target CounofNS
[100%] Building C object tests/unit/CMakeFiles/JZMG_ARRAY_LEN-neg_other.dir/tu_stub.c.o
"/home/parallels/soft/my/countof_ns/tests/unit/neg_other.h", line 4: error: operand of "*" must be a pointer but has type "int"
      return TU_COUNTOF(i);
             ^

"/home/parallels/soft/my/countof_ns/tests/unit/neg_other.h", line 4: error: operand of "*" must be a pointer but has type "int"
      return TU_COUNTOF(i);
             ^

"/home/parallels/soft/my/countof_ns/tests/unit/neg_other.h", line 4: error: operand of "*" must be a pointer but has type "int"
      return TU_COUNTOF(i);
             ^

3 errors detected in the compilation of "/home/parallels/soft/my/countof_ns/tests/unit/tu_stub.c".
gmake[3]: *** [tests/unit/CMakeFiles/JZMG_ARRAY_LEN-neg_other.dir/build.make:79: tests/unit/CMakeFiles/JZMG_ARRAY_LEN-neg_other.dir/tu_stub.c.o] Ошибка 2
gmake[2]: *** [CMakeFiles/Makefile2:2524: tests/unit/CMakeFiles/JZMG_ARRAY_LEN-neg_other.dir/all] Ошибка 2
gmake[1]: *** [CMak...
[This part of the test output was removed since it exceeds the threshold of 1024 bytes.]
</system-out>
	</testcase>
	<testcase name="JZMG_ARRAY_LEN-neg_other_0_fail" classname="JZMG_ARRAY_LEN-neg_other_0_fail" time="0.0120389" status="notrun">
		<skipped message="SKIP_RETURN_CODE=42"/>
		<properties>
			<property name="cmake_labels" value="JZMG_ARRAY_LEN"/>
		</properties>
		<system-out></system-out>
	</testcase>
	<testcase name="JZMG_ARRAY_LEN-neg_other_cxx" classname="JZMG_ARRAY_LEN-neg_other_cxx" time="0.276587" status="run">
		<properties>
			<property name="cmake_labels" value="JZMG_ARRAY_LEN"/>
		</properties>
		<system-out>[  0%] Built target CounofNS
[  0%] Building CXX object tests/unit/CMakeFiles/JZMG_ARRAY_LEN-neg_other_cxx.dir/tu_stub_cxx.cpp.o
"/home/parallels/soft/my/countof_ns/tests/unit/neg_other.h", line 4: error: no instance of function template "__array_len_aux&lt;N&gt;::match_only_array [with N=4U]" matches the argument list
            argument types are: (int)
      return TU_COUNTOF(i);
             ^
"/home/parallels/soft/my/countof_ns/include/_comparisons/JZMG_ARRAY_LEN.h", line 23: note: candidate function template "__array_len_aux&lt;N&gt;::match_only_array [with N=4U]" failed deduction
     template &lt;unsigned int N&gt; class __array_len_aux    { public: template &lt;typename T, unsigned int M&gt; static const char (&amp;match_only_array(T(&amp;)[M]))[M]; };
                                                                                                                            ^

1 error detected in the compilation of "/home/parallels/soft/my/countof_ns/tests/unit/tu_stub_cxx.cpp".
gmake[3]: *** [tests/unit/CMakeFiles/JZMG_ARRAY_LEN-...
[This part of the test output was removed since it exceeds the threshold of 1024 bytes.]
</system-out>
	</testcase>
	<testcase name="JZMG_ARRAY_LEN-neg_other_cxx_0_fail" classname="JZMG_ARRAY_LEN-neg_other_cxx_0_fail" time="0.0124477" status="notrun">
		<skipped message="SKIP_RETURN_CODE=42"/>
		<properties>
			<property name="cmake_labels" value="JZMG_ARRAY_LEN"/>
		</properties>
		<system-out></system-out>
	</testcase>
	<testcase name="JZMG_ARRAY_LEN-neg_ptr" classname="JZMG_ARRAY_LEN-neg_ptr" time="0.417319" status="fail">
		<failure message="Failed"/>
		<properties>
			<property name="cmake_labels" value="JZMG_ARRAY_LEN"/>
		</properties>
		<system-out>[  0%] Built target CounofNS
[  0%] Building C object tests/unit/CMakeFiles/JZMG_ARRAY_LEN-neg_ptr.dir/tu_stub.c.o
"/home/parallels/soft/my/countof_ns/tests/unit/neg_ptr.h", line 6: warning: operand types are incompatible ("int (**)[2]" and "int ***") [incompatible_operands]
             TU_COUNTOF(p));  // TODO
             ^

Remark: individual warnings can be suppressed with "--diag_suppress &lt;warning-name&gt;"

"/home/parallels/soft/my/countof_ns/tests/unit/neg_ptr.h", line 6: warning: subtraction of pointer types "int (**)[2]" and "int ***" is nonstandard [nonstandard_ptr_minus_ptr]
             TU_COUNTOF(p));  // TODO
             ^

"/home/parallels/soft/my/countof_ns/tests/unit/neg_ptr.h", line 7: warning: operand types are incompatible ("int (**)[2]" and "int ***") [incompatible_operands]
      return TU_COUNTOF(p);
             ^

"/home/parallels/soft/my/countof_ns/tests/unit/neg_ptr.h", line 7: warning: subtraction of pointer types "int (**)[2]" and "int ***" is nonstandard [nonstandard_ptr_minus_ptr]
      return TU_COUNTOF(p);
             ^

[100%] Linking C executable JZMG_ARRAY_LEN-neg_ptr
[100%] Built target JZMG_ARRAY_LEN-neg_ptr
</system-out>
	</testcase>
	<testcase name="JZMG_ARRAY_LEN-neg_ptr_0_fail" classname="JZMG_ARRAY_LEN-neg_ptr_0_fail" time="0.0151373" status="fail">
		<failure message="Failed"/>
		<properties>
			<property name="cmake_labels" value="JZMG_ARRAY_LEN"/>
		</properties>
		<system-out>Debug /home/parallels/soft/my/countof_ns/tests/unit/neg_ptr.h:3:TU_UNIT
Debug /home/parallels/soft/my/countof_ns/tests/unit/neg_ptr.h:5:TU_UNIT TU_COUNTOF(p)=2 
Fail 2 desired=0 main(0, ...) /home/parallels/soft/my/countof_ns/tests/unit/tu_stub.c:neg_ptr.h:TU_UNIT for _comparisons/JZMG_ARRAY_LEN.h:JZMG_ARRAY_LEN(), C 201710L
</system-out>
	</testcase>
	<testcase name="JZMG_ARRAY_LEN-neg_ptr_cxx" classname="JZMG_ARRAY_LEN-neg_ptr_cxx" time="0.261383" status="run">
		<properties>
			<property name="cmake_labels" value="JZMG_ARRAY_LEN"/>
		</properties>
		<system-out>Built target CounofNS
Building CXX object tests/unit/CMakeFiles/JZMG_ARRAY_LEN-neg_ptr_cxx.dir/tu_stub_cxx.cpp.o
"/home/parallels/soft/my/countof_ns/tests/unit/neg_ptr.h", line 6: error: no instance of function template "__array_len_aux&lt;N&gt;::match_only_array [with N=8U]" matches the argument list
            argument types are: (int *)
             TU_COUNTOF(p));  // TODO
             ^
"/home/parallels/soft/my/countof_ns/include/_comparisons/JZMG_ARRAY_LEN.h", line 23: note: candidate function template "__array_len_aux&lt;N&gt;::match_only_array [with N=8U]" failed deduction
     template &lt;unsigned int N&gt; class __array_len_aux    { public: template &lt;typename T, unsigned int M&gt; static const char (&amp;match_only_array(T(&amp;)[M]))[M]; };
                                                                                                                            ^

"/home/parallels/soft/my/countof_ns/tests/unit/neg_ptr.h", line 7: error: no instance of function template "__array_len_aux&lt;N&gt;::match_only_array [with N=8U]" matc...
[This part of the test output was removed since it exceeds the threshold of 1024 bytes.]
</system-out>
	</testcase>
	<testcase name="JZMG_ARRAY_LEN-neg_ptr_cxx_0_fail" classname="JZMG_ARRAY_LEN-neg_ptr_cxx_0_fail" time="0.0114569" status="notrun">
		<skipped message="SKIP_RETURN_CODE=42"/>
		<properties>
			<property name="cmake_labels" value="JZMG_ARRAY_LEN"/>
		</properties>
		<system-out></system-out>
	</testcase>
	<testcase name="JZMG_ARRAY_LEN-neg_zla_ptr" classname="JZMG_ARRAY_LEN-neg_zla_ptr" time="0.429193" status="fail">
		<failure message="Failed"/>
		<properties>
			<property name="cmake_labels" value="JZMG_ARRAY_LEN"/>
		</properties>
		<system-out>[  0%] Built target CounofNS
[100%] Building C object tests/unit/CMakeFiles/JZMG_ARRAY_LEN-neg_zla_ptr.dir/tu_stub.c.o
"/home/parallels/soft/my/countof_ns/tests/unit/neg_zla_ptr.h", line 4: warning: division by zero [divide_by_zero]
      return TU_COUNTOF(p);
             ^

Remark: individual warnings can be suppressed with "--diag_suppress &lt;warning-name&gt;"

"/home/parallels/soft/my/countof_ns/tests/unit/neg_zla_ptr.h", line 4: warning: operand types are incompatible ("int (**)[&lt;expression&gt;][0]" and "int (***)[0]") [incompatible_operands]
      return TU_COUNTOF(p);
             ^

"/home/parallels/soft/my/countof_ns/tests/unit/neg_zla_ptr.h", line 4: warning: subtraction of pointer types "int (**)[&lt;expression&gt;][0]" and "int (***)[0]" is nonstandard [nonstandard_ptr_minus_ptr]
      return TU_COUNTOF(p);
             ^

[100%] Linking C executable JZMG_ARRAY_LEN-neg_zla_ptr
[100%] Built target JZMG_ARRAY_LEN-neg_zla_ptr
</system-out>
	</testcase>
	<testcase name="JZMG_ARRAY_LEN-neg_zla_ptr_0_fail" classname="JZMG_ARRAY_LEN-neg_zla_ptr_0_fail" time="0.0154583" status="fail">
		<failure message="Failed"/>
		<properties>
			<property name="cmake_labels" value="JZMG_ARRAY_LEN"/>
		</properties>
		<system-out>Fail 4198848 desired=0 main(0, ...) /home/parallels/soft/my/countof_ns/tests/unit/tu_stub.c:neg_zla_ptr.h:TU_UNIT for _comparisons/JZMG_ARRAY_LEN.h:JZMG_ARRAY_LEN(), C 201710L
</system-out>
	</testcase>
	<testcase name="JZMG_ARRAY_LEN-neg_zla_ptr_cxx" classname="JZMG_ARRAY_LEN-neg_zla_ptr_cxx" time="0.276941" status="run">
		<properties>
			<property name="cmake_labels" value="JZMG_ARRAY_LEN"/>
		</properties>
		<system-out>[  0%] Built target CounofNS
[100%] Building CXX object tests/unit/CMakeFiles/JZMG_ARRAY_LEN-neg_zla_ptr_cxx.dir/tu_stub_cxx.cpp.o
"/home/parallels/soft/my/countof_ns/tests/unit/neg_zla_ptr.h", line 4: error: no instance of function template "__array_len_aux&lt;N&gt;::match_only_array [with N=8U]" matches the argument list
            argument types are: (int (*)[0])
      return TU_COUNTOF(p);
             ^
"/home/parallels/soft/my/countof_ns/include/_comparisons/JZMG_ARRAY_LEN.h", line 23: note: candidate function template "__array_len_aux&lt;N&gt;::match_only_array [with N=8U]" failed deduction
     template &lt;unsigned int N&gt; class __array_len_aux    { public: template &lt;typename T, unsigned int M&gt; static const char (&amp;match_only_array(T(&amp;)[M]))[M]; };
                                                                                                                            ^

1 error detected in the compilation of "/home/parallels/soft/my/countof_ns/tests/unit/tu_stub_cxx.cpp".
gmake[3]: *** [tests/unit/CMakeFiles/JZMG...
[This part of the test output was removed since it exceeds the threshold of 1024 bytes.]
</system-out>
	</testcase>
	<testcase name="JZMG_ARRAY_LEN-neg_zla_ptr_cxx_0_fail" classname="JZMG_ARRAY_LEN-neg_zla_ptr_cxx_0_fail" time="0.011948" status="notrun">
		<skipped message="SKIP_RETURN_CODE=42"/>
		<properties>
			<property name="cmake_labels" value="JZMG_ARRAY_LEN"/>
		</properties>
		<system-out></system-out>
	</testcase>
	<testcase name="LNX_ARRAY_SIZE-pos__selftest" classname="LNX_ARRAY_SIZE-pos__selftest" time="0.442197" status="run">
		<properties>
			<property name="cmake_labels" value="LNX_ARRAY_SIZE"/>
		</properties>
		<system-out>Internal cmake changing into directory: /home/parallels/soft/my/countof_ns/build/Linux_pgcc_pgc++
Change Dir: '/home/parallels/soft/my/countof_ns/build/Linux_pgcc_pgc++'

Run Build Command(s): /usr/bin/gmake -f Makefile LNX_ARRAY_SIZE-pos__selftest
[  0%] Built target CounofNS
[  0%] Building C object tests/unit/CMakeFiles/LNX_ARRAY_SIZE-pos__selftest.dir/tu_stub.c.o
[100%] Linking C executable LNX_ARRAY_SIZE-pos__selftest
[100%] Built target LNX_ARRAY_SIZE-pos__selftest

Running test command: "/home/parallels/soft/my/countof_ns/build/Linux_pgcc_pgc++/tests/unit/LNX_ARRAY_SIZE-pos__selftest"
Ok 1 TU_STATIC_ASSERT_AND_RETURN((1)=1, ...) /home/parallels/soft/my/countof_ns/tests/unit/pos__selftest.h:pos__selftest.h:TU_UNIT for _comparisons/lnx_array_size.h:LNX_ARRAY_SIZE(), C 201710L

</system-out>
	</testcase>
	<testcase name="LNX_ARRAY_SIZE-pos_array" classname="LNX_ARRAY_SIZE-pos_array" time="0.410533" status="run">
		<properties>
			<property name="cmake_labels" value="LNX_ARRAY_SIZE"/>
		</properties>
		<system-out>Internal cmake changing into directory: /home/parallels/soft/my/countof_ns/build/Linux_pgcc_pgc++
Change Dir: '/home/parallels/soft/my/countof_ns/build/Linux_pgcc_pgc++'

Run Build Command(s): /usr/bin/gmake -f Makefile LNX_ARRAY_SIZE-pos_array
Built target CounofNS
gmake[3]: Предупреждение: время изменения файла «tests/unit/CMakeFiles/LNX_ARRAY_SIZE-pos_array.dir/compiler_depend.make» находится в будущем (0,078)
Building C object tests/unit/CMakeFiles/LNX_ARRAY_SIZE-pos_array.dir/tu_stub.c.o
"/home/parallels/soft/my/countof_ns/tests/unit/pos_array.h", line 4: warning: struct or union declares no named members [no_named_fields]
      TU_STATIC_ASSERT_AND_RETURN(1, TU_COUNTOF(a));
      ^

Remark: individual warnings can be suppressed with "--diag_suppress &lt;warning-name&gt;"

"/home/parallels/soft/my/countof_ns/tests/unit/pos_array.h", line 4: warning: struct or union declares no named members [no_named_fields]
      TU_STATIC_ASSERT_AND_RETURN(1, TU_COUNTOF(a))...
[This part of the test output was removed since it exceeds the threshold of 1024 bytes.]
</system-out>
	</testcase>
	<testcase name="LNX_ARRAY_SIZE-pos_cv_array" classname="LNX_ARRAY_SIZE-pos_cv_array" time="0.439453" status="run">
		<properties>
			<property name="cmake_labels" value="LNX_ARRAY_SIZE"/>
		</properties>
		<system-out>Internal cmake changing into directory: /home/parallels/soft/my/countof_ns/build/Linux_pgcc_pgc++
Change Dir: '/home/parallels/soft/my/countof_ns/build/Linux_pgcc_pgc++'

Run Build Command(s): /usr/bin/gmake -f Makefile LNX_ARRAY_SIZE-pos_cv_array
[  0%] Built target CounofNS
[100%] Building C object tests/unit/CMakeFiles/LNX_ARRAY_SIZE-pos_cv_array.dir/tu_stub.c.o
"/home/parallels/soft/my/countof_ns/tests/unit/pos_cv_array.h", line 4: warning: struct or union declares no named members [no_named_fields]
      TU_STATIC_ASSERT_AND_RETURN(1, TU_COUNTOF(a));
      ^

Remark: individual warnings can be suppressed with "--diag_suppress &lt;warning-name&gt;"

"/home/parallels/soft/my/countof_ns/tests/unit/pos_cv_array.h", line 4: warning: struct or union declares no named members [no_named_fields]
      TU_STATIC_ASSERT_AND_RETURN(1, TU_COUNTOF(a));
      ^

"/home/parallels/soft/my/countof_ns/tests/unit/pos_cv_array.h", line 4: warning: struct or union declares no named members [no_named_fields]
      TU_STATIC_ASSERT_A...
[This part of the test output was removed since it exceeds the threshold of 1024 bytes.]
</system-out>
	</testcase>
	<testcase name="LNX_ARRAY_SIZE-pos_struct_n0" classname="LNX_ARRAY_SIZE-pos_struct_n0" time="0.26345" status="fail">
		<failure message="Failed"/>
		<properties>
			<property name="cmake_labels" value="LNX_ARRAY_SIZE"/>
		</properties>
		<system-out>Internal cmake changing into directory: /home/parallels/soft/my/countof_ns/build/Linux_pgcc_pgc++
Change Dir: '/home/parallels/soft/my/countof_ns/build/Linux_pgcc_pgc++'

Run Build Command(s): /usr/bin/gmake -f Makefile LNX_ARRAY_SIZE-pos_struct_n0
[  0%] Built target CounofNS
[100%] Building C object tests/unit/CMakeFiles/LNX_ARRAY_SIZE-pos_struct_n0.dir/tu_stub.c.o
"/home/parallels/soft/my/countof_ns/tests/unit/pos_struct_n0.h", line 4: error: division by zero
      TU_STATIC_ASSERT_AND_RETURN(1, TU_COUNTOF(a));
      ^

"/home/parallels/soft/my/countof_ns/tests/unit/pos_struct_n0.h", line 4: warning: struct or union declares no named members [no_named_fields]
      TU_STATIC_ASSERT_AND_RETURN(1, TU_COUNTOF(a));
      ^

Remark: individual warnings can be suppressed with "--diag_suppress &lt;warning-name&gt;"

"/home/parallels/soft/my/countof_ns/tests/unit/pos_struct_n0.h", line 4: warning: division by zero [divide_by_zero]
      TU_STATIC_ASSERT_AND_RETURN(1, TU_COUNTOF(a));
      ^

"/home/parallels/soft/my/countof_ns/tests/unit/pos_struct_n0.h", line 4: warning: struct or union declares no named members [no_named_fields]
      TU_STATIC_ASSERT_AND_RETURN(1, TU_COUNTOF(a));
      ^

"/home/parallels/soft/my/countof_ns/tests/unit/pos_struct_n0.h", line 4: warning: division by zero [divide_by_zero]
      TU_STATIC_ASSERT_AND_RETURN(1, TU_COUNTOF(a));
      ^

"/home/parallels/soft/my/countof_ns/tests/unit/pos_struct_n0.h", line 4: warning: struct or union declares no named members [no_named_fields]
      TU_STATIC_ASSERT_AND_RETURN(1, TU_COUNTOF(a));
      ^

"/home/parallels/soft/my/countof_ns/tests/unit/pos_struct_n0.h", line 4: warning: division by zero [divide_by_zero]
      TU_STATIC_ASSERT_AND_RETURN(1, TU_COUNTOF(a));
      ^

"/home/parallels/soft/my/countof_ns/tests/unit/pos_struct_n0.h", line 4: warning: struct or union declares no named members [no_named_fields]
      TU_STATIC_ASSERT_AND_RETURN(1, TU_COUNTOF(a));
      ^

"/home/parallels/soft/my/countof_ns/tests/unit/pos_struct_n0.h", line 4: warning: division by zero [divide_by_zero]
      TU_STATIC_ASSERT_AND_RETURN(1, TU_COUNTOF(a));
      ^

"/home/parallels/soft/my/countof_ns/tests/unit/pos_struct_n0.h", line 4: warning: struct or union declares no named members [no_named_fields]
      TU_STATIC_ASSERT_AND_RETURN(1, TU_COUNTOF(a));
      ^

"/home/parallels/soft/my/countof_ns/tests/unit/pos_struct_n0.h", line 4: warning: division by zero [divide_by_zero]
      TU_STATIC_ASSERT_AND_RETURN(1, TU_COUNTOF(a));
      ^

"/home/parallels/soft/my/countof_ns/tests/unit/pos_struct_n0.h", line 4: warning: struct or union declares no named members [no_named_fields]
      TU_STATIC_ASSERT_AND_RETURN(1, TU_COUNTOF(a));
      ^

"/home/parallels/soft/my/countof_ns/tests/unit/pos_struct_n0.h", line 4: warning: division by zero [divide_by_zero]
      TU_STATIC_ASSERT_AND_RETURN(1, TU_COUNTOF(a));
      ^

"/home/parallels/soft/my/countof_ns/tests/unit/pos_struct_n0.h", line 4: warning: struct or union declares no named members [no_named_fields]
      TU_STATIC_ASSERT_AND_RETURN(1, TU_COUNTOF(a));
      ^

1 error detected in the compilation of "/home/parallels/soft/my/countof_ns/tests/unit/tu_stub.c".
gmake[3]: *** [tests/unit/CMakeFiles/LNX_ARRAY_SIZE-pos_struct_n0.dir/build.make:79: tests/unit/CMakeFiles/LNX_ARRAY_SIZE-pos_struct_n0.dir/tu_stub.c.o] Ошибка 2
gmake[2]: *** [CMakeFiles/Makefile2:2812: tests/unit/CMakeFiles/LNX_ARRAY_SIZE-pos_struct_n0.dir/all] Ошибка 2
gmake[1]: *** [CMakeFiles/Makefile2:2819: tests/unit/CMakeFiles/LNX_ARRAY_SIZE-pos_struct_n0.dir/rule] Ошибка 2
gmake: *** [Makefile:1135: LNX_ARRAY_SIZE-pos_struct_n0] Ошибка 2

</system-out>
	</testcase>
	<testcase name="LNX_ARRAY_SIZE-pos_struct_zla_00" classname="LNX_ARRAY_SIZE-pos_struct_zla_00" time="0.252104" status="fail">
		<failure message="Failed"/>
		<properties>
			<property name="cmake_labels" value="LNX_ARRAY_SIZE"/>
		</properties>
		<system-out>Internal cmake changing into directory: /home/parallels/soft/my/countof_ns/build/Linux_pgcc_pgc++
Change Dir: '/home/parallels/soft/my/countof_ns/build/Linux_pgcc_pgc++'

Run Build Command(s): /usr/bin/gmake -f Makefile LNX_ARRAY_SIZE-pos_struct_zla_00
[  0%] Built target CounofNS
[  0%] Building C object tests/unit/CMakeFiles/LNX_ARRAY_SIZE-pos_struct_zla_00.dir/tu_stub.c.o
"/home/parallels/soft/my/countof_ns/tests/unit/pos_struct_zla_00.h", line 4: error: division by zero
      TU_STATIC_ASSERT_AND_RETURN(0, TU_COUNTOF(a));
      ^

"/home/parallels/soft/my/countof_ns/tests/unit/pos_struct_zla_00.h", line 4: warning: struct or union declares no named members [no_named_fields]
      TU_STATIC_ASSERT_AND_RETURN(0, TU_COUNTOF(a));
      ^

Remark: individual warnings can be suppressed with "--diag_suppress &lt;warning-name&gt;"

"/home/parallels/soft/my/countof_ns/tests/unit/pos_struct_zla_00.h", line 4: warning: division by zero [divide_by_zero]
      TU_STATIC_ASSERT_AND_RETURN(0, TU_COUNTOF(a));
      ^

"/home/parallels/soft/my/countof_ns/tests/unit/pos_struct_zla_00.h", line 4: warning: struct or union declares no named members [no_named_fields]
      TU_STATIC_ASSERT_AND_RETURN(0, TU_COUNTOF(a));
      ^

"/home/parallels/soft/my/countof_ns/tests/unit/pos_struct_zla_00.h", line 4: warning: division by zero [divide_by_zero]
      TU_STATIC_ASSERT_AND_RETURN(0, TU_COUNTOF(a));
      ^

"/home/parallels/soft/my/countof_ns/tests/unit/pos_struct_zla_00.h", line 4: warning: struct or union declares no named members [no_named_fields]
      TU_STATIC_ASSERT_AND_RETURN(0, TU_COUNTOF(a));
      ^

"/home/parallels/soft/my/countof_ns/tests/unit/pos_struct_zla_00.h", line 4: warning: division by zero [divide_by_zero]
      TU_STATIC_ASSERT_AND_RETURN(0, TU_COUNTOF(a));
      ^

"/home/parallels/soft/my/countof_ns/tests/unit/pos_struct_zla_00.h", line 4: warning: struct or union declares no named members [no_named_fields]
      TU_STATIC_ASSERT_AND_RETURN(0, TU_COUNTOF(a));
      ^

"/home/parallels/soft/my/countof_ns/tests/unit/pos_struct_zla_00.h", line 4: warning: division by zero [divide_by_zero]
      TU_STATIC_ASSERT_AND_RETURN(0, TU_COUNTOF(a));
      ^

"/home/parallels/soft/my/countof_ns/tests/unit/pos_struct_zla_00.h", line 4: warning: struct or union declares no named members [no_named_fields]
      TU_STATIC_ASSERT_AND_RETURN(0, TU_COUNTOF(a));
      ^

"/home/parallels/soft/my/countof_ns/tests/unit/pos_struct_zla_00.h", line 4: warning: division by zero [divide_by_zero]
      TU_STATIC_ASSERT_AND_RETURN(0, TU_COUNTOF(a));
      ^

"/home/parallels/soft/my/countof_ns/tests/unit/pos_struct_zla_00.h", line 4: warning: struct or union declares no named members [no_named_fields]
      TU_STATIC_ASSERT_AND_RETURN(0, TU_COUNTOF(a));
      ^

"/home/parallels/soft/my/countof_ns/tests/unit/pos_struct_zla_00.h", line 4: warning: division by zero [divide_by_zero]
      TU_STATIC_ASSERT_AND_RETURN(0, TU_COUNTOF(a));
      ^

"/home/parallels/soft/my/countof_ns/tests/unit/pos_struct_zla_00.h", line 4: warning: struct or union declares no named members [no_named_fields]
      TU_STATIC_ASSERT_AND_RETURN(0, TU_COUNTOF(a));
      ^

1 error detected in the compilation of "/home/parallels/soft/my/countof_ns/tests/unit/tu_stub.c".
gmake[3]: *** [tests/unit/CMakeFiles/LNX_ARRAY_SIZE-pos_struct_zla_00.dir/build.make:79: tests/unit/CMakeFiles/LNX_ARRAY_SIZE-pos_struct_zla_00.dir/tu_stub.c.o] Ошибка 2
gmake[2]: *** [CMakeFiles/Makefile2:2844: tests/unit/CMakeFiles/LNX_ARRAY_SIZE-pos_struct_zla_00.dir/all] Ошибка 2
gmake[1]: *** [CMakeFiles/Makefile2:2851: tests/unit/CMakeFiles/LNX_ARRAY_SIZE-pos_struct_zla_00.dir/rule] Ошибка 2
gmake: *** [Makefile:1148: LNX_ARRAY_SIZE-pos_struct_zla_00] Ошибка 2

</system-out>
	</testcase>
	<testcase name="LNX_ARRAY_SIZE-pos_zla_00" classname="LNX_ARRAY_SIZE-pos_zla_00" time="0.259771" status="fail">
		<failure message="Failed"/>
		<properties>
			<property name="cmake_labels" value="LNX_ARRAY_SIZE"/>
		</properties>
		<system-out>Internal cmake changing into directory: /home/parallels/soft/my/countof_ns/build/Linux_pgcc_pgc++
Change Dir: '/home/parallels/soft/my/countof_ns/build/Linux_pgcc_pgc++'

Run Build Command(s): /usr/bin/gmake -f Makefile LNX_ARRAY_SIZE-pos_zla_00
[  0%] Built target CounofNS
[  0%] Building C object tests/unit/CMakeFiles/LNX_ARRAY_SIZE-pos_zla_00.dir/tu_stub.c.o
"/home/parallels/soft/my/countof_ns/tests/unit/pos_zla_00.h", line 4: error: division by zero
      TU_STATIC_ASSERT_AND_RETURN(0, TU_COUNTOF(b));
      ^

"/home/parallels/soft/my/countof_ns/tests/unit/pos_zla_00.h", line 4: warning: struct or union declares no named members [no_named_fields]
      TU_STATIC_ASSERT_AND_RETURN(0, TU_COUNTOF(b));
      ^

Remark: individual warnings can be suppressed with "--diag_suppress &lt;warning-name&gt;"

"/home/parallels/soft/my/countof_ns/tests/unit/pos_zla_00.h", line 4: warning: division by zero [divide_by_zero]
      TU_STATIC_ASSERT_AND_RETURN(0, TU_COUNTOF(b));
      ^

"/home/parallels/soft/my/countof_ns/tests/unit/pos_zla_00.h", line 4: warning: struct or union declares no named members [no_named_fields]
      TU_STATIC_ASSERT_AND_RETURN(0, TU_COUNTOF(b));
      ^

"/home/parallels/soft/my/countof_ns/tests/unit/pos_zla_00.h", line 4: warning: division by zero [divide_by_zero]
      TU_STATIC_ASSERT_AND_RETURN(0, TU_COUNTOF(b));
      ^

"/home/parallels/soft/my/countof_ns/tests/unit/pos_zla_00.h", line 4: warning: struct or union declares no named members [no_named_fields]
      TU_STATIC_ASSERT_AND_RETURN(0, TU_COUNTOF(b));
      ^

"/home/parallels/soft/my/countof_ns/tests/unit/pos_zla_00.h", line 4: warning: division by zero [divide_by_zero]
      TU_STATIC_ASSERT_AND_RETURN(0, TU_COUNTOF(b));
      ^

"/home/parallels/soft/my/countof_ns/tests/unit/pos_zla_00.h", line 4: warning: struct or union declares no named members [no_named_fields]
      TU_STATIC_ASSERT_AND_RETURN(0, TU_COUNTOF(b));
      ^

"/home/parallels/soft/my/countof_ns/tests/unit/pos_zla_00.h", line 4: warning: division by zero [divide_by_zero]
      TU_STATIC_ASSERT_AND_RETURN(0, TU_COUNTOF(b));
      ^

"/home/parallels/soft/my/countof_ns/tests/unit/pos_zla_00.h", line 4: warning: struct or union declares no named members [no_named_fields]
      TU_STATIC_ASSERT_AND_RETURN(0, TU_COUNTOF(b));
      ^

"/home/parallels/soft/my/countof_ns/tests/unit/pos_zla_00.h", line 4: warning: division by zero [divide_by_zero]
      TU_STATIC_ASSERT_AND_RETURN(0, TU_COUNTOF(b));
      ^

"/home/parallels/soft/my/countof_ns/tests/unit/pos_zla_00.h", line 4: warning: struct or union declares no named members [no_named_fields]
      TU_STATIC_ASSERT_AND_RETURN(0, TU_COUNTOF(b));
      ^

"/home/parallels/soft/my/countof_ns/tests/unit/pos_zla_00.h", line 4: warning: division by zero [divide_by_zero]
      TU_STATIC_ASSERT_AND_RETURN(0, TU_COUNTOF(b));
      ^

"/home/parallels/soft/my/countof_ns/tests/unit/pos_zla_00.h", line 4: warning: struct or union declares no named members [no_named_fields]
      TU_STATIC_ASSERT_AND_RETURN(0, TU_COUNTOF(b));
      ^

1 error detected in the compilation of "/home/parallels/soft/my/countof_ns/tests/unit/tu_stub.c".
gmake[3]: *** [tests/unit/CMakeFiles/LNX_ARRAY_SIZE-pos_zla_00.dir/build.make:79: tests/unit/CMakeFiles/LNX_ARRAY_SIZE-pos_zla_00.dir/tu_stub.c.o] Ошибка 2
gmake[2]: *** [CMakeFiles/Makefile2:2876: tests/unit/CMakeFiles/LNX_ARRAY_SIZE-pos_zla_00.dir/all] Ошибка 2
gmake[1]: *** [CMakeFiles/Makefile2:2883: tests/unit/CMakeFiles/LNX_ARRAY_SIZE-pos_zla_00.dir/rule] Ошибка 2
gmake: *** [Makefile:1161: LNX_ARRAY_SIZE-pos_zla_00] Ошибка 2

</system-out>
	</testcase>
	<testcase name="LNX_ARRAY_SIZE-pos_zla_0n" classname="LNX_ARRAY_SIZE-pos_zla_0n" time="0.40217" status="run">
		<properties>
			<property name="cmake_labels" value="LNX_ARRAY_SIZE"/>
		</properties>
		<system-out>Internal cmake changing into directory: /home/parallels/soft/my/countof_ns/build/Linux_pgcc_pgc++
Change Dir: '/home/parallels/soft/my/countof_ns/build/Linux_pgcc_pgc++'

Run Build Command(s): /usr/bin/gmake -f Makefile LNX_ARRAY_SIZE-pos_zla_0n
Built target CounofNS
Building C object tests/unit/CMakeFiles/LNX_ARRAY_SIZE-pos_zla_0n.dir/tu_stub.c.o
"/home/parallels/soft/my/countof_ns/tests/unit/pos_zla_0n.h", line 4: warning: struct or union declares no named members [no_named_fields]
      TU_STATIC_ASSERT_AND_RETURN(0, TU_COUNTOF(a));
      ^

Remark: individual warnings can be suppressed with "--diag_suppress &lt;warning-name&gt;"

"/home/parallels/soft/my/countof_ns/tests/unit/pos_zla_0n.h", line 4: warning: struct or union declares no named members [no_named_fields]
      TU_STATIC_ASSERT_AND_RETURN(0, TU_COUNTOF(a));
      ^

"/home/parallels/soft/my/countof_ns/tests/unit/pos_zla_0n.h", line 4: warning: struct or union declares no named members [no_named_fields]
      TU_STATIC_ASSERT_AND_RETURN(0, TU_COUNTOF(...
[This part of the test output was removed since it exceeds the threshold of 1024 bytes.]
</system-out>
	</testcase>
	<testcase name="LNX_ARRAY_SIZE-pos_zla_n0" classname="LNX_ARRAY_SIZE-pos_zla_n0" time="0.261979" status="fail">
		<failure message="Failed"/>
		<properties>
			<property name="cmake_labels" value="LNX_ARRAY_SIZE"/>
		</properties>
		<system-out>Internal cmake changing into directory: /home/parallels/soft/my/countof_ns/build/Linux_pgcc_pgc++
Change Dir: '/home/parallels/soft/my/countof_ns/build/Linux_pgcc_pgc++'

Run Build Command(s): /usr/bin/gmake -f Makefile LNX_ARRAY_SIZE-pos_zla_n0
[  0%] Built target CounofNS
gmake[3]: Предупреждение: время изменения файла «tests/unit/CMakeFiles/LNX_ARRAY_SIZE-pos_zla_n0.dir/compiler_depend.make» находится в будущем (0,029)
[100%] Building C object tests/unit/CMakeFiles/LNX_ARRAY_SIZE-pos_zla_n0.dir/tu_stub.c.o
"/home/parallels/soft/my/countof_ns/tests/unit/pos_zla_n0.h", line 4: error: division by zero
      TU_STATIC_ASSERT_AND_RETURN(1, TU_COUNTOF(b));
      ^

"/home/parallels/soft/my/countof_ns/tests/unit/pos_zla_n0.h", line 4: warning: struct or union declares no named members [no_named_fields]
      TU_STATIC_ASSERT_AND_RETURN(1, TU_COUNTOF(b));
      ^

Remark: individual warnings can be suppressed with "--diag_suppress &lt;warning-name&gt;"

"/home/parallels/soft/my/countof_ns/tests/unit/pos_zla_n0.h", line 4: warning: division by zero [divide_by_zero]
      TU_STATIC_ASSERT_AND_RETURN(1, TU_COUNTOF(b));
      ^

"/home/parallels/soft/my/countof_ns/tests/unit/pos_zla_n0.h", line 4: warning: struct or union declares no named members [no_named_fields]
      TU_STATIC_ASSERT_AND_RETURN(1, TU_COUNTOF(b));
      ^

"/home/parallels/soft/my/countof_ns/tests/unit/pos_zla_n0.h", line 4: warning: division by zero [divide_by_zero]
      TU_STATIC_ASSERT_AND_RETURN(1, TU_COUNTOF(b));
      ^

"/home/parallels/soft/my/countof_ns/tests/unit/pos_zla_n0.h", line 4: warning: struct or union declares no named members [no_named_fields]
      TU_STATIC_ASSERT_AND_RETURN(1, TU_COUNTOF(b));
      ^

"/home/parallels/soft/my/countof_ns/tests/unit/pos_zla_n0.h", line 4: warning: division by zero [divide_by_zero]
      TU_STATIC_ASSERT_AND_RETURN(1, TU_COUNTOF(b));
      ^

"/home/parallels/soft/my/countof_ns/tests/unit/pos_zla_n0.h", line 4: warning: struct or union declares no named members [no_named_fields]
      TU_STATIC_ASSERT_AND_RETURN(1, TU_COUNTOF(b));
      ^

"/home/parallels/soft/my/countof_ns/tests/unit/pos_zla_n0.h", line 4: warning: division by zero [divide_by_zero]
      TU_STATIC_ASSERT_AND_RETURN(1, TU_COUNTOF(b));
      ^

"/home/parallels/soft/my/countof_ns/tests/unit/pos_zla_n0.h", line 4: warning: struct or union declares no named members [no_named_fields]
      TU_STATIC_ASSERT_AND_RETURN(1, TU_COUNTOF(b));
      ^

"/home/parallels/soft/my/countof_ns/tests/unit/pos_zla_n0.h", line 4: warning: division by zero [divide_by_zero]
      TU_STATIC_ASSERT_AND_RETURN(1, TU_COUNTOF(b));
      ^

"/home/parallels/soft/my/countof_ns/tests/unit/pos_zla_n0.h", line 4: warning: struct or union declares no named members [no_named_fields]
      TU_STATIC_ASSERT_AND_RETURN(1, TU_COUNTOF(b));
      ^

"/home/parallels/soft/my/countof_ns/tests/unit/pos_zla_n0.h", line 4: warning: division by zero [divide_by_zero]
      TU_STATIC_ASSERT_AND_RETURN(1, TU_COUNTOF(b));
      ^

"/home/parallels/soft/my/countof_ns/tests/unit/pos_zla_n0.h", line 4: warning: struct or union declares no named members [no_named_fields]
      TU_STATIC_ASSERT_AND_RETURN(1, TU_COUNTOF(b));
      ^

1 error detected in the compilation of "/home/parallels/soft/my/countof_ns/tests/unit/tu_stub.c".
gmake[3]: *** [tests/unit/CMakeFiles/LNX_ARRAY_SIZE-pos_zla_n0.dir/build.make:79: tests/unit/CMakeFiles/LNX_ARRAY_SIZE-pos_zla_n0.dir/tu_stub.c.o] Ошибка 2
gmake[2]: *** [CMakeFiles/Makefile2:2940: tests/unit/CMakeFiles/LNX_ARRAY_SIZE-pos_zla_n0.dir/all] Ошибка 2
gmake[1]: *** [CMakeFiles/Makefile2:2947: tests/unit/CMakeFiles/LNX_ARRAY_SIZE-pos_zla_n0.dir/rule] Ошибка 2
gmake: *** [Makefile:1187: LNX_ARRAY_SIZE-pos_zla_n0] Ошибка 2

</system-out>
	</testcase>
	<testcase name="LNX_ARRAY_SIZE-neg__selftest" classname="LNX_ARRAY_SIZE-neg__selftest" time="0.25677" status="run">
		<properties>
			<property name="cmake_labels" value="LNX_ARRAY_SIZE"/>
		</properties>
		<system-out>[  0%] Built target CounofNS
[  0%] Building C object tests/unit/CMakeFiles/LNX_ARRAY_SIZE-neg__selftest.dir/tu_stub.c.o
"/home/parallels/soft/my/countof_ns/tests/unit/neg__selftest.h", line 12: error: static assertion failed with "0"
          tu_static_assert(0);
          ^

1 error detected in the compilation of "/home/parallels/soft/my/countof_ns/tests/unit/tu_stub.c".
gmake[3]: *** [tests/unit/CMakeFiles/LNX_ARRAY_SIZE-neg__selftest.dir/build.make:79: tests/unit/CMakeFiles/LNX_ARRAY_SIZE-neg__selftest.dir/tu_stub.c.o] Ошибка 2
gmake[2]: *** [CMakeFiles/Makefile2:2972: tests/unit/CMakeFiles/LNX_ARRAY_SIZE-neg__selftest.dir/all] Ошибка 2
gmake[1]: *** [CMakeFiles/Makefile2:2979: tests/unit/CMakeFiles/LNX_ARRAY_SIZE-neg__selftest.dir/rule] Ошибка 2
gmake: *** [Makefile:1200: LNX_ARRAY_SIZE-neg__selftest] Ошибка 2
</system-out>
	</testcase>
	<testcase name="LNX_ARRAY_SIZE-neg__selftest_0_fail" classname="LNX_ARRAY_SIZE-neg__selftest_0_fail" time="0.012442" status="notrun">
		<skipped message="SKIP_RETURN_CODE=42"/>
		<properties>
			<property name="cmake_labels" value="LNX_ARRAY_SIZE"/>
		</properties>
		<system-out></system-out>
	</testcase>
	<testcase name="LNX_ARRAY_SIZE-neg_cv_ptr" classname="LNX_ARRAY_SIZE-neg_cv_ptr" time="0.242148" status="run">
		<properties>
			<property name="cmake_labels" value="LNX_ARRAY_SIZE"/>
		</properties>
		<system-out>Built target CounofNS
Building C object tests/unit/CMakeFiles/LNX_ARRAY_SIZE-neg_cv_ptr.dir/tu_stub.c.o
"/home/parallels/soft/my/countof_ns/tests/unit/neg_cv_ptr.h", line 4: error: static assertion failed with "must be array"
      return TU_COUNTOF(p);
             ^

"/home/parallels/soft/my/countof_ns/tests/unit/neg_cv_ptr.h", line 4: warning: struct or union declares no named members [no_named_fields]
      return TU_COUNTOF(p);
             ^

Remark: individual warnings can be suppressed with "--diag_suppress &lt;warning-name&gt;"

1 error detected in the compilation of "/home/parallels/soft/my/countof_ns/tests/unit/tu_stub.c".
gmake[3]: *** [tests/unit/CMakeFiles/LNX_ARRAY_SIZE-neg_cv_ptr.dir/build.make:79: tests/unit/CMakeFiles/LNX_ARRAY_SIZE-neg_cv_ptr.dir/tu_stub.c.o] Ошибка 2
gmake[2]: *** [CMakeFiles/Makefile2:3004: tests/unit/CMakeFiles/LNX_ARRAY_SIZE-neg_cv_ptr.dir/all] Ошибка 2
gmake[1]: *** [CMakeFiles/Makefile2:3011: tests/unit/CMakeFiles/LNX_ARRAY_SIZE-neg_cv_ptr.dir/rule] Ошибка...
[This part of the test output was removed since it exceeds the threshold of 1024 bytes.]
</system-out>
	</testcase>
	<testcase name="LNX_ARRAY_SIZE-neg_cv_ptr_0_fail" classname="LNX_ARRAY_SIZE-neg_cv_ptr_0_fail" time="0.0121227" status="notrun">
		<skipped message="SKIP_RETURN_CODE=42"/>
		<properties>
			<property name="cmake_labels" value="LNX_ARRAY_SIZE"/>
		</properties>
		<system-out></system-out>
	</testcase>
	<testcase name="LNX_ARRAY_SIZE-neg_other" classname="LNX_ARRAY_SIZE-neg_other" time="0.253505" status="run">
		<properties>
			<property name="cmake_labels" value="LNX_ARRAY_SIZE"/>
		</properties>
		<system-out>[  0%] Built target CounofNS
[100%] Building C object tests/unit/CMakeFiles/LNX_ARRAY_SIZE-neg_other.dir/tu_stub.c.o
"/home/parallels/soft/my/countof_ns/tests/unit/neg_other.h", line 4: error: expression must have pointer-to-object type but it has type "int"
      return TU_COUNTOF(i);
             ^

"/home/parallels/soft/my/countof_ns/tests/unit/neg_other.h", line 4: error: expression must have pointer-to-object type but it has type "int"
      return TU_COUNTOF(i);
             ^

"/home/parallels/soft/my/countof_ns/tests/unit/neg_other.h", line 4: warning: struct or union declares no named members [no_named_fields]
      return TU_COUNTOF(i);
             ^

Remark: individual warnings can be suppressed with "--diag_suppress &lt;warning-name&gt;"

2 errors detected in the compilation of "/home/parallels/soft/my/countof_ns/tests/unit/tu_stub.c".
gmake[3]: *** [tests/unit/CMakeFiles/LNX_ARRAY_SIZE-neg_other.dir/build.make:79: tests/unit/CMakeFiles/LNX_ARRAY_SIZE-neg_other.dir/tu_stub.c.o] Ошибка 2
gmake[2]:...
[This part of the test output was removed since it exceeds the threshold of 1024 bytes.]
</system-out>
	</testcase>
	<testcase name="LNX_ARRAY_SIZE-neg_other_0_fail" classname="LNX_ARRAY_SIZE-neg_other_0_fail" time="0.0118004" status="notrun">
		<skipped message="SKIP_RETURN_CODE=42"/>
		<properties>
			<property name="cmake_labels" value="LNX_ARRAY_SIZE"/>
		</properties>
		<system-out></system-out>
	</testcase>
	<testcase name="LNX_ARRAY_SIZE-neg_ptr" classname="LNX_ARRAY_SIZE-neg_ptr" time="0.26826" status="run">
		<properties>
			<property name="cmake_labels" value="LNX_ARRAY_SIZE"/>
		</properties>
		<system-out>[  0%] Built target CounofNS
[100%] Building C object tests/unit/CMakeFiles/LNX_ARRAY_SIZE-neg_ptr.dir/tu_stub.c.o
"/home/parallels/soft/my/countof_ns/tests/unit/neg_ptr.h", line 6: error: static assertion failed with "must be array"
             TU_COUNTOF(p));  // TODO
             ^

"/home/parallels/soft/my/countof_ns/tests/unit/neg_ptr.h", line 6: warning: struct or union declares no named members [no_named_fields]
             TU_COUNTOF(p));  // TODO
             ^

Remark: individual warnings can be suppressed with "--diag_suppress &lt;warning-name&gt;"

"/home/parallels/soft/my/countof_ns/tests/unit/neg_ptr.h", line 7: error: static assertion failed with "must be array"
      return TU_COUNTOF(p);
             ^

"/home/parallels/soft/my/countof_ns/tests/unit/neg_ptr.h", line 7: warning: struct or union declares no named members [no_named_fields]
      return TU_COUNTOF(p);
             ^

2 errors detected in the compilation of "/home/parallels/soft/my/countof_ns/tests/unit/tu_stub.c".
gmake[3]: *** [test...
[This part of the test output was removed since it exceeds the threshold of 1024 bytes.]
</system-out>
	</testcase>
	<testcase name="LNX_ARRAY_SIZE-neg_ptr_0_fail" classname="LNX_ARRAY_SIZE-neg_ptr_0_fail" time="0.0130589" status="notrun">
		<skipped message="SKIP_RETURN_CODE=42"/>
		<properties>
			<property name="cmake_labels" value="LNX_ARRAY_SIZE"/>
		</properties>
		<system-out></system-out>
	</testcase>
	<testcase name="LNX_ARRAY_SIZE-neg_zla_ptr" classname="LNX_ARRAY_SIZE-neg_zla_ptr" time="0.252301" status="run">
		<properties>
			<property name="cmake_labels" value="LNX_ARRAY_SIZE"/>
		</properties>
		<system-out>[  0%] Built target CounofNS
[  0%] Building C object tests/unit/CMakeFiles/LNX_ARRAY_SIZE-neg_zla_ptr.dir/tu_stub.c.o
"/home/parallels/soft/my/countof_ns/tests/unit/neg_zla_ptr.h", line 4: warning: division by zero [divide_by_zero]
      return TU_COUNTOF(p);
             ^

Remark: individual warnings can be suppressed with "--diag_suppress &lt;warning-name&gt;"

"/home/parallels/soft/my/countof_ns/tests/unit/neg_zla_ptr.h", line 4: error: static assertion failed with "must be array"
      return TU_COUNTOF(p);
             ^

"/home/parallels/soft/my/countof_ns/tests/unit/neg_zla_ptr.h", line 4: warning: struct or union declares no named members [no_named_fields]
      return TU_COUNTOF(p);
             ^

1 error detected in the compilation of "/home/parallels/soft/my/countof_ns/tests/unit/tu_stub.c".
gmake[3]: *** [tests/unit/CMakeFiles/LNX_ARRAY_SIZE-neg_zla_ptr.dir/build.make:79: tests/unit/CMakeFiles/LNX_ARRAY_SIZE-neg_zla_ptr.dir/tu_stub.c.o] Ошибка 2
gmake[2]: *** [CMakeFiles/Makefile2:3100: tests/u...
[This part of the test output was removed since it exceeds the threshold of 1024 bytes.]
</system-out>
	</testcase>
	<testcase name="LNX_ARRAY_SIZE-neg_zla_ptr_0_fail" classname="LNX_ARRAY_SIZE-neg_zla_ptr_0_fail" time="0.0121161" status="notrun">
		<skipped message="SKIP_RETURN_CODE=42"/>
		<properties>
			<property name="cmake_labels" value="LNX_ARRAY_SIZE"/>
		</properties>
		<system-out></system-out>
	</testcase>
	<testcase name="ALX_COUNTOF-pos__selftest" classname="ALX_COUNTOF-pos__selftest" time="0.417441" status="run">
		<properties>
			<property name="cmake_labels" value="ALX_COUNTOF"/>
		</properties>
		<system-out>Internal cmake changing into directory: /home/parallels/soft/my/countof_ns/build/Linux_pgcc_pgc++
Change Dir: '/home/parallels/soft/my/countof_ns/build/Linux_pgcc_pgc++'

Run Build Command(s): /usr/bin/gmake -f Makefile ALX_COUNTOF-pos__selftest
Built target CounofNS
Building C object tests/unit/CMakeFiles/ALX_COUNTOF-pos__selftest.dir/tu_stub.c.o
Linking C executable ALX_COUNTOF-pos__selftest
Built target ALX_COUNTOF-pos__selftest

Running test command: "/home/parallels/soft/my/countof_ns/build/Linux_pgcc_pgc++/tests/unit/ALX_COUNTOF-pos__selftest"
Ok 1 TU_STATIC_ASSERT_AND_RETURN((1)=1, ...) /home/parallels/soft/my/countof_ns/tests/unit/pos__selftest.h:pos__selftest.h:TU_UNIT for _comparisons/ALX_COUNTOF.h:ALX_COUNTOF(), C 201710L

</system-out>
	</testcase>
	<testcase name="ALX_COUNTOF-pos_array" classname="ALX_COUNTOF-pos_array" time="0.43674" status="run">
		<properties>
			<property name="cmake_labels" value="ALX_COUNTOF"/>
		</properties>
		<system-out>Internal cmake changing into directory: /home/parallels/soft/my/countof_ns/build/Linux_pgcc_pgc++
Change Dir: '/home/parallels/soft/my/countof_ns/build/Linux_pgcc_pgc++'

Run Build Command(s): /usr/bin/gmake -f Makefile ALX_COUNTOF-pos_array
[  0%] Built target CounofNS
[100%] Building C object tests/unit/CMakeFiles/ALX_COUNTOF-pos_array.dir/tu_stub.c.o
[100%] Linking C executable ALX_COUNTOF-pos_array
[100%] Built target ALX_COUNTOF-pos_array

Running test command: "/home/parallels/soft/my/countof_ns/build/Linux_pgcc_pgc++/tests/unit/ALX_COUNTOF-pos_array"
Ok 1 TU_STATIC_ASSERT_AND_RETURN((1)=1, ...) /home/parallels/soft/my/countof_ns/tests/unit/pos_array.h:pos_array.h:TU_UNIT for _comparisons/ALX_COUNTOF.h:ALX_COUNTOF(), C 201710L

</system-out>
	</testcase>
	<testcase name="ALX_COUNTOF-pos_cv_array" classname="ALX_COUNTOF-pos_cv_array" time="0.434732" status="run">
		<properties>
			<property name="cmake_labels" value="ALX_COUNTOF"/>
		</properties>
		<system-out>Internal cmake changing into directory: /home/parallels/soft/my/countof_ns/build/Linux_pgcc_pgc++
Change Dir: '/home/parallels/soft/my/countof_ns/build/Linux_pgcc_pgc++'

Run Build Command(s): /usr/bin/gmake -f Makefile ALX_COUNTOF-pos_cv_array
[  0%] Built target CounofNS
[100%] Building C object tests/unit/CMakeFiles/ALX_COUNTOF-pos_cv_array.dir/tu_stub.c.o
[100%] Linking C executable ALX_COUNTOF-pos_cv_array
[100%] Built target ALX_COUNTOF-pos_cv_array

Running test command: "/home/parallels/soft/my/countof_ns/build/Linux_pgcc_pgc++/tests/unit/ALX_COUNTOF-pos_cv_array"
Ok 1 TU_STATIC_ASSERT_AND_RETURN((1)=1, ...) /home/parallels/soft/my/countof_ns/tests/unit/pos_cv_array.h:pos_cv_array.h:TU_UNIT for _comparisons/ALX_COUNTOF.h:ALX_COUNTOF(), C 201710L

</system-out>
	</testcase>
	<testcase name="ALX_COUNTOF-pos_struct_n0" classname="ALX_COUNTOF-pos_struct_n0" time="0.257374" status="fail">
		<failure message="Failed"/>
		<properties>
			<property name="cmake_labels" value="ALX_COUNTOF"/>
		</properties>
		<system-out>Internal cmake changing into directory: /home/parallels/soft/my/countof_ns/build/Linux_pgcc_pgc++
Change Dir: '/home/parallels/soft/my/countof_ns/build/Linux_pgcc_pgc++'

Run Build Command(s): /usr/bin/gmake -f Makefile ALX_COUNTOF-pos_struct_n0
[  0%] Built target CounofNS
gmake[3]: Предупреждение: время изменения файла «tests/unit/CMakeFiles/ALX_COUNTOF-pos_struct_n0.dir/compiler_depend.make» находится в будущем (0,11)
[  0%] Building C object tests/unit/CMakeFiles/ALX_COUNTOF-pos_struct_n0.dir/tu_stub.c.o
"/home/parallels/soft/my/countof_ns/tests/unit/pos_struct_n0.h", line 4: error: division by zero
      TU_STATIC_ASSERT_AND_RETURN(1, TU_COUNTOF(a));
      ^

"/home/parallels/soft/my/countof_ns/tests/unit/pos_struct_n0.h", line 4: warning: division by zero [divide_by_zero]
      TU_STATIC_ASSERT_AND_RETURN(1, TU_COUNTOF(a));
      ^

Remark: individual warnings can be suppressed with "--diag_suppress &lt;warning-name&gt;"

"/home/parallels/soft/my/countof_ns/tests/unit/pos_struct_n0.h", line 4: warning: division by zero [divide_by_zero]
      TU_STATIC_ASSERT_AND_RETURN(1, TU_COUNTOF(a));
      ^

"/home/parallels/soft/my/countof_ns/tests/unit/pos_struct_n0.h", line 4: warning: division by zero [divide_by_zero]
      TU_STATIC_ASSERT_AND_RETURN(1, TU_COUNTOF(a));
      ^

"/home/parallels/soft/my/countof_ns/tests/unit/pos_struct_n0.h", line 4: warning: division by zero [divide_by_zero]
      TU_STATIC_ASSERT_AND_RETURN(1, TU_COUNTOF(a));
      ^

"/home/parallels/soft/my/countof_ns/tests/unit/pos_struct_n0.h", line 4: warning: division by zero [divide_by_zero]
      TU_STATIC_ASSERT_AND_RETURN(1, TU_COUNTOF(a));
      ^

"/home/parallels/soft/my/countof_ns/tests/unit/pos_struct_n0.h", line 4: warning: division by zero [divide_by_zero]
      TU_STATIC_ASSERT_AND_RETURN(1, TU_COUNTOF(a));
      ^

1 error detected in the compilation of "/home/parallels/soft/my/countof_ns/tests/unit/tu_stub.c".
gmake[3]: *** [tests/unit/CMakeFiles/ALX_COUNTOF-pos_struct_n0.dir/build.make:79: tests/unit/CMakeFiles/ALX_COUNTOF-pos_struct_n0.dir/tu_stub.c.o] Ошибка 2
gmake[2]: *** [CMakeFiles/Makefile2:3228: tests/unit/CMakeFiles/ALX_COUNTOF-pos_struct_n0.dir/all] Ошибка 2
gmake[1]: *** [CMakeFiles/Makefile2:3235: tests/unit/CMakeFiles/ALX_COUNTOF-pos_struct_n0.dir/rule] Ошибка 2
gmake: *** [Makefile:1304: ALX_COUNTOF-pos_struct_n0] Ошибка 2

</system-out>
	</testcase>
	<testcase name="ALX_COUNTOF-pos_struct_zla_00" classname="ALX_COUNTOF-pos_struct_zla_00" time="0.257454" status="fail">
		<failure message="Failed"/>
		<properties>
			<property name="cmake_labels" value="ALX_COUNTOF"/>
		</properties>
		<system-out>Internal cmake changing into directory: /home/parallels/soft/my/countof_ns/build/Linux_pgcc_pgc++
Change Dir: '/home/parallels/soft/my/countof_ns/build/Linux_pgcc_pgc++'

Run Build Command(s): /usr/bin/gmake -f Makefile ALX_COUNTOF-pos_struct_zla_00
[  0%] Built target CounofNS
[  0%] Building C object tests/unit/CMakeFiles/ALX_COUNTOF-pos_struct_zla_00.dir/tu_stub.c.o
"/home/parallels/soft/my/countof_ns/tests/unit/pos_struct_zla_00.h", line 4: error: division by zero
      TU_STATIC_ASSERT_AND_RETURN(0, TU_COUNTOF(a));
      ^

"/home/parallels/soft/my/countof_ns/tests/unit/pos_struct_zla_00.h", line 4: warning: division by zero [divide_by_zero]
      TU_STATIC_ASSERT_AND_RETURN(0, TU_COUNTOF(a));
      ^

Remark: individual warnings can be suppressed with "--diag_suppress &lt;warning-name&gt;"

"/home/parallels/soft/my/countof_ns/tests/unit/pos_struct_zla_00.h", line 4: warning: division by zero [divide_by_zero]
      TU_STATIC_ASSERT_AND_RETURN(0, TU_COUNTOF(a));
      ^

"/home/parallels/soft/my/countof_ns/tests/unit/pos_struct_zla_00.h", line 4: warning: division by zero [divide_by_zero]
      TU_STATIC_ASSERT_AND_RETURN(0, TU_COUNTOF(a));
      ^

"/home/parallels/soft/my/countof_ns/tests/unit/pos_struct_zla_00.h", line 4: warning: division by zero [divide_by_zero]
      TU_STATIC_ASSERT_AND_RETURN(0, TU_COUNTOF(a));
      ^

"/home/parallels/soft/my/countof_ns/tests/unit/pos_struct_zla_00.h", line 4: warning: division by zero [divide_by_zero]
      TU_STATIC_ASSERT_AND_RETURN(0, TU_COUNTOF(a));
      ^

"/home/parallels/soft/my/countof_ns/tests/unit/pos_struct_zla_00.h", line 4: warning: division by zero [divide_by_zero]
      TU_STATIC_ASSERT_AND_RETURN(0, TU_COUNTOF(a));
      ^

1 error detected in the compilation of "/home/parallels/soft/my/countof_ns/tests/unit/tu_stub.c".
gmake[3]: *** [tests/unit/CMakeFiles/ALX_COUNTOF-pos_struct_zla_00.dir/build.make:79: tests/unit/CMakeFiles/ALX_COUNTOF-pos_struct_zla_00.dir/tu_stub.c.o] Ошибка 2
gmake[2]: *** [CMakeFiles/Makefile2:3260: tests/unit/CMakeFiles/ALX_COUNTOF-pos_struct_zla_00.dir/all] Ошибка 2
gmake[1]: *** [CMakeFiles/Makefile2:3267: tests/unit/CMakeFiles/ALX_COUNTOF-pos_struct_zla_00.dir/rule] Ошибка 2
gmake: *** [Makefile:1317: ALX_COUNTOF-pos_struct_zla_00] Ошибка 2

</system-out>
	</testcase>
	<testcase name="ALX_COUNTOF-pos_zla_00" classname="ALX_COUNTOF-pos_zla_00" time="0.258368" status="fail">
		<failure message="Failed"/>
		<properties>
			<property name="cmake_labels" value="ALX_COUNTOF"/>
		</properties>
		<system-out>Internal cmake changing into directory: /home/parallels/soft/my/countof_ns/build/Linux_pgcc_pgc++
Change Dir: '/home/parallels/soft/my/countof_ns/build/Linux_pgcc_pgc++'

Run Build Command(s): /usr/bin/gmake -f Makefile ALX_COUNTOF-pos_zla_00
Built target CounofNS
Building C object tests/unit/CMakeFiles/ALX_COUNTOF-pos_zla_00.dir/tu_stub.c.o
"/home/parallels/soft/my/countof_ns/tests/unit/pos_zla_00.h", line 4: error: division by zero
      TU_STATIC_ASSERT_AND_RETURN(0, TU_COUNTOF(b));
      ^

"/home/parallels/soft/my/countof_ns/tests/unit/pos_zla_00.h", line 4: warning: division by zero [divide_by_zero]
      TU_STATIC_ASSERT_AND_RETURN(0, TU_COUNTOF(b));
      ^

Remark: individual warnings can be suppressed with "--diag_suppress &lt;warning-name&gt;"

"/home/parallels/soft/my/countof_ns/tests/unit/pos_zla_00.h", line 4: warning: division by zero [divide_by_zero]
      TU_STATIC_ASSERT_AND_RETURN(0, TU_COUNTOF(b));
      ^

"/home/parallels/soft/my/countof_ns/tests/unit/pos_zla_00.h", line 4: warning: division by zero [divide_by_zero]
      TU_STATIC_ASSERT_AND_RETURN(0, TU_COUNTOF(b));
      ^

"/home/parallels/soft/my/countof_ns/tests/unit/pos_zla_00.h", line 4: warning: division by zero [divide_by_zero]
      TU_STATIC_ASSERT_AND_RETURN(0, TU_COUNTOF(b));
      ^

"/home/parallels/soft/my/countof_ns/tests/unit/pos_zla_00.h", line 4: warning: division by zero [divide_by_zero]
      TU_STATIC_ASSERT_AND_RETURN(0, TU_COUNTOF(b));
      ^

"/home/parallels/soft/my/countof_ns/tests/unit/pos_zla_00.h", line 4: warning: division by zero [divide_by_zero]
      TU_STATIC_ASSERT_AND_RETURN(0, TU_COUNTOF(b));
      ^

1 error detected in the compilation of "/home/parallels/soft/my/countof_ns/tests/unit/tu_stub.c".
gmake[3]: *** [tests/unit/CMakeFiles/ALX_COUNTOF-pos_zla_00.dir/build.make:79: tests/unit/CMakeFiles/ALX_COUNTOF-pos_zla_00.dir/tu_stub.c.o] Ошибка 2
gmake[2]: *** [CMakeFiles/Makefile2:3292: tests/unit/CMakeFiles/ALX_COUNTOF-pos_zla_00.dir/all] Ошибка 2
gmake[1]: *** [CMakeFiles/Makefile2:3299: tests/unit/CMakeFiles/ALX_COUNTOF-pos_zla_00.dir/rule] Ошибка 2
gmake: *** [Makefile:1330: ALX_COUNTOF-pos_zla_00] Ошибка 2

</system-out>
	</testcase>
	<testcase name="ALX_COUNTOF-pos_zla_0n" classname="ALX_COUNTOF-pos_zla_0n" time="0.437335" status="run">
		<properties>
			<property name="cmake_labels" value="ALX_COUNTOF"/>
		</properties>
		<system-out>Internal cmake changing into directory: /home/parallels/soft/my/countof_ns/build/Linux_pgcc_pgc++
Change Dir: '/home/parallels/soft/my/countof_ns/build/Linux_pgcc_pgc++'

Run Build Command(s): /usr/bin/gmake -f Makefile ALX_COUNTOF-pos_zla_0n
[  0%] Built target CounofNS
[100%] Building C object tests/unit/CMakeFiles/ALX_COUNTOF-pos_zla_0n.dir/tu_stub.c.o
[100%] Linking C executable ALX_COUNTOF-pos_zla_0n
[100%] Built target ALX_COUNTOF-pos_zla_0n

Running test command: "/home/parallels/soft/my/countof_ns/build/Linux_pgcc_pgc++/tests/unit/ALX_COUNTOF-pos_zla_0n"
Ok 0 TU_STATIC_ASSERT_AND_RETURN((0)=0, ...) /home/parallels/soft/my/countof_ns/tests/unit/pos_zla_0n.h:pos_zla_0n.h:TU_UNIT for _comparisons/ALX_COUNTOF.h:ALX_COUNTOF(), C 201710L

</system-out>
	</testcase>
	<testcase name="ALX_COUNTOF-pos_zla_n0" classname="ALX_COUNTOF-pos_zla_n0" time="0.254993" status="fail">
		<failure message="Failed"/>
		<properties>
			<property name="cmake_labels" value="ALX_COUNTOF"/>
		</properties>
		<system-out>Internal cmake changing into directory: /home/parallels/soft/my/countof_ns/build/Linux_pgcc_pgc++
Change Dir: '/home/parallels/soft/my/countof_ns/build/Linux_pgcc_pgc++'

Run Build Command(s): /usr/bin/gmake -f Makefile ALX_COUNTOF-pos_zla_n0
[  0%] Built target CounofNS
[100%] Building C object tests/unit/CMakeFiles/ALX_COUNTOF-pos_zla_n0.dir/tu_stub.c.o
"/home/parallels/soft/my/countof_ns/tests/unit/pos_zla_n0.h", line 4: error: division by zero
      TU_STATIC_ASSERT_AND_RETURN(1, TU_COUNTOF(b));
      ^

"/home/parallels/soft/my/countof_ns/tests/unit/pos_zla_n0.h", line 4: warning: division by zero [divide_by_zero]
      TU_STATIC_ASSERT_AND_RETURN(1, TU_COUNTOF(b));
      ^

Remark: individual warnings can be suppressed with "--diag_suppress &lt;warning-name&gt;"

"/home/parallels/soft/my/countof_ns/tests/unit/pos_zla_n0.h", line 4: warning: division by zero [divide_by_zero]
      TU_STATIC_ASSERT_AND_RETURN(1, TU_COUNTOF(b));
      ^

"/home/parallels/soft/my/countof_ns/tests/unit/pos_zla_n0.h", line 4: warning: division by zero [divide_by_zero]
      TU_STATIC_ASSERT_AND_RETURN(1, TU_COUNTOF(b));
      ^

"/home/parallels/soft/my/countof_ns/tests/unit/pos_zla_n0.h", line 4: warning: division by zero [divide_by_zero]
      TU_STATIC_ASSERT_AND_RETURN(1, TU_COUNTOF(b));
      ^

"/home/parallels/soft/my/countof_ns/tests/unit/pos_zla_n0.h", line 4: warning: division by zero [divide_by_zero]
      TU_STATIC_ASSERT_AND_RETURN(1, TU_COUNTOF(b));
      ^

"/home/parallels/soft/my/countof_ns/tests/unit/pos_zla_n0.h", line 4: warning: division by zero [divide_by_zero]
      TU_STATIC_ASSERT_AND_RETURN(1, TU_COUNTOF(b));
      ^

1 error detected in the compilation of "/home/parallels/soft/my/countof_ns/tests/unit/tu_stub.c".
gmake[3]: *** [tests/unit/CMakeFiles/ALX_COUNTOF-pos_zla_n0.dir/build.make:79: tests/unit/CMakeFiles/ALX_COUNTOF-pos_zla_n0.dir/tu_stub.c.o] Ошибка 2
gmake[2]: *** [CMakeFiles/Makefile2:3356: tests/unit/CMakeFiles/ALX_COUNTOF-pos_zla_n0.dir/all] Ошибка 2
gmake[1]: *** [CMakeFiles/Makefile2:3363: tests/unit/CMakeFiles/ALX_COUNTOF-pos_zla_n0.dir/rule] Ошибка 2
gmake: *** [Makefile:1356: ALX_COUNTOF-pos_zla_n0] Ошибка 2

</system-out>
	</testcase>
	<testcase name="ALX_COUNTOF-neg__selftest" classname="ALX_COUNTOF-neg__selftest" time="0.242934" status="run">
		<properties>
			<property name="cmake_labels" value="ALX_COUNTOF"/>
		</properties>
		<system-out>Built target CounofNS
Building C object tests/unit/CMakeFiles/ALX_COUNTOF-neg__selftest.dir/tu_stub.c.o
"/home/parallels/soft/my/countof_ns/tests/unit/neg__selftest.h", line 12: error: static assertion failed with "0"
          tu_static_assert(0);
          ^

1 error detected in the compilation of "/home/parallels/soft/my/countof_ns/tests/unit/tu_stub.c".
gmake[3]: *** [tests/unit/CMakeFiles/ALX_COUNTOF-neg__selftest.dir/build.make:79: tests/unit/CMakeFiles/ALX_COUNTOF-neg__selftest.dir/tu_stub.c.o] Ошибка 2
gmake[2]: *** [CMakeFiles/Makefile2:3388: tests/unit/CMakeFiles/ALX_COUNTOF-neg__selftest.dir/all] Ошибка 2
gmake[1]: *** [CMakeFiles/Makefile2:3395: tests/unit/CMakeFiles/ALX_COUNTOF-neg__selftest.dir/rule] Ошибка 2
gmake: *** [Makefile:1369: ALX_COUNTOF-neg__selftest] Ошибка 2
</system-out>
	</testcase>
	<testcase name="ALX_COUNTOF-neg__selftest_0_fail" classname="ALX_COUNTOF-neg__selftest_0_fail" time="0.0112036" status="notrun">
		<skipped message="SKIP_RETURN_CODE=42"/>
		<properties>
			<property name="cmake_labels" value="ALX_COUNTOF"/>
		</properties>
		<system-out></system-out>
	</testcase>
	<testcase name="ALX_COUNTOF-neg_cv_ptr" classname="ALX_COUNTOF-neg_cv_ptr" time="0.257326" status="run">
		<properties>
			<property name="cmake_labels" value="ALX_COUNTOF"/>
		</properties>
		<system-out>[  0%] Built target CounofNS
[100%] Building C object tests/unit/CMakeFiles/ALX_COUNTOF-neg_cv_ptr.dir/tu_stub.c.o
"/home/parallels/soft/my/countof_ns/tests/unit/neg_cv_ptr.h", line 4: error: static assertion failed
      return TU_COUNTOF(p);
             ^

1 error detected in the compilation of "/home/parallels/soft/my/countof_ns/tests/unit/tu_stub.c".
gmake[3]: *** [tests/unit/CMakeFiles/ALX_COUNTOF-neg_cv_ptr.dir/build.make:79: tests/unit/CMakeFiles/ALX_COUNTOF-neg_cv_ptr.dir/tu_stub.c.o] Ошибка 2
gmake[2]: *** [CMakeFiles/Makefile2:3420: tests/unit/CMakeFiles/ALX_COUNTOF-neg_cv_ptr.dir/all] Ошибка 2
gmake[1]: *** [CMakeFiles/Makefile2:3427: tests/unit/CMakeFiles/ALX_COUNTOF-neg_cv_ptr.dir/rule] Ошибка 2
gmake: *** [Makefile:1382: ALX_COUNTOF-neg_cv_ptr] Ошибка 2
</system-out>
	</testcase>
	<testcase name="ALX_COUNTOF-neg_cv_ptr_0_fail" classname="ALX_COUNTOF-neg_cv_ptr_0_fail" time="0.0123985" status="notrun">
		<skipped message="SKIP_RETURN_CODE=42"/>
		<properties>
			<property name="cmake_labels" value="ALX_COUNTOF"/>
		</properties>
		<system-out></system-out>
	</testcase>
	<testcase name="ALX_COUNTOF-neg_other" classname="ALX_COUNTOF-neg_other" time="0.263325" status="run">
		<properties>
			<property name="cmake_labels" value="ALX_COUNTOF"/>
		</properties>
		<system-out>[  0%] Built target CounofNS
gmake[3]: Предупреждение: время изменения файла «tests/unit/CMakeFiles/ALX_COUNTOF-neg_other.dir/compiler_depend.make» находится в будущем (0,093)
[100%] Building C object tests/unit/CMakeFiles/ALX_COUNTOF-neg_other.dir/tu_stub.c.o
"/home/parallels/soft/my/countof_ns/tests/unit/neg_other.h", line 4: error: expression must have pointer-to-object type but it has type "int"
      return TU_COUNTOF(i);
             ^

"/home/parallels/soft/my/countof_ns/tests/unit/neg_other.h", line 4: error: operand of "*" must be a pointer but has type "int"
      return TU_COUNTOF(i);
             ^

2 errors detected in the compilation of "/home/parallels/soft/my/countof_ns/tests/unit/tu_stub.c".
gmake[3]: *** [tests/unit/CMakeFiles/ALX_COUNTOF-neg_other.dir/build.make:79: tests/unit/CMakeFiles/ALX_COUNTOF-neg_other.dir/tu_stub.c.o] Ошибка 2
gmake[2]: *** [CMakeFiles/Makefile2:3452: tests/unit/CMakeFiles/ALX_COUNTOF-neg_other.dir/all] Ош...
[This part of the test output was removed since it exceeds the threshold of 1024 bytes.]
</system-out>
	</testcase>
	<testcase name="ALX_COUNTOF-neg_other_0_fail" classname="ALX_COUNTOF-neg_other_0_fail" time="0.0120945" status="notrun">
		<skipped message="SKIP_RETURN_CODE=42"/>
		<properties>
			<property name="cmake_labels" value="ALX_COUNTOF"/>
		</properties>
		<system-out></system-out>
	</testcase>
	<testcase name="ALX_COUNTOF-neg_ptr" classname="ALX_COUNTOF-neg_ptr" time="0.257979" status="run">
		<properties>
			<property name="cmake_labels" value="ALX_COUNTOF"/>
		</properties>
		<system-out>[  0%] Built target CounofNS
[  0%] Building C object tests/unit/CMakeFiles/ALX_COUNTOF-neg_ptr.dir/tu_stub.c.o
"/home/parallels/soft/my/countof_ns/tests/unit/neg_ptr.h", line 6: error: static assertion failed
             TU_COUNTOF(p));  // TODO
             ^

"/home/parallels/soft/my/countof_ns/tests/unit/neg_ptr.h", line 7: error: static assertion failed
      return TU_COUNTOF(p);
             ^

2 errors detected in the compilation of "/home/parallels/soft/my/countof_ns/tests/unit/tu_stub.c".
gmake[3]: *** [tests/unit/CMakeFiles/ALX_COUNTOF-neg_ptr.dir/build.make:79: tests/unit/CMakeFiles/ALX_COUNTOF-neg_ptr.dir/tu_stub.c.o] Ошибка 2
gmake[2]: *** [CMakeFiles/Makefile2:3484: tests/unit/CMakeFiles/ALX_COUNTOF-neg_ptr.dir/all] Ошибка 2
gmake[1]: *** [CMakeFiles/Makefile2:3491: tests/unit/CMakeFiles/ALX_COUNTOF-neg_ptr.dir/rule] Ошибка 2
gmake: *** [Makefile:1408: ALX_COUNTOF-neg_ptr] Ошибка 2
</system-out>
	</testcase>
	<testcase name="ALX_COUNTOF-neg_ptr_0_fail" classname="ALX_COUNTOF-neg_ptr_0_fail" time="0.0120645" status="notrun">
		<skipped message="SKIP_RETURN_CODE=42"/>
		<properties>
			<property name="cmake_labels" value="ALX_COUNTOF"/>
		</properties>
		<system-out></system-out>
	</testcase>
	<testcase name="ALX_COUNTOF-neg_zla_ptr" classname="ALX_COUNTOF-neg_zla_ptr" time="0.251677" status="run">
		<properties>
			<property name="cmake_labels" value="ALX_COUNTOF"/>
		</properties>
		<system-out>[  0%] Built target CounofNS
[  0%] Building C object tests/unit/CMakeFiles/ALX_COUNTOF-neg_zla_ptr.dir/tu_stub.c.o
"/home/parallels/soft/my/countof_ns/tests/unit/neg_zla_ptr.h", line 4: warning: division by zero [divide_by_zero]
      return TU_COUNTOF(p);
             ^

Remark: individual warnings can be suppressed with "--diag_suppress &lt;warning-name&gt;"

"/home/parallels/soft/my/countof_ns/tests/unit/neg_zla_ptr.h", line 4: error: static assertion failed
      return TU_COUNTOF(p);
             ^

1 error detected in the compilation of "/home/parallels/soft/my/countof_ns/tests/unit/tu_stub.c".
gmake[3]: *** [tests/unit/CMakeFiles/ALX_COUNTOF-neg_zla_ptr.dir/build.make:79: tests/unit/CMakeFiles/ALX_COUNTOF-neg_zla_ptr.dir/tu_stub.c.o] Ошибка 2
gmake[2]: *** [CMakeFiles/Makefile2:3516: tests/unit/CMakeFiles/ALX_COUNTOF-neg_zla_ptr.dir/all] Ошибка 2
gmake[1]: *** [CMakeFiles/Makefile2:3523: tests/unit/CMakeFiles/ALX_COUNTOF-neg_zla_ptr.dir/rule] Ошибка 2
gmake: *** [Makefile:1421: ALX_COUNTOF...
[This part of the test output was removed since it exceeds the threshold of 1024 bytes.]
</system-out>
	</testcase>
	<testcase name="ALX_COUNTOF-neg_zla_ptr_0_fail" classname="ALX_COUNTOF-neg_zla_ptr_0_fail" time="0.0120918" status="notrun">
		<skipped message="SKIP_RETURN_CODE=42"/>
		<properties>
			<property name="cmake_labels" value="ALX_COUNTOF"/>
		</properties>
		<system-out></system-out>
	</testcase>
	<testcase name="ms_countof-pos__selftest" classname="ms_countof-pos__selftest" time="0.438394" status="run">
		<properties>
			<property name="cmake_labels" value="ms_countof"/>
		</properties>
		<system-out>Internal cmake changing into directory: /home/parallels/soft/my/countof_ns/build/Linux_pgcc_pgc++
Change Dir: '/home/parallels/soft/my/countof_ns/build/Linux_pgcc_pgc++'

Run Build Command(s): /usr/bin/gmake -f Makefile ms_countof-pos__selftest
[  0%] Built target CounofNS
[100%] Building C object tests/unit/CMakeFiles/ms_countof-pos__selftest.dir/tu_stub.c.o
[100%] Linking C executable ms_countof-pos__selftest
[100%] Built target ms_countof-pos__selftest

Running test command: "/home/parallels/soft/my/countof_ns/build/Linux_pgcc_pgc++/tests/unit/ms_countof-pos__selftest"
Ok 1 TU_STATIC_ASSERT_AND_RETURN((1)=1, ...) /home/parallels/soft/my/countof_ns/tests/unit/pos__selftest.h:pos__selftest.h:TU_UNIT for _comparisons/ms_countof.h:ms_countof(), C 201710L

</system-out>
	</testcase>
	<testcase name="ms_countof-pos__selftest_cxx" classname="ms_countof-pos__selftest_cxx" time="0.516254" status="run">
		<properties>
			<property name="cmake_labels" value="ms_countof"/>
		</properties>
		<system-out>Internal cmake changing into directory: /home/parallels/soft/my/countof_ns/build/Linux_pgcc_pgc++
Change Dir: '/home/parallels/soft/my/countof_ns/build/Linux_pgcc_pgc++'

Run Build Command(s): /usr/bin/gmake -f Makefile ms_countof-pos__selftest_cxx
[  0%] Built target CounofNS
[100%] Building CXX object tests/unit/CMakeFiles/ms_countof-pos__selftest_cxx.dir/tu_stub_cxx.cpp.o
[100%] Linking CXX executable ms_countof-pos__selftest_cxx
[100%] Built target ms_countof-pos__selftest_cxx

Running test command: "/home/parallels/soft/my/countof_ns/build/Linux_pgcc_pgc++/tests/unit/ms_countof-pos__selftest_cxx"
Ok 1 TU_STATIC_ASSERT_AND_RETURN((1)=1, ...) /home/parallels/soft/my/countof_ns/tests/unit/pos__selftest.h:pos__selftest.h:TU_UNIT for _comparisons/ms_countof.h:ms_countof(), C++ 202302L

</system-out>
	</testcase>
	<testcase name="ms_countof-pos_array" classname="ms_countof-pos_array" time="0.430411" status="run">
		<properties>
			<property name="cmake_labels" value="ms_countof"/>
		</properties>
		<system-out>Internal cmake changing into directory: /home/parallels/soft/my/countof_ns/build/Linux_pgcc_pgc++
Change Dir: '/home/parallels/soft/my/countof_ns/build/Linux_pgcc_pgc++'

Run Build Command(s): /usr/bin/gmake -f Makefile ms_countof-pos_array
[  0%] Built target CounofNS
[  0%] Building C object tests/unit/CMakeFiles/ms_countof-pos_array.dir/tu_stub.c.o
[100%] Linking C executable ms_countof-pos_array
[100%] Built target ms_countof-pos_array

Running test command: "/home/parallels/soft/my/countof_ns/build/Linux_pgcc_pgc++/tests/unit/ms_countof-pos_array"
Ok 1 TU_STATIC_ASSERT_AND_RETURN((1)=1, ...) /home/parallels/soft/my/countof_ns/tests/unit/pos_array.h:pos_array.h:TU_UNIT for _comparisons/ms_countof.h:ms_countof(), C 201710L

</system-out>
	</testcase>
	<testcase name="ms_countof-pos_array_cxx" classname="ms_countof-pos_array_cxx" time="0.50599" status="run">
		<properties>
			<property name="cmake_labels" value="ms_countof"/>
		</properties>
		<system-out>Internal cmake changing into directory: /home/parallels/soft/my/countof_ns/build/Linux_pgcc_pgc++
Change Dir: '/home/parallels/soft/my/countof_ns/build/Linux_pgcc_pgc++'

Run Build Command(s): /usr/bin/gmake -f Makefile ms_countof-pos_array_cxx
[  0%] Built target CounofNS
[  0%] Building CXX object tests/unit/CMakeFiles/ms_countof-pos_array_cxx.dir/tu_stub_cxx.cpp.o
[100%] Linking CXX executable ms_countof-pos_array_cxx
[100%] Built target ms_countof-pos_array_cxx

Running test command: "/home/parallels/soft/my/countof_ns/build/Linux_pgcc_pgc++/tests/unit/ms_countof-pos_array_cxx"
Ok 1 TU_STATIC_ASSERT_AND_RETURN((1)=1, ...) /home/parallels/soft/my/countof_ns/tests/unit/pos_array.h:pos_array.h:TU_UNIT for _comparisons/ms_countof.h:ms_countof(), C++ 202302L

</system-out>
	</testcase>
	<testcase name="ms_countof-pos_cv_array" classname="ms_countof-pos_cv_array" time="0.427061" status="run">
		<properties>
			<property name="cmake_labels" value="ms_countof"/>
		</properties>
		<system-out>Internal cmake changing into directory: /home/parallels/soft/my/countof_ns/build/Linux_pgcc_pgc++
Change Dir: '/home/parallels/soft/my/countof_ns/build/Linux_pgcc_pgc++'

Run Build Command(s): /usr/bin/gmake -f Makefile ms_countof-pos_cv_array
Built target CounofNS
Building C object tests/unit/CMakeFiles/ms_countof-pos_cv_array.dir/tu_stub.c.o
Linking C executable ms_countof-pos_cv_array
Built target ms_countof-pos_cv_array

Running test command: "/home/parallels/soft/my/countof_ns/build/Linux_pgcc_pgc++/tests/unit/ms_countof-pos_cv_array"
Ok 1 TU_STATIC_ASSERT_AND_RETURN((1)=1, ...) /home/parallels/soft/my/countof_ns/tests/unit/pos_cv_array.h:pos_cv_array.h:TU_UNIT for _comparisons/ms_countof.h:ms_countof(), C 201710L

</system-out>
	</testcase>
	<testcase name="ms_countof-pos_cv_array_cxx" classname="ms_countof-pos_cv_array_cxx" time="0.50975" status="run">
		<properties>
			<property name="cmake_labels" value="ms_countof"/>
		</properties>
		<system-out>Internal cmake changing into directory: /home/parallels/soft/my/countof_ns/build/Linux_pgcc_pgc++
Change Dir: '/home/parallels/soft/my/countof_ns/build/Linux_pgcc_pgc++'

Run Build Command(s): /usr/bin/gmake -f Makefile ms_countof-pos_cv_array_cxx
[  0%] Built target CounofNS
[100%] Building CXX object tests/unit/CMakeFiles/ms_countof-pos_cv_array_cxx.dir/tu_stub_cxx.cpp.o
[100%] Linking CXX executable ms_countof-pos_cv_array_cxx
[100%] Built target ms_countof-pos_cv_array_cxx

Running test command: "/home/parallels/soft/my/countof_ns/build/Linux_pgcc_pgc++/tests/unit/ms_countof-pos_cv_array_cxx"
Ok 1 TU_STATIC_ASSERT_AND_RETURN((1)=1, ...) /home/parallels/soft/my/countof_ns/tests/unit/pos_cv_array.h:pos_cv_array.h:TU_UNIT for _comparisons/ms_countof.h:ms_countof(), C++ 202302L

</system-out>
	</testcase>
	<testcase name="ms_countof-pos_struct_n0" classname="ms_countof-pos_struct_n0" time="0.275689" status="fail">
		<failure message="Failed"/>
		<properties>
			<property name="cmake_labels" value="ms_countof"/>
		</properties>
		<system-out>Internal cmake changing into directory: /home/parallels/soft/my/countof_ns/build/Linux_pgcc_pgc++
Change Dir: '/home/parallels/soft/my/countof_ns/build/Linux_pgcc_pgc++'

Run Build Command(s): /usr/bin/gmake -f Makefile ms_countof-pos_struct_n0
[  0%] Built target CounofNS
[100%] Building C object tests/unit/CMakeFiles/ms_countof-pos_struct_n0.dir/tu_stub.c.o
"/home/parallels/soft/my/countof_ns/tests/unit/pos_struct_n0.h", line 4: error: division by zero
      TU_STATIC_ASSERT_AND_RETURN(1, TU_COUNTOF(a));
      ^

"/home/parallels/soft/my/countof_ns/tests/unit/pos_struct_n0.h", line 4: warning: division by zero [divide_by_zero]
      TU_STATIC_ASSERT_AND_RETURN(1, TU_COUNTOF(a));
      ^

Remark: individual warnings can be suppressed with "--diag_suppress &lt;warning-name&gt;"

"/home/parallels/soft/my/countof_ns/tests/unit/pos_struct_n0.h", line 4: warning: division by zero [divide_by_zero]
      TU_STATIC_ASSERT_AND_RETURN(1, TU_COUNTOF(a));
      ^

"/home/parallels/soft/my/countof_ns/tests/unit/pos_struct_n0.h", line 4: warning: division by zero [divide_by_zero]
      TU_STATIC_ASSERT_AND_RETURN(1, TU_COUNTOF(a));
      ^

"/home/parallels/soft/my/countof_ns/tests/unit/pos_struct_n0.h", line 4: warning: division by zero [divide_by_zero]
      TU_STATIC_ASSERT_AND_RETURN(1, TU_COUNTOF(a));
      ^

"/home/parallels/soft/my/countof_ns/tests/unit/pos_struct_n0.h", line 4: warning: division by zero [divide_by_zero]
      TU_STATIC_ASSERT_AND_RETURN(1, TU_COUNTOF(a));
      ^

"/home/parallels/soft/my/countof_ns/tests/unit/pos_struct_n0.h", line 4: warning: division by zero [divide_by_zero]
      TU_STATIC_ASSERT_AND_RETURN(1, TU_COUNTOF(a));
      ^

1 error detected in the compilation of "/home/parallels/soft/my/countof_ns/tests/unit/tu_stub.c".
gmake[3]: *** [tests/unit/CMakeFiles/ms_countof-pos_struct_n0.dir/build.make:79: tests/unit/CMakeFiles/ms_countof-pos_struct_n0.dir/tu_stub.c.o] Ошибка 2
gmake[2]: *** [CMakeFiles/Makefile2:3740: tests/unit/CMakeFiles/ms_countof-pos_struct_n0.dir/all] Ошибка 2
gmake[1]: *** [CMakeFiles/Makefile2:3747: tests/unit/CMakeFiles/ms_countof-pos_struct_n0.dir/rule] Ошибка 2
gmake: *** [Makefile:1512: ms_countof-pos_struct_n0] Ошибка 2

</system-out>
	</testcase>
	<testcase name="ms_countof-pos_struct_n0_cxx" classname="ms_countof-pos_struct_n0_cxx" time="0.493442" status="run">
		<properties>
			<property name="cmake_labels" value="ms_countof"/>
		</properties>
		<system-out>Internal cmake changing into directory: /home/parallels/soft/my/countof_ns/build/Linux_pgcc_pgc++
Change Dir: '/home/parallels/soft/my/countof_ns/build/Linux_pgcc_pgc++'

Run Build Command(s): /usr/bin/gmake -f Makefile ms_countof-pos_struct_n0_cxx
[  0%] Built target CounofNS
[  0%] Building CXX object tests/unit/CMakeFiles/ms_countof-pos_struct_n0_cxx.dir/tu_stub_cxx.cpp.o
[100%] Linking CXX executable ms_countof-pos_struct_n0_cxx
[100%] Built target ms_countof-pos_struct_n0_cxx

Running test command: "/home/parallels/soft/my/countof_ns/build/Linux_pgcc_pgc++/tests/unit/ms_countof-pos_struct_n0_cxx"
Ok 1 TU_STATIC_ASSERT_AND_RETURN((1)=1, ...) /home/parallels/soft/my/countof_ns/tests/unit/pos_struct_n0.h:pos_struct_n0.h:TU_UNIT for _comparisons/ms_countof.h:ms_countof(), C++ 202302L

</system-out>
	</testcase>
	<testcase name="ms_countof-pos_struct_zla_00" classname="ms_countof-pos_struct_zla_00" time="0.250312" status="fail">
		<failure message="Failed"/>
		<properties>
			<property name="cmake_labels" value="ms_countof"/>
		</properties>
		<system-out>Internal cmake changing into directory: /home/parallels/soft/my/countof_ns/build/Linux_pgcc_pgc++
Change Dir: '/home/parallels/soft/my/countof_ns/build/Linux_pgcc_pgc++'

Run Build Command(s): /usr/bin/gmake -f Makefile ms_countof-pos_struct_zla_00
[  0%] Built target CounofNS
[  0%] Building C object tests/unit/CMakeFiles/ms_countof-pos_struct_zla_00.dir/tu_stub.c.o
"/home/parallels/soft/my/countof_ns/tests/unit/pos_struct_zla_00.h", line 4: error: division by zero
      TU_STATIC_ASSERT_AND_RETURN(0, TU_COUNTOF(a));
      ^

"/home/parallels/soft/my/countof_ns/tests/unit/pos_struct_zla_00.h", line 4: warning: division by zero [divide_by_zero]
      TU_STATIC_ASSERT_AND_RETURN(0, TU_COUNTOF(a));
      ^

Remark: individual warnings can be suppressed with "--diag_suppress &lt;warning-name&gt;"

"/home/parallels/soft/my/countof_ns/tests/unit/pos_struct_zla_00.h", line 4: warning: division by zero [divide_by_zero]
      TU_STATIC_ASSERT_AND_RETURN(0, TU_COUNTOF(a));
      ^

"/home/parallels/soft/my/countof_ns/tests/unit/pos_struct_zla_00.h", line 4: warning: division by zero [divide_by_zero]
      TU_STATIC_ASSERT_AND_RETURN(0, TU_COUNTOF(a));
      ^

"/home/parallels/soft/my/countof_ns/tests/unit/pos_struct_zla_00.h", line 4: warning: division by zero [divide_by_zero]
      TU_STATIC_ASSERT_AND_RETURN(0, TU_COUNTOF(a));
      ^

"/home/parallels/soft/my/countof_ns/tests/unit/pos_struct_zla_00.h", line 4: warning: division by zero [divide_by_zero]
      TU_STATIC_ASSERT_AND_RETURN(0, TU_COUNTOF(a));
      ^

"/home/parallels/soft/my/countof_ns/tests/unit/pos_struct_zla_00.h", line 4: warning: division by zero [divide_by_zero]
      TU_STATIC_ASSERT_AND_RETURN(0, TU_COUNTOF(a));
      ^

1 error detected in the compilation of "/home/parallels/soft/my/countof_ns/tests/unit/tu_stub.c".
gmake[3]: *** [tests/unit/CMakeFiles/ms_countof-pos_struct_zla_00.dir/build.make:79: tests/unit/CMakeFiles/ms_countof-pos_struct_zla_00.dir/tu_stub.c.o] Ошибка 2
gmake[2]: *** [CMakeFiles/Makefile2:3804: tests/unit/CMakeFiles/ms_countof-pos_struct_zla_00.dir/all] Ошибка 2
gmake[1]: *** [CMakeFiles/Makefile2:3811: tests/unit/CMakeFiles/ms_countof-pos_struct_zla_00.dir/rule] Ошибка 2
gmake: *** [Makefile:1538: ms_countof-pos_struct_zla_00] Ошибка 2

</system-out>
	</testcase>
	<testcase name="ms_countof-pos_struct_zla_00_cxx" classname="ms_countof-pos_struct_zla_00_cxx" time="0.260378" status="fail">
		<failure message="Failed"/>
		<properties>
			<property name="cmake_labels" value="ms_countof"/>
		</properties>
		<system-out>Internal cmake changing into directory: /home/parallels/soft/my/countof_ns/build/Linux_pgcc_pgc++
Change Dir: '/home/parallels/soft/my/countof_ns/build/Linux_pgcc_pgc++'

Run Build Command(s): /usr/bin/gmake -f Makefile ms_countof-pos_struct_zla_00_cxx
Built target CounofNS
Building CXX object tests/unit/CMakeFiles/ms_countof-pos_struct_zla_00_cxx.dir/tu_stub_cxx.cpp.o
"/home/parallels/soft/my/countof_ns/tests/unit/pos_struct_zla_00.h", line 4: error: no instance of function template "ms_countof_helper" matches the argument list
            argument types are: (struct &lt;unnamed&gt; [0])
      TU_STATIC_ASSERT_AND_RETURN(0, TU_COUNTOF(a));
      ^
"/home/parallels/soft/my/countof_ns/include/_comparisons/ms_countof.h", line 21: note: candidate function template "ms_countof_helper" failed deduction
          char (*ms_countof_helper(_UNALIGNED _CountofType (&amp;_Array)[_SizeOfArray]))[_SizeOfArray];
                 ^

"/home/parallels/soft/my/countof_ns/tests/unit/pos_struct_zla_00.h", line 4: error: no instance of function template "ms_countof_helper" matches the argument list
            argument types are: (struct &lt;unnamed&gt; [0])
      TU_STATIC_ASSERT_AND_RETURN(0, TU_COUNTOF(a));
      ^
"/home/parallels/soft/my/countof_ns/include/_comparisons/ms_countof.h", line 21: note: candidate function template "ms_countof_helper" failed deduction
          char (*ms_countof_helper(_UNALIGNED _CountofType (&amp;_Array)[_SizeOfArray]))[_SizeOfArray];
                 ^

"/home/parallels/soft/my/countof_ns/tests/unit/pos_struct_zla_00.h", line 4: error: no instance of function template "ms_countof_helper" matches the argument list
            argument types are: (struct &lt;unnamed&gt; [0])
      TU_STATIC_ASSERT_AND_RETURN(0, TU_COUNTOF(a));
      ^
"/home/parallels/soft/my/countof_ns/include/_comparisons/ms_countof.h", line 21: note: candidate function template "ms_countof_helper" failed deduction
          char (*ms_countof_helper(_UNALIGNED _CountofType (&amp;_Array)[_SizeOfArray]))[_SizeOfArray];
                 ^

"/home/parallels/soft/my/countof_ns/tests/unit/pos_struct_zla_00.h", line 4: error: no instance of function template "ms_countof_helper" matches the argument list
            argument types are: (struct &lt;unnamed&gt; [0])
      TU_STATIC_ASSERT_AND_RETURN(0, TU_COUNTOF(a));
      ^
"/home/parallels/soft/my/countof_ns/include/_comparisons/ms_countof.h", line 21: note: candidate function template "ms_countof_helper" failed deduction
          char (*ms_countof_helper(_UNALIGNED _CountofType (&amp;_Array)[_SizeOfArray]))[_SizeOfArray];
                 ^

"/home/parallels/soft/my/countof_ns/tests/unit/pos_struct_zla_00.h", line 4: error: no instance of function template "ms_countof_helper" matches the argument list
            argument types are: (struct &lt;unnamed&gt; [0])
      TU_STATIC_ASSERT_AND_RETURN(0, TU_COUNTOF(a));
      ^
"/home/parallels/soft/my/countof_ns/include/_comparisons/ms_countof.h", line 21: note: candidate function template "ms_countof_helper" failed deduction
          char (*ms_countof_helper(_UNALIGNED _CountofType (&amp;_Array)[_SizeOfArray]))[_SizeOfArray];
                 ^

"/home/parallels/soft/my/countof_ns/tests/unit/pos_struct_zla_00.h", line 4: error: no instance of function template "ms_countof_helper" matches the argument list
            argument types are: (struct &lt;unnamed&gt; [0])
      TU_STATIC_ASSERT_AND_RETURN(0, TU_COUNTOF(a));
      ^
"/home/parallels/soft/my/countof_ns/include/_comparisons/ms_countof.h", line 21: note: candidate function template "ms_countof_helper" failed deduction
          char (*ms_countof_helper(_UNALIGNED _CountofType (&amp;_Array)[_SizeOfArray]))[_SizeOfArray];
                 ^

"/home/parallels/soft/my/countof_ns/tests/unit/pos_struct_zla_00.h", line 4: error: no instance of function template "ms_countof_helper" matches the argument list
            argument types are: (struct &lt;unnamed&gt; [0])
      TU_STATIC_ASSERT_AND_RETURN(0, TU_COUNTOF(a));
      ^
"/home/parallels/soft/my/countof_ns/include/_comparisons/ms_countof.h", line 21: note: candidate function template "ms_countof_helper" failed deduction
          char (*ms_countof_helper(_UNALIGNED _CountofType (&amp;_Array)[_SizeOfArray]))[_SizeOfArray];
                 ^

7 errors detected in the compilation of "/home/parallels/soft/my/countof_ns/tests/unit/tu_stub_cxx.cpp".
gmake[3]: *** [tests/unit/CMakeFiles/ms_countof-pos_struct_zla_00_cxx.dir/build.make:79: tests/unit/CMakeFiles/ms_countof-pos_struct_zla_00_cxx.dir/tu_stub_cxx.cpp.o] Ошибка 2
gmake[2]: *** [CMakeFiles/Makefile2:3836: tests/unit/CMakeFiles/ms_countof-pos_struct_zla_00_cxx.dir/all] Ошибка 2
gmake[1]: *** [CMakeFiles/Makefile2:3843: tests/unit/CMakeFiles/ms_countof-pos_struct_zla_00_cxx.dir/rule] Ошибка 2
gmake: *** [Makefile:1551: ms_countof-pos_struct_zla_00_cxx] Ошибка 2

</system-out>
	</testcase>
	<testcase name="ms_countof-pos_zla_00" classname="ms_countof-pos_zla_00" time="0.260556" status="fail">
		<failure message="Failed"/>
		<properties>
			<property name="cmake_labels" value="ms_countof"/>
		</properties>
		<system-out>Internal cmake changing into directory: /home/parallels/soft/my/countof_ns/build/Linux_pgcc_pgc++
Change Dir: '/home/parallels/soft/my/countof_ns/build/Linux_pgcc_pgc++'

Run Build Command(s): /usr/bin/gmake -f Makefile ms_countof-pos_zla_00
[  0%] Built target CounofNS
[100%] Building C object tests/unit/CMakeFiles/ms_countof-pos_zla_00.dir/tu_stub.c.o
"/home/parallels/soft/my/countof_ns/tests/unit/pos_zla_00.h", line 4: error: division by zero
      TU_STATIC_ASSERT_AND_RETURN(0, TU_COUNTOF(b));
      ^

"/home/parallels/soft/my/countof_ns/tests/unit/pos_zla_00.h", line 4: warning: division by zero [divide_by_zero]
      TU_STATIC_ASSERT_AND_RETURN(0, TU_COUNTOF(b));
      ^

Remark: individual warnings can be suppressed with "--diag_suppress &lt;warning-name&gt;"

"/home/parallels/soft/my/countof_ns/tests/unit/pos_zla_00.h", line 4: warning: division by zero [divide_by_zero]
      TU_STATIC_ASSERT_AND_RETURN(0, TU_COUNTOF(b));
      ^

"/home/parallels/soft/my/countof_ns/tests/unit/pos_zla_00.h", line 4: warning: division by zero [divide_by_zero]
      TU_STATIC_ASSERT_AND_RETURN(0, TU_COUNTOF(b));
      ^

"/home/parallels/soft/my/countof_ns/tests/unit/pos_zla_00.h", line 4: warning: division by zero [divide_by_zero]
      TU_STATIC_ASSERT_AND_RETURN(0, TU_COUNTOF(b));
      ^

"/home/parallels/soft/my/countof_ns/tests/unit/pos_zla_00.h", line 4: warning: division by zero [divide_by_zero]
      TU_STATIC_ASSERT_AND_RETURN(0, TU_COUNTOF(b));
      ^

"/home/parallels/soft/my/countof_ns/tests/unit/pos_zla_00.h", line 4: warning: division by zero [divide_by_zero]
      TU_STATIC_ASSERT_AND_RETURN(0, TU_COUNTOF(b));
      ^

1 error detected in the compilation of "/home/parallels/soft/my/countof_ns/tests/unit/tu_stub.c".
gmake[3]: *** [tests/unit/CMakeFiles/ms_countof-pos_zla_00.dir/build.make:79: tests/unit/CMakeFiles/ms_countof-pos_zla_00.dir/tu_stub.c.o] Ошибка 2
gmake[2]: *** [CMakeFiles/Makefile2:3868: tests/unit/CMakeFiles/ms_countof-pos_zla_00.dir/all] Ошибка 2
gmake[1]: *** [CMakeFiles/Makefile2:3875: tests/unit/CMakeFiles/ms_countof-pos_zla_00.dir/rule] Ошибка 2
gmake: *** [Makefile:1564: ms_countof-pos_zla_00] Ошибка 2

</system-out>
	</testcase>
	<testcase name="ms_countof-pos_zla_00_cxx" classname="ms_countof-pos_zla_00_cxx" time="0.284368" status="fail">
		<failure message="Failed"/>
		<properties>
			<property name="cmake_labels" value="ms_countof"/>
		</properties>
		<system-out>Internal cmake changing into directory: /home/parallels/soft/my/countof_ns/build/Linux_pgcc_pgc++
Change Dir: '/home/parallels/soft/my/countof_ns/build/Linux_pgcc_pgc++'

Run Build Command(s): /usr/bin/gmake -f Makefile ms_countof-pos_zla_00_cxx
[  0%] Built target CounofNS
[100%] Building CXX object tests/unit/CMakeFiles/ms_countof-pos_zla_00_cxx.dir/tu_stub_cxx.cpp.o
"/home/parallels/soft/my/countof_ns/tests/unit/pos_zla_00.h", line 4: error: no instance of function template "ms_countof_helper" matches the argument list
            argument types are: (int [0][0])
      TU_STATIC_ASSERT_AND_RETURN(0, TU_COUNTOF(b));
      ^
"/home/parallels/soft/my/countof_ns/include/_comparisons/ms_countof.h", line 21: note: candidate function template "ms_countof_helper" failed deduction
          char (*ms_countof_helper(_UNALIGNED _CountofType (&amp;_Array)[_SizeOfArray]))[_SizeOfArray];
                 ^

"/home/parallels/soft/my/countof_ns/tests/unit/pos_zla_00.h", line 4: error: no instance of function template "ms_countof_helper" matches the argument list
            argument types are: (int [0][0])
      TU_STATIC_ASSERT_AND_RETURN(0, TU_COUNTOF(b));
      ^
"/home/parallels/soft/my/countof_ns/include/_comparisons/ms_countof.h", line 21: note: candidate function template "ms_countof_helper" failed deduction
          char (*ms_countof_helper(_UNALIGNED _CountofType (&amp;_Array)[_SizeOfArray]))[_SizeOfArray];
                 ^

"/home/parallels/soft/my/countof_ns/tests/unit/pos_zla_00.h", line 4: error: no instance of function template "ms_countof_helper" matches the argument list
            argument types are: (int [0][0])
      TU_STATIC_ASSERT_AND_RETURN(0, TU_COUNTOF(b));
      ^
"/home/parallels/soft/my/countof_ns/include/_comparisons/ms_countof.h", line 21: note: candidate function template "ms_countof_helper" failed deduction
          char (*ms_countof_helper(_UNALIGNED _CountofType (&amp;_Array)[_SizeOfArray]))[_SizeOfArray];
                 ^

"/home/parallels/soft/my/countof_ns/tests/unit/pos_zla_00.h", line 4: error: no instance of function template "ms_countof_helper" matches the argument list
            argument types are: (int [0][0])
      TU_STATIC_ASSERT_AND_RETURN(0, TU_COUNTOF(b));
      ^
"/home/parallels/soft/my/countof_ns/include/_comparisons/ms_countof.h", line 21: note: candidate function template "ms_countof_helper" failed deduction
          char (*ms_countof_helper(_UNALIGNED _CountofType (&amp;_Array)[_SizeOfArray]))[_SizeOfArray];
                 ^

"/home/parallels/soft/my/countof_ns/tests/unit/pos_zla_00.h", line 4: error: no instance of function template "ms_countof_helper" matches the argument list
            argument types are: (int [0][0])
      TU_STATIC_ASSERT_AND_RETURN(0, TU_COUNTOF(b));
      ^
"/home/parallels/soft/my/countof_ns/include/_comparisons/ms_countof.h", line 21: note: candidate function template "ms_countof_helper" failed deduction
          char (*ms_countof_helper(_UNALIGNED _CountofType (&amp;_Array)[_SizeOfArray]))[_SizeOfArray];
                 ^

"/home/parallels/soft/my/countof_ns/tests/unit/pos_zla_00.h", line 4: error: no instance of function template "ms_countof_helper" matches the argument list
            argument types are: (int [0][0])
      TU_STATIC_ASSERT_AND_RETURN(0, TU_COUNTOF(b));
      ^
"/home/parallels/soft/my/countof_ns/include/_comparisons/ms_countof.h", line 21: note: candidate function template "ms_countof_helper" failed deduction
          char (*ms_countof_helper(_UNALIGNED _CountofType (&amp;_Array)[_SizeOfArray]))[_SizeOfArray];
                 ^

"/home/parallels/soft/my/countof_ns/tests/unit/pos_zla_00.h", line 4: error: no instance of function template "ms_countof_helper" matches the argument list
            argument types are: (int [0][0])
      TU_STATIC_ASSERT_AND_RETURN(0, TU_COUNTOF(b));
      ^
"/home/parallels/soft/my/countof_ns/include/_comparisons/ms_countof.h", line 21: note: candidate function template "ms_countof_helper" failed deduction
          char (*ms_countof_helper(_UNALIGNED _CountofType (&amp;_Array)[_SizeOfArray]))[_SizeOfArray];
                 ^

7 errors detected in the compilation of "/home/parallels/soft/my/countof_ns/tests/unit/tu_stub_cxx.cpp".
gmake[3]: *** [tests/unit/CMakeFiles/ms_countof-pos_zla_00_cxx.dir/build.make:79: tests/unit/CMakeFiles/ms_countof-pos_zla_00_cxx.dir/tu_stub_cxx.cpp.o] Ошибка 2
gmake[2]: *** [CMakeFiles/Makefile2:3900: tests/unit/CMakeFiles/ms_countof-pos_zla_00_cxx.dir/all] Ошибка 2
gmake[1]: *** [CMakeFiles/Makefile2:3907: tests/unit/CMakeFiles/ms_countof-pos_zla_00_cxx.dir/rule] Ошибка 2
gmake: *** [Makefile:1577: ms_countof-pos_zla_00_cxx] Ошибка 2

</system-out>
	</testcase>
	<testcase name="ms_countof-pos_zla_0n" classname="ms_countof-pos_zla_0n" time="0.432356" status="run">
		<properties>
			<property name="cmake_labels" value="ms_countof"/>
		</properties>
		<system-out>Internal cmake changing into directory: /home/parallels/soft/my/countof_ns/build/Linux_pgcc_pgc++
Change Dir: '/home/parallels/soft/my/countof_ns/build/Linux_pgcc_pgc++'

Run Build Command(s): /usr/bin/gmake -f Makefile ms_countof-pos_zla_0n
[  0%] Built target CounofNS
[  0%] Building C object tests/unit/CMakeFiles/ms_countof-pos_zla_0n.dir/tu_stub.c.o
[100%] Linking C executable ms_countof-pos_zla_0n
[100%] Built target ms_countof-pos_zla_0n

Running test command: "/home/parallels/soft/my/countof_ns/build/Linux_pgcc_pgc++/tests/unit/ms_countof-pos_zla_0n"
Ok 0 TU_STATIC_ASSERT_AND_RETURN((0)=0, ...) /home/parallels/soft/my/countof_ns/tests/unit/pos_zla_0n.h:pos_zla_0n.h:TU_UNIT for _comparisons/ms_countof.h:ms_countof(), C 201710L

</system-out>
	</testcase>
	<testcase name="ms_countof-pos_zla_0n_cxx" classname="ms_countof-pos_zla_0n_cxx" time="0.286127" status="fail">
		<failure message="Failed"/>
		<properties>
			<property name="cmake_labels" value="ms_countof"/>
		</properties>
		<system-out>Internal cmake changing into directory: /home/parallels/soft/my/countof_ns/build/Linux_pgcc_pgc++
Change Dir: '/home/parallels/soft/my/countof_ns/build/Linux_pgcc_pgc++'

Run Build Command(s): /usr/bin/gmake -f Makefile ms_countof-pos_zla_0n_cxx
[  0%] Built target CounofNS
[  0%] Building CXX object tests/unit/CMakeFiles/ms_countof-pos_zla_0n_cxx.dir/tu_stub_cxx.cpp.o
"/home/parallels/soft/my/countof_ns/tests/unit/pos_zla_0n.h", line 4: error: no instance of function template "ms_countof_helper" matches the argument list
            argument types are: (int [0])
      TU_STATIC_ASSERT_AND_RETURN(0, TU_COUNTOF(a));
      ^
"/home/parallels/soft/my/countof_ns/include/_comparisons/ms_countof.h", line 21: note: candidate function template "ms_countof_helper" failed deduction
          char (*ms_countof_helper(_UNALIGNED _CountofType (&amp;_Array)[_SizeOfArray]))[_SizeOfArray];
                 ^

"/home/parallels/soft/my/countof_ns/tests/unit/pos_zla_0n.h", line 4: error: no instance of function template "ms_countof_helper" matches the argument list
            argument types are: (int [0])
      TU_STATIC_ASSERT_AND_RETURN(0, TU_COUNTOF(a));
      ^
"/home/parallels/soft/my/countof_ns/include/_comparisons/ms_countof.h", line 21: note: candidate function template "ms_countof_helper" failed deduction
          char (*ms_countof_helper(_UNALIGNED _CountofType (&amp;_Array)[_SizeOfArray]))[_SizeOfArray];
                 ^

"/home/parallels/soft/my/countof_ns/tests/unit/pos_zla_0n.h", line 4: error: no instance of function template "ms_countof_helper" matches the argument list
            argument types are: (int [0])
      TU_STATIC_ASSERT_AND_RETURN(0, TU_COUNTOF(a));
      ^
"/home/parallels/soft/my/countof_ns/include/_comparisons/ms_countof.h", line 21: note: candidate function template "ms_countof_helper" failed deduction
          char (*ms_countof_helper(_UNALIGNED _CountofType (&amp;_Array)[_SizeOfArray]))[_SizeOfArray];
                 ^

"/home/parallels/soft/my/countof_ns/tests/unit/pos_zla_0n.h", line 4: error: no instance of function template "ms_countof_helper" matches the argument list
            argument types are: (int [0])
      TU_STATIC_ASSERT_AND_RETURN(0, TU_COUNTOF(a));
      ^
"/home/parallels/soft/my/countof_ns/include/_comparisons/ms_countof.h", line 21: note: candidate function template "ms_countof_helper" failed deduction
          char (*ms_countof_helper(_UNALIGNED _CountofType (&amp;_Array)[_SizeOfArray]))[_SizeOfArray];
                 ^

"/home/parallels/soft/my/countof_ns/tests/unit/pos_zla_0n.h", line 4: error: no instance of function template "ms_countof_helper" matches the argument list
            argument types are: (int [0])
      TU_STATIC_ASSERT_AND_RETURN(0, TU_COUNTOF(a));
      ^
"/home/parallels/soft/my/countof_ns/include/_comparisons/ms_countof.h", line 21: note: candidate function template "ms_countof_helper" failed deduction
          char (*ms_countof_helper(_UNALIGNED _CountofType (&amp;_Array)[_SizeOfArray]))[_SizeOfArray];
                 ^

"/home/parallels/soft/my/countof_ns/tests/unit/pos_zla_0n.h", line 4: error: no instance of function template "ms_countof_helper" matches the argument list
            argument types are: (int [0])
      TU_STATIC_ASSERT_AND_RETURN(0, TU_COUNTOF(a));
      ^
"/home/parallels/soft/my/countof_ns/include/_comparisons/ms_countof.h", line 21: note: candidate function template "ms_countof_helper" failed deduction
          char (*ms_countof_helper(_UNALIGNED _CountofType (&amp;_Array)[_SizeOfArray]))[_SizeOfArray];
                 ^

"/home/parallels/soft/my/countof_ns/tests/unit/pos_zla_0n.h", line 4: error: no instance of function template "ms_countof_helper" matches the argument list
            argument types are: (int [0])
      TU_STATIC_ASSERT_AND_RETURN(0, TU_COUNTOF(a));
      ^
"/home/parallels/soft/my/countof_ns/include/_comparisons/ms_countof.h", line 21: note: candidate function template "ms_countof_helper" failed deduction
          char (*ms_countof_helper(_UNALIGNED _CountofType (&amp;_Array)[_SizeOfArray]))[_SizeOfArray];
                 ^

7 errors detected in the compilation of "/home/parallels/soft/my/countof_ns/tests/unit/tu_stub_cxx.cpp".
gmake[3]: *** [tests/unit/CMakeFiles/ms_countof-pos_zla_0n_cxx.dir/build.make:79: tests/unit/CMakeFiles/ms_countof-pos_zla_0n_cxx.dir/tu_stub_cxx.cpp.o] Ошибка 2
gmake[2]: *** [CMakeFiles/Makefile2:3964: tests/unit/CMakeFiles/ms_countof-pos_zla_0n_cxx.dir/all] Ошибка 2
gmake[1]: *** [CMakeFiles/Makefile2:3971: tests/unit/CMakeFiles/ms_countof-pos_zla_0n_cxx.dir/rule] Ошибка 2
gmake: *** [Makefile:1603: ms_countof-pos_zla_0n_cxx] Ошибка 2

</system-out>
	</testcase>
	<testcase name="ms_countof-pos_zla_n0" classname="ms_countof-pos_zla_n0" time="0.243911" status="fail">
		<failure message="Failed"/>
		<properties>
			<property name="cmake_labels" value="ms_countof"/>
		</properties>
		<system-out>Internal cmake changing into directory: /home/parallels/soft/my/countof_ns/build/Linux_pgcc_pgc++
Change Dir: '/home/parallels/soft/my/countof_ns/build/Linux_pgcc_pgc++'

Run Build Command(s): /usr/bin/gmake -f Makefile ms_countof-pos_zla_n0
Built target CounofNS
Building C object tests/unit/CMakeFiles/ms_countof-pos_zla_n0.dir/tu_stub.c.o
"/home/parallels/soft/my/countof_ns/tests/unit/pos_zla_n0.h", line 4: error: division by zero
      TU_STATIC_ASSERT_AND_RETURN(1, TU_COUNTOF(b));
      ^

"/home/parallels/soft/my/countof_ns/tests/unit/pos_zla_n0.h", line 4: warning: division by zero [divide_by_zero]
      TU_STATIC_ASSERT_AND_RETURN(1, TU_COUNTOF(b));
      ^

Remark: individual warnings can be suppressed with "--diag_suppress &lt;warning-name&gt;"

"/home/parallels/soft/my/countof_ns/tests/unit/pos_zla_n0.h", line 4: warning: division by zero [divide_by_zero]
      TU_STATIC_ASSERT_AND_RETURN(1, TU_COUNTOF(b));
      ^

"/home/parallels/soft/my/countof_ns/tests/unit/pos_zla_n0.h", line 4: warning: division by zero [divide_by_zero]
      TU_STATIC_ASSERT_AND_RETURN(1, TU_COUNTOF(b));
      ^

"/home/parallels/soft/my/countof_ns/tests/unit/pos_zla_n0.h", line 4: warning: division by zero [divide_by_zero]
      TU_STATIC_ASSERT_AND_RETURN(1, TU_COUNTOF(b));
      ^

"/home/parallels/soft/my/countof_ns/tests/unit/pos_zla_n0.h", line 4: warning: division by zero [divide_by_zero]
      TU_STATIC_ASSERT_AND_RETURN(1, TU_COUNTOF(b));
      ^

"/home/parallels/soft/my/countof_ns/tests/unit/pos_zla_n0.h", line 4: warning: division by zero [divide_by_zero]
      TU_STATIC_ASSERT_AND_RETURN(1, TU_COUNTOF(b));
      ^

1 error detected in the compilation of "/home/parallels/soft/my/countof_ns/tests/unit/tu_stub.c".
gmake[3]: *** [tests/unit/CMakeFiles/ms_countof-pos_zla_n0.dir/build.make:79: tests/unit/CMakeFiles/ms_countof-pos_zla_n0.dir/tu_stub.c.o] Ошибка 2
gmake[2]: *** [CMakeFiles/Makefile2:3996: tests/unit/CMakeFiles/ms_countof-pos_zla_n0.dir/all] Ошибка 2
gmake[1]: *** [CMakeFiles/Makefile2:4003: tests/unit/CMakeFiles/ms_countof-pos_zla_n0.dir/rule] Ошибка 2
gmake: *** [Makefile:1616: ms_countof-pos_zla_n0] Ошибка 2

</system-out>
	</testcase>
	<testcase name="ms_countof-pos_zla_n0_cxx" classname="ms_countof-pos_zla_n0_cxx" time="0.505939" status="run">
		<properties>
			<property name="cmake_labels" value="ms_countof"/>
		</properties>
		<system-out>Internal cmake changing into directory: /home/parallels/soft/my/countof_ns/build/Linux_pgcc_pgc++
Change Dir: '/home/parallels/soft/my/countof_ns/build/Linux_pgcc_pgc++'

Run Build Command(s): /usr/bin/gmake -f Makefile ms_countof-pos_zla_n0_cxx
[  0%] Built target CounofNS
[100%] Building CXX object tests/unit/CMakeFiles/ms_countof-pos_zla_n0_cxx.dir/tu_stub_cxx.cpp.o
[100%] Linking CXX executable ms_countof-pos_zla_n0_cxx
[100%] Built target ms_countof-pos_zla_n0_cxx

Running test command: "/home/parallels/soft/my/countof_ns/build/Linux_pgcc_pgc++/tests/unit/ms_countof-pos_zla_n0_cxx"
Ok 1 TU_STATIC_ASSERT_AND_RETURN((1)=1, ...) /home/parallels/soft/my/countof_ns/tests/unit/pos_zla_n0.h:pos_zla_n0.h:TU_UNIT for _comparisons/ms_countof.h:ms_countof(), C++ 202302L

</system-out>
	</testcase>
	<testcase name="ms_countof-neg__selftest" classname="ms_countof-neg__selftest" time="0.268501" status="run">
		<properties>
			<property name="cmake_labels" value="ms_countof"/>
		</properties>
		<system-out>[  0%] Built target CounofNS
gmake[3]: Предупреждение: время изменения файла «tests/unit/CMakeFiles/ms_countof-neg__selftest.dir/compiler_depend.make» находится в будущем (0,1)
[100%] Building C object tests/unit/CMakeFiles/ms_countof-neg__selftest.dir/tu_stub.c.o
"/home/parallels/soft/my/countof_ns/tests/unit/neg__selftest.h", line 12: error: static assertion failed with "0"
          tu_static_assert(0);
          ^

1 error detected in the compilation of "/home/parallels/soft/my/countof_ns/tests/unit/tu_stub.c".
gmake[3]: *** [tests/unit/CMakeFiles/ms_countof-neg__selftest.dir/build.make:79: tests/unit/CMakeFiles/ms_countof-neg__selftest.dir/tu_stub.c.o] Ошибка 2
gmake[2]: *** [CMakeFiles/Makefile2:4060: tests/unit/CMakeFiles/ms_countof-neg__selftest.dir/all] Ошибка 2
gmake[1]: *** [CMakeFiles/Makefile2:4067: tests/unit/CMakeFiles/ms_countof-neg__selftest.dir/rule] Ошибка 2
gmake: *** [Makefile:1642: ms_countof-neg__selftest] Ошибк...
[This part of the test output was removed since it exceeds the threshold of 1024 bytes.]
</system-out>
	</testcase>
	<testcase name="ms_countof-neg__selftest_0_fail" classname="ms_countof-neg__selftest_0_fail" time="0.0115529" status="notrun">
		<skipped message="SKIP_RETURN_CODE=42"/>
		<properties>
			<property name="cmake_labels" value="ms_countof"/>
		</properties>
		<system-out></system-out>
	</testcase>
	<testcase name="ms_countof-neg__selftest_cxx" classname="ms_countof-neg__selftest_cxx" time="0.282483" status="run">
		<properties>
			<property name="cmake_labels" value="ms_countof"/>
		</properties>
		<system-out>[  0%] Built target CounofNS
[100%] Building CXX object tests/unit/CMakeFiles/ms_countof-neg__selftest_cxx.dir/tu_stub_cxx.cpp.o
"/home/parallels/soft/my/countof_ns/tests/unit/neg__selftest.h", line 12: error: static assertion failed with "0"
          tu_static_assert(0);
          ^

1 error detected in the compilation of "/home/parallels/soft/my/countof_ns/tests/unit/tu_stub_cxx.cpp".
gmake[3]: *** [tests/unit/CMakeFiles/ms_countof-neg__selftest_cxx.dir/build.make:79: tests/unit/CMakeFiles/ms_countof-neg__selftest_cxx.dir/tu_stub_cxx.cpp.o] Ошибка 2
gmake[2]: *** [CMakeFiles/Makefile2:4092: tests/unit/CMakeFiles/ms_countof-neg__selftest_cxx.dir/all] Ошибка 2
gmake[1]: *** [CMakeFiles/Makefile2:4099: tests/unit/CMakeFiles/ms_countof-neg__selftest_cxx.dir/rule] Ошибка 2
gmake: *** [Makefile:1655: ms_countof-neg__selftest_cxx] Ошибка 2
</system-out>
	</testcase>
	<testcase name="ms_countof-neg__selftest_cxx_0_fail" classname="ms_countof-neg__selftest_cxx_0_fail" time="0.0121953" status="notrun">
		<skipped message="SKIP_RETURN_CODE=42"/>
		<properties>
			<property name="cmake_labels" value="ms_countof"/>
		</properties>
		<system-out></system-out>
	</testcase>
	<testcase name="ms_countof-neg_cv_ptr" classname="ms_countof-neg_cv_ptr" time="0.433332" status="fail">
		<failure message="Failed"/>
		<properties>
			<property name="cmake_labels" value="ms_countof"/>
		</properties>
		<system-out>[  0%] Built target CounofNS
[  0%] Building C object tests/unit/CMakeFiles/ms_countof-neg_cv_ptr.dir/tu_stub.c.o
[100%] Linking C executable ms_countof-neg_cv_ptr
[100%] Built target ms_countof-neg_cv_ptr
</system-out>
	</testcase>
	<testcase name="ms_countof-neg_cv_ptr_0_fail" classname="ms_countof-neg_cv_ptr_0_fail" time="0.0153451" status="fail">
		<failure message="Failed"/>
		<properties>
			<property name="cmake_labels" value="ms_countof"/>
		</properties>
		<system-out>Fail 2 desired=0 main(0, ...) /home/parallels/soft/my/countof_ns/tests/unit/tu_stub.c:neg_cv_ptr.h:TU_UNIT for _comparisons/ms_countof.h:ms_countof(), C 201710L
</system-out>
	</testcase>
	<testcase name="ms_countof-neg_cv_ptr_cxx" classname="ms_countof-neg_cv_ptr_cxx" time="0.276667" status="run">
		<properties>
			<property name="cmake_labels" value="ms_countof"/>
		</properties>
		<system-out>[  0%] Built target CounofNS
gmake[3]: Предупреждение: время изменения файла «tests/unit/CMakeFiles/ms_countof-neg_cv_ptr_cxx.dir/compiler_depend.make» находится в будущем (0,064)
[  0%] Building CXX object tests/unit/CMakeFiles/ms_countof-neg_cv_ptr_cxx.dir/tu_stub_cxx.cpp.o
"/home/parallels/soft/my/countof_ns/tests/unit/neg_cv_ptr.h", line 4: error: no instance of function template "ms_countof_helper" matches the argument list
            argument types are: (const volatile int *)
      return TU_COUNTOF(p);
             ^
"/home/parallels/soft/my/countof_ns/include/_comparisons/ms_countof.h", line 21: note: candidate function template "ms_countof_helper" failed deduction
          char (*ms_countof_helper(_UNALIGNED _CountofType (&amp;_Array)[_SizeOfArray]))[_SizeOfArray];
                 ^

1 error detected in the compilation of "/home/parallels/soft/my/countof_ns/tests/unit/tu_stub_cxx.cpp".
gmake[3]: *** [tests/unit/CMakeFiles/ms_countof-neg_cv_ptr_cxx.di...
[This part of the test output was removed since it exceeds the threshold of 1024 bytes.]
</system-out>
	</testcase>
	<testcase name="ms_countof-neg_cv_ptr_cxx_0_fail" classname="ms_countof-neg_cv_ptr_cxx_0_fail" time="0.0120488" status="notrun">
		<skipped message="SKIP_RETURN_CODE=42"/>
		<properties>
			<property name="cmake_labels" value="ms_countof"/>
		</properties>
		<system-out></system-out>
	</testcase>
	<testcase name="ms_countof-neg_other" classname="ms_countof-neg_other" time="0.255054" status="run">
		<properties>
			<property name="cmake_labels" value="ms_countof"/>
		</properties>
		<system-out>Built target CounofNS
Building C object tests/unit/CMakeFiles/ms_countof-neg_other.dir/tu_stub.c.o
"/home/parallels/soft/my/countof_ns/tests/unit/neg_other.h", line 4: error: expression must have pointer-to-object type but it has type "int"
      return TU_COUNTOF(i);
             ^

1 error detected in the compilation of "/home/parallels/soft/my/countof_ns/tests/unit/tu_stub.c".
gmake[3]: *** [tests/unit/CMakeFiles/ms_countof-neg_other.dir/build.make:79: tests/unit/CMakeFiles/ms_countof-neg_other.dir/tu_stub.c.o] Ошибка 2
gmake[2]: *** [CMakeFiles/Makefile2:4188: tests/unit/CMakeFiles/ms_countof-neg_other.dir/all] Ошибка 2
gmake[1]: *** [CMakeFiles/Makefile2:4195: tests/unit/CMakeFiles/ms_countof-neg_other.dir/rule] Ошибка 2
gmake: *** [Makefile:1694: ms_countof-neg_other] Ошибка 2
</system-out>
	</testcase>
	<testcase name="ms_countof-neg_other_0_fail" classname="ms_countof-neg_other_0_fail" time="0.0119779" status="notrun">
		<skipped message="SKIP_RETURN_CODE=42"/>
		<properties>
			<property name="cmake_labels" value="ms_countof"/>
		</properties>
		<system-out></system-out>
	</testcase>
	<testcase name="ms_countof-neg_other_cxx" classname="ms_countof-neg_other_cxx" time="0.278401" status="run">
		<properties>
			<property name="cmake_labels" value="ms_countof"/>
		</properties>
		<system-out>[  0%] Built target CounofNS
[100%] Building CXX object tests/unit/CMakeFiles/ms_countof-neg_other_cxx.dir/tu_stub_cxx.cpp.o
"/home/parallels/soft/my/countof_ns/tests/unit/neg_other.h", line 4: error: no instance of function template "ms_countof_helper" matches the argument list
            argument types are: (int)
      return TU_COUNTOF(i);
             ^
"/home/parallels/soft/my/countof_ns/include/_comparisons/ms_countof.h", line 21: note: candidate function template "ms_countof_helper" failed deduction
          char (*ms_countof_helper(_UNALIGNED _CountofType (&amp;_Array)[_SizeOfArray]))[_SizeOfArray];
                 ^

1 error detected in the compilation of "/home/parallels/soft/my/countof_ns/tests/unit/tu_stub_cxx.cpp".
gmake[3]: *** [tests/unit/CMakeFiles/ms_countof-neg_other_cxx.dir/build.make:79: tests/unit/CMakeFiles/ms_countof-neg_other_cxx.dir/tu_stub_cxx.cpp.o] Ошибка 2
gmake[2]: *** [CMakeFiles/Makefile2:4220: tests/unit/CMakeFiles/ms_countof-neg_other_cxx.dir/all] Ошибка 2
gmake[1]...
[This part of the test output was removed since it exceeds the threshold of 1024 bytes.]
</system-out>
	</testcase>
	<testcase name="ms_countof-neg_other_cxx_0_fail" classname="ms_countof-neg_other_cxx_0_fail" time="0.0120919" status="notrun">
		<skipped message="SKIP_RETURN_CODE=42"/>
		<properties>
			<property name="cmake_labels" value="ms_countof"/>
		</properties>
		<system-out></system-out>
	</testcase>
	<testcase name="ms_countof-neg_ptr" classname="ms_countof-neg_ptr" time="0.459528" status="fail">
		<failure message="Failed"/>
		<properties>
			<property name="cmake_labels" value="ms_countof"/>
		</properties>
		<system-out>[  0%] Built target CounofNS
[100%] Building C object tests/unit/CMakeFiles/ms_countof-neg_ptr.dir/tu_stub.c.o
[100%] Linking C executable ms_countof-neg_ptr
[100%] Built target ms_countof-neg_ptr
</system-out>
	</testcase>
	<testcase name="ms_countof-neg_ptr_0_fail" classname="ms_countof-neg_ptr_0_fail" time="0.0158746" status="fail">
		<failure message="Failed"/>
		<properties>
			<property name="cmake_labels" value="ms_countof"/>
		</properties>
		<system-out>Debug /home/parallels/soft/my/countof_ns/tests/unit/neg_ptr.h:3:TU_UNIT
Debug /home/parallels/soft/my/countof_ns/tests/unit/neg_ptr.h:5:TU_UNIT TU_COUNTOF(p)=2 
Fail 2 desired=0 main(0, ...) /home/parallels/soft/my/countof_ns/tests/unit/tu_stub.c:neg_ptr.h:TU_UNIT for _comparisons/ms_countof.h:ms_countof(), C 201710L
</system-out>
	</testcase>
	<testcase name="ms_countof-neg_ptr_cxx" classname="ms_countof-neg_ptr_cxx" time="0.34316" status="run">
		<properties>
			<property name="cmake_labels" value="ms_countof"/>
		</properties>
		<system-out>[  0%] Built target CounofNS
[  0%] Building CXX object tests/unit/CMakeFiles/ms_countof-neg_ptr_cxx.dir/tu_stub_cxx.cpp.o
"/home/parallels/soft/my/countof_ns/tests/unit/neg_ptr.h", line 6: error: no instance of function template "ms_countof_helper" matches the argument list
            argument types are: (int *)
             TU_COUNTOF(p));  // TODO
             ^
"/home/parallels/soft/my/countof_ns/include/_comparisons/ms_countof.h", line 21: note: candidate function template "ms_countof_helper" failed deduction
          char (*ms_countof_helper(_UNALIGNED _CountofType (&amp;_Array)[_SizeOfArray]))[_SizeOfArray];
                 ^

"/home/parallels/soft/my/countof_ns/tests/unit/neg_ptr.h", line 7: error: no instance of function template "ms_countof_helper" matches the argument list
            argument types are: (int *)
      return TU_COUNTOF(p);
             ^
"/home/parallels/soft/my/countof_ns/include/_comparisons/ms_countof.h", line 21: note: candidate function template "ms_countof_helper" failed deduc...
[This part of the test output was removed since it exceeds the threshold of 1024 bytes.]
</system-out>
	</testcase>
	<testcase name="ms_countof-neg_ptr_cxx_0_fail" classname="ms_countof-neg_ptr_cxx_0_fail" time="0.0124063" status="notrun">
		<skipped message="SKIP_RETURN_CODE=42"/>
		<properties>
			<property name="cmake_labels" value="ms_countof"/>
		</properties>
		<system-out></system-out>
	</testcase>
	<testcase name="ms_countof-neg_zla_ptr" classname="ms_countof-neg_zla_ptr" time="0.434725" status="fail">
		<failure message="Failed"/>
		<properties>
			<property name="cmake_labels" value="ms_countof"/>
		</properties>
		<system-out>[  0%] Built target CounofNS
[  0%] Building C object tests/unit/CMakeFiles/ms_countof-neg_zla_ptr.dir/tu_stub.c.o
"/home/parallels/soft/my/countof_ns/tests/unit/neg_zla_ptr.h", line 4: warning: division by zero [divide_by_zero]
      return TU_COUNTOF(p);
             ^

Remark: individual warnings can be suppressed with "--diag_suppress &lt;warning-name&gt;"

[100%] Linking C executable ms_countof-neg_zla_ptr
[100%] Built target ms_countof-neg_zla_ptr
</system-out>
	</testcase>
	<testcase name="ms_countof-neg_zla_ptr_0_fail" classname="ms_countof-neg_zla_ptr_0_fail" time="0.0154566" status="fail">
		<failure message="Failed"/>
		<properties>
			<property name="cmake_labels" value="ms_countof"/>
		</properties>
		<system-out>Fail 4198848 desired=0 main(0, ...) /home/parallels/soft/my/countof_ns/tests/unit/tu_stub.c:neg_zla_ptr.h:TU_UNIT for _comparisons/ms_countof.h:ms_countof(), C 201710L
</system-out>
	</testcase>
	<testcase name="ms_countof-neg_zla_ptr_cxx" classname="ms_countof-neg_zla_ptr_cxx" time="0.267168" status="run">
		<properties>
			<property name="cmake_labels" value="ms_countof"/>
		</properties>
		<system-out>Built target CounofNS
Building CXX object tests/unit/CMakeFiles/ms_countof-neg_zla_ptr_cxx.dir/tu_stub_cxx.cpp.o
"/home/parallels/soft/my/countof_ns/tests/unit/neg_zla_ptr.h", line 4: error: no instance of function template "ms_countof_helper" matches the argument list
            argument types are: (int (*)[0])
      return TU_COUNTOF(p);
             ^
"/home/parallels/soft/my/countof_ns/include/_comparisons/ms_countof.h", line 21: note: candidate function template "ms_countof_helper" failed deduction
          char (*ms_countof_helper(_UNALIGNED _CountofType (&amp;_Array)[_SizeOfArray]))[_SizeOfArray];
                 ^

1 error detected in the compilation of "/home/parallels/soft/my/countof_ns/tests/unit/tu_stub_cxx.cpp".
gmake[3]: *** [tests/unit/CMakeFiles/ms_countof-neg_zla_ptr_cxx.dir/build.make:79: tests/unit/CMakeFiles/ms_countof-neg_zla_ptr_cxx.dir/tu_stub_cxx.cpp.o] Ошибка 2
gmake[2]: *** [CMakeFiles/Makefile2:4348: tests/unit/CMakeFiles/ms_countof-neg_zla_ptr_cxx.dir/all] Ошибка 2
gmake...
[This part of the test output was removed since it exceeds the threshold of 1024 bytes.]
</system-out>
	</testcase>
	<testcase name="ms_countof-neg_zla_ptr_cxx_0_fail" classname="ms_countof-neg_zla_ptr_cxx_0_fail" time="0.0115146" status="notrun">
		<skipped message="SKIP_RETURN_CODE=42"/>
		<properties>
			<property name="cmake_labels" value="ms_countof"/>
		</properties>
		<system-out></system-out>
	</testcase>
	<testcase name="short_example" classname="short_example" time="0.00289568" status="run">
		<properties/>
		<system-out>short_example: Ok (fail=0)
</system-out>
	</testcase>
	<testcase name="short_example_fail" classname="short_example_fail" time="0.237415" status="run">
		<properties/>
		<system-out>Internal cmake changing into directory: /home/parallels/soft/my/countof_ns/build/Linux_pgcc_pgc++
Change Dir: '/home/parallels/soft/my/countof_ns/build/Linux_pgcc_pgc++'

Run Build Command(s): /usr/bin/gmake -f Makefile short_example_fail
[  0%] Built target CounofNS
[100%] Building C object examples/CMakeFiles/short_example_fail.dir/short_example.c.o
"/home/parallels/soft/my/countof_ns/examples/short_example.h", line 72: error: the size of an array must be greater than zero
          fail += countof_ns(p1);
                  ^

"/home/parallels/soft/my/countof_ns/examples/short_example.h", line 74: error: the size of an array must be greater than zero
          fail += countof_ns(p2);
                  ^

"/home/parallels/soft/my/countof_ns/examples/short_example.h", line 76: error: operand of "*" must be a pointer but has type "int"
          fail += countof_ns(i);
                  ^

"/home/parallels/soft/my/countof_ns/examples/short_example.h", line 76: error: operand of "*" must be a pointer but has typ...
[This part of the test output was removed since it exceeds the threshold of 1024 bytes.]
</system-out>
	</testcase>
	<testcase name="short_example_cxx" classname="short_example_cxx" time="0.00390824" status="run">
		<properties/>
		<system-out>short_example: Ok (fail=0)
</system-out>
	</testcase>
	<testcase name="short_example_cxx_fail" classname="short_example_cxx_fail" time="0.230818" status="run">
		<properties/>
		<system-out>Internal cmake changing into directory: /home/parallels/soft/my/countof_ns/build/Linux_pgcc_pgc++
Change Dir: '/home/parallels/soft/my/countof_ns/build/Linux_pgcc_pgc++'

Run Build Command(s): /usr/bin/gmake -f Makefile short_example_cxx_fail
Built target CounofNS
Building CXX object examples/CMakeFiles/short_example_cxx_fail.dir/short_example_cxx.cpp.o
"/home/parallels/soft/my/countof_ns/include/countof_ns.h", line 107: error: static assertion failed with "Argument must be zero-length array"
          static_assert(0 == A, "Argument must be zero-length array");
          ^
          detected during instantiation of "size_t _countof_ns_aux&lt;A,E,T&gt;(const T &amp;) noexcept [with A=8UL, E=92UL, T=int (*)[23]]" at line 72 of "/home/parallels/soft/my/countof_ns/examples/short_example.h"

"/home/parallels/soft/my/countof_ns/include/countof_ns.h", line 107: error: static assertion failed with "Argument must be zero-length array"
          static_assert(0 == A, "Argument must be zero-length array");
          ^
          ...
[This part of the test output was removed since it exceeds the threshold of 1024 bytes.]
</system-out>
	</testcase>
	<testcase name="long_example" classname="long_example" time="0.00249992" status="run">
		<properties/>
		<system-out>short_example: Ok (fail=0)
HAVE_EMPTY_INITIALIZER
HAVE_EMPTY_STRUCTURE
zla_example: Ok (fail=0)
__GNUC__.__GNUC_MINOR__ 14.2 __NVCOMPILER_MAJOR__.__NVCOMPILER_MINOR__ 25.9 _COUNTOF_NS_VLA_UNSUPPORTED __STDC_VERSION__ 201710
</system-out>
	</testcase>
	<testcase name="long_example_fail" classname="long_example_fail" time="0.229228" status="run">
		<properties/>
		<system-out>Internal cmake changing into directory: /home/parallels/soft/my/countof_ns/build/Linux_pgcc_pgc++
Change Dir: '/home/parallels/soft/my/countof_ns/build/Linux_pgcc_pgc++'

Run Build Command(s): /usr/bin/gmake -f Makefile long_example_fail
Built target CounofNS
Building C object examples/CMakeFiles/long_example_fail.dir/long_example.c.o
"/home/parallels/soft/my/countof_ns/examples/short_example.h", line 72: error: the size of an array must be greater than zero
          fail += countof_ns(p1);
                  ^

"/home/parallels/soft/my/countof_ns/examples/short_example.h", line 74: error: the size of an array must be greater than zero
          fail += countof_ns(p2);
                  ^

"/home/parallels/soft/my/countof_ns/examples/short_example.h", line 76: error: operand of "*" must be a pointer but has type "int"
          fail += countof_ns(i);
                  ^

"/home/parallels/soft/my/countof_ns/examples/short_example.h", line 76: error: operand of "*" must be a pointer but has type "int"
         ...
[This part of the test output was removed since it exceeds the threshold of 1024 bytes.]
</system-out>
	</testcase>
	<testcase name="long_example_cxx" classname="long_example_cxx" time="0.00371527" status="run">
		<properties/>
		<system-out>short_example: Ok (fail=0)
HAVE_EMPTY_INITIALIZER
zla_example: Ok (fail=0)
std_size_example: Ok (fail=0)
__GNUC__.__GNUC_MINOR__ 14.2 __NVCOMPILER_MAJOR__.__NVCOMPILER_MINOR__ 25.9 __cpp_lib_nonmember_container_access 201411 __cplusplus 202302
</system-out>
	</testcase>
	<testcase name="long_example_cxx_fail" classname="long_example_cxx_fail" time="0.597113" status="run">
		<properties/>
		<system-out>Internal cmake changing into directory: /home/parallels/soft/my/countof_ns/build/Linux_pgcc_pgc++
Change Dir: '/home/parallels/soft/my/countof_ns/build/Linux_pgcc_pgc++'

Run Build Command(s): /usr/bin/gmake -f Makefile long_example_cxx_fail
[  0%] Built target CounofNS
[  0%] Building CXX object examples/CMakeFiles/long_example_cxx_fail.dir/long_example_cxx.cpp.o
"/home/parallels/soft/my/countof_ns/include/countof_ns.h", line 107: error: static assertion failed with "Argument must be zero-length array"
          static_assert(0 == A, "Argument must be zero-length array");
          ^
          detected during instantiation of "size_t _countof_ns_aux&lt;A,E,T&gt;(const T &amp;) noexcept [with A=8UL, E=92UL, T=int (*)[23]]" at line 72 of "/home/parallels/soft/my/countof_ns/examples/short_example.h"

"/home/parallels/soft/my/countof_ns/include/countof_ns.h", line 107: error: static assertion failed with "Argument must be zero-length array"
          static_assert(0 == A, "Argument must be zero-length array");
          ^...
[This part of the test output was removed since it exceeds the threshold of 1024 bytes.]
</system-out>
	</testcase>
	<testcase name="_check_logs_config" classname="_check_logs_config" time="0.00160058" status="run">
		<properties>
			<property name="cmake_labels" value="default"/>
		</properties>
		<system-out>CL_TAG='default'
               TAC_WERROR=''
               CXX_ENABLED='TRUE'
               CMAKE_C_COMPILER_ID='NVHPC'
               CMAKE_C_COMPILER_VERSION='25.9.0'
               CMAKE_C_FLAGS='  -DHAVE_ZERO_LENGTH_ARRAYS=1 -DHAVE_EMPTY_INITIALIZER=1 -DHAVE_EMPTY_STRUCTURE=1 -DHAVE_TYPEOF=1 -DHAVE___TYPEOF__=1 -DERROR_ON_NEGATIVE_ARRAY_SIZE=1 -DERROR_ON_STRUCT_BIT_FIELD=1 -DERROR_ON_STRUCT_STATIC_ASSERT=1'
               CMAKE_CXX_COMPILER_ID='NVHPC'
               CMAKE_CXX_COMPILER_VERSION='25.9.0'
               CMAKE_CXX_FLAGS='  -DHAVE_ZERO_LENGTH_ARRAYS=1 -DHAVE_EMPTY_INITIALIZER=1 -DHAVE_EMPTY_STRUCTURE=1 -DHAVE_TYPEOF=1 -DHAVE___TYPEOF__=1 -DERROR_ON_NEGATIVE_ARRAY_SIZE=1 -DERROR_ON_STRUCT_BIT_FIELD=1 -DERROR_ON_STRUCT_STATIC_ASSERT=1'
               
</system-out>
	</testcase>
	<testcase name="post_check_NVHPC-debug" classname="post_check_NVHPC-debug" time="0.138585" status="run">
		<properties/>
		<system-out>Ok, skipped: 5 from 50 (NVHPC, debug)
    Unexpected failure: 0/3, wanted: 0
    Unexpected fpe: 0/0, wanted: 0
    Unexpected divide_by_zero_warning: 0/0, wanted: 0
    Unexpected warning: 0/0, wanted: 0
</system-out>
	</testcase>
	<testcase name="post_check_NVHPC-default" classname="post_check_NVHPC-default" time="0.124137" status="run">
		<properties/>
		<system-out>Ok, skipped: 0 from 37 (NVHPC, default)
    Unexpected failure: 0/3, wanted: 0
    Unexpected fpe: 0/0, wanted: 0
    Unexpected divide_by_zero_warning: 0/0, wanted: 0
    Unexpected warning: 0/0, wanted: 0
</system-out>
	</testcase>
	<testcase name="post_check_NVHPC-verbose-cmp" classname="post_check_NVHPC-verbose-cmp" time="0.454734" status="run">
		<properties/>
		<system-out>Ok, skipped: 6 from 177 (NVHPC, verbose)
    Unexpected failure: 0/38, wanted: 0
    Unexpected fpe: 0/0, wanted: 0
    Unexpected divide_by_zero_warning: 0/18, wanted: 0
    Unexpected warning: 0/18, wanted: 0
</system-out>
	</testcase>
	<testcase name="post_check_SunPro-cmp" classname="post_check_SunPro-cmp" time="0.225687" status="run">
		<properties/>
		<system-out>Ok, skipped: 4 from 120 (SunPro, default)
    Unexpected failure: 0/28, wanted: 0
    Unexpected fpe: 0/4, wanted: 0
    Unexpected divide_by_zero_warning: 0/0, wanted: 0
    Unexpected warning: 0/9, wanted: 0
</system-out>
	</testcase>
	<testcase name="post_check_SunPro-debug" classname="post_check_SunPro-debug" time="0.140643" status="run">
		<properties/>
		<system-out>Ok, skipped: 4 from 62 (SunPro, debug)
    Unexpected failure: 0/12, wanted: 0
    Unexpected fpe: 0/0, wanted: 0
    Unexpected divide_by_zero_warning: 0/0, wanted: 0
    Unexpected warning: 0/5, wanted: 0
</system-out>
	</testcase>
	<testcase name="post_check_SunPro-default" classname="post_check_SunPro-default" time="0.124874" status="run">
		<properties/>
		<system-out>Ok, skipped: 0 from 48 (SunPro, default)
    Unexpected failure: 0/12, wanted: 0
    Unexpected fpe: 0/0, wanted: 0
    Unexpected divide_by_zero_warning: 0/0, wanted: 0
    Unexpected warning: 0/4, wanted: 0
</system-out>
	</testcase>
	<testcase name="post_check_SunPro-verbose-cmp" classname="post_check_SunPro-verbose-cmp" time="0.224232" status="run">
		<properties/>
		<system-out>Ok, skipped: 4 from 120 (SunPro, verbose)
    Unexpected failure: 0/28, wanted: 0
    Unexpected fpe: 0/4, wanted: 0
    Unexpected divide_by_zero_warning: 0/0, wanted: 0
    Unexpected warning: 0/7, wanted: 0
</system-out>
	</testcase>
</testsuite>
