<?xml version="1.0" encoding="UTF-8"?>
<testsuite name="(empty)"
	tests="191"
	failures="79"
	disabled="0"
	skipped="22"
	hostname=""
	time="538"
	timestamp="2025-12-02T21:32:55"
	>
	<testcase name="check_vla_struct_n0" classname="check_vla_struct_n0" time="5.35673" status="run">
		<properties>
			<property name="cmake_labels" value="countof_ns;default"/>
		</properties>
		<system-out>Internal cmake changing into directory: /Users/leo/soft/my/countof_ns/build/Darwin_icc_icpc
Change Dir: '/Users/leo/soft/my/countof_ns/build/Darwin_icc_icpc'

Run Build Command(s): /opt/local/bin/gmake -f Makefile check_vla_struct_n0
[  0%] Built target CounofNS
[  0%] Building C object tests/unit/CMakeFiles/check_vla_struct_n0.dir/tu_stub.c.o
[100%] Linking C executable check_vla_struct_n0
-macosx_version_min has been renamed to -macos_version_min
ld: warning: -keep_dwarf_unwind is obsolete
ld: warning: ignoring duplicate libraries: '/opt/intel/oneapi/compiler/2021.1.1/mac/bin/intel64/../../compiler/lib/libsvml.a'
ld: warning: no platform load command found in '/Users/leo/soft/my/countof_ns/build/Darwin_icc_icpc/tests/unit/CMakeFiles/check_vla_struct_n0.dir/tu_stub.c.o', assuming: macOS
[100%] Built target check_vla_struct_n0

Running test command: "/Users/leo/soft/my/countof_ns/build/Darwin_icc_icpc/tests/unit/check_vla_struct_n0"
Ok 0 TU_ASSERT_AND_RETURN((0)=0, ...) /Users/leo/soft/my/countof_ns/tests/uni...
[This part of the test output was removed since it exceeds the threshold of 1024 bytes.]
</system-out>
	</testcase>
	<testcase name="check_vla_struct_n0_c11" classname="check_vla_struct_n0_c11" time="4.93677" status="run">
		<properties>
			<property name="cmake_labels" value="countof_ns;default"/>
		</properties>
		<system-out>Internal cmake changing into directory: /Users/leo/soft/my/countof_ns/build/Darwin_icc_icpc
Change Dir: '/Users/leo/soft/my/countof_ns/build/Darwin_icc_icpc'

Run Build Command(s): /opt/local/bin/gmake -f Makefile check_vla_struct_n0_c11
Built target CounofNS
Building C object tests/unit/CMakeFiles/check_vla_struct_n0_c11.dir/tu_stub.c.o
Linking C executable check_vla_struct_n0_c11
-macosx_version_min has been renamed to -macos_version_min
ld: warning: -keep_dwarf_unwind is obsolete
ld: warning: ignoring duplicate libraries: '/opt/intel/oneapi/compiler/2021.1.1/mac/bin/intel64/../../compiler/lib/libsvml.a'
ld: warning: no platform load command found in '/Users/leo/soft/my/countof_ns/build/Darwin_icc_icpc/tests/unit/CMakeFiles/check_vla_struct_n0_c11.dir/tu_stub.c.o', assuming: macOS
Built target check_vla_struct_n0_c11

Running test command: "/Users/leo/soft/my/countof_ns/build/Darwin_icc_icpc/tests/unit/check_vla_struct_n0_c11"
Ok 0 TU_ASSERT_AND_RETURN((0)=0, ...) /Users/leo/soft/my/countof_ns/tests/unit/ch...
[This part of the test output was removed since it exceeds the threshold of 1024 bytes.]
</system-out>
	</testcase>
	<testcase name="check_vla_zla_n0" classname="check_vla_zla_n0" time="5.05411" status="run">
		<properties>
			<property name="cmake_labels" value="countof_ns;default"/>
		</properties>
		<system-out>Internal cmake changing into directory: /Users/leo/soft/my/countof_ns/build/Darwin_icc_icpc
Change Dir: '/Users/leo/soft/my/countof_ns/build/Darwin_icc_icpc'

Run Build Command(s): /opt/local/bin/gmake -f Makefile check_vla_zla_n0
[  0%] Built target CounofNS
[100%] Building C object tests/unit/CMakeFiles/check_vla_zla_n0.dir/tu_stub.c.o
[100%] Linking C executable check_vla_zla_n0
-macosx_version_min has been renamed to -macos_version_min
ld: warning: -keep_dwarf_unwind is obsolete
ld: warning: ignoring duplicate libraries: '/opt/intel/oneapi/compiler/2021.1.1/mac/bin/intel64/../../compiler/lib/libsvml.a'
ld: warning: no platform load command found in '/Users/leo/soft/my/countof_ns/build/Darwin_icc_icpc/tests/unit/CMakeFiles/check_vla_zla_n0.dir/tu_stub.c.o', assuming: macOS
[100%] Built target check_vla_zla_n0

Running test command: "/Users/leo/soft/my/countof_ns/build/Darwin_icc_icpc/tests/unit/check_vla_zla_n0"
Ok 0 TU_ASSERT_AND_RETURN((0)=0, ...) /Users/leo/soft/my/countof_ns/tests/unit/check_vla_zla_n0...
[This part of the test output was removed since it exceeds the threshold of 1024 bytes.]
</system-out>
	</testcase>
	<testcase name="check_vla_zla_n0_c11" classname="check_vla_zla_n0_c11" time="4.98147" status="run">
		<properties>
			<property name="cmake_labels" value="countof_ns;default"/>
		</properties>
		<system-out>Internal cmake changing into directory: /Users/leo/soft/my/countof_ns/build/Darwin_icc_icpc
Change Dir: '/Users/leo/soft/my/countof_ns/build/Darwin_icc_icpc'

Run Build Command(s): /opt/local/bin/gmake -f Makefile check_vla_zla_n0_c11
[  0%] Built target CounofNS
[  0%] Building C object tests/unit/CMakeFiles/check_vla_zla_n0_c11.dir/tu_stub.c.o
[100%] Linking C executable check_vla_zla_n0_c11
-macosx_version_min has been renamed to -macos_version_min
ld: warning: -keep_dwarf_unwind is obsolete
ld: warning: ignoring duplicate libraries: '/opt/intel/oneapi/compiler/2021.1.1/mac/bin/intel64/../../compiler/lib/libsvml.a'
ld: warning: no platform load command found in '/Users/leo/soft/my/countof_ns/build/Darwin_icc_icpc/tests/unit/CMakeFiles/check_vla_zla_n0_c11.dir/tu_stub.c.o', assuming: macOS
[100%] Built target check_vla_zla_n0_c11

Running test command: "/Users/leo/soft/my/countof_ns/build/Darwin_icc_icpc/tests/unit/check_vla_zla_n0_c11"
Ok 0 TU_ASSERT_AND_RETURN((0)=0, ...) /Users/leo/soft/my/countof_ns/tes...
[This part of the test output was removed since it exceeds the threshold of 1024 bytes.]
</system-out>
	</testcase>
	<testcase name="pos__selftest" classname="pos__selftest" time="0.264547" status="run">
		<properties>
			<property name="cmake_labels" value="countof_ns;default"/>
		</properties>
		<system-out>Ok 1 TU_STATIC_ASSERT_AND_RETURN((1)=1, ...) /Users/leo/soft/my/countof_ns/tests/unit/pos__selftest.h:pos__selftest.h:TU_UNIT for countof_ns.h:countof_ns(), C 201112L
</system-out>
	</testcase>
	<testcase name="pos__selftest_c11" classname="pos__selftest_c11" time="0.247946" status="run">
		<properties>
			<property name="cmake_labels" value="countof_ns;default"/>
		</properties>
		<system-out>Ok 1 TU_STATIC_ASSERT_AND_RETURN((1)=1, ...) /Users/leo/soft/my/countof_ns/tests/unit/pos__selftest.h:pos__selftest.h:TU_UNIT for countof_ns.h:countof_ns() with C11&amp;VLA, C 201112L
</system-out>
	</testcase>
	<testcase name="pos_array" classname="pos_array" time="0.250181" status="run">
		<properties>
			<property name="cmake_labels" value="countof_ns;default"/>
		</properties>
		<system-out>Ok 1 TU_STATIC_ASSERT_AND_RETURN((1)=1, ...) /Users/leo/soft/my/countof_ns/tests/unit/pos_array.h:pos_array.h:TU_UNIT for countof_ns.h:countof_ns(), C 201112L
</system-out>
	</testcase>
	<testcase name="pos_array_c11" classname="pos_array_c11" time="0.256654" status="run">
		<properties>
			<property name="cmake_labels" value="countof_ns;default"/>
		</properties>
		<system-out>Ok 1 TU_STATIC_ASSERT_AND_RETURN((1)=1, ...) /Users/leo/soft/my/countof_ns/tests/unit/pos_array.h:pos_array.h:TU_UNIT for countof_ns.h:countof_ns() with C11&amp;VLA, C 201112L
</system-out>
	</testcase>
	<testcase name="pos_cv_array" classname="pos_cv_array" time="2.50121" status="fail">
		<failure message="Failed"/>
		<properties>
			<property name="cmake_labels" value="countof_ns;default"/>
		</properties>
		<system-out>Internal cmake changing into directory: /Users/leo/soft/my/countof_ns/build/Darwin_icc_icpc
Change Dir: '/Users/leo/soft/my/countof_ns/build/Darwin_icc_icpc'

Run Build Command(s): /opt/local/bin/gmake -f Makefile pos_cv_array
[  0%] Built target CounofNS
[  0%] Building C object tests/unit/CMakeFiles/pos_cv_array.dir/tu_stub.c.o
In file included from /Users/leo/soft/my/countof_ns/tests/unit/tu_stub.h(106),
                 from /Users/leo/soft/my/countof_ns/tests/unit/tu_stub.c(5):
/Users/leo/soft/my/countof_ns/tests/unit/pos_cv_array.h(4): error: the size of an array must be greater than zero
      TU_STATIC_ASSERT_AND_RETURN(1, TU_COUNTOF(a));
      ^

In file included from /Users/leo/soft/my/countof_ns/tests/unit/tu_stub.h(106),
                 from /Users/leo/soft/my/countof_ns/tests/unit/tu_stub.c(5):
/Users/leo/soft/my/countof_ns/tests/unit/pos_cv_array.h(4): error: the size of an array must be greater than zero
      TU_STATIC_ASSERT_AND_RETURN(1, TU_COUNTOF(a));
      ^

In file included from /Users/leo/soft/my/countof_ns/tests/unit/tu_stub.h(106),
                 from /Users/leo/soft/my/countof_ns/tests/unit/tu_stub.c(5):
/Users/leo/soft/my/countof_ns/tests/unit/pos_cv_array.h(4): error: the size of an array must be greater than zero
      TU_STATIC_ASSERT_AND_RETURN(1, TU_COUNTOF(a));
      ^

In file included from /Users/leo/soft/my/countof_ns/tests/unit/tu_stub.h(106),
                 from /Users/leo/soft/my/countof_ns/tests/unit/tu_stub.c(5):
/Users/leo/soft/my/countof_ns/tests/unit/pos_cv_array.h(4): error: the size of an array must be greater than zero
      TU_STATIC_ASSERT_AND_RETURN(1, TU_COUNTOF(a));
      ^

In file included from /Users/leo/soft/my/countof_ns/tests/unit/tu_stub.h(106),
                 from /Users/leo/soft/my/countof_ns/tests/unit/tu_stub.c(5):
/Users/leo/soft/my/countof_ns/tests/unit/pos_cv_array.h(4): error: the size of an array must be greater than zero
      TU_STATIC_ASSERT_AND_RETURN(1, TU_COUNTOF(a));
      ^

In file included from /Users/leo/soft/my/countof_ns/tests/unit/tu_stub.h(106),
                 from /Users/leo/soft/my/countof_ns/tests/unit/tu_stub.c(5):
/Users/leo/soft/my/countof_ns/tests/unit/pos_cv_array.h(4): error: the size of an array must be greater than zero
      TU_STATIC_ASSERT_AND_RETURN(1, TU_COUNTOF(a));
      ^

In file included from /Users/leo/soft/my/countof_ns/tests/unit/tu_stub.h(106),
                 from /Users/leo/soft/my/countof_ns/tests/unit/tu_stub.c(5):
/Users/leo/soft/my/countof_ns/tests/unit/pos_cv_array.h(4): error: the size of an array must be greater than zero
      TU_STATIC_ASSERT_AND_RETURN(1, TU_COUNTOF(a));
      ^

compilation aborted for /Users/leo/soft/my/countof_ns/tests/unit/tu_stub.c (code 2)
gmake[3]: *** [tests/unit/CMakeFiles/pos_cv_array.dir/build.make:79: tests/unit/CMakeFiles/pos_cv_array.dir/tu_stub.c.o] Ошибка 2
gmake[2]: *** [CMakeFiles/Makefile2:867: tests/unit/CMakeFiles/pos_cv_array.dir/all] Ошибка 2
gmake[1]: *** [CMakeFiles/Makefile2:874: tests/unit/CMakeFiles/pos_cv_array.dir/rule] Ошибка 2
gmake: *** [Makefile:329: pos_cv_array] Ошибка 2

</system-out>
	</testcase>
	<testcase name="pos_cv_array_c11" classname="pos_cv_array_c11" time="4.95835" status="run">
		<properties>
			<property name="cmake_labels" value="countof_ns;default"/>
		</properties>
		<system-out>Internal cmake changing into directory: /Users/leo/soft/my/countof_ns/build/Darwin_icc_icpc
Change Dir: '/Users/leo/soft/my/countof_ns/build/Darwin_icc_icpc'

Run Build Command(s): /opt/local/bin/gmake -f Makefile pos_cv_array_c11
Built target CounofNS
Building C object tests/unit/CMakeFiles/pos_cv_array_c11.dir/tu_stub.c.o
In file included from /Users/leo/soft/my/countof_ns/tests/unit/tu_stub.h(106),
                 from /Users/leo/soft/my/countof_ns/tests/unit/tu_stub.c(5):
/Users/leo/soft/my/countof_ns/tests/unit/pos_cv_array.h(4): warning #42: operand types are incompatible ("const int (**)[1]" and "int (**)[&lt;expression&gt;]")
      TU_STATIC_ASSERT_AND_RETURN(1, TU_COUNTOF(a));
      ^

In file included from /Users/leo/soft/my/countof_ns/tests/unit/tu_stub.h(106),
                 from /Users/leo/soft/my/countof_ns/tests/unit/tu_stub.c(5):
/Users/leo/soft/my/countof_ns/tests/unit/pos_cv_array.h(4): warning #1121: subtraction of pointer types "const int (**)[1]" and "int (**)[&lt;expression&gt;]" is nonstandard
 ...
[This part of the test output was removed since it exceeds the threshold of 1024 bytes.]
</system-out>
	</testcase>
	<testcase name="pos_struct_n0" classname="pos_struct_n0" time="2.51975" status="fail">
		<failure message="Failed"/>
		<properties>
			<property name="cmake_labels" value="countof_ns;default"/>
		</properties>
		<system-out>Internal cmake changing into directory: /Users/leo/soft/my/countof_ns/build/Darwin_icc_icpc
Change Dir: '/Users/leo/soft/my/countof_ns/build/Darwin_icc_icpc'

Run Build Command(s): /opt/local/bin/gmake -f Makefile pos_struct_n0
[  0%] Built target CounofNS
[100%] Building C object tests/unit/CMakeFiles/pos_struct_n0.dir/tu_stub.c.o
In file included from /Users/leo/soft/my/countof_ns/tests/unit/tu_stub.h(106),
                 from /Users/leo/soft/my/countof_ns/tests/unit/tu_stub.c(5):
/Users/leo/soft/my/countof_ns/tests/unit/pos_struct_n0.h(4): error: static assertion failed with "(1) == ((((!sizeof(*(a)) ? 0 : sizeof(a)/( sizeof(*(a)) ? sizeof(*(a)) : (size_t)-1 )) + ((size_t)!sizeof(char[_Generic(&amp;(a), __typeof__(*(a)) (*)[(!sizeof(*(a)) ? 0 : sizeof(a)/( sizeof(*(a)) ? sizeof(*(a)) : (size_t)-1 ))]: 1, default: -1)])))))"
      TU_STATIC_ASSERT_AND_RETURN(1, TU_COUNTOF(a));
      ^

compilation aborted for /Users/leo/soft/my/countof_ns/tests/unit/tu_stub.c (code 2)
gmake[3]: *** [tests/unit/CMakeFiles/pos_struct_n0.dir/build.make:79: tests/unit/CMakeFiles/pos_struct_n0.dir/tu_stub.c.o] Ошибка 2
gmake[2]: *** [CMakeFiles/Makefile2:931: tests/unit/CMakeFiles/pos_struct_n0.dir/all] Ошибка 2
gmake[1]: *** [CMakeFiles/Makefile2:938: tests/unit/CMakeFiles/pos_struct_n0.dir/rule] Ошибка 2
gmake: *** [Makefile:355: pos_struct_n0] Ошибка 2

</system-out>
	</testcase>
	<testcase name="pos_struct_n0_c11" classname="pos_struct_n0_c11" time="2.53696" status="fail">
		<failure message="Failed"/>
		<properties>
			<property name="cmake_labels" value="countof_ns;default"/>
		</properties>
		<system-out>Internal cmake changing into directory: /Users/leo/soft/my/countof_ns/build/Darwin_icc_icpc
Change Dir: '/Users/leo/soft/my/countof_ns/build/Darwin_icc_icpc'

Run Build Command(s): /opt/local/bin/gmake -f Makefile pos_struct_n0_c11
[  0%] Built target CounofNS
[  0%] Building C object tests/unit/CMakeFiles/pos_struct_n0_c11.dir/tu_stub.c.o
In file included from /Users/leo/soft/my/countof_ns/tests/unit/tu_stub.h(106),
                 from /Users/leo/soft/my/countof_ns/tests/unit/tu_stub.c(5):
/Users/leo/soft/my/countof_ns/tests/unit/pos_struct_n0.h(4): error: static assertion failed with "(1) == ((((!sizeof(*(a)) ? 0 : sizeof(a)/( sizeof(*(a)) ? sizeof(*(a)) : (size_t)-1 )) + (0*sizeof( (__typeof__(a) **)&amp;(a) - (__typeof__(*(a))(**)[(!sizeof(*(a)) ? 0 : sizeof(a)/( sizeof(*(a)) ? sizeof(*(a)) : (size_t)-1 ))])&amp;(a))))))"
      TU_STATIC_ASSERT_AND_RETURN(1, TU_COUNTOF(a));
      ^

compilation aborted for /Users/leo/soft/my/countof_ns/tests/unit/tu_stub.c (code 2)
gmake[3]: *** [tests/unit/CMakeFiles/pos_struct_n0_c11.dir/build.make:79: tests/unit/CMakeFiles/pos_struct_n0_c11.dir/tu_stub.c.o] Ошибка 2
gmake[2]: *** [CMakeFiles/Makefile2:963: tests/unit/CMakeFiles/pos_struct_n0_c11.dir/all] Ошибка 2
gmake[1]: *** [CMakeFiles/Makefile2:970: tests/unit/CMakeFiles/pos_struct_n0_c11.dir/rule] Ошибка 2
gmake: *** [Makefile:368: pos_struct_n0_c11] Ошибка 2

</system-out>
	</testcase>
	<testcase name="pos_struct_zla_00" classname="pos_struct_zla_00" time="0.248512" status="run">
		<properties>
			<property name="cmake_labels" value="countof_ns;default"/>
		</properties>
		<system-out>Ok 0 TU_STATIC_ASSERT_AND_RETURN((0)=0, ...) /Users/leo/soft/my/countof_ns/tests/unit/pos_struct_zla_00.h:pos_struct_zla_00.h:TU_UNIT for countof_ns.h:countof_ns(), C 201112L
</system-out>
	</testcase>
	<testcase name="pos_struct_zla_00_c11" classname="pos_struct_zla_00_c11" time="0.249657" status="run">
		<properties>
			<property name="cmake_labels" value="countof_ns;default"/>
		</properties>
		<system-out>Ok 0 TU_STATIC_ASSERT_AND_RETURN((0)=0, ...) /Users/leo/soft/my/countof_ns/tests/unit/pos_struct_zla_00.h:pos_struct_zla_00.h:TU_UNIT for countof_ns.h:countof_ns() with C11&amp;VLA, C 201112L
</system-out>
	</testcase>
	<testcase name="pos_vla" classname="pos_vla" time="2.50356" status="fail">
		<failure message="Failed"/>
		<properties>
			<property name="cmake_labels" value="countof_ns;default"/>
		</properties>
		<system-out>Internal cmake changing into directory: /Users/leo/soft/my/countof_ns/build/Darwin_icc_icpc
Change Dir: '/Users/leo/soft/my/countof_ns/build/Darwin_icc_icpc'

Run Build Command(s): /opt/local/bin/gmake -f Makefile pos_vla
[  0%] Built target CounofNS
[  0%] Building C object tests/unit/CMakeFiles/pos_vla.dir/tu_stub.c.o
In file included from /Users/leo/soft/my/countof_ns/tests/unit/tu_stub.h(106),
                 from /Users/leo/soft/my/countof_ns/tests/unit/tu_stub.c(5):
/Users/leo/soft/my/countof_ns/tests/unit/pos_vla.h(5): error: a type involving a variable length array is not allowed here
      TU_ASSERT_AND_RETURN(d1, TU_COUNTOF(a));
      ^

In file included from /Users/leo/soft/my/countof_ns/tests/unit/tu_stub.h(106),
                 from /Users/leo/soft/my/countof_ns/tests/unit/tu_stub.c(5):
/Users/leo/soft/my/countof_ns/tests/unit/pos_vla.h(5): error: a type involving a variable length array is not allowed here
      TU_ASSERT_AND_RETURN(d1, TU_COUNTOF(a));
      ^

In file included from /Users/leo/soft/my/countof_ns/tests/unit/tu_stub.h(106),
                 from /Users/leo/soft/my/countof_ns/tests/unit/tu_stub.c(5):
/Users/leo/soft/my/countof_ns/tests/unit/pos_vla.h(5): error: a type involving a variable length array is not allowed here
      TU_ASSERT_AND_RETURN(d1, TU_COUNTOF(a));
      ^

In file included from /Users/leo/soft/my/countof_ns/tests/unit/tu_stub.h(106),
                 from /Users/leo/soft/my/countof_ns/tests/unit/tu_stub.c(5):
/Users/leo/soft/my/countof_ns/tests/unit/pos_vla.h(5): error: a type involving a variable length array is not allowed here
      TU_ASSERT_AND_RETURN(d1, TU_COUNTOF(a));
      ^

In file included from /Users/leo/soft/my/countof_ns/tests/unit/tu_stub.h(106),
                 from /Users/leo/soft/my/countof_ns/tests/unit/tu_stub.c(5):
/Users/leo/soft/my/countof_ns/tests/unit/pos_vla.h(5): error: a type involving a variable length array is not allowed here
      TU_ASSERT_AND_RETURN(d1, TU_COUNTOF(a));
      ^

In file included from /Users/leo/soft/my/countof_ns/tests/unit/tu_stub.h(106),
                 from /Users/leo/soft/my/countof_ns/tests/unit/tu_stub.c(5):
/Users/leo/soft/my/countof_ns/tests/unit/pos_vla.h(5): error: a type involving a variable length array is not allowed here
      TU_ASSERT_AND_RETURN(d1, TU_COUNTOF(a));
      ^

compilation aborted for /Users/leo/soft/my/countof_ns/tests/unit/tu_stub.c (code 2)
gmake[3]: *** [tests/unit/CMakeFiles/pos_vla.dir/build.make:79: tests/unit/CMakeFiles/pos_vla.dir/tu_stub.c.o] Ошибка 2
gmake[2]: *** [CMakeFiles/Makefile2:1059: tests/unit/CMakeFiles/pos_vla.dir/all] Ошибка 2
gmake[1]: *** [CMakeFiles/Makefile2:1066: tests/unit/CMakeFiles/pos_vla.dir/rule] Ошибка 2
gmake: *** [Makefile:407: pos_vla] Ошибка 2

</system-out>
	</testcase>
	<testcase name="pos_vla_c11" classname="pos_vla_c11" time="0.252721" status="run">
		<properties>
			<property name="cmake_labels" value="countof_ns;default"/>
		</properties>
		<system-out>Ok 1 TU_ASSERT_AND_RETURN((d1)=1, ...) /Users/leo/soft/my/countof_ns/tests/unit/pos_vla.h:pos_vla.h:TU_UNIT for countof_ns.h:countof_ns() with C11&amp;VLA, C 201112L
</system-out>
	</testcase>
	<testcase name="pos_vla_00" classname="pos_vla_00" time="2.49467" status="fail">
		<failure message="Failed"/>
		<properties>
			<property name="cmake_labels" value="countof_ns;default"/>
		</properties>
		<system-out>Internal cmake changing into directory: /Users/leo/soft/my/countof_ns/build/Darwin_icc_icpc
Change Dir: '/Users/leo/soft/my/countof_ns/build/Darwin_icc_icpc'

Run Build Command(s): /opt/local/bin/gmake -f Makefile pos_vla_00
Built target CounofNS
Building C object tests/unit/CMakeFiles/pos_vla_00.dir/tu_stub.c.o
In file included from /Users/leo/soft/my/countof_ns/tests/unit/tu_stub.h(106),
                 from /Users/leo/soft/my/countof_ns/tests/unit/tu_stub.c(5):
/Users/leo/soft/my/countof_ns/tests/unit/pos_vla_00.h(5): error: a type involving a variable length array is not allowed here
      TU_ASSERT_AND_RETURN(d0, TU_COUNTOF(b));
      ^

In file included from /Users/leo/soft/my/countof_ns/tests/unit/tu_stub.h(106),
                 from /Users/leo/soft/my/countof_ns/tests/unit/tu_stub.c(5):
/Users/leo/soft/my/countof_ns/tests/unit/pos_vla_00.h(5): error: a type involving a variable length array is not allowed here
      TU_ASSERT_AND_RETURN(d0, TU_COUNTOF(b));
      ^

In file included from /Users/leo/soft/my/countof_ns/tests/unit/tu_stub.h(106),
                 from /Users/leo/soft/my/countof_ns/tests/unit/tu_stub.c(5):
/Users/leo/soft/my/countof_ns/tests/unit/pos_vla_00.h(5): error: a type involving a variable length array is not allowed here
      TU_ASSERT_AND_RETURN(d0, TU_COUNTOF(b));
      ^

In file included from /Users/leo/soft/my/countof_ns/tests/unit/tu_stub.h(106),
                 from /Users/leo/soft/my/countof_ns/tests/unit/tu_stub.c(5):
/Users/leo/soft/my/countof_ns/tests/unit/pos_vla_00.h(5): error: a type involving a variable length array is not allowed here
      TU_ASSERT_AND_RETURN(d0, TU_COUNTOF(b));
      ^

In file included from /Users/leo/soft/my/countof_ns/tests/unit/tu_stub.h(106),
                 from /Users/leo/soft/my/countof_ns/tests/unit/tu_stub.c(5):
/Users/leo/soft/my/countof_ns/tests/unit/pos_vla_00.h(5): error: a type involving a variable length array is not allowed here
      TU_ASSERT_AND_RETURN(d0, TU_COUNTOF(b));
      ^

In file included from /Users/leo/soft/my/countof_ns/tests/unit/tu_stub.h(106),
                 from /Users/leo/soft/my/countof_ns/tests/unit/tu_stub.c(5):
/Users/leo/soft/my/countof_ns/tests/unit/pos_vla_00.h(5): error: a type involving a variable length array is not allowed here
      TU_ASSERT_AND_RETURN(d0, TU_COUNTOF(b));
      ^

compilation aborted for /Users/leo/soft/my/countof_ns/tests/unit/tu_stub.c (code 2)
gmake[3]: *** [tests/unit/CMakeFiles/pos_vla_00.dir/build.make:79: tests/unit/CMakeFiles/pos_vla_00.dir/tu_stub.c.o] Ошибка 2
gmake[2]: *** [CMakeFiles/Makefile2:1123: tests/unit/CMakeFiles/pos_vla_00.dir/all] Ошибка 2
gmake[1]: *** [CMakeFiles/Makefile2:1130: tests/unit/CMakeFiles/pos_vla_00.dir/rule] Ошибка 2
gmake: *** [Makefile:433: pos_vla_00] Ошибка 2

</system-out>
	</testcase>
	<testcase name="pos_vla_00_c11" classname="pos_vla_00_c11" time="0.244867" status="run">
		<properties>
			<property name="cmake_labels" value="countof_ns;default"/>
		</properties>
		<system-out>Ok 0 TU_ASSERT_AND_RETURN((d0)=0, ...) /Users/leo/soft/my/countof_ns/tests/unit/pos_vla_00.h:pos_vla_00.h:TU_UNIT for countof_ns.h:countof_ns() with C11&amp;VLA, C 201112L
</system-out>
	</testcase>
	<testcase name="pos_vla_0n" classname="pos_vla_0n" time="2.50599" status="fail">
		<failure message="Failed"/>
		<properties>
			<property name="cmake_labels" value="countof_ns;default"/>
		</properties>
		<system-out>Internal cmake changing into directory: /Users/leo/soft/my/countof_ns/build/Darwin_icc_icpc
Change Dir: '/Users/leo/soft/my/countof_ns/build/Darwin_icc_icpc'

Run Build Command(s): /opt/local/bin/gmake -f Makefile pos_vla_0n
[  0%] Built target CounofNS
[  0%] Building C object tests/unit/CMakeFiles/pos_vla_0n.dir/tu_stub.c.o
In file included from /Users/leo/soft/my/countof_ns/tests/unit/tu_stub.h(106),
                 from /Users/leo/soft/my/countof_ns/tests/unit/tu_stub.c(5):
/Users/leo/soft/my/countof_ns/tests/unit/pos_vla_0n.h(5): error: a type involving a variable length array is not allowed here
      TU_ASSERT_AND_RETURN(d0, TU_COUNTOF(a));
      ^

In file included from /Users/leo/soft/my/countof_ns/tests/unit/tu_stub.h(106),
                 from /Users/leo/soft/my/countof_ns/tests/unit/tu_stub.c(5):
/Users/leo/soft/my/countof_ns/tests/unit/pos_vla_0n.h(5): error: a type involving a variable length array is not allowed here
      TU_ASSERT_AND_RETURN(d0, TU_COUNTOF(a));
      ^

In file included from /Users/leo/soft/my/countof_ns/tests/unit/tu_stub.h(106),
                 from /Users/leo/soft/my/countof_ns/tests/unit/tu_stub.c(5):
/Users/leo/soft/my/countof_ns/tests/unit/pos_vla_0n.h(5): error: a type involving a variable length array is not allowed here
      TU_ASSERT_AND_RETURN(d0, TU_COUNTOF(a));
      ^

In file included from /Users/leo/soft/my/countof_ns/tests/unit/tu_stub.h(106),
                 from /Users/leo/soft/my/countof_ns/tests/unit/tu_stub.c(5):
/Users/leo/soft/my/countof_ns/tests/unit/pos_vla_0n.h(5): error: a type involving a variable length array is not allowed here
      TU_ASSERT_AND_RETURN(d0, TU_COUNTOF(a));
      ^

In file included from /Users/leo/soft/my/countof_ns/tests/unit/tu_stub.h(106),
                 from /Users/leo/soft/my/countof_ns/tests/unit/tu_stub.c(5):
/Users/leo/soft/my/countof_ns/tests/unit/pos_vla_0n.h(5): error: a type involving a variable length array is not allowed here
      TU_ASSERT_AND_RETURN(d0, TU_COUNTOF(a));
      ^

In file included from /Users/leo/soft/my/countof_ns/tests/unit/tu_stub.h(106),
                 from /Users/leo/soft/my/countof_ns/tests/unit/tu_stub.c(5):
/Users/leo/soft/my/countof_ns/tests/unit/pos_vla_0n.h(5): error: a type involving a variable length array is not allowed here
      TU_ASSERT_AND_RETURN(d0, TU_COUNTOF(a));
      ^

compilation aborted for /Users/leo/soft/my/countof_ns/tests/unit/tu_stub.c (code 2)
gmake[3]: *** [tests/unit/CMakeFiles/pos_vla_0n.dir/build.make:79: tests/unit/CMakeFiles/pos_vla_0n.dir/tu_stub.c.o] Ошибка 2
gmake[2]: *** [CMakeFiles/Makefile2:1187: tests/unit/CMakeFiles/pos_vla_0n.dir/all] Ошибка 2
gmake[1]: *** [CMakeFiles/Makefile2:1194: tests/unit/CMakeFiles/pos_vla_0n.dir/rule] Ошибка 2
gmake: *** [Makefile:459: pos_vla_0n] Ошибка 2

</system-out>
	</testcase>
	<testcase name="pos_vla_0n_c11" classname="pos_vla_0n_c11" time="0.270021" status="run">
		<properties>
			<property name="cmake_labels" value="countof_ns;default"/>
		</properties>
		<system-out>Ok 0 TU_ASSERT_AND_RETURN((d0)=0, ...) /Users/leo/soft/my/countof_ns/tests/unit/pos_vla_0n.h:pos_vla_0n.h:TU_UNIT for countof_ns.h:countof_ns() with C11&amp;VLA, C 201112L
</system-out>
	</testcase>
	<testcase name="pos_vla_cv" classname="pos_vla_cv" time="2.40861" status="fail">
		<failure message="Failed"/>
		<properties>
			<property name="cmake_labels" value="countof_ns;default"/>
		</properties>
		<system-out>Internal cmake changing into directory: /Users/leo/soft/my/countof_ns/build/Darwin_icc_icpc
Change Dir: '/Users/leo/soft/my/countof_ns/build/Darwin_icc_icpc'

Run Build Command(s): /opt/local/bin/gmake -f Makefile pos_vla_cv
[  0%] Built target CounofNS
[  0%] Building C object tests/unit/CMakeFiles/pos_vla_cv.dir/tu_stub.c.o
In file included from /Users/leo/soft/my/countof_ns/tests/unit/tu_stub.h(106),
                 from /Users/leo/soft/my/countof_ns/tests/unit/tu_stub.c(5):
/Users/leo/soft/my/countof_ns/tests/unit/pos_vla_cv.h(5): error: a type involving a variable length array is not allowed here
      TU_ASSERT_AND_RETURN(d1, TU_COUNTOF(a));
      ^

In file included from /Users/leo/soft/my/countof_ns/tests/unit/tu_stub.h(106),
                 from /Users/leo/soft/my/countof_ns/tests/unit/tu_stub.c(5):
/Users/leo/soft/my/countof_ns/tests/unit/pos_vla_cv.h(5): error: a type involving a variable length array is not allowed here
      TU_ASSERT_AND_RETURN(d1, TU_COUNTOF(a));
      ^

In file included from /Users/leo/soft/my/countof_ns/tests/unit/tu_stub.h(106),
                 from /Users/leo/soft/my/countof_ns/tests/unit/tu_stub.c(5):
/Users/leo/soft/my/countof_ns/tests/unit/pos_vla_cv.h(5): error: a type involving a variable length array is not allowed here
      TU_ASSERT_AND_RETURN(d1, TU_COUNTOF(a));
      ^

In file included from /Users/leo/soft/my/countof_ns/tests/unit/tu_stub.h(106),
                 from /Users/leo/soft/my/countof_ns/tests/unit/tu_stub.c(5):
/Users/leo/soft/my/countof_ns/tests/unit/pos_vla_cv.h(5): error: a type involving a variable length array is not allowed here
      TU_ASSERT_AND_RETURN(d1, TU_COUNTOF(a));
      ^

In file included from /Users/leo/soft/my/countof_ns/tests/unit/tu_stub.h(106),
                 from /Users/leo/soft/my/countof_ns/tests/unit/tu_stub.c(5):
/Users/leo/soft/my/countof_ns/tests/unit/pos_vla_cv.h(5): error: a type involving a variable length array is not allowed here
      TU_ASSERT_AND_RETURN(d1, TU_COUNTOF(a));
      ^

In file included from /Users/leo/soft/my/countof_ns/tests/unit/tu_stub.h(106),
                 from /Users/leo/soft/my/countof_ns/tests/unit/tu_stub.c(5):
/Users/leo/soft/my/countof_ns/tests/unit/pos_vla_cv.h(5): error: a type involving a variable length array is not allowed here
      TU_ASSERT_AND_RETURN(d1, TU_COUNTOF(a));
      ^

compilation aborted for /Users/leo/soft/my/countof_ns/tests/unit/tu_stub.c (code 2)
gmake[3]: *** [tests/unit/CMakeFiles/pos_vla_cv.dir/build.make:79: tests/unit/CMakeFiles/pos_vla_cv.dir/tu_stub.c.o] Ошибка 2
gmake[2]: *** [CMakeFiles/Makefile2:1251: tests/unit/CMakeFiles/pos_vla_cv.dir/all] Ошибка 2
gmake[1]: *** [CMakeFiles/Makefile2:1258: tests/unit/CMakeFiles/pos_vla_cv.dir/rule] Ошибка 2
gmake: *** [Makefile:485: pos_vla_cv] Ошибка 2

</system-out>
	</testcase>
	<testcase name="pos_vla_cv_c11" classname="pos_vla_cv_c11" time="4.8694" status="run">
		<properties>
			<property name="cmake_labels" value="countof_ns;default"/>
		</properties>
		<system-out>Internal cmake changing into directory: /Users/leo/soft/my/countof_ns/build/Darwin_icc_icpc
Change Dir: '/Users/leo/soft/my/countof_ns/build/Darwin_icc_icpc'

Run Build Command(s): /opt/local/bin/gmake -f Makefile pos_vla_cv_c11
Built target CounofNS
Building C object tests/unit/CMakeFiles/pos_vla_cv_c11.dir/tu_stub.c.o
In file included from /Users/leo/soft/my/countof_ns/tests/unit/tu_stub.h(106),
                 from /Users/leo/soft/my/countof_ns/tests/unit/tu_stub.c(5):
/Users/leo/soft/my/countof_ns/tests/unit/pos_vla_cv.h(5): warning #42: operand types are incompatible ("volatile int (**)[d1]" and "int (**)[&lt;expression&gt;]")
      TU_ASSERT_AND_RETURN(d1, TU_COUNTOF(a));
      ^

In file included from /Users/leo/soft/my/countof_ns/tests/unit/tu_stub.h(106),
                 from /Users/leo/soft/my/countof_ns/tests/unit/tu_stub.c(5):
/Users/leo/soft/my/countof_ns/tests/unit/pos_vla_cv.h(5): warning #1121: subtraction of pointer types "volatile int (**)[d1]" and "int (**)[&lt;expression&gt;]" is nonstandard
      T...
[This part of the test output was removed since it exceeds the threshold of 1024 bytes.]
</system-out>
	</testcase>
	<testcase name="pos_vla_n0" classname="pos_vla_n0" time="2.49963" status="fail">
		<failure message="Failed"/>
		<properties>
			<property name="cmake_labels" value="countof_ns;default"/>
		</properties>
		<system-out>Internal cmake changing into directory: /Users/leo/soft/my/countof_ns/build/Darwin_icc_icpc
Change Dir: '/Users/leo/soft/my/countof_ns/build/Darwin_icc_icpc'

Run Build Command(s): /opt/local/bin/gmake -f Makefile pos_vla_n0
[  0%] Built target CounofNS
[100%] Building C object tests/unit/CMakeFiles/pos_vla_n0.dir/tu_stub.c.o
In file included from /Users/leo/soft/my/countof_ns/tests/unit/tu_stub.h(106),
                 from /Users/leo/soft/my/countof_ns/tests/unit/tu_stub.c(5):
/Users/leo/soft/my/countof_ns/tests/unit/pos_vla_n0.h(5): error: a type involving a variable length array is not allowed here
      TU_ASSERT_AND_RETURN(d1, TU_COUNTOF(b));
      ^

In file included from /Users/leo/soft/my/countof_ns/tests/unit/tu_stub.h(106),
                 from /Users/leo/soft/my/countof_ns/tests/unit/tu_stub.c(5):
/Users/leo/soft/my/countof_ns/tests/unit/pos_vla_n0.h(5): error: a type involving a variable length array is not allowed here
      TU_ASSERT_AND_RETURN(d1, TU_COUNTOF(b));
      ^

In file included from /Users/leo/soft/my/countof_ns/tests/unit/tu_stub.h(106),
                 from /Users/leo/soft/my/countof_ns/tests/unit/tu_stub.c(5):
/Users/leo/soft/my/countof_ns/tests/unit/pos_vla_n0.h(5): error: a type involving a variable length array is not allowed here
      TU_ASSERT_AND_RETURN(d1, TU_COUNTOF(b));
      ^

In file included from /Users/leo/soft/my/countof_ns/tests/unit/tu_stub.h(106),
                 from /Users/leo/soft/my/countof_ns/tests/unit/tu_stub.c(5):
/Users/leo/soft/my/countof_ns/tests/unit/pos_vla_n0.h(5): error: a type involving a variable length array is not allowed here
      TU_ASSERT_AND_RETURN(d1, TU_COUNTOF(b));
      ^

In file included from /Users/leo/soft/my/countof_ns/tests/unit/tu_stub.h(106),
                 from /Users/leo/soft/my/countof_ns/tests/unit/tu_stub.c(5):
/Users/leo/soft/my/countof_ns/tests/unit/pos_vla_n0.h(5): error: a type involving a variable length array is not allowed here
      TU_ASSERT_AND_RETURN(d1, TU_COUNTOF(b));
      ^

In file included from /Users/leo/soft/my/countof_ns/tests/unit/tu_stub.h(106),
                 from /Users/leo/soft/my/countof_ns/tests/unit/tu_stub.c(5):
/Users/leo/soft/my/countof_ns/tests/unit/pos_vla_n0.h(5): error: a type involving a variable length array is not allowed here
      TU_ASSERT_AND_RETURN(d1, TU_COUNTOF(b));
      ^

compilation aborted for /Users/leo/soft/my/countof_ns/tests/unit/tu_stub.c (code 2)
gmake[3]: *** [tests/unit/CMakeFiles/pos_vla_n0.dir/build.make:79: tests/unit/CMakeFiles/pos_vla_n0.dir/tu_stub.c.o] Ошибка 2
gmake[2]: *** [CMakeFiles/Makefile2:1315: tests/unit/CMakeFiles/pos_vla_n0.dir/all] Ошибка 2
gmake[1]: *** [CMakeFiles/Makefile2:1322: tests/unit/CMakeFiles/pos_vla_n0.dir/rule] Ошибка 2
gmake: *** [Makefile:511: pos_vla_n0] Ошибка 2

</system-out>
	</testcase>
	<testcase name="pos_vla_n0_c11" classname="pos_vla_n0_c11" time="5.17163" status="fail">
		<failure message="Failed"/>
		<properties>
			<property name="cmake_labels" value="countof_ns;default"/>
		</properties>
		<system-out>Internal cmake changing into directory: /Users/leo/soft/my/countof_ns/build/Darwin_icc_icpc
Change Dir: '/Users/leo/soft/my/countof_ns/build/Darwin_icc_icpc'

Run Build Command(s): /opt/local/bin/gmake -f Makefile pos_vla_n0_c11
[  0%] Built target CounofNS
[  0%] Building C object tests/unit/CMakeFiles/pos_vla_n0_c11.dir/tu_stub.c.o
[100%] Linking C executable pos_vla_n0_c11
-macosx_version_min has been renamed to -macos_version_min
ld: warning: -keep_dwarf_unwind is obsolete
ld: warning: ignoring duplicate libraries: '/opt/intel/oneapi/compiler/2021.1.1/mac/bin/intel64/../../compiler/lib/libsvml.a'
ld: warning: no platform load command found in '/Users/leo/soft/my/countof_ns/build/Darwin_icc_icpc/tests/unit/CMakeFiles/pos_vla_n0_c11.dir/tu_stub.c.o', assuming: macOS
[100%] Built target pos_vla_n0_c11

Running test command: "/Users/leo/soft/my/countof_ns/build/Darwin_icc_icpc/tests/unit/pos_vla_n0_c11"
Test command failed: /Users/leo/soft/my/countof_ns/build/Darwin_icc_icpc/tests/unit/pos_vla_n0_c11
Fail 0 desired=1 TU_ASSERT_AND_RETURN(((d1)), ...) /Users/leo/soft/my/countof_ns/tests/unit/pos_vla_n0.h:pos_vla_n0.h:TU_UNIT for countof_ns.h:countof_ns() with C11&amp;VLA, C 201112L

</system-out>
	</testcase>
	<testcase name="pos_vla_struct_n0" classname="pos_vla_struct_n0" time="5.00278" status="fail">
		<failure message="Failed"/>
		<properties>
			<property name="cmake_labels" value="countof_ns;default"/>
		</properties>
		<system-out>Internal cmake changing into directory: /Users/leo/soft/my/countof_ns/build/Darwin_icc_icpc
Change Dir: '/Users/leo/soft/my/countof_ns/build/Darwin_icc_icpc'

Run Build Command(s): /opt/local/bin/gmake -f Makefile pos_vla_struct_n0
Built target CounofNS
Building C object tests/unit/CMakeFiles/pos_vla_struct_n0.dir/tu_stub.c.o
Linking C executable pos_vla_struct_n0
-macosx_version_min has been renamed to -macos_version_min
ld: warning: -keep_dwarf_unwind is obsolete
ld: warning: ignoring duplicate libraries: '/opt/intel/oneapi/compiler/2021.1.1/mac/bin/intel64/../../compiler/lib/libsvml.a'
ld: warning: no platform load command found in '/Users/leo/soft/my/countof_ns/build/Darwin_icc_icpc/tests/unit/CMakeFiles/pos_vla_struct_n0.dir/tu_stub.c.o', assuming: macOS
Built target pos_vla_struct_n0

Running test command: "/Users/leo/soft/my/countof_ns/build/Darwin_icc_icpc/tests/unit/pos_vla_struct_n0"
Test command failed: /Users/leo/soft/my/countof_ns/build/Darwin_icc_icpc/tests/unit/pos_vla_struct_n0
Fail 0 desired=1 TU_ASSERT_AND_RETURN(((d1)), ...) /Users/leo/soft/my/countof_ns/tests/unit/pos_vla_struct_n0.h:pos_vla_struct_n0.h:TU_UNIT for countof_ns.h:countof_ns(), C 201112L

</system-out>
	</testcase>
	<testcase name="pos_vla_struct_n0_c11" classname="pos_vla_struct_n0_c11" time="5.00051" status="fail">
		<failure message="Failed"/>
		<properties>
			<property name="cmake_labels" value="countof_ns;default"/>
		</properties>
		<system-out>Internal cmake changing into directory: /Users/leo/soft/my/countof_ns/build/Darwin_icc_icpc
Change Dir: '/Users/leo/soft/my/countof_ns/build/Darwin_icc_icpc'

Run Build Command(s): /opt/local/bin/gmake -f Makefile pos_vla_struct_n0_c11
[  0%] Built target CounofNS
[100%] Building C object tests/unit/CMakeFiles/pos_vla_struct_n0_c11.dir/tu_stub.c.o
[100%] Linking C executable pos_vla_struct_n0_c11
-macosx_version_min has been renamed to -macos_version_min
ld: warning: -keep_dwarf_unwind is obsolete
ld: warning: ignoring duplicate libraries: '/opt/intel/oneapi/compiler/2021.1.1/mac/bin/intel64/../../compiler/lib/libsvml.a'
ld: warning: no platform load command found in '/Users/leo/soft/my/countof_ns/build/Darwin_icc_icpc/tests/unit/CMakeFiles/pos_vla_struct_n0_c11.dir/tu_stub.c.o', assuming: macOS
[100%] Built target pos_vla_struct_n0_c11

Running test command: "/Users/leo/soft/my/countof_ns/build/Darwin_icc_icpc/tests/unit/pos_vla_struct_n0_c11"
Test command failed: /Users/leo/soft/my/countof_ns/build/Darwin_icc_icpc/tests/unit/pos_vla_struct_n0_c11
Fail 0 desired=1 TU_ASSERT_AND_RETURN(((d1)), ...) /Users/leo/soft/my/countof_ns/tests/unit/pos_vla_struct_n0.h:pos_vla_struct_n0.h:TU_UNIT for countof_ns.h:countof_ns() with C11&amp;VLA, C 201112L

</system-out>
	</testcase>
	<testcase name="pos_vla_struct_zla_00" classname="pos_vla_struct_zla_00" time="5.00355" status="run">
		<properties>
			<property name="cmake_labels" value="countof_ns;default"/>
		</properties>
		<system-out>Internal cmake changing into directory: /Users/leo/soft/my/countof_ns/build/Darwin_icc_icpc
Change Dir: '/Users/leo/soft/my/countof_ns/build/Darwin_icc_icpc'

Run Build Command(s): /opt/local/bin/gmake -f Makefile pos_vla_struct_zla_00
[  0%] Built target CounofNS
[  0%] Building C object tests/unit/CMakeFiles/pos_vla_struct_zla_00.dir/tu_stub.c.o
[100%] Linking C executable pos_vla_struct_zla_00
-macosx_version_min has been renamed to -macos_version_min
ld: warning: -keep_dwarf_unwind is obsolete
ld: warning: ignoring duplicate libraries: '/opt/intel/oneapi/compiler/2021.1.1/mac/bin/intel64/../../compiler/lib/libsvml.a'
ld: warning: no platform load command found in '/Users/leo/soft/my/countof_ns/build/Darwin_icc_icpc/tests/unit/CMakeFiles/pos_vla_struct_zla_00.dir/tu_stub.c.o', assuming: macOS
[100%] Built target pos_vla_struct_zla_00

Running test command: "/Users/leo/soft/my/countof_ns/build/Darwin_icc_icpc/tests/unit/pos_vla_struct_zla_00"
Ok 0 TU_ASSERT_AND_RETURN((d0)=0, ...) /Users/leo/soft/my/countof...
[This part of the test output was removed since it exceeds the threshold of 1024 bytes.]
</system-out>
	</testcase>
	<testcase name="pos_vla_struct_zla_00_c11" classname="pos_vla_struct_zla_00_c11" time="0.258083" status="run">
		<properties>
			<property name="cmake_labels" value="countof_ns;default"/>
		</properties>
		<system-out>Ok 0 TU_ASSERT_AND_RETURN((d0)=0, ...) /Users/leo/soft/my/countof_ns/tests/unit/pos_vla_struct_zla_00.h:pos_vla_struct_zla_00.h:TU_UNIT for countof_ns.h:countof_ns() with C11&amp;VLA, C 201112L
</system-out>
	</testcase>
	<testcase name="pos_vla_zla_00" classname="pos_vla_zla_00" time="5.05171" status="run">
		<properties>
			<property name="cmake_labels" value="countof_ns;default"/>
		</properties>
		<system-out>Internal cmake changing into directory: /Users/leo/soft/my/countof_ns/build/Darwin_icc_icpc
Change Dir: '/Users/leo/soft/my/countof_ns/build/Darwin_icc_icpc'

Run Build Command(s): /opt/local/bin/gmake -f Makefile pos_vla_zla_00
[  0%] Built target CounofNS
[100%] Building C object tests/unit/CMakeFiles/pos_vla_zla_00.dir/tu_stub.c.o
[100%] Linking C executable pos_vla_zla_00
-macosx_version_min has been renamed to -macos_version_min
ld: warning: -keep_dwarf_unwind is obsolete
ld: warning: ignoring duplicate libraries: '/opt/intel/oneapi/compiler/2021.1.1/mac/bin/intel64/../../compiler/lib/libsvml.a'
ld: warning: no platform load command found in '/Users/leo/soft/my/countof_ns/build/Darwin_icc_icpc/tests/unit/CMakeFiles/pos_vla_zla_00.dir/tu_stub.c.o', assuming: macOS
[100%] Built target pos_vla_zla_00

Running test command: "/Users/leo/soft/my/countof_ns/build/Darwin_icc_icpc/tests/unit/pos_vla_zla_00"
Ok 0 TU_ASSERT_AND_RETURN((d0)=0, ...) /Users/leo/soft/my/countof_ns/tests/unit/pos_vla_zla_00.h:pos_vla_zl...
[This part of the test output was removed since it exceeds the threshold of 1024 bytes.]
</system-out>
	</testcase>
	<testcase name="pos_vla_zla_00_c11" classname="pos_vla_zla_00_c11" time="0.292376" status="run">
		<properties>
			<property name="cmake_labels" value="countof_ns;default"/>
		</properties>
		<system-out>Ok 0 TU_ASSERT_AND_RETURN((d0)=0, ...) /Users/leo/soft/my/countof_ns/tests/unit/pos_vla_zla_00.h:pos_vla_zla_00.h:TU_UNIT for countof_ns.h:countof_ns() with C11&amp;VLA, C 201112L
</system-out>
	</testcase>
	<testcase name="pos_vla_zla_0n" classname="pos_vla_zla_0n" time="2.63208" status="fail">
		<failure message="Failed"/>
		<properties>
			<property name="cmake_labels" value="countof_ns;default"/>
		</properties>
		<system-out>Internal cmake changing into directory: /Users/leo/soft/my/countof_ns/build/Darwin_icc_icpc
Change Dir: '/Users/leo/soft/my/countof_ns/build/Darwin_icc_icpc'

Run Build Command(s): /opt/local/bin/gmake -f Makefile pos_vla_zla_0n
Built target CounofNS
Building C object tests/unit/CMakeFiles/pos_vla_zla_0n.dir/tu_stub.c.o
In file included from /Users/leo/soft/my/countof_ns/tests/unit/tu_stub.h(106),
                 from /Users/leo/soft/my/countof_ns/tests/unit/tu_stub.c(5):
/Users/leo/soft/my/countof_ns/tests/unit/pos_vla_zla_0n.h(5): error: a type involving a variable length array is not allowed here
      TU_ASSERT_AND_RETURN(d0, TU_COUNTOF(a));
      ^

In file included from /Users/leo/soft/my/countof_ns/tests/unit/tu_stub.h(106),
                 from /Users/leo/soft/my/countof_ns/tests/unit/tu_stub.c(5):
/Users/leo/soft/my/countof_ns/tests/unit/pos_vla_zla_0n.h(5): error: a type involving a variable length array is not allowed here
      TU_ASSERT_AND_RETURN(d0, TU_COUNTOF(a));
      ^

In file included from /Users/leo/soft/my/countof_ns/tests/unit/tu_stub.h(106),
                 from /Users/leo/soft/my/countof_ns/tests/unit/tu_stub.c(5):
/Users/leo/soft/my/countof_ns/tests/unit/pos_vla_zla_0n.h(5): error: a type involving a variable length array is not allowed here
      TU_ASSERT_AND_RETURN(d0, TU_COUNTOF(a));
      ^

In file included from /Users/leo/soft/my/countof_ns/tests/unit/tu_stub.h(106),
                 from /Users/leo/soft/my/countof_ns/tests/unit/tu_stub.c(5):
/Users/leo/soft/my/countof_ns/tests/unit/pos_vla_zla_0n.h(5): error: a type involving a variable length array is not allowed here
      TU_ASSERT_AND_RETURN(d0, TU_COUNTOF(a));
      ^

In file included from /Users/leo/soft/my/countof_ns/tests/unit/tu_stub.h(106),
                 from /Users/leo/soft/my/countof_ns/tests/unit/tu_stub.c(5):
/Users/leo/soft/my/countof_ns/tests/unit/pos_vla_zla_0n.h(5): error: a type involving a variable length array is not allowed here
      TU_ASSERT_AND_RETURN(d0, TU_COUNTOF(a));
      ^

In file included from /Users/leo/soft/my/countof_ns/tests/unit/tu_stub.h(106),
                 from /Users/leo/soft/my/countof_ns/tests/unit/tu_stub.c(5):
/Users/leo/soft/my/countof_ns/tests/unit/pos_vla_zla_0n.h(5): error: a type involving a variable length array is not allowed here
      TU_ASSERT_AND_RETURN(d0, TU_COUNTOF(a));
      ^

compilation aborted for /Users/leo/soft/my/countof_ns/tests/unit/tu_stub.c (code 2)
gmake[3]: *** [tests/unit/CMakeFiles/pos_vla_zla_0n.dir/build.make:79: tests/unit/CMakeFiles/pos_vla_zla_0n.dir/tu_stub.c.o] Ошибка 2
gmake[2]: *** [CMakeFiles/Makefile2:1571: tests/unit/CMakeFiles/pos_vla_zla_0n.dir/all] Ошибка 2
gmake[1]: *** [CMakeFiles/Makefile2:1578: tests/unit/CMakeFiles/pos_vla_zla_0n.dir/rule] Ошибка 2
gmake: *** [Makefile:615: pos_vla_zla_0n] Ошибка 2

</system-out>
	</testcase>
	<testcase name="pos_vla_zla_0n_c11" classname="pos_vla_zla_0n_c11" time="0.260556" status="run">
		<properties>
			<property name="cmake_labels" value="countof_ns;default"/>
		</properties>
		<system-out>Ok 0 TU_ASSERT_AND_RETURN((d0)=0, ...) /Users/leo/soft/my/countof_ns/tests/unit/pos_vla_zla_0n.h:pos_vla_zla_0n.h:TU_UNIT for countof_ns.h:countof_ns() with C11&amp;VLA, C 201112L
</system-out>
	</testcase>
	<testcase name="pos_vla_zla_n0" classname="pos_vla_zla_n0" time="4.92121" status="fail">
		<failure message="Failed"/>
		<properties>
			<property name="cmake_labels" value="countof_ns;default"/>
		</properties>
		<system-out>Internal cmake changing into directory: /Users/leo/soft/my/countof_ns/build/Darwin_icc_icpc
Change Dir: '/Users/leo/soft/my/countof_ns/build/Darwin_icc_icpc'

Run Build Command(s): /opt/local/bin/gmake -f Makefile pos_vla_zla_n0
[  0%] Built target CounofNS
[  0%] Building C object tests/unit/CMakeFiles/pos_vla_zla_n0.dir/tu_stub.c.o
[100%] Linking C executable pos_vla_zla_n0
-macosx_version_min has been renamed to -macos_version_min
ld: warning: -keep_dwarf_unwind is obsolete
ld: warning: ignoring duplicate libraries: '/opt/intel/oneapi/compiler/2021.1.1/mac/bin/intel64/../../compiler/lib/libsvml.a'
ld: warning: no platform load command found in '/Users/leo/soft/my/countof_ns/build/Darwin_icc_icpc/tests/unit/CMakeFiles/pos_vla_zla_n0.dir/tu_stub.c.o', assuming: macOS
[100%] Built target pos_vla_zla_n0

Running test command: "/Users/leo/soft/my/countof_ns/build/Darwin_icc_icpc/tests/unit/pos_vla_zla_n0"
Test command failed: /Users/leo/soft/my/countof_ns/build/Darwin_icc_icpc/tests/unit/pos_vla_zla_n0
Fail 0 desired=1 TU_ASSERT_AND_RETURN(((d1)), ...) /Users/leo/soft/my/countof_ns/tests/unit/pos_vla_zla_n0.h:pos_vla_zla_n0.h:TU_UNIT for countof_ns.h:countof_ns(), C 201112L

</system-out>
	</testcase>
	<testcase name="pos_vla_zla_n0_c11" classname="pos_vla_zla_n0_c11" time="4.92491" status="fail">
		<failure message="Failed"/>
		<properties>
			<property name="cmake_labels" value="countof_ns;default"/>
		</properties>
		<system-out>Internal cmake changing into directory: /Users/leo/soft/my/countof_ns/build/Darwin_icc_icpc
Change Dir: '/Users/leo/soft/my/countof_ns/build/Darwin_icc_icpc'

Run Build Command(s): /opt/local/bin/gmake -f Makefile pos_vla_zla_n0_c11
Built target CounofNS
Building C object tests/unit/CMakeFiles/pos_vla_zla_n0_c11.dir/tu_stub.c.o
Linking C executable pos_vla_zla_n0_c11
-macosx_version_min has been renamed to -macos_version_min
ld: warning: -keep_dwarf_unwind is obsolete
ld: warning: ignoring duplicate libraries: '/opt/intel/oneapi/compiler/2021.1.1/mac/bin/intel64/../../compiler/lib/libsvml.a'
ld: warning: no platform load command found in '/Users/leo/soft/my/countof_ns/build/Darwin_icc_icpc/tests/unit/CMakeFiles/pos_vla_zla_n0_c11.dir/tu_stub.c.o', assuming: macOS
Built target pos_vla_zla_n0_c11

Running test command: "/Users/leo/soft/my/countof_ns/build/Darwin_icc_icpc/tests/unit/pos_vla_zla_n0_c11"
Test command failed: /Users/leo/soft/my/countof_ns/build/Darwin_icc_icpc/tests/unit/pos_vla_zla_n0_c11
Fail 0 desired=1 TU_ASSERT_AND_RETURN(((d1)), ...) /Users/leo/soft/my/countof_ns/tests/unit/pos_vla_zla_n0.h:pos_vla_zla_n0.h:TU_UNIT for countof_ns.h:countof_ns() with C11&amp;VLA, C 201112L

</system-out>
	</testcase>
	<testcase name="pos_zla_00" classname="pos_zla_00" time="0.263071" status="run">
		<properties>
			<property name="cmake_labels" value="countof_ns;default"/>
		</properties>
		<system-out>Ok 0 TU_STATIC_ASSERT_AND_RETURN((0)=0, ...) /Users/leo/soft/my/countof_ns/tests/unit/pos_zla_00.h:pos_zla_00.h:TU_UNIT for countof_ns.h:countof_ns(), C 201112L
</system-out>
	</testcase>
	<testcase name="pos_zla_00_c11" classname="pos_zla_00_c11" time="0.241575" status="run">
		<properties>
			<property name="cmake_labels" value="countof_ns;default"/>
		</properties>
		<system-out>Ok 0 TU_STATIC_ASSERT_AND_RETURN((0)=0, ...) /Users/leo/soft/my/countof_ns/tests/unit/pos_zla_00.h:pos_zla_00.h:TU_UNIT for countof_ns.h:countof_ns() with C11&amp;VLA, C 201112L
</system-out>
	</testcase>
	<testcase name="pos_zla_0n" classname="pos_zla_0n" time="0.268018" status="run">
		<properties>
			<property name="cmake_labels" value="countof_ns;default"/>
		</properties>
		<system-out>Ok 0 TU_STATIC_ASSERT_AND_RETURN((0)=0, ...) /Users/leo/soft/my/countof_ns/tests/unit/pos_zla_0n.h:pos_zla_0n.h:TU_UNIT for countof_ns.h:countof_ns(), C 201112L
</system-out>
	</testcase>
	<testcase name="pos_zla_0n_c11" classname="pos_zla_0n_c11" time="0.243412" status="run">
		<properties>
			<property name="cmake_labels" value="countof_ns;default"/>
		</properties>
		<system-out>Ok 0 TU_STATIC_ASSERT_AND_RETURN((0)=0, ...) /Users/leo/soft/my/countof_ns/tests/unit/pos_zla_0n.h:pos_zla_0n.h:TU_UNIT for countof_ns.h:countof_ns() with C11&amp;VLA, C 201112L
</system-out>
	</testcase>
	<testcase name="pos_zla_n0" classname="pos_zla_n0" time="2.83833" status="fail">
		<failure message="Failed"/>
		<properties>
			<property name="cmake_labels" value="countof_ns;default"/>
		</properties>
		<system-out>Internal cmake changing into directory: /Users/leo/soft/my/countof_ns/build/Darwin_icc_icpc
Change Dir: '/Users/leo/soft/my/countof_ns/build/Darwin_icc_icpc'

Run Build Command(s): /opt/local/bin/gmake -f Makefile pos_zla_n0
[  0%] Built target CounofNS
[  0%] Building C object tests/unit/CMakeFiles/pos_zla_n0.dir/tu_stub.c.o
In file included from /Users/leo/soft/my/countof_ns/tests/unit/tu_stub.h(106),
                 from /Users/leo/soft/my/countof_ns/tests/unit/tu_stub.c(5):
/Users/leo/soft/my/countof_ns/tests/unit/pos_zla_n0.h(4): error: static assertion failed with "(1) == ((((!sizeof(*(b)) ? 0 : sizeof(b)/( sizeof(*(b)) ? sizeof(*(b)) : (size_t)-1 )) + ((size_t)!sizeof(char[_Generic(&amp;(b), __typeof__(*(b)) (*)[(!sizeof(*(b)) ? 0 : sizeof(b)/( sizeof(*(b)) ? sizeof(*(b)) : (size_t)-1 ))]: 1, default: -1)])))))"
      TU_STATIC_ASSERT_AND_RETURN(1, TU_COUNTOF(b));
      ^

compilation aborted for /Users/leo/soft/my/countof_ns/tests/unit/tu_stub.c (code 2)
gmake[3]: *** [tests/unit/CMakeFiles/pos_zla_n0.dir/build.make:79: tests/unit/CMakeFiles/pos_zla_n0.dir/tu_stub.c.o] Ошибка 2
gmake[2]: *** [CMakeFiles/Makefile2:1827: tests/unit/CMakeFiles/pos_zla_n0.dir/all] Ошибка 2
gmake[1]: *** [CMakeFiles/Makefile2:1834: tests/unit/CMakeFiles/pos_zla_n0.dir/rule] Ошибка 2
gmake: *** [Makefile:719: pos_zla_n0] Ошибка 2

</system-out>
	</testcase>
	<testcase name="pos_zla_n0_c11" classname="pos_zla_n0_c11" time="2.87775" status="fail">
		<failure message="Failed"/>
		<properties>
			<property name="cmake_labels" value="countof_ns;default"/>
		</properties>
		<system-out>Internal cmake changing into directory: /Users/leo/soft/my/countof_ns/build/Darwin_icc_icpc
Change Dir: '/Users/leo/soft/my/countof_ns/build/Darwin_icc_icpc'

Run Build Command(s): /opt/local/bin/gmake -f Makefile pos_zla_n0_c11
Built target CounofNS
Building C object tests/unit/CMakeFiles/pos_zla_n0_c11.dir/tu_stub.c.o
In file included from /Users/leo/soft/my/countof_ns/tests/unit/tu_stub.h(106),
                 from /Users/leo/soft/my/countof_ns/tests/unit/tu_stub.c(5):
/Users/leo/soft/my/countof_ns/tests/unit/pos_zla_n0.h(4): error: static assertion failed with "(1) == ((((!sizeof(*(b)) ? 0 : sizeof(b)/( sizeof(*(b)) ? sizeof(*(b)) : (size_t)-1 )) + (0*sizeof( (__typeof__(b) **)&amp;(b) - (__typeof__(*(b))(**)[(!sizeof(*(b)) ? 0 : sizeof(b)/( sizeof(*(b)) ? sizeof(*(b)) : (size_t)-1 ))])&amp;(b))))))"
      TU_STATIC_ASSERT_AND_RETURN(1, TU_COUNTOF(b));
      ^

compilation aborted for /Users/leo/soft/my/countof_ns/tests/unit/tu_stub.c (code 2)
gmake[3]: *** [tests/unit/CMakeFiles/pos_zla_n0_c11.dir/build.make:79: tests/unit/CMakeFiles/pos_zla_n0_c11.dir/tu_stub.c.o] Ошибка 2
gmake[2]: *** [CMakeFiles/Makefile2:1859: tests/unit/CMakeFiles/pos_zla_n0_c11.dir/all] Ошибка 2
gmake[1]: *** [CMakeFiles/Makefile2:1866: tests/unit/CMakeFiles/pos_zla_n0_c11.dir/rule] Ошибка 2
gmake: *** [Makefile:732: pos_zla_n0_c11] Ошибка 2

</system-out>
	</testcase>
	<testcase name="neg__selftest" classname="neg__selftest" time="2.53606" status="run">
		<properties>
			<property name="cmake_labels" value="countof_ns;default"/>
		</properties>
		<system-out>Built target CounofNS
Building C object tests/unit/CMakeFiles/neg__selftest.dir/tu_stub.c.o
In file included from /Users/leo/soft/my/countof_ns/tests/unit/tu_stub.h(106),
                 from /Users/leo/soft/my/countof_ns/tests/unit/tu_stub.c(5):
/Users/leo/soft/my/countof_ns/tests/unit/neg__selftest.h(12): error: static assertion failed with "0"
          tu_static_assert(0);
          ^

compilation aborted for /Users/leo/soft/my/countof_ns/tests/unit/tu_stub.c (code 2)
gmake[3]: *** [tests/unit/CMakeFiles/neg__selftest.dir/build.make:79: tests/unit/CMakeFiles/neg__selftest.dir/tu_stub.c.o] Ошибка 2
gmake[2]: *** [CMakeFiles/Makefile2:1891: tests/unit/CMakeFiles/neg__selftest.dir/all] Ошибка 2
gmake[1]: *** [CMakeFiles/Makefile2:1898: tests/unit/CMakeFiles/neg__selftest.dir/rule] Ошибка 2
gmake: *** [Makefile:745: neg__selftest] Ошибка 2
</system-out>
	</testcase>
	<testcase name="neg__selftest_0_fail" classname="neg__selftest_0_fail" time="0.0440754" status="notrun">
		<skipped message="SKIP_RETURN_CODE=42"/>
		<properties>
			<property name="cmake_labels" value="countof_ns;default"/>
		</properties>
		<system-out></system-out>
	</testcase>
	<testcase name="neg__selftest_c11" classname="neg__selftest_c11" time="2.63534" status="run">
		<properties>
			<property name="cmake_labels" value="countof_ns;default"/>
		</properties>
		<system-out>[  0%] Built target CounofNS
[100%] Building C object tests/unit/CMakeFiles/neg__selftest_c11.dir/tu_stub.c.o
In file included from /Users/leo/soft/my/countof_ns/tests/unit/tu_stub.h(106),
                 from /Users/leo/soft/my/countof_ns/tests/unit/tu_stub.c(5):
/Users/leo/soft/my/countof_ns/tests/unit/neg__selftest.h(12): error: static assertion failed with "0"
          tu_static_assert(0);
          ^

compilation aborted for /Users/leo/soft/my/countof_ns/tests/unit/tu_stub.c (code 2)
gmake[3]: *** [tests/unit/CMakeFiles/neg__selftest_c11.dir/build.make:79: tests/unit/CMakeFiles/neg__selftest_c11.dir/tu_stub.c.o] Ошибка 2
gmake[2]: *** [CMakeFiles/Makefile2:1923: tests/unit/CMakeFiles/neg__selftest_c11.dir/all] Ошибка 2
gmake[1]: *** [CMakeFiles/Makefile2:1930: tests/unit/CMakeFiles/neg__selftest_c11.dir/rule] Ошибка 2
gmake: *** [Makefile:758: neg__selftest_c11] Ошибка 2
</system-out>
	</testcase>
	<testcase name="neg__selftest_c11_0_fail" classname="neg__selftest_c11_0_fail" time="0.045414" status="notrun">
		<skipped message="SKIP_RETURN_CODE=42"/>
		<properties>
			<property name="cmake_labels" value="countof_ns;default"/>
		</properties>
		<system-out></system-out>
	</testcase>
	<testcase name="neg_cv_ptr" classname="neg_cv_ptr" time="2.5959" status="run">
		<properties>
			<property name="cmake_labels" value="countof_ns;default"/>
		</properties>
		<system-out>[  0%] Built target CounofNS
[  0%] Building C object tests/unit/CMakeFiles/neg_cv_ptr.dir/tu_stub.c.o
In file included from /Users/leo/soft/my/countof_ns/tests/unit/tu_stub.h(106),
                 from /Users/leo/soft/my/countof_ns/tests/unit/tu_stub.c(5):
/Users/leo/soft/my/countof_ns/tests/unit/neg_cv_ptr.h(4): error: the size of an array must be greater than zero
      return TU_COUNTOF(p);
             ^

compilation aborted for /Users/leo/soft/my/countof_ns/tests/unit/tu_stub.c (code 2)
gmake[3]: *** [tests/unit/CMakeFiles/neg_cv_ptr.dir/build.make:79: tests/unit/CMakeFiles/neg_cv_ptr.dir/tu_stub.c.o] Ошибка 2
gmake[2]: *** [CMakeFiles/Makefile2:1955: tests/unit/CMakeFiles/neg_cv_ptr.dir/all] Ошибка 2
gmake[1]: *** [CMakeFiles/Makefile2:1962: tests/unit/CMakeFiles/neg_cv_ptr.dir/rule] Ошибка 2
gmake: *** [Makefile:771: neg_cv_ptr] Ошибка 2
</system-out>
	</testcase>
	<testcase name="neg_cv_ptr_0_fail" classname="neg_cv_ptr_0_fail" time="0.041317" status="notrun">
		<skipped message="SKIP_RETURN_CODE=42"/>
		<properties>
			<property name="cmake_labels" value="countof_ns;default"/>
		</properties>
		<system-out></system-out>
	</testcase>
	<testcase name="neg_cv_ptr_c11" classname="neg_cv_ptr_c11" time="4.76208" status="fail">
		<failure message="Failed"/>
		<properties>
			<property name="cmake_labels" value="countof_ns;default"/>
		</properties>
		<system-out>Built target CounofNS
Building C object tests/unit/CMakeFiles/neg_cv_ptr_c11.dir/tu_stub.c.o
In file included from /Users/leo/soft/my/countof_ns/tests/unit/tu_stub.h(106),
                 from /Users/leo/soft/my/countof_ns/tests/unit/tu_stub.c(5):
/Users/leo/soft/my/countof_ns/tests/unit/neg_cv_ptr.h(4): warning #42: operand types are incompatible ("const volatile int ***" and "int (**)[&lt;expression&gt;]")
      return TU_COUNTOF(p);
             ^

In file included from /Users/leo/soft/my/countof_ns/tests/unit/tu_stub.h(106),
                 from /Users/leo/soft/my/countof_ns/tests/unit/tu_stub.c(5):
/Users/leo/soft/my/countof_ns/tests/unit/neg_cv_ptr.h(4): warning #1121: subtraction of pointer types "const volatile int ***" and "int (**)[&lt;expression&gt;]" is nonstandard
      return TU_COUNTOF(p);
             ^

Linking C executable neg_cv_ptr_c11
-macosx_version_min has been renamed to -macos_version_min
ld: warning: -keep_dwarf_unwind is obsolete
ld: warning: ignoring duplicate libraries: '/opt/intel/oneapi/compiler/2021.1.1/mac/bin/intel64/../../compiler/lib/libsvml.a'
ld: warning: no platform load command found in '/Users/leo/soft/my/countof_ns/build/Darwin_icc_icpc/tests/unit/CMakeFiles/neg_cv_ptr_c11.dir/tu_stub.c.o', assuming: macOS
Built target neg_cv_ptr_c11
</system-out>
	</testcase>
	<testcase name="neg_cv_ptr_c11_0_fail" classname="neg_cv_ptr_c11_0_fail" time="0.520811" status="fail">
		<failure message="Failed"/>
		<properties>
			<property name="cmake_labels" value="countof_ns;default"/>
		</properties>
		<system-out>Fail 2 desired=0 main(0, ...) /Users/leo/soft/my/countof_ns/tests/unit/tu_stub.c:neg_cv_ptr.h:TU_UNIT for countof_ns.h:countof_ns() with C11&amp;VLA, C 201112L
</system-out>
	</testcase>
	<testcase name="neg_other" classname="neg_other" time="2.54254" status="run">
		<properties>
			<property name="cmake_labels" value="countof_ns;default"/>
		</properties>
		<system-out>[  0%] Built target CounofNS
[100%] Building C object tests/unit/CMakeFiles/neg_other.dir/tu_stub.c.o
In file included from /Users/leo/soft/my/countof_ns/tests/unit/tu_stub.h(106),
                 from /Users/leo/soft/my/countof_ns/tests/unit/tu_stub.c(5):
/Users/leo/soft/my/countof_ns/tests/unit/neg_other.h(4): error: operand of "*" must be a pointer
      return TU_COUNTOF(i);
             ^

In file included from /Users/leo/soft/my/countof_ns/tests/unit/tu_stub.h(106),
                 from /Users/leo/soft/my/countof_ns/tests/unit/tu_stub.c(5):
/Users/leo/soft/my/countof_ns/tests/unit/neg_other.h(4): error: operand of "*" must be a pointer
      return TU_COUNTOF(i);
             ^

In file included from /Users/leo/soft/my/countof_ns/tests/unit/tu_stub.h(106),
                 from /Users/leo/soft/my/countof_ns/tests/unit/tu_stub.c(5):
/Users/leo/soft/my/countof_ns/tests/unit/neg_other.h(4): error: operand of "*" must be a pointer
      return TU_COUNTOF(i);
             ^

In file included from /Users/le...
[This part of the test output was removed since it exceeds the threshold of 1024 bytes.]
</system-out>
	</testcase>
	<testcase name="neg_other_0_fail" classname="neg_other_0_fail" time="0.0427526" status="notrun">
		<skipped message="SKIP_RETURN_CODE=42"/>
		<properties>
			<property name="cmake_labels" value="countof_ns;default"/>
		</properties>
		<system-out></system-out>
	</testcase>
	<testcase name="neg_other_c11" classname="neg_other_c11" time="2.52129" status="run">
		<properties>
			<property name="cmake_labels" value="countof_ns;default"/>
		</properties>
		<system-out>[  0%] Built target CounofNS
[  0%] Building C object tests/unit/CMakeFiles/neg_other_c11.dir/tu_stub.c.o
In file included from /Users/leo/soft/my/countof_ns/tests/unit/tu_stub.h(106),
                 from /Users/leo/soft/my/countof_ns/tests/unit/tu_stub.c(5):
/Users/leo/soft/my/countof_ns/tests/unit/neg_other.h(4): error: operand of "*" must be a pointer
      return TU_COUNTOF(i);
             ^

In file included from /Users/leo/soft/my/countof_ns/tests/unit/tu_stub.h(106),
                 from /Users/leo/soft/my/countof_ns/tests/unit/tu_stub.c(5):
/Users/leo/soft/my/countof_ns/tests/unit/neg_other.h(4): error: operand of "*" must be a pointer
      return TU_COUNTOF(i);
             ^

In file included from /Users/leo/soft/my/countof_ns/tests/unit/tu_stub.h(106),
                 from /Users/leo/soft/my/countof_ns/tests/unit/tu_stub.c(5):
/Users/leo/soft/my/countof_ns/tests/unit/neg_other.h(4): error: operand of "*" must be a pointer
      return TU_COUNTOF(i);
             ^

In file included from /User...
[This part of the test output was removed since it exceeds the threshold of 1024 bytes.]
</system-out>
	</testcase>
	<testcase name="neg_other_c11_0_fail" classname="neg_other_c11_0_fail" time="0.0425834" status="notrun">
		<skipped message="SKIP_RETURN_CODE=42"/>
		<properties>
			<property name="cmake_labels" value="countof_ns;default"/>
		</properties>
		<system-out></system-out>
	</testcase>
	<testcase name="neg_ptr" classname="neg_ptr" time="2.51091" status="run">
		<properties>
			<property name="cmake_labels" value="countof_ns;default"/>
		</properties>
		<system-out>Built target CounofNS
Building C object tests/unit/CMakeFiles/neg_ptr.dir/tu_stub.c.o
In file included from /Users/leo/soft/my/countof_ns/tests/unit/tu_stub.h(106),
                 from /Users/leo/soft/my/countof_ns/tests/unit/tu_stub.c(5):
/Users/leo/soft/my/countof_ns/tests/unit/neg_ptr.h(6): error: the size of an array must be greater than zero
             TU_COUNTOF(p));  // TODO
             ^

In file included from /Users/leo/soft/my/countof_ns/tests/unit/tu_stub.h(106),
                 from /Users/leo/soft/my/countof_ns/tests/unit/tu_stub.c(5):
/Users/leo/soft/my/countof_ns/tests/unit/neg_ptr.h(7): error: the size of an array must be greater than zero
      return TU_COUNTOF(p);
             ^

compilation aborted for /Users/leo/soft/my/countof_ns/tests/unit/tu_stub.c (code 2)
gmake[3]: *** [tests/unit/CMakeFiles/neg_ptr.dir/build.make:79: tests/unit/CMakeFiles/neg_ptr.dir/tu_stub.c.o] Ошибка 2
gmake[2]: *** [CMakeFiles/Makefile2:2083: tests/unit/CMakeFiles/neg_ptr.dir/all] Ошибка 2
gmak...
[This part of the test output was removed since it exceeds the threshold of 1024 bytes.]
</system-out>
	</testcase>
	<testcase name="neg_ptr_0_fail" classname="neg_ptr_0_fail" time="0.0431334" status="notrun">
		<skipped message="SKIP_RETURN_CODE=42"/>
		<properties>
			<property name="cmake_labels" value="countof_ns;default"/>
		</properties>
		<system-out></system-out>
	</testcase>
	<testcase name="neg_ptr_c11" classname="neg_ptr_c11" time="4.7791" status="fail">
		<failure message="Failed"/>
		<properties>
			<property name="cmake_labels" value="countof_ns;default"/>
		</properties>
		<system-out>[  0%] Built target CounofNS
[100%] Building C object tests/unit/CMakeFiles/neg_ptr_c11.dir/tu_stub.c.o
In file included from /Users/leo/soft/my/countof_ns/tests/unit/tu_stub.h(106),
                 from /Users/leo/soft/my/countof_ns/tests/unit/tu_stub.c(5):
/Users/leo/soft/my/countof_ns/tests/unit/neg_ptr.h(6): warning #42: operand types are incompatible ("int ***" and "int (**)[&lt;expression&gt;]")
             TU_COUNTOF(p));  // TODO
             ^

In file included from /Users/leo/soft/my/countof_ns/tests/unit/tu_stub.h(106),
                 from /Users/leo/soft/my/countof_ns/tests/unit/tu_stub.c(5):
/Users/leo/soft/my/countof_ns/tests/unit/neg_ptr.h(6): warning #1121: subtraction of pointer types "int ***" and "int (**)[&lt;expression&gt;]" is nonstandard
             TU_COUNTOF(p));  // TODO
             ^

In file included from /Users/leo/soft/my/countof_ns/tests/unit/tu_stub.h(106),
                 from /Users/leo/soft/my/countof_ns/tests/unit/tu_stub.c(5):
/Users/leo/soft/my/countof_ns/tests/unit/neg_ptr.h(7): warning #42: operand types are incompatible ("int ***" and "int (**)[&lt;expression&gt;]")
      return TU_COUNTOF(p);
             ^

In file included from /Users/leo/soft/my/countof_ns/tests/unit/tu_stub.h(106),
                 from /Users/leo/soft/my/countof_ns/tests/unit/tu_stub.c(5):
/Users/leo/soft/my/countof_ns/tests/unit/neg_ptr.h(7): warning #1121: subtraction of pointer types "int ***" and "int (**)[&lt;expression&gt;]" is nonstandard
      return TU_COUNTOF(p);
             ^

[100%] Linking C executable neg_ptr_c11
-macosx_version_min has been renamed to -macos_version_min
ld: warning: -keep_dwarf_unwind is obsolete
ld: warning: ignoring duplicate libraries: '/opt/intel/oneapi/compiler/2021.1.1/mac/bin/intel64/../../compiler/lib/libsvml.a'
ld: warning: no platform load command found in '/Users/leo/soft/my/countof_ns/build/Darwin_icc_icpc/tests/unit/CMakeFiles/neg_ptr_c11.dir/tu_stub.c.o', assuming: macOS
[100%] Built target neg_ptr_c11
</system-out>
	</testcase>
	<testcase name="neg_ptr_c11_0_fail" classname="neg_ptr_c11_0_fail" time="0.279418" status="fail">
		<failure message="Failed"/>
		<properties>
			<property name="cmake_labels" value="countof_ns;default"/>
		</properties>
		<system-out>Debug /Users/leo/soft/my/countof_ns/tests/unit/neg_ptr.h:3:TU_UNIT
Debug /Users/leo/soft/my/countof_ns/tests/unit/neg_ptr.h:5:TU_UNIT TU_COUNTOF(p)=2 
Fail 2 desired=0 main(0, ...) /Users/leo/soft/my/countof_ns/tests/unit/tu_stub.c:neg_ptr.h:TU_UNIT for countof_ns.h:countof_ns() with C11&amp;VLA, C 201112L
</system-out>
	</testcase>
	<testcase name="neg_vla_ptr" classname="neg_vla_ptr" time="2.65412" status="run">
		<properties>
			<property name="cmake_labels" value="countof_ns;default"/>
		</properties>
		<system-out>[  0%] Built target CounofNS
[  0%] Building C object tests/unit/CMakeFiles/neg_vla_ptr.dir/tu_stub.c.o
In file included from /Users/leo/soft/my/countof_ns/tests/unit/tu_stub.h(106),
                 from /Users/leo/soft/my/countof_ns/tests/unit/tu_stub.c(5):
/Users/leo/soft/my/countof_ns/tests/unit/neg_vla_ptr.h(6): error: a type involving a variable length array is not allowed here
      return TU_COUNTOF(p);
             ^

compilation aborted for /Users/leo/soft/my/countof_ns/tests/unit/tu_stub.c (code 2)
gmake[3]: *** [tests/unit/CMakeFiles/neg_vla_ptr.dir/build.make:79: tests/unit/CMakeFiles/neg_vla_ptr.dir/tu_stub.c.o] Ошибка 2
gmake[2]: *** [CMakeFiles/Makefile2:2147: tests/unit/CMakeFiles/neg_vla_ptr.dir/all] Ошибка 2
gmake[1]: *** [CMakeFiles/Makefile2:2154: tests/unit/CMakeFiles/neg_vla_ptr.dir/rule] Ошибка 2
gmake: *** [Makefile:849: neg_vla_ptr] Ошибка 2
</system-out>
	</testcase>
	<testcase name="neg_vla_ptr_0_fail" classname="neg_vla_ptr_0_fail" time="0.0433374" status="notrun">
		<skipped message="SKIP_RETURN_CODE=42"/>
		<properties>
			<property name="cmake_labels" value="countof_ns;default"/>
		</properties>
		<system-out></system-out>
	</testcase>
	<testcase name="neg_vla_ptr_c11" classname="neg_vla_ptr_c11" time="4.81013" status="fail">
		<failure message="Failed"/>
		<properties>
			<property name="cmake_labels" value="countof_ns;default"/>
		</properties>
		<system-out>Built target CounofNS
Building C object tests/unit/CMakeFiles/neg_vla_ptr_c11.dir/tu_stub.c.o
In file included from /Users/leo/soft/my/countof_ns/tests/unit/tu_stub.h(106),
                 from /Users/leo/soft/my/countof_ns/tests/unit/tu_stub.c(5):
/Users/leo/soft/my/countof_ns/tests/unit/neg_vla_ptr.h(6): warning #42: operand types are incompatible ("int (***)[d0]" and "int (**)[&lt;expression&gt;][d0]")
      return TU_COUNTOF(p);
             ^

In file included from /Users/leo/soft/my/countof_ns/tests/unit/tu_stub.h(106),
                 from /Users/leo/soft/my/countof_ns/tests/unit/tu_stub.c(5):
/Users/leo/soft/my/countof_ns/tests/unit/neg_vla_ptr.h(6): warning #1121: subtraction of pointer types "int (***)[d0]" and "int (**)[&lt;expression&gt;][d0]" is nonstandard
      return TU_COUNTOF(p);
             ^

Linking C executable neg_vla_ptr_c11
-macosx_version_min has been renamed to -macos_version_min
ld: warning: -keep_dwarf_unwind is obsolete
ld: warning: ignoring duplicate libraries: '/opt/intel/oneapi/compiler/2021.1.1/mac/bin/intel64/../../compiler/lib/libsvml.a'
ld: warning: no platform load command found in '/Users/leo/soft/my/countof_ns/build/Darwin_icc_icpc/tests/unit/CMakeFiles/neg_vla_ptr_c11.dir/tu_stub.c.o', assuming: macOS
Built target neg_vla_ptr_c11
</system-out>
	</testcase>
	<testcase name="neg_vla_ptr_c11_0_fail" classname="neg_vla_ptr_c11_0_fail" time="0.303324" status="fail">
		<failure message="Failed"/>
		<properties>
			<property name="cmake_labels" value="countof_ns;default"/>
		</properties>
		<system-out>Fail 2 desired=0 main(0, ...) /Users/leo/soft/my/countof_ns/tests/unit/tu_stub.c:neg_vla_ptr.h:TU_UNIT for countof_ns.h:countof_ns() with C11&amp;VLA, C 201112L
</system-out>
	</testcase>
	<testcase name="neg_vla_zla_ptr" classname="neg_vla_zla_ptr" time="2.55402" status="run">
		<properties>
			<property name="cmake_labels" value="countof_ns;default"/>
		</properties>
		<system-out>[  0%] Built target CounofNS
[100%] Building C object tests/unit/CMakeFiles/neg_vla_zla_ptr.dir/tu_stub.c.o
In file included from /Users/leo/soft/my/countof_ns/tests/unit/tu_stub.h(106),
                 from /Users/leo/soft/my/countof_ns/tests/unit/tu_stub.c(5):
/Users/leo/soft/my/countof_ns/tests/unit/neg_vla_zla_ptr.h(6): error: a type involving a variable length array is not allowed here
      return TU_COUNTOF(p);
             ^

compilation aborted for /Users/leo/soft/my/countof_ns/tests/unit/tu_stub.c (code 2)
gmake[3]: *** [tests/unit/CMakeFiles/neg_vla_zla_ptr.dir/build.make:79: tests/unit/CMakeFiles/neg_vla_zla_ptr.dir/tu_stub.c.o] Ошибка 2
gmake[2]: *** [CMakeFiles/Makefile2:2211: tests/unit/CMakeFiles/neg_vla_zla_ptr.dir/all] Ошибка 2
gmake[1]: *** [CMakeFiles/Makefile2:2218: tests/unit/CMakeFiles/neg_vla_zla_ptr.dir/rule] Ошибка 2
gmake: *** [Makefile:875: neg_vla_zla_ptr] Ошибка 2
</system-out>
	</testcase>
	<testcase name="neg_vla_zla_ptr_0_fail" classname="neg_vla_zla_ptr_0_fail" time="0.0392706" status="notrun">
		<skipped message="SKIP_RETURN_CODE=42"/>
		<properties>
			<property name="cmake_labels" value="countof_ns;default"/>
		</properties>
		<system-out></system-out>
	</testcase>
	<testcase name="neg_vla_zla_ptr_c11" classname="neg_vla_zla_ptr_c11" time="4.5743" status="fail">
		<failure message="Failed"/>
		<properties>
			<property name="cmake_labels" value="countof_ns;default"/>
		</properties>
		<system-out>[  0%] Built target CounofNS
[  0%] Building C object tests/unit/CMakeFiles/neg_vla_zla_ptr_c11.dir/tu_stub.c.o
In file included from /Users/leo/soft/my/countof_ns/tests/unit/tu_stub.h(106),
                 from /Users/leo/soft/my/countof_ns/tests/unit/tu_stub.c(5):
/Users/leo/soft/my/countof_ns/tests/unit/neg_vla_zla_ptr.h(6): warning #42: operand types are incompatible ("int (***)[d0][0]" and "int (**)[&lt;expression&gt;][d0][0]")
      return TU_COUNTOF(p);
             ^

In file included from /Users/leo/soft/my/countof_ns/tests/unit/tu_stub.h(106),
                 from /Users/leo/soft/my/countof_ns/tests/unit/tu_stub.c(5):
/Users/leo/soft/my/countof_ns/tests/unit/neg_vla_zla_ptr.h(6): warning #1121: subtraction of pointer types "int (***)[d0][0]" and "int (**)[&lt;expression&gt;][d0][0]" is nonstandard
      return TU_COUNTOF(p);
             ^

[100%] Linking C executable neg_vla_zla_ptr_c11
-macosx_version_min has been renamed to -macos_version_min
ld: warning: -keep_dwarf_unwind is obsolete
ld: warning: ignoring duplicate libraries: '/opt/intel/oneapi/compiler/2021.1.1/mac/bin/intel64/../../compiler/lib/libsvml.a'
ld: warning: no platform load command found in '/Users/leo/soft/my/countof_ns/build/Darwin_icc_icpc/tests/unit/CMakeFiles/neg_vla_zla_ptr_c11.dir/tu_stub.c.o', assuming: macOS
[100%] Built target neg_vla_zla_ptr_c11
</system-out>
	</testcase>
	<testcase name="neg_vla_zla_ptr_c11_0_fail" classname="neg_vla_zla_ptr_c11_0_fail" time="0.30618" status="run">
		<properties>
			<property name="cmake_labels" value="countof_ns;default"/>
		</properties>
		<system-out>Fail 0 desired=0 main(0, ...) /Users/leo/soft/my/countof_ns/tests/unit/tu_stub.c:neg_vla_zla_ptr.h:TU_UNIT for countof_ns.h:countof_ns() with C11&amp;VLA, C 201112L
</system-out>
	</testcase>
	<testcase name="neg_zla_ptr" classname="neg_zla_ptr" time="2.53827" status="run">
		<properties>
			<property name="cmake_labels" value="countof_ns;default"/>
		</properties>
		<system-out>Built target CounofNS
Building C object tests/unit/CMakeFiles/neg_zla_ptr.dir/tu_stub.c.o
In file included from /Users/leo/soft/my/countof_ns/tests/unit/tu_stub.h(106),
                 from /Users/leo/soft/my/countof_ns/tests/unit/tu_stub.c(5):
/Users/leo/soft/my/countof_ns/tests/unit/neg_zla_ptr.h(4): error: the size of an array must be greater than zero
      return TU_COUNTOF(p);
             ^

compilation aborted for /Users/leo/soft/my/countof_ns/tests/unit/tu_stub.c (code 2)
gmake[3]: *** [tests/unit/CMakeFiles/neg_zla_ptr.dir/build.make:79: tests/unit/CMakeFiles/neg_zla_ptr.dir/tu_stub.c.o] Ошибка 2
gmake[2]: *** [CMakeFiles/Makefile2:2275: tests/unit/CMakeFiles/neg_zla_ptr.dir/all] Ошибка 2
gmake[1]: *** [CMakeFiles/Makefile2:2282: tests/unit/CMakeFiles/neg_zla_ptr.dir/rule] Ошибка 2
gmake: *** [Makefile:901: neg_zla_ptr] Ошибка 2
</system-out>
	</testcase>
	<testcase name="neg_zla_ptr_0_fail" classname="neg_zla_ptr_0_fail" time="0.042365" status="notrun">
		<skipped message="SKIP_RETURN_CODE=42"/>
		<properties>
			<property name="cmake_labels" value="countof_ns;default"/>
		</properties>
		<system-out></system-out>
	</testcase>
	<testcase name="neg_zla_ptr_c11" classname="neg_zla_ptr_c11" time="4.66465" status="fail">
		<failure message="Failed"/>
		<properties>
			<property name="cmake_labels" value="countof_ns;default"/>
		</properties>
		<system-out>[  0%] Built target CounofNS
[100%] Building C object tests/unit/CMakeFiles/neg_zla_ptr_c11.dir/tu_stub.c.o
In file included from /Users/leo/soft/my/countof_ns/tests/unit/tu_stub.h(106),
                 from /Users/leo/soft/my/countof_ns/tests/unit/tu_stub.c(5):
/Users/leo/soft/my/countof_ns/tests/unit/neg_zla_ptr.h(4): warning #42: operand types are incompatible ("int (***)[0]" and "int (**)[&lt;expression&gt;][0]")
      return TU_COUNTOF(p);
             ^

In file included from /Users/leo/soft/my/countof_ns/tests/unit/tu_stub.h(106),
                 from /Users/leo/soft/my/countof_ns/tests/unit/tu_stub.c(5):
/Users/leo/soft/my/countof_ns/tests/unit/neg_zla_ptr.h(4): warning #1121: subtraction of pointer types "int (***)[0]" and "int (**)[&lt;expression&gt;][0]" is nonstandard
      return TU_COUNTOF(p);
             ^

[100%] Linking C executable neg_zla_ptr_c11
-macosx_version_min has been renamed to -macos_version_min
ld: warning: -keep_dwarf_unwind is obsolete
ld: warning: ignoring duplicate libraries: '/opt/intel/oneapi/compiler/2021.1.1/mac/bin/intel64/../../compiler/lib/libsvml.a'
ld: warning: no platform load command found in '/Users/leo/soft/my/countof_ns/build/Darwin_icc_icpc/tests/unit/CMakeFiles/neg_zla_ptr_c11.dir/tu_stub.c.o', assuming: macOS
[100%] Built target neg_zla_ptr_c11
</system-out>
	</testcase>
	<testcase name="neg_zla_ptr_c11_0_fail" classname="neg_zla_ptr_c11_0_fail" time="0.294521" status="run">
		<properties>
			<property name="cmake_labels" value="countof_ns;default"/>
		</properties>
		<system-out>Fail 0 desired=0 main(0, ...) /Users/leo/soft/my/countof_ns/tests/unit/tu_stub.c:neg_zla_ptr.h:TU_UNIT for countof_ns.h:countof_ns() with C11&amp;VLA, C 201112L
</system-out>
	</testcase>
	<testcase name="neg_zla_vla_ptr" classname="neg_zla_vla_ptr" time="2.47852" status="run">
		<properties>
			<property name="cmake_labels" value="countof_ns;default"/>
		</properties>
		<system-out>[  0%] Built target CounofNS
[  0%] Building C object tests/unit/CMakeFiles/neg_zla_vla_ptr.dir/tu_stub.c.o
In file included from /Users/leo/soft/my/countof_ns/tests/unit/tu_stub.h(106),
                 from /Users/leo/soft/my/countof_ns/tests/unit/tu_stub.c(5):
/Users/leo/soft/my/countof_ns/tests/unit/neg_zla_vla_ptr.h(6): error: a type involving a variable length array is not allowed here
      return TU_COUNTOF(p);
             ^

compilation aborted for /Users/leo/soft/my/countof_ns/tests/unit/tu_stub.c (code 2)
gmake[3]: *** [tests/unit/CMakeFiles/neg_zla_vla_ptr.dir/build.make:79: tests/unit/CMakeFiles/neg_zla_vla_ptr.dir/tu_stub.c.o] Ошибка 2
gmake[2]: *** [CMakeFiles/Makefile2:2339: tests/unit/CMakeFiles/neg_zla_vla_ptr.dir/all] Ошибка 2
gmake[1]: *** [CMakeFiles/Makefile2:2346: tests/unit/CMakeFiles/neg_zla_vla_ptr.dir/rule] Ошибка 2
gmake: *** [Makefile:927: neg_zla_vla_ptr] Ошибка 2
</system-out>
	</testcase>
	<testcase name="neg_zla_vla_ptr_0_fail" classname="neg_zla_vla_ptr_0_fail" time="0.0420151" status="notrun">
		<skipped message="SKIP_RETURN_CODE=42"/>
		<properties>
			<property name="cmake_labels" value="countof_ns;default"/>
		</properties>
		<system-out></system-out>
	</testcase>
	<testcase name="neg_zla_vla_ptr_c11" classname="neg_zla_vla_ptr_c11" time="4.75723" status="fail">
		<failure message="Failed"/>
		<properties>
			<property name="cmake_labels" value="countof_ns;default"/>
		</properties>
		<system-out>Built target CounofNS
Building C object tests/unit/CMakeFiles/neg_zla_vla_ptr_c11.dir/tu_stub.c.o
In file included from /Users/leo/soft/my/countof_ns/tests/unit/tu_stub.h(106),
                 from /Users/leo/soft/my/countof_ns/tests/unit/tu_stub.c(5):
/Users/leo/soft/my/countof_ns/tests/unit/neg_zla_vla_ptr.h(6): warning #42: operand types are incompatible ("int (***)[d0]" and "int (**)[&lt;expression&gt;][d0]")
      return TU_COUNTOF(p);
             ^

In file included from /Users/leo/soft/my/countof_ns/tests/unit/tu_stub.h(106),
                 from /Users/leo/soft/my/countof_ns/tests/unit/tu_stub.c(5):
/Users/leo/soft/my/countof_ns/tests/unit/neg_zla_vla_ptr.h(6): warning #1121: subtraction of pointer types "int (***)[d0]" and "int (**)[&lt;expression&gt;][d0]" is nonstandard
      return TU_COUNTOF(p);
             ^

Linking C executable neg_zla_vla_ptr_c11
-macosx_version_min has been renamed to -macos_version_min
ld: warning: -keep_dwarf_unwind is obsolete
ld: warning: ignoring duplicate libraries: '/opt/intel/oneapi/compiler/2021.1.1/mac/bin/intel64/../../compiler/lib/libsvml.a'
ld: warning: no platform load command found in '/Users/leo/soft/my/countof_ns/build/Darwin_icc_icpc/tests/unit/CMakeFiles/neg_zla_vla_ptr_c11.dir/tu_stub.c.o', assuming: macOS
Built target neg_zla_vla_ptr_c11
</system-out>
	</testcase>
	<testcase name="neg_zla_vla_ptr_c11_0_fail" classname="neg_zla_vla_ptr_c11_0_fail" time="0.306693" status="run">
		<properties>
			<property name="cmake_labels" value="countof_ns;default"/>
		</properties>
		<system-out>Fail 0 desired=0 main(0, ...) /Users/leo/soft/my/countof_ns/tests/unit/tu_stub.c:neg_zla_vla_ptr.h:TU_UNIT for countof_ns.h:countof_ns() with C11&amp;VLA, C 201112L
</system-out>
	</testcase>
	<testcase name="JZMG_ARRAY_LEN-check_vla_struct_n0" classname="JZMG_ARRAY_LEN-check_vla_struct_n0" time="5.01061" status="run">
		<properties>
			<property name="cmake_labels" value="JZMG_ARRAY_LEN"/>
		</properties>
		<system-out>Internal cmake changing into directory: /Users/leo/soft/my/countof_ns/build/Darwin_icc_icpc
Change Dir: '/Users/leo/soft/my/countof_ns/build/Darwin_icc_icpc'

Run Build Command(s): /opt/local/bin/gmake -f Makefile JZMG_ARRAY_LEN-check_vla_struct_n0
Built target CounofNS
Building C object tests/unit/CMakeFiles/JZMG_ARRAY_LEN-check_vla_struct_n0.dir/tu_stub.c.o
Linking C executable JZMG_ARRAY_LEN-check_vla_struct_n0
-macosx_version_min has been renamed to -macos_version_min
ld: warning: -keep_dwarf_unwind is obsolete
ld: warning: ignoring duplicate libraries: '/opt/intel/oneapi/compiler/2021.1.1/mac/bin/intel64/../../compiler/lib/libsvml.a'
ld: warning: no platform load command found in '/Users/leo/soft/my/countof_ns/build/Darwin_icc_icpc/tests/unit/CMakeFiles/JZMG_ARRAY_LEN-check_vla_struct_n0.dir/tu_stub.c.o', assuming: macOS
Built target JZMG_ARRAY_LEN-check_vla_struct_n0

Running test command: "/Users/leo/soft/my/countof_ns/build/Darwin_icc_icpc/tests/unit/JZMG_ARRAY_LEN-check_vla_struct_n0"
Ok 0 TU_ASSERT_...
[This part of the test output was removed since it exceeds the threshold of 1024 bytes.]
</system-out>
	</testcase>
	<testcase name="JZMG_ARRAY_LEN-check_vla_zla_n0" classname="JZMG_ARRAY_LEN-check_vla_zla_n0" time="4.99954" status="run">
		<properties>
			<property name="cmake_labels" value="JZMG_ARRAY_LEN"/>
		</properties>
		<system-out>Internal cmake changing into directory: /Users/leo/soft/my/countof_ns/build/Darwin_icc_icpc
Change Dir: '/Users/leo/soft/my/countof_ns/build/Darwin_icc_icpc'

Run Build Command(s): /opt/local/bin/gmake -f Makefile JZMG_ARRAY_LEN-check_vla_zla_n0
[  0%] Built target CounofNS
[100%] Building C object tests/unit/CMakeFiles/JZMG_ARRAY_LEN-check_vla_zla_n0.dir/tu_stub.c.o
[100%] Linking C executable JZMG_ARRAY_LEN-check_vla_zla_n0
-macosx_version_min has been renamed to -macos_version_min
ld: warning: -keep_dwarf_unwind is obsolete
ld: warning: ignoring duplicate libraries: '/opt/intel/oneapi/compiler/2021.1.1/mac/bin/intel64/../../compiler/lib/libsvml.a'
ld: warning: no platform load command found in '/Users/leo/soft/my/countof_ns/build/Darwin_icc_icpc/tests/unit/CMakeFiles/JZMG_ARRAY_LEN-check_vla_zla_n0.dir/tu_stub.c.o', assuming: macOS
[100%] Built target JZMG_ARRAY_LEN-check_vla_zla_n0

Running test command: "/Users/leo/soft/my/countof_ns/build/Darwin_icc_icpc/tests/unit/JZMG_ARRAY_LEN-check_vla_zla_n0"
Ok 0 ...
[This part of the test output was removed since it exceeds the threshold of 1024 bytes.]
</system-out>
	</testcase>
	<testcase name="JZMG_ARRAY_LEN-pos__selftest" classname="JZMG_ARRAY_LEN-pos__selftest" time="5.00773" status="run">
		<properties>
			<property name="cmake_labels" value="JZMG_ARRAY_LEN"/>
		</properties>
		<system-out>Internal cmake changing into directory: /Users/leo/soft/my/countof_ns/build/Darwin_icc_icpc
Change Dir: '/Users/leo/soft/my/countof_ns/build/Darwin_icc_icpc'

Run Build Command(s): /opt/local/bin/gmake -f Makefile JZMG_ARRAY_LEN-pos__selftest
[  0%] Built target CounofNS
[100%] Building C object tests/unit/CMakeFiles/JZMG_ARRAY_LEN-pos__selftest.dir/tu_stub.c.o
[100%] Linking C executable JZMG_ARRAY_LEN-pos__selftest
-macosx_version_min has been renamed to -macos_version_min
ld: warning: -keep_dwarf_unwind is obsolete
ld: warning: ignoring duplicate libraries: '/opt/intel/oneapi/compiler/2021.1.1/mac/bin/intel64/../../compiler/lib/libsvml.a'
ld: warning: no platform load command found in '/Users/leo/soft/my/countof_ns/build/Darwin_icc_icpc/tests/unit/CMakeFiles/JZMG_ARRAY_LEN-pos__selftest.dir/tu_stub.c.o', assuming: macOS
[100%] Built target JZMG_ARRAY_LEN-pos__selftest

Running test command: "/Users/leo/soft/my/countof_ns/build/Darwin_icc_icpc/tests/unit/JZMG_ARRAY_LEN-pos__selftest"
Ok 1 TU_STATIC_ASSERT_A...
[This part of the test output was removed since it exceeds the threshold of 1024 bytes.]
</system-out>
	</testcase>
	<testcase name="JZMG_ARRAY_LEN-pos_array" classname="JZMG_ARRAY_LEN-pos_array" time="4.97648" status="run">
		<properties>
			<property name="cmake_labels" value="JZMG_ARRAY_LEN"/>
		</properties>
		<system-out>Internal cmake changing into directory: /Users/leo/soft/my/countof_ns/build/Darwin_icc_icpc
Change Dir: '/Users/leo/soft/my/countof_ns/build/Darwin_icc_icpc'

Run Build Command(s): /opt/local/bin/gmake -f Makefile JZMG_ARRAY_LEN-pos_array
[  0%] Built target CounofNS
[  0%] Building C object tests/unit/CMakeFiles/JZMG_ARRAY_LEN-pos_array.dir/tu_stub.c.o
[100%] Linking C executable JZMG_ARRAY_LEN-pos_array
-macosx_version_min has been renamed to -macos_version_min
ld: warning: -keep_dwarf_unwind is obsolete
ld: warning: ignoring duplicate libraries: '/opt/intel/oneapi/compiler/2021.1.1/mac/bin/intel64/../../compiler/lib/libsvml.a'
ld: warning: no platform load command found in '/Users/leo/soft/my/countof_ns/build/Darwin_icc_icpc/tests/unit/CMakeFiles/JZMG_ARRAY_LEN-pos_array.dir/tu_stub.c.o', assuming: macOS
[100%] Built target JZMG_ARRAY_LEN-pos_array

Running test command: "/Users/leo/soft/my/countof_ns/build/Darwin_icc_icpc/tests/unit/JZMG_ARRAY_LEN-pos_array"
Ok 1 TU_STATIC_ASSERT_AND_RETURN((1)=1, ...) /U...
[This part of the test output was removed since it exceeds the threshold of 1024 bytes.]
</system-out>
	</testcase>
	<testcase name="JZMG_ARRAY_LEN-pos_cv_array" classname="JZMG_ARRAY_LEN-pos_cv_array" time="4.91577" status="run">
		<properties>
			<property name="cmake_labels" value="JZMG_ARRAY_LEN"/>
		</properties>
		<system-out>Internal cmake changing into directory: /Users/leo/soft/my/countof_ns/build/Darwin_icc_icpc
Change Dir: '/Users/leo/soft/my/countof_ns/build/Darwin_icc_icpc'

Run Build Command(s): /opt/local/bin/gmake -f Makefile JZMG_ARRAY_LEN-pos_cv_array
Built target CounofNS
Building C object tests/unit/CMakeFiles/JZMG_ARRAY_LEN-pos_cv_array.dir/tu_stub.c.o
In file included from /Users/leo/soft/my/countof_ns/tests/unit/tu_stub.h(106),
                 from /Users/leo/soft/my/countof_ns/tests/unit/tu_stub.c(5):
/Users/leo/soft/my/countof_ns/tests/unit/pos_cv_array.h(4): warning #42: operand types are incompatible ("int (**)[&lt;expression&gt;]" and "const int (**)[1]")
      TU_STATIC_ASSERT_AND_RETURN(1, TU_COUNTOF(a));
      ^

In file included from /Users/leo/soft/my/countof_ns/tests/unit/tu_stub.h(106),
                 from /Users/leo/soft/my/countof_ns/tests/unit/tu_stub.c(5):
/Users/leo/soft/my/countof_ns/tests/unit/pos_cv_array.h(4): warning #1121: subtraction of pointer types "int (**)[&lt;expression&gt;]" and "const int (**...
[This part of the test output was removed since it exceeds the threshold of 1024 bytes.]
</system-out>
	</testcase>
	<testcase name="JZMG_ARRAY_LEN-pos_struct_n0" classname="JZMG_ARRAY_LEN-pos_struct_n0" time="2.50473" status="fail">
		<failure message="Failed"/>
		<properties>
			<property name="cmake_labels" value="JZMG_ARRAY_LEN"/>
		</properties>
		<system-out>Internal cmake changing into directory: /Users/leo/soft/my/countof_ns/build/Darwin_icc_icpc
Change Dir: '/Users/leo/soft/my/countof_ns/build/Darwin_icc_icpc'

Run Build Command(s): /opt/local/bin/gmake -f Makefile JZMG_ARRAY_LEN-pos_struct_n0
[  0%] Built target CounofNS
[100%] Building C object tests/unit/CMakeFiles/JZMG_ARRAY_LEN-pos_struct_n0.dir/tu_stub.c.o
In file included from /Users/leo/soft/my/countof_ns/tests/unit/tu_stub.h(106),
                 from /Users/leo/soft/my/countof_ns/tests/unit/tu_stub.c(5):
/Users/leo/soft/my/countof_ns/tests/unit/pos_struct_n0.h(4): error: division by zero
      TU_STATIC_ASSERT_AND_RETURN(1, TU_COUNTOF(a));
      ^

In file included from /Users/leo/soft/my/countof_ns/tests/unit/tu_stub.h(106),
                 from /Users/leo/soft/my/countof_ns/tests/unit/tu_stub.c(5):
/Users/leo/soft/my/countof_ns/tests/unit/pos_struct_n0.h(4): warning #39: division by zero
      TU_STATIC_ASSERT_AND_RETURN(1, TU_COUNTOF(a));
      ^

In file included from /Users/leo/soft/my/countof_ns/tests/unit/tu_stub.h(106),
                 from /Users/leo/soft/my/countof_ns/tests/unit/tu_stub.c(5):
/Users/leo/soft/my/countof_ns/tests/unit/pos_struct_n0.h(4): warning #39: division by zero
      TU_STATIC_ASSERT_AND_RETURN(1, TU_COUNTOF(a));
      ^

In file included from /Users/leo/soft/my/countof_ns/tests/unit/tu_stub.h(106),
                 from /Users/leo/soft/my/countof_ns/tests/unit/tu_stub.c(5):
/Users/leo/soft/my/countof_ns/tests/unit/pos_struct_n0.h(4): warning #39: division by zero
      TU_STATIC_ASSERT_AND_RETURN(1, TU_COUNTOF(a));
      ^

In file included from /Users/leo/soft/my/countof_ns/tests/unit/tu_stub.h(106),
                 from /Users/leo/soft/my/countof_ns/tests/unit/tu_stub.c(5):
/Users/leo/soft/my/countof_ns/tests/unit/pos_struct_n0.h(4): warning #39: division by zero
      TU_STATIC_ASSERT_AND_RETURN(1, TU_COUNTOF(a));
      ^

In file included from /Users/leo/soft/my/countof_ns/tests/unit/tu_stub.h(106),
                 from /Users/leo/soft/my/countof_ns/tests/unit/tu_stub.c(5):
/Users/leo/soft/my/countof_ns/tests/unit/pos_struct_n0.h(4): warning #39: division by zero
      TU_STATIC_ASSERT_AND_RETURN(1, TU_COUNTOF(a));
      ^

In file included from /Users/leo/soft/my/countof_ns/tests/unit/tu_stub.h(106),
                 from /Users/leo/soft/my/countof_ns/tests/unit/tu_stub.c(5):
/Users/leo/soft/my/countof_ns/tests/unit/pos_struct_n0.h(4): warning #39: division by zero
      TU_STATIC_ASSERT_AND_RETURN(1, TU_COUNTOF(a));
      ^

compilation aborted for /Users/leo/soft/my/countof_ns/tests/unit/tu_stub.c (code 2)
gmake[3]: *** [tests/unit/CMakeFiles/JZMG_ARRAY_LEN-pos_struct_n0.dir/build.make:79: tests/unit/CMakeFiles/JZMG_ARRAY_LEN-pos_struct_n0.dir/tu_stub.c.o] Ошибка 2
gmake[2]: *** [CMakeFiles/Makefile2:2563: tests/unit/CMakeFiles/JZMG_ARRAY_LEN-pos_struct_n0.dir/all] Ошибка 2
gmake[1]: *** [CMakeFiles/Makefile2:2570: tests/unit/CMakeFiles/JZMG_ARRAY_LEN-pos_struct_n0.dir/rule] Ошибка 2
gmake: *** [Makefile:1018: JZMG_ARRAY_LEN-pos_struct_n0] Ошибка 2

</system-out>
	</testcase>
	<testcase name="JZMG_ARRAY_LEN-pos_struct_zla_00" classname="JZMG_ARRAY_LEN-pos_struct_zla_00" time="2.49403" status="fail">
		<failure message="Failed"/>
		<properties>
			<property name="cmake_labels" value="JZMG_ARRAY_LEN"/>
		</properties>
		<system-out>Internal cmake changing into directory: /Users/leo/soft/my/countof_ns/build/Darwin_icc_icpc
Change Dir: '/Users/leo/soft/my/countof_ns/build/Darwin_icc_icpc'

Run Build Command(s): /opt/local/bin/gmake -f Makefile JZMG_ARRAY_LEN-pos_struct_zla_00
[  0%] Built target CounofNS
[  0%] Building C object tests/unit/CMakeFiles/JZMG_ARRAY_LEN-pos_struct_zla_00.dir/tu_stub.c.o
In file included from /Users/leo/soft/my/countof_ns/tests/unit/tu_stub.h(106),
                 from /Users/leo/soft/my/countof_ns/tests/unit/tu_stub.c(5):
/Users/leo/soft/my/countof_ns/tests/unit/pos_struct_zla_00.h(4): error: division by zero
      TU_STATIC_ASSERT_AND_RETURN(0, TU_COUNTOF(a));
      ^

In file included from /Users/leo/soft/my/countof_ns/tests/unit/tu_stub.h(106),
                 from /Users/leo/soft/my/countof_ns/tests/unit/tu_stub.c(5):
/Users/leo/soft/my/countof_ns/tests/unit/pos_struct_zla_00.h(4): warning #39: division by zero
      TU_STATIC_ASSERT_AND_RETURN(0, TU_COUNTOF(a));
      ^

In file included from /Users/leo/soft/my/countof_ns/tests/unit/tu_stub.h(106),
                 from /Users/leo/soft/my/countof_ns/tests/unit/tu_stub.c(5):
/Users/leo/soft/my/countof_ns/tests/unit/pos_struct_zla_00.h(4): warning #39: division by zero
      TU_STATIC_ASSERT_AND_RETURN(0, TU_COUNTOF(a));
      ^

In file included from /Users/leo/soft/my/countof_ns/tests/unit/tu_stub.h(106),
                 from /Users/leo/soft/my/countof_ns/tests/unit/tu_stub.c(5):
/Users/leo/soft/my/countof_ns/tests/unit/pos_struct_zla_00.h(4): warning #39: division by zero
      TU_STATIC_ASSERT_AND_RETURN(0, TU_COUNTOF(a));
      ^

In file included from /Users/leo/soft/my/countof_ns/tests/unit/tu_stub.h(106),
                 from /Users/leo/soft/my/countof_ns/tests/unit/tu_stub.c(5):
/Users/leo/soft/my/countof_ns/tests/unit/pos_struct_zla_00.h(4): warning #39: division by zero
      TU_STATIC_ASSERT_AND_RETURN(0, TU_COUNTOF(a));
      ^

In file included from /Users/leo/soft/my/countof_ns/tests/unit/tu_stub.h(106),
                 from /Users/leo/soft/my/countof_ns/tests/unit/tu_stub.c(5):
/Users/leo/soft/my/countof_ns/tests/unit/pos_struct_zla_00.h(4): warning #39: division by zero
      TU_STATIC_ASSERT_AND_RETURN(0, TU_COUNTOF(a));
      ^

In file included from /Users/leo/soft/my/countof_ns/tests/unit/tu_stub.h(106),
                 from /Users/leo/soft/my/countof_ns/tests/unit/tu_stub.c(5):
/Users/leo/soft/my/countof_ns/tests/unit/pos_struct_zla_00.h(4): warning #39: division by zero
      TU_STATIC_ASSERT_AND_RETURN(0, TU_COUNTOF(a));
      ^

compilation aborted for /Users/leo/soft/my/countof_ns/tests/unit/tu_stub.c (code 2)
gmake[3]: *** [tests/unit/CMakeFiles/JZMG_ARRAY_LEN-pos_struct_zla_00.dir/build.make:79: tests/unit/CMakeFiles/JZMG_ARRAY_LEN-pos_struct_zla_00.dir/tu_stub.c.o] Ошибка 2
gmake[2]: *** [CMakeFiles/Makefile2:2595: tests/unit/CMakeFiles/JZMG_ARRAY_LEN-pos_struct_zla_00.dir/all] Ошибка 2
gmake[1]: *** [CMakeFiles/Makefile2:2602: tests/unit/CMakeFiles/JZMG_ARRAY_LEN-pos_struct_zla_00.dir/rule] Ошибка 2
gmake: *** [Makefile:1031: JZMG_ARRAY_LEN-pos_struct_zla_00] Ошибка 2

</system-out>
	</testcase>
	<testcase name="JZMG_ARRAY_LEN-pos_vla" classname="JZMG_ARRAY_LEN-pos_vla" time="4.99761" status="run">
		<properties>
			<property name="cmake_labels" value="JZMG_ARRAY_LEN"/>
		</properties>
		<system-out>Internal cmake changing into directory: /Users/leo/soft/my/countof_ns/build/Darwin_icc_icpc
Change Dir: '/Users/leo/soft/my/countof_ns/build/Darwin_icc_icpc'

Run Build Command(s): /opt/local/bin/gmake -f Makefile JZMG_ARRAY_LEN-pos_vla
Built target CounofNS
Building C object tests/unit/CMakeFiles/JZMG_ARRAY_LEN-pos_vla.dir/tu_stub.c.o
Linking C executable JZMG_ARRAY_LEN-pos_vla
-macosx_version_min has been renamed to -macos_version_min
ld: warning: -keep_dwarf_unwind is obsolete
ld: warning: ignoring duplicate libraries: '/opt/intel/oneapi/compiler/2021.1.1/mac/bin/intel64/../../compiler/lib/libsvml.a'
ld: warning: no platform load command found in '/Users/leo/soft/my/countof_ns/build/Darwin_icc_icpc/tests/unit/CMakeFiles/JZMG_ARRAY_LEN-pos_vla.dir/tu_stub.c.o', assuming: macOS
Built target JZMG_ARRAY_LEN-pos_vla

Running test command: "/Users/leo/soft/my/countof_ns/build/Darwin_icc_icpc/tests/unit/JZMG_ARRAY_LEN-pos_vla"
Ok 1 TU_ASSERT_AND_RETURN((d1)=1, ...) /Users/leo/soft/my/countof_ns/tests/unit/pos_vla...
[This part of the test output was removed since it exceeds the threshold of 1024 bytes.]
</system-out>
	</testcase>
	<testcase name="JZMG_ARRAY_LEN-pos_vla_00" classname="JZMG_ARRAY_LEN-pos_vla_00" time="5.0035" status="fail">
		<failure message="Failed"/>
		<properties>
			<property name="cmake_labels" value="JZMG_ARRAY_LEN"/>
		</properties>
		<system-out>Internal cmake changing into directory: /Users/leo/soft/my/countof_ns/build/Darwin_icc_icpc
Change Dir: '/Users/leo/soft/my/countof_ns/build/Darwin_icc_icpc'

Run Build Command(s): /opt/local/bin/gmake -f Makefile JZMG_ARRAY_LEN-pos_vla_00
[  0%] Built target CounofNS
[100%] Building C object tests/unit/CMakeFiles/JZMG_ARRAY_LEN-pos_vla_00.dir/tu_stub.c.o
[100%] Linking C executable JZMG_ARRAY_LEN-pos_vla_00
-macosx_version_min has been renamed to -macos_version_min
ld: warning: -keep_dwarf_unwind is obsolete
ld: warning: ignoring duplicate libraries: '/opt/intel/oneapi/compiler/2021.1.1/mac/bin/intel64/../../compiler/lib/libsvml.a'
ld: warning: no platform load command found in '/Users/leo/soft/my/countof_ns/build/Darwin_icc_icpc/tests/unit/CMakeFiles/JZMG_ARRAY_LEN-pos_vla_00.dir/tu_stub.c.o', assuming: macOS
[100%] Built target JZMG_ARRAY_LEN-pos_vla_00

Running test command: "/Users/leo/soft/my/countof_ns/build/Darwin_icc_icpc/tests/unit/JZMG_ARRAY_LEN-pos_vla_00"
Test command failed: /Users/leo/soft/my/countof_ns/build/Darwin_icc_icpc/tests/unit/JZMG_ARRAY_LEN-pos_vla_00

*** Exception executing: Floating-point exception
</system-out>
	</testcase>
	<testcase name="JZMG_ARRAY_LEN-pos_vla_0n" classname="JZMG_ARRAY_LEN-pos_vla_0n" time="5.2647" status="run">
		<properties>
			<property name="cmake_labels" value="JZMG_ARRAY_LEN"/>
		</properties>
		<system-out>Internal cmake changing into directory: /Users/leo/soft/my/countof_ns/build/Darwin_icc_icpc
Change Dir: '/Users/leo/soft/my/countof_ns/build/Darwin_icc_icpc'

Run Build Command(s): /opt/local/bin/gmake -f Makefile JZMG_ARRAY_LEN-pos_vla_0n
[  0%] Built target CounofNS
[  0%] Building C object tests/unit/CMakeFiles/JZMG_ARRAY_LEN-pos_vla_0n.dir/tu_stub.c.o
[100%] Linking C executable JZMG_ARRAY_LEN-pos_vla_0n
-macosx_version_min has been renamed to -macos_version_min
ld: warning: -keep_dwarf_unwind is obsolete
ld: warning: ignoring duplicate libraries: '/opt/intel/oneapi/compiler/2021.1.1/mac/bin/intel64/../../compiler/lib/libsvml.a'
ld: warning: no platform load command found in '/Users/leo/soft/my/countof_ns/build/Darwin_icc_icpc/tests/unit/CMakeFiles/JZMG_ARRAY_LEN-pos_vla_0n.dir/tu_stub.c.o', assuming: macOS
[100%] Built target JZMG_ARRAY_LEN-pos_vla_0n

Running test command: "/Users/leo/soft/my/countof_ns/build/Darwin_icc_icpc/tests/unit/JZMG_ARRAY_LEN-pos_vla_0n"
Ok 0 TU_ASSERT_AND_RETURN((d0)=0, ...) /U...
[This part of the test output was removed since it exceeds the threshold of 1024 bytes.]
</system-out>
	</testcase>
	<testcase name="JZMG_ARRAY_LEN-pos_vla_cv" classname="JZMG_ARRAY_LEN-pos_vla_cv" time="5.06346" status="run">
		<properties>
			<property name="cmake_labels" value="JZMG_ARRAY_LEN"/>
		</properties>
		<system-out>Internal cmake changing into directory: /Users/leo/soft/my/countof_ns/build/Darwin_icc_icpc
Change Dir: '/Users/leo/soft/my/countof_ns/build/Darwin_icc_icpc'

Run Build Command(s): /opt/local/bin/gmake -f Makefile JZMG_ARRAY_LEN-pos_vla_cv
Built target CounofNS
Building C object tests/unit/CMakeFiles/JZMG_ARRAY_LEN-pos_vla_cv.dir/tu_stub.c.o
In file included from /Users/leo/soft/my/countof_ns/tests/unit/tu_stub.h(106),
                 from /Users/leo/soft/my/countof_ns/tests/unit/tu_stub.c(5):
/Users/leo/soft/my/countof_ns/tests/unit/pos_vla_cv.h(5): warning #42: operand types are incompatible ("int (**)[&lt;expression&gt;]" and "volatile int (**)[d1]")
      TU_ASSERT_AND_RETURN(d1, TU_COUNTOF(a));
      ^

In file included from /Users/leo/soft/my/countof_ns/tests/unit/tu_stub.h(106),
                 from /Users/leo/soft/my/countof_ns/tests/unit/tu_stub.c(5):
/Users/leo/soft/my/countof_ns/tests/unit/pos_vla_cv.h(5): warning #1121: subtraction of pointer types "int (**)[&lt;expression&gt;]" and "volatile int (**)[d1]" ...
[This part of the test output was removed since it exceeds the threshold of 1024 bytes.]
</system-out>
	</testcase>
	<testcase name="JZMG_ARRAY_LEN-pos_vla_n0" classname="JZMG_ARRAY_LEN-pos_vla_n0" time="5.00594" status="fail">
		<failure message="Failed"/>
		<properties>
			<property name="cmake_labels" value="JZMG_ARRAY_LEN"/>
		</properties>
		<system-out>Internal cmake changing into directory: /Users/leo/soft/my/countof_ns/build/Darwin_icc_icpc
Change Dir: '/Users/leo/soft/my/countof_ns/build/Darwin_icc_icpc'

Run Build Command(s): /opt/local/bin/gmake -f Makefile JZMG_ARRAY_LEN-pos_vla_n0
[  0%] Built target CounofNS
[100%] Building C object tests/unit/CMakeFiles/JZMG_ARRAY_LEN-pos_vla_n0.dir/tu_stub.c.o
[100%] Linking C executable JZMG_ARRAY_LEN-pos_vla_n0
-macosx_version_min has been renamed to -macos_version_min
ld: warning: -keep_dwarf_unwind is obsolete
ld: warning: ignoring duplicate libraries: '/opt/intel/oneapi/compiler/2021.1.1/mac/bin/intel64/../../compiler/lib/libsvml.a'
ld: warning: no platform load command found in '/Users/leo/soft/my/countof_ns/build/Darwin_icc_icpc/tests/unit/CMakeFiles/JZMG_ARRAY_LEN-pos_vla_n0.dir/tu_stub.c.o', assuming: macOS
[100%] Built target JZMG_ARRAY_LEN-pos_vla_n0

Running test command: "/Users/leo/soft/my/countof_ns/build/Darwin_icc_icpc/tests/unit/JZMG_ARRAY_LEN-pos_vla_n0"
Test command failed: /Users/leo/soft/my/countof_ns/build/Darwin_icc_icpc/tests/unit/JZMG_ARRAY_LEN-pos_vla_n0

*** Exception executing: Floating-point exception
</system-out>
	</testcase>
	<testcase name="JZMG_ARRAY_LEN-pos_vla_struct_n0" classname="JZMG_ARRAY_LEN-pos_vla_struct_n0" time="4.90059" status="fail">
		<failure message="Failed"/>
		<properties>
			<property name="cmake_labels" value="JZMG_ARRAY_LEN"/>
		</properties>
		<system-out>Internal cmake changing into directory: /Users/leo/soft/my/countof_ns/build/Darwin_icc_icpc
Change Dir: '/Users/leo/soft/my/countof_ns/build/Darwin_icc_icpc'

Run Build Command(s): /opt/local/bin/gmake -f Makefile JZMG_ARRAY_LEN-pos_vla_struct_n0
[  0%] Built target CounofNS
[  0%] Building C object tests/unit/CMakeFiles/JZMG_ARRAY_LEN-pos_vla_struct_n0.dir/tu_stub.c.o
In file included from /Users/leo/soft/my/countof_ns/tests/unit/tu_stub.h(106),
                 from /Users/leo/soft/my/countof_ns/tests/unit/tu_stub.c(5):
/Users/leo/soft/my/countof_ns/tests/unit/pos_vla_struct_n0.h(7): warning #39: division by zero
      TU_ASSERT_AND_RETURN(d1, TU_COUNTOF(a));
      ^

In file included from /Users/leo/soft/my/countof_ns/tests/unit/tu_stub.h(106),
                 from /Users/leo/soft/my/countof_ns/tests/unit/tu_stub.c(5):
/Users/leo/soft/my/countof_ns/tests/unit/pos_vla_struct_n0.h(7): warning #39: division by zero
      TU_ASSERT_AND_RETURN(d1, TU_COUNTOF(a));
      ^

In file included from /Users/leo/soft/my/countof_ns/tests/unit/tu_stub.h(106),
                 from /Users/leo/soft/my/countof_ns/tests/unit/tu_stub.c(5):
/Users/leo/soft/my/countof_ns/tests/unit/pos_vla_struct_n0.h(7): warning #39: division by zero
      TU_ASSERT_AND_RETURN(d1, TU_COUNTOF(a));
      ^

In file included from /Users/leo/soft/my/countof_ns/tests/unit/tu_stub.h(106),
                 from /Users/leo/soft/my/countof_ns/tests/unit/tu_stub.c(5):
/Users/leo/soft/my/countof_ns/tests/unit/pos_vla_struct_n0.h(7): warning #39: division by zero
      TU_ASSERT_AND_RETURN(d1, TU_COUNTOF(a));
      ^

In file included from /Users/leo/soft/my/countof_ns/tests/unit/tu_stub.h(106),
                 from /Users/leo/soft/my/countof_ns/tests/unit/tu_stub.c(5):
/Users/leo/soft/my/countof_ns/tests/unit/pos_vla_struct_n0.h(7): warning #39: division by zero
      TU_ASSERT_AND_RETURN(d1, TU_COUNTOF(a));
      ^

In file included from /Users/leo/soft/my/countof_ns/tests/unit/tu_stub.h(106),
                 from /Users/leo/soft/my/countof_ns/tests/unit/tu_stub.c(5):
/Users/leo/soft/my/countof_ns/tests/unit/pos_vla_struct_n0.h(7): warning #39: division by zero
      TU_ASSERT_AND_RETURN(d1, TU_COUNTOF(a));
      ^

[100%] Linking C executable JZMG_ARRAY_LEN-pos_vla_struct_n0
-macosx_version_min has been renamed to -macos_version_min
ld: warning: -keep_dwarf_unwind is obsolete
ld: warning: ignoring duplicate libraries: '/opt/intel/oneapi/compiler/2021.1.1/mac/bin/intel64/../../compiler/lib/libsvml.a'
ld: warning: no platform load command found in '/Users/leo/soft/my/countof_ns/build/Darwin_icc_icpc/tests/unit/CMakeFiles/JZMG_ARRAY_LEN-pos_vla_struct_n0.dir/tu_stub.c.o', assuming: macOS
[100%] Built target JZMG_ARRAY_LEN-pos_vla_struct_n0

Running test command: "/Users/leo/soft/my/countof_ns/build/Darwin_icc_icpc/tests/unit/JZMG_ARRAY_LEN-pos_vla_struct_n0"
Test command failed: /Users/leo/soft/my/countof_ns/build/Darwin_icc_icpc/tests/unit/JZMG_ARRAY_LEN-pos_vla_struct_n0
Fail 0 desired=1 TU_ASSERT_AND_RETURN(((d1)), ...) /Users/leo/soft/my/countof_ns/tests/unit/pos_vla_struct_n0.h:pos_vla_struct_n0.h:TU_UNIT for _comparisons/JZMG_ARRAY_LEN.h:JZMG_ARRAY_LEN(), C 201112L

</system-out>
	</testcase>
	<testcase name="JZMG_ARRAY_LEN-pos_vla_struct_zla_00" classname="JZMG_ARRAY_LEN-pos_vla_struct_zla_00" time="4.8642" status="run">
		<properties>
			<property name="cmake_labels" value="JZMG_ARRAY_LEN"/>
		</properties>
		<system-out>Internal cmake changing into directory: /Users/leo/soft/my/countof_ns/build/Darwin_icc_icpc
Change Dir: '/Users/leo/soft/my/countof_ns/build/Darwin_icc_icpc'

Run Build Command(s): /opt/local/bin/gmake -f Makefile JZMG_ARRAY_LEN-pos_vla_struct_zla_00
Built target CounofNS
Building C object tests/unit/CMakeFiles/JZMG_ARRAY_LEN-pos_vla_struct_zla_00.dir/tu_stub.c.o
In file included from /Users/leo/soft/my/countof_ns/tests/unit/tu_stub.h(106),
                 from /Users/leo/soft/my/countof_ns/tests/unit/tu_stub.c(5):
/Users/leo/soft/my/countof_ns/tests/unit/pos_vla_struct_zla_00.h(5): warning #39: division by zero
      TU_ASSERT_AND_RETURN(d0, TU_COUNTOF(a));
      ^

In file included from /Users/leo/soft/my/countof_ns/tests/unit/tu_stub.h(106),
                 from /Users/leo/soft/my/countof_ns/tests/unit/tu_stub.c(5):
/Users/leo/soft/my/countof_ns/tests/unit/pos_vla_struct_zla_00.h(5): warning #39: division by zero
      TU_ASSERT_AND_RETURN(d0, TU_COUNTOF(a));
      ^

In file included from /Users/leo/sof...
[This part of the test output was removed since it exceeds the threshold of 1024 bytes.]
</system-out>
	</testcase>
	<testcase name="JZMG_ARRAY_LEN-pos_vla_zla_00" classname="JZMG_ARRAY_LEN-pos_vla_zla_00" time="4.89857" status="fail">
		<failure message="Failed"/>
		<properties>
			<property name="cmake_labels" value="JZMG_ARRAY_LEN"/>
		</properties>
		<system-out>Internal cmake changing into directory: /Users/leo/soft/my/countof_ns/build/Darwin_icc_icpc
Change Dir: '/Users/leo/soft/my/countof_ns/build/Darwin_icc_icpc'

Run Build Command(s): /opt/local/bin/gmake -f Makefile JZMG_ARRAY_LEN-pos_vla_zla_00
[  0%] Built target CounofNS
[100%] Building C object tests/unit/CMakeFiles/JZMG_ARRAY_LEN-pos_vla_zla_00.dir/tu_stub.c.o
In file included from /Users/leo/soft/my/countof_ns/tests/unit/tu_stub.h(106),
                 from /Users/leo/soft/my/countof_ns/tests/unit/tu_stub.c(5):
/Users/leo/soft/my/countof_ns/tests/unit/pos_vla_zla_00.h(5): warning #39: division by zero
      TU_ASSERT_AND_RETURN(d0, TU_COUNTOF(b));
      ^

In file included from /Users/leo/soft/my/countof_ns/tests/unit/tu_stub.h(106),
                 from /Users/leo/soft/my/countof_ns/tests/unit/tu_stub.c(5):
/Users/leo/soft/my/countof_ns/tests/unit/pos_vla_zla_00.h(5): warning #39: division by zero
      TU_ASSERT_AND_RETURN(d0, TU_COUNTOF(b));
      ^

In file included from /Users/leo/soft/my/countof_ns/tests/unit/tu_stub.h(106),
                 from /Users/leo/soft/my/countof_ns/tests/unit/tu_stub.c(5):
/Users/leo/soft/my/countof_ns/tests/unit/pos_vla_zla_00.h(5): warning #39: division by zero
      TU_ASSERT_AND_RETURN(d0, TU_COUNTOF(b));
      ^

In file included from /Users/leo/soft/my/countof_ns/tests/unit/tu_stub.h(106),
                 from /Users/leo/soft/my/countof_ns/tests/unit/tu_stub.c(5):
/Users/leo/soft/my/countof_ns/tests/unit/pos_vla_zla_00.h(5): warning #39: division by zero
      TU_ASSERT_AND_RETURN(d0, TU_COUNTOF(b));
      ^

In file included from /Users/leo/soft/my/countof_ns/tests/unit/tu_stub.h(106),
                 from /Users/leo/soft/my/countof_ns/tests/unit/tu_stub.c(5):
/Users/leo/soft/my/countof_ns/tests/unit/pos_vla_zla_00.h(5): warning #39: division by zero
      TU_ASSERT_AND_RETURN(d0, TU_COUNTOF(b));
      ^

In file included from /Users/leo/soft/my/countof_ns/tests/unit/tu_stub.h(106),
                 from /Users/leo/soft/my/countof_ns/tests/unit/tu_stub.c(5):
/Users/leo/soft/my/countof_ns/tests/unit/pos_vla_zla_00.h(5): warning #39: division by zero
      TU_ASSERT_AND_RETURN(d0, TU_COUNTOF(b));
      ^

[100%] Linking C executable JZMG_ARRAY_LEN-pos_vla_zla_00
-macosx_version_min has been renamed to -macos_version_min
ld: warning: -keep_dwarf_unwind is obsolete
ld: warning: ignoring duplicate libraries: '/opt/intel/oneapi/compiler/2021.1.1/mac/bin/intel64/../../compiler/lib/libsvml.a'
ld: warning: no platform load command found in '/Users/leo/soft/my/countof_ns/build/Darwin_icc_icpc/tests/unit/CMakeFiles/JZMG_ARRAY_LEN-pos_vla_zla_00.dir/tu_stub.c.o', assuming: macOS
[100%] Built target JZMG_ARRAY_LEN-pos_vla_zla_00

Running test command: "/Users/leo/soft/my/countof_ns/build/Darwin_icc_icpc/tests/unit/JZMG_ARRAY_LEN-pos_vla_zla_00"
Test command failed: /Users/leo/soft/my/countof_ns/build/Darwin_icc_icpc/tests/unit/JZMG_ARRAY_LEN-pos_vla_zla_00

*** Exception executing: Floating-point exception
</system-out>
	</testcase>
	<testcase name="JZMG_ARRAY_LEN-pos_vla_zla_0n" classname="JZMG_ARRAY_LEN-pos_vla_zla_0n" time="4.84755" status="run">
		<properties>
			<property name="cmake_labels" value="JZMG_ARRAY_LEN"/>
		</properties>
		<system-out>Internal cmake changing into directory: /Users/leo/soft/my/countof_ns/build/Darwin_icc_icpc
Change Dir: '/Users/leo/soft/my/countof_ns/build/Darwin_icc_icpc'

Run Build Command(s): /opt/local/bin/gmake -f Makefile JZMG_ARRAY_LEN-pos_vla_zla_0n
[  0%] Built target CounofNS
[  0%] Building C object tests/unit/CMakeFiles/JZMG_ARRAY_LEN-pos_vla_zla_0n.dir/tu_stub.c.o
[100%] Linking C executable JZMG_ARRAY_LEN-pos_vla_zla_0n
-macosx_version_min has been renamed to -macos_version_min
ld: warning: -keep_dwarf_unwind is obsolete
ld: warning: ignoring duplicate libraries: '/opt/intel/oneapi/compiler/2021.1.1/mac/bin/intel64/../../compiler/lib/libsvml.a'
ld: warning: no platform load command found in '/Users/leo/soft/my/countof_ns/build/Darwin_icc_icpc/tests/unit/CMakeFiles/JZMG_ARRAY_LEN-pos_vla_zla_0n.dir/tu_stub.c.o', assuming: macOS
[100%] Built target JZMG_ARRAY_LEN-pos_vla_zla_0n

Running test command: "/Users/leo/soft/my/countof_ns/build/Darwin_icc_icpc/tests/unit/JZMG_ARRAY_LEN-pos_vla_zla_0n"
Ok 0 TU_ASSERT_AN...
[This part of the test output was removed since it exceeds the threshold of 1024 bytes.]
</system-out>
	</testcase>
	<testcase name="JZMG_ARRAY_LEN-pos_vla_zla_n0" classname="JZMG_ARRAY_LEN-pos_vla_zla_n0" time="4.84534" status="fail">
		<failure message="Failed"/>
		<properties>
			<property name="cmake_labels" value="JZMG_ARRAY_LEN"/>
		</properties>
		<system-out>Internal cmake changing into directory: /Users/leo/soft/my/countof_ns/build/Darwin_icc_icpc
Change Dir: '/Users/leo/soft/my/countof_ns/build/Darwin_icc_icpc'

Run Build Command(s): /opt/local/bin/gmake -f Makefile JZMG_ARRAY_LEN-pos_vla_zla_n0
Built target CounofNS
Building C object tests/unit/CMakeFiles/JZMG_ARRAY_LEN-pos_vla_zla_n0.dir/tu_stub.c.o
In file included from /Users/leo/soft/my/countof_ns/tests/unit/tu_stub.h(106),
                 from /Users/leo/soft/my/countof_ns/tests/unit/tu_stub.c(5):
/Users/leo/soft/my/countof_ns/tests/unit/pos_vla_zla_n0.h(7): warning #39: division by zero
      TU_ASSERT_AND_RETURN(d1, TU_COUNTOF(b));
      ^

In file included from /Users/leo/soft/my/countof_ns/tests/unit/tu_stub.h(106),
                 from /Users/leo/soft/my/countof_ns/tests/unit/tu_stub.c(5):
/Users/leo/soft/my/countof_ns/tests/unit/pos_vla_zla_n0.h(7): warning #39: division by zero
      TU_ASSERT_AND_RETURN(d1, TU_COUNTOF(b));
      ^

In file included from /Users/leo/soft/my/countof_ns/tests/unit/tu_stub.h(106),
                 from /Users/leo/soft/my/countof_ns/tests/unit/tu_stub.c(5):
/Users/leo/soft/my/countof_ns/tests/unit/pos_vla_zla_n0.h(7): warning #39: division by zero
      TU_ASSERT_AND_RETURN(d1, TU_COUNTOF(b));
      ^

In file included from /Users/leo/soft/my/countof_ns/tests/unit/tu_stub.h(106),
                 from /Users/leo/soft/my/countof_ns/tests/unit/tu_stub.c(5):
/Users/leo/soft/my/countof_ns/tests/unit/pos_vla_zla_n0.h(7): warning #39: division by zero
      TU_ASSERT_AND_RETURN(d1, TU_COUNTOF(b));
      ^

In file included from /Users/leo/soft/my/countof_ns/tests/unit/tu_stub.h(106),
                 from /Users/leo/soft/my/countof_ns/tests/unit/tu_stub.c(5):
/Users/leo/soft/my/countof_ns/tests/unit/pos_vla_zla_n0.h(7): warning #39: division by zero
      TU_ASSERT_AND_RETURN(d1, TU_COUNTOF(b));
      ^

In file included from /Users/leo/soft/my/countof_ns/tests/unit/tu_stub.h(106),
                 from /Users/leo/soft/my/countof_ns/tests/unit/tu_stub.c(5):
/Users/leo/soft/my/countof_ns/tests/unit/pos_vla_zla_n0.h(7): warning #39: division by zero
      TU_ASSERT_AND_RETURN(d1, TU_COUNTOF(b));
      ^

Linking C executable JZMG_ARRAY_LEN-pos_vla_zla_n0
-macosx_version_min has been renamed to -macos_version_min
ld: warning: -keep_dwarf_unwind is obsolete
ld: warning: ignoring duplicate libraries: '/opt/intel/oneapi/compiler/2021.1.1/mac/bin/intel64/../../compiler/lib/libsvml.a'
ld: warning: no platform load command found in '/Users/leo/soft/my/countof_ns/build/Darwin_icc_icpc/tests/unit/CMakeFiles/JZMG_ARRAY_LEN-pos_vla_zla_n0.dir/tu_stub.c.o', assuming: macOS
Built target JZMG_ARRAY_LEN-pos_vla_zla_n0

Running test command: "/Users/leo/soft/my/countof_ns/build/Darwin_icc_icpc/tests/unit/JZMG_ARRAY_LEN-pos_vla_zla_n0"
Test command failed: /Users/leo/soft/my/countof_ns/build/Darwin_icc_icpc/tests/unit/JZMG_ARRAY_LEN-pos_vla_zla_n0

*** Exception executing: Floating-point exception
</system-out>
	</testcase>
	<testcase name="JZMG_ARRAY_LEN-pos_zla_00" classname="JZMG_ARRAY_LEN-pos_zla_00" time="2.47424" status="fail">
		<failure message="Failed"/>
		<properties>
			<property name="cmake_labels" value="JZMG_ARRAY_LEN"/>
		</properties>
		<system-out>Internal cmake changing into directory: /Users/leo/soft/my/countof_ns/build/Darwin_icc_icpc
Change Dir: '/Users/leo/soft/my/countof_ns/build/Darwin_icc_icpc'

Run Build Command(s): /opt/local/bin/gmake -f Makefile JZMG_ARRAY_LEN-pos_zla_00
[  0%] Built target CounofNS
[100%] Building C object tests/unit/CMakeFiles/JZMG_ARRAY_LEN-pos_zla_00.dir/tu_stub.c.o
In file included from /Users/leo/soft/my/countof_ns/tests/unit/tu_stub.h(106),
                 from /Users/leo/soft/my/countof_ns/tests/unit/tu_stub.c(5):
/Users/leo/soft/my/countof_ns/tests/unit/pos_zla_00.h(4): error: division by zero
      TU_STATIC_ASSERT_AND_RETURN(0, TU_COUNTOF(b));
      ^

In file included from /Users/leo/soft/my/countof_ns/tests/unit/tu_stub.h(106),
                 from /Users/leo/soft/my/countof_ns/tests/unit/tu_stub.c(5):
/Users/leo/soft/my/countof_ns/tests/unit/pos_zla_00.h(4): warning #39: division by zero
      TU_STATIC_ASSERT_AND_RETURN(0, TU_COUNTOF(b));
      ^

In file included from /Users/leo/soft/my/countof_ns/tests/unit/tu_stub.h(106),
                 from /Users/leo/soft/my/countof_ns/tests/unit/tu_stub.c(5):
/Users/leo/soft/my/countof_ns/tests/unit/pos_zla_00.h(4): warning #39: division by zero
      TU_STATIC_ASSERT_AND_RETURN(0, TU_COUNTOF(b));
      ^

In file included from /Users/leo/soft/my/countof_ns/tests/unit/tu_stub.h(106),
                 from /Users/leo/soft/my/countof_ns/tests/unit/tu_stub.c(5):
/Users/leo/soft/my/countof_ns/tests/unit/pos_zla_00.h(4): warning #39: division by zero
      TU_STATIC_ASSERT_AND_RETURN(0, TU_COUNTOF(b));
      ^

In file included from /Users/leo/soft/my/countof_ns/tests/unit/tu_stub.h(106),
                 from /Users/leo/soft/my/countof_ns/tests/unit/tu_stub.c(5):
/Users/leo/soft/my/countof_ns/tests/unit/pos_zla_00.h(4): warning #39: division by zero
      TU_STATIC_ASSERT_AND_RETURN(0, TU_COUNTOF(b));
      ^

In file included from /Users/leo/soft/my/countof_ns/tests/unit/tu_stub.h(106),
                 from /Users/leo/soft/my/countof_ns/tests/unit/tu_stub.c(5):
/Users/leo/soft/my/countof_ns/tests/unit/pos_zla_00.h(4): warning #39: division by zero
      TU_STATIC_ASSERT_AND_RETURN(0, TU_COUNTOF(b));
      ^

In file included from /Users/leo/soft/my/countof_ns/tests/unit/tu_stub.h(106),
                 from /Users/leo/soft/my/countof_ns/tests/unit/tu_stub.c(5):
/Users/leo/soft/my/countof_ns/tests/unit/pos_zla_00.h(4): warning #39: division by zero
      TU_STATIC_ASSERT_AND_RETURN(0, TU_COUNTOF(b));
      ^

compilation aborted for /Users/leo/soft/my/countof_ns/tests/unit/tu_stub.c (code 2)
gmake[3]: *** [tests/unit/CMakeFiles/JZMG_ARRAY_LEN-pos_zla_00.dir/build.make:79: tests/unit/CMakeFiles/JZMG_ARRAY_LEN-pos_zla_00.dir/tu_stub.c.o] Ошибка 2
gmake[2]: *** [CMakeFiles/Makefile2:2947: tests/unit/CMakeFiles/JZMG_ARRAY_LEN-pos_zla_00.dir/all] Ошибка 2
gmake[1]: *** [CMakeFiles/Makefile2:2954: tests/unit/CMakeFiles/JZMG_ARRAY_LEN-pos_zla_00.dir/rule] Ошибка 2
gmake: *** [Makefile:1174: JZMG_ARRAY_LEN-pos_zla_00] Ошибка 2

</system-out>
	</testcase>
	<testcase name="JZMG_ARRAY_LEN-pos_zla_0n" classname="JZMG_ARRAY_LEN-pos_zla_0n" time="4.89634" status="run">
		<properties>
			<property name="cmake_labels" value="JZMG_ARRAY_LEN"/>
		</properties>
		<system-out>Internal cmake changing into directory: /Users/leo/soft/my/countof_ns/build/Darwin_icc_icpc
Change Dir: '/Users/leo/soft/my/countof_ns/build/Darwin_icc_icpc'

Run Build Command(s): /opt/local/bin/gmake -f Makefile JZMG_ARRAY_LEN-pos_zla_0n
[  0%] Built target CounofNS
[  0%] Building C object tests/unit/CMakeFiles/JZMG_ARRAY_LEN-pos_zla_0n.dir/tu_stub.c.o
[100%] Linking C executable JZMG_ARRAY_LEN-pos_zla_0n
-macosx_version_min has been renamed to -macos_version_min
ld: warning: -keep_dwarf_unwind is obsolete
ld: warning: ignoring duplicate libraries: '/opt/intel/oneapi/compiler/2021.1.1/mac/bin/intel64/../../compiler/lib/libsvml.a'
ld: warning: no platform load command found in '/Users/leo/soft/my/countof_ns/build/Darwin_icc_icpc/tests/unit/CMakeFiles/JZMG_ARRAY_LEN-pos_zla_0n.dir/tu_stub.c.o', assuming: macOS
[100%] Built target JZMG_ARRAY_LEN-pos_zla_0n

Running test command: "/Users/leo/soft/my/countof_ns/build/Darwin_icc_icpc/tests/unit/JZMG_ARRAY_LEN-pos_zla_0n"
Ok 0 TU_STATIC_ASSERT_AND_RETURN((0)=0, ....
[This part of the test output was removed since it exceeds the threshold of 1024 bytes.]
</system-out>
	</testcase>
	<testcase name="JZMG_ARRAY_LEN-pos_zla_n0" classname="JZMG_ARRAY_LEN-pos_zla_n0" time="2.48355" status="fail">
		<failure message="Failed"/>
		<properties>
			<property name="cmake_labels" value="JZMG_ARRAY_LEN"/>
		</properties>
		<system-out>Internal cmake changing into directory: /Users/leo/soft/my/countof_ns/build/Darwin_icc_icpc
Change Dir: '/Users/leo/soft/my/countof_ns/build/Darwin_icc_icpc'

Run Build Command(s): /opt/local/bin/gmake -f Makefile JZMG_ARRAY_LEN-pos_zla_n0
Built target CounofNS
Building C object tests/unit/CMakeFiles/JZMG_ARRAY_LEN-pos_zla_n0.dir/tu_stub.c.o
In file included from /Users/leo/soft/my/countof_ns/tests/unit/tu_stub.h(106),
                 from /Users/leo/soft/my/countof_ns/tests/unit/tu_stub.c(5):
/Users/leo/soft/my/countof_ns/tests/unit/pos_zla_n0.h(4): error: division by zero
      TU_STATIC_ASSERT_AND_RETURN(1, TU_COUNTOF(b));
      ^

In file included from /Users/leo/soft/my/countof_ns/tests/unit/tu_stub.h(106),
                 from /Users/leo/soft/my/countof_ns/tests/unit/tu_stub.c(5):
/Users/leo/soft/my/countof_ns/tests/unit/pos_zla_n0.h(4): warning #39: division by zero
      TU_STATIC_ASSERT_AND_RETURN(1, TU_COUNTOF(b));
      ^

In file included from /Users/leo/soft/my/countof_ns/tests/unit/tu_stub.h(106),
                 from /Users/leo/soft/my/countof_ns/tests/unit/tu_stub.c(5):
/Users/leo/soft/my/countof_ns/tests/unit/pos_zla_n0.h(4): warning #39: division by zero
      TU_STATIC_ASSERT_AND_RETURN(1, TU_COUNTOF(b));
      ^

In file included from /Users/leo/soft/my/countof_ns/tests/unit/tu_stub.h(106),
                 from /Users/leo/soft/my/countof_ns/tests/unit/tu_stub.c(5):
/Users/leo/soft/my/countof_ns/tests/unit/pos_zla_n0.h(4): warning #39: division by zero
      TU_STATIC_ASSERT_AND_RETURN(1, TU_COUNTOF(b));
      ^

In file included from /Users/leo/soft/my/countof_ns/tests/unit/tu_stub.h(106),
                 from /Users/leo/soft/my/countof_ns/tests/unit/tu_stub.c(5):
/Users/leo/soft/my/countof_ns/tests/unit/pos_zla_n0.h(4): warning #39: division by zero
      TU_STATIC_ASSERT_AND_RETURN(1, TU_COUNTOF(b));
      ^

In file included from /Users/leo/soft/my/countof_ns/tests/unit/tu_stub.h(106),
                 from /Users/leo/soft/my/countof_ns/tests/unit/tu_stub.c(5):
/Users/leo/soft/my/countof_ns/tests/unit/pos_zla_n0.h(4): warning #39: division by zero
      TU_STATIC_ASSERT_AND_RETURN(1, TU_COUNTOF(b));
      ^

In file included from /Users/leo/soft/my/countof_ns/tests/unit/tu_stub.h(106),
                 from /Users/leo/soft/my/countof_ns/tests/unit/tu_stub.c(5):
/Users/leo/soft/my/countof_ns/tests/unit/pos_zla_n0.h(4): warning #39: division by zero
      TU_STATIC_ASSERT_AND_RETURN(1, TU_COUNTOF(b));
      ^

compilation aborted for /Users/leo/soft/my/countof_ns/tests/unit/tu_stub.c (code 2)
gmake[3]: *** [tests/unit/CMakeFiles/JZMG_ARRAY_LEN-pos_zla_n0.dir/build.make:79: tests/unit/CMakeFiles/JZMG_ARRAY_LEN-pos_zla_n0.dir/tu_stub.c.o] Ошибка 2
gmake[2]: *** [CMakeFiles/Makefile2:3011: tests/unit/CMakeFiles/JZMG_ARRAY_LEN-pos_zla_n0.dir/all] Ошибка 2
gmake[1]: *** [CMakeFiles/Makefile2:3018: tests/unit/CMakeFiles/JZMG_ARRAY_LEN-pos_zla_n0.dir/rule] Ошибка 2
gmake: *** [Makefile:1200: JZMG_ARRAY_LEN-pos_zla_n0] Ошибка 2

</system-out>
	</testcase>
	<testcase name="JZMG_ARRAY_LEN-neg__selftest" classname="JZMG_ARRAY_LEN-neg__selftest" time="2.43966" status="run">
		<properties>
			<property name="cmake_labels" value="JZMG_ARRAY_LEN"/>
		</properties>
		<system-out>[  0%] Built target CounofNS
[  0%] Building C object tests/unit/CMakeFiles/JZMG_ARRAY_LEN-neg__selftest.dir/tu_stub.c.o
In file included from /Users/leo/soft/my/countof_ns/tests/unit/tu_stub.h(106),
                 from /Users/leo/soft/my/countof_ns/tests/unit/tu_stub.c(5):
/Users/leo/soft/my/countof_ns/tests/unit/neg__selftest.h(12): error: static assertion failed with "0"
          tu_static_assert(0);
          ^

compilation aborted for /Users/leo/soft/my/countof_ns/tests/unit/tu_stub.c (code 2)
gmake[3]: *** [tests/unit/CMakeFiles/JZMG_ARRAY_LEN-neg__selftest.dir/build.make:79: tests/unit/CMakeFiles/JZMG_ARRAY_LEN-neg__selftest.dir/tu_stub.c.o] Ошибка 2
gmake[2]: *** [CMakeFiles/Makefile2:3043: tests/unit/CMakeFiles/JZMG_ARRAY_LEN-neg__selftest.dir/all] Ошибка 2
gmake[1]: *** [CMakeFiles/Makefile2:3050: tests/unit/CMakeFiles/JZMG_ARRAY_LEN-neg__selftest.dir/rule] Ошибка 2
gmake: *** [Makefile:1213: JZMG_ARRAY_LEN-neg__selftest] Ошибка 2
</system-out>
	</testcase>
	<testcase name="JZMG_ARRAY_LEN-neg__selftest_0_fail" classname="JZMG_ARRAY_LEN-neg__selftest_0_fail" time="0.0414524" status="notrun">
		<skipped message="SKIP_RETURN_CODE=42"/>
		<properties>
			<property name="cmake_labels" value="JZMG_ARRAY_LEN"/>
		</properties>
		<system-out></system-out>
	</testcase>
	<testcase name="JZMG_ARRAY_LEN-neg_cv_ptr" classname="JZMG_ARRAY_LEN-neg_cv_ptr" time="4.6715" status="fail">
		<failure message="Failed"/>
		<properties>
			<property name="cmake_labels" value="JZMG_ARRAY_LEN"/>
		</properties>
		<system-out>Built target CounofNS
Building C object tests/unit/CMakeFiles/JZMG_ARRAY_LEN-neg_cv_ptr.dir/tu_stub.c.o
In file included from /Users/leo/soft/my/countof_ns/tests/unit/tu_stub.h(106),
                 from /Users/leo/soft/my/countof_ns/tests/unit/tu_stub.c(5):
/Users/leo/soft/my/countof_ns/tests/unit/neg_cv_ptr.h(4): warning #42: operand types are incompatible ("int (**)[&lt;expression&gt;]" and "const volatile int ***")
      return TU_COUNTOF(p);
             ^

In file included from /Users/leo/soft/my/countof_ns/tests/unit/tu_stub.h(106),
                 from /Users/leo/soft/my/countof_ns/tests/unit/tu_stub.c(5):
/Users/leo/soft/my/countof_ns/tests/unit/neg_cv_ptr.h(4): warning #1121: subtraction of pointer types "int (**)[&lt;expression&gt;]" and "const volatile int ***" is nonstandard
      return TU_COUNTOF(p);
             ^

Linking C executable JZMG_ARRAY_LEN-neg_cv_ptr
-macosx_version_min has been renamed to -macos_version_min
ld: warning: -keep_dwarf_unwind is obsolete
ld: warning: ignoring duplicate libraries: '/opt/intel/oneapi/compiler/2021.1.1/mac/bin/intel64/../../compiler/lib/libsvml.a'
ld: warning: no platform load command found in '/Users/leo/soft/my/countof_ns/build/Darwin_icc_icpc/tests/unit/CMakeFiles/JZMG_ARRAY_LEN-neg_cv_ptr.dir/tu_stub.c.o', assuming: macOS
Built target JZMG_ARRAY_LEN-neg_cv_ptr
</system-out>
	</testcase>
	<testcase name="JZMG_ARRAY_LEN-neg_cv_ptr_0_fail" classname="JZMG_ARRAY_LEN-neg_cv_ptr_0_fail" time="0.313577" status="fail">
		<failure message="Failed"/>
		<properties>
			<property name="cmake_labels" value="JZMG_ARRAY_LEN"/>
		</properties>
		<system-out>Fail 2 desired=0 main(0, ...) /Users/leo/soft/my/countof_ns/tests/unit/tu_stub.c:neg_cv_ptr.h:TU_UNIT for _comparisons/JZMG_ARRAY_LEN.h:JZMG_ARRAY_LEN(), C 201112L
</system-out>
	</testcase>
	<testcase name="JZMG_ARRAY_LEN-neg_other" classname="JZMG_ARRAY_LEN-neg_other" time="2.56531" status="run">
		<properties>
			<property name="cmake_labels" value="JZMG_ARRAY_LEN"/>
		</properties>
		<system-out>[  0%] Built target CounofNS
[100%] Building C object tests/unit/CMakeFiles/JZMG_ARRAY_LEN-neg_other.dir/tu_stub.c.o
In file included from /Users/leo/soft/my/countof_ns/tests/unit/tu_stub.h(106),
                 from /Users/leo/soft/my/countof_ns/tests/unit/tu_stub.c(5):
/Users/leo/soft/my/countof_ns/tests/unit/neg_other.h(4): error: operand of "*" must be a pointer
      return TU_COUNTOF(i);
             ^

In file included from /Users/leo/soft/my/countof_ns/tests/unit/tu_stub.h(106),
                 from /Users/leo/soft/my/countof_ns/tests/unit/tu_stub.c(5):
/Users/leo/soft/my/countof_ns/tests/unit/neg_other.h(4): error: operand of "*" must be a pointer
      return TU_COUNTOF(i);
             ^

In file included from /Users/leo/soft/my/countof_ns/tests/unit/tu_stub.h(106),
                 from /Users/leo/soft/my/countof_ns/tests/unit/tu_stub.c(5):
/Users/leo/soft/my/countof_ns/tests/unit/neg_other.h(4): error: operand of "*" must be a pointer
      return TU_COUNTOF(i);
             ^

compilation abor...
[This part of the test output was removed since it exceeds the threshold of 1024 bytes.]
</system-out>
	</testcase>
	<testcase name="JZMG_ARRAY_LEN-neg_other_0_fail" classname="JZMG_ARRAY_LEN-neg_other_0_fail" time="0.0420891" status="notrun">
		<skipped message="SKIP_RETURN_CODE=42"/>
		<properties>
			<property name="cmake_labels" value="JZMG_ARRAY_LEN"/>
		</properties>
		<system-out></system-out>
	</testcase>
	<testcase name="JZMG_ARRAY_LEN-neg_ptr" classname="JZMG_ARRAY_LEN-neg_ptr" time="4.86807" status="fail">
		<failure message="Failed"/>
		<properties>
			<property name="cmake_labels" value="JZMG_ARRAY_LEN"/>
		</properties>
		<system-out>[  0%] Built target CounofNS
[  0%] Building C object tests/unit/CMakeFiles/JZMG_ARRAY_LEN-neg_ptr.dir/tu_stub.c.o
In file included from /Users/leo/soft/my/countof_ns/tests/unit/tu_stub.h(106),
                 from /Users/leo/soft/my/countof_ns/tests/unit/tu_stub.c(5):
/Users/leo/soft/my/countof_ns/tests/unit/neg_ptr.h(6): warning #42: operand types are incompatible ("int (**)[&lt;expression&gt;]" and "int ***")
             TU_COUNTOF(p));  // TODO
             ^

In file included from /Users/leo/soft/my/countof_ns/tests/unit/tu_stub.h(106),
                 from /Users/leo/soft/my/countof_ns/tests/unit/tu_stub.c(5):
/Users/leo/soft/my/countof_ns/tests/unit/neg_ptr.h(6): warning #1121: subtraction of pointer types "int (**)[&lt;expression&gt;]" and "int ***" is nonstandard
             TU_COUNTOF(p));  // TODO
             ^

In file included from /Users/leo/soft/my/countof_ns/tests/unit/tu_stub.h(106),
                 from /Users/leo/soft/my/countof_ns/tests/unit/tu_stub.c(5):
/Users/leo/soft/my/countof_ns/tests/unit/neg_ptr.h(7): warning #42: operand types are incompatible ("int (**)[&lt;expression&gt;]" and "int ***")
      return TU_COUNTOF(p);
             ^

In file included from /Users/leo/soft/my/countof_ns/tests/unit/tu_stub.h(106),
                 from /Users/leo/soft/my/countof_ns/tests/unit/tu_stub.c(5):
/Users/leo/soft/my/countof_ns/tests/unit/neg_ptr.h(7): warning #1121: subtraction of pointer types "int (**)[&lt;expression&gt;]" and "int ***" is nonstandard
      return TU_COUNTOF(p);
             ^

[100%] Linking C executable JZMG_ARRAY_LEN-neg_ptr
-macosx_version_min has been renamed to -macos_version_min
ld: warning: -keep_dwarf_unwind is obsolete
ld: warning: ignoring duplicate libraries: '/opt/intel/oneapi/compiler/2021.1.1/mac/bin/intel64/../../compiler/lib/libsvml.a'
ld: warning: no platform load command found in '/Users/leo/soft/my/countof_ns/build/Darwin_icc_icpc/tests/unit/CMakeFiles/JZMG_ARRAY_LEN-neg_ptr.dir/tu_stub.c.o', assuming: macOS
[100%] Built target JZMG_ARRAY_LEN-neg_ptr
</system-out>
	</testcase>
	<testcase name="JZMG_ARRAY_LEN-neg_ptr_0_fail" classname="JZMG_ARRAY_LEN-neg_ptr_0_fail" time="0.302234" status="fail">
		<failure message="Failed"/>
		<properties>
			<property name="cmake_labels" value="JZMG_ARRAY_LEN"/>
		</properties>
		<system-out>Debug /Users/leo/soft/my/countof_ns/tests/unit/neg_ptr.h:3:TU_UNIT
Debug /Users/leo/soft/my/countof_ns/tests/unit/neg_ptr.h:5:TU_UNIT TU_COUNTOF(p)=2 
Fail 2 desired=0 main(0, ...) /Users/leo/soft/my/countof_ns/tests/unit/tu_stub.c:neg_ptr.h:TU_UNIT for _comparisons/JZMG_ARRAY_LEN.h:JZMG_ARRAY_LEN(), C 201112L
</system-out>
	</testcase>
	<testcase name="JZMG_ARRAY_LEN-neg_vla_ptr" classname="JZMG_ARRAY_LEN-neg_vla_ptr" time="4.70389" status="fail">
		<failure message="Failed"/>
		<properties>
			<property name="cmake_labels" value="JZMG_ARRAY_LEN"/>
		</properties>
		<system-out>Built target CounofNS
Building C object tests/unit/CMakeFiles/JZMG_ARRAY_LEN-neg_vla_ptr.dir/tu_stub.c.o
In file included from /Users/leo/soft/my/countof_ns/tests/unit/tu_stub.h(106),
                 from /Users/leo/soft/my/countof_ns/tests/unit/tu_stub.c(5):
/Users/leo/soft/my/countof_ns/tests/unit/neg_vla_ptr.h(6): warning #42: operand types are incompatible ("int (**)[&lt;expression&gt;][d0]" and "int (***)[d0]")
      return TU_COUNTOF(p);
             ^

In file included from /Users/leo/soft/my/countof_ns/tests/unit/tu_stub.h(106),
                 from /Users/leo/soft/my/countof_ns/tests/unit/tu_stub.c(5):
/Users/leo/soft/my/countof_ns/tests/unit/neg_vla_ptr.h(6): warning #1121: subtraction of pointer types "int (**)[&lt;expression&gt;][d0]" and "int (***)[d0]" is nonstandard
      return TU_COUNTOF(p);
             ^

Linking C executable JZMG_ARRAY_LEN-neg_vla_ptr
-macosx_version_min has been renamed to -macos_version_min
ld: warning: -keep_dwarf_unwind is obsolete
ld: warning: ignoring duplicate libraries: '/opt/intel/oneapi/compiler/2021.1.1/mac/bin/intel64/../../compiler/lib/libsvml.a'
ld: warning: no platform load command found in '/Users/leo/soft/my/countof_ns/build/Darwin_icc_icpc/tests/unit/CMakeFiles/JZMG_ARRAY_LEN-neg_vla_ptr.dir/tu_stub.c.o', assuming: macOS
Built target JZMG_ARRAY_LEN-neg_vla_ptr
</system-out>
	</testcase>
	<testcase name="JZMG_ARRAY_LEN-neg_vla_ptr_0_fail" classname="JZMG_ARRAY_LEN-neg_vla_ptr_0_fail" time="0.283072" status="fail">
		<failure message="Failed"/>
		<properties>
			<property name="cmake_labels" value="JZMG_ARRAY_LEN"/>
		</properties>
		<system-out>Fail 2 desired=0 main(0, ...) /Users/leo/soft/my/countof_ns/tests/unit/tu_stub.c:neg_vla_ptr.h:TU_UNIT for _comparisons/JZMG_ARRAY_LEN.h:JZMG_ARRAY_LEN(), C 201112L
</system-out>
	</testcase>
	<testcase name="JZMG_ARRAY_LEN-neg_vla_zla_ptr" classname="JZMG_ARRAY_LEN-neg_vla_zla_ptr" time="4.62484" status="fail">
		<failure message="Failed"/>
		<properties>
			<property name="cmake_labels" value="JZMG_ARRAY_LEN"/>
		</properties>
		<system-out>[  0%] Built target CounofNS
[100%] Building C object tests/unit/CMakeFiles/JZMG_ARRAY_LEN-neg_vla_zla_ptr.dir/tu_stub.c.o
In file included from /Users/leo/soft/my/countof_ns/tests/unit/tu_stub.h(106),
                 from /Users/leo/soft/my/countof_ns/tests/unit/tu_stub.c(5):
/Users/leo/soft/my/countof_ns/tests/unit/neg_vla_zla_ptr.h(6): warning #42: operand types are incompatible ("int (**)[&lt;expression&gt;][d0][0]" and "int (***)[d0][0]")
      return TU_COUNTOF(p);
             ^

In file included from /Users/leo/soft/my/countof_ns/tests/unit/tu_stub.h(106),
                 from /Users/leo/soft/my/countof_ns/tests/unit/tu_stub.c(5):
/Users/leo/soft/my/countof_ns/tests/unit/neg_vla_zla_ptr.h(6): warning #1121: subtraction of pointer types "int (**)[&lt;expression&gt;][d0][0]" and "int (***)[d0][0]" is nonstandard
      return TU_COUNTOF(p);
             ^

[100%] Linking C executable JZMG_ARRAY_LEN-neg_vla_zla_ptr
-macosx_version_min has been renamed to -macos_version_min
ld: warning: -keep_dwarf_unwind is obsolete
ld: warning: ignoring duplicate libraries: '/opt/intel/oneapi/compiler/2021.1.1/mac/bin/intel64/../../compiler/lib/libsvml.a'
ld: warning: no platform load command found in '/Users/leo/soft/my/countof_ns/build/Darwin_icc_icpc/tests/unit/CMakeFiles/JZMG_ARRAY_LEN-neg_vla_zla_ptr.dir/tu_stub.c.o', assuming: macOS
[100%] Built target JZMG_ARRAY_LEN-neg_vla_zla_ptr
</system-out>
	</testcase>
	<testcase name="JZMG_ARRAY_LEN-neg_vla_zla_ptr_0_fail" classname="JZMG_ARRAY_LEN-neg_vla_zla_ptr_0_fail" time="0.320516" status="fail">
		<failure message="Failed"/>
		<properties>
			<property name="cmake_labels" value="JZMG_ARRAY_LEN"/>
		</properties>
		<system-out>/Users/leo/soft/my/countof_ns/build/Darwin_icc_icpc/tests/unit/JZMG_ARRAY_LEN-neg_vla_zla_ptr EXIT not integer CMD_RESULT=Floating-point exception
</system-out>
	</testcase>
	<testcase name="JZMG_ARRAY_LEN-neg_zla_ptr" classname="JZMG_ARRAY_LEN-neg_zla_ptr" time="4.84345" status="fail">
		<failure message="Failed"/>
		<properties>
			<property name="cmake_labels" value="JZMG_ARRAY_LEN"/>
		</properties>
		<system-out>[  0%] Built target CounofNS
[  0%] Building C object tests/unit/CMakeFiles/JZMG_ARRAY_LEN-neg_zla_ptr.dir/tu_stub.c.o
In file included from /Users/leo/soft/my/countof_ns/tests/unit/tu_stub.h(106),
                 from /Users/leo/soft/my/countof_ns/tests/unit/tu_stub.c(5):
/Users/leo/soft/my/countof_ns/tests/unit/neg_zla_ptr.h(4): warning #39: division by zero
      return TU_COUNTOF(p);
             ^

In file included from /Users/leo/soft/my/countof_ns/tests/unit/tu_stub.h(106),
                 from /Users/leo/soft/my/countof_ns/tests/unit/tu_stub.c(5):
/Users/leo/soft/my/countof_ns/tests/unit/neg_zla_ptr.h(4): warning #42: operand types are incompatible ("int (**)[&lt;expression&gt;][0]" and "int (***)[0]")
      return TU_COUNTOF(p);
             ^

In file included from /Users/leo/soft/my/countof_ns/tests/unit/tu_stub.h(106),
                 from /Users/leo/soft/my/countof_ns/tests/unit/tu_stub.c(5):
/Users/leo/soft/my/countof_ns/tests/unit/neg_zla_ptr.h(4): warning #1121: subtraction of pointer types "int (**)[&lt;expression&gt;][0]" and "int (***)[0]" is nonstandard
      return TU_COUNTOF(p);
             ^

[100%] Linking C executable JZMG_ARRAY_LEN-neg_zla_ptr
-macosx_version_min has been renamed to -macos_version_min
ld: warning: -keep_dwarf_unwind is obsolete
ld: warning: ignoring duplicate libraries: '/opt/intel/oneapi/compiler/2021.1.1/mac/bin/intel64/../../compiler/lib/libsvml.a'
ld: warning: no platform load command found in '/Users/leo/soft/my/countof_ns/build/Darwin_icc_icpc/tests/unit/CMakeFiles/JZMG_ARRAY_LEN-neg_zla_ptr.dir/tu_stub.c.o', assuming: macOS
[100%] Built target JZMG_ARRAY_LEN-neg_zla_ptr
</system-out>
	</testcase>
	<testcase name="JZMG_ARRAY_LEN-neg_zla_ptr_0_fail" classname="JZMG_ARRAY_LEN-neg_zla_ptr_0_fail" time="0.290728" status="fail">
		<failure message="Failed"/>
		<properties>
			<property name="cmake_labels" value="JZMG_ARRAY_LEN"/>
		</properties>
		<system-out>/Users/leo/soft/my/countof_ns/build/Darwin_icc_icpc/tests/unit/JZMG_ARRAY_LEN-neg_zla_ptr EXIT not integer CMD_RESULT=Floating-point exception
</system-out>
	</testcase>
	<testcase name="JZMG_ARRAY_LEN-neg_zla_vla_ptr" classname="JZMG_ARRAY_LEN-neg_zla_vla_ptr" time="4.68746" status="fail">
		<failure message="Failed"/>
		<properties>
			<property name="cmake_labels" value="JZMG_ARRAY_LEN"/>
		</properties>
		<system-out>Built target CounofNS
Building C object tests/unit/CMakeFiles/JZMG_ARRAY_LEN-neg_zla_vla_ptr.dir/tu_stub.c.o
In file included from /Users/leo/soft/my/countof_ns/tests/unit/tu_stub.h(106),
                 from /Users/leo/soft/my/countof_ns/tests/unit/tu_stub.c(5):
/Users/leo/soft/my/countof_ns/tests/unit/neg_zla_vla_ptr.h(6): warning #42: operand types are incompatible ("int (**)[&lt;expression&gt;][d0]" and "int (***)[d0]")
      return TU_COUNTOF(p);
             ^

In file included from /Users/leo/soft/my/countof_ns/tests/unit/tu_stub.h(106),
                 from /Users/leo/soft/my/countof_ns/tests/unit/tu_stub.c(5):
/Users/leo/soft/my/countof_ns/tests/unit/neg_zla_vla_ptr.h(6): warning #1121: subtraction of pointer types "int (**)[&lt;expression&gt;][d0]" and "int (***)[d0]" is nonstandard
      return TU_COUNTOF(p);
             ^

Linking C executable JZMG_ARRAY_LEN-neg_zla_vla_ptr
-macosx_version_min has been renamed to -macos_version_min
ld: warning: -keep_dwarf_unwind is obsolete
ld: warning: ignoring duplicate libraries: '/opt/intel/oneapi/compiler/2021.1.1/mac/bin/intel64/../../compiler/lib/libsvml.a'
ld: warning: no platform load command found in '/Users/leo/soft/my/countof_ns/build/Darwin_icc_icpc/tests/unit/CMakeFiles/JZMG_ARRAY_LEN-neg_zla_vla_ptr.dir/tu_stub.c.o', assuming: macOS
Built target JZMG_ARRAY_LEN-neg_zla_vla_ptr
</system-out>
	</testcase>
	<testcase name="JZMG_ARRAY_LEN-neg_zla_vla_ptr_0_fail" classname="JZMG_ARRAY_LEN-neg_zla_vla_ptr_0_fail" time="0.274856" status="fail">
		<failure message="Failed"/>
		<properties>
			<property name="cmake_labels" value="JZMG_ARRAY_LEN"/>
		</properties>
		<system-out>/Users/leo/soft/my/countof_ns/build/Darwin_icc_icpc/tests/unit/JZMG_ARRAY_LEN-neg_zla_vla_ptr EXIT not integer CMD_RESULT=Floating-point exception
</system-out>
	</testcase>
	<testcase name="LNX_ARRAY_SIZE-check_vla_struct_n0" classname="LNX_ARRAY_SIZE-check_vla_struct_n0" time="5.00881" status="run">
		<properties>
			<property name="cmake_labels" value="LNX_ARRAY_SIZE"/>
		</properties>
		<system-out>Internal cmake changing into directory: /Users/leo/soft/my/countof_ns/build/Darwin_icc_icpc
Change Dir: '/Users/leo/soft/my/countof_ns/build/Darwin_icc_icpc'

Run Build Command(s): /opt/local/bin/gmake -f Makefile LNX_ARRAY_SIZE-check_vla_struct_n0
[  0%] Built target CounofNS
[100%] Building C object tests/unit/CMakeFiles/LNX_ARRAY_SIZE-check_vla_struct_n0.dir/tu_stub.c.o
[100%] Linking C executable LNX_ARRAY_SIZE-check_vla_struct_n0
-macosx_version_min has been renamed to -macos_version_min
ld: warning: -keep_dwarf_unwind is obsolete
ld: warning: ignoring duplicate libraries: '/opt/intel/oneapi/compiler/2021.1.1/mac/bin/intel64/../../compiler/lib/libsvml.a'
ld: warning: no platform load command found in '/Users/leo/soft/my/countof_ns/build/Darwin_icc_icpc/tests/unit/CMakeFiles/LNX_ARRAY_SIZE-check_vla_struct_n0.dir/tu_stub.c.o', assuming: macOS
[100%] Built target LNX_ARRAY_SIZE-check_vla_struct_n0

Running test command: "/Users/leo/soft/my/countof_ns/build/Darwin_icc_icpc/tests/unit/LNX_ARRAY_SIZE-check_vl...
[This part of the test output was removed since it exceeds the threshold of 1024 bytes.]
</system-out>
	</testcase>
	<testcase name="LNX_ARRAY_SIZE-check_vla_zla_n0" classname="LNX_ARRAY_SIZE-check_vla_zla_n0" time="5.55642" status="run">
		<properties>
			<property name="cmake_labels" value="LNX_ARRAY_SIZE"/>
		</properties>
		<system-out>Internal cmake changing into directory: /Users/leo/soft/my/countof_ns/build/Darwin_icc_icpc
Change Dir: '/Users/leo/soft/my/countof_ns/build/Darwin_icc_icpc'

Run Build Command(s): /opt/local/bin/gmake -f Makefile LNX_ARRAY_SIZE-check_vla_zla_n0
[  0%] Built target CounofNS
[  0%] Building C object tests/unit/CMakeFiles/LNX_ARRAY_SIZE-check_vla_zla_n0.dir/tu_stub.c.o
[100%] Linking C executable LNX_ARRAY_SIZE-check_vla_zla_n0
-macosx_version_min has been renamed to -macos_version_min
ld: warning: -keep_dwarf_unwind is obsolete
ld: warning: ignoring duplicate libraries: '/opt/intel/oneapi/compiler/2021.1.1/mac/bin/intel64/../../compiler/lib/libsvml.a'
ld: warning: no platform load command found in '/Users/leo/soft/my/countof_ns/build/Darwin_icc_icpc/tests/unit/CMakeFiles/LNX_ARRAY_SIZE-check_vla_zla_n0.dir/tu_stub.c.o', assuming: macOS
[100%] Built target LNX_ARRAY_SIZE-check_vla_zla_n0

Running test command: "/Users/leo/soft/my/countof_ns/build/Darwin_icc_icpc/tests/unit/LNX_ARRAY_SIZE-check_vla_zla_n0"
Ok 0 ...
[This part of the test output was removed since it exceeds the threshold of 1024 bytes.]
</system-out>
	</testcase>
	<testcase name="LNX_ARRAY_SIZE-pos__selftest" classname="LNX_ARRAY_SIZE-pos__selftest" time="5.49711" status="run">
		<properties>
			<property name="cmake_labels" value="LNX_ARRAY_SIZE"/>
		</properties>
		<system-out>Internal cmake changing into directory: /Users/leo/soft/my/countof_ns/build/Darwin_icc_icpc
Change Dir: '/Users/leo/soft/my/countof_ns/build/Darwin_icc_icpc'

Run Build Command(s): /opt/local/bin/gmake -f Makefile LNX_ARRAY_SIZE-pos__selftest
[  0%] Built target CounofNS
[  0%] Building C object tests/unit/CMakeFiles/LNX_ARRAY_SIZE-pos__selftest.dir/tu_stub.c.o
[100%] Linking C executable LNX_ARRAY_SIZE-pos__selftest
-macosx_version_min has been renamed to -macos_version_min
ld: warning: -keep_dwarf_unwind is obsolete
ld: warning: ignoring duplicate libraries: '/opt/intel/oneapi/compiler/2021.1.1/mac/bin/intel64/../../compiler/lib/libsvml.a'
ld: warning: no platform load command found in '/Users/leo/soft/my/countof_ns/build/Darwin_icc_icpc/tests/unit/CMakeFiles/LNX_ARRAY_SIZE-pos__selftest.dir/tu_stub.c.o', assuming: macOS
[100%] Built target LNX_ARRAY_SIZE-pos__selftest

Running test command: "/Users/leo/soft/my/countof_ns/build/Darwin_icc_icpc/tests/unit/LNX_ARRAY_SIZE-pos__selftest"
Ok 1 TU_STATIC_ASSERT_A...
[This part of the test output was removed since it exceeds the threshold of 1024 bytes.]
</system-out>
	</testcase>
	<testcase name="LNX_ARRAY_SIZE-pos_array" classname="LNX_ARRAY_SIZE-pos_array" time="5.38165" status="run">
		<properties>
			<property name="cmake_labels" value="LNX_ARRAY_SIZE"/>
		</properties>
		<system-out>Internal cmake changing into directory: /Users/leo/soft/my/countof_ns/build/Darwin_icc_icpc
Change Dir: '/Users/leo/soft/my/countof_ns/build/Darwin_icc_icpc'

Run Build Command(s): /opt/local/bin/gmake -f Makefile LNX_ARRAY_SIZE-pos_array
Built target CounofNS
Building C object tests/unit/CMakeFiles/LNX_ARRAY_SIZE-pos_array.dir/tu_stub.c.o
Linking C executable LNX_ARRAY_SIZE-pos_array
-macosx_version_min has been renamed to -macos_version_min
ld: warning: -keep_dwarf_unwind is obsolete
ld: warning: ignoring duplicate libraries: '/opt/intel/oneapi/compiler/2021.1.1/mac/bin/intel64/../../compiler/lib/libsvml.a'
ld: warning: no platform load command found in '/Users/leo/soft/my/countof_ns/build/Darwin_icc_icpc/tests/unit/CMakeFiles/LNX_ARRAY_SIZE-pos_array.dir/tu_stub.c.o', assuming: macOS
Built target LNX_ARRAY_SIZE-pos_array

Running test command: "/Users/leo/soft/my/countof_ns/build/Darwin_icc_icpc/tests/unit/LNX_ARRAY_SIZE-pos_array"
Ok 1 TU_STATIC_ASSERT_AND_RETURN((1)=1, ...) /Users/leo/soft/my/countof_ns/...
[This part of the test output was removed since it exceeds the threshold of 1024 bytes.]
</system-out>
	</testcase>
	<testcase name="LNX_ARRAY_SIZE-pos_cv_array" classname="LNX_ARRAY_SIZE-pos_cv_array" time="5.39054" status="run">
		<properties>
			<property name="cmake_labels" value="LNX_ARRAY_SIZE"/>
		</properties>
		<system-out>Internal cmake changing into directory: /Users/leo/soft/my/countof_ns/build/Darwin_icc_icpc
Change Dir: '/Users/leo/soft/my/countof_ns/build/Darwin_icc_icpc'

Run Build Command(s): /opt/local/bin/gmake -f Makefile LNX_ARRAY_SIZE-pos_cv_array
[  0%] Built target CounofNS
[100%] Building C object tests/unit/CMakeFiles/LNX_ARRAY_SIZE-pos_cv_array.dir/tu_stub.c.o
[100%] Linking C executable LNX_ARRAY_SIZE-pos_cv_array
-macosx_version_min has been renamed to -macos_version_min
ld: warning: -keep_dwarf_unwind is obsolete
ld: warning: ignoring duplicate libraries: '/opt/intel/oneapi/compiler/2021.1.1/mac/bin/intel64/../../compiler/lib/libsvml.a'
ld: warning: no platform load command found in '/Users/leo/soft/my/countof_ns/build/Darwin_icc_icpc/tests/unit/CMakeFiles/LNX_ARRAY_SIZE-pos_cv_array.dir/tu_stub.c.o', assuming: macOS
[100%] Built target LNX_ARRAY_SIZE-pos_cv_array

Running test command: "/Users/leo/soft/my/countof_ns/build/Darwin_icc_icpc/tests/unit/LNX_ARRAY_SIZE-pos_cv_array"
Ok 1 TU_STATIC_ASSERT_AND_RET...
[This part of the test output was removed since it exceeds the threshold of 1024 bytes.]
</system-out>
	</testcase>
	<testcase name="LNX_ARRAY_SIZE-pos_struct_n0" classname="LNX_ARRAY_SIZE-pos_struct_n0" time="2.65847" status="fail">
		<failure message="Failed"/>
		<properties>
			<property name="cmake_labels" value="LNX_ARRAY_SIZE"/>
		</properties>
		<system-out>Internal cmake changing into directory: /Users/leo/soft/my/countof_ns/build/Darwin_icc_icpc
Change Dir: '/Users/leo/soft/my/countof_ns/build/Darwin_icc_icpc'

Run Build Command(s): /opt/local/bin/gmake -f Makefile LNX_ARRAY_SIZE-pos_struct_n0
[  0%] Built target CounofNS
[  0%] Building C object tests/unit/CMakeFiles/LNX_ARRAY_SIZE-pos_struct_n0.dir/tu_stub.c.o
In file included from /Users/leo/soft/my/countof_ns/tests/unit/tu_stub.h(106),
                 from /Users/leo/soft/my/countof_ns/tests/unit/tu_stub.c(5):
/Users/leo/soft/my/countof_ns/tests/unit/pos_struct_n0.h(4): error: division by zero
      TU_STATIC_ASSERT_AND_RETURN(1, TU_COUNTOF(a));
      ^

In file included from /Users/leo/soft/my/countof_ns/tests/unit/tu_stub.h(106),
                 from /Users/leo/soft/my/countof_ns/tests/unit/tu_stub.c(5):
/Users/leo/soft/my/countof_ns/tests/unit/pos_struct_n0.h(4): warning #39: division by zero
      TU_STATIC_ASSERT_AND_RETURN(1, TU_COUNTOF(a));
      ^

In file included from /Users/leo/soft/my/countof_ns/tests/unit/tu_stub.h(106),
                 from /Users/leo/soft/my/countof_ns/tests/unit/tu_stub.c(5):
/Users/leo/soft/my/countof_ns/tests/unit/pos_struct_n0.h(4): warning #39: division by zero
      TU_STATIC_ASSERT_AND_RETURN(1, TU_COUNTOF(a));
      ^

In file included from /Users/leo/soft/my/countof_ns/tests/unit/tu_stub.h(106),
                 from /Users/leo/soft/my/countof_ns/tests/unit/tu_stub.c(5):
/Users/leo/soft/my/countof_ns/tests/unit/pos_struct_n0.h(4): warning #39: division by zero
      TU_STATIC_ASSERT_AND_RETURN(1, TU_COUNTOF(a));
      ^

In file included from /Users/leo/soft/my/countof_ns/tests/unit/tu_stub.h(106),
                 from /Users/leo/soft/my/countof_ns/tests/unit/tu_stub.c(5):
/Users/leo/soft/my/countof_ns/tests/unit/pos_struct_n0.h(4): warning #39: division by zero
      TU_STATIC_ASSERT_AND_RETURN(1, TU_COUNTOF(a));
      ^

In file included from /Users/leo/soft/my/countof_ns/tests/unit/tu_stub.h(106),
                 from /Users/leo/soft/my/countof_ns/tests/unit/tu_stub.c(5):
/Users/leo/soft/my/countof_ns/tests/unit/pos_struct_n0.h(4): warning #39: division by zero
      TU_STATIC_ASSERT_AND_RETURN(1, TU_COUNTOF(a));
      ^

In file included from /Users/leo/soft/my/countof_ns/tests/unit/tu_stub.h(106),
                 from /Users/leo/soft/my/countof_ns/tests/unit/tu_stub.c(5):
/Users/leo/soft/my/countof_ns/tests/unit/pos_struct_n0.h(4): warning #39: division by zero
      TU_STATIC_ASSERT_AND_RETURN(1, TU_COUNTOF(a));
      ^

compilation aborted for /Users/leo/soft/my/countof_ns/tests/unit/tu_stub.c (code 2)
gmake[3]: *** [tests/unit/CMakeFiles/LNX_ARRAY_SIZE-pos_struct_n0.dir/build.make:79: tests/unit/CMakeFiles/LNX_ARRAY_SIZE-pos_struct_n0.dir/tu_stub.c.o] Ошибка 2
gmake[2]: *** [CMakeFiles/Makefile2:3459: tests/unit/CMakeFiles/LNX_ARRAY_SIZE-pos_struct_n0.dir/all] Ошибка 2
gmake[1]: *** [CMakeFiles/Makefile2:3466: tests/unit/CMakeFiles/LNX_ARRAY_SIZE-pos_struct_n0.dir/rule] Ошибка 2
gmake: *** [Makefile:1382: LNX_ARRAY_SIZE-pos_struct_n0] Ошибка 2

</system-out>
	</testcase>
	<testcase name="LNX_ARRAY_SIZE-pos_struct_zla_00" classname="LNX_ARRAY_SIZE-pos_struct_zla_00" time="2.64768" status="fail">
		<failure message="Failed"/>
		<properties>
			<property name="cmake_labels" value="LNX_ARRAY_SIZE"/>
		</properties>
		<system-out>Internal cmake changing into directory: /Users/leo/soft/my/countof_ns/build/Darwin_icc_icpc
Change Dir: '/Users/leo/soft/my/countof_ns/build/Darwin_icc_icpc'

Run Build Command(s): /opt/local/bin/gmake -f Makefile LNX_ARRAY_SIZE-pos_struct_zla_00
Built target CounofNS
Building C object tests/unit/CMakeFiles/LNX_ARRAY_SIZE-pos_struct_zla_00.dir/tu_stub.c.o
In file included from /Users/leo/soft/my/countof_ns/tests/unit/tu_stub.h(106),
                 from /Users/leo/soft/my/countof_ns/tests/unit/tu_stub.c(5):
/Users/leo/soft/my/countof_ns/tests/unit/pos_struct_zla_00.h(4): error: division by zero
      TU_STATIC_ASSERT_AND_RETURN(0, TU_COUNTOF(a));
      ^

In file included from /Users/leo/soft/my/countof_ns/tests/unit/tu_stub.h(106),
                 from /Users/leo/soft/my/countof_ns/tests/unit/tu_stub.c(5):
/Users/leo/soft/my/countof_ns/tests/unit/pos_struct_zla_00.h(4): warning #39: division by zero
      TU_STATIC_ASSERT_AND_RETURN(0, TU_COUNTOF(a));
      ^

In file included from /Users/leo/soft/my/countof_ns/tests/unit/tu_stub.h(106),
                 from /Users/leo/soft/my/countof_ns/tests/unit/tu_stub.c(5):
/Users/leo/soft/my/countof_ns/tests/unit/pos_struct_zla_00.h(4): warning #39: division by zero
      TU_STATIC_ASSERT_AND_RETURN(0, TU_COUNTOF(a));
      ^

In file included from /Users/leo/soft/my/countof_ns/tests/unit/tu_stub.h(106),
                 from /Users/leo/soft/my/countof_ns/tests/unit/tu_stub.c(5):
/Users/leo/soft/my/countof_ns/tests/unit/pos_struct_zla_00.h(4): warning #39: division by zero
      TU_STATIC_ASSERT_AND_RETURN(0, TU_COUNTOF(a));
      ^

In file included from /Users/leo/soft/my/countof_ns/tests/unit/tu_stub.h(106),
                 from /Users/leo/soft/my/countof_ns/tests/unit/tu_stub.c(5):
/Users/leo/soft/my/countof_ns/tests/unit/pos_struct_zla_00.h(4): warning #39: division by zero
      TU_STATIC_ASSERT_AND_RETURN(0, TU_COUNTOF(a));
      ^

In file included from /Users/leo/soft/my/countof_ns/tests/unit/tu_stub.h(106),
                 from /Users/leo/soft/my/countof_ns/tests/unit/tu_stub.c(5):
/Users/leo/soft/my/countof_ns/tests/unit/pos_struct_zla_00.h(4): warning #39: division by zero
      TU_STATIC_ASSERT_AND_RETURN(0, TU_COUNTOF(a));
      ^

In file included from /Users/leo/soft/my/countof_ns/tests/unit/tu_stub.h(106),
                 from /Users/leo/soft/my/countof_ns/tests/unit/tu_stub.c(5):
/Users/leo/soft/my/countof_ns/tests/unit/pos_struct_zla_00.h(4): warning #39: division by zero
      TU_STATIC_ASSERT_AND_RETURN(0, TU_COUNTOF(a));
      ^

compilation aborted for /Users/leo/soft/my/countof_ns/tests/unit/tu_stub.c (code 2)
gmake[3]: *** [tests/unit/CMakeFiles/LNX_ARRAY_SIZE-pos_struct_zla_00.dir/build.make:79: tests/unit/CMakeFiles/LNX_ARRAY_SIZE-pos_struct_zla_00.dir/tu_stub.c.o] Ошибка 2
gmake[2]: *** [CMakeFiles/Makefile2:3491: tests/unit/CMakeFiles/LNX_ARRAY_SIZE-pos_struct_zla_00.dir/all] Ошибка 2
gmake[1]: *** [CMakeFiles/Makefile2:3498: tests/unit/CMakeFiles/LNX_ARRAY_SIZE-pos_struct_zla_00.dir/rule] Ошибка 2
gmake: *** [Makefile:1395: LNX_ARRAY_SIZE-pos_struct_zla_00] Ошибка 2

</system-out>
	</testcase>
	<testcase name="LNX_ARRAY_SIZE-pos_vla" classname="LNX_ARRAY_SIZE-pos_vla" time="5.3431" status="run">
		<properties>
			<property name="cmake_labels" value="LNX_ARRAY_SIZE"/>
		</properties>
		<system-out>Internal cmake changing into directory: /Users/leo/soft/my/countof_ns/build/Darwin_icc_icpc
Change Dir: '/Users/leo/soft/my/countof_ns/build/Darwin_icc_icpc'

Run Build Command(s): /opt/local/bin/gmake -f Makefile LNX_ARRAY_SIZE-pos_vla
[  0%] Built target CounofNS
[100%] Building C object tests/unit/CMakeFiles/LNX_ARRAY_SIZE-pos_vla.dir/tu_stub.c.o
[100%] Linking C executable LNX_ARRAY_SIZE-pos_vla
-macosx_version_min has been renamed to -macos_version_min
ld: warning: -keep_dwarf_unwind is obsolete
ld: warning: ignoring duplicate libraries: '/opt/intel/oneapi/compiler/2021.1.1/mac/bin/intel64/../../compiler/lib/libsvml.a'
ld: warning: no platform load command found in '/Users/leo/soft/my/countof_ns/build/Darwin_icc_icpc/tests/unit/CMakeFiles/LNX_ARRAY_SIZE-pos_vla.dir/tu_stub.c.o', assuming: macOS
[100%] Built target LNX_ARRAY_SIZE-pos_vla

Running test command: "/Users/leo/soft/my/countof_ns/build/Darwin_icc_icpc/tests/unit/LNX_ARRAY_SIZE-pos_vla"
Ok 1 TU_ASSERT_AND_RETURN((d1)=1, ...) /Users/leo/soft/my/c...
[This part of the test output was removed since it exceeds the threshold of 1024 bytes.]
</system-out>
	</testcase>
	<testcase name="LNX_ARRAY_SIZE-pos_vla_00" classname="LNX_ARRAY_SIZE-pos_vla_00" time="5.27336" status="fail">
		<failure message="Failed"/>
		<properties>
			<property name="cmake_labels" value="LNX_ARRAY_SIZE"/>
		</properties>
		<system-out>Internal cmake changing into directory: /Users/leo/soft/my/countof_ns/build/Darwin_icc_icpc
Change Dir: '/Users/leo/soft/my/countof_ns/build/Darwin_icc_icpc'

Run Build Command(s): /opt/local/bin/gmake -f Makefile LNX_ARRAY_SIZE-pos_vla_00
[  0%] Built target CounofNS
[  0%] Building C object tests/unit/CMakeFiles/LNX_ARRAY_SIZE-pos_vla_00.dir/tu_stub.c.o
[100%] Linking C executable LNX_ARRAY_SIZE-pos_vla_00
-macosx_version_min has been renamed to -macos_version_min
ld: warning: -keep_dwarf_unwind is obsolete
ld: warning: ignoring duplicate libraries: '/opt/intel/oneapi/compiler/2021.1.1/mac/bin/intel64/../../compiler/lib/libsvml.a'
ld: warning: no platform load command found in '/Users/leo/soft/my/countof_ns/build/Darwin_icc_icpc/tests/unit/CMakeFiles/LNX_ARRAY_SIZE-pos_vla_00.dir/tu_stub.c.o', assuming: macOS
[100%] Built target LNX_ARRAY_SIZE-pos_vla_00

Running test command: "/Users/leo/soft/my/countof_ns/build/Darwin_icc_icpc/tests/unit/LNX_ARRAY_SIZE-pos_vla_00"
Test command failed: /Users/leo/soft/my/countof_ns/build/Darwin_icc_icpc/tests/unit/LNX_ARRAY_SIZE-pos_vla_00

*** Exception executing: Floating-point exception
</system-out>
	</testcase>
	<testcase name="LNX_ARRAY_SIZE-pos_vla_0n" classname="LNX_ARRAY_SIZE-pos_vla_0n" time="5.18529" status="run">
		<properties>
			<property name="cmake_labels" value="LNX_ARRAY_SIZE"/>
		</properties>
		<system-out>Internal cmake changing into directory: /Users/leo/soft/my/countof_ns/build/Darwin_icc_icpc
Change Dir: '/Users/leo/soft/my/countof_ns/build/Darwin_icc_icpc'

Run Build Command(s): /opt/local/bin/gmake -f Makefile LNX_ARRAY_SIZE-pos_vla_0n
Built target CounofNS
Building C object tests/unit/CMakeFiles/LNX_ARRAY_SIZE-pos_vla_0n.dir/tu_stub.c.o
Linking C executable LNX_ARRAY_SIZE-pos_vla_0n
-macosx_version_min has been renamed to -macos_version_min
ld: warning: -keep_dwarf_unwind is obsolete
ld: warning: ignoring duplicate libraries: '/opt/intel/oneapi/compiler/2021.1.1/mac/bin/intel64/../../compiler/lib/libsvml.a'
ld: warning: no platform load command found in '/Users/leo/soft/my/countof_ns/build/Darwin_icc_icpc/tests/unit/CMakeFiles/LNX_ARRAY_SIZE-pos_vla_0n.dir/tu_stub.c.o', assuming: macOS
Built target LNX_ARRAY_SIZE-pos_vla_0n

Running test command: "/Users/leo/soft/my/countof_ns/build/Darwin_icc_icpc/tests/unit/LNX_ARRAY_SIZE-pos_vla_0n"
Ok 0 TU_ASSERT_AND_RETURN((d0)=0, ...) /Users/leo/soft/my/countof_ns/...
[This part of the test output was removed since it exceeds the threshold of 1024 bytes.]
</system-out>
	</testcase>
	<testcase name="LNX_ARRAY_SIZE-pos_vla_cv" classname="LNX_ARRAY_SIZE-pos_vla_cv" time="5.18101" status="run">
		<properties>
			<property name="cmake_labels" value="LNX_ARRAY_SIZE"/>
		</properties>
		<system-out>Internal cmake changing into directory: /Users/leo/soft/my/countof_ns/build/Darwin_icc_icpc
Change Dir: '/Users/leo/soft/my/countof_ns/build/Darwin_icc_icpc'

Run Build Command(s): /opt/local/bin/gmake -f Makefile LNX_ARRAY_SIZE-pos_vla_cv
[  0%] Built target CounofNS
[100%] Building C object tests/unit/CMakeFiles/LNX_ARRAY_SIZE-pos_vla_cv.dir/tu_stub.c.o
[100%] Linking C executable LNX_ARRAY_SIZE-pos_vla_cv
-macosx_version_min has been renamed to -macos_version_min
ld: warning: -keep_dwarf_unwind is obsolete
ld: warning: ignoring duplicate libraries: '/opt/intel/oneapi/compiler/2021.1.1/mac/bin/intel64/../../compiler/lib/libsvml.a'
ld: warning: no platform load command found in '/Users/leo/soft/my/countof_ns/build/Darwin_icc_icpc/tests/unit/CMakeFiles/LNX_ARRAY_SIZE-pos_vla_cv.dir/tu_stub.c.o', assuming: macOS
[100%] Built target LNX_ARRAY_SIZE-pos_vla_cv

Running test command: "/Users/leo/soft/my/countof_ns/build/Darwin_icc_icpc/tests/unit/LNX_ARRAY_SIZE-pos_vla_cv"
Ok 1 TU_ASSERT_AND_RETURN((d1)=1, ...) /U...
[This part of the test output was removed since it exceeds the threshold of 1024 bytes.]
</system-out>
	</testcase>
	<testcase name="LNX_ARRAY_SIZE-pos_vla_n0" classname="LNX_ARRAY_SIZE-pos_vla_n0" time="5.06229" status="fail">
		<failure message="Failed"/>
		<properties>
			<property name="cmake_labels" value="LNX_ARRAY_SIZE"/>
		</properties>
		<system-out>Internal cmake changing into directory: /Users/leo/soft/my/countof_ns/build/Darwin_icc_icpc
Change Dir: '/Users/leo/soft/my/countof_ns/build/Darwin_icc_icpc'

Run Build Command(s): /opt/local/bin/gmake -f Makefile LNX_ARRAY_SIZE-pos_vla_n0
[  0%] Built target CounofNS
[  0%] Building C object tests/unit/CMakeFiles/LNX_ARRAY_SIZE-pos_vla_n0.dir/tu_stub.c.o
[100%] Linking C executable LNX_ARRAY_SIZE-pos_vla_n0
-macosx_version_min has been renamed to -macos_version_min
ld: warning: -keep_dwarf_unwind is obsolete
ld: warning: ignoring duplicate libraries: '/opt/intel/oneapi/compiler/2021.1.1/mac/bin/intel64/../../compiler/lib/libsvml.a'
ld: warning: no platform load command found in '/Users/leo/soft/my/countof_ns/build/Darwin_icc_icpc/tests/unit/CMakeFiles/LNX_ARRAY_SIZE-pos_vla_n0.dir/tu_stub.c.o', assuming: macOS
[100%] Built target LNX_ARRAY_SIZE-pos_vla_n0

Running test command: "/Users/leo/soft/my/countof_ns/build/Darwin_icc_icpc/tests/unit/LNX_ARRAY_SIZE-pos_vla_n0"
Test command failed: /Users/leo/soft/my/countof_ns/build/Darwin_icc_icpc/tests/unit/LNX_ARRAY_SIZE-pos_vla_n0

*** Exception executing: Floating-point exception
</system-out>
	</testcase>
	<testcase name="LNX_ARRAY_SIZE-pos_vla_struct_n0" classname="LNX_ARRAY_SIZE-pos_vla_struct_n0" time="5.04348" status="fail">
		<failure message="Failed"/>
		<properties>
			<property name="cmake_labels" value="LNX_ARRAY_SIZE"/>
		</properties>
		<system-out>Internal cmake changing into directory: /Users/leo/soft/my/countof_ns/build/Darwin_icc_icpc
Change Dir: '/Users/leo/soft/my/countof_ns/build/Darwin_icc_icpc'

Run Build Command(s): /opt/local/bin/gmake -f Makefile LNX_ARRAY_SIZE-pos_vla_struct_n0
Built target CounofNS
Building C object tests/unit/CMakeFiles/LNX_ARRAY_SIZE-pos_vla_struct_n0.dir/tu_stub.c.o
In file included from /Users/leo/soft/my/countof_ns/tests/unit/tu_stub.h(106),
                 from /Users/leo/soft/my/countof_ns/tests/unit/tu_stub.c(5):
/Users/leo/soft/my/countof_ns/tests/unit/pos_vla_struct_n0.h(7): warning #39: division by zero
      TU_ASSERT_AND_RETURN(d1, TU_COUNTOF(a));
      ^

In file included from /Users/leo/soft/my/countof_ns/tests/unit/tu_stub.h(106),
                 from /Users/leo/soft/my/countof_ns/tests/unit/tu_stub.c(5):
/Users/leo/soft/my/countof_ns/tests/unit/pos_vla_struct_n0.h(7): warning #39: division by zero
      TU_ASSERT_AND_RETURN(d1, TU_COUNTOF(a));
      ^

In file included from /Users/leo/soft/my/countof_ns/tests/unit/tu_stub.h(106),
                 from /Users/leo/soft/my/countof_ns/tests/unit/tu_stub.c(5):
/Users/leo/soft/my/countof_ns/tests/unit/pos_vla_struct_n0.h(7): warning #39: division by zero
      TU_ASSERT_AND_RETURN(d1, TU_COUNTOF(a));
      ^

In file included from /Users/leo/soft/my/countof_ns/tests/unit/tu_stub.h(106),
                 from /Users/leo/soft/my/countof_ns/tests/unit/tu_stub.c(5):
/Users/leo/soft/my/countof_ns/tests/unit/pos_vla_struct_n0.h(7): warning #39: division by zero
      TU_ASSERT_AND_RETURN(d1, TU_COUNTOF(a));
      ^

In file included from /Users/leo/soft/my/countof_ns/tests/unit/tu_stub.h(106),
                 from /Users/leo/soft/my/countof_ns/tests/unit/tu_stub.c(5):
/Users/leo/soft/my/countof_ns/tests/unit/pos_vla_struct_n0.h(7): warning #39: division by zero
      TU_ASSERT_AND_RETURN(d1, TU_COUNTOF(a));
      ^

In file included from /Users/leo/soft/my/countof_ns/tests/unit/tu_stub.h(106),
                 from /Users/leo/soft/my/countof_ns/tests/unit/tu_stub.c(5):
/Users/leo/soft/my/countof_ns/tests/unit/pos_vla_struct_n0.h(7): warning #39: division by zero
      TU_ASSERT_AND_RETURN(d1, TU_COUNTOF(a));
      ^

Linking C executable LNX_ARRAY_SIZE-pos_vla_struct_n0
-macosx_version_min has been renamed to -macos_version_min
ld: warning: -keep_dwarf_unwind is obsolete
ld: warning: ignoring duplicate libraries: '/opt/intel/oneapi/compiler/2021.1.1/mac/bin/intel64/../../compiler/lib/libsvml.a'
ld: warning: no platform load command found in '/Users/leo/soft/my/countof_ns/build/Darwin_icc_icpc/tests/unit/CMakeFiles/LNX_ARRAY_SIZE-pos_vla_struct_n0.dir/tu_stub.c.o', assuming: macOS
Built target LNX_ARRAY_SIZE-pos_vla_struct_n0

Running test command: "/Users/leo/soft/my/countof_ns/build/Darwin_icc_icpc/tests/unit/LNX_ARRAY_SIZE-pos_vla_struct_n0"
Test command failed: /Users/leo/soft/my/countof_ns/build/Darwin_icc_icpc/tests/unit/LNX_ARRAY_SIZE-pos_vla_struct_n0
Fail 0 desired=1 TU_ASSERT_AND_RETURN(((d1)), ...) /Users/leo/soft/my/countof_ns/tests/unit/pos_vla_struct_n0.h:pos_vla_struct_n0.h:TU_UNIT for _comparisons/lnx_array_size.h:LNX_ARRAY_SIZE(), C 201112L

</system-out>
	</testcase>
	<testcase name="LNX_ARRAY_SIZE-pos_vla_struct_zla_00" classname="LNX_ARRAY_SIZE-pos_vla_struct_zla_00" time="5.28275" status="run">
		<properties>
			<property name="cmake_labels" value="LNX_ARRAY_SIZE"/>
		</properties>
		<system-out>Internal cmake changing into directory: /Users/leo/soft/my/countof_ns/build/Darwin_icc_icpc
Change Dir: '/Users/leo/soft/my/countof_ns/build/Darwin_icc_icpc'

Run Build Command(s): /opt/local/bin/gmake -f Makefile LNX_ARRAY_SIZE-pos_vla_struct_zla_00
[  0%] Built target CounofNS
[100%] Building C object tests/unit/CMakeFiles/LNX_ARRAY_SIZE-pos_vla_struct_zla_00.dir/tu_stub.c.o
In file included from /Users/leo/soft/my/countof_ns/tests/unit/tu_stub.h(106),
                 from /Users/leo/soft/my/countof_ns/tests/unit/tu_stub.c(5):
/Users/leo/soft/my/countof_ns/tests/unit/pos_vla_struct_zla_00.h(5): warning #39: division by zero
      TU_ASSERT_AND_RETURN(d0, TU_COUNTOF(a));
      ^

In file included from /Users/leo/soft/my/countof_ns/tests/unit/tu_stub.h(106),
                 from /Users/leo/soft/my/countof_ns/tests/unit/tu_stub.c(5):
/Users/leo/soft/my/countof_ns/tests/unit/pos_vla_struct_zla_00.h(5): warning #39: division by zero
      TU_ASSERT_AND_RETURN(d0, TU_COUNTOF(a));
      ^

In file included from ...
[This part of the test output was removed since it exceeds the threshold of 1024 bytes.]
</system-out>
	</testcase>
	<testcase name="LNX_ARRAY_SIZE-pos_vla_zla_00" classname="LNX_ARRAY_SIZE-pos_vla_zla_00" time="5.21873" status="fail">
		<failure message="Failed"/>
		<properties>
			<property name="cmake_labels" value="LNX_ARRAY_SIZE"/>
		</properties>
		<system-out>Internal cmake changing into directory: /Users/leo/soft/my/countof_ns/build/Darwin_icc_icpc
Change Dir: '/Users/leo/soft/my/countof_ns/build/Darwin_icc_icpc'

Run Build Command(s): /opt/local/bin/gmake -f Makefile LNX_ARRAY_SIZE-pos_vla_zla_00
[  0%] Built target CounofNS
[  0%] Building C object tests/unit/CMakeFiles/LNX_ARRAY_SIZE-pos_vla_zla_00.dir/tu_stub.c.o
In file included from /Users/leo/soft/my/countof_ns/tests/unit/tu_stub.h(106),
                 from /Users/leo/soft/my/countof_ns/tests/unit/tu_stub.c(5):
/Users/leo/soft/my/countof_ns/tests/unit/pos_vla_zla_00.h(5): warning #39: division by zero
      TU_ASSERT_AND_RETURN(d0, TU_COUNTOF(b));
      ^

In file included from /Users/leo/soft/my/countof_ns/tests/unit/tu_stub.h(106),
                 from /Users/leo/soft/my/countof_ns/tests/unit/tu_stub.c(5):
/Users/leo/soft/my/countof_ns/tests/unit/pos_vla_zla_00.h(5): warning #39: division by zero
      TU_ASSERT_AND_RETURN(d0, TU_COUNTOF(b));
      ^

In file included from /Users/leo/soft/my/countof_ns/tests/unit/tu_stub.h(106),
                 from /Users/leo/soft/my/countof_ns/tests/unit/tu_stub.c(5):
/Users/leo/soft/my/countof_ns/tests/unit/pos_vla_zla_00.h(5): warning #39: division by zero
      TU_ASSERT_AND_RETURN(d0, TU_COUNTOF(b));
      ^

In file included from /Users/leo/soft/my/countof_ns/tests/unit/tu_stub.h(106),
                 from /Users/leo/soft/my/countof_ns/tests/unit/tu_stub.c(5):
/Users/leo/soft/my/countof_ns/tests/unit/pos_vla_zla_00.h(5): warning #39: division by zero
      TU_ASSERT_AND_RETURN(d0, TU_COUNTOF(b));
      ^

In file included from /Users/leo/soft/my/countof_ns/tests/unit/tu_stub.h(106),
                 from /Users/leo/soft/my/countof_ns/tests/unit/tu_stub.c(5):
/Users/leo/soft/my/countof_ns/tests/unit/pos_vla_zla_00.h(5): warning #39: division by zero
      TU_ASSERT_AND_RETURN(d0, TU_COUNTOF(b));
      ^

In file included from /Users/leo/soft/my/countof_ns/tests/unit/tu_stub.h(106),
                 from /Users/leo/soft/my/countof_ns/tests/unit/tu_stub.c(5):
/Users/leo/soft/my/countof_ns/tests/unit/pos_vla_zla_00.h(5): warning #39: division by zero
      TU_ASSERT_AND_RETURN(d0, TU_COUNTOF(b));
      ^

[100%] Linking C executable LNX_ARRAY_SIZE-pos_vla_zla_00
-macosx_version_min has been renamed to -macos_version_min
ld: warning: -keep_dwarf_unwind is obsolete
ld: warning: ignoring duplicate libraries: '/opt/intel/oneapi/compiler/2021.1.1/mac/bin/intel64/../../compiler/lib/libsvml.a'
ld: warning: no platform load command found in '/Users/leo/soft/my/countof_ns/build/Darwin_icc_icpc/tests/unit/CMakeFiles/LNX_ARRAY_SIZE-pos_vla_zla_00.dir/tu_stub.c.o', assuming: macOS
[100%] Built target LNX_ARRAY_SIZE-pos_vla_zla_00

Running test command: "/Users/leo/soft/my/countof_ns/build/Darwin_icc_icpc/tests/unit/LNX_ARRAY_SIZE-pos_vla_zla_00"
Test command failed: /Users/leo/soft/my/countof_ns/build/Darwin_icc_icpc/tests/unit/LNX_ARRAY_SIZE-pos_vla_zla_00

*** Exception executing: Floating-point exception
</system-out>
	</testcase>
	<testcase name="LNX_ARRAY_SIZE-pos_vla_zla_0n" classname="LNX_ARRAY_SIZE-pos_vla_zla_0n" time="5.20956" status="run">
		<properties>
			<property name="cmake_labels" value="LNX_ARRAY_SIZE"/>
		</properties>
		<system-out>Internal cmake changing into directory: /Users/leo/soft/my/countof_ns/build/Darwin_icc_icpc
Change Dir: '/Users/leo/soft/my/countof_ns/build/Darwin_icc_icpc'

Run Build Command(s): /opt/local/bin/gmake -f Makefile LNX_ARRAY_SIZE-pos_vla_zla_0n
Built target CounofNS
Building C object tests/unit/CMakeFiles/LNX_ARRAY_SIZE-pos_vla_zla_0n.dir/tu_stub.c.o
Linking C executable LNX_ARRAY_SIZE-pos_vla_zla_0n
-macosx_version_min has been renamed to -macos_version_min
ld: warning: -keep_dwarf_unwind is obsolete
ld: warning: ignoring duplicate libraries: '/opt/intel/oneapi/compiler/2021.1.1/mac/bin/intel64/../../compiler/lib/libsvml.a'
ld: warning: no platform load command found in '/Users/leo/soft/my/countof_ns/build/Darwin_icc_icpc/tests/unit/CMakeFiles/LNX_ARRAY_SIZE-pos_vla_zla_0n.dir/tu_stub.c.o', assuming: macOS
Built target LNX_ARRAY_SIZE-pos_vla_zla_0n

Running test command: "/Users/leo/soft/my/countof_ns/build/Darwin_icc_icpc/tests/unit/LNX_ARRAY_SIZE-pos_vla_zla_0n"
Ok 0 TU_ASSERT_AND_RETURN((d0)=0, ...) /Users...
[This part of the test output was removed since it exceeds the threshold of 1024 bytes.]
</system-out>
	</testcase>
	<testcase name="LNX_ARRAY_SIZE-pos_vla_zla_n0" classname="LNX_ARRAY_SIZE-pos_vla_zla_n0" time="5.5569" status="fail">
		<failure message="Failed"/>
		<properties>
			<property name="cmake_labels" value="LNX_ARRAY_SIZE"/>
		</properties>
		<system-out>Internal cmake changing into directory: /Users/leo/soft/my/countof_ns/build/Darwin_icc_icpc
Change Dir: '/Users/leo/soft/my/countof_ns/build/Darwin_icc_icpc'

Run Build Command(s): /opt/local/bin/gmake -f Makefile LNX_ARRAY_SIZE-pos_vla_zla_n0
[  0%] Built target CounofNS
[100%] Building C object tests/unit/CMakeFiles/LNX_ARRAY_SIZE-pos_vla_zla_n0.dir/tu_stub.c.o
In file included from /Users/leo/soft/my/countof_ns/tests/unit/tu_stub.h(106),
                 from /Users/leo/soft/my/countof_ns/tests/unit/tu_stub.c(5):
/Users/leo/soft/my/countof_ns/tests/unit/pos_vla_zla_n0.h(7): warning #39: division by zero
      TU_ASSERT_AND_RETURN(d1, TU_COUNTOF(b));
      ^

In file included from /Users/leo/soft/my/countof_ns/tests/unit/tu_stub.h(106),
                 from /Users/leo/soft/my/countof_ns/tests/unit/tu_stub.c(5):
/Users/leo/soft/my/countof_ns/tests/unit/pos_vla_zla_n0.h(7): warning #39: division by zero
      TU_ASSERT_AND_RETURN(d1, TU_COUNTOF(b));
      ^

In file included from /Users/leo/soft/my/countof_ns/tests/unit/tu_stub.h(106),
                 from /Users/leo/soft/my/countof_ns/tests/unit/tu_stub.c(5):
/Users/leo/soft/my/countof_ns/tests/unit/pos_vla_zla_n0.h(7): warning #39: division by zero
      TU_ASSERT_AND_RETURN(d1, TU_COUNTOF(b));
      ^

In file included from /Users/leo/soft/my/countof_ns/tests/unit/tu_stub.h(106),
                 from /Users/leo/soft/my/countof_ns/tests/unit/tu_stub.c(5):
/Users/leo/soft/my/countof_ns/tests/unit/pos_vla_zla_n0.h(7): warning #39: division by zero
      TU_ASSERT_AND_RETURN(d1, TU_COUNTOF(b));
      ^

In file included from /Users/leo/soft/my/countof_ns/tests/unit/tu_stub.h(106),
                 from /Users/leo/soft/my/countof_ns/tests/unit/tu_stub.c(5):
/Users/leo/soft/my/countof_ns/tests/unit/pos_vla_zla_n0.h(7): warning #39: division by zero
      TU_ASSERT_AND_RETURN(d1, TU_COUNTOF(b));
      ^

In file included from /Users/leo/soft/my/countof_ns/tests/unit/tu_stub.h(106),
                 from /Users/leo/soft/my/countof_ns/tests/unit/tu_stub.c(5):
/Users/leo/soft/my/countof_ns/tests/unit/pos_vla_zla_n0.h(7): warning #39: division by zero
      TU_ASSERT_AND_RETURN(d1, TU_COUNTOF(b));
      ^

[100%] Linking C executable LNX_ARRAY_SIZE-pos_vla_zla_n0
-macosx_version_min has been renamed to -macos_version_min
ld: warning: -keep_dwarf_unwind is obsolete
ld: warning: ignoring duplicate libraries: '/opt/intel/oneapi/compiler/2021.1.1/mac/bin/intel64/../../compiler/lib/libsvml.a'
ld: warning: no platform load command found in '/Users/leo/soft/my/countof_ns/build/Darwin_icc_icpc/tests/unit/CMakeFiles/LNX_ARRAY_SIZE-pos_vla_zla_n0.dir/tu_stub.c.o', assuming: macOS
[100%] Built target LNX_ARRAY_SIZE-pos_vla_zla_n0

Running test command: "/Users/leo/soft/my/countof_ns/build/Darwin_icc_icpc/tests/unit/LNX_ARRAY_SIZE-pos_vla_zla_n0"
Test command failed: /Users/leo/soft/my/countof_ns/build/Darwin_icc_icpc/tests/unit/LNX_ARRAY_SIZE-pos_vla_zla_n0

*** Exception executing: Floating-point exception
</system-out>
	</testcase>
	<testcase name="LNX_ARRAY_SIZE-pos_zla_00" classname="LNX_ARRAY_SIZE-pos_zla_00" time="2.66083" status="fail">
		<failure message="Failed"/>
		<properties>
			<property name="cmake_labels" value="LNX_ARRAY_SIZE"/>
		</properties>
		<system-out>Internal cmake changing into directory: /Users/leo/soft/my/countof_ns/build/Darwin_icc_icpc
Change Dir: '/Users/leo/soft/my/countof_ns/build/Darwin_icc_icpc'

Run Build Command(s): /opt/local/bin/gmake -f Makefile LNX_ARRAY_SIZE-pos_zla_00
[  0%] Built target CounofNS
[  0%] Building C object tests/unit/CMakeFiles/LNX_ARRAY_SIZE-pos_zla_00.dir/tu_stub.c.o
In file included from /Users/leo/soft/my/countof_ns/tests/unit/tu_stub.h(106),
                 from /Users/leo/soft/my/countof_ns/tests/unit/tu_stub.c(5):
/Users/leo/soft/my/countof_ns/tests/unit/pos_zla_00.h(4): error: division by zero
      TU_STATIC_ASSERT_AND_RETURN(0, TU_COUNTOF(b));
      ^

In file included from /Users/leo/soft/my/countof_ns/tests/unit/tu_stub.h(106),
                 from /Users/leo/soft/my/countof_ns/tests/unit/tu_stub.c(5):
/Users/leo/soft/my/countof_ns/tests/unit/pos_zla_00.h(4): warning #39: division by zero
      TU_STATIC_ASSERT_AND_RETURN(0, TU_COUNTOF(b));
      ^

In file included from /Users/leo/soft/my/countof_ns/tests/unit/tu_stub.h(106),
                 from /Users/leo/soft/my/countof_ns/tests/unit/tu_stub.c(5):
/Users/leo/soft/my/countof_ns/tests/unit/pos_zla_00.h(4): warning #39: division by zero
      TU_STATIC_ASSERT_AND_RETURN(0, TU_COUNTOF(b));
      ^

In file included from /Users/leo/soft/my/countof_ns/tests/unit/tu_stub.h(106),
                 from /Users/leo/soft/my/countof_ns/tests/unit/tu_stub.c(5):
/Users/leo/soft/my/countof_ns/tests/unit/pos_zla_00.h(4): warning #39: division by zero
      TU_STATIC_ASSERT_AND_RETURN(0, TU_COUNTOF(b));
      ^

In file included from /Users/leo/soft/my/countof_ns/tests/unit/tu_stub.h(106),
                 from /Users/leo/soft/my/countof_ns/tests/unit/tu_stub.c(5):
/Users/leo/soft/my/countof_ns/tests/unit/pos_zla_00.h(4): warning #39: division by zero
      TU_STATIC_ASSERT_AND_RETURN(0, TU_COUNTOF(b));
      ^

In file included from /Users/leo/soft/my/countof_ns/tests/unit/tu_stub.h(106),
                 from /Users/leo/soft/my/countof_ns/tests/unit/tu_stub.c(5):
/Users/leo/soft/my/countof_ns/tests/unit/pos_zla_00.h(4): warning #39: division by zero
      TU_STATIC_ASSERT_AND_RETURN(0, TU_COUNTOF(b));
      ^

In file included from /Users/leo/soft/my/countof_ns/tests/unit/tu_stub.h(106),
                 from /Users/leo/soft/my/countof_ns/tests/unit/tu_stub.c(5):
/Users/leo/soft/my/countof_ns/tests/unit/pos_zla_00.h(4): warning #39: division by zero
      TU_STATIC_ASSERT_AND_RETURN(0, TU_COUNTOF(b));
      ^

compilation aborted for /Users/leo/soft/my/countof_ns/tests/unit/tu_stub.c (code 2)
gmake[3]: *** [tests/unit/CMakeFiles/LNX_ARRAY_SIZE-pos_zla_00.dir/build.make:79: tests/unit/CMakeFiles/LNX_ARRAY_SIZE-pos_zla_00.dir/tu_stub.c.o] Ошибка 2
gmake[2]: *** [CMakeFiles/Makefile2:3843: tests/unit/CMakeFiles/LNX_ARRAY_SIZE-pos_zla_00.dir/all] Ошибка 2
gmake[1]: *** [CMakeFiles/Makefile2:3850: tests/unit/CMakeFiles/LNX_ARRAY_SIZE-pos_zla_00.dir/rule] Ошибка 2
gmake: *** [Makefile:1538: LNX_ARRAY_SIZE-pos_zla_00] Ошибка 2

</system-out>
	</testcase>
	<testcase name="LNX_ARRAY_SIZE-pos_zla_0n" classname="LNX_ARRAY_SIZE-pos_zla_0n" time="5.21319" status="run">
		<properties>
			<property name="cmake_labels" value="LNX_ARRAY_SIZE"/>
		</properties>
		<system-out>Internal cmake changing into directory: /Users/leo/soft/my/countof_ns/build/Darwin_icc_icpc
Change Dir: '/Users/leo/soft/my/countof_ns/build/Darwin_icc_icpc'

Run Build Command(s): /opt/local/bin/gmake -f Makefile LNX_ARRAY_SIZE-pos_zla_0n
Built target CounofNS
Building C object tests/unit/CMakeFiles/LNX_ARRAY_SIZE-pos_zla_0n.dir/tu_stub.c.o
Linking C executable LNX_ARRAY_SIZE-pos_zla_0n
-macosx_version_min has been renamed to -macos_version_min
ld: warning: -keep_dwarf_unwind is obsolete
ld: warning: ignoring duplicate libraries: '/opt/intel/oneapi/compiler/2021.1.1/mac/bin/intel64/../../compiler/lib/libsvml.a'
ld: warning: no platform load command found in '/Users/leo/soft/my/countof_ns/build/Darwin_icc_icpc/tests/unit/CMakeFiles/LNX_ARRAY_SIZE-pos_zla_0n.dir/tu_stub.c.o', assuming: macOS
Built target LNX_ARRAY_SIZE-pos_zla_0n

Running test command: "/Users/leo/soft/my/countof_ns/build/Darwin_icc_icpc/tests/unit/LNX_ARRAY_SIZE-pos_zla_0n"
Ok 0 TU_STATIC_ASSERT_AND_RETURN((0)=0, ...) /Users/leo/soft/my/count...
[This part of the test output was removed since it exceeds the threshold of 1024 bytes.]
</system-out>
	</testcase>
	<testcase name="LNX_ARRAY_SIZE-pos_zla_n0" classname="LNX_ARRAY_SIZE-pos_zla_n0" time="2.61623" status="fail">
		<failure message="Failed"/>
		<properties>
			<property name="cmake_labels" value="LNX_ARRAY_SIZE"/>
		</properties>
		<system-out>Internal cmake changing into directory: /Users/leo/soft/my/countof_ns/build/Darwin_icc_icpc
Change Dir: '/Users/leo/soft/my/countof_ns/build/Darwin_icc_icpc'

Run Build Command(s): /opt/local/bin/gmake -f Makefile LNX_ARRAY_SIZE-pos_zla_n0
[  0%] Built target CounofNS
[100%] Building C object tests/unit/CMakeFiles/LNX_ARRAY_SIZE-pos_zla_n0.dir/tu_stub.c.o
In file included from /Users/leo/soft/my/countof_ns/tests/unit/tu_stub.h(106),
                 from /Users/leo/soft/my/countof_ns/tests/unit/tu_stub.c(5):
/Users/leo/soft/my/countof_ns/tests/unit/pos_zla_n0.h(4): error: division by zero
      TU_STATIC_ASSERT_AND_RETURN(1, TU_COUNTOF(b));
      ^

In file included from /Users/leo/soft/my/countof_ns/tests/unit/tu_stub.h(106),
                 from /Users/leo/soft/my/countof_ns/tests/unit/tu_stub.c(5):
/Users/leo/soft/my/countof_ns/tests/unit/pos_zla_n0.h(4): warning #39: division by zero
      TU_STATIC_ASSERT_AND_RETURN(1, TU_COUNTOF(b));
      ^

In file included from /Users/leo/soft/my/countof_ns/tests/unit/tu_stub.h(106),
                 from /Users/leo/soft/my/countof_ns/tests/unit/tu_stub.c(5):
/Users/leo/soft/my/countof_ns/tests/unit/pos_zla_n0.h(4): warning #39: division by zero
      TU_STATIC_ASSERT_AND_RETURN(1, TU_COUNTOF(b));
      ^

In file included from /Users/leo/soft/my/countof_ns/tests/unit/tu_stub.h(106),
                 from /Users/leo/soft/my/countof_ns/tests/unit/tu_stub.c(5):
/Users/leo/soft/my/countof_ns/tests/unit/pos_zla_n0.h(4): warning #39: division by zero
      TU_STATIC_ASSERT_AND_RETURN(1, TU_COUNTOF(b));
      ^

In file included from /Users/leo/soft/my/countof_ns/tests/unit/tu_stub.h(106),
                 from /Users/leo/soft/my/countof_ns/tests/unit/tu_stub.c(5):
/Users/leo/soft/my/countof_ns/tests/unit/pos_zla_n0.h(4): warning #39: division by zero
      TU_STATIC_ASSERT_AND_RETURN(1, TU_COUNTOF(b));
      ^

In file included from /Users/leo/soft/my/countof_ns/tests/unit/tu_stub.h(106),
                 from /Users/leo/soft/my/countof_ns/tests/unit/tu_stub.c(5):
/Users/leo/soft/my/countof_ns/tests/unit/pos_zla_n0.h(4): warning #39: division by zero
      TU_STATIC_ASSERT_AND_RETURN(1, TU_COUNTOF(b));
      ^

In file included from /Users/leo/soft/my/countof_ns/tests/unit/tu_stub.h(106),
                 from /Users/leo/soft/my/countof_ns/tests/unit/tu_stub.c(5):
/Users/leo/soft/my/countof_ns/tests/unit/pos_zla_n0.h(4): warning #39: division by zero
      TU_STATIC_ASSERT_AND_RETURN(1, TU_COUNTOF(b));
      ^

compilation aborted for /Users/leo/soft/my/countof_ns/tests/unit/tu_stub.c (code 2)
gmake[3]: *** [tests/unit/CMakeFiles/LNX_ARRAY_SIZE-pos_zla_n0.dir/build.make:79: tests/unit/CMakeFiles/LNX_ARRAY_SIZE-pos_zla_n0.dir/tu_stub.c.o] Ошибка 2
gmake[2]: *** [CMakeFiles/Makefile2:3907: tests/unit/CMakeFiles/LNX_ARRAY_SIZE-pos_zla_n0.dir/all] Ошибка 2
gmake[1]: *** [CMakeFiles/Makefile2:3914: tests/unit/CMakeFiles/LNX_ARRAY_SIZE-pos_zla_n0.dir/rule] Ошибка 2
gmake: *** [Makefile:1564: LNX_ARRAY_SIZE-pos_zla_n0] Ошибка 2

</system-out>
	</testcase>
	<testcase name="LNX_ARRAY_SIZE-neg__selftest" classname="LNX_ARRAY_SIZE-neg__selftest" time="2.59532" status="run">
		<properties>
			<property name="cmake_labels" value="LNX_ARRAY_SIZE"/>
		</properties>
		<system-out>Built target CounofNS
Building C object tests/unit/CMakeFiles/LNX_ARRAY_SIZE-neg__selftest.dir/tu_stub.c.o
In file included from /Users/leo/soft/my/countof_ns/tests/unit/tu_stub.h(106),
                 from /Users/leo/soft/my/countof_ns/tests/unit/tu_stub.c(5):
/Users/leo/soft/my/countof_ns/tests/unit/neg__selftest.h(12): error: static assertion failed with "0"
          tu_static_assert(0);
          ^

compilation aborted for /Users/leo/soft/my/countof_ns/tests/unit/tu_stub.c (code 2)
gmake[3]: *** [tests/unit/CMakeFiles/LNX_ARRAY_SIZE-neg__selftest.dir/build.make:79: tests/unit/CMakeFiles/LNX_ARRAY_SIZE-neg__selftest.dir/tu_stub.c.o] Ошибка 2
gmake[2]: *** [CMakeFiles/Makefile2:3939: tests/unit/CMakeFiles/LNX_ARRAY_SIZE-neg__selftest.dir/all] Ошибка 2
gmake[1]: *** [CMakeFiles/Makefile2:3946: tests/unit/CMakeFiles/LNX_ARRAY_SIZE-neg__selftest.dir/rule] Ошибка 2
gmake: *** [Makefile:1577: LNX_ARRAY_SIZE-neg__selftest] Ошибка 2
</system-out>
	</testcase>
	<testcase name="LNX_ARRAY_SIZE-neg__selftest_0_fail" classname="LNX_ARRAY_SIZE-neg__selftest_0_fail" time="0.042144" status="notrun">
		<skipped message="SKIP_RETURN_CODE=42"/>
		<properties>
			<property name="cmake_labels" value="LNX_ARRAY_SIZE"/>
		</properties>
		<system-out></system-out>
	</testcase>
	<testcase name="LNX_ARRAY_SIZE-neg_cv_ptr" classname="LNX_ARRAY_SIZE-neg_cv_ptr" time="2.6243" status="run">
		<properties>
			<property name="cmake_labels" value="LNX_ARRAY_SIZE"/>
		</properties>
		<system-out>[  0%] Built target CounofNS
[100%] Building C object tests/unit/CMakeFiles/LNX_ARRAY_SIZE-neg_cv_ptr.dir/tu_stub.c.o
In file included from /Users/leo/soft/my/countof_ns/tests/unit/tu_stub.h(106),
                 from /Users/leo/soft/my/countof_ns/tests/unit/tu_stub.c(5):
/Users/leo/soft/my/countof_ns/tests/unit/neg_cv_ptr.h(4): error: static assertion failed with "must be array"
      return TU_COUNTOF(p);
             ^

compilation aborted for /Users/leo/soft/my/countof_ns/tests/unit/tu_stub.c (code 2)
gmake[3]: *** [tests/unit/CMakeFiles/LNX_ARRAY_SIZE-neg_cv_ptr.dir/build.make:79: tests/unit/CMakeFiles/LNX_ARRAY_SIZE-neg_cv_ptr.dir/tu_stub.c.o] Ошибка 2
gmake[2]: *** [CMakeFiles/Makefile2:3971: tests/unit/CMakeFiles/LNX_ARRAY_SIZE-neg_cv_ptr.dir/all] Ошибка 2
gmake[1]: *** [CMakeFiles/Makefile2:3978: tests/unit/CMakeFiles/LNX_ARRAY_SIZE-neg_cv_ptr.dir/rule] Ошибка 2
gmake: *** [Makefile:1590: LNX_ARRAY_SIZE-neg_cv_ptr] Ошибка 2
</system-out>
	</testcase>
	<testcase name="LNX_ARRAY_SIZE-neg_cv_ptr_0_fail" classname="LNX_ARRAY_SIZE-neg_cv_ptr_0_fail" time="0.043671" status="notrun">
		<skipped message="SKIP_RETURN_CODE=42"/>
		<properties>
			<property name="cmake_labels" value="LNX_ARRAY_SIZE"/>
		</properties>
		<system-out></system-out>
	</testcase>
	<testcase name="LNX_ARRAY_SIZE-neg_other" classname="LNX_ARRAY_SIZE-neg_other" time="2.60294" status="run">
		<properties>
			<property name="cmake_labels" value="LNX_ARRAY_SIZE"/>
		</properties>
		<system-out>[  0%] Built target CounofNS
[  0%] Building C object tests/unit/CMakeFiles/LNX_ARRAY_SIZE-neg_other.dir/tu_stub.c.o
In file included from /Users/leo/soft/my/countof_ns/tests/unit/tu_stub.h(106),
                 from /Users/leo/soft/my/countof_ns/tests/unit/tu_stub.c(5):
/Users/leo/soft/my/countof_ns/tests/unit/neg_other.h(4): error: expression must have pointer-to-object type
      return TU_COUNTOF(i);
             ^

In file included from /Users/leo/soft/my/countof_ns/tests/unit/tu_stub.h(106),
                 from /Users/leo/soft/my/countof_ns/tests/unit/tu_stub.c(5):
/Users/leo/soft/my/countof_ns/tests/unit/neg_other.h(4): error: expression must have pointer-to-object type
      return TU_COUNTOF(i);
             ^

compilation aborted for /Users/leo/soft/my/countof_ns/tests/unit/tu_stub.c (code 2)
gmake[3]: *** [tests/unit/CMakeFiles/LNX_ARRAY_SIZE-neg_other.dir/build.make:79: tests/unit/CMakeFiles/LNX_ARRAY_SIZE-neg_other.dir/tu_stub.c.o] Ошибка 2
gmake[2]: *** [CMakeFiles/Makefile2:4003: tests...
[This part of the test output was removed since it exceeds the threshold of 1024 bytes.]
</system-out>
	</testcase>
	<testcase name="LNX_ARRAY_SIZE-neg_other_0_fail" classname="LNX_ARRAY_SIZE-neg_other_0_fail" time="0.0436754" status="notrun">
		<skipped message="SKIP_RETURN_CODE=42"/>
		<properties>
			<property name="cmake_labels" value="LNX_ARRAY_SIZE"/>
		</properties>
		<system-out></system-out>
	</testcase>
	<testcase name="LNX_ARRAY_SIZE-neg_ptr" classname="LNX_ARRAY_SIZE-neg_ptr" time="2.64685" status="run">
		<properties>
			<property name="cmake_labels" value="LNX_ARRAY_SIZE"/>
		</properties>
		<system-out>Built target CounofNS
Building C object tests/unit/CMakeFiles/LNX_ARRAY_SIZE-neg_ptr.dir/tu_stub.c.o
In file included from /Users/leo/soft/my/countof_ns/tests/unit/tu_stub.h(106),
                 from /Users/leo/soft/my/countof_ns/tests/unit/tu_stub.c(5):
/Users/leo/soft/my/countof_ns/tests/unit/neg_ptr.h(6): error: static assertion failed with "must be array"
             TU_COUNTOF(p));  // TODO
             ^

In file included from /Users/leo/soft/my/countof_ns/tests/unit/tu_stub.h(106),
                 from /Users/leo/soft/my/countof_ns/tests/unit/tu_stub.c(5):
/Users/leo/soft/my/countof_ns/tests/unit/neg_ptr.h(7): error: static assertion failed with "must be array"
      return TU_COUNTOF(p);
             ^

compilation aborted for /Users/leo/soft/my/countof_ns/tests/unit/tu_stub.c (code 2)
gmake[3]: *** [tests/unit/CMakeFiles/LNX_ARRAY_SIZE-neg_ptr.dir/build.make:79: tests/unit/CMakeFiles/LNX_ARRAY_SIZE-neg_ptr.dir/tu_stub.c.o] Ошибка 2
gmake[2]: *** [CMakeFiles/Makefile2:4035: tests/unit/CMakeF...
[This part of the test output was removed since it exceeds the threshold of 1024 bytes.]
</system-out>
	</testcase>
	<testcase name="LNX_ARRAY_SIZE-neg_ptr_0_fail" classname="LNX_ARRAY_SIZE-neg_ptr_0_fail" time="0.0431289" status="notrun">
		<skipped message="SKIP_RETURN_CODE=42"/>
		<properties>
			<property name="cmake_labels" value="LNX_ARRAY_SIZE"/>
		</properties>
		<system-out></system-out>
	</testcase>
	<testcase name="LNX_ARRAY_SIZE-neg_vla_ptr" classname="LNX_ARRAY_SIZE-neg_vla_ptr" time="2.6381" status="run">
		<properties>
			<property name="cmake_labels" value="LNX_ARRAY_SIZE"/>
		</properties>
		<system-out>[  0%] Built target CounofNS
[100%] Building C object tests/unit/CMakeFiles/LNX_ARRAY_SIZE-neg_vla_ptr.dir/tu_stub.c.o
In file included from /Users/leo/soft/my/countof_ns/tests/unit/tu_stub.h(106),
                 from /Users/leo/soft/my/countof_ns/tests/unit/tu_stub.c(5):
/Users/leo/soft/my/countof_ns/tests/unit/neg_vla_ptr.h(6): error: static assertion failed with "must be array"
      return TU_COUNTOF(p);
             ^

compilation aborted for /Users/leo/soft/my/countof_ns/tests/unit/tu_stub.c (code 2)
gmake[3]: *** [tests/unit/CMakeFiles/LNX_ARRAY_SIZE-neg_vla_ptr.dir/build.make:79: tests/unit/CMakeFiles/LNX_ARRAY_SIZE-neg_vla_ptr.dir/tu_stub.c.o] Ошибка 2
gmake[2]: *** [CMakeFiles/Makefile2:4067: tests/unit/CMakeFiles/LNX_ARRAY_SIZE-neg_vla_ptr.dir/all] Ошибка 2
gmake[1]: *** [CMakeFiles/Makefile2:4074: tests/unit/CMakeFiles/LNX_ARRAY_SIZE-neg_vla_ptr.dir/rule] Ошибка 2
gmake: *** [Makefile:1629: LNX_ARRAY_SIZE-neg_vla_ptr] Ошибка 2
</system-out>
	</testcase>
	<testcase name="LNX_ARRAY_SIZE-neg_vla_ptr_0_fail" classname="LNX_ARRAY_SIZE-neg_vla_ptr_0_fail" time="0.0424952" status="notrun">
		<skipped message="SKIP_RETURN_CODE=42"/>
		<properties>
			<property name="cmake_labels" value="LNX_ARRAY_SIZE"/>
		</properties>
		<system-out></system-out>
	</testcase>
	<testcase name="LNX_ARRAY_SIZE-neg_vla_zla_ptr" classname="LNX_ARRAY_SIZE-neg_vla_zla_ptr" time="2.67101" status="run">
		<properties>
			<property name="cmake_labels" value="LNX_ARRAY_SIZE"/>
		</properties>
		<system-out>[  0%] Built target CounofNS
[  0%] Building C object tests/unit/CMakeFiles/LNX_ARRAY_SIZE-neg_vla_zla_ptr.dir/tu_stub.c.o
In file included from /Users/leo/soft/my/countof_ns/tests/unit/tu_stub.h(106),
                 from /Users/leo/soft/my/countof_ns/tests/unit/tu_stub.c(5):
/Users/leo/soft/my/countof_ns/tests/unit/neg_vla_zla_ptr.h(6): error: static assertion failed with "must be array"
      return TU_COUNTOF(p);
             ^

compilation aborted for /Users/leo/soft/my/countof_ns/tests/unit/tu_stub.c (code 2)
gmake[3]: *** [tests/unit/CMakeFiles/LNX_ARRAY_SIZE-neg_vla_zla_ptr.dir/build.make:79: tests/unit/CMakeFiles/LNX_ARRAY_SIZE-neg_vla_zla_ptr.dir/tu_stub.c.o] Ошибка 2
gmake[2]: *** [CMakeFiles/Makefile2:4099: tests/unit/CMakeFiles/LNX_ARRAY_SIZE-neg_vla_zla_ptr.dir/all] Ошибка 2
gmake[1]: *** [CMakeFiles/Makefile2:4106: tests/unit/CMakeFiles/LNX_ARRAY_SIZE-neg_vla_zla_ptr.dir/rule] Ошибка 2
gmake: *** [Makefile:1642: LNX_ARRAY_SIZE-neg_vla_zla_ptr] Ошибка 2
</system-out>
	</testcase>
	<testcase name="LNX_ARRAY_SIZE-neg_vla_zla_ptr_0_fail" classname="LNX_ARRAY_SIZE-neg_vla_zla_ptr_0_fail" time="0.0435313" status="notrun">
		<skipped message="SKIP_RETURN_CODE=42"/>
		<properties>
			<property name="cmake_labels" value="LNX_ARRAY_SIZE"/>
		</properties>
		<system-out></system-out>
	</testcase>
	<testcase name="LNX_ARRAY_SIZE-neg_zla_ptr" classname="LNX_ARRAY_SIZE-neg_zla_ptr" time="2.64357" status="run">
		<properties>
			<property name="cmake_labels" value="LNX_ARRAY_SIZE"/>
		</properties>
		<system-out>Built target CounofNS
Building C object tests/unit/CMakeFiles/LNX_ARRAY_SIZE-neg_zla_ptr.dir/tu_stub.c.o
In file included from /Users/leo/soft/my/countof_ns/tests/unit/tu_stub.h(106),
                 from /Users/leo/soft/my/countof_ns/tests/unit/tu_stub.c(5):
/Users/leo/soft/my/countof_ns/tests/unit/neg_zla_ptr.h(4): warning #39: division by zero
      return TU_COUNTOF(p);
             ^

In file included from /Users/leo/soft/my/countof_ns/tests/unit/tu_stub.h(106),
                 from /Users/leo/soft/my/countof_ns/tests/unit/tu_stub.c(5):
/Users/leo/soft/my/countof_ns/tests/unit/neg_zla_ptr.h(4): error: static assertion failed with "must be array"
      return TU_COUNTOF(p);
             ^

compilation aborted for /Users/leo/soft/my/countof_ns/tests/unit/tu_stub.c (code 2)
gmake[3]: *** [tests/unit/CMakeFiles/LNX_ARRAY_SIZE-neg_zla_ptr.dir/build.make:79: tests/unit/CMakeFiles/LNX_ARRAY_SIZE-neg_zla_ptr.dir/tu_stub.c.o] Ошибка 2
gmake[2]: *** [CMakeFiles/Makefile2:4131: tests/unit/CMakeFiles/LNX_ARR...
[This part of the test output was removed since it exceeds the threshold of 1024 bytes.]
</system-out>
	</testcase>
	<testcase name="LNX_ARRAY_SIZE-neg_zla_ptr_0_fail" classname="LNX_ARRAY_SIZE-neg_zla_ptr_0_fail" time="0.0422693" status="notrun">
		<skipped message="SKIP_RETURN_CODE=42"/>
		<properties>
			<property name="cmake_labels" value="LNX_ARRAY_SIZE"/>
		</properties>
		<system-out></system-out>
	</testcase>
	<testcase name="LNX_ARRAY_SIZE-neg_zla_vla_ptr" classname="LNX_ARRAY_SIZE-neg_zla_vla_ptr" time="2.64959" status="run">
		<properties>
			<property name="cmake_labels" value="LNX_ARRAY_SIZE"/>
		</properties>
		<system-out>[  0%] Built target CounofNS
[100%] Building C object tests/unit/CMakeFiles/LNX_ARRAY_SIZE-neg_zla_vla_ptr.dir/tu_stub.c.o
In file included from /Users/leo/soft/my/countof_ns/tests/unit/tu_stub.h(106),
                 from /Users/leo/soft/my/countof_ns/tests/unit/tu_stub.c(5):
/Users/leo/soft/my/countof_ns/tests/unit/neg_zla_vla_ptr.h(6): error: static assertion failed with "must be array"
      return TU_COUNTOF(p);
             ^

compilation aborted for /Users/leo/soft/my/countof_ns/tests/unit/tu_stub.c (code 2)
gmake[3]: *** [tests/unit/CMakeFiles/LNX_ARRAY_SIZE-neg_zla_vla_ptr.dir/build.make:79: tests/unit/CMakeFiles/LNX_ARRAY_SIZE-neg_zla_vla_ptr.dir/tu_stub.c.o] Ошибка 2
gmake[2]: *** [CMakeFiles/Makefile2:4163: tests/unit/CMakeFiles/LNX_ARRAY_SIZE-neg_zla_vla_ptr.dir/all] Ошибка 2
gmake[1]: *** [CMakeFiles/Makefile2:4170: tests/unit/CMakeFiles/LNX_ARRAY_SIZE-neg_zla_vla_ptr.dir/rule] Ошибка 2
gmake: *** [Makefile:1668: LNX_ARRAY_SIZE-neg_zla_vla_ptr] Ошибка 2
</system-out>
	</testcase>
	<testcase name="LNX_ARRAY_SIZE-neg_zla_vla_ptr_0_fail" classname="LNX_ARRAY_SIZE-neg_zla_vla_ptr_0_fail" time="0.0427099" status="notrun">
		<skipped message="SKIP_RETURN_CODE=42"/>
		<properties>
			<property name="cmake_labels" value="LNX_ARRAY_SIZE"/>
		</properties>
		<system-out></system-out>
	</testcase>
	<testcase name="ms_countof-check_vla_struct_n0" classname="ms_countof-check_vla_struct_n0" time="5.27118" status="run">
		<properties>
			<property name="cmake_labels" value="ms_countof"/>
		</properties>
		<system-out>Internal cmake changing into directory: /Users/leo/soft/my/countof_ns/build/Darwin_icc_icpc
Change Dir: '/Users/leo/soft/my/countof_ns/build/Darwin_icc_icpc'

Run Build Command(s): /opt/local/bin/gmake -f Makefile ms_countof-check_vla_struct_n0
[  0%] Built target CounofNS
[  0%] Building C object tests/unit/CMakeFiles/ms_countof-check_vla_struct_n0.dir/tu_stub.c.o
[100%] Linking C executable ms_countof-check_vla_struct_n0
-macosx_version_min has been renamed to -macos_version_min
ld: warning: -keep_dwarf_unwind is obsolete
ld: warning: ignoring duplicate libraries: '/opt/intel/oneapi/compiler/2021.1.1/mac/bin/intel64/../../compiler/lib/libsvml.a'
ld: warning: no platform load command found in '/Users/leo/soft/my/countof_ns/build/Darwin_icc_icpc/tests/unit/CMakeFiles/ms_countof-check_vla_struct_n0.dir/tu_stub.c.o', assuming: macOS
[100%] Built target ms_countof-check_vla_struct_n0

Running test command: "/Users/leo/soft/my/countof_ns/build/Darwin_icc_icpc/tests/unit/ms_countof-check_vla_struct_n0"
Ok 0 TU_ASS...
[This part of the test output was removed since it exceeds the threshold of 1024 bytes.]
</system-out>
	</testcase>
	<testcase name="ms_countof-check_vla_zla_n0" classname="ms_countof-check_vla_zla_n0" time="5.69537" status="run">
		<properties>
			<property name="cmake_labels" value="ms_countof"/>
		</properties>
		<system-out>Internal cmake changing into directory: /Users/leo/soft/my/countof_ns/build/Darwin_icc_icpc
Change Dir: '/Users/leo/soft/my/countof_ns/build/Darwin_icc_icpc'

Run Build Command(s): /opt/local/bin/gmake -f Makefile ms_countof-check_vla_zla_n0
Built target CounofNS
Building C object tests/unit/CMakeFiles/ms_countof-check_vla_zla_n0.dir/tu_stub.c.o
Linking C executable ms_countof-check_vla_zla_n0
-macosx_version_min has been renamed to -macos_version_min
ld: warning: -keep_dwarf_unwind is obsolete
ld: warning: ignoring duplicate libraries: '/opt/intel/oneapi/compiler/2021.1.1/mac/bin/intel64/../../compiler/lib/libsvml.a'
ld: warning: no platform load command found in '/Users/leo/soft/my/countof_ns/build/Darwin_icc_icpc/tests/unit/CMakeFiles/ms_countof-check_vla_zla_n0.dir/tu_stub.c.o', assuming: macOS
Built target ms_countof-check_vla_zla_n0

Running test command: "/Users/leo/soft/my/countof_ns/build/Darwin_icc_icpc/tests/unit/ms_countof-check_vla_zla_n0"
Ok 0 TU_ASSERT_AND_RETURN((0)=0, ...) /Users/leo/soft/my/...
[This part of the test output was removed since it exceeds the threshold of 1024 bytes.]
</system-out>
	</testcase>
	<testcase name="ms_countof-pos__selftest" classname="ms_countof-pos__selftest" time="6.03207" status="run">
		<properties>
			<property name="cmake_labels" value="ms_countof"/>
		</properties>
		<system-out>Internal cmake changing into directory: /Users/leo/soft/my/countof_ns/build/Darwin_icc_icpc
Change Dir: '/Users/leo/soft/my/countof_ns/build/Darwin_icc_icpc'

Run Build Command(s): /opt/local/bin/gmake -f Makefile ms_countof-pos__selftest
Built target CounofNS
Building C object tests/unit/CMakeFiles/ms_countof-pos__selftest.dir/tu_stub.c.o
Linking C executable ms_countof-pos__selftest
-macosx_version_min has been renamed to -macos_version_min
ld: warning: -keep_dwarf_unwind is obsolete
ld: warning: ignoring duplicate libraries: '/opt/intel/oneapi/compiler/2021.1.1/mac/bin/intel64/../../compiler/lib/libsvml.a'
ld: warning: no platform load command found in '/Users/leo/soft/my/countof_ns/build/Darwin_icc_icpc/tests/unit/CMakeFiles/ms_countof-pos__selftest.dir/tu_stub.c.o', assuming: macOS
Built target ms_countof-pos__selftest

Running test command: "/Users/leo/soft/my/countof_ns/build/Darwin_icc_icpc/tests/unit/ms_countof-pos__selftest"
Ok 1 TU_STATIC_ASSERT_AND_RETURN((1)=1, ...) /Users/leo/soft/my/countof_ns/...
[This part of the test output was removed since it exceeds the threshold of 1024 bytes.]
</system-out>
	</testcase>
	<testcase name="ms_countof-pos_array" classname="ms_countof-pos_array" time="6.32949" status="run">
		<properties>
			<property name="cmake_labels" value="ms_countof"/>
		</properties>
		<system-out>Internal cmake changing into directory: /Users/leo/soft/my/countof_ns/build/Darwin_icc_icpc
Change Dir: '/Users/leo/soft/my/countof_ns/build/Darwin_icc_icpc'

Run Build Command(s): /opt/local/bin/gmake -f Makefile ms_countof-pos_array
[  0%] Built target CounofNS
[100%] Building C object tests/unit/CMakeFiles/ms_countof-pos_array.dir/tu_stub.c.o
[100%] Linking C executable ms_countof-pos_array
-macosx_version_min has been renamed to -macos_version_min
ld: warning: -keep_dwarf_unwind is obsolete
ld: warning: ignoring duplicate libraries: '/opt/intel/oneapi/compiler/2021.1.1/mac/bin/intel64/../../compiler/lib/libsvml.a'
ld: warning: no platform load command found in '/Users/leo/soft/my/countof_ns/build/Darwin_icc_icpc/tests/unit/CMakeFiles/ms_countof-pos_array.dir/tu_stub.c.o', assuming: macOS
[100%] Built target ms_countof-pos_array

Running test command: "/Users/leo/soft/my/countof_ns/build/Darwin_icc_icpc/tests/unit/ms_countof-pos_array"
Ok 1 TU_STATIC_ASSERT_AND_RETURN((1)=1, ...) /Users/leo/soft/my/countof...
[This part of the test output was removed since it exceeds the threshold of 1024 bytes.]
</system-out>
	</testcase>
	<testcase name="ms_countof-pos_cv_array" classname="ms_countof-pos_cv_array" time="6.24643" status="run">
		<properties>
			<property name="cmake_labels" value="ms_countof"/>
		</properties>
		<system-out>Internal cmake changing into directory: /Users/leo/soft/my/countof_ns/build/Darwin_icc_icpc
Change Dir: '/Users/leo/soft/my/countof_ns/build/Darwin_icc_icpc'

Run Build Command(s): /opt/local/bin/gmake -f Makefile ms_countof-pos_cv_array
[  0%] Built target CounofNS
[  0%] Building C object tests/unit/CMakeFiles/ms_countof-pos_cv_array.dir/tu_stub.c.o
[100%] Linking C executable ms_countof-pos_cv_array
-macosx_version_min has been renamed to -macos_version_min
ld: warning: -keep_dwarf_unwind is obsolete
ld: warning: ignoring duplicate libraries: '/opt/intel/oneapi/compiler/2021.1.1/mac/bin/intel64/../../compiler/lib/libsvml.a'
ld: warning: no platform load command found in '/Users/leo/soft/my/countof_ns/build/Darwin_icc_icpc/tests/unit/CMakeFiles/ms_countof-pos_cv_array.dir/tu_stub.c.o', assuming: macOS
[100%] Built target ms_countof-pos_cv_array

Running test command: "/Users/leo/soft/my/countof_ns/build/Darwin_icc_icpc/tests/unit/ms_countof-pos_cv_array"
Ok 1 TU_STATIC_ASSERT_AND_RETURN((1)=1, ...) /Users/l...
[This part of the test output was removed since it exceeds the threshold of 1024 bytes.]
</system-out>
	</testcase>
	<testcase name="ms_countof-pos_struct_n0" classname="ms_countof-pos_struct_n0" time="3.14027" status="fail">
		<failure message="Failed"/>
		<properties>
			<property name="cmake_labels" value="ms_countof"/>
		</properties>
		<system-out>Internal cmake changing into directory: /Users/leo/soft/my/countof_ns/build/Darwin_icc_icpc
Change Dir: '/Users/leo/soft/my/countof_ns/build/Darwin_icc_icpc'

Run Build Command(s): /opt/local/bin/gmake -f Makefile ms_countof-pos_struct_n0
Built target CounofNS
Building C object tests/unit/CMakeFiles/ms_countof-pos_struct_n0.dir/tu_stub.c.o
In file included from /Users/leo/soft/my/countof_ns/tests/unit/tu_stub.h(106),
                 from /Users/leo/soft/my/countof_ns/tests/unit/tu_stub.c(5):
/Users/leo/soft/my/countof_ns/tests/unit/pos_struct_n0.h(4): error: division by zero
      TU_STATIC_ASSERT_AND_RETURN(1, TU_COUNTOF(a));
      ^

In file included from /Users/leo/soft/my/countof_ns/tests/unit/tu_stub.h(106),
                 from /Users/leo/soft/my/countof_ns/tests/unit/tu_stub.c(5):
/Users/leo/soft/my/countof_ns/tests/unit/pos_struct_n0.h(4): warning #39: division by zero
      TU_STATIC_ASSERT_AND_RETURN(1, TU_COUNTOF(a));
      ^

In file included from /Users/leo/soft/my/countof_ns/tests/unit/tu_stub.h(106),
                 from /Users/leo/soft/my/countof_ns/tests/unit/tu_stub.c(5):
/Users/leo/soft/my/countof_ns/tests/unit/pos_struct_n0.h(4): warning #39: division by zero
      TU_STATIC_ASSERT_AND_RETURN(1, TU_COUNTOF(a));
      ^

In file included from /Users/leo/soft/my/countof_ns/tests/unit/tu_stub.h(106),
                 from /Users/leo/soft/my/countof_ns/tests/unit/tu_stub.c(5):
/Users/leo/soft/my/countof_ns/tests/unit/pos_struct_n0.h(4): warning #39: division by zero
      TU_STATIC_ASSERT_AND_RETURN(1, TU_COUNTOF(a));
      ^

In file included from /Users/leo/soft/my/countof_ns/tests/unit/tu_stub.h(106),
                 from /Users/leo/soft/my/countof_ns/tests/unit/tu_stub.c(5):
/Users/leo/soft/my/countof_ns/tests/unit/pos_struct_n0.h(4): warning #39: division by zero
      TU_STATIC_ASSERT_AND_RETURN(1, TU_COUNTOF(a));
      ^

In file included from /Users/leo/soft/my/countof_ns/tests/unit/tu_stub.h(106),
                 from /Users/leo/soft/my/countof_ns/tests/unit/tu_stub.c(5):
/Users/leo/soft/my/countof_ns/tests/unit/pos_struct_n0.h(4): warning #39: division by zero
      TU_STATIC_ASSERT_AND_RETURN(1, TU_COUNTOF(a));
      ^

In file included from /Users/leo/soft/my/countof_ns/tests/unit/tu_stub.h(106),
                 from /Users/leo/soft/my/countof_ns/tests/unit/tu_stub.c(5):
/Users/leo/soft/my/countof_ns/tests/unit/pos_struct_n0.h(4): warning #39: division by zero
      TU_STATIC_ASSERT_AND_RETURN(1, TU_COUNTOF(a));
      ^

compilation aborted for /Users/leo/soft/my/countof_ns/tests/unit/tu_stub.c (code 2)
gmake[3]: *** [tests/unit/CMakeFiles/ms_countof-pos_struct_n0.dir/build.make:79: tests/unit/CMakeFiles/ms_countof-pos_struct_n0.dir/tu_stub.c.o] Ошибка 2
gmake[2]: *** [CMakeFiles/Makefile2:4355: tests/unit/CMakeFiles/ms_countof-pos_struct_n0.dir/all] Ошибка 2
gmake[1]: *** [CMakeFiles/Makefile2:4362: tests/unit/CMakeFiles/ms_countof-pos_struct_n0.dir/rule] Ошибка 2
gmake: *** [Makefile:1746: ms_countof-pos_struct_n0] Ошибка 2

</system-out>
	</testcase>
	<testcase name="ms_countof-pos_struct_zla_00" classname="ms_countof-pos_struct_zla_00" time="3.11815" status="fail">
		<failure message="Failed"/>
		<properties>
			<property name="cmake_labels" value="ms_countof"/>
		</properties>
		<system-out>Internal cmake changing into directory: /Users/leo/soft/my/countof_ns/build/Darwin_icc_icpc
Change Dir: '/Users/leo/soft/my/countof_ns/build/Darwin_icc_icpc'

Run Build Command(s): /opt/local/bin/gmake -f Makefile ms_countof-pos_struct_zla_00
[  0%] Built target CounofNS
[100%] Building C object tests/unit/CMakeFiles/ms_countof-pos_struct_zla_00.dir/tu_stub.c.o
In file included from /Users/leo/soft/my/countof_ns/tests/unit/tu_stub.h(106),
                 from /Users/leo/soft/my/countof_ns/tests/unit/tu_stub.c(5):
/Users/leo/soft/my/countof_ns/tests/unit/pos_struct_zla_00.h(4): error: division by zero
      TU_STATIC_ASSERT_AND_RETURN(0, TU_COUNTOF(a));
      ^

In file included from /Users/leo/soft/my/countof_ns/tests/unit/tu_stub.h(106),
                 from /Users/leo/soft/my/countof_ns/tests/unit/tu_stub.c(5):
/Users/leo/soft/my/countof_ns/tests/unit/pos_struct_zla_00.h(4): warning #39: division by zero
      TU_STATIC_ASSERT_AND_RETURN(0, TU_COUNTOF(a));
      ^

In file included from /Users/leo/soft/my/countof_ns/tests/unit/tu_stub.h(106),
                 from /Users/leo/soft/my/countof_ns/tests/unit/tu_stub.c(5):
/Users/leo/soft/my/countof_ns/tests/unit/pos_struct_zla_00.h(4): warning #39: division by zero
      TU_STATIC_ASSERT_AND_RETURN(0, TU_COUNTOF(a));
      ^

In file included from /Users/leo/soft/my/countof_ns/tests/unit/tu_stub.h(106),
                 from /Users/leo/soft/my/countof_ns/tests/unit/tu_stub.c(5):
/Users/leo/soft/my/countof_ns/tests/unit/pos_struct_zla_00.h(4): warning #39: division by zero
      TU_STATIC_ASSERT_AND_RETURN(0, TU_COUNTOF(a));
      ^

In file included from /Users/leo/soft/my/countof_ns/tests/unit/tu_stub.h(106),
                 from /Users/leo/soft/my/countof_ns/tests/unit/tu_stub.c(5):
/Users/leo/soft/my/countof_ns/tests/unit/pos_struct_zla_00.h(4): warning #39: division by zero
      TU_STATIC_ASSERT_AND_RETURN(0, TU_COUNTOF(a));
      ^

In file included from /Users/leo/soft/my/countof_ns/tests/unit/tu_stub.h(106),
                 from /Users/leo/soft/my/countof_ns/tests/unit/tu_stub.c(5):
/Users/leo/soft/my/countof_ns/tests/unit/pos_struct_zla_00.h(4): warning #39: division by zero
      TU_STATIC_ASSERT_AND_RETURN(0, TU_COUNTOF(a));
      ^

In file included from /Users/leo/soft/my/countof_ns/tests/unit/tu_stub.h(106),
                 from /Users/leo/soft/my/countof_ns/tests/unit/tu_stub.c(5):
/Users/leo/soft/my/countof_ns/tests/unit/pos_struct_zla_00.h(4): warning #39: division by zero
      TU_STATIC_ASSERT_AND_RETURN(0, TU_COUNTOF(a));
      ^

compilation aborted for /Users/leo/soft/my/countof_ns/tests/unit/tu_stub.c (code 2)
gmake[3]: *** [tests/unit/CMakeFiles/ms_countof-pos_struct_zla_00.dir/build.make:79: tests/unit/CMakeFiles/ms_countof-pos_struct_zla_00.dir/tu_stub.c.o] Ошибка 2
gmake[2]: *** [CMakeFiles/Makefile2:4387: tests/unit/CMakeFiles/ms_countof-pos_struct_zla_00.dir/all] Ошибка 2
gmake[1]: *** [CMakeFiles/Makefile2:4394: tests/unit/CMakeFiles/ms_countof-pos_struct_zla_00.dir/rule] Ошибка 2
gmake: *** [Makefile:1759: ms_countof-pos_struct_zla_00] Ошибка 2

</system-out>
	</testcase>
	<testcase name="ms_countof-pos_vla" classname="ms_countof-pos_vla" time="6.16665" status="run">
		<properties>
			<property name="cmake_labels" value="ms_countof"/>
		</properties>
		<system-out>Internal cmake changing into directory: /Users/leo/soft/my/countof_ns/build/Darwin_icc_icpc
Change Dir: '/Users/leo/soft/my/countof_ns/build/Darwin_icc_icpc'

Run Build Command(s): /opt/local/bin/gmake -f Makefile ms_countof-pos_vla
[  0%] Built target CounofNS
[  0%] Building C object tests/unit/CMakeFiles/ms_countof-pos_vla.dir/tu_stub.c.o
[100%] Linking C executable ms_countof-pos_vla
-macosx_version_min has been renamed to -macos_version_min
ld: warning: -keep_dwarf_unwind is obsolete
ld: warning: ignoring duplicate libraries: '/opt/intel/oneapi/compiler/2021.1.1/mac/bin/intel64/../../compiler/lib/libsvml.a'
ld: warning: no platform load command found in '/Users/leo/soft/my/countof_ns/build/Darwin_icc_icpc/tests/unit/CMakeFiles/ms_countof-pos_vla.dir/tu_stub.c.o', assuming: macOS
[100%] Built target ms_countof-pos_vla

Running test command: "/Users/leo/soft/my/countof_ns/build/Darwin_icc_icpc/tests/unit/ms_countof-pos_vla"
Ok 1 TU_ASSERT_AND_RETURN((d1)=1, ...) /Users/leo/soft/my/countof_ns/tests/unit/pos...
[This part of the test output was removed since it exceeds the threshold of 1024 bytes.]
</system-out>
	</testcase>
	<testcase name="ms_countof-pos_vla_00" classname="ms_countof-pos_vla_00" time="5.76225" status="fail">
		<failure message="Failed"/>
		<properties>
			<property name="cmake_labels" value="ms_countof"/>
		</properties>
		<system-out>Internal cmake changing into directory: /Users/leo/soft/my/countof_ns/build/Darwin_icc_icpc
Change Dir: '/Users/leo/soft/my/countof_ns/build/Darwin_icc_icpc'

Run Build Command(s): /opt/local/bin/gmake -f Makefile ms_countof-pos_vla_00
Built target CounofNS
Building C object tests/unit/CMakeFiles/ms_countof-pos_vla_00.dir/tu_stub.c.o
Linking C executable ms_countof-pos_vla_00
-macosx_version_min has been renamed to -macos_version_min
ld: warning: -keep_dwarf_unwind is obsolete
ld: warning: ignoring duplicate libraries: '/opt/intel/oneapi/compiler/2021.1.1/mac/bin/intel64/../../compiler/lib/libsvml.a'
ld: warning: no platform load command found in '/Users/leo/soft/my/countof_ns/build/Darwin_icc_icpc/tests/unit/CMakeFiles/ms_countof-pos_vla_00.dir/tu_stub.c.o', assuming: macOS
Built target ms_countof-pos_vla_00

Running test command: "/Users/leo/soft/my/countof_ns/build/Darwin_icc_icpc/tests/unit/ms_countof-pos_vla_00"
Test command failed: /Users/leo/soft/my/countof_ns/build/Darwin_icc_icpc/tests/unit/ms_countof-pos_vla_00

*** Exception executing: Floating-point exception
</system-out>
	</testcase>
	<testcase name="ms_countof-pos_vla_0n" classname="ms_countof-pos_vla_0n" time="5.54993" status="run">
		<properties>
			<property name="cmake_labels" value="ms_countof"/>
		</properties>
		<system-out>Internal cmake changing into directory: /Users/leo/soft/my/countof_ns/build/Darwin_icc_icpc
Change Dir: '/Users/leo/soft/my/countof_ns/build/Darwin_icc_icpc'

Run Build Command(s): /opt/local/bin/gmake -f Makefile ms_countof-pos_vla_0n
[  0%] Built target CounofNS
[100%] Building C object tests/unit/CMakeFiles/ms_countof-pos_vla_0n.dir/tu_stub.c.o
[100%] Linking C executable ms_countof-pos_vla_0n
-macosx_version_min has been renamed to -macos_version_min
ld: warning: -keep_dwarf_unwind is obsolete
ld: warning: ignoring duplicate libraries: '/opt/intel/oneapi/compiler/2021.1.1/mac/bin/intel64/../../compiler/lib/libsvml.a'
ld: warning: no platform load command found in '/Users/leo/soft/my/countof_ns/build/Darwin_icc_icpc/tests/unit/CMakeFiles/ms_countof-pos_vla_0n.dir/tu_stub.c.o', assuming: macOS
[100%] Built target ms_countof-pos_vla_0n

Running test command: "/Users/leo/soft/my/countof_ns/build/Darwin_icc_icpc/tests/unit/ms_countof-pos_vla_0n"
Ok 0 TU_ASSERT_AND_RETURN((d0)=0, ...) /Users/leo/soft/my/countof...
[This part of the test output was removed since it exceeds the threshold of 1024 bytes.]
</system-out>
	</testcase>
	<testcase name="ms_countof-pos_vla_cv" classname="ms_countof-pos_vla_cv" time="5.22908" status="run">
		<properties>
			<property name="cmake_labels" value="ms_countof"/>
		</properties>
		<system-out>Internal cmake changing into directory: /Users/leo/soft/my/countof_ns/build/Darwin_icc_icpc
Change Dir: '/Users/leo/soft/my/countof_ns/build/Darwin_icc_icpc'

Run Build Command(s): /opt/local/bin/gmake -f Makefile ms_countof-pos_vla_cv
[  0%] Built target CounofNS
[  0%] Building C object tests/unit/CMakeFiles/ms_countof-pos_vla_cv.dir/tu_stub.c.o
[100%] Linking C executable ms_countof-pos_vla_cv
-macosx_version_min has been renamed to -macos_version_min
ld: warning: -keep_dwarf_unwind is obsolete
ld: warning: ignoring duplicate libraries: '/opt/intel/oneapi/compiler/2021.1.1/mac/bin/intel64/../../compiler/lib/libsvml.a'
ld: warning: no platform load command found in '/Users/leo/soft/my/countof_ns/build/Darwin_icc_icpc/tests/unit/CMakeFiles/ms_countof-pos_vla_cv.dir/tu_stub.c.o', assuming: macOS
[100%] Built target ms_countof-pos_vla_cv

Running test command: "/Users/leo/soft/my/countof_ns/build/Darwin_icc_icpc/tests/unit/ms_countof-pos_vla_cv"
Ok 1 TU_ASSERT_AND_RETURN((d1)=1, ...) /Users/leo/soft/my/countof...
[This part of the test output was removed since it exceeds the threshold of 1024 bytes.]
</system-out>
	</testcase>
	<testcase name="ms_countof-pos_vla_n0" classname="ms_countof-pos_vla_n0" time="5.05144" status="fail">
		<failure message="Failed"/>
		<properties>
			<property name="cmake_labels" value="ms_countof"/>
		</properties>
		<system-out>Internal cmake changing into directory: /Users/leo/soft/my/countof_ns/build/Darwin_icc_icpc
Change Dir: '/Users/leo/soft/my/countof_ns/build/Darwin_icc_icpc'

Run Build Command(s): /opt/local/bin/gmake -f Makefile ms_countof-pos_vla_n0
Built target CounofNS
Building C object tests/unit/CMakeFiles/ms_countof-pos_vla_n0.dir/tu_stub.c.o
Linking C executable ms_countof-pos_vla_n0
-macosx_version_min has been renamed to -macos_version_min
ld: warning: -keep_dwarf_unwind is obsolete
ld: warning: ignoring duplicate libraries: '/opt/intel/oneapi/compiler/2021.1.1/mac/bin/intel64/../../compiler/lib/libsvml.a'
ld: warning: no platform load command found in '/Users/leo/soft/my/countof_ns/build/Darwin_icc_icpc/tests/unit/CMakeFiles/ms_countof-pos_vla_n0.dir/tu_stub.c.o', assuming: macOS
Built target ms_countof-pos_vla_n0

Running test command: "/Users/leo/soft/my/countof_ns/build/Darwin_icc_icpc/tests/unit/ms_countof-pos_vla_n0"
Test command failed: /Users/leo/soft/my/countof_ns/build/Darwin_icc_icpc/tests/unit/ms_countof-pos_vla_n0

*** Exception executing: Floating-point exception
</system-out>
	</testcase>
	<testcase name="ms_countof-pos_vla_struct_n0" classname="ms_countof-pos_vla_struct_n0" time="4.99921" status="fail">
		<failure message="Failed"/>
		<properties>
			<property name="cmake_labels" value="ms_countof"/>
		</properties>
		<system-out>Internal cmake changing into directory: /Users/leo/soft/my/countof_ns/build/Darwin_icc_icpc
Change Dir: '/Users/leo/soft/my/countof_ns/build/Darwin_icc_icpc'

Run Build Command(s): /opt/local/bin/gmake -f Makefile ms_countof-pos_vla_struct_n0
[  0%] Built target CounofNS
[100%] Building C object tests/unit/CMakeFiles/ms_countof-pos_vla_struct_n0.dir/tu_stub.c.o
In file included from /Users/leo/soft/my/countof_ns/tests/unit/tu_stub.h(106),
                 from /Users/leo/soft/my/countof_ns/tests/unit/tu_stub.c(5):
/Users/leo/soft/my/countof_ns/tests/unit/pos_vla_struct_n0.h(7): warning #39: division by zero
      TU_ASSERT_AND_RETURN(d1, TU_COUNTOF(a));
      ^

In file included from /Users/leo/soft/my/countof_ns/tests/unit/tu_stub.h(106),
                 from /Users/leo/soft/my/countof_ns/tests/unit/tu_stub.c(5):
/Users/leo/soft/my/countof_ns/tests/unit/pos_vla_struct_n0.h(7): warning #39: division by zero
      TU_ASSERT_AND_RETURN(d1, TU_COUNTOF(a));
      ^

In file included from /Users/leo/soft/my/countof_ns/tests/unit/tu_stub.h(106),
                 from /Users/leo/soft/my/countof_ns/tests/unit/tu_stub.c(5):
/Users/leo/soft/my/countof_ns/tests/unit/pos_vla_struct_n0.h(7): warning #39: division by zero
      TU_ASSERT_AND_RETURN(d1, TU_COUNTOF(a));
      ^

In file included from /Users/leo/soft/my/countof_ns/tests/unit/tu_stub.h(106),
                 from /Users/leo/soft/my/countof_ns/tests/unit/tu_stub.c(5):
/Users/leo/soft/my/countof_ns/tests/unit/pos_vla_struct_n0.h(7): warning #39: division by zero
      TU_ASSERT_AND_RETURN(d1, TU_COUNTOF(a));
      ^

In file included from /Users/leo/soft/my/countof_ns/tests/unit/tu_stub.h(106),
                 from /Users/leo/soft/my/countof_ns/tests/unit/tu_stub.c(5):
/Users/leo/soft/my/countof_ns/tests/unit/pos_vla_struct_n0.h(7): warning #39: division by zero
      TU_ASSERT_AND_RETURN(d1, TU_COUNTOF(a));
      ^

In file included from /Users/leo/soft/my/countof_ns/tests/unit/tu_stub.h(106),
                 from /Users/leo/soft/my/countof_ns/tests/unit/tu_stub.c(5):
/Users/leo/soft/my/countof_ns/tests/unit/pos_vla_struct_n0.h(7): warning #39: division by zero
      TU_ASSERT_AND_RETURN(d1, TU_COUNTOF(a));
      ^

[100%] Linking C executable ms_countof-pos_vla_struct_n0
-macosx_version_min has been renamed to -macos_version_min
ld: warning: -keep_dwarf_unwind is obsolete
ld: warning: ignoring duplicate libraries: '/opt/intel/oneapi/compiler/2021.1.1/mac/bin/intel64/../../compiler/lib/libsvml.a'
ld: warning: no platform load command found in '/Users/leo/soft/my/countof_ns/build/Darwin_icc_icpc/tests/unit/CMakeFiles/ms_countof-pos_vla_struct_n0.dir/tu_stub.c.o', assuming: macOS
[100%] Built target ms_countof-pos_vla_struct_n0

Running test command: "/Users/leo/soft/my/countof_ns/build/Darwin_icc_icpc/tests/unit/ms_countof-pos_vla_struct_n0"
Test command failed: /Users/leo/soft/my/countof_ns/build/Darwin_icc_icpc/tests/unit/ms_countof-pos_vla_struct_n0
Fail 0 desired=1 TU_ASSERT_AND_RETURN(((d1)), ...) /Users/leo/soft/my/countof_ns/tests/unit/pos_vla_struct_n0.h:pos_vla_struct_n0.h:TU_UNIT for _comparisons/ms_countof.h:ms_countof(), C 201112L

</system-out>
	</testcase>
	<testcase name="ms_countof-pos_vla_struct_zla_00" classname="ms_countof-pos_vla_struct_zla_00" time="4.93457" status="run">
		<properties>
			<property name="cmake_labels" value="ms_countof"/>
		</properties>
		<system-out>Internal cmake changing into directory: /Users/leo/soft/my/countof_ns/build/Darwin_icc_icpc
Change Dir: '/Users/leo/soft/my/countof_ns/build/Darwin_icc_icpc'

Run Build Command(s): /opt/local/bin/gmake -f Makefile ms_countof-pos_vla_struct_zla_00
[  0%] Built target CounofNS
[  0%] Building C object tests/unit/CMakeFiles/ms_countof-pos_vla_struct_zla_00.dir/tu_stub.c.o
In file included from /Users/leo/soft/my/countof_ns/tests/unit/tu_stub.h(106),
                 from /Users/leo/soft/my/countof_ns/tests/unit/tu_stub.c(5):
/Users/leo/soft/my/countof_ns/tests/unit/pos_vla_struct_zla_00.h(5): warning #39: division by zero
      TU_ASSERT_AND_RETURN(d0, TU_COUNTOF(a));
      ^

In file included from /Users/leo/soft/my/countof_ns/tests/unit/tu_stub.h(106),
                 from /Users/leo/soft/my/countof_ns/tests/unit/tu_stub.c(5):
/Users/leo/soft/my/countof_ns/tests/unit/pos_vla_struct_zla_00.h(5): warning #39: division by zero
      TU_ASSERT_AND_RETURN(d0, TU_COUNTOF(a));
      ^

In file included from /Users/l...
[This part of the test output was removed since it exceeds the threshold of 1024 bytes.]
</system-out>
	</testcase>
	<testcase name="ms_countof-pos_vla_zla_00" classname="ms_countof-pos_vla_zla_00" time="4.93643" status="fail">
		<failure message="Failed"/>
		<properties>
			<property name="cmake_labels" value="ms_countof"/>
		</properties>
		<system-out>Internal cmake changing into directory: /Users/leo/soft/my/countof_ns/build/Darwin_icc_icpc
Change Dir: '/Users/leo/soft/my/countof_ns/build/Darwin_icc_icpc'

Run Build Command(s): /opt/local/bin/gmake -f Makefile ms_countof-pos_vla_zla_00
Built target CounofNS
Building C object tests/unit/CMakeFiles/ms_countof-pos_vla_zla_00.dir/tu_stub.c.o
In file included from /Users/leo/soft/my/countof_ns/tests/unit/tu_stub.h(106),
                 from /Users/leo/soft/my/countof_ns/tests/unit/tu_stub.c(5):
/Users/leo/soft/my/countof_ns/tests/unit/pos_vla_zla_00.h(5): warning #39: division by zero
      TU_ASSERT_AND_RETURN(d0, TU_COUNTOF(b));
      ^

In file included from /Users/leo/soft/my/countof_ns/tests/unit/tu_stub.h(106),
                 from /Users/leo/soft/my/countof_ns/tests/unit/tu_stub.c(5):
/Users/leo/soft/my/countof_ns/tests/unit/pos_vla_zla_00.h(5): warning #39: division by zero
      TU_ASSERT_AND_RETURN(d0, TU_COUNTOF(b));
      ^

In file included from /Users/leo/soft/my/countof_ns/tests/unit/tu_stub.h(106),
                 from /Users/leo/soft/my/countof_ns/tests/unit/tu_stub.c(5):
/Users/leo/soft/my/countof_ns/tests/unit/pos_vla_zla_00.h(5): warning #39: division by zero
      TU_ASSERT_AND_RETURN(d0, TU_COUNTOF(b));
      ^

In file included from /Users/leo/soft/my/countof_ns/tests/unit/tu_stub.h(106),
                 from /Users/leo/soft/my/countof_ns/tests/unit/tu_stub.c(5):
/Users/leo/soft/my/countof_ns/tests/unit/pos_vla_zla_00.h(5): warning #39: division by zero
      TU_ASSERT_AND_RETURN(d0, TU_COUNTOF(b));
      ^

In file included from /Users/leo/soft/my/countof_ns/tests/unit/tu_stub.h(106),
                 from /Users/leo/soft/my/countof_ns/tests/unit/tu_stub.c(5):
/Users/leo/soft/my/countof_ns/tests/unit/pos_vla_zla_00.h(5): warning #39: division by zero
      TU_ASSERT_AND_RETURN(d0, TU_COUNTOF(b));
      ^

In file included from /Users/leo/soft/my/countof_ns/tests/unit/tu_stub.h(106),
                 from /Users/leo/soft/my/countof_ns/tests/unit/tu_stub.c(5):
/Users/leo/soft/my/countof_ns/tests/unit/pos_vla_zla_00.h(5): warning #39: division by zero
      TU_ASSERT_AND_RETURN(d0, TU_COUNTOF(b));
      ^

Linking C executable ms_countof-pos_vla_zla_00
-macosx_version_min has been renamed to -macos_version_min
ld: warning: -keep_dwarf_unwind is obsolete
ld: warning: ignoring duplicate libraries: '/opt/intel/oneapi/compiler/2021.1.1/mac/bin/intel64/../../compiler/lib/libsvml.a'
ld: warning: no platform load command found in '/Users/leo/soft/my/countof_ns/build/Darwin_icc_icpc/tests/unit/CMakeFiles/ms_countof-pos_vla_zla_00.dir/tu_stub.c.o', assuming: macOS
Built target ms_countof-pos_vla_zla_00

Running test command: "/Users/leo/soft/my/countof_ns/build/Darwin_icc_icpc/tests/unit/ms_countof-pos_vla_zla_00"
Test command failed: /Users/leo/soft/my/countof_ns/build/Darwin_icc_icpc/tests/unit/ms_countof-pos_vla_zla_00

*** Exception executing: Floating-point exception
</system-out>
	</testcase>
	<testcase name="ms_countof-pos_vla_zla_0n" classname="ms_countof-pos_vla_zla_0n" time="4.94498" status="run">
		<properties>
			<property name="cmake_labels" value="ms_countof"/>
		</properties>
		<system-out>Internal cmake changing into directory: /Users/leo/soft/my/countof_ns/build/Darwin_icc_icpc
Change Dir: '/Users/leo/soft/my/countof_ns/build/Darwin_icc_icpc'

Run Build Command(s): /opt/local/bin/gmake -f Makefile ms_countof-pos_vla_zla_0n
[  0%] Built target CounofNS
[100%] Building C object tests/unit/CMakeFiles/ms_countof-pos_vla_zla_0n.dir/tu_stub.c.o
[100%] Linking C executable ms_countof-pos_vla_zla_0n
-macosx_version_min has been renamed to -macos_version_min
ld: warning: -keep_dwarf_unwind is obsolete
ld: warning: ignoring duplicate libraries: '/opt/intel/oneapi/compiler/2021.1.1/mac/bin/intel64/../../compiler/lib/libsvml.a'
ld: warning: no platform load command found in '/Users/leo/soft/my/countof_ns/build/Darwin_icc_icpc/tests/unit/CMakeFiles/ms_countof-pos_vla_zla_0n.dir/tu_stub.c.o', assuming: macOS
[100%] Built target ms_countof-pos_vla_zla_0n

Running test command: "/Users/leo/soft/my/countof_ns/build/Darwin_icc_icpc/tests/unit/ms_countof-pos_vla_zla_0n"
Ok 0 TU_ASSERT_AND_RETURN((d0)=0, ...) /U...
[This part of the test output was removed since it exceeds the threshold of 1024 bytes.]
</system-out>
	</testcase>
	<testcase name="ms_countof-pos_vla_zla_n0" classname="ms_countof-pos_vla_zla_n0" time="4.96095" status="fail">
		<failure message="Failed"/>
		<properties>
			<property name="cmake_labels" value="ms_countof"/>
		</properties>
		<system-out>Internal cmake changing into directory: /Users/leo/soft/my/countof_ns/build/Darwin_icc_icpc
Change Dir: '/Users/leo/soft/my/countof_ns/build/Darwin_icc_icpc'

Run Build Command(s): /opt/local/bin/gmake -f Makefile ms_countof-pos_vla_zla_n0
[  0%] Built target CounofNS
[  0%] Building C object tests/unit/CMakeFiles/ms_countof-pos_vla_zla_n0.dir/tu_stub.c.o
In file included from /Users/leo/soft/my/countof_ns/tests/unit/tu_stub.h(106),
                 from /Users/leo/soft/my/countof_ns/tests/unit/tu_stub.c(5):
/Users/leo/soft/my/countof_ns/tests/unit/pos_vla_zla_n0.h(7): warning #39: division by zero
      TU_ASSERT_AND_RETURN(d1, TU_COUNTOF(b));
      ^

In file included from /Users/leo/soft/my/countof_ns/tests/unit/tu_stub.h(106),
                 from /Users/leo/soft/my/countof_ns/tests/unit/tu_stub.c(5):
/Users/leo/soft/my/countof_ns/tests/unit/pos_vla_zla_n0.h(7): warning #39: division by zero
      TU_ASSERT_AND_RETURN(d1, TU_COUNTOF(b));
      ^

In file included from /Users/leo/soft/my/countof_ns/tests/unit/tu_stub.h(106),
                 from /Users/leo/soft/my/countof_ns/tests/unit/tu_stub.c(5):
/Users/leo/soft/my/countof_ns/tests/unit/pos_vla_zla_n0.h(7): warning #39: division by zero
      TU_ASSERT_AND_RETURN(d1, TU_COUNTOF(b));
      ^

In file included from /Users/leo/soft/my/countof_ns/tests/unit/tu_stub.h(106),
                 from /Users/leo/soft/my/countof_ns/tests/unit/tu_stub.c(5):
/Users/leo/soft/my/countof_ns/tests/unit/pos_vla_zla_n0.h(7): warning #39: division by zero
      TU_ASSERT_AND_RETURN(d1, TU_COUNTOF(b));
      ^

In file included from /Users/leo/soft/my/countof_ns/tests/unit/tu_stub.h(106),
                 from /Users/leo/soft/my/countof_ns/tests/unit/tu_stub.c(5):
/Users/leo/soft/my/countof_ns/tests/unit/pos_vla_zla_n0.h(7): warning #39: division by zero
      TU_ASSERT_AND_RETURN(d1, TU_COUNTOF(b));
      ^

In file included from /Users/leo/soft/my/countof_ns/tests/unit/tu_stub.h(106),
                 from /Users/leo/soft/my/countof_ns/tests/unit/tu_stub.c(5):
/Users/leo/soft/my/countof_ns/tests/unit/pos_vla_zla_n0.h(7): warning #39: division by zero
      TU_ASSERT_AND_RETURN(d1, TU_COUNTOF(b));
      ^

[100%] Linking C executable ms_countof-pos_vla_zla_n0
-macosx_version_min has been renamed to -macos_version_min
ld: warning: -keep_dwarf_unwind is obsolete
ld: warning: ignoring duplicate libraries: '/opt/intel/oneapi/compiler/2021.1.1/mac/bin/intel64/../../compiler/lib/libsvml.a'
ld: warning: no platform load command found in '/Users/leo/soft/my/countof_ns/build/Darwin_icc_icpc/tests/unit/CMakeFiles/ms_countof-pos_vla_zla_n0.dir/tu_stub.c.o', assuming: macOS
[100%] Built target ms_countof-pos_vla_zla_n0

Running test command: "/Users/leo/soft/my/countof_ns/build/Darwin_icc_icpc/tests/unit/ms_countof-pos_vla_zla_n0"
Test command failed: /Users/leo/soft/my/countof_ns/build/Darwin_icc_icpc/tests/unit/ms_countof-pos_vla_zla_n0

*** Exception executing: Floating-point exception
</system-out>
	</testcase>
	<testcase name="ms_countof-pos_zla_00" classname="ms_countof-pos_zla_00" time="2.49918" status="fail">
		<failure message="Failed"/>
		<properties>
			<property name="cmake_labels" value="ms_countof"/>
		</properties>
		<system-out>Internal cmake changing into directory: /Users/leo/soft/my/countof_ns/build/Darwin_icc_icpc
Change Dir: '/Users/leo/soft/my/countof_ns/build/Darwin_icc_icpc'

Run Build Command(s): /opt/local/bin/gmake -f Makefile ms_countof-pos_zla_00
Built target CounofNS
Building C object tests/unit/CMakeFiles/ms_countof-pos_zla_00.dir/tu_stub.c.o
In file included from /Users/leo/soft/my/countof_ns/tests/unit/tu_stub.h(106),
                 from /Users/leo/soft/my/countof_ns/tests/unit/tu_stub.c(5):
/Users/leo/soft/my/countof_ns/tests/unit/pos_zla_00.h(4): error: division by zero
      TU_STATIC_ASSERT_AND_RETURN(0, TU_COUNTOF(b));
      ^

In file included from /Users/leo/soft/my/countof_ns/tests/unit/tu_stub.h(106),
                 from /Users/leo/soft/my/countof_ns/tests/unit/tu_stub.c(5):
/Users/leo/soft/my/countof_ns/tests/unit/pos_zla_00.h(4): warning #39: division by zero
      TU_STATIC_ASSERT_AND_RETURN(0, TU_COUNTOF(b));
      ^

In file included from /Users/leo/soft/my/countof_ns/tests/unit/tu_stub.h(106),
                 from /Users/leo/soft/my/countof_ns/tests/unit/tu_stub.c(5):
/Users/leo/soft/my/countof_ns/tests/unit/pos_zla_00.h(4): warning #39: division by zero
      TU_STATIC_ASSERT_AND_RETURN(0, TU_COUNTOF(b));
      ^

In file included from /Users/leo/soft/my/countof_ns/tests/unit/tu_stub.h(106),
                 from /Users/leo/soft/my/countof_ns/tests/unit/tu_stub.c(5):
/Users/leo/soft/my/countof_ns/tests/unit/pos_zla_00.h(4): warning #39: division by zero
      TU_STATIC_ASSERT_AND_RETURN(0, TU_COUNTOF(b));
      ^

In file included from /Users/leo/soft/my/countof_ns/tests/unit/tu_stub.h(106),
                 from /Users/leo/soft/my/countof_ns/tests/unit/tu_stub.c(5):
/Users/leo/soft/my/countof_ns/tests/unit/pos_zla_00.h(4): warning #39: division by zero
      TU_STATIC_ASSERT_AND_RETURN(0, TU_COUNTOF(b));
      ^

In file included from /Users/leo/soft/my/countof_ns/tests/unit/tu_stub.h(106),
                 from /Users/leo/soft/my/countof_ns/tests/unit/tu_stub.c(5):
/Users/leo/soft/my/countof_ns/tests/unit/pos_zla_00.h(4): warning #39: division by zero
      TU_STATIC_ASSERT_AND_RETURN(0, TU_COUNTOF(b));
      ^

In file included from /Users/leo/soft/my/countof_ns/tests/unit/tu_stub.h(106),
                 from /Users/leo/soft/my/countof_ns/tests/unit/tu_stub.c(5):
/Users/leo/soft/my/countof_ns/tests/unit/pos_zla_00.h(4): warning #39: division by zero
      TU_STATIC_ASSERT_AND_RETURN(0, TU_COUNTOF(b));
      ^

compilation aborted for /Users/leo/soft/my/countof_ns/tests/unit/tu_stub.c (code 2)
gmake[3]: *** [tests/unit/CMakeFiles/ms_countof-pos_zla_00.dir/build.make:79: tests/unit/CMakeFiles/ms_countof-pos_zla_00.dir/tu_stub.c.o] Ошибка 2
gmake[2]: *** [CMakeFiles/Makefile2:4739: tests/unit/CMakeFiles/ms_countof-pos_zla_00.dir/all] Ошибка 2
gmake[1]: *** [CMakeFiles/Makefile2:4746: tests/unit/CMakeFiles/ms_countof-pos_zla_00.dir/rule] Ошибка 2
gmake: *** [Makefile:1902: ms_countof-pos_zla_00] Ошибка 2

</system-out>
	</testcase>
	<testcase name="ms_countof-pos_zla_0n" classname="ms_countof-pos_zla_0n" time="5.02623" status="run">
		<properties>
			<property name="cmake_labels" value="ms_countof"/>
		</properties>
		<system-out>Internal cmake changing into directory: /Users/leo/soft/my/countof_ns/build/Darwin_icc_icpc
Change Dir: '/Users/leo/soft/my/countof_ns/build/Darwin_icc_icpc'

Run Build Command(s): /opt/local/bin/gmake -f Makefile ms_countof-pos_zla_0n
[  0%] Built target CounofNS
[100%] Building C object tests/unit/CMakeFiles/ms_countof-pos_zla_0n.dir/tu_stub.c.o
[100%] Linking C executable ms_countof-pos_zla_0n
-macosx_version_min has been renamed to -macos_version_min
ld: warning: -keep_dwarf_unwind is obsolete
ld: warning: ignoring duplicate libraries: '/opt/intel/oneapi/compiler/2021.1.1/mac/bin/intel64/../../compiler/lib/libsvml.a'
ld: warning: no platform load command found in '/Users/leo/soft/my/countof_ns/build/Darwin_icc_icpc/tests/unit/CMakeFiles/ms_countof-pos_zla_0n.dir/tu_stub.c.o', assuming: macOS
[100%] Built target ms_countof-pos_zla_0n

Running test command: "/Users/leo/soft/my/countof_ns/build/Darwin_icc_icpc/tests/unit/ms_countof-pos_zla_0n"
Ok 0 TU_STATIC_ASSERT_AND_RETURN((0)=0, ...) /Users/leo/soft/my/c...
[This part of the test output was removed since it exceeds the threshold of 1024 bytes.]
</system-out>
	</testcase>
	<testcase name="ms_countof-pos_zla_n0" classname="ms_countof-pos_zla_n0" time="2.4987" status="fail">
		<failure message="Failed"/>
		<properties>
			<property name="cmake_labels" value="ms_countof"/>
		</properties>
		<system-out>Internal cmake changing into directory: /Users/leo/soft/my/countof_ns/build/Darwin_icc_icpc
Change Dir: '/Users/leo/soft/my/countof_ns/build/Darwin_icc_icpc'

Run Build Command(s): /opt/local/bin/gmake -f Makefile ms_countof-pos_zla_n0
[  0%] Built target CounofNS
[  0%] Building C object tests/unit/CMakeFiles/ms_countof-pos_zla_n0.dir/tu_stub.c.o
In file included from /Users/leo/soft/my/countof_ns/tests/unit/tu_stub.h(106),
                 from /Users/leo/soft/my/countof_ns/tests/unit/tu_stub.c(5):
/Users/leo/soft/my/countof_ns/tests/unit/pos_zla_n0.h(4): error: division by zero
      TU_STATIC_ASSERT_AND_RETURN(1, TU_COUNTOF(b));
      ^

In file included from /Users/leo/soft/my/countof_ns/tests/unit/tu_stub.h(106),
                 from /Users/leo/soft/my/countof_ns/tests/unit/tu_stub.c(5):
/Users/leo/soft/my/countof_ns/tests/unit/pos_zla_n0.h(4): warning #39: division by zero
      TU_STATIC_ASSERT_AND_RETURN(1, TU_COUNTOF(b));
      ^

In file included from /Users/leo/soft/my/countof_ns/tests/unit/tu_stub.h(106),
                 from /Users/leo/soft/my/countof_ns/tests/unit/tu_stub.c(5):
/Users/leo/soft/my/countof_ns/tests/unit/pos_zla_n0.h(4): warning #39: division by zero
      TU_STATIC_ASSERT_AND_RETURN(1, TU_COUNTOF(b));
      ^

In file included from /Users/leo/soft/my/countof_ns/tests/unit/tu_stub.h(106),
                 from /Users/leo/soft/my/countof_ns/tests/unit/tu_stub.c(5):
/Users/leo/soft/my/countof_ns/tests/unit/pos_zla_n0.h(4): warning #39: division by zero
      TU_STATIC_ASSERT_AND_RETURN(1, TU_COUNTOF(b));
      ^

In file included from /Users/leo/soft/my/countof_ns/tests/unit/tu_stub.h(106),
                 from /Users/leo/soft/my/countof_ns/tests/unit/tu_stub.c(5):
/Users/leo/soft/my/countof_ns/tests/unit/pos_zla_n0.h(4): warning #39: division by zero
      TU_STATIC_ASSERT_AND_RETURN(1, TU_COUNTOF(b));
      ^

In file included from /Users/leo/soft/my/countof_ns/tests/unit/tu_stub.h(106),
                 from /Users/leo/soft/my/countof_ns/tests/unit/tu_stub.c(5):
/Users/leo/soft/my/countof_ns/tests/unit/pos_zla_n0.h(4): warning #39: division by zero
      TU_STATIC_ASSERT_AND_RETURN(1, TU_COUNTOF(b));
      ^

In file included from /Users/leo/soft/my/countof_ns/tests/unit/tu_stub.h(106),
                 from /Users/leo/soft/my/countof_ns/tests/unit/tu_stub.c(5):
/Users/leo/soft/my/countof_ns/tests/unit/pos_zla_n0.h(4): warning #39: division by zero
      TU_STATIC_ASSERT_AND_RETURN(1, TU_COUNTOF(b));
      ^

compilation aborted for /Users/leo/soft/my/countof_ns/tests/unit/tu_stub.c (code 2)
gmake[3]: *** [tests/unit/CMakeFiles/ms_countof-pos_zla_n0.dir/build.make:79: tests/unit/CMakeFiles/ms_countof-pos_zla_n0.dir/tu_stub.c.o] Ошибка 2
gmake[2]: *** [CMakeFiles/Makefile2:4803: tests/unit/CMakeFiles/ms_countof-pos_zla_n0.dir/all] Ошибка 2
gmake[1]: *** [CMakeFiles/Makefile2:4810: tests/unit/CMakeFiles/ms_countof-pos_zla_n0.dir/rule] Ошибка 2
gmake: *** [Makefile:1928: ms_countof-pos_zla_n0] Ошибка 2

</system-out>
	</testcase>
	<testcase name="ms_countof-neg__selftest" classname="ms_countof-neg__selftest" time="2.50242" status="run">
		<properties>
			<property name="cmake_labels" value="ms_countof"/>
		</properties>
		<system-out>[  0%] Built target CounofNS
[100%] Building C object tests/unit/CMakeFiles/ms_countof-neg__selftest.dir/tu_stub.c.o
In file included from /Users/leo/soft/my/countof_ns/tests/unit/tu_stub.h(106),
                 from /Users/leo/soft/my/countof_ns/tests/unit/tu_stub.c(5):
/Users/leo/soft/my/countof_ns/tests/unit/neg__selftest.h(12): error: static assertion failed with "0"
          tu_static_assert(0);
          ^

compilation aborted for /Users/leo/soft/my/countof_ns/tests/unit/tu_stub.c (code 2)
gmake[3]: *** [tests/unit/CMakeFiles/ms_countof-neg__selftest.dir/build.make:79: tests/unit/CMakeFiles/ms_countof-neg__selftest.dir/tu_stub.c.o] Ошибка 2
gmake[2]: *** [CMakeFiles/Makefile2:4835: tests/unit/CMakeFiles/ms_countof-neg__selftest.dir/all] Ошибка 2
gmake[1]: *** [CMakeFiles/Makefile2:4842: tests/unit/CMakeFiles/ms_countof-neg__selftest.dir/rule] Ошибка 2
gmake: *** [Makefile:1941: ms_countof-neg__selftest] Ошибка 2
</system-out>
	</testcase>
	<testcase name="ms_countof-neg__selftest_0_fail" classname="ms_countof-neg__selftest_0_fail" time="0.0409069" status="notrun">
		<skipped message="SKIP_RETURN_CODE=42"/>
		<properties>
			<property name="cmake_labels" value="ms_countof"/>
		</properties>
		<system-out></system-out>
	</testcase>
	<testcase name="ms_countof-neg_cv_ptr" classname="ms_countof-neg_cv_ptr" time="4.69943" status="fail">
		<failure message="Failed"/>
		<properties>
			<property name="cmake_labels" value="ms_countof"/>
		</properties>
		<system-out>[  0%] Built target CounofNS
[  0%] Building C object tests/unit/CMakeFiles/ms_countof-neg_cv_ptr.dir/tu_stub.c.o
[100%] Linking C executable ms_countof-neg_cv_ptr
-macosx_version_min has been renamed to -macos_version_min
ld: warning: -keep_dwarf_unwind is obsolete
ld: warning: ignoring duplicate libraries: '/opt/intel/oneapi/compiler/2021.1.1/mac/bin/intel64/../../compiler/lib/libsvml.a'
ld: warning: no platform load command found in '/Users/leo/soft/my/countof_ns/build/Darwin_icc_icpc/tests/unit/CMakeFiles/ms_countof-neg_cv_ptr.dir/tu_stub.c.o', assuming: macOS
[100%] Built target ms_countof-neg_cv_ptr
</system-out>
	</testcase>
	<testcase name="ms_countof-neg_cv_ptr_0_fail" classname="ms_countof-neg_cv_ptr_0_fail" time="0.296229" status="fail">
		<failure message="Failed"/>
		<properties>
			<property name="cmake_labels" value="ms_countof"/>
		</properties>
		<system-out>Fail 2 desired=0 main(0, ...) /Users/leo/soft/my/countof_ns/tests/unit/tu_stub.c:neg_cv_ptr.h:TU_UNIT for _comparisons/ms_countof.h:ms_countof(), C 201112L
</system-out>
	</testcase>
	<testcase name="ms_countof-neg_other" classname="ms_countof-neg_other" time="2.48001" status="run">
		<properties>
			<property name="cmake_labels" value="ms_countof"/>
		</properties>
		<system-out>Built target CounofNS
Building C object tests/unit/CMakeFiles/ms_countof-neg_other.dir/tu_stub.c.o
In file included from /Users/leo/soft/my/countof_ns/tests/unit/tu_stub.h(106),
                 from /Users/leo/soft/my/countof_ns/tests/unit/tu_stub.c(5):
/Users/leo/soft/my/countof_ns/tests/unit/neg_other.h(4): error: expression must have pointer-to-object type
      return TU_COUNTOF(i);
             ^

compilation aborted for /Users/leo/soft/my/countof_ns/tests/unit/tu_stub.c (code 2)
gmake[3]: *** [tests/unit/CMakeFiles/ms_countof-neg_other.dir/build.make:79: tests/unit/CMakeFiles/ms_countof-neg_other.dir/tu_stub.c.o] Ошибка 2
gmake[2]: *** [CMakeFiles/Makefile2:4899: tests/unit/CMakeFiles/ms_countof-neg_other.dir/all] Ошибка 2
gmake[1]: *** [CMakeFiles/Makefile2:4906: tests/unit/CMakeFiles/ms_countof-neg_other.dir/rule] Ошибка 2
gmake: *** [Makefile:1967: ms_countof-neg_other] Ошибка 2
</system-out>
	</testcase>
	<testcase name="ms_countof-neg_other_0_fail" classname="ms_countof-neg_other_0_fail" time="0.041788" status="notrun">
		<skipped message="SKIP_RETURN_CODE=42"/>
		<properties>
			<property name="cmake_labels" value="ms_countof"/>
		</properties>
		<system-out></system-out>
	</testcase>
	<testcase name="ms_countof-neg_ptr" classname="ms_countof-neg_ptr" time="4.57537" status="fail">
		<failure message="Failed"/>
		<properties>
			<property name="cmake_labels" value="ms_countof"/>
		</properties>
		<system-out>[  0%] Built target CounofNS
[100%] Building C object tests/unit/CMakeFiles/ms_countof-neg_ptr.dir/tu_stub.c.o
[100%] Linking C executable ms_countof-neg_ptr
-macosx_version_min has been renamed to -macos_version_min
ld: warning: -keep_dwarf_unwind is obsolete
ld: warning: ignoring duplicate libraries: '/opt/intel/oneapi/compiler/2021.1.1/mac/bin/intel64/../../compiler/lib/libsvml.a'
ld: warning: no platform load command found in '/Users/leo/soft/my/countof_ns/build/Darwin_icc_icpc/tests/unit/CMakeFiles/ms_countof-neg_ptr.dir/tu_stub.c.o', assuming: macOS
[100%] Built target ms_countof-neg_ptr
</system-out>
	</testcase>
	<testcase name="ms_countof-neg_ptr_0_fail" classname="ms_countof-neg_ptr_0_fail" time="0.30375" status="fail">
		<failure message="Failed"/>
		<properties>
			<property name="cmake_labels" value="ms_countof"/>
		</properties>
		<system-out>Debug /Users/leo/soft/my/countof_ns/tests/unit/neg_ptr.h:3:TU_UNIT
Debug /Users/leo/soft/my/countof_ns/tests/unit/neg_ptr.h:5:TU_UNIT TU_COUNTOF(p)=2 
Fail 2 desired=0 main(0, ...) /Users/leo/soft/my/countof_ns/tests/unit/tu_stub.c:neg_ptr.h:TU_UNIT for _comparisons/ms_countof.h:ms_countof(), C 201112L
</system-out>
	</testcase>
	<testcase name="ms_countof-neg_vla_ptr" classname="ms_countof-neg_vla_ptr" time="4.49491" status="fail">
		<failure message="Failed"/>
		<properties>
			<property name="cmake_labels" value="ms_countof"/>
		</properties>
		<system-out>[  0%] Built target CounofNS
[  0%] Building C object tests/unit/CMakeFiles/ms_countof-neg_vla_ptr.dir/tu_stub.c.o
[100%] Linking C executable ms_countof-neg_vla_ptr
-macosx_version_min has been renamed to -macos_version_min
ld: warning: -keep_dwarf_unwind is obsolete
ld: warning: ignoring duplicate libraries: '/opt/intel/oneapi/compiler/2021.1.1/mac/bin/intel64/../../compiler/lib/libsvml.a'
ld: warning: no platform load command found in '/Users/leo/soft/my/countof_ns/build/Darwin_icc_icpc/tests/unit/CMakeFiles/ms_countof-neg_vla_ptr.dir/tu_stub.c.o', assuming: macOS
[100%] Built target ms_countof-neg_vla_ptr
</system-out>
	</testcase>
	<testcase name="ms_countof-neg_vla_ptr_0_fail" classname="ms_countof-neg_vla_ptr_0_fail" time="0.295223" status="fail">
		<failure message="Failed"/>
		<properties>
			<property name="cmake_labels" value="ms_countof"/>
		</properties>
		<system-out>Fail 2 desired=0 main(0, ...) /Users/leo/soft/my/countof_ns/tests/unit/tu_stub.c:neg_vla_ptr.h:TU_UNIT for _comparisons/ms_countof.h:ms_countof(), C 201112L
</system-out>
	</testcase>
	<testcase name="ms_countof-neg_vla_zla_ptr" classname="ms_countof-neg_vla_zla_ptr" time="4.69844" status="fail">
		<failure message="Failed"/>
		<properties>
			<property name="cmake_labels" value="ms_countof"/>
		</properties>
		<system-out>Built target CounofNS
Building C object tests/unit/CMakeFiles/ms_countof-neg_vla_zla_ptr.dir/tu_stub.c.o
Linking C executable ms_countof-neg_vla_zla_ptr
-macosx_version_min has been renamed to -macos_version_min
ld: warning: -keep_dwarf_unwind is obsolete
ld: warning: ignoring duplicate libraries: '/opt/intel/oneapi/compiler/2021.1.1/mac/bin/intel64/../../compiler/lib/libsvml.a'
ld: warning: no platform load command found in '/Users/leo/soft/my/countof_ns/build/Darwin_icc_icpc/tests/unit/CMakeFiles/ms_countof-neg_vla_zla_ptr.dir/tu_stub.c.o', assuming: macOS
Built target ms_countof-neg_vla_zla_ptr
</system-out>
	</testcase>
	<testcase name="ms_countof-neg_vla_zla_ptr_0_fail" classname="ms_countof-neg_vla_zla_ptr_0_fail" time="0.301283" status="fail">
		<failure message="Failed"/>
		<properties>
			<property name="cmake_labels" value="ms_countof"/>
		</properties>
		<system-out>/Users/leo/soft/my/countof_ns/build/Darwin_icc_icpc/tests/unit/ms_countof-neg_vla_zla_ptr EXIT not integer CMD_RESULT=Floating-point exception
</system-out>
	</testcase>
	<testcase name="ms_countof-neg_zla_ptr" classname="ms_countof-neg_zla_ptr" time="4.70706" status="fail">
		<failure message="Failed"/>
		<properties>
			<property name="cmake_labels" value="ms_countof"/>
		</properties>
		<system-out>[  0%] Built target CounofNS
[100%] Building C object tests/unit/CMakeFiles/ms_countof-neg_zla_ptr.dir/tu_stub.c.o
In file included from /Users/leo/soft/my/countof_ns/tests/unit/tu_stub.h(106),
                 from /Users/leo/soft/my/countof_ns/tests/unit/tu_stub.c(5):
/Users/leo/soft/my/countof_ns/tests/unit/neg_zla_ptr.h(4): warning #39: division by zero
      return TU_COUNTOF(p);
             ^

[100%] Linking C executable ms_countof-neg_zla_ptr
-macosx_version_min has been renamed to -macos_version_min
ld: warning: -keep_dwarf_unwind is obsolete
ld: warning: ignoring duplicate libraries: '/opt/intel/oneapi/compiler/2021.1.1/mac/bin/intel64/../../compiler/lib/libsvml.a'
ld: warning: no platform load command found in '/Users/leo/soft/my/countof_ns/build/Darwin_icc_icpc/tests/unit/CMakeFiles/ms_countof-neg_zla_ptr.dir/tu_stub.c.o', assuming: macOS
[100%] Built target ms_countof-neg_zla_ptr
</system-out>
	</testcase>
	<testcase name="ms_countof-neg_zla_ptr_0_fail" classname="ms_countof-neg_zla_ptr_0_fail" time="0.30175" status="fail">
		<failure message="Failed"/>
		<properties>
			<property name="cmake_labels" value="ms_countof"/>
		</properties>
		<system-out>/Users/leo/soft/my/countof_ns/build/Darwin_icc_icpc/tests/unit/ms_countof-neg_zla_ptr EXIT not integer CMD_RESULT=Floating-point exception
</system-out>
	</testcase>
	<testcase name="ms_countof-neg_zla_vla_ptr" classname="ms_countof-neg_zla_vla_ptr" time="4.69758" status="fail">
		<failure message="Failed"/>
		<properties>
			<property name="cmake_labels" value="ms_countof"/>
		</properties>
		<system-out>[  0%] Built target CounofNS
[  0%] Building C object tests/unit/CMakeFiles/ms_countof-neg_zla_vla_ptr.dir/tu_stub.c.o
[100%] Linking C executable ms_countof-neg_zla_vla_ptr
-macosx_version_min has been renamed to -macos_version_min
ld: warning: -keep_dwarf_unwind is obsolete
ld: warning: ignoring duplicate libraries: '/opt/intel/oneapi/compiler/2021.1.1/mac/bin/intel64/../../compiler/lib/libsvml.a'
ld: warning: no platform load command found in '/Users/leo/soft/my/countof_ns/build/Darwin_icc_icpc/tests/unit/CMakeFiles/ms_countof-neg_zla_vla_ptr.dir/tu_stub.c.o', assuming: macOS
[100%] Built target ms_countof-neg_zla_vla_ptr
</system-out>
	</testcase>
	<testcase name="ms_countof-neg_zla_vla_ptr_0_fail" classname="ms_countof-neg_zla_vla_ptr_0_fail" time="0.324001" status="fail">
		<failure message="Failed"/>
		<properties>
			<property name="cmake_labels" value="ms_countof"/>
		</properties>
		<system-out>/Users/leo/soft/my/countof_ns/build/Darwin_icc_icpc/tests/unit/ms_countof-neg_zla_vla_ptr EXIT not integer CMD_RESULT=Floating-point exception
</system-out>
	</testcase>
	<testcase name="falsechk_fpe" classname="falsechk_fpe" time="0.548819" status="fail">
		<failure message="NUMERICAL"/>
		<properties>
			<property name="cmake_labels" value="falsechk"/>
		</properties>
		<system-out></system-out>
	</testcase>
	<testcase name="falsechk_segv" classname="falsechk_segv" time="0.261989" status="fail">
		<failure message="SEGFAULT"/>
		<properties>
			<property name="cmake_labels" value="falsechk"/>
		</properties>
		<system-out></system-out>
	</testcase>
	<testcase name="falsechk_rfpe_fix" classname="falsechk_rfpe_fix" time="0.264941" status="run">
		<properties>
			<property name="cmake_labels" value="falsechk"/>
		</properties>
		<system-out>Fail 0 desired=0 main(0, ...) /Users/leo/soft/my/countof_ns/tests/unit/tu_stub.c:falsechk_rfpe_fix.h:TU_UNIT for stdio.h:countof_ns(), C 201112L
</system-out>
	</testcase>
	<testcase name="falsechk_rfpe_vla" classname="falsechk_rfpe_vla" time="0.261134" status="fail">
		<failure message="NUMERICAL"/>
		<properties>
			<property name="cmake_labels" value="falsechk"/>
		</properties>
		<system-out></system-out>
	</testcase>
	<testcase name="short_example" classname="short_example" time="0.269636" status="run">
		<properties/>
		<system-out>short_example: Ok (fail=0)
</system-out>
	</testcase>
	<testcase name="short_example_fail" classname="short_example_fail" time="2.49251" status="run">
		<properties/>
		<system-out>Internal cmake changing into directory: /Users/leo/soft/my/countof_ns/build/Darwin_icc_icpc
Change Dir: '/Users/leo/soft/my/countof_ns/build/Darwin_icc_icpc'

Run Build Command(s): /opt/local/bin/gmake -f Makefile short_example_fail
[  0%] Built target CounofNS
[  0%] Building C object examples/CMakeFiles/short_example_fail.dir/short_example.c.o
In file included from /Users/leo/soft/my/countof_ns/examples/short_example.c(5):
/Users/leo/soft/my/countof_ns/examples/short_example.h(72): error: the size of an array must be greater than zero
          fail += countof_ns(p1);
                  ^

In file included from /Users/leo/soft/my/countof_ns/examples/short_example.c(5):
/Users/leo/soft/my/countof_ns/examples/short_example.h(74): error: the size of an array must be greater than zero
          fail += countof_ns(p2);
                  ^

In file included from /Users/leo/soft/my/countof_ns/examples/short_example.c(5):
/Users/leo/soft/my/countof_ns/examples/short_example.h(76): error: operand of "*" must be a poi...
[This part of the test output was removed since it exceeds the threshold of 1024 bytes.]
</system-out>
	</testcase>
	<testcase name="long_example" classname="long_example" time="0.278684" status="run">
		<properties/>
		<system-out>short_example: Ok (fail=0)
HAVE_EMPTY_INITIALIZER
HAVE_EMPTY_STRUCTURE
zla_example: Ok (fail=0)
__clang_major__.__clang_minor__ 15.0 __GNUC__.__GNUC_MINOR__ 4.9 __INTEL_COMPILER 2021 _COUNTOF_NS_VLA_UNSUPPORTED __STDC_VERSION__ 201112
</system-out>
	</testcase>
	<testcase name="long_example_fail" classname="long_example_fail" time="2.53058" status="run">
		<properties/>
		<system-out>Internal cmake changing into directory: /Users/leo/soft/my/countof_ns/build/Darwin_icc_icpc
Change Dir: '/Users/leo/soft/my/countof_ns/build/Darwin_icc_icpc'

Run Build Command(s): /opt/local/bin/gmake -f Makefile long_example_fail
[  0%] Built target CounofNS
[  0%] Building C object examples/CMakeFiles/long_example_fail.dir/long_example.c.o
In file included from /Users/leo/soft/my/countof_ns/examples/long_example.h(67),
                 from /Users/leo/soft/my/countof_ns/examples/long_example.c(5):
/Users/leo/soft/my/countof_ns/examples/short_example.h(72): error: the size of an array must be greater than zero
          fail += countof_ns(p1);
                  ^

In file included from /Users/leo/soft/my/countof_ns/examples/long_example.h(67),
                 from /Users/leo/soft/my/countof_ns/examples/long_example.c(5):
/Users/leo/soft/my/countof_ns/examples/short_example.h(74): error: the size of an array must be greater than zero
          fail += countof_ns(p2);
                  ^

In file included fr...
[This part of the test output was removed since it exceeds the threshold of 1024 bytes.]
</system-out>
	</testcase>
	<testcase name="long_example_vla" classname="long_example_vla" time="0.26048" status="run">
		<properties/>
		<system-out>short_example: Ok (fail=0)
HAVE_EMPTY_INITIALIZER
HAVE_EMPTY_STRUCTURE
zla_example: Ok (fail=0)
vla_example: Ok (fail=0)
__clang_major__.__clang_minor__ 15.0 __GNUC__.__GNUC_MINOR__ 4.9 __INTEL_COMPILER 2021 __STDC_VERSION__ 201112
</system-out>
	</testcase>
	<testcase name="long_example_vla_fail" classname="long_example_vla_fail" time="2.48571" status="run">
		<properties/>
		<system-out>Internal cmake changing into directory: /Users/leo/soft/my/countof_ns/build/Darwin_icc_icpc
Change Dir: '/Users/leo/soft/my/countof_ns/build/Darwin_icc_icpc'

Run Build Command(s): /opt/local/bin/gmake -f Makefile long_example_vla_fail
[  0%] Built target CounofNS
[100%] Building C object examples/CMakeFiles/long_example_vla_fail.dir/long_example.c.o
In file included from /Users/leo/soft/my/countof_ns/examples/long_example.h(67),
                 from /Users/leo/soft/my/countof_ns/examples/long_example.c(5):
/Users/leo/soft/my/countof_ns/examples/short_example.h(72): warning #42: operand types are incompatible ("int (***)[23]" and "int (**)[&lt;expression&gt;][23]")
          fail += countof_ns(p1);
                  ^

In file included from /Users/leo/soft/my/countof_ns/examples/long_example.h(67),
                 from /Users/leo/soft/my/countof_ns/examples/long_example.c(5):
/Users/leo/soft/my/countof_ns/examples/short_example.h(72): warning #1121: subtraction of pointer types "int (***)[23]" and "int (**)[&lt;expr...
[This part of the test output was removed since it exceeds the threshold of 1024 bytes.]
</system-out>
	</testcase>
	<testcase name="_check_logs_config" classname="_check_logs_config" time="0.0402581" status="run">
		<properties>
			<property name="cmake_labels" value="check_logs;default"/>
		</properties>
		<system-out>CL_TAG='verbose'
    CMAKE_C_COMPILER_ID='Intel'
    CMAKE_C_COMPILER_VERSION='2021.1.0.20201112'
    CMAKE_C_FLAGS='  -Wall -Wextra -pedantic -DHAVE_ZERO_LENGTH_ARRAYS=1 -DHAVE_EMPTY_INITIALIZER=1 -DHAVE_EMPTY_STRUCTURE=1 -DHAVE_TYPEOF=1 -DHAVE___TYPEOF__=1 -DHAVE_VLA=1 -DERROR_ON_NEGATIVE_ARRAY_SIZE=1 -DERROR_ON_STRUCT_BIT_FIELD=1 -DERROR_ON_STRUCT_STATIC_ASSERT=1'
    TAC_WERROR=''
    CXX_ENABLED='FALSE'
    
</system-out>
	</testcase>
</testsuite>
