<?xml version="1.0" encoding="UTF-8"?>
<testsuite name="(empty)"
	tests="73"
	failures="25"
	disabled="0"
	skipped="10"
	hostname=""
	time="151"
	timestamp="2025-12-01T20:36:46"
	>
	<testcase name="check_vla_struct_n0" classname="check_vla_struct_n0" time="5.11965" status="run">
		<properties>
			<property name="cmake_labels" value="countof_ns;default"/>
		</properties>
		<system-out>Internal cmake changing into directory: /Users/leo/soft/my/countof_ns/build/Darwin_icc_icpc
Change Dir: '/Users/leo/soft/my/countof_ns/build/Darwin_icc_icpc'

Run Build Command(s): /opt/local/bin/gmake -f Makefile check_vla_struct_n0
[  0%] Built target CounofNS
[  0%] Building C object tests/unit/CMakeFiles/check_vla_struct_n0.dir/tu_stub.c.o
icc: command line warning #10148: option '-ferror-limit==9999' not supported
[100%] Linking C executable check_vla_struct_n0
icc: command line warning #10148: option '-ferror-limit==9999' not supported
-macosx_version_min has been renamed to -macos_version_min
ld: warning: -keep_dwarf_unwind is obsolete
ld: warning: ignoring duplicate libraries: '/opt/intel/oneapi/compiler/2021.1.1/mac/bin/intel64/../../compiler/lib/libsvml.a'
ld: warning: no platform load command found in '/Users/leo/soft/my/countof_ns/build/Darwin_icc_icpc/tests/unit/CMakeFiles/check_vla_struct_n0.dir/tu_stub.c.o', assuming: macOS
ld: warning: no platform load command found in '/opt/intel/oneapi/compi...
[This part of the test output was removed since it exceeds the threshold of 1024 bytes.]
</system-out>
	</testcase>
	<testcase name="check_vla_struct_n0_c11" classname="check_vla_struct_n0_c11" time="4.89786" status="run">
		<properties>
			<property name="cmake_labels" value="countof_ns;default"/>
		</properties>
		<system-out>Internal cmake changing into directory: /Users/leo/soft/my/countof_ns/build/Darwin_icc_icpc
Change Dir: '/Users/leo/soft/my/countof_ns/build/Darwin_icc_icpc'

Run Build Command(s): /opt/local/bin/gmake -f Makefile check_vla_struct_n0_c11
[  0%] Built target CounofNS
[ 50%] Building C object tests/unit/CMakeFiles/check_vla_struct_n0_c11.dir/tu_stub.c.o
icc: command line warning #10148: option '-ferror-limit==9999' not supported
[100%] Linking C executable check_vla_struct_n0_c11
icc: command line warning #10148: option '-ferror-limit==9999' not supported
-macosx_version_min has been renamed to -macos_version_min
ld: warning: -keep_dwarf_unwind is obsolete
ld: warning: ignoring duplicate libraries: '/opt/intel/oneapi/compiler/2021.1.1/mac/bin/intel64/../../compiler/lib/libsvml.a'
ld: warning: no platform load command found in '/Users/leo/soft/my/countof_ns/build/Darwin_icc_icpc/tests/unit/CMakeFiles/check_vla_struct_n0_c11.dir/tu_stub.c.o', assuming: macOS
ld: warning: no platform load command found in '/opt/in...
[This part of the test output was removed since it exceeds the threshold of 1024 bytes.]
</system-out>
	</testcase>
	<testcase name="check_vla_zla_n0" classname="check_vla_zla_n0" time="5.03019" status="run">
		<properties>
			<property name="cmake_labels" value="countof_ns;default"/>
		</properties>
		<system-out>Internal cmake changing into directory: /Users/leo/soft/my/countof_ns/build/Darwin_icc_icpc
Change Dir: '/Users/leo/soft/my/countof_ns/build/Darwin_icc_icpc'

Run Build Command(s): /opt/local/bin/gmake -f Makefile check_vla_zla_n0
[  0%] Built target CounofNS
[100%] Building C object tests/unit/CMakeFiles/check_vla_zla_n0.dir/tu_stub.c.o
icc: command line warning #10148: option '-ferror-limit==9999' not supported
[100%] Linking C executable check_vla_zla_n0
icc: command line warning #10148: option '-ferror-limit==9999' not supported
-macosx_version_min has been renamed to -macos_version_min
ld: warning: -keep_dwarf_unwind is obsolete
ld: warning: ignoring duplicate libraries: '/opt/intel/oneapi/compiler/2021.1.1/mac/bin/intel64/../../compiler/lib/libsvml.a'
ld: warning: no platform load command found in '/Users/leo/soft/my/countof_ns/build/Darwin_icc_icpc/tests/unit/CMakeFiles/check_vla_zla_n0.dir/tu_stub.c.o', assuming: macOS
ld: warning: no platform load command found in '/opt/intel/oneapi/compiler/2021.1.1...
[This part of the test output was removed since it exceeds the threshold of 1024 bytes.]
</system-out>
	</testcase>
	<testcase name="check_vla_zla_n0_c11" classname="check_vla_zla_n0_c11" time="5.0524" status="run">
		<properties>
			<property name="cmake_labels" value="countof_ns;default"/>
		</properties>
		<system-out>Internal cmake changing into directory: /Users/leo/soft/my/countof_ns/build/Darwin_icc_icpc
Change Dir: '/Users/leo/soft/my/countof_ns/build/Darwin_icc_icpc'

Run Build Command(s): /opt/local/bin/gmake -f Makefile check_vla_zla_n0_c11
[  0%] Built target CounofNS
[ 50%] Building C object tests/unit/CMakeFiles/check_vla_zla_n0_c11.dir/tu_stub.c.o
icc: command line warning #10148: option '-ferror-limit==9999' not supported
[100%] Linking C executable check_vla_zla_n0_c11
icc: command line warning #10148: option '-ferror-limit==9999' not supported
-macosx_version_min has been renamed to -macos_version_min
ld: warning: -keep_dwarf_unwind is obsolete
ld: warning: ignoring duplicate libraries: '/opt/intel/oneapi/compiler/2021.1.1/mac/bin/intel64/../../compiler/lib/libsvml.a'
ld: warning: no platform load command found in '/Users/leo/soft/my/countof_ns/build/Darwin_icc_icpc/tests/unit/CMakeFiles/check_vla_zla_n0_c11.dir/tu_stub.c.o', assuming: macOS
ld: warning: no platform load command found in '/opt/intel/oneapi/c...
[This part of the test output was removed since it exceeds the threshold of 1024 bytes.]
</system-out>
	</testcase>
	<testcase name="pos__selftest" classname="pos__selftest" time="0.256336" status="run">
		<properties>
			<property name="cmake_labels" value="countof_ns;default"/>
		</properties>
		<system-out>Ok 1 TU_STATIC_ASSERT_AND_RETURN((1)=1, ...) /Users/leo/soft/my/countof_ns/tests/unit/pos__selftest.h:pos__selftest.h:TU_UNIT for countof_ns.h:countof_ns(), C 201112L
</system-out>
	</testcase>
	<testcase name="pos__selftest_c11" classname="pos__selftest_c11" time="0.330999" status="run">
		<properties>
			<property name="cmake_labels" value="countof_ns;default"/>
		</properties>
		<system-out>Ok 1 TU_STATIC_ASSERT_AND_RETURN((1)=1, ...) /Users/leo/soft/my/countof_ns/tests/unit/pos__selftest.h:pos__selftest.h:TU_UNIT for countof_ns.h:countof_ns() with C11&amp;VLA, C 201112L
</system-out>
	</testcase>
	<testcase name="pos_array" classname="pos_array" time="0.258294" status="run">
		<properties>
			<property name="cmake_labels" value="countof_ns;default"/>
		</properties>
		<system-out>Ok 1 TU_STATIC_ASSERT_AND_RETURN((1)=1, ...) /Users/leo/soft/my/countof_ns/tests/unit/pos_array.h:pos_array.h:TU_UNIT for countof_ns.h:countof_ns(), C 201112L
</system-out>
	</testcase>
	<testcase name="pos_array_c11" classname="pos_array_c11" time="0.254647" status="run">
		<properties>
			<property name="cmake_labels" value="countof_ns;default"/>
		</properties>
		<system-out>Ok 1 TU_STATIC_ASSERT_AND_RETURN((1)=1, ...) /Users/leo/soft/my/countof_ns/tests/unit/pos_array.h:pos_array.h:TU_UNIT for countof_ns.h:countof_ns() with C11&amp;VLA, C 201112L
</system-out>
	</testcase>
	<testcase name="pos_cv_array" classname="pos_cv_array" time="2.45399" status="fail">
		<failure message="Failed"/>
		<properties>
			<property name="cmake_labels" value="countof_ns;default"/>
		</properties>
		<system-out>Internal cmake changing into directory: /Users/leo/soft/my/countof_ns/build/Darwin_icc_icpc
Change Dir: '/Users/leo/soft/my/countof_ns/build/Darwin_icc_icpc'

Run Build Command(s): /opt/local/bin/gmake -f Makefile pos_cv_array
[  0%] Built target CounofNS
[  0%] Building C object tests/unit/CMakeFiles/pos_cv_array.dir/tu_stub.c.o
icc: command line warning #10148: option '-ferror-limit==9999' not supported
In file included from /Users/leo/soft/my/countof_ns/tests/unit/tu_stub.h(106),
                 from /Users/leo/soft/my/countof_ns/tests/unit/tu_stub.c(5):
/Users/leo/soft/my/countof_ns/tests/unit/pos_cv_array.h(4): error: the size of an array must be greater than zero
      TU_STATIC_ASSERT_AND_RETURN(1, TU_COUNTOF(a));
      ^

In file included from /Users/leo/soft/my/countof_ns/tests/unit/tu_stub.h(106),
                 from /Users/leo/soft/my/countof_ns/tests/unit/tu_stub.c(5):
/Users/leo/soft/my/countof_ns/tests/unit/pos_cv_array.h(4): error: the size of an array must be greater than zero
      TU_STATIC_ASSERT_AND_RETURN(1, TU_COUNTOF(a));
      ^

In file included from /Users/leo/soft/my/countof_ns/tests/unit/tu_stub.h(106),
                 from /Users/leo/soft/my/countof_ns/tests/unit/tu_stub.c(5):
/Users/leo/soft/my/countof_ns/tests/unit/pos_cv_array.h(4): error: the size of an array must be greater than zero
      TU_STATIC_ASSERT_AND_RETURN(1, TU_COUNTOF(a));
      ^

In file included from /Users/leo/soft/my/countof_ns/tests/unit/tu_stub.h(106),
                 from /Users/leo/soft/my/countof_ns/tests/unit/tu_stub.c(5):
/Users/leo/soft/my/countof_ns/tests/unit/pos_cv_array.h(4): error: the size of an array must be greater than zero
      TU_STATIC_ASSERT_AND_RETURN(1, TU_COUNTOF(a));
      ^

In file included from /Users/leo/soft/my/countof_ns/tests/unit/tu_stub.h(106),
                 from /Users/leo/soft/my/countof_ns/tests/unit/tu_stub.c(5):
/Users/leo/soft/my/countof_ns/tests/unit/pos_cv_array.h(4): error: the size of an array must be greater than zero
      TU_STATIC_ASSERT_AND_RETURN(1, TU_COUNTOF(a));
      ^

In file included from /Users/leo/soft/my/countof_ns/tests/unit/tu_stub.h(106),
                 from /Users/leo/soft/my/countof_ns/tests/unit/tu_stub.c(5):
/Users/leo/soft/my/countof_ns/tests/unit/pos_cv_array.h(4): error: the size of an array must be greater than zero
      TU_STATIC_ASSERT_AND_RETURN(1, TU_COUNTOF(a));
      ^

In file included from /Users/leo/soft/my/countof_ns/tests/unit/tu_stub.h(106),
                 from /Users/leo/soft/my/countof_ns/tests/unit/tu_stub.c(5):
/Users/leo/soft/my/countof_ns/tests/unit/pos_cv_array.h(4): error: the size of an array must be greater than zero
      TU_STATIC_ASSERT_AND_RETURN(1, TU_COUNTOF(a));
      ^

compilation aborted for /Users/leo/soft/my/countof_ns/tests/unit/tu_stub.c (code 2)
gmake[3]: *** [tests/unit/CMakeFiles/pos_cv_array.dir/build.make:79: tests/unit/CMakeFiles/pos_cv_array.dir/tu_stub.c.o] Ошибка 2
gmake[2]: *** [CMakeFiles/Makefile2:771: tests/unit/CMakeFiles/pos_cv_array.dir/all] Ошибка 2
gmake[1]: *** [CMakeFiles/Makefile2:778: tests/unit/CMakeFiles/pos_cv_array.dir/rule] Ошибка 2
gmake: *** [Makefile:329: pos_cv_array] Ошибка 2

</system-out>
	</testcase>
	<testcase name="pos_cv_array_c11" classname="pos_cv_array_c11" time="4.88453" status="run">
		<properties>
			<property name="cmake_labels" value="countof_ns;default"/>
		</properties>
		<system-out>Internal cmake changing into directory: /Users/leo/soft/my/countof_ns/build/Darwin_icc_icpc
Change Dir: '/Users/leo/soft/my/countof_ns/build/Darwin_icc_icpc'

Run Build Command(s): /opt/local/bin/gmake -f Makefile pos_cv_array_c11
[  0%] Built target CounofNS
[ 50%] Building C object tests/unit/CMakeFiles/pos_cv_array_c11.dir/tu_stub.c.o
icc: command line warning #10148: option '-ferror-limit==9999' not supported
In file included from /Users/leo/soft/my/countof_ns/tests/unit/tu_stub.h(106),
                 from /Users/leo/soft/my/countof_ns/tests/unit/tu_stub.c(5):
/Users/leo/soft/my/countof_ns/tests/unit/pos_cv_array.h(4): warning #42: operand types are incompatible ("const int (**)[1]" and "int (**)[&lt;expression&gt;]")
      TU_STATIC_ASSERT_AND_RETURN(1, TU_COUNTOF(a));
      ^

In file included from /Users/leo/soft/my/countof_ns/tests/unit/tu_stub.h(106),
                 from /Users/leo/soft/my/countof_ns/tests/unit/tu_stub.c(5):
/Users/leo/soft/my/countof_ns/tests/unit/pos_cv_array.h(4): warning #1121: sub...
[This part of the test output was removed since it exceeds the threshold of 1024 bytes.]
</system-out>
	</testcase>
	<testcase name="pos_struct_n0" classname="pos_struct_n0" time="2.42797" status="fail">
		<failure message="Failed"/>
		<properties>
			<property name="cmake_labels" value="countof_ns;default"/>
		</properties>
		<system-out>Internal cmake changing into directory: /Users/leo/soft/my/countof_ns/build/Darwin_icc_icpc
Change Dir: '/Users/leo/soft/my/countof_ns/build/Darwin_icc_icpc'

Run Build Command(s): /opt/local/bin/gmake -f Makefile pos_struct_n0
[  0%] Built target CounofNS
[ 50%] Building C object tests/unit/CMakeFiles/pos_struct_n0.dir/tu_stub.c.o
icc: command line warning #10148: option '-ferror-limit==9999' not supported
In file included from /Users/leo/soft/my/countof_ns/tests/unit/tu_stub.h(106),
                 from /Users/leo/soft/my/countof_ns/tests/unit/tu_stub.c(5):
/Users/leo/soft/my/countof_ns/tests/unit/pos_struct_n0.h(4): error: static assertion failed with "(1) == ((((!sizeof(*(a)) ? 0 : sizeof(a)/( sizeof(*(a)) ? sizeof(*(a)) : (size_t)-1 )) + ((size_t)!sizeof(char[_Generic(&amp;(a), __typeof__(*(a)) (*)[(!sizeof(*(a)) ? 0 : sizeof(a)/( sizeof(*(a)) ? sizeof(*(a)) : (size_t)-1 ))]: 1, default: -1)])))))"
      TU_STATIC_ASSERT_AND_RETURN(1, TU_COUNTOF(a));
      ^

compilation aborted for /Users/leo/soft/my/countof_ns/tests/unit/tu_stub.c (code 2)
gmake[3]: *** [tests/unit/CMakeFiles/pos_struct_n0.dir/build.make:79: tests/unit/CMakeFiles/pos_struct_n0.dir/tu_stub.c.o] Ошибка 2
gmake[2]: *** [CMakeFiles/Makefile2:835: tests/unit/CMakeFiles/pos_struct_n0.dir/all] Ошибка 2
gmake[1]: *** [CMakeFiles/Makefile2:842: tests/unit/CMakeFiles/pos_struct_n0.dir/rule] Ошибка 2
gmake: *** [Makefile:355: pos_struct_n0] Ошибка 2

</system-out>
	</testcase>
	<testcase name="pos_struct_n0_c11" classname="pos_struct_n0_c11" time="2.45455" status="fail">
		<failure message="Failed"/>
		<properties>
			<property name="cmake_labels" value="countof_ns;default"/>
		</properties>
		<system-out>Internal cmake changing into directory: /Users/leo/soft/my/countof_ns/build/Darwin_icc_icpc
Change Dir: '/Users/leo/soft/my/countof_ns/build/Darwin_icc_icpc'

Run Build Command(s): /opt/local/bin/gmake -f Makefile pos_struct_n0_c11
[  0%] Built target CounofNS
[  0%] Building C object tests/unit/CMakeFiles/pos_struct_n0_c11.dir/tu_stub.c.o
icc: command line warning #10148: option '-ferror-limit==9999' not supported
In file included from /Users/leo/soft/my/countof_ns/tests/unit/tu_stub.h(106),
                 from /Users/leo/soft/my/countof_ns/tests/unit/tu_stub.c(5):
/Users/leo/soft/my/countof_ns/tests/unit/pos_struct_n0.h(4): error: static assertion failed with "(1) == ((((!sizeof(*(a)) ? 0 : sizeof(a)/( sizeof(*(a)) ? sizeof(*(a)) : (size_t)-1 )) + (0*sizeof( (__typeof__(a) **)&amp;(a) - (__typeof__(*(a))(**)[(!sizeof(*(a)) ? 0 : sizeof(a)/( sizeof(*(a)) ? sizeof(*(a)) : (size_t)-1 ))])&amp;(a))))))"
      TU_STATIC_ASSERT_AND_RETURN(1, TU_COUNTOF(a));
      ^

compilation aborted for /Users/leo/soft/my/countof_ns/tests/unit/tu_stub.c (code 2)
gmake[3]: *** [tests/unit/CMakeFiles/pos_struct_n0_c11.dir/build.make:79: tests/unit/CMakeFiles/pos_struct_n0_c11.dir/tu_stub.c.o] Ошибка 2
gmake[2]: *** [CMakeFiles/Makefile2:867: tests/unit/CMakeFiles/pos_struct_n0_c11.dir/all] Ошибка 2
gmake[1]: *** [CMakeFiles/Makefile2:874: tests/unit/CMakeFiles/pos_struct_n0_c11.dir/rule] Ошибка 2
gmake: *** [Makefile:368: pos_struct_n0_c11] Ошибка 2

</system-out>
	</testcase>
	<testcase name="pos_struct_zla_00" classname="pos_struct_zla_00" time="0.273098" status="run">
		<properties>
			<property name="cmake_labels" value="countof_ns;default"/>
		</properties>
		<system-out>Ok 0 TU_STATIC_ASSERT_AND_RETURN((0)=0, ...) /Users/leo/soft/my/countof_ns/tests/unit/pos_struct_zla_00.h:pos_struct_zla_00.h:TU_UNIT for countof_ns.h:countof_ns(), C 201112L
</system-out>
	</testcase>
	<testcase name="pos_struct_zla_00_c11" classname="pos_struct_zla_00_c11" time="0.265329" status="run">
		<properties>
			<property name="cmake_labels" value="countof_ns;default"/>
		</properties>
		<system-out>Ok 0 TU_STATIC_ASSERT_AND_RETURN((0)=0, ...) /Users/leo/soft/my/countof_ns/tests/unit/pos_struct_zla_00.h:pos_struct_zla_00.h:TU_UNIT for countof_ns.h:countof_ns() with C11&amp;VLA, C 201112L
</system-out>
	</testcase>
	<testcase name="pos_vla" classname="pos_vla" time="2.48172" status="fail">
		<failure message="Failed"/>
		<properties>
			<property name="cmake_labels" value="countof_ns;default"/>
		</properties>
		<system-out>Internal cmake changing into directory: /Users/leo/soft/my/countof_ns/build/Darwin_icc_icpc
Change Dir: '/Users/leo/soft/my/countof_ns/build/Darwin_icc_icpc'

Run Build Command(s): /opt/local/bin/gmake -f Makefile pos_vla
[  0%] Built target CounofNS
[ 50%] Building C object tests/unit/CMakeFiles/pos_vla.dir/tu_stub.c.o
icc: command line warning #10148: option '-ferror-limit==9999' not supported
In file included from /Users/leo/soft/my/countof_ns/tests/unit/tu_stub.h(106),
                 from /Users/leo/soft/my/countof_ns/tests/unit/tu_stub.c(5):
/Users/leo/soft/my/countof_ns/tests/unit/pos_vla.h(5): error: a type involving a variable length array is not allowed here
      TU_ASSERT_AND_RETURN(d1, TU_COUNTOF(a));
      ^

In file included from /Users/leo/soft/my/countof_ns/tests/unit/tu_stub.h(106),
                 from /Users/leo/soft/my/countof_ns/tests/unit/tu_stub.c(5):
/Users/leo/soft/my/countof_ns/tests/unit/pos_vla.h(5): error: a type involving a variable length array is not allowed here
      TU_ASSERT_AND_RETURN(d1, TU_COUNTOF(a));
      ^

In file included from /Users/leo/soft/my/countof_ns/tests/unit/tu_stub.h(106),
                 from /Users/leo/soft/my/countof_ns/tests/unit/tu_stub.c(5):
/Users/leo/soft/my/countof_ns/tests/unit/pos_vla.h(5): error: a type involving a variable length array is not allowed here
      TU_ASSERT_AND_RETURN(d1, TU_COUNTOF(a));
      ^

In file included from /Users/leo/soft/my/countof_ns/tests/unit/tu_stub.h(106),
                 from /Users/leo/soft/my/countof_ns/tests/unit/tu_stub.c(5):
/Users/leo/soft/my/countof_ns/tests/unit/pos_vla.h(5): error: a type involving a variable length array is not allowed here
      TU_ASSERT_AND_RETURN(d1, TU_COUNTOF(a));
      ^

In file included from /Users/leo/soft/my/countof_ns/tests/unit/tu_stub.h(106),
                 from /Users/leo/soft/my/countof_ns/tests/unit/tu_stub.c(5):
/Users/leo/soft/my/countof_ns/tests/unit/pos_vla.h(5): error: a type involving a variable length array is not allowed here
      TU_ASSERT_AND_RETURN(d1, TU_COUNTOF(a));
      ^

In file included from /Users/leo/soft/my/countof_ns/tests/unit/tu_stub.h(106),
                 from /Users/leo/soft/my/countof_ns/tests/unit/tu_stub.c(5):
/Users/leo/soft/my/countof_ns/tests/unit/pos_vla.h(5): error: a type involving a variable length array is not allowed here
      TU_ASSERT_AND_RETURN(d1, TU_COUNTOF(a));
      ^

compilation aborted for /Users/leo/soft/my/countof_ns/tests/unit/tu_stub.c (code 2)
gmake[3]: *** [tests/unit/CMakeFiles/pos_vla.dir/build.make:79: tests/unit/CMakeFiles/pos_vla.dir/tu_stub.c.o] Ошибка 2
gmake[2]: *** [CMakeFiles/Makefile2:963: tests/unit/CMakeFiles/pos_vla.dir/all] Ошибка 2
gmake[1]: *** [CMakeFiles/Makefile2:970: tests/unit/CMakeFiles/pos_vla.dir/rule] Ошибка 2
gmake: *** [Makefile:407: pos_vla] Ошибка 2

</system-out>
	</testcase>
	<testcase name="pos_vla_c11" classname="pos_vla_c11" time="0.342103" status="run">
		<properties>
			<property name="cmake_labels" value="countof_ns;default"/>
		</properties>
		<system-out>Ok 1 TU_ASSERT_AND_RETURN((d1)=1, ...) /Users/leo/soft/my/countof_ns/tests/unit/pos_vla.h:pos_vla.h:TU_UNIT for countof_ns.h:countof_ns() with C11&amp;VLA, C 201112L
</system-out>
	</testcase>
	<testcase name="pos_vla_00" classname="pos_vla_00" time="2.43419" status="fail">
		<failure message="Failed"/>
		<properties>
			<property name="cmake_labels" value="countof_ns;default"/>
		</properties>
		<system-out>Internal cmake changing into directory: /Users/leo/soft/my/countof_ns/build/Darwin_icc_icpc
Change Dir: '/Users/leo/soft/my/countof_ns/build/Darwin_icc_icpc'

Run Build Command(s): /opt/local/bin/gmake -f Makefile pos_vla_00
[  0%] Built target CounofNS
[ 50%] Building C object tests/unit/CMakeFiles/pos_vla_00.dir/tu_stub.c.o
icc: command line warning #10148: option '-ferror-limit==9999' not supported
In file included from /Users/leo/soft/my/countof_ns/tests/unit/tu_stub.h(106),
                 from /Users/leo/soft/my/countof_ns/tests/unit/tu_stub.c(5):
/Users/leo/soft/my/countof_ns/tests/unit/pos_vla_00.h(5): error: a type involving a variable length array is not allowed here
      TU_ASSERT_AND_RETURN(d0, TU_COUNTOF(b));
      ^

In file included from /Users/leo/soft/my/countof_ns/tests/unit/tu_stub.h(106),
                 from /Users/leo/soft/my/countof_ns/tests/unit/tu_stub.c(5):
/Users/leo/soft/my/countof_ns/tests/unit/pos_vla_00.h(5): error: a type involving a variable length array is not allowed here
      TU_ASSERT_AND_RETURN(d0, TU_COUNTOF(b));
      ^

In file included from /Users/leo/soft/my/countof_ns/tests/unit/tu_stub.h(106),
                 from /Users/leo/soft/my/countof_ns/tests/unit/tu_stub.c(5):
/Users/leo/soft/my/countof_ns/tests/unit/pos_vla_00.h(5): error: a type involving a variable length array is not allowed here
      TU_ASSERT_AND_RETURN(d0, TU_COUNTOF(b));
      ^

In file included from /Users/leo/soft/my/countof_ns/tests/unit/tu_stub.h(106),
                 from /Users/leo/soft/my/countof_ns/tests/unit/tu_stub.c(5):
/Users/leo/soft/my/countof_ns/tests/unit/pos_vla_00.h(5): error: a type involving a variable length array is not allowed here
      TU_ASSERT_AND_RETURN(d0, TU_COUNTOF(b));
      ^

In file included from /Users/leo/soft/my/countof_ns/tests/unit/tu_stub.h(106),
                 from /Users/leo/soft/my/countof_ns/tests/unit/tu_stub.c(5):
/Users/leo/soft/my/countof_ns/tests/unit/pos_vla_00.h(5): error: a type involving a variable length array is not allowed here
      TU_ASSERT_AND_RETURN(d0, TU_COUNTOF(b));
      ^

In file included from /Users/leo/soft/my/countof_ns/tests/unit/tu_stub.h(106),
                 from /Users/leo/soft/my/countof_ns/tests/unit/tu_stub.c(5):
/Users/leo/soft/my/countof_ns/tests/unit/pos_vla_00.h(5): error: a type involving a variable length array is not allowed here
      TU_ASSERT_AND_RETURN(d0, TU_COUNTOF(b));
      ^

compilation aborted for /Users/leo/soft/my/countof_ns/tests/unit/tu_stub.c (code 2)
gmake[3]: *** [tests/unit/CMakeFiles/pos_vla_00.dir/build.make:79: tests/unit/CMakeFiles/pos_vla_00.dir/tu_stub.c.o] Ошибка 2
gmake[2]: *** [CMakeFiles/Makefile2:1027: tests/unit/CMakeFiles/pos_vla_00.dir/all] Ошибка 2
gmake[1]: *** [CMakeFiles/Makefile2:1034: tests/unit/CMakeFiles/pos_vla_00.dir/rule] Ошибка 2
gmake: *** [Makefile:433: pos_vla_00] Ошибка 2

</system-out>
	</testcase>
	<testcase name="pos_vla_00_c11" classname="pos_vla_00_c11" time="0.433129" status="run">
		<properties>
			<property name="cmake_labels" value="countof_ns;default"/>
		</properties>
		<system-out>Ok 0 TU_ASSERT_AND_RETURN((d0)=0, ...) /Users/leo/soft/my/countof_ns/tests/unit/pos_vla_00.h:pos_vla_00.h:TU_UNIT for countof_ns.h:countof_ns() with C11&amp;VLA, C 201112L
</system-out>
	</testcase>
	<testcase name="pos_vla_0n" classname="pos_vla_0n" time="2.50104" status="fail">
		<failure message="Failed"/>
		<properties>
			<property name="cmake_labels" value="countof_ns;default"/>
		</properties>
		<system-out>Internal cmake changing into directory: /Users/leo/soft/my/countof_ns/build/Darwin_icc_icpc
Change Dir: '/Users/leo/soft/my/countof_ns/build/Darwin_icc_icpc'

Run Build Command(s): /opt/local/bin/gmake -f Makefile pos_vla_0n
[  0%] Built target CounofNS
[ 50%] Building C object tests/unit/CMakeFiles/pos_vla_0n.dir/tu_stub.c.o
icc: command line warning #10148: option '-ferror-limit==9999' not supported
In file included from /Users/leo/soft/my/countof_ns/tests/unit/tu_stub.h(106),
                 from /Users/leo/soft/my/countof_ns/tests/unit/tu_stub.c(5):
/Users/leo/soft/my/countof_ns/tests/unit/pos_vla_0n.h(5): error: a type involving a variable length array is not allowed here
      TU_ASSERT_AND_RETURN(d0, TU_COUNTOF(a));
      ^

In file included from /Users/leo/soft/my/countof_ns/tests/unit/tu_stub.h(106),
                 from /Users/leo/soft/my/countof_ns/tests/unit/tu_stub.c(5):
/Users/leo/soft/my/countof_ns/tests/unit/pos_vla_0n.h(5): error: a type involving a variable length array is not allowed here
      TU_ASSERT_AND_RETURN(d0, TU_COUNTOF(a));
      ^

In file included from /Users/leo/soft/my/countof_ns/tests/unit/tu_stub.h(106),
                 from /Users/leo/soft/my/countof_ns/tests/unit/tu_stub.c(5):
/Users/leo/soft/my/countof_ns/tests/unit/pos_vla_0n.h(5): error: a type involving a variable length array is not allowed here
      TU_ASSERT_AND_RETURN(d0, TU_COUNTOF(a));
      ^

In file included from /Users/leo/soft/my/countof_ns/tests/unit/tu_stub.h(106),
                 from /Users/leo/soft/my/countof_ns/tests/unit/tu_stub.c(5):
/Users/leo/soft/my/countof_ns/tests/unit/pos_vla_0n.h(5): error: a type involving a variable length array is not allowed here
      TU_ASSERT_AND_RETURN(d0, TU_COUNTOF(a));
      ^

In file included from /Users/leo/soft/my/countof_ns/tests/unit/tu_stub.h(106),
                 from /Users/leo/soft/my/countof_ns/tests/unit/tu_stub.c(5):
/Users/leo/soft/my/countof_ns/tests/unit/pos_vla_0n.h(5): error: a type involving a variable length array is not allowed here
      TU_ASSERT_AND_RETURN(d0, TU_COUNTOF(a));
      ^

In file included from /Users/leo/soft/my/countof_ns/tests/unit/tu_stub.h(106),
                 from /Users/leo/soft/my/countof_ns/tests/unit/tu_stub.c(5):
/Users/leo/soft/my/countof_ns/tests/unit/pos_vla_0n.h(5): error: a type involving a variable length array is not allowed here
      TU_ASSERT_AND_RETURN(d0, TU_COUNTOF(a));
      ^

compilation aborted for /Users/leo/soft/my/countof_ns/tests/unit/tu_stub.c (code 2)
gmake[3]: *** [tests/unit/CMakeFiles/pos_vla_0n.dir/build.make:79: tests/unit/CMakeFiles/pos_vla_0n.dir/tu_stub.c.o] Ошибка 2
gmake[2]: *** [CMakeFiles/Makefile2:1091: tests/unit/CMakeFiles/pos_vla_0n.dir/all] Ошибка 2
gmake[1]: *** [CMakeFiles/Makefile2:1098: tests/unit/CMakeFiles/pos_vla_0n.dir/rule] Ошибка 2
gmake: *** [Makefile:459: pos_vla_0n] Ошибка 2

</system-out>
	</testcase>
	<testcase name="pos_vla_0n_c11" classname="pos_vla_0n_c11" time="0.25851" status="run">
		<properties>
			<property name="cmake_labels" value="countof_ns;default"/>
		</properties>
		<system-out>Ok 0 TU_ASSERT_AND_RETURN((d0)=0, ...) /Users/leo/soft/my/countof_ns/tests/unit/pos_vla_0n.h:pos_vla_0n.h:TU_UNIT for countof_ns.h:countof_ns() with C11&amp;VLA, C 201112L
</system-out>
	</testcase>
	<testcase name="pos_vla_cv" classname="pos_vla_cv" time="2.49294" status="fail">
		<failure message="Failed"/>
		<properties>
			<property name="cmake_labels" value="countof_ns;default"/>
		</properties>
		<system-out>Internal cmake changing into directory: /Users/leo/soft/my/countof_ns/build/Darwin_icc_icpc
Change Dir: '/Users/leo/soft/my/countof_ns/build/Darwin_icc_icpc'

Run Build Command(s): /opt/local/bin/gmake -f Makefile pos_vla_cv
[  0%] Built target CounofNS
[ 50%] Building C object tests/unit/CMakeFiles/pos_vla_cv.dir/tu_stub.c.o
icc: command line warning #10148: option '-ferror-limit==9999' not supported
In file included from /Users/leo/soft/my/countof_ns/tests/unit/tu_stub.h(106),
                 from /Users/leo/soft/my/countof_ns/tests/unit/tu_stub.c(5):
/Users/leo/soft/my/countof_ns/tests/unit/pos_vla_cv.h(5): error: a type involving a variable length array is not allowed here
      TU_ASSERT_AND_RETURN(d1, TU_COUNTOF(a));
      ^

In file included from /Users/leo/soft/my/countof_ns/tests/unit/tu_stub.h(106),
                 from /Users/leo/soft/my/countof_ns/tests/unit/tu_stub.c(5):
/Users/leo/soft/my/countof_ns/tests/unit/pos_vla_cv.h(5): error: a type involving a variable length array is not allowed here
      TU_ASSERT_AND_RETURN(d1, TU_COUNTOF(a));
      ^

In file included from /Users/leo/soft/my/countof_ns/tests/unit/tu_stub.h(106),
                 from /Users/leo/soft/my/countof_ns/tests/unit/tu_stub.c(5):
/Users/leo/soft/my/countof_ns/tests/unit/pos_vla_cv.h(5): error: a type involving a variable length array is not allowed here
      TU_ASSERT_AND_RETURN(d1, TU_COUNTOF(a));
      ^

In file included from /Users/leo/soft/my/countof_ns/tests/unit/tu_stub.h(106),
                 from /Users/leo/soft/my/countof_ns/tests/unit/tu_stub.c(5):
/Users/leo/soft/my/countof_ns/tests/unit/pos_vla_cv.h(5): error: a type involving a variable length array is not allowed here
      TU_ASSERT_AND_RETURN(d1, TU_COUNTOF(a));
      ^

In file included from /Users/leo/soft/my/countof_ns/tests/unit/tu_stub.h(106),
                 from /Users/leo/soft/my/countof_ns/tests/unit/tu_stub.c(5):
/Users/leo/soft/my/countof_ns/tests/unit/pos_vla_cv.h(5): error: a type involving a variable length array is not allowed here
      TU_ASSERT_AND_RETURN(d1, TU_COUNTOF(a));
      ^

In file included from /Users/leo/soft/my/countof_ns/tests/unit/tu_stub.h(106),
                 from /Users/leo/soft/my/countof_ns/tests/unit/tu_stub.c(5):
/Users/leo/soft/my/countof_ns/tests/unit/pos_vla_cv.h(5): error: a type involving a variable length array is not allowed here
      TU_ASSERT_AND_RETURN(d1, TU_COUNTOF(a));
      ^

compilation aborted for /Users/leo/soft/my/countof_ns/tests/unit/tu_stub.c (code 2)
gmake[3]: *** [tests/unit/CMakeFiles/pos_vla_cv.dir/build.make:79: tests/unit/CMakeFiles/pos_vla_cv.dir/tu_stub.c.o] Ошибка 2
gmake[2]: *** [CMakeFiles/Makefile2:1155: tests/unit/CMakeFiles/pos_vla_cv.dir/all] Ошибка 2
gmake[1]: *** [CMakeFiles/Makefile2:1162: tests/unit/CMakeFiles/pos_vla_cv.dir/rule] Ошибка 2
gmake: *** [Makefile:485: pos_vla_cv] Ошибка 2

</system-out>
	</testcase>
	<testcase name="pos_vla_cv_c11" classname="pos_vla_cv_c11" time="5.0731" status="run">
		<properties>
			<property name="cmake_labels" value="countof_ns;default"/>
		</properties>
		<system-out>Internal cmake changing into directory: /Users/leo/soft/my/countof_ns/build/Darwin_icc_icpc
Change Dir: '/Users/leo/soft/my/countof_ns/build/Darwin_icc_icpc'

Run Build Command(s): /opt/local/bin/gmake -f Makefile pos_vla_cv_c11
[  0%] Built target CounofNS
[  0%] Building C object tests/unit/CMakeFiles/pos_vla_cv_c11.dir/tu_stub.c.o
icc: command line warning #10148: option '-ferror-limit==9999' not supported
In file included from /Users/leo/soft/my/countof_ns/tests/unit/tu_stub.h(106),
                 from /Users/leo/soft/my/countof_ns/tests/unit/tu_stub.c(5):
/Users/leo/soft/my/countof_ns/tests/unit/pos_vla_cv.h(5): warning #42: operand types are incompatible ("volatile int (**)[d1]" and "int (**)[&lt;expression&gt;]")
      TU_ASSERT_AND_RETURN(d1, TU_COUNTOF(a));
      ^

In file included from /Users/leo/soft/my/countof_ns/tests/unit/tu_stub.h(106),
                 from /Users/leo/soft/my/countof_ns/tests/unit/tu_stub.c(5):
/Users/leo/soft/my/countof_ns/tests/unit/pos_vla_cv.h(5): warning #1121: subtraction o...
[This part of the test output was removed since it exceeds the threshold of 1024 bytes.]
</system-out>
	</testcase>
	<testcase name="pos_vla_n0" classname="pos_vla_n0" time="2.48781" status="fail">
		<failure message="Failed"/>
		<properties>
			<property name="cmake_labels" value="countof_ns;default"/>
		</properties>
		<system-out>Internal cmake changing into directory: /Users/leo/soft/my/countof_ns/build/Darwin_icc_icpc
Change Dir: '/Users/leo/soft/my/countof_ns/build/Darwin_icc_icpc'

Run Build Command(s): /opt/local/bin/gmake -f Makefile pos_vla_n0
[  0%] Built target CounofNS
[ 50%] Building C object tests/unit/CMakeFiles/pos_vla_n0.dir/tu_stub.c.o
icc: command line warning #10148: option '-ferror-limit==9999' not supported
In file included from /Users/leo/soft/my/countof_ns/tests/unit/tu_stub.h(106),
                 from /Users/leo/soft/my/countof_ns/tests/unit/tu_stub.c(5):
/Users/leo/soft/my/countof_ns/tests/unit/pos_vla_n0.h(5): error: a type involving a variable length array is not allowed here
      TU_ASSERT_AND_RETURN(d1, TU_COUNTOF(b));
      ^

In file included from /Users/leo/soft/my/countof_ns/tests/unit/tu_stub.h(106),
                 from /Users/leo/soft/my/countof_ns/tests/unit/tu_stub.c(5):
/Users/leo/soft/my/countof_ns/tests/unit/pos_vla_n0.h(5): error: a type involving a variable length array is not allowed here
      TU_ASSERT_AND_RETURN(d1, TU_COUNTOF(b));
      ^

In file included from /Users/leo/soft/my/countof_ns/tests/unit/tu_stub.h(106),
                 from /Users/leo/soft/my/countof_ns/tests/unit/tu_stub.c(5):
/Users/leo/soft/my/countof_ns/tests/unit/pos_vla_n0.h(5): error: a type involving a variable length array is not allowed here
      TU_ASSERT_AND_RETURN(d1, TU_COUNTOF(b));
      ^

In file included from /Users/leo/soft/my/countof_ns/tests/unit/tu_stub.h(106),
                 from /Users/leo/soft/my/countof_ns/tests/unit/tu_stub.c(5):
/Users/leo/soft/my/countof_ns/tests/unit/pos_vla_n0.h(5): error: a type involving a variable length array is not allowed here
      TU_ASSERT_AND_RETURN(d1, TU_COUNTOF(b));
      ^

In file included from /Users/leo/soft/my/countof_ns/tests/unit/tu_stub.h(106),
                 from /Users/leo/soft/my/countof_ns/tests/unit/tu_stub.c(5):
/Users/leo/soft/my/countof_ns/tests/unit/pos_vla_n0.h(5): error: a type involving a variable length array is not allowed here
      TU_ASSERT_AND_RETURN(d1, TU_COUNTOF(b));
      ^

In file included from /Users/leo/soft/my/countof_ns/tests/unit/tu_stub.h(106),
                 from /Users/leo/soft/my/countof_ns/tests/unit/tu_stub.c(5):
/Users/leo/soft/my/countof_ns/tests/unit/pos_vla_n0.h(5): error: a type involving a variable length array is not allowed here
      TU_ASSERT_AND_RETURN(d1, TU_COUNTOF(b));
      ^

compilation aborted for /Users/leo/soft/my/countof_ns/tests/unit/tu_stub.c (code 2)
gmake[3]: *** [tests/unit/CMakeFiles/pos_vla_n0.dir/build.make:79: tests/unit/CMakeFiles/pos_vla_n0.dir/tu_stub.c.o] Ошибка 2
gmake[2]: *** [CMakeFiles/Makefile2:1219: tests/unit/CMakeFiles/pos_vla_n0.dir/all] Ошибка 2
gmake[1]: *** [CMakeFiles/Makefile2:1226: tests/unit/CMakeFiles/pos_vla_n0.dir/rule] Ошибка 2
gmake: *** [Makefile:511: pos_vla_n0] Ошибка 2

</system-out>
	</testcase>
	<testcase name="pos_vla_n0_c11" classname="pos_vla_n0_c11" time="4.88321" status="fail">
		<failure message="Failed"/>
		<properties>
			<property name="cmake_labels" value="countof_ns;default"/>
		</properties>
		<system-out>Internal cmake changing into directory: /Users/leo/soft/my/countof_ns/build/Darwin_icc_icpc
Change Dir: '/Users/leo/soft/my/countof_ns/build/Darwin_icc_icpc'

Run Build Command(s): /opt/local/bin/gmake -f Makefile pos_vla_n0_c11
[  0%] Built target CounofNS
[100%] Building C object tests/unit/CMakeFiles/pos_vla_n0_c11.dir/tu_stub.c.o
icc: command line warning #10148: option '-ferror-limit==9999' not supported
[100%] Linking C executable pos_vla_n0_c11
icc: command line warning #10148: option '-ferror-limit==9999' not supported
-macosx_version_min has been renamed to -macos_version_min
ld: warning: -keep_dwarf_unwind is obsolete
ld: warning: ignoring duplicate libraries: '/opt/intel/oneapi/compiler/2021.1.1/mac/bin/intel64/../../compiler/lib/libsvml.a'
ld: warning: no platform load command found in '/Users/leo/soft/my/countof_ns/build/Darwin_icc_icpc/tests/unit/CMakeFiles/pos_vla_n0_c11.dir/tu_stub.c.o', assuming: macOS
ld: warning: no platform load command found in '/opt/intel/oneapi/compiler/2021.1.1/mac/bin/intel64/../../compiler/lib/libirc.a[4](irc_msg_support.o)', assuming: macOS
ld: warning: no platform load command found in '/opt/intel/oneapi/compiler/2021.1.1/mac/bin/intel64/../../compiler/lib/libirc.a[76](cpu_feature_disp.o)', assuming: macOS
ld: warning: no platform load command found in '/opt/intel/oneapi/compiler/2021.1.1/mac/bin/intel64/../../compiler/lib/libirc.a[95](proc_init_utils.o)', assuming: macOS
ld: warning: no platform load command found in '/opt/intel/oneapi/compiler/2021.1.1/mac/bin/intel64/../../compiler/lib/libirc.a[98](new_proc_init.o)', assuming: macOS
ld: warning: no platform load command found in '/opt/intel/oneapi/compiler/2021.1.1/mac/bin/intel64/../../compiler/lib/libirc.a[112](sse2_strlen.o)', assuming: macOS
ld: warning: no platform load command found in '/opt/intel/oneapi/compiler/2021.1.1/mac/bin/intel64/../../compiler/lib/libirc.a[113](sse2_strchr.o)', assuming: macOS
ld: warning: no platform load command found in '/opt/intel/oneapi/compiler/2021.1.1/mac/bin/intel64/../../compiler/lib/libirc.a[122](ssse3_strncpy.o)', assuming: macOS
[100%] Built target pos_vla_n0_c11

Running test command: "/Users/leo/soft/my/countof_ns/build/Darwin_icc_icpc/tests/unit/pos_vla_n0_c11"
Test command failed: /Users/leo/soft/my/countof_ns/build/Darwin_icc_icpc/tests/unit/pos_vla_n0_c11
Fail 0 desired=1 TU_ASSERT_AND_RETURN(((d1)), ...) /Users/leo/soft/my/countof_ns/tests/unit/pos_vla_n0.h:pos_vla_n0.h:TU_UNIT for countof_ns.h:countof_ns() with C11&amp;VLA, C 201112L

</system-out>
	</testcase>
	<testcase name="pos_vla_struct_n0" classname="pos_vla_struct_n0" time="5.17482" status="fail">
		<failure message="Failed"/>
		<properties>
			<property name="cmake_labels" value="countof_ns;default"/>
		</properties>
		<system-out>Internal cmake changing into directory: /Users/leo/soft/my/countof_ns/build/Darwin_icc_icpc
Change Dir: '/Users/leo/soft/my/countof_ns/build/Darwin_icc_icpc'

Run Build Command(s): /opt/local/bin/gmake -f Makefile pos_vla_struct_n0
[  0%] Built target CounofNS
[ 50%] Building C object tests/unit/CMakeFiles/pos_vla_struct_n0.dir/tu_stub.c.o
icc: command line warning #10148: option '-ferror-limit==9999' not supported
[100%] Linking C executable pos_vla_struct_n0
icc: command line warning #10148: option '-ferror-limit==9999' not supported
-macosx_version_min has been renamed to -macos_version_min
ld: warning: -keep_dwarf_unwind is obsolete
ld: warning: ignoring duplicate libraries: '/opt/intel/oneapi/compiler/2021.1.1/mac/bin/intel64/../../compiler/lib/libsvml.a'
ld: warning: no platform load command found in '/Users/leo/soft/my/countof_ns/build/Darwin_icc_icpc/tests/unit/CMakeFiles/pos_vla_struct_n0.dir/tu_stub.c.o', assuming: macOS
ld: warning: no platform load command found in '/opt/intel/oneapi/compiler/2021.1.1/mac/bin/intel64/../../compiler/lib/libirc.a[4](irc_msg_support.o)', assuming: macOS
ld: warning: no platform load command found in '/opt/intel/oneapi/compiler/2021.1.1/mac/bin/intel64/../../compiler/lib/libirc.a[76](cpu_feature_disp.o)', assuming: macOS
ld: warning: no platform load command found in '/opt/intel/oneapi/compiler/2021.1.1/mac/bin/intel64/../../compiler/lib/libirc.a[95](proc_init_utils.o)', assuming: macOS
ld: warning: no platform load command found in '/opt/intel/oneapi/compiler/2021.1.1/mac/bin/intel64/../../compiler/lib/libirc.a[98](new_proc_init.o)', assuming: macOS
ld: warning: no platform load command found in '/opt/intel/oneapi/compiler/2021.1.1/mac/bin/intel64/../../compiler/lib/libirc.a[112](sse2_strlen.o)', assuming: macOS
ld: warning: no platform load command found in '/opt/intel/oneapi/compiler/2021.1.1/mac/bin/intel64/../../compiler/lib/libirc.a[113](sse2_strchr.o)', assuming: macOS
ld: warning: no platform load command found in '/opt/intel/oneapi/compiler/2021.1.1/mac/bin/intel64/../../compiler/lib/libirc.a[122](ssse3_strncpy.o)', assuming: macOS
[100%] Built target pos_vla_struct_n0

Running test command: "/Users/leo/soft/my/countof_ns/build/Darwin_icc_icpc/tests/unit/pos_vla_struct_n0"
Test command failed: /Users/leo/soft/my/countof_ns/build/Darwin_icc_icpc/tests/unit/pos_vla_struct_n0
Fail 0 desired=1 TU_ASSERT_AND_RETURN(((d1)), ...) /Users/leo/soft/my/countof_ns/tests/unit/pos_vla_struct_n0.h:pos_vla_struct_n0.h:TU_UNIT for countof_ns.h:countof_ns(), C 201112L

</system-out>
	</testcase>
	<testcase name="pos_vla_struct_n0_c11" classname="pos_vla_struct_n0_c11" time="5.05811" status="fail">
		<failure message="Failed"/>
		<properties>
			<property name="cmake_labels" value="countof_ns;default"/>
		</properties>
		<system-out>Internal cmake changing into directory: /Users/leo/soft/my/countof_ns/build/Darwin_icc_icpc
Change Dir: '/Users/leo/soft/my/countof_ns/build/Darwin_icc_icpc'

Run Build Command(s): /opt/local/bin/gmake -f Makefile pos_vla_struct_n0_c11
[  0%] Built target CounofNS
[ 50%] Building C object tests/unit/CMakeFiles/pos_vla_struct_n0_c11.dir/tu_stub.c.o
icc: command line warning #10148: option '-ferror-limit==9999' not supported
[100%] Linking C executable pos_vla_struct_n0_c11
icc: command line warning #10148: option '-ferror-limit==9999' not supported
-macosx_version_min has been renamed to -macos_version_min
ld: warning: -keep_dwarf_unwind is obsolete
ld: warning: ignoring duplicate libraries: '/opt/intel/oneapi/compiler/2021.1.1/mac/bin/intel64/../../compiler/lib/libsvml.a'
ld: warning: no platform load command found in '/Users/leo/soft/my/countof_ns/build/Darwin_icc_icpc/tests/unit/CMakeFiles/pos_vla_struct_n0_c11.dir/tu_stub.c.o', assuming: macOS
ld: warning: no platform load command found in '/opt/intel/oneapi/compiler/2021.1.1/mac/bin/intel64/../../compiler/lib/libirc.a[4](irc_msg_support.o)', assuming: macOS
ld: warning: no platform load command found in '/opt/intel/oneapi/compiler/2021.1.1/mac/bin/intel64/../../compiler/lib/libirc.a[76](cpu_feature_disp.o)', assuming: macOS
ld: warning: no platform load command found in '/opt/intel/oneapi/compiler/2021.1.1/mac/bin/intel64/../../compiler/lib/libirc.a[95](proc_init_utils.o)', assuming: macOS
ld: warning: no platform load command found in '/opt/intel/oneapi/compiler/2021.1.1/mac/bin/intel64/../../compiler/lib/libirc.a[98](new_proc_init.o)', assuming: macOS
ld: warning: no platform load command found in '/opt/intel/oneapi/compiler/2021.1.1/mac/bin/intel64/../../compiler/lib/libirc.a[112](sse2_strlen.o)', assuming: macOS
ld: warning: no platform load command found in '/opt/intel/oneapi/compiler/2021.1.1/mac/bin/intel64/../../compiler/lib/libirc.a[113](sse2_strchr.o)', assuming: macOS
ld: warning: no platform load command found in '/opt/intel/oneapi/compiler/2021.1.1/mac/bin/intel64/../../compiler/lib/libirc.a[122](ssse3_strncpy.o)', assuming: macOS
[100%] Built target pos_vla_struct_n0_c11

Running test command: "/Users/leo/soft/my/countof_ns/build/Darwin_icc_icpc/tests/unit/pos_vla_struct_n0_c11"
Test command failed: /Users/leo/soft/my/countof_ns/build/Darwin_icc_icpc/tests/unit/pos_vla_struct_n0_c11
Fail 0 desired=1 TU_ASSERT_AND_RETURN(((d1)), ...) /Users/leo/soft/my/countof_ns/tests/unit/pos_vla_struct_n0.h:pos_vla_struct_n0.h:TU_UNIT for countof_ns.h:countof_ns() with C11&amp;VLA, C 201112L

</system-out>
	</testcase>
	<testcase name="pos_vla_struct_zla_00" classname="pos_vla_struct_zla_00" time="4.92828" status="run">
		<properties>
			<property name="cmake_labels" value="countof_ns;default"/>
		</properties>
		<system-out>Internal cmake changing into directory: /Users/leo/soft/my/countof_ns/build/Darwin_icc_icpc
Change Dir: '/Users/leo/soft/my/countof_ns/build/Darwin_icc_icpc'

Run Build Command(s): /opt/local/bin/gmake -f Makefile pos_vla_struct_zla_00
[  0%] Built target CounofNS
[100%] Building C object tests/unit/CMakeFiles/pos_vla_struct_zla_00.dir/tu_stub.c.o
icc: command line warning #10148: option '-ferror-limit==9999' not supported
[100%] Linking C executable pos_vla_struct_zla_00
icc: command line warning #10148: option '-ferror-limit==9999' not supported
-macosx_version_min has been renamed to -macos_version_min
ld: warning: -keep_dwarf_unwind is obsolete
ld: warning: ignoring duplicate libraries: '/opt/intel/oneapi/compiler/2021.1.1/mac/bin/intel64/../../compiler/lib/libsvml.a'
ld: warning: no platform load command found in '/Users/leo/soft/my/countof_ns/build/Darwin_icc_icpc/tests/unit/CMakeFiles/pos_vla_struct_zla_00.dir/tu_stub.c.o', assuming: macOS
ld: warning: no platform load command found in '/opt/intel/onea...
[This part of the test output was removed since it exceeds the threshold of 1024 bytes.]
</system-out>
	</testcase>
	<testcase name="pos_vla_struct_zla_00_c11" classname="pos_vla_struct_zla_00_c11" time="0.254392" status="run">
		<properties>
			<property name="cmake_labels" value="countof_ns;default"/>
		</properties>
		<system-out>Ok 0 TU_ASSERT_AND_RETURN((d0)=0, ...) /Users/leo/soft/my/countof_ns/tests/unit/pos_vla_struct_zla_00.h:pos_vla_struct_zla_00.h:TU_UNIT for countof_ns.h:countof_ns() with C11&amp;VLA, C 201112L
</system-out>
	</testcase>
	<testcase name="pos_vla_zla_00" classname="pos_vla_zla_00" time="4.94284" status="run">
		<properties>
			<property name="cmake_labels" value="countof_ns;default"/>
		</properties>
		<system-out>Internal cmake changing into directory: /Users/leo/soft/my/countof_ns/build/Darwin_icc_icpc
Change Dir: '/Users/leo/soft/my/countof_ns/build/Darwin_icc_icpc'

Run Build Command(s): /opt/local/bin/gmake -f Makefile pos_vla_zla_00
[  0%] Built target CounofNS
[ 50%] Building C object tests/unit/CMakeFiles/pos_vla_zla_00.dir/tu_stub.c.o
icc: command line warning #10148: option '-ferror-limit==9999' not supported
[100%] Linking C executable pos_vla_zla_00
icc: command line warning #10148: option '-ferror-limit==9999' not supported
-macosx_version_min has been renamed to -macos_version_min
ld: warning: -keep_dwarf_unwind is obsolete
ld: warning: ignoring duplicate libraries: '/opt/intel/oneapi/compiler/2021.1.1/mac/bin/intel64/../../compiler/lib/libsvml.a'
ld: warning: no platform load command found in '/Users/leo/soft/my/countof_ns/build/Darwin_icc_icpc/tests/unit/CMakeFiles/pos_vla_zla_00.dir/tu_stub.c.o', assuming: macOS
ld: warning: no platform load command found in '/opt/intel/oneapi/compiler/2021.1.1/mac/bin...
[This part of the test output was removed since it exceeds the threshold of 1024 bytes.]
</system-out>
	</testcase>
	<testcase name="pos_vla_zla_00_c11" classname="pos_vla_zla_00_c11" time="0.265381" status="run">
		<properties>
			<property name="cmake_labels" value="countof_ns;default"/>
		</properties>
		<system-out>Ok 0 TU_ASSERT_AND_RETURN((d0)=0, ...) /Users/leo/soft/my/countof_ns/tests/unit/pos_vla_zla_00.h:pos_vla_zla_00.h:TU_UNIT for countof_ns.h:countof_ns() with C11&amp;VLA, C 201112L
</system-out>
	</testcase>
	<testcase name="pos_vla_zla_0n" classname="pos_vla_zla_0n" time="2.51327" status="fail">
		<failure message="Failed"/>
		<properties>
			<property name="cmake_labels" value="countof_ns;default"/>
		</properties>
		<system-out>Internal cmake changing into directory: /Users/leo/soft/my/countof_ns/build/Darwin_icc_icpc
Change Dir: '/Users/leo/soft/my/countof_ns/build/Darwin_icc_icpc'

Run Build Command(s): /opt/local/bin/gmake -f Makefile pos_vla_zla_0n
[  0%] Built target CounofNS
[ 50%] Building C object tests/unit/CMakeFiles/pos_vla_zla_0n.dir/tu_stub.c.o
icc: command line warning #10148: option '-ferror-limit==9999' not supported
In file included from /Users/leo/soft/my/countof_ns/tests/unit/tu_stub.h(106),
                 from /Users/leo/soft/my/countof_ns/tests/unit/tu_stub.c(5):
/Users/leo/soft/my/countof_ns/tests/unit/pos_vla_zla_0n.h(5): error: a type involving a variable length array is not allowed here
      TU_ASSERT_AND_RETURN(d0, TU_COUNTOF(a));
      ^

In file included from /Users/leo/soft/my/countof_ns/tests/unit/tu_stub.h(106),
                 from /Users/leo/soft/my/countof_ns/tests/unit/tu_stub.c(5):
/Users/leo/soft/my/countof_ns/tests/unit/pos_vla_zla_0n.h(5): error: a type involving a variable length array is not allowed here
      TU_ASSERT_AND_RETURN(d0, TU_COUNTOF(a));
      ^

In file included from /Users/leo/soft/my/countof_ns/tests/unit/tu_stub.h(106),
                 from /Users/leo/soft/my/countof_ns/tests/unit/tu_stub.c(5):
/Users/leo/soft/my/countof_ns/tests/unit/pos_vla_zla_0n.h(5): error: a type involving a variable length array is not allowed here
      TU_ASSERT_AND_RETURN(d0, TU_COUNTOF(a));
      ^

In file included from /Users/leo/soft/my/countof_ns/tests/unit/tu_stub.h(106),
                 from /Users/leo/soft/my/countof_ns/tests/unit/tu_stub.c(5):
/Users/leo/soft/my/countof_ns/tests/unit/pos_vla_zla_0n.h(5): error: a type involving a variable length array is not allowed here
      TU_ASSERT_AND_RETURN(d0, TU_COUNTOF(a));
      ^

In file included from /Users/leo/soft/my/countof_ns/tests/unit/tu_stub.h(106),
                 from /Users/leo/soft/my/countof_ns/tests/unit/tu_stub.c(5):
/Users/leo/soft/my/countof_ns/tests/unit/pos_vla_zla_0n.h(5): error: a type involving a variable length array is not allowed here
      TU_ASSERT_AND_RETURN(d0, TU_COUNTOF(a));
      ^

In file included from /Users/leo/soft/my/countof_ns/tests/unit/tu_stub.h(106),
                 from /Users/leo/soft/my/countof_ns/tests/unit/tu_stub.c(5):
/Users/leo/soft/my/countof_ns/tests/unit/pos_vla_zla_0n.h(5): error: a type involving a variable length array is not allowed here
      TU_ASSERT_AND_RETURN(d0, TU_COUNTOF(a));
      ^

compilation aborted for /Users/leo/soft/my/countof_ns/tests/unit/tu_stub.c (code 2)
gmake[3]: *** [tests/unit/CMakeFiles/pos_vla_zla_0n.dir/build.make:79: tests/unit/CMakeFiles/pos_vla_zla_0n.dir/tu_stub.c.o] Ошибка 2
gmake[2]: *** [CMakeFiles/Makefile2:1475: tests/unit/CMakeFiles/pos_vla_zla_0n.dir/all] Ошибка 2
gmake[1]: *** [CMakeFiles/Makefile2:1482: tests/unit/CMakeFiles/pos_vla_zla_0n.dir/rule] Ошибка 2
gmake: *** [Makefile:615: pos_vla_zla_0n] Ошибка 2

</system-out>
	</testcase>
	<testcase name="pos_vla_zla_0n_c11" classname="pos_vla_zla_0n_c11" time="0.241206" status="run">
		<properties>
			<property name="cmake_labels" value="countof_ns;default"/>
		</properties>
		<system-out>Ok 0 TU_ASSERT_AND_RETURN((d0)=0, ...) /Users/leo/soft/my/countof_ns/tests/unit/pos_vla_zla_0n.h:pos_vla_zla_0n.h:TU_UNIT for countof_ns.h:countof_ns() with C11&amp;VLA, C 201112L
</system-out>
	</testcase>
	<testcase name="pos_vla_zla_n0" classname="pos_vla_zla_n0" time="4.90111" status="fail">
		<failure message="Failed"/>
		<properties>
			<property name="cmake_labels" value="countof_ns;default"/>
		</properties>
		<system-out>Internal cmake changing into directory: /Users/leo/soft/my/countof_ns/build/Darwin_icc_icpc
Change Dir: '/Users/leo/soft/my/countof_ns/build/Darwin_icc_icpc'

Run Build Command(s): /opt/local/bin/gmake -f Makefile pos_vla_zla_n0
[  0%] Built target CounofNS
[ 50%] Building C object tests/unit/CMakeFiles/pos_vla_zla_n0.dir/tu_stub.c.o
icc: command line warning #10148: option '-ferror-limit==9999' not supported
[100%] Linking C executable pos_vla_zla_n0
icc: command line warning #10148: option '-ferror-limit==9999' not supported
-macosx_version_min has been renamed to -macos_version_min
ld: warning: -keep_dwarf_unwind is obsolete
ld: warning: ignoring duplicate libraries: '/opt/intel/oneapi/compiler/2021.1.1/mac/bin/intel64/../../compiler/lib/libsvml.a'
ld: warning: no platform load command found in '/Users/leo/soft/my/countof_ns/build/Darwin_icc_icpc/tests/unit/CMakeFiles/pos_vla_zla_n0.dir/tu_stub.c.o', assuming: macOS
ld: warning: no platform load command found in '/opt/intel/oneapi/compiler/2021.1.1/mac/bin/intel64/../../compiler/lib/libirc.a[4](irc_msg_support.o)', assuming: macOS
ld: warning: no platform load command found in '/opt/intel/oneapi/compiler/2021.1.1/mac/bin/intel64/../../compiler/lib/libirc.a[76](cpu_feature_disp.o)', assuming: macOS
ld: warning: no platform load command found in '/opt/intel/oneapi/compiler/2021.1.1/mac/bin/intel64/../../compiler/lib/libirc.a[95](proc_init_utils.o)', assuming: macOS
ld: warning: no platform load command found in '/opt/intel/oneapi/compiler/2021.1.1/mac/bin/intel64/../../compiler/lib/libirc.a[98](new_proc_init.o)', assuming: macOS
ld: warning: no platform load command found in '/opt/intel/oneapi/compiler/2021.1.1/mac/bin/intel64/../../compiler/lib/libirc.a[112](sse2_strlen.o)', assuming: macOS
ld: warning: no platform load command found in '/opt/intel/oneapi/compiler/2021.1.1/mac/bin/intel64/../../compiler/lib/libirc.a[113](sse2_strchr.o)', assuming: macOS
ld: warning: no platform load command found in '/opt/intel/oneapi/compiler/2021.1.1/mac/bin/intel64/../../compiler/lib/libirc.a[122](ssse3_strncpy.o)', assuming: macOS
[100%] Built target pos_vla_zla_n0

Running test command: "/Users/leo/soft/my/countof_ns/build/Darwin_icc_icpc/tests/unit/pos_vla_zla_n0"
Test command failed: /Users/leo/soft/my/countof_ns/build/Darwin_icc_icpc/tests/unit/pos_vla_zla_n0
Fail 0 desired=1 TU_ASSERT_AND_RETURN(((d1)), ...) /Users/leo/soft/my/countof_ns/tests/unit/pos_vla_zla_n0.h:pos_vla_zla_n0.h:TU_UNIT for countof_ns.h:countof_ns(), C 201112L

</system-out>
	</testcase>
	<testcase name="pos_vla_zla_n0_c11" classname="pos_vla_zla_n0_c11" time="4.92718" status="fail">
		<failure message="Failed"/>
		<properties>
			<property name="cmake_labels" value="countof_ns;default"/>
		</properties>
		<system-out>Internal cmake changing into directory: /Users/leo/soft/my/countof_ns/build/Darwin_icc_icpc
Change Dir: '/Users/leo/soft/my/countof_ns/build/Darwin_icc_icpc'

Run Build Command(s): /opt/local/bin/gmake -f Makefile pos_vla_zla_n0_c11
[  0%] Built target CounofNS
[ 50%] Building C object tests/unit/CMakeFiles/pos_vla_zla_n0_c11.dir/tu_stub.c.o
icc: command line warning #10148: option '-ferror-limit==9999' not supported
[100%] Linking C executable pos_vla_zla_n0_c11
icc: command line warning #10148: option '-ferror-limit==9999' not supported
-macosx_version_min has been renamed to -macos_version_min
ld: warning: -keep_dwarf_unwind is obsolete
ld: warning: ignoring duplicate libraries: '/opt/intel/oneapi/compiler/2021.1.1/mac/bin/intel64/../../compiler/lib/libsvml.a'
ld: warning: no platform load command found in '/Users/leo/soft/my/countof_ns/build/Darwin_icc_icpc/tests/unit/CMakeFiles/pos_vla_zla_n0_c11.dir/tu_stub.c.o', assuming: macOS
ld: warning: no platform load command found in '/opt/intel/oneapi/compiler/2021.1.1/mac/bin/intel64/../../compiler/lib/libirc.a[4](irc_msg_support.o)', assuming: macOS
ld: warning: no platform load command found in '/opt/intel/oneapi/compiler/2021.1.1/mac/bin/intel64/../../compiler/lib/libirc.a[76](cpu_feature_disp.o)', assuming: macOS
ld: warning: no platform load command found in '/opt/intel/oneapi/compiler/2021.1.1/mac/bin/intel64/../../compiler/lib/libirc.a[95](proc_init_utils.o)', assuming: macOS
ld: warning: no platform load command found in '/opt/intel/oneapi/compiler/2021.1.1/mac/bin/intel64/../../compiler/lib/libirc.a[98](new_proc_init.o)', assuming: macOS
ld: warning: no platform load command found in '/opt/intel/oneapi/compiler/2021.1.1/mac/bin/intel64/../../compiler/lib/libirc.a[112](sse2_strlen.o)', assuming: macOS
ld: warning: no platform load command found in '/opt/intel/oneapi/compiler/2021.1.1/mac/bin/intel64/../../compiler/lib/libirc.a[113](sse2_strchr.o)', assuming: macOS
ld: warning: no platform load command found in '/opt/intel/oneapi/compiler/2021.1.1/mac/bin/intel64/../../compiler/lib/libirc.a[122](ssse3_strncpy.o)', assuming: macOS
[100%] Built target pos_vla_zla_n0_c11

Running test command: "/Users/leo/soft/my/countof_ns/build/Darwin_icc_icpc/tests/unit/pos_vla_zla_n0_c11"
Test command failed: /Users/leo/soft/my/countof_ns/build/Darwin_icc_icpc/tests/unit/pos_vla_zla_n0_c11
Fail 0 desired=1 TU_ASSERT_AND_RETURN(((d1)), ...) /Users/leo/soft/my/countof_ns/tests/unit/pos_vla_zla_n0.h:pos_vla_zla_n0.h:TU_UNIT for countof_ns.h:countof_ns() with C11&amp;VLA, C 201112L

</system-out>
	</testcase>
	<testcase name="pos_zla_00" classname="pos_zla_00" time="0.280638" status="run">
		<properties>
			<property name="cmake_labels" value="countof_ns;default"/>
		</properties>
		<system-out>Ok 0 TU_STATIC_ASSERT_AND_RETURN((0)=0, ...) /Users/leo/soft/my/countof_ns/tests/unit/pos_zla_00.h:pos_zla_00.h:TU_UNIT for countof_ns.h:countof_ns(), C 201112L
</system-out>
	</testcase>
	<testcase name="pos_zla_00_c11" classname="pos_zla_00_c11" time="0.341117" status="run">
		<properties>
			<property name="cmake_labels" value="countof_ns;default"/>
		</properties>
		<system-out>Ok 0 TU_STATIC_ASSERT_AND_RETURN((0)=0, ...) /Users/leo/soft/my/countof_ns/tests/unit/pos_zla_00.h:pos_zla_00.h:TU_UNIT for countof_ns.h:countof_ns() with C11&amp;VLA, C 201112L
</system-out>
	</testcase>
	<testcase name="pos_zla_0n" classname="pos_zla_0n" time="0.248189" status="run">
		<properties>
			<property name="cmake_labels" value="countof_ns;default"/>
		</properties>
		<system-out>Ok 0 TU_STATIC_ASSERT_AND_RETURN((0)=0, ...) /Users/leo/soft/my/countof_ns/tests/unit/pos_zla_0n.h:pos_zla_0n.h:TU_UNIT for countof_ns.h:countof_ns(), C 201112L
</system-out>
	</testcase>
	<testcase name="pos_zla_0n_c11" classname="pos_zla_0n_c11" time="0.279628" status="run">
		<properties>
			<property name="cmake_labels" value="countof_ns;default"/>
		</properties>
		<system-out>Ok 0 TU_STATIC_ASSERT_AND_RETURN((0)=0, ...) /Users/leo/soft/my/countof_ns/tests/unit/pos_zla_0n.h:pos_zla_0n.h:TU_UNIT for countof_ns.h:countof_ns() with C11&amp;VLA, C 201112L
</system-out>
	</testcase>
	<testcase name="pos_zla_n0" classname="pos_zla_n0" time="2.44232" status="fail">
		<failure message="Failed"/>
		<properties>
			<property name="cmake_labels" value="countof_ns;default"/>
		</properties>
		<system-out>Internal cmake changing into directory: /Users/leo/soft/my/countof_ns/build/Darwin_icc_icpc
Change Dir: '/Users/leo/soft/my/countof_ns/build/Darwin_icc_icpc'

Run Build Command(s): /opt/local/bin/gmake -f Makefile pos_zla_n0
[  0%] Built target CounofNS
[ 50%] Building C object tests/unit/CMakeFiles/pos_zla_n0.dir/tu_stub.c.o
icc: command line warning #10148: option '-ferror-limit==9999' not supported
In file included from /Users/leo/soft/my/countof_ns/tests/unit/tu_stub.h(106),
                 from /Users/leo/soft/my/countof_ns/tests/unit/tu_stub.c(5):
/Users/leo/soft/my/countof_ns/tests/unit/pos_zla_n0.h(4): error: static assertion failed with "(1) == ((((!sizeof(*(b)) ? 0 : sizeof(b)/( sizeof(*(b)) ? sizeof(*(b)) : (size_t)-1 )) + ((size_t)!sizeof(char[_Generic(&amp;(b), __typeof__(*(b)) (*)[(!sizeof(*(b)) ? 0 : sizeof(b)/( sizeof(*(b)) ? sizeof(*(b)) : (size_t)-1 ))]: 1, default: -1)])))))"
      TU_STATIC_ASSERT_AND_RETURN(1, TU_COUNTOF(b));
      ^

compilation aborted for /Users/leo/soft/my/countof_ns/tests/unit/tu_stub.c (code 2)
gmake[3]: *** [tests/unit/CMakeFiles/pos_zla_n0.dir/build.make:79: tests/unit/CMakeFiles/pos_zla_n0.dir/tu_stub.c.o] Ошибка 2
gmake[2]: *** [CMakeFiles/Makefile2:1731: tests/unit/CMakeFiles/pos_zla_n0.dir/all] Ошибка 2
gmake[1]: *** [CMakeFiles/Makefile2:1738: tests/unit/CMakeFiles/pos_zla_n0.dir/rule] Ошибка 2
gmake: *** [Makefile:719: pos_zla_n0] Ошибка 2

</system-out>
	</testcase>
	<testcase name="pos_zla_n0_c11" classname="pos_zla_n0_c11" time="2.46459" status="fail">
		<failure message="Failed"/>
		<properties>
			<property name="cmake_labels" value="countof_ns;default"/>
		</properties>
		<system-out>Internal cmake changing into directory: /Users/leo/soft/my/countof_ns/build/Darwin_icc_icpc
Change Dir: '/Users/leo/soft/my/countof_ns/build/Darwin_icc_icpc'

Run Build Command(s): /opt/local/bin/gmake -f Makefile pos_zla_n0_c11
[  0%] Built target CounofNS
[  0%] Building C object tests/unit/CMakeFiles/pos_zla_n0_c11.dir/tu_stub.c.o
icc: command line warning #10148: option '-ferror-limit==9999' not supported
In file included from /Users/leo/soft/my/countof_ns/tests/unit/tu_stub.h(106),
                 from /Users/leo/soft/my/countof_ns/tests/unit/tu_stub.c(5):
/Users/leo/soft/my/countof_ns/tests/unit/pos_zla_n0.h(4): error: static assertion failed with "(1) == ((((!sizeof(*(b)) ? 0 : sizeof(b)/( sizeof(*(b)) ? sizeof(*(b)) : (size_t)-1 )) + (0*sizeof( (__typeof__(b) **)&amp;(b) - (__typeof__(*(b))(**)[(!sizeof(*(b)) ? 0 : sizeof(b)/( sizeof(*(b)) ? sizeof(*(b)) : (size_t)-1 ))])&amp;(b))))))"
      TU_STATIC_ASSERT_AND_RETURN(1, TU_COUNTOF(b));
      ^

compilation aborted for /Users/leo/soft/my/countof_ns/tests/unit/tu_stub.c (code 2)
gmake[3]: *** [tests/unit/CMakeFiles/pos_zla_n0_c11.dir/build.make:79: tests/unit/CMakeFiles/pos_zla_n0_c11.dir/tu_stub.c.o] Ошибка 2
gmake[2]: *** [CMakeFiles/Makefile2:1763: tests/unit/CMakeFiles/pos_zla_n0_c11.dir/all] Ошибка 2
gmake[1]: *** [CMakeFiles/Makefile2:1770: tests/unit/CMakeFiles/pos_zla_n0_c11.dir/rule] Ошибка 2
gmake: *** [Makefile:732: pos_zla_n0_c11] Ошибка 2

</system-out>
	</testcase>
	<testcase name="neg__selftest" classname="neg__selftest" time="2.42636" status="run">
		<properties>
			<property name="cmake_labels" value="countof_ns;default"/>
		</properties>
		<system-out>[  0%] Built target CounofNS
[ 50%] Building C object tests/unit/CMakeFiles/neg__selftest.dir/tu_stub.c.o
icc: command line warning #10148: option '-ferror-limit==9999' not supported
In file included from /Users/leo/soft/my/countof_ns/tests/unit/tu_stub.h(106),
                 from /Users/leo/soft/my/countof_ns/tests/unit/tu_stub.c(5):
/Users/leo/soft/my/countof_ns/tests/unit/neg__selftest.h(12): error: static assertion failed with "0"
          tu_static_assert(0);
          ^

compilation aborted for /Users/leo/soft/my/countof_ns/tests/unit/tu_stub.c (code 2)
gmake[3]: *** [tests/unit/CMakeFiles/neg__selftest.dir/build.make:79: tests/unit/CMakeFiles/neg__selftest.dir/tu_stub.c.o] Ошибка 2
gmake[2]: *** [CMakeFiles/Makefile2:1795: tests/unit/CMakeFiles/neg__selftest.dir/all] Ошибка 2
gmake[1]: *** [CMakeFiles/Makefile2:1802: tests/unit/CMakeFiles/neg__selftest.dir/rule] Ошибка 2
gmake: *** [Makefile:745: neg__selftest] Ошибка 2
</system-out>
	</testcase>
	<testcase name="neg__selftest_0_fail" classname="neg__selftest_0_fail" time="0.0410861" status="notrun">
		<skipped message="SKIP_RETURN_CODE=42"/>
		<properties>
			<property name="cmake_labels" value="countof_ns;default"/>
		</properties>
		<system-out></system-out>
	</testcase>
	<testcase name="neg__selftest_c11" classname="neg__selftest_c11" time="2.45802" status="run">
		<properties>
			<property name="cmake_labels" value="countof_ns;default"/>
		</properties>
		<system-out>[  0%] Built target CounofNS
[ 50%] Building C object tests/unit/CMakeFiles/neg__selftest_c11.dir/tu_stub.c.o
icc: command line warning #10148: option '-ferror-limit==9999' not supported
In file included from /Users/leo/soft/my/countof_ns/tests/unit/tu_stub.h(106),
                 from /Users/leo/soft/my/countof_ns/tests/unit/tu_stub.c(5):
/Users/leo/soft/my/countof_ns/tests/unit/neg__selftest.h(12): error: static assertion failed with "0"
          tu_static_assert(0);
          ^

compilation aborted for /Users/leo/soft/my/countof_ns/tests/unit/tu_stub.c (code 2)
gmake[3]: *** [tests/unit/CMakeFiles/neg__selftest_c11.dir/build.make:79: tests/unit/CMakeFiles/neg__selftest_c11.dir/tu_stub.c.o] Ошибка 2
gmake[2]: *** [CMakeFiles/Makefile2:1827: tests/unit/CMakeFiles/neg__selftest_c11.dir/all] Ошибка 2
gmake[1]: *** [CMakeFiles/Makefile2:1834: tests/unit/CMakeFiles/neg__selftest_c11.dir/rule] Ошибка 2
gmake: *** [Makefile:758: neg__selftest_c11] Ошибка 2
</system-out>
	</testcase>
	<testcase name="neg__selftest_c11_0_fail" classname="neg__selftest_c11_0_fail" time="0.0416805" status="notrun">
		<skipped message="SKIP_RETURN_CODE=42"/>
		<properties>
			<property name="cmake_labels" value="countof_ns;default"/>
		</properties>
		<system-out></system-out>
	</testcase>
	<testcase name="neg_cv_ptr" classname="neg_cv_ptr" time="2.45157" status="run">
		<properties>
			<property name="cmake_labels" value="countof_ns;default"/>
		</properties>
		<system-out>[  0%] Built target CounofNS
[  0%] Building C object tests/unit/CMakeFiles/neg_cv_ptr.dir/tu_stub.c.o
icc: command line warning #10148: option '-ferror-limit==9999' not supported
In file included from /Users/leo/soft/my/countof_ns/tests/unit/tu_stub.h(106),
                 from /Users/leo/soft/my/countof_ns/tests/unit/tu_stub.c(5):
/Users/leo/soft/my/countof_ns/tests/unit/neg_cv_ptr.h(4): error: the size of an array must be greater than zero
      return TU_COUNTOF(p);
             ^

compilation aborted for /Users/leo/soft/my/countof_ns/tests/unit/tu_stub.c (code 2)
gmake[3]: *** [tests/unit/CMakeFiles/neg_cv_ptr.dir/build.make:79: tests/unit/CMakeFiles/neg_cv_ptr.dir/tu_stub.c.o] Ошибка 2
gmake[2]: *** [CMakeFiles/Makefile2:1859: tests/unit/CMakeFiles/neg_cv_ptr.dir/all] Ошибка 2
gmake[1]: *** [CMakeFiles/Makefile2:1866: tests/unit/CMakeFiles/neg_cv_ptr.dir/rule] Ошибка 2
gmake: *** [Makefile:771: neg_cv_ptr] Ошибка 2
</system-out>
	</testcase>
	<testcase name="neg_cv_ptr_0_fail" classname="neg_cv_ptr_0_fail" time="0.0430212" status="notrun">
		<skipped message="SKIP_RETURN_CODE=42"/>
		<properties>
			<property name="cmake_labels" value="countof_ns;default"/>
		</properties>
		<system-out></system-out>
	</testcase>
	<testcase name="neg_cv_ptr_c11" classname="neg_cv_ptr_c11" time="4.63225" status="fail">
		<failure message="Failed"/>
		<properties>
			<property name="cmake_labels" value="countof_ns;default"/>
		</properties>
		<system-out>[  0%] Built target CounofNS
[ 50%] Building C object tests/unit/CMakeFiles/neg_cv_ptr_c11.dir/tu_stub.c.o
icc: command line warning #10148: option '-ferror-limit==9999' not supported
In file included from /Users/leo/soft/my/countof_ns/tests/unit/tu_stub.h(106),
                 from /Users/leo/soft/my/countof_ns/tests/unit/tu_stub.c(5):
/Users/leo/soft/my/countof_ns/tests/unit/neg_cv_ptr.h(4): warning #42: operand types are incompatible ("const volatile int ***" and "int (**)[&lt;expression&gt;]")
      return TU_COUNTOF(p);
             ^

In file included from /Users/leo/soft/my/countof_ns/tests/unit/tu_stub.h(106),
                 from /Users/leo/soft/my/countof_ns/tests/unit/tu_stub.c(5):
/Users/leo/soft/my/countof_ns/tests/unit/neg_cv_ptr.h(4): warning #1121: subtraction of pointer types "const volatile int ***" and "int (**)[&lt;expression&gt;]" is nonstandard
      return TU_COUNTOF(p);
             ^

[100%] Linking C executable neg_cv_ptr_c11
icc: command line warning #10148: option '-ferror-limit==9999' not supported
-macosx_version_min has been renamed to -macos_version_min
ld: warning: -keep_dwarf_unwind is obsolete
ld: warning: ignoring duplicate libraries: '/opt/intel/oneapi/compiler/2021.1.1/mac/bin/intel64/../../compiler/lib/libsvml.a'
ld: warning: no platform load command found in '/Users/leo/soft/my/countof_ns/build/Darwin_icc_icpc/tests/unit/CMakeFiles/neg_cv_ptr_c11.dir/tu_stub.c.o', assuming: macOS
ld: warning: no platform load command found in '/opt/intel/oneapi/compiler/2021.1.1/mac/bin/intel64/../../compiler/lib/libirc.a[4](irc_msg_support.o)', assuming: macOS
ld: warning: no platform load command found in '/opt/intel/oneapi/compiler/2021.1.1/mac/bin/intel64/../../compiler/lib/libirc.a[76](cpu_feature_disp.o)', assuming: macOS
ld: warning: no platform load command found in '/opt/intel/oneapi/compiler/2021.1.1/mac/bin/intel64/../../compiler/lib/libirc.a[95](proc_init_utils.o)', assuming: macOS
ld: warning: no platform load command found in '/opt/intel/oneapi/compiler/2021.1.1/mac/bin/intel64/../../compiler/lib/libirc.a[98](new_proc_init.o)', assuming: macOS
ld: warning: no platform load command found in '/opt/intel/oneapi/compiler/2021.1.1/mac/bin/intel64/../../compiler/lib/libirc.a[112](sse2_strlen.o)', assuming: macOS
ld: warning: no platform load command found in '/opt/intel/oneapi/compiler/2021.1.1/mac/bin/intel64/../../compiler/lib/libirc.a[113](sse2_strchr.o)', assuming: macOS
ld: warning: no platform load command found in '/opt/intel/oneapi/compiler/2021.1.1/mac/bin/intel64/../../compiler/lib/libirc.a[122](ssse3_strncpy.o)', assuming: macOS
[100%] Built target neg_cv_ptr_c11
</system-out>
	</testcase>
	<testcase name="neg_cv_ptr_c11_0_fail" classname="neg_cv_ptr_c11_0_fail" time="0.29783" status="fail">
		<failure message="Failed"/>
		<properties>
			<property name="cmake_labels" value="countof_ns;default"/>
		</properties>
		<system-out>Fail 2 desired=0 main(0, ...) /Users/leo/soft/my/countof_ns/tests/unit/tu_stub.c:neg_cv_ptr.h:TU_UNIT for countof_ns.h:countof_ns() with C11&amp;VLA, C 201112L
</system-out>
	</testcase>
	<testcase name="neg_other" classname="neg_other" time="2.44562" status="run">
		<properties>
			<property name="cmake_labels" value="countof_ns;default"/>
		</properties>
		<system-out>[  0%] Built target CounofNS
[100%] Building C object tests/unit/CMakeFiles/neg_other.dir/tu_stub.c.o
icc: command line warning #10148: option '-ferror-limit==9999' not supported
In file included from /Users/leo/soft/my/countof_ns/tests/unit/tu_stub.h(106),
                 from /Users/leo/soft/my/countof_ns/tests/unit/tu_stub.c(5):
/Users/leo/soft/my/countof_ns/tests/unit/neg_other.h(4): error: operand of "*" must be a pointer
      return TU_COUNTOF(i);
             ^

In file included from /Users/leo/soft/my/countof_ns/tests/unit/tu_stub.h(106),
                 from /Users/leo/soft/my/countof_ns/tests/unit/tu_stub.c(5):
/Users/leo/soft/my/countof_ns/tests/unit/neg_other.h(4): error: operand of "*" must be a pointer
      return TU_COUNTOF(i);
             ^

In file included from /Users/leo/soft/my/countof_ns/tests/unit/tu_stub.h(106),
                 from /Users/leo/soft/my/countof_ns/tests/unit/tu_stub.c(5):
/Users/leo/soft/my/countof_ns/tests/unit/neg_other.h(4): error: operand of "*" must be a pointe...
[This part of the test output was removed since it exceeds the threshold of 1024 bytes.]
</system-out>
	</testcase>
	<testcase name="neg_other_0_fail" classname="neg_other_0_fail" time="0.0446639" status="notrun">
		<skipped message="SKIP_RETURN_CODE=42"/>
		<properties>
			<property name="cmake_labels" value="countof_ns;default"/>
		</properties>
		<system-out></system-out>
	</testcase>
	<testcase name="neg_other_c11" classname="neg_other_c11" time="2.4244" status="run">
		<properties>
			<property name="cmake_labels" value="countof_ns;default"/>
		</properties>
		<system-out>[  0%] Built target CounofNS
[ 50%] Building C object tests/unit/CMakeFiles/neg_other_c11.dir/tu_stub.c.o
icc: command line warning #10148: option '-ferror-limit==9999' not supported
In file included from /Users/leo/soft/my/countof_ns/tests/unit/tu_stub.h(106),
                 from /Users/leo/soft/my/countof_ns/tests/unit/tu_stub.c(5):
/Users/leo/soft/my/countof_ns/tests/unit/neg_other.h(4): error: operand of "*" must be a pointer
      return TU_COUNTOF(i);
             ^

In file included from /Users/leo/soft/my/countof_ns/tests/unit/tu_stub.h(106),
                 from /Users/leo/soft/my/countof_ns/tests/unit/tu_stub.c(5):
/Users/leo/soft/my/countof_ns/tests/unit/neg_other.h(4): error: operand of "*" must be a pointer
      return TU_COUNTOF(i);
             ^

In file included from /Users/leo/soft/my/countof_ns/tests/unit/tu_stub.h(106),
                 from /Users/leo/soft/my/countof_ns/tests/unit/tu_stub.c(5):
/Users/leo/soft/my/countof_ns/tests/unit/neg_other.h(4): error: operand of "*" must be a po...
[This part of the test output was removed since it exceeds the threshold of 1024 bytes.]
</system-out>
	</testcase>
	<testcase name="neg_other_c11_0_fail" classname="neg_other_c11_0_fail" time="0.0411807" status="notrun">
		<skipped message="SKIP_RETURN_CODE=42"/>
		<properties>
			<property name="cmake_labels" value="countof_ns;default"/>
		</properties>
		<system-out></system-out>
	</testcase>
	<testcase name="neg_ptr" classname="neg_ptr" time="2.44984" status="run">
		<properties>
			<property name="cmake_labels" value="countof_ns;default"/>
		</properties>
		<system-out>[  0%] Built target CounofNS
[ 50%] Building C object tests/unit/CMakeFiles/neg_ptr.dir/tu_stub.c.o
icc: command line warning #10148: option '-ferror-limit==9999' not supported
In file included from /Users/leo/soft/my/countof_ns/tests/unit/tu_stub.h(106),
                 from /Users/leo/soft/my/countof_ns/tests/unit/tu_stub.c(5):
/Users/leo/soft/my/countof_ns/tests/unit/neg_ptr.h(6): error: the size of an array must be greater than zero
             TU_COUNTOF(p));  // TODO
             ^

In file included from /Users/leo/soft/my/countof_ns/tests/unit/tu_stub.h(106),
                 from /Users/leo/soft/my/countof_ns/tests/unit/tu_stub.c(5):
/Users/leo/soft/my/countof_ns/tests/unit/neg_ptr.h(7): error: the size of an array must be greater than zero
      return TU_COUNTOF(p);
             ^

compilation aborted for /Users/leo/soft/my/countof_ns/tests/unit/tu_stub.c (code 2)
gmake[3]: *** [tests/unit/CMakeFiles/neg_ptr.dir/build.make:79: tests/unit/CMakeFiles/neg_ptr.dir/tu_stub.c.o] Ошибка 2
gmake[2]:...
[This part of the test output was removed since it exceeds the threshold of 1024 bytes.]
</system-out>
	</testcase>
	<testcase name="neg_ptr_0_fail" classname="neg_ptr_0_fail" time="0.0438415" status="notrun">
		<skipped message="SKIP_RETURN_CODE=42"/>
		<properties>
			<property name="cmake_labels" value="countof_ns;default"/>
		</properties>
		<system-out></system-out>
	</testcase>
	<testcase name="neg_ptr_c11" classname="neg_ptr_c11" time="4.64699" status="fail">
		<failure message="Failed"/>
		<properties>
			<property name="cmake_labels" value="countof_ns;default"/>
		</properties>
		<system-out>[  0%] Built target CounofNS
[100%] Building C object tests/unit/CMakeFiles/neg_ptr_c11.dir/tu_stub.c.o
icc: command line warning #10148: option '-ferror-limit==9999' not supported
In file included from /Users/leo/soft/my/countof_ns/tests/unit/tu_stub.h(106),
                 from /Users/leo/soft/my/countof_ns/tests/unit/tu_stub.c(5):
/Users/leo/soft/my/countof_ns/tests/unit/neg_ptr.h(6): warning #42: operand types are incompatible ("int ***" and "int (**)[&lt;expression&gt;]")
             TU_COUNTOF(p));  // TODO
             ^

In file included from /Users/leo/soft/my/countof_ns/tests/unit/tu_stub.h(106),
                 from /Users/leo/soft/my/countof_ns/tests/unit/tu_stub.c(5):
/Users/leo/soft/my/countof_ns/tests/unit/neg_ptr.h(6): warning #1121: subtraction of pointer types "int ***" and "int (**)[&lt;expression&gt;]" is nonstandard
             TU_COUNTOF(p));  // TODO
             ^

In file included from /Users/leo/soft/my/countof_ns/tests/unit/tu_stub.h(106),
                 from /Users/leo/soft/my/countof_ns/tests/unit/tu_stub.c(5):
/Users/leo/soft/my/countof_ns/tests/unit/neg_ptr.h(7): warning #42: operand types are incompatible ("int ***" and "int (**)[&lt;expression&gt;]")
      return TU_COUNTOF(p);
             ^

In file included from /Users/leo/soft/my/countof_ns/tests/unit/tu_stub.h(106),
                 from /Users/leo/soft/my/countof_ns/tests/unit/tu_stub.c(5):
/Users/leo/soft/my/countof_ns/tests/unit/neg_ptr.h(7): warning #1121: subtraction of pointer types "int ***" and "int (**)[&lt;expression&gt;]" is nonstandard
      return TU_COUNTOF(p);
             ^

[100%] Linking C executable neg_ptr_c11
icc: command line warning #10148: option '-ferror-limit==9999' not supported
-macosx_version_min has been renamed to -macos_version_min
ld: warning: -keep_dwarf_unwind is obsolete
ld: warning: ignoring duplicate libraries: '/opt/intel/oneapi/compiler/2021.1.1/mac/bin/intel64/../../compiler/lib/libsvml.a'
ld: warning: no platform load command found in '/Users/leo/soft/my/countof_ns/build/Darwin_icc_icpc/tests/unit/CMakeFiles/neg_ptr_c11.dir/tu_stub.c.o', assuming: macOS
ld: warning: no platform load command found in '/opt/intel/oneapi/compiler/2021.1.1/mac/bin/intel64/../../compiler/lib/libirc.a[4](irc_msg_support.o)', assuming: macOS
ld: warning: no platform load command found in '/opt/intel/oneapi/compiler/2021.1.1/mac/bin/intel64/../../compiler/lib/libirc.a[76](cpu_feature_disp.o)', assuming: macOS
ld: warning: no platform load command found in '/opt/intel/oneapi/compiler/2021.1.1/mac/bin/intel64/../../compiler/lib/libirc.a[95](proc_init_utils.o)', assuming: macOS
ld: warning: no platform load command found in '/opt/intel/oneapi/compiler/2021.1.1/mac/bin/intel64/../../compiler/lib/libirc.a[98](new_proc_init.o)', assuming: macOS
ld: warning: no platform load command found in '/opt/intel/oneapi/compiler/2021.1.1/mac/bin/intel64/../../compiler/lib/libirc.a[112](sse2_strlen.o)', assuming: macOS
ld: warning: no platform load command found in '/opt/intel/oneapi/compiler/2021.1.1/mac/bin/intel64/../../compiler/lib/libirc.a[113](sse2_strchr.o)', assuming: macOS
ld: warning: no platform load command found in '/opt/intel/oneapi/compiler/2021.1.1/mac/bin/intel64/../../compiler/lib/libirc.a[122](ssse3_strncpy.o)', assuming: macOS
[100%] Built target neg_ptr_c11
</system-out>
	</testcase>
	<testcase name="neg_ptr_c11_0_fail" classname="neg_ptr_c11_0_fail" time="0.368199" status="fail">
		<failure message="Failed"/>
		<properties>
			<property name="cmake_labels" value="countof_ns;default"/>
		</properties>
		<system-out>Debug /Users/leo/soft/my/countof_ns/tests/unit/neg_ptr.h:3:TU_UNIT
Debug /Users/leo/soft/my/countof_ns/tests/unit/neg_ptr.h:5:TU_UNIT TU_COUNTOF(p)=2 
Fail 2 desired=0 main(0, ...) /Users/leo/soft/my/countof_ns/tests/unit/tu_stub.c:neg_ptr.h:TU_UNIT for countof_ns.h:countof_ns() with C11&amp;VLA, C 201112L
</system-out>
	</testcase>
	<testcase name="neg_vla_ptr" classname="neg_vla_ptr" time="2.41634" status="run">
		<properties>
			<property name="cmake_labels" value="countof_ns;default"/>
		</properties>
		<system-out>[  0%] Built target CounofNS
[ 50%] Building C object tests/unit/CMakeFiles/neg_vla_ptr.dir/tu_stub.c.o
icc: command line warning #10148: option '-ferror-limit==9999' not supported
In file included from /Users/leo/soft/my/countof_ns/tests/unit/tu_stub.h(106),
                 from /Users/leo/soft/my/countof_ns/tests/unit/tu_stub.c(5):
/Users/leo/soft/my/countof_ns/tests/unit/neg_vla_ptr.h(6): error: a type involving a variable length array is not allowed here
      return TU_COUNTOF(p);
             ^

compilation aborted for /Users/leo/soft/my/countof_ns/tests/unit/tu_stub.c (code 2)
gmake[3]: *** [tests/unit/CMakeFiles/neg_vla_ptr.dir/build.make:79: tests/unit/CMakeFiles/neg_vla_ptr.dir/tu_stub.c.o] Ошибка 2
gmake[2]: *** [CMakeFiles/Makefile2:2051: tests/unit/CMakeFiles/neg_vla_ptr.dir/all] Ошибка 2
gmake[1]: *** [CMakeFiles/Makefile2:2058: tests/unit/CMakeFiles/neg_vla_ptr.dir/rule] Ошибка 2
gmake: *** [Makefile:849: neg_vla_ptr] Ошибка 2
</system-out>
	</testcase>
	<testcase name="neg_vla_ptr_0_fail" classname="neg_vla_ptr_0_fail" time="0.0417225" status="notrun">
		<skipped message="SKIP_RETURN_CODE=42"/>
		<properties>
			<property name="cmake_labels" value="countof_ns;default"/>
		</properties>
		<system-out></system-out>
	</testcase>
	<testcase name="neg_vla_ptr_c11" classname="neg_vla_ptr_c11" time="4.58182" status="fail">
		<failure message="Failed"/>
		<properties>
			<property name="cmake_labels" value="countof_ns;default"/>
		</properties>
		<system-out>[  0%] Built target CounofNS
[ 50%] Building C object tests/unit/CMakeFiles/neg_vla_ptr_c11.dir/tu_stub.c.o
icc: command line warning #10148: option '-ferror-limit==9999' not supported
In file included from /Users/leo/soft/my/countof_ns/tests/unit/tu_stub.h(106),
                 from /Users/leo/soft/my/countof_ns/tests/unit/tu_stub.c(5):
/Users/leo/soft/my/countof_ns/tests/unit/neg_vla_ptr.h(6): warning #42: operand types are incompatible ("int (***)[d0]" and "int (**)[&lt;expression&gt;][d0]")
      return TU_COUNTOF(p);
             ^

In file included from /Users/leo/soft/my/countof_ns/tests/unit/tu_stub.h(106),
                 from /Users/leo/soft/my/countof_ns/tests/unit/tu_stub.c(5):
/Users/leo/soft/my/countof_ns/tests/unit/neg_vla_ptr.h(6): warning #1121: subtraction of pointer types "int (***)[d0]" and "int (**)[&lt;expression&gt;][d0]" is nonstandard
      return TU_COUNTOF(p);
             ^

[100%] Linking C executable neg_vla_ptr_c11
icc: command line warning #10148: option '-ferror-limit==9999' not supported
-macosx_version_min has been renamed to -macos_version_min
ld: warning: -keep_dwarf_unwind is obsolete
ld: warning: ignoring duplicate libraries: '/opt/intel/oneapi/compiler/2021.1.1/mac/bin/intel64/../../compiler/lib/libsvml.a'
ld: warning: no platform load command found in '/Users/leo/soft/my/countof_ns/build/Darwin_icc_icpc/tests/unit/CMakeFiles/neg_vla_ptr_c11.dir/tu_stub.c.o', assuming: macOS
ld: warning: no platform load command found in '/opt/intel/oneapi/compiler/2021.1.1/mac/bin/intel64/../../compiler/lib/libirc.a[4](irc_msg_support.o)', assuming: macOS
ld: warning: no platform load command found in '/opt/intel/oneapi/compiler/2021.1.1/mac/bin/intel64/../../compiler/lib/libirc.a[76](cpu_feature_disp.o)', assuming: macOS
ld: warning: no platform load command found in '/opt/intel/oneapi/compiler/2021.1.1/mac/bin/intel64/../../compiler/lib/libirc.a[95](proc_init_utils.o)', assuming: macOS
ld: warning: no platform load command found in '/opt/intel/oneapi/compiler/2021.1.1/mac/bin/intel64/../../compiler/lib/libirc.a[98](new_proc_init.o)', assuming: macOS
ld: warning: no platform load command found in '/opt/intel/oneapi/compiler/2021.1.1/mac/bin/intel64/../../compiler/lib/libirc.a[112](sse2_strlen.o)', assuming: macOS
ld: warning: no platform load command found in '/opt/intel/oneapi/compiler/2021.1.1/mac/bin/intel64/../../compiler/lib/libirc.a[113](sse2_strchr.o)', assuming: macOS
ld: warning: no platform load command found in '/opt/intel/oneapi/compiler/2021.1.1/mac/bin/intel64/../../compiler/lib/libirc.a[122](ssse3_strncpy.o)', assuming: macOS
[100%] Built target neg_vla_ptr_c11
</system-out>
	</testcase>
	<testcase name="neg_vla_ptr_c11_0_fail" classname="neg_vla_ptr_c11_0_fail" time="0.421528" status="fail">
		<failure message="Failed"/>
		<properties>
			<property name="cmake_labels" value="countof_ns;default"/>
		</properties>
		<system-out>Fail 2 desired=0 main(0, ...) /Users/leo/soft/my/countof_ns/tests/unit/tu_stub.c:neg_vla_ptr.h:TU_UNIT for countof_ns.h:countof_ns() with C11&amp;VLA, C 201112L
</system-out>
	</testcase>
	<testcase name="neg_vla_zla_ptr" classname="neg_vla_zla_ptr" time="2.45238" status="run">
		<properties>
			<property name="cmake_labels" value="countof_ns;default"/>
		</properties>
		<system-out>[  0%] Built target CounofNS
[  0%] Building C object tests/unit/CMakeFiles/neg_vla_zla_ptr.dir/tu_stub.c.o
icc: command line warning #10148: option '-ferror-limit==9999' not supported
In file included from /Users/leo/soft/my/countof_ns/tests/unit/tu_stub.h(106),
                 from /Users/leo/soft/my/countof_ns/tests/unit/tu_stub.c(5):
/Users/leo/soft/my/countof_ns/tests/unit/neg_vla_zla_ptr.h(6): error: a type involving a variable length array is not allowed here
      return TU_COUNTOF(p);
             ^

compilation aborted for /Users/leo/soft/my/countof_ns/tests/unit/tu_stub.c (code 2)
gmake[3]: *** [tests/unit/CMakeFiles/neg_vla_zla_ptr.dir/build.make:79: tests/unit/CMakeFiles/neg_vla_zla_ptr.dir/tu_stub.c.o] Ошибка 2
gmake[2]: *** [CMakeFiles/Makefile2:2115: tests/unit/CMakeFiles/neg_vla_zla_ptr.dir/all] Ошибка 2
gmake[1]: *** [CMakeFiles/Makefile2:2122: tests/unit/CMakeFiles/neg_vla_zla_ptr.dir/rule] Ошибка 2
gmake: *** [Makefile:875: neg_vla_zla_ptr] Ошибка 2
</system-out>
	</testcase>
	<testcase name="neg_vla_zla_ptr_0_fail" classname="neg_vla_zla_ptr_0_fail" time="0.0423283" status="notrun">
		<skipped message="SKIP_RETURN_CODE=42"/>
		<properties>
			<property name="cmake_labels" value="countof_ns;default"/>
		</properties>
		<system-out></system-out>
	</testcase>
	<testcase name="neg_vla_zla_ptr_c11" classname="neg_vla_zla_ptr_c11" time="4.66488" status="fail">
		<failure message="Failed"/>
		<properties>
			<property name="cmake_labels" value="countof_ns;default"/>
		</properties>
		<system-out>[  0%] Built target CounofNS
[ 50%] Building C object tests/unit/CMakeFiles/neg_vla_zla_ptr_c11.dir/tu_stub.c.o
icc: command line warning #10148: option '-ferror-limit==9999' not supported
In file included from /Users/leo/soft/my/countof_ns/tests/unit/tu_stub.h(106),
                 from /Users/leo/soft/my/countof_ns/tests/unit/tu_stub.c(5):
/Users/leo/soft/my/countof_ns/tests/unit/neg_vla_zla_ptr.h(6): warning #42: operand types are incompatible ("int (***)[d0][0]" and "int (**)[&lt;expression&gt;][d0][0]")
      return TU_COUNTOF(p);
             ^

In file included from /Users/leo/soft/my/countof_ns/tests/unit/tu_stub.h(106),
                 from /Users/leo/soft/my/countof_ns/tests/unit/tu_stub.c(5):
/Users/leo/soft/my/countof_ns/tests/unit/neg_vla_zla_ptr.h(6): warning #1121: subtraction of pointer types "int (***)[d0][0]" and "int (**)[&lt;expression&gt;][d0][0]" is nonstandard
      return TU_COUNTOF(p);
             ^

[100%] Linking C executable neg_vla_zla_ptr_c11
icc: command line warning #10148: option '-ferror-limit==9999' not supported
-macosx_version_min has been renamed to -macos_version_min
ld: warning: -keep_dwarf_unwind is obsolete
ld: warning: ignoring duplicate libraries: '/opt/intel/oneapi/compiler/2021.1.1/mac/bin/intel64/../../compiler/lib/libsvml.a'
ld: warning: no platform load command found in '/Users/leo/soft/my/countof_ns/build/Darwin_icc_icpc/tests/unit/CMakeFiles/neg_vla_zla_ptr_c11.dir/tu_stub.c.o', assuming: macOS
ld: warning: no platform load command found in '/opt/intel/oneapi/compiler/2021.1.1/mac/bin/intel64/../../compiler/lib/libirc.a[4](irc_msg_support.o)', assuming: macOS
ld: warning: no platform load command found in '/opt/intel/oneapi/compiler/2021.1.1/mac/bin/intel64/../../compiler/lib/libirc.a[76](cpu_feature_disp.o)', assuming: macOS
ld: warning: no platform load command found in '/opt/intel/oneapi/compiler/2021.1.1/mac/bin/intel64/../../compiler/lib/libirc.a[95](proc_init_utils.o)', assuming: macOS
ld: warning: no platform load command found in '/opt/intel/oneapi/compiler/2021.1.1/mac/bin/intel64/../../compiler/lib/libirc.a[98](new_proc_init.o)', assuming: macOS
ld: warning: no platform load command found in '/opt/intel/oneapi/compiler/2021.1.1/mac/bin/intel64/../../compiler/lib/libirc.a[112](sse2_strlen.o)', assuming: macOS
ld: warning: no platform load command found in '/opt/intel/oneapi/compiler/2021.1.1/mac/bin/intel64/../../compiler/lib/libirc.a[113](sse2_strchr.o)', assuming: macOS
ld: warning: no platform load command found in '/opt/intel/oneapi/compiler/2021.1.1/mac/bin/intel64/../../compiler/lib/libirc.a[122](ssse3_strncpy.o)', assuming: macOS
[100%] Built target neg_vla_zla_ptr_c11
</system-out>
	</testcase>
	<testcase name="neg_vla_zla_ptr_c11_0_fail" classname="neg_vla_zla_ptr_c11_0_fail" time="0.282408" status="run">
		<properties>
			<property name="cmake_labels" value="countof_ns;default"/>
		</properties>
		<system-out>Fail 0 desired=0 main(0, ...) /Users/leo/soft/my/countof_ns/tests/unit/tu_stub.c:neg_vla_zla_ptr.h:TU_UNIT for countof_ns.h:countof_ns() with C11&amp;VLA, C 201112L
</system-out>
	</testcase>
	<testcase name="neg_zla_ptr" classname="neg_zla_ptr" time="2.46037" status="run">
		<properties>
			<property name="cmake_labels" value="countof_ns;default"/>
		</properties>
		<system-out>[  0%] Built target CounofNS
[100%] Building C object tests/unit/CMakeFiles/neg_zla_ptr.dir/tu_stub.c.o
icc: command line warning #10148: option '-ferror-limit==9999' not supported
In file included from /Users/leo/soft/my/countof_ns/tests/unit/tu_stub.h(106),
                 from /Users/leo/soft/my/countof_ns/tests/unit/tu_stub.c(5):
/Users/leo/soft/my/countof_ns/tests/unit/neg_zla_ptr.h(4): error: the size of an array must be greater than zero
      return TU_COUNTOF(p);
             ^

compilation aborted for /Users/leo/soft/my/countof_ns/tests/unit/tu_stub.c (code 2)
gmake[3]: *** [tests/unit/CMakeFiles/neg_zla_ptr.dir/build.make:79: tests/unit/CMakeFiles/neg_zla_ptr.dir/tu_stub.c.o] Ошибка 2
gmake[2]: *** [CMakeFiles/Makefile2:2179: tests/unit/CMakeFiles/neg_zla_ptr.dir/all] Ошибка 2
gmake[1]: *** [CMakeFiles/Makefile2:2186: tests/unit/CMakeFiles/neg_zla_ptr.dir/rule] Ошибка 2
gmake: *** [Makefile:901: neg_zla_ptr] Ошибка 2
</system-out>
	</testcase>
	<testcase name="neg_zla_ptr_0_fail" classname="neg_zla_ptr_0_fail" time="0.0417556" status="notrun">
		<skipped message="SKIP_RETURN_CODE=42"/>
		<properties>
			<property name="cmake_labels" value="countof_ns;default"/>
		</properties>
		<system-out></system-out>
	</testcase>
	<testcase name="neg_zla_ptr_c11" classname="neg_zla_ptr_c11" time="4.64614" status="fail">
		<failure message="Failed"/>
		<properties>
			<property name="cmake_labels" value="countof_ns;default"/>
		</properties>
		<system-out>[  0%] Built target CounofNS
[ 50%] Building C object tests/unit/CMakeFiles/neg_zla_ptr_c11.dir/tu_stub.c.o
icc: command line warning #10148: option '-ferror-limit==9999' not supported
In file included from /Users/leo/soft/my/countof_ns/tests/unit/tu_stub.h(106),
                 from /Users/leo/soft/my/countof_ns/tests/unit/tu_stub.c(5):
/Users/leo/soft/my/countof_ns/tests/unit/neg_zla_ptr.h(4): warning #42: operand types are incompatible ("int (***)[0]" and "int (**)[&lt;expression&gt;][0]")
      return TU_COUNTOF(p);
             ^

In file included from /Users/leo/soft/my/countof_ns/tests/unit/tu_stub.h(106),
                 from /Users/leo/soft/my/countof_ns/tests/unit/tu_stub.c(5):
/Users/leo/soft/my/countof_ns/tests/unit/neg_zla_ptr.h(4): warning #1121: subtraction of pointer types "int (***)[0]" and "int (**)[&lt;expression&gt;][0]" is nonstandard
      return TU_COUNTOF(p);
             ^

[100%] Linking C executable neg_zla_ptr_c11
icc: command line warning #10148: option '-ferror-limit==9999' not supported
-macosx_version_min has been renamed to -macos_version_min
ld: warning: -keep_dwarf_unwind is obsolete
ld: warning: ignoring duplicate libraries: '/opt/intel/oneapi/compiler/2021.1.1/mac/bin/intel64/../../compiler/lib/libsvml.a'
ld: warning: no platform load command found in '/Users/leo/soft/my/countof_ns/build/Darwin_icc_icpc/tests/unit/CMakeFiles/neg_zla_ptr_c11.dir/tu_stub.c.o', assuming: macOS
ld: warning: no platform load command found in '/opt/intel/oneapi/compiler/2021.1.1/mac/bin/intel64/../../compiler/lib/libirc.a[4](irc_msg_support.o)', assuming: macOS
ld: warning: no platform load command found in '/opt/intel/oneapi/compiler/2021.1.1/mac/bin/intel64/../../compiler/lib/libirc.a[76](cpu_feature_disp.o)', assuming: macOS
ld: warning: no platform load command found in '/opt/intel/oneapi/compiler/2021.1.1/mac/bin/intel64/../../compiler/lib/libirc.a[95](proc_init_utils.o)', assuming: macOS
ld: warning: no platform load command found in '/opt/intel/oneapi/compiler/2021.1.1/mac/bin/intel64/../../compiler/lib/libirc.a[98](new_proc_init.o)', assuming: macOS
ld: warning: no platform load command found in '/opt/intel/oneapi/compiler/2021.1.1/mac/bin/intel64/../../compiler/lib/libirc.a[112](sse2_strlen.o)', assuming: macOS
ld: warning: no platform load command found in '/opt/intel/oneapi/compiler/2021.1.1/mac/bin/intel64/../../compiler/lib/libirc.a[113](sse2_strchr.o)', assuming: macOS
ld: warning: no platform load command found in '/opt/intel/oneapi/compiler/2021.1.1/mac/bin/intel64/../../compiler/lib/libirc.a[122](ssse3_strncpy.o)', assuming: macOS
[100%] Built target neg_zla_ptr_c11
</system-out>
	</testcase>
	<testcase name="neg_zla_ptr_c11_0_fail" classname="neg_zla_ptr_c11_0_fail" time="0.295826" status="run">
		<properties>
			<property name="cmake_labels" value="countof_ns;default"/>
		</properties>
		<system-out>Fail 0 desired=0 main(0, ...) /Users/leo/soft/my/countof_ns/tests/unit/tu_stub.c:neg_zla_ptr.h:TU_UNIT for countof_ns.h:countof_ns() with C11&amp;VLA, C 201112L
</system-out>
	</testcase>
	<testcase name="neg_zla_vla_ptr" classname="neg_zla_vla_ptr" time="2.47719" status="run">
		<properties>
			<property name="cmake_labels" value="countof_ns;default"/>
		</properties>
		<system-out>[  0%] Built target CounofNS
[ 50%] Building C object tests/unit/CMakeFiles/neg_zla_vla_ptr.dir/tu_stub.c.o
icc: command line warning #10148: option '-ferror-limit==9999' not supported
In file included from /Users/leo/soft/my/countof_ns/tests/unit/tu_stub.h(106),
                 from /Users/leo/soft/my/countof_ns/tests/unit/tu_stub.c(5):
/Users/leo/soft/my/countof_ns/tests/unit/neg_zla_vla_ptr.h(6): error: a type involving a variable length array is not allowed here
      return TU_COUNTOF(p);
             ^

compilation aborted for /Users/leo/soft/my/countof_ns/tests/unit/tu_stub.c (code 2)
gmake[3]: *** [tests/unit/CMakeFiles/neg_zla_vla_ptr.dir/build.make:79: tests/unit/CMakeFiles/neg_zla_vla_ptr.dir/tu_stub.c.o] Ошибка 2
gmake[2]: *** [CMakeFiles/Makefile2:2243: tests/unit/CMakeFiles/neg_zla_vla_ptr.dir/all] Ошибка 2
gmake[1]: *** [CMakeFiles/Makefile2:2250: tests/unit/CMakeFiles/neg_zla_vla_ptr.dir/rule] Ошибка 2
gmake: *** [Makefile:927: neg_zla_vla_ptr] Ошибка 2
</system-out>
	</testcase>
	<testcase name="neg_zla_vla_ptr_0_fail" classname="neg_zla_vla_ptr_0_fail" time="0.0417771" status="notrun">
		<skipped message="SKIP_RETURN_CODE=42"/>
		<properties>
			<property name="cmake_labels" value="countof_ns;default"/>
		</properties>
		<system-out></system-out>
	</testcase>
	<testcase name="neg_zla_vla_ptr_c11" classname="neg_zla_vla_ptr_c11" time="4.6791" status="fail">
		<failure message="Failed"/>
		<properties>
			<property name="cmake_labels" value="countof_ns;default"/>
		</properties>
		<system-out>[  0%] Built target CounofNS
[  0%] Building C object tests/unit/CMakeFiles/neg_zla_vla_ptr_c11.dir/tu_stub.c.o
icc: command line warning #10148: option '-ferror-limit==9999' not supported
In file included from /Users/leo/soft/my/countof_ns/tests/unit/tu_stub.h(106),
                 from /Users/leo/soft/my/countof_ns/tests/unit/tu_stub.c(5):
/Users/leo/soft/my/countof_ns/tests/unit/neg_zla_vla_ptr.h(6): warning #42: operand types are incompatible ("int (***)[d0]" and "int (**)[&lt;expression&gt;][d0]")
      return TU_COUNTOF(p);
             ^

In file included from /Users/leo/soft/my/countof_ns/tests/unit/tu_stub.h(106),
                 from /Users/leo/soft/my/countof_ns/tests/unit/tu_stub.c(5):
/Users/leo/soft/my/countof_ns/tests/unit/neg_zla_vla_ptr.h(6): warning #1121: subtraction of pointer types "int (***)[d0]" and "int (**)[&lt;expression&gt;][d0]" is nonstandard
      return TU_COUNTOF(p);
             ^

[100%] Linking C executable neg_zla_vla_ptr_c11
icc: command line warning #10148: option '-ferror-limit==9999' not supported
-macosx_version_min has been renamed to -macos_version_min
ld: warning: -keep_dwarf_unwind is obsolete
ld: warning: ignoring duplicate libraries: '/opt/intel/oneapi/compiler/2021.1.1/mac/bin/intel64/../../compiler/lib/libsvml.a'
ld: warning: no platform load command found in '/Users/leo/soft/my/countof_ns/build/Darwin_icc_icpc/tests/unit/CMakeFiles/neg_zla_vla_ptr_c11.dir/tu_stub.c.o', assuming: macOS
ld: warning: no platform load command found in '/opt/intel/oneapi/compiler/2021.1.1/mac/bin/intel64/../../compiler/lib/libirc.a[4](irc_msg_support.o)', assuming: macOS
ld: warning: no platform load command found in '/opt/intel/oneapi/compiler/2021.1.1/mac/bin/intel64/../../compiler/lib/libirc.a[76](cpu_feature_disp.o)', assuming: macOS
ld: warning: no platform load command found in '/opt/intel/oneapi/compiler/2021.1.1/mac/bin/intel64/../../compiler/lib/libirc.a[95](proc_init_utils.o)', assuming: macOS
ld: warning: no platform load command found in '/opt/intel/oneapi/compiler/2021.1.1/mac/bin/intel64/../../compiler/lib/libirc.a[98](new_proc_init.o)', assuming: macOS
ld: warning: no platform load command found in '/opt/intel/oneapi/compiler/2021.1.1/mac/bin/intel64/../../compiler/lib/libirc.a[112](sse2_strlen.o)', assuming: macOS
ld: warning: no platform load command found in '/opt/intel/oneapi/compiler/2021.1.1/mac/bin/intel64/../../compiler/lib/libirc.a[113](sse2_strchr.o)', assuming: macOS
ld: warning: no platform load command found in '/opt/intel/oneapi/compiler/2021.1.1/mac/bin/intel64/../../compiler/lib/libirc.a[122](ssse3_strncpy.o)', assuming: macOS
[100%] Built target neg_zla_vla_ptr_c11
</system-out>
	</testcase>
	<testcase name="neg_zla_vla_ptr_c11_0_fail" classname="neg_zla_vla_ptr_c11_0_fail" time="0.300849" status="run">
		<properties>
			<property name="cmake_labels" value="countof_ns;default"/>
		</properties>
		<system-out>Fail 0 desired=0 main(0, ...) /Users/leo/soft/my/countof_ns/tests/unit/tu_stub.c:neg_zla_vla_ptr.h:TU_UNIT for countof_ns.h:countof_ns() with C11&amp;VLA, C 201112L
</system-out>
	</testcase>
	<testcase name="_check_logs_config" classname="_check_logs_config" time="0.0424856" status="run">
		<properties>
			<property name="cmake_labels" value="default"/>
		</properties>
		<system-out>CL_TAG='default'
    CMAKE_C_COMPILER_ID='Intel'
    CMAKE_C_COMPILER_VERSION='2021.1.0.20201112'
    CMAKE_C_FLAGS='  -ferror-limit=9999 -DHAVE_ZERO_LENGTH_ARRAYS=1 -DHAVE_EMPTY_INITIALIZER=1 -DHAVE_EMPTY_STRUCTURE=1 -DHAVE_TYPEOF=1 -DHAVE___TYPEOF__=1 -DHAVE_VLA=1 -DERROR_ON_NEGATIVE_ARRAY_SIZE=1 -DERROR_ON_STRUCT_BIT_FIELD=1 -DERROR_ON_STRUCT_STATIC_ASSERT=1'
    TAC_WERROR=''
    CXX_ENABLED='FALSE'
    
</system-out>
	</testcase>
</testsuite>
