<?xml version="1.0" encoding="UTF-8"?>
<testsuite name="(empty)"
	tests="86"
	failures="4"
	disabled="0"
	skipped="28"
	hostname=""
	time="38"
	timestamp="2025-12-01T04:08:45"
	>
	<testcase name="pos__selftest" classname="pos__selftest" time="0.015777" status="run">
		<properties>
			<property name="cmake_labels" value="countof_ns;default"/>
		</properties>
		<system-out>Ok 1 TU_STATIC_ASSERT_AND_RETURN((1)=1, ...) Z:\soft\my\countof_ns\tests\unit\pos__selftest.h:pos__selftest.h:TU_UNIT for countof_ns.h:countof_ns(), C 201710L
</system-out>
	</testcase>
	<testcase name="pos__selftest_cxx" classname="pos__selftest_cxx" time="0.0146531" status="run">
		<properties>
			<property name="cmake_labels" value="countof_ns;default"/>
		</properties>
		<system-out>Ok 1 TU_STATIC_ASSERT_AND_RETURN((1)=1, ...) Z:\soft\my\countof_ns\tests\unit\pos__selftest.h:pos__selftest.h:TU_UNIT for countof_ns.h:countof_ns(), C++ 202400L
</system-out>
	</testcase>
	<testcase name="pos_array" classname="pos_array" time="0.0134674" status="run">
		<properties>
			<property name="cmake_labels" value="countof_ns;default"/>
		</properties>
		<system-out>Ok 1 TU_STATIC_ASSERT_AND_RETURN((1)=1, ...) Z:\soft\my\countof_ns\tests\unit\pos_array.h:pos_array.h:TU_UNIT for countof_ns.h:countof_ns(), C 201710L
</system-out>
	</testcase>
	<testcase name="pos_array_cxx" classname="pos_array_cxx" time="0.0131946" status="run">
		<properties>
			<property name="cmake_labels" value="countof_ns;default"/>
		</properties>
		<system-out>Ok 1 TU_STATIC_ASSERT_AND_RETURN((1)=1, ...) Z:\soft\my\countof_ns\tests\unit\pos_array.h:pos_array.h:TU_UNIT for countof_ns.h:countof_ns(), C++ 202400L
</system-out>
	</testcase>
	<testcase name="pos_cv_array" classname="pos_cv_array" time="0.0134561" status="run">
		<properties>
			<property name="cmake_labels" value="countof_ns;default"/>
		</properties>
		<system-out>Ok 1 TU_STATIC_ASSERT_AND_RETURN((1)=1, ...) Z:\soft\my\countof_ns\tests\unit\pos_cv_array.h:pos_cv_array.h:TU_UNIT for countof_ns.h:countof_ns(), C 201710L
</system-out>
	</testcase>
	<testcase name="pos_cv_array_cxx" classname="pos_cv_array_cxx" time="0.0138388" status="run">
		<properties>
			<property name="cmake_labels" value="countof_ns;default"/>
		</properties>
		<system-out>Ok 1 TU_STATIC_ASSERT_AND_RETURN((1)=1, ...) Z:\soft\my\countof_ns\tests\unit\pos_cv_array.h:pos_cv_array.h:TU_UNIT for countof_ns.h:countof_ns(), C++ 202400L
</system-out>
	</testcase>
	<testcase name="neg__selftest" classname="neg__selftest" time="0.491129" status="run">
		<properties>
			<property name="cmake_labels" value="countof_ns;default"/>
		</properties>
		<system-out>[  0%] Built target CounofNS
[100%] Building C object tests/unit/CMakeFiles/neg__selftest.dir/tu_stub.c.obj
tu_stub.c
Z:\soft\my\countof_ns\tests\unit\neg__selftest.h(12): error C2338: static_assert failed: '0'
NMAKE : fatal error U1077: "C:\Program Files\Microsoft Visual Studio\2022\Community\Common7\IDE\CommonExtensions\Microsoft\CMake\CMake\bin\cmake.exe" -E cmake_cl_compile_depends --dep-file=CMakeFiles\neg__selftest.dir\tu_stub.c.obj.d --working-dir=Z:\soft\my\countof_ns\build\vs17.0-nmake\tests\unit --filter-prefix="[NON-UTF-8-BYTE-0xCF][NON-UTF-8-BYTE-0xF0][NON-UTF-8-BYTE-0xE8][NON-UTF-8-BYTE-0xEC][NON-UTF-8-BYTE-0xE5][NON-UTF-8-BYTE-0xF7][NON-UTF-8-BYTE-0xE0][NON-UTF-8-BYTE-0xED][NON-UTF-8-BYTE-0xE8][NON-UTF-8-BYTE-0xE5]: [NON-UTF-8-BYTE-0xE2][NON-UTF-8-BYTE-0xEA][NON-UTF-8-BYTE-0xEB][NON-UTF-8-BYTE-0xFE][NON-UTF-8-BYTE-0xF7][NON-UTF-8-BYTE-0xE5][NON-UTF-8-BYTE-0xED][NON-UTF-8-BYTE-0xE8][NON-UTF-8-BYTE-0xE5] [NON-UTF-8-BYTE-0xF4][NON-UTF-8-BYTE-0xE0][NON-UTF-8-BYTE-0xE9][NON-UTF-8-BYTE-0xEB][NON-UTF-8-BYTE-0xE0]:  " -- C:\PROGRA~1\MICROS~2\2022\COMMUN~1\VC\Tools\MSVC\1444~1.352\bin\Hostx64\x64\cl.exe @C:\Users\leo\AppData\Local\Temp\nmA7B7.tmp : [NON-UTF-8-BYTE-0xE2][NON-UTF-8-BYTE-0xEE][NON-UTF-8-BYTE-0xE7][NON-UTF-8-BYTE-0xE2][NON-UTF-8-BYTE-0xF0][NON-UTF-8-BYTE-0xE0][NON-UTF-8-BYTE-0xF9][NON-UTF-8-BYTE-0xE5][NON-UTF-8-BYTE-0xED][NON-UTF-8-BYTE-0xED][NON-UTF-8-BYTE-0xFB][NON-UTF-8-BYTE-0xE9] [NON-UTF-8-BYTE-0xEA][NON-UTF-8-BYTE-0xEE][NON-UTF-8-BYTE-0xE4] "0x2"
Stop.
NMAKE : fatal error U1077: "C:\Program Files\Microsoft Visual Studio\2022\Community\VC\Tools\MSVC\14.44.35207\bin\HostX64\x64\nmake.exe" -s -f tests\unit\CMakeFiles\neg__selftest.dir\build.make /nologo -SL                 tests\unit\CMakeFiles\neg__selftest.dir\build : [NON-UTF-8-BYTE-0xE2][NON-UTF-8-BYTE-0xEE][NON-UTF-8-BYTE-0xE7][NON-UTF-8-BYTE-0xE2][NON-UTF-8-BYTE-0xF0][NON-UTF-8-BYTE-0xE0][NON-UTF-8-BYTE-0xF9][NON-UTF-8-BYTE-0xE5][NON-UTF-8-BYTE-0xED][NON-UTF-8-BYTE-0xED][NON-UTF-8-BYTE-0xFB][NON-UTF-8-BYTE-0xE9] [NON-UTF-8-BYTE-0xEA][NON-UTF-8-BYTE-0xEE][NON-UTF-8-BYTE-0xE4] "0x2"
Stop.
NMAK...
[This part of the test output was removed since it exceeds the threshold of 1024 bytes.]
</system-out>
	</testcase>
	<testcase name="neg__selftest_0_fail" classname="neg__selftest_0_fail" time="0.0307915" status="notrun">
		<skipped message="SKIP_RETURN_CODE=42"/>
		<properties>
			<property name="cmake_labels" value="countof_ns;default"/>
		</properties>
		<system-out></system-out>
	</testcase>
	<testcase name="neg__selftest_cxx" classname="neg__selftest_cxx" time="0.500071" status="run">
		<properties>
			<property name="cmake_labels" value="countof_ns;default"/>
		</properties>
		<system-out>[  0%] Built target CounofNS
[ 50%] Building CXX object tests/unit/CMakeFiles/neg__selftest_cxx.dir/tu_stub_cxx.cpp.obj
tu_stub_cxx.cpp
Z:\soft\my\countof_ns\tests\unit\neg__selftest.h(12): error C2338: static_assert failed: '0'
NMAKE : fatal error U1077: "C:\Program Files\Microsoft Visual Studio\2022\Community\Common7\IDE\CommonExtensions\Microsoft\CMake\CMake\bin\cmake.exe" -E cmake_cl_compile_depends --dep-file=CMakeFiles\neg__selftest_cxx.dir\tu_stub_cxx.cpp.obj.d --working-dir=Z:\soft\my\countof_ns\build\vs17.0-nmake\tests\unit --filter-prefix="[NON-UTF-8-BYTE-0xCF][NON-UTF-8-BYTE-0xF0][NON-UTF-8-BYTE-0xE8][NON-UTF-8-BYTE-0xEC][NON-UTF-8-BYTE-0xE5][NON-UTF-8-BYTE-0xF7][NON-UTF-8-BYTE-0xE0][NON-UTF-8-BYTE-0xED][NON-UTF-8-BYTE-0xE8][NON-UTF-8-BYTE-0xE5]: [NON-UTF-8-BYTE-0xE2][NON-UTF-8-BYTE-0xEA][NON-UTF-8-BYTE-0xEB][NON-UTF-8-BYTE-0xFE][NON-UTF-8-BYTE-0xF7][NON-UTF-8-BYTE-0xE5][NON-UTF-8-BYTE-0xED][NON-UTF-8-BYTE-0xE8][NON-UTF-8-BYTE-0xE5] [NON-UTF-8-BYTE-0xF4][NON-UTF-8-BYTE-0xE0][NON-UTF-8-BYTE-0xE9][NON-UTF-8-BYTE-0xEB][NON-UTF-8-BYTE-0xE0]:  " -- C:\PROGRA~1\MICROS~2\2022\COMMUN~1\VC\Tools\MSVC\1444~1.352\bin\Hostx64\x64\cl.exe @C:\Users\leo\AppData\Local\Temp\nmA9CA.tmp : [NON-UTF-8-BYTE-0xE2][NON-UTF-8-BYTE-0xEE][NON-UTF-8-BYTE-0xE7][NON-UTF-8-BYTE-0xE2][NON-UTF-8-BYTE-0xF0][NON-UTF-8-BYTE-0xE0][NON-UTF-8-BYTE-0xF9][NON-UTF-8-BYTE-0xE5][NON-UTF-8-BYTE-0xED][NON-UTF-8-BYTE-0xED][NON-UTF-8-BYTE-0xFB][NON-UTF-8-BYTE-0xE9] [NON-UTF-8-BYTE-0xEA][NON-UTF-8-BYTE-0xEE][NON-UTF-8-BYTE-0xE4] "0x2"
Stop.
NMAKE : fatal error U1077: "C:\Program Files\Microsoft Visual Studio\2022\Community\VC\Tools\MSVC\14.44.35207\bin\HostX64\x64\nmake.exe" -s -f tests\unit\CMakeFiles\neg__selftest_cxx.dir\build.make /nologo -SL                 tests\unit\CMakeFiles\neg__selftest_cxx.dir\build...
[This part of the test output was removed since it exceeds the threshold of 1024 bytes.]
</system-out>
	</testcase>
	<testcase name="neg__selftest_cxx_0_fail" classname="neg__selftest_cxx_0_fail" time="0.037478" status="notrun">
		<skipped message="SKIP_RETURN_CODE=42"/>
		<properties>
			<property name="cmake_labels" value="countof_ns;default"/>
		</properties>
		<system-out></system-out>
	</testcase>
	<testcase name="neg_cv_ptr" classname="neg_cv_ptr" time="0.530591" status="run">
		<properties>
			<property name="cmake_labels" value="countof_ns;default"/>
		</properties>
		<system-out>[  0%] Built target CounofNS
[ 50%] Building C object tests/unit/CMakeFiles/neg_cv_ptr.dir/tu_stub.c.obj
tu_stub.c
Z:\soft\my\countof_ns\tests\unit\neg_cv_ptr.h(4): error C2118: отрицательный индекс
Z:\soft\my\countof_ns\tests\unit\neg_cv_ptr.h(4): error C2148: общий размер массива не должен превышать 0x7fffffff байт
Z:\soft\my\countof_ns\tests\unit\neg_cv_ptr.h(4): warning C4034: sizeof возвращает 0
NMAKE : fatal error U1077: "C:\Program Files\Microsoft Visual Studio\2022\Community\Common7\IDE\CommonExtensions\Microsoft\CMake\CMake\bin\cmake.exe" -E cmake_cl_compile_depends --dep-file=CMakeFiles\neg_cv_ptr.dir\tu_stub.c.obj.d --working-dir=Z:\soft\my\countof_ns\build\vs17.0-nmake\tests\unit --filter-prefix="[NON-UTF-8-BYTE-0xCF][NON-UTF-8-BYTE-0xF0][NON-UTF-8-BYTE-0xE8][NON-UTF-8-BYTE-0xEC][NON-UTF-8-BYTE-0xE5][NON-UTF-8-BYTE-0xF7][NON-UTF-8-BYTE-0xE0][NON-UTF-8-BYTE-0xED][NON-UTF-8-BYTE-0xE8][NON-UTF-8-BYTE-0xE5]: [NON-UTF-8-BYTE-0xE2][NON-UTF-8-BYTE-0xEA][NON-UTF-8-BYTE-0xEB][NON-UTF-8-BYTE-0xFE][NON-UTF-8-BYTE-0xF7][NON-UTF-8-BYTE-0xE5][NON-UTF-8-BYTE-0xED][NON-UTF-8-BYTE-0xE8][NON-UTF-8-BYTE-0xE5] [NON-UTF-8-BYTE-0xF4][NON-UTF-8-BYTE-0xE0][NON-UTF-8-BYTE-0xE9][NON-UTF-8-BYTE-0xEB][NON-UTF-8-BYTE-0xE0]:  " -- C:\PROGRA~1\MICROS~2\2022\COMMUN~1\VC\Tools\MSVC\1444~1.352\bin\Hostx64\x64\cl.exe @C:\Users\leo\AppData\Local\Temp\nmAC1C.tmp : [NON-UTF-8-BYTE-0xE2][NON-UTF-8-BYTE-0xEE][NON-UTF-8-BYTE-0xE7][NON-UTF-8-BYTE-0xE2][NON-UTF-8-BYTE-0xF0][NON-UTF-8-BYTE-0xE0][NON-UTF-8-BYTE-0xF9][NON-UTF-8-BYTE-0xE5][NON-UTF-8-BYTE-0xED][NON-UTF-8-BYTE-0xED][NON-UTF-8-BYTE-0xFB][NON-UTF-8-BYTE-0xE9] [NON-UTF-8-BYTE-0xEA][NON-UTF-8-BYTE-0xEE][NON-UTF-8-BYTE-0xE4] "0x2"
Stop.
NMAKE : fatal error U1077: "C:\Program Files\...
[This part of the test output was removed since it exceeds the threshold of 1024 bytes.]
</system-out>
	</testcase>
	<testcase name="neg_cv_ptr_0_fail" classname="neg_cv_ptr_0_fail" time="0.0298529" status="notrun">
		<skipped message="SKIP_RETURN_CODE=42"/>
		<properties>
			<property name="cmake_labels" value="countof_ns;default"/>
		</properties>
		<system-out></system-out>
	</testcase>
	<testcase name="neg_cv_ptr_cxx" classname="neg_cv_ptr_cxx" time="0.52458" status="run">
		<properties>
			<property name="cmake_labels" value="countof_ns;default"/>
		</properties>
		<system-out>[  0%] Built target CounofNS
[ 50%] Building CXX object tests/unit/CMakeFiles/neg_cv_ptr_cxx.dir/tu_stub_cxx.cpp.obj
tu_stub_cxx.cpp
Z:\soft\my\countof_ns\include\countof_ns.h(107): error C2338: static_assert failed: 'Argument must be zero-length array'
Z:\soft\my\countof_ns\include\countof_ns.h(107): note: контекст создания экземпляра шаблона (сначала самый старый)
Z:\soft\my\countof_ns\tests\unit\neg_cv_ptr.h(4): note: выполняется компиляция ссылки на экземпляр шаблон функции "size_t _countof_ns_aux&lt;8,4,volatile const int*&gt;(const T &amp;) noexcept"
        with
        [
            T=volatile const int *
        ]
NMAKE : fatal error U1077: "C:\Program Files\Microsoft Visual Studio\2022\Community\Common7\IDE\CommonExtensions\Microsoft\CMake\CMake\bin\cmake.exe" -E cmake_cl_compile_depends --dep-file=CMakeFiles\neg_cv_ptr_cxx.dir\tu_stub_cxx.cpp.obj.d --working-dir=Z:\soft\my\countof_ns\build\vs17.0-nmake\tests...
[This part of the test output was removed since it exceeds the threshold of 1024 bytes.]
</system-out>
	</testcase>
	<testcase name="neg_cv_ptr_cxx_0_fail" classname="neg_cv_ptr_cxx_0_fail" time="0.0279727" status="notrun">
		<skipped message="SKIP_RETURN_CODE=42"/>
		<properties>
			<property name="cmake_labels" value="countof_ns;default"/>
		</properties>
		<system-out></system-out>
	</testcase>
	<testcase name="neg_other" classname="neg_other" time="0.491241" status="run">
		<properties>
			<property name="cmake_labels" value="countof_ns;default"/>
		</properties>
		<system-out>[  0%] Built target CounofNS
[100%] Building C object tests/unit/CMakeFiles/neg_other.dir/tu_stub.c.obj
tu_stub.c
Z:\soft\my\countof_ns\tests\unit\neg_other.h(4): error C2100: нельзя разыменовать операнд типа "int"
Z:\soft\my\countof_ns\tests\unit\neg_other.h(4): error C2118: отрицательный индекс
Z:\soft\my\countof_ns\tests\unit\neg_other.h(4): error C2148: общий размер массива не должен превышать 0x7fffffff байт
Z:\soft\my\countof_ns\tests\unit\neg_other.h(4): warning C4034: sizeof возвращает 0
NMAKE : fatal error U1077: "C:\Program Files\Microsoft Visual Studio\2022\Community\Common7\IDE\CommonExtensions\Microsoft\CMake\CMake\bin\cmake.exe" -E cmake_cl_compile_depends --dep-file=CMakeFiles\neg_other.dir\tu_stub.c.obj.d --working-dir=Z:\soft\my\countof_ns\build\vs17.0-nmake\tests\unit --filter-prefix="[NON-UTF-8-BYTE-0xCF][NON-UTF-8-BYTE-0xF0][NON-UTF-8-BYTE-0xE8][NON-UTF-8-BYTE-0xEC][NON-UTF-8-BYTE-0xE5][NON-UTF-8-BYTE-0xF7][NON-UTF-8-BYTE-0xE0][NON-UTF-8-BYTE-0xED][NON-UTF-8-BYTE-0xE8][NON-UTF-8-BYTE-0xE5]: [NON-UTF-8-BYTE-0xE2][NON-UTF-8-BYTE-0xEA][NON-UTF-8-BYTE-0xEB][NON-UTF-8-BYTE-0xFE][NON-UTF-8-BYTE-0xF7][NON-UTF-8-BYTE-0xE5][NON-UTF-8-BYTE-0xED][NON-UTF-8-BYTE-0xE8][NON-UTF-8-BYTE-0xE5] [NON-UTF-8-BYTE-0xF4][NON-UTF-8-BYTE-0xE0][NON-UTF-8-BYTE-0xE9][NON-UTF-8-BYTE-0xEB][NON-UTF-8-BYTE-0xE0]:  " -- C:\PROGRA~1\MICROS~2\2022\COMMUN~1\VC\Tools\MSVC\1444~1.352\bin\Hostx64\x64\cl...
[This part of the test output was removed since it exceeds the threshold of 1024 bytes.]
</system-out>
	</testcase>
	<testcase name="neg_other_0_fail" classname="neg_other_0_fail" time="0.028479" status="notrun">
		<skipped message="SKIP_RETURN_CODE=42"/>
		<properties>
			<property name="cmake_labels" value="countof_ns;default"/>
		</properties>
		<system-out></system-out>
	</testcase>
	<testcase name="neg_other_cxx" classname="neg_other_cxx" time="0.544386" status="run">
		<properties>
			<property name="cmake_labels" value="countof_ns;default"/>
		</properties>
		<system-out>[  0%] Built target CounofNS
[ 50%] Building CXX object tests/unit/CMakeFiles/neg_other_cxx.dir/tu_stub_cxx.cpp.obj
tu_stub_cxx.cpp
Z:\soft\my\countof_ns\tests\unit\neg_other.h(4): error C2100: нельзя разыменовать операнд типа "int"
NMAKE : fatal error U1077: "C:\Program Files\Microsoft Visual Studio\2022\Community\Common7\IDE\CommonExtensions\Microsoft\CMake\CMake\bin\cmake.exe" -E cmake_cl_compile_depends --dep-file=CMakeFiles\neg_other_cxx.dir\tu_stub_cxx.cpp.obj.d --working-dir=Z:\soft\my\countof_ns\build\vs17.0-nmake\tests\unit --filter-prefix="[NON-UTF-8-BYTE-0xCF][NON-UTF-8-BYTE-0xF0][NON-UTF-8-BYTE-0xE8][NON-UTF-8-BYTE-0xEC][NON-UTF-8-BYTE-0xE5][NON-UTF-8-BYTE-0xF7][NON-UTF-8-BYTE-0xE0][NON-UTF-8-BYTE-0xED][NON-UTF-8-BYTE-0xE8][NON-UTF-8-BYTE-0xE5]: [NON-UTF-8-BYTE-0xE2][NON-UTF-8-BYTE-0xEA][NON-UTF-8-BYTE-0xEB][NON-UTF-8-BYTE-0xFE][NON-UTF-8-BYTE-0xF7][NON-UTF-8-BYTE-0xE5][NON-UTF-8-BYTE-0xED][NON-UTF-8-BYTE-0xE8][NON-UTF-8-BYTE-0xE5] [NON-UTF-8-BYTE-0xF4][NON-UTF-8-BYTE-0xE0][NON-UTF-8-BYTE-0xE9][NON-UTF-8-BYTE-0xEB][NON-UTF-8-BYTE-0xE0]:  " -- C:\PROGRA~1\MICROS~2\2022\COMMUN~1\VC\Tools\MSVC\1444~1.352\bin\Hostx64\x64\cl.exe @C:\Users\leo\AppData\Local\Temp\nmB285.tmp : [NON-UTF-8-BYTE-0xE2][NON-UTF-8-BYTE-0xEE][NON-UTF-8-BYTE-0xE7][NON-UTF-8-BYTE-0xE2][NON-UTF-8-BYTE-0xF0][NON-UTF-8-BYTE-0xE0][NON-UTF-8-BYTE-0xF9][NON-UTF-8-BYTE-0xE5][NON-UTF-8-BYTE-0xED][NON-UTF-8-BYTE-0xED][NON-UTF-8-BYTE-0xFB][NON-UTF-8-BYTE-0xE9] [NON-UTF-8-BYTE-0xEA][NON-UTF-8-BYTE-0xEE][NON-UTF-8-BYTE-0xE4] "0x2"
Stop.
NMAKE : fatal error U1077: "C:\Program Files\Microsoft Visual Studio\2022\Community\VC\Tools\MSVC\14.44.35207\bin\HostX64\x64\nmake.exe" -s -f tests\unit\CMakeFiles\neg_other_cxx.dir\build.make /nologo -SL                 tests\unit\CMakeFiles\ne...
[This part of the test output was removed since it exceeds the threshold of 1024 bytes.]
</system-out>
	</testcase>
	<testcase name="neg_other_cxx_0_fail" classname="neg_other_cxx_0_fail" time="0.0565875" status="notrun">
		<skipped message="SKIP_RETURN_CODE=42"/>
		<properties>
			<property name="cmake_labels" value="countof_ns;default"/>
		</properties>
		<system-out></system-out>
	</testcase>
	<testcase name="neg_ptr" classname="neg_ptr" time="0.580952" status="run">
		<properties>
			<property name="cmake_labels" value="countof_ns;default"/>
		</properties>
		<system-out>[  0%] Built target CounofNS
[ 50%] Building C object tests/unit/CMakeFiles/neg_ptr.dir/tu_stub.c.obj
tu_stub.c
Z:\soft\my\countof_ns\tests\unit\neg_ptr.h(6): error C2118: отрицательный индекс
Z:\soft\my\countof_ns\tests\unit\neg_ptr.h(6): error C2148: общий размер массива не должен превышать 0x7fffffff байт
Z:\soft\my\countof_ns\tests\unit\neg_ptr.h(6): warning C4034: sizeof возвращает 0
Z:\soft\my\countof_ns\tests\unit\neg_ptr.h(7): error C2118: отрицательный индекс
Z:\soft\my\countof_ns\tests\unit\neg_ptr.h(7): error C2148: общий размер массива не должен превышать 0x7fffffff байт
Z:\soft\my\countof_ns\tests\unit\neg_ptr.h(7): warning C4034: sizeof возвращает 0
NMAKE : fatal error U1077: "C:\Program Files\Microsoft Visual Studio\2022\Community\Common7\IDE\CommonExtensions\Microsoft\CMake\CMake\bin\cmake.exe" -E cmake_cl_compile_depends --dep-file=CMakeFiles\neg_ptr.dir\tu_s...
[This part of the test output was removed since it exceeds the threshold of 1024 bytes.]
</system-out>
	</testcase>
	<testcase name="neg_ptr_0_fail" classname="neg_ptr_0_fail" time="0.0544271" status="notrun">
		<skipped message="SKIP_RETURN_CODE=42"/>
		<properties>
			<property name="cmake_labels" value="countof_ns;default"/>
		</properties>
		<system-out></system-out>
	</testcase>
	<testcase name="neg_ptr_cxx" classname="neg_ptr_cxx" time="0.537473" status="run">
		<properties>
			<property name="cmake_labels" value="countof_ns;default"/>
		</properties>
		<system-out>[  0%] Built target CounofNS
[ 50%] Building CXX object tests/unit/CMakeFiles/neg_ptr_cxx.dir/tu_stub_cxx.cpp.obj
tu_stub_cxx.cpp
Z:\soft\my\countof_ns\include\countof_ns.h(107): error C2338: static_assert failed: 'Argument must be zero-length array'
Z:\soft\my\countof_ns\include\countof_ns.h(107): note: контекст создания экземпляра шаблона (сначала самый старый)
Z:\soft\my\countof_ns\tests\unit\neg_ptr.h(6): note: выполняется компиляция ссылки на экземпляр шаблон функции "size_t _countof_ns_aux&lt;8,4,int*&gt;(const T &amp;) noexcept"
        with
        [
            T=int *
        ]
NMAKE : fatal error U1077: "C:\Program Files\Microsoft Visual Studio\2022\Community\Common7\IDE\CommonExtensions\Microsoft\CMake\CMake\bin\cmake.exe" -E cmake_cl_compile_depends --dep-file=CMakeFiles\neg_ptr_cxx.dir\tu_stub_cxx.cpp.obj.d --working-dir=Z:\soft\my\countof_ns\build\vs17.0-nmake\tests\unit --filter-prefix="[NON-UTF-8-BYTE-0xCF][NON-UTF-8-BYTE-0xF0][NON-UTF-8-BYTE-0xE8][NON-UTF-8-BYTE-0xEC][NON-UTF-8-BYTE-0xE5][NON-UTF-8-BYTE-0xF7][NON-UTF-8-BYTE-0xE0][NON-UTF-8-BYTE-0xED][NON-UTF-8-BYTE-0xE8][NON-UTF-8-BYTE-0xE5]: [NON-UTF-8-BYTE-0xE2][NON-UTF-8-BYTE-0xEA][NON-UTF-8-BYTE-0xEB][NON-UTF-8-BYTE-0xFE]...
[This part of the test output was removed since it exceeds the threshold of 1024 bytes.]
</system-out>
	</testcase>
	<testcase name="neg_ptr_cxx_0_fail" classname="neg_ptr_cxx_0_fail" time="0.0280678" status="notrun">
		<skipped message="SKIP_RETURN_CODE=42"/>
		<properties>
			<property name="cmake_labels" value="countof_ns;default"/>
		</properties>
		<system-out></system-out>
	</testcase>
	<testcase name="std_size-pos__selftest_cxx" classname="std_size-pos__selftest_cxx" time="1.40022" status="run">
		<properties>
			<property name="cmake_labels" value="std_size"/>
		</properties>
		<system-out>Internal cmake changing into directory: Z:/soft/my/countof_ns/build/vs17.0-nmake
Change Dir: 'Z:/soft/my/countof_ns/build/vs17.0-nmake'

Run Build Command(s): nmake -f Makefile /nologo std_size-pos__selftest_cxx
[  0%] Built target CounofNS
[ 50%] Building CXX object tests/unit/CMakeFiles/std_size-pos__selftest_cxx.dir/tu_stub_cxx.cpp.obj
tu_stub_cxx.cpp
[100%] Linking CXX executable std_size-pos__selftest_cxx.exe
[100%] Built target std_size-pos__selftest_cxx

Running test command: "Z:/soft/my/countof_ns/build/vs17.0-nmake/tests/unit/std_size-pos__selftest_cxx.exe"
Ok 1 TU_STATIC_ASSERT_AND_RETURN((1)=1, ...) Z:\soft\my\countof_ns\tests\unit\pos__selftest.h:pos__selftest.h:TU_UNIT for _comparisons/std_size.h:std_size(), C++ 202400L

</system-out>
	</testcase>
	<testcase name="std_size-pos_array_cxx" classname="std_size-pos_array_cxx" time="1.3429" status="run">
		<properties>
			<property name="cmake_labels" value="std_size"/>
		</properties>
		<system-out>Internal cmake changing into directory: Z:/soft/my/countof_ns/build/vs17.0-nmake
Change Dir: 'Z:/soft/my/countof_ns/build/vs17.0-nmake'

Run Build Command(s): nmake -f Makefile /nologo std_size-pos_array_cxx
[  0%] Built target CounofNS
[ 50%] Building CXX object tests/unit/CMakeFiles/std_size-pos_array_cxx.dir/tu_stub_cxx.cpp.obj
tu_stub_cxx.cpp
[100%] Linking CXX executable std_size-pos_array_cxx.exe
[100%] Built target std_size-pos_array_cxx

Running test command: "Z:/soft/my/countof_ns/build/vs17.0-nmake/tests/unit/std_size-pos_array_cxx.exe"
Ok 1 TU_STATIC_ASSERT_AND_RETURN((1)=1, ...) Z:\soft\my\countof_ns\tests\unit\pos_array.h:pos_array.h:TU_UNIT for _comparisons/std_size.h:std_size(), C++ 202400L

</system-out>
	</testcase>
	<testcase name="std_size-pos_cv_array_cxx" classname="std_size-pos_cv_array_cxx" time="1.33063" status="run">
		<properties>
			<property name="cmake_labels" value="std_size"/>
		</properties>
		<system-out>Internal cmake changing into directory: Z:/soft/my/countof_ns/build/vs17.0-nmake
Change Dir: 'Z:/soft/my/countof_ns/build/vs17.0-nmake'

Run Build Command(s): nmake -f Makefile /nologo std_size-pos_cv_array_cxx
[  0%] Built target CounofNS
[ 50%] Building CXX object tests/unit/CMakeFiles/std_size-pos_cv_array_cxx.dir/tu_stub_cxx.cpp.obj
tu_stub_cxx.cpp
[100%] Linking CXX executable std_size-pos_cv_array_cxx.exe
[100%] Built target std_size-pos_cv_array_cxx

Running test command: "Z:/soft/my/countof_ns/build/vs17.0-nmake/tests/unit/std_size-pos_cv_array_cxx.exe"
Ok 1 TU_STATIC_ASSERT_AND_RETURN((1)=1, ...) Z:\soft\my\countof_ns\tests\unit\pos_cv_array.h:pos_cv_array.h:TU_UNIT for _comparisons/std_size.h:std_size(), C++ 202400L

</system-out>
	</testcase>
	<testcase name="std_size-neg__selftest_cxx" classname="std_size-neg__selftest_cxx" time="0.871227" status="run">
		<properties>
			<property name="cmake_labels" value="std_size"/>
		</properties>
		<system-out>[  0%] Built target CounofNS
[ 50%] Building CXX object tests/unit/CMakeFiles/std_size-neg__selftest_cxx.dir/tu_stub_cxx.cpp.obj
tu_stub_cxx.cpp
Z:\soft\my\countof_ns\tests\unit\neg__selftest.h(12): error C2338: static_assert failed: '0'
NMAKE : fatal error U1077: "C:\Program Files\Microsoft Visual Studio\2022\Community\Common7\IDE\CommonExtensions\Microsoft\CMake\CMake\bin\cmake.exe" -E cmake_cl_compile_depends --dep-file=CMakeFiles\std_size-neg__selftest_cxx.dir\tu_stub_cxx.cpp.obj.d --working-dir=Z:\soft\my\countof_ns\build\vs17.0-nmake\tests\unit --filter-prefix="[NON-UTF-8-BYTE-0xCF][NON-UTF-8-BYTE-0xF0][NON-UTF-8-BYTE-0xE8][NON-UTF-8-BYTE-0xEC][NON-UTF-8-BYTE-0xE5][NON-UTF-8-BYTE-0xF7][NON-UTF-8-BYTE-0xE0][NON-UTF-8-BYTE-0xED][NON-UTF-8-BYTE-0xE8][NON-UTF-8-BYTE-0xE5]: [NON-UTF-8-BYTE-0xE2][NON-UTF-8-BYTE-0xEA][NON-UTF-8-BYTE-0xEB][NON-UTF-8-BYTE-0xFE][NON-UTF-8-BYTE-0xF7][NON-UTF-8-BYTE-0xE5][NON-UTF-8-BYTE-0xED][NON-UTF-8-BYTE-0xE8][NON-UTF-8-BYTE-0xE5] [NON-UTF-8-BYTE-0xF4][NON-UTF-8-BYTE-0xE0][NON-UTF-8-BYTE-0xE9][NON-UTF-8-BYTE-0xEB][NON-UTF-8-BYTE-0xE0]:  " -- C:\PROGRA~1\MICROS~2\2022\COMMUN~1\VC\Tools\MSVC\1444~1.352\bin\Hostx64\x64\cl.exe @C:\Users\leo\AppData\Local\Temp\nmC978.tmp : [NON-UTF-8-BYTE-0xE2][NON-UTF-8-BYTE-0xEE][NON-UTF-8-BYTE-0xE7][NON-UTF-8-BYTE-0xE2][NON-UTF-8-BYTE-0xF0][NON-UTF-8-BYTE-0xE0][NON-UTF-8-BYTE-0xF9][NON-UTF-8-BYTE-0xE5][NON-UTF-8-BYTE-0xED][NON-UTF-8-BYTE-0xED][NON-UTF-8-BYTE-0xFB][NON-UTF-8-BYTE-0xE9] [NON-UTF-8-BYTE-0xEA][NON-UTF-8-BYTE-0xEE][NON-UTF-8-BYTE-0xE4] "0x2"
Stop.
NMAKE : fatal error U1077: "C:\Program Files\Microsoft Visual Studio\2022\Community\VC\Tools\MSVC\14.44.35207\bin\HostX64\x64\nmake.exe" -s -f tests\unit\CMakeFiles\std_size-neg__selftest_cxx.dir\build.make /nologo -SL                 tests\unit\CMakeFiles\...
[This part of the test output was removed since it exceeds the threshold of 1024 bytes.]
</system-out>
	</testcase>
	<testcase name="std_size-neg__selftest_cxx_0_fail" classname="std_size-neg__selftest_cxx_0_fail" time="0.0321699" status="notrun">
		<skipped message="SKIP_RETURN_CODE=42"/>
		<properties>
			<property name="cmake_labels" value="std_size"/>
		</properties>
		<system-out></system-out>
	</testcase>
	<testcase name="std_size-neg_cv_ptr_cxx" classname="std_size-neg_cv_ptr_cxx" time="0.870197" status="run">
		<properties>
			<property name="cmake_labels" value="std_size"/>
		</properties>
		<system-out>[  0%] Built target CounofNS
[ 50%] Building CXX object tests/unit/CMakeFiles/std_size-neg_cv_ptr_cxx.dir/tu_stub_cxx.cpp.obj
tu_stub_cxx.cpp
Z:\soft\my\countof_ns\tests\unit\neg_cv_ptr.h(4): error C2672: "std::size": не найдена соответствующая перегруженная функция
C:\Program Files\Microsoft Visual Studio\2022\Community\VC\Tools\MSVC\14.44.35207\include\xutility(2112): note: может быть "size_t std::size(const _Ty (&amp;)[_Size]) noexcept"
Z:\soft\my\countof_ns\tests\unit\neg_cv_ptr.h(4): note: 'size_t std::size(const _Ty (&amp;)[_Size]) noexcept': не удалось вывести аргумент шаблон для 'const _Ty (&amp;)[_Size]' из 'volatile const int *'
C:\Program Files\Microsoft Visual Studio\2022\Community\VC\Tools\MSVC\14.44.35207\include\xutility(2106): note: или       "unknown-type std::size(const _Container &amp;) noexcept(&lt;expr&gt;)"
Z:\soft\my\countof_ns\tests\unit\neg_cv_ptr.h(4): note: Сбой при специализации функции-...
[This part of the test output was removed since it exceeds the threshold of 1024 bytes.]
</system-out>
	</testcase>
	<testcase name="std_size-neg_cv_ptr_cxx_0_fail" classname="std_size-neg_cv_ptr_cxx_0_fail" time="0.0377078" status="notrun">
		<skipped message="SKIP_RETURN_CODE=42"/>
		<properties>
			<property name="cmake_labels" value="std_size"/>
		</properties>
		<system-out></system-out>
	</testcase>
	<testcase name="std_size-neg_other_cxx" classname="std_size-neg_other_cxx" time="0.854619" status="run">
		<properties>
			<property name="cmake_labels" value="std_size"/>
		</properties>
		<system-out>[  0%] Built target CounofNS
[100%] Building CXX object tests/unit/CMakeFiles/std_size-neg_other_cxx.dir/tu_stub_cxx.cpp.obj
tu_stub_cxx.cpp
Z:\soft\my\countof_ns\tests\unit\neg_other.h(4): error C2672: "std::size": не найдена соответствующая перегруженная функция
C:\Program Files\Microsoft Visual Studio\2022\Community\VC\Tools\MSVC\14.44.35207\include\xutility(2112): note: может быть "size_t std::size(const _Ty (&amp;)[_Size]) noexcept"
Z:\soft\my\countof_ns\tests\unit\neg_other.h(4): note: 'size_t std::size(const _Ty (&amp;)[_Size]) noexcept': не удалось вывести аргумент шаблон для 'const _Ty (&amp;)[_Size]' из 'int'
C:\Program Files\Microsoft Visual Studio\2022\Community\VC\Tools\MSVC\14.44.35207\include\xutility(2106): note: или       "unknown-type std::size(const _Container &amp;) noexcept(&lt;expr&gt;)"
Z:\soft\my\countof_ns\tests\unit\neg_other.h(4): note: Сбой при специализации функции-шаблона "unkno...
[This part of the test output was removed since it exceeds the threshold of 1024 bytes.]
</system-out>
	</testcase>
	<testcase name="std_size-neg_other_cxx_0_fail" classname="std_size-neg_other_cxx_0_fail" time="0.0307672" status="notrun">
		<skipped message="SKIP_RETURN_CODE=42"/>
		<properties>
			<property name="cmake_labels" value="std_size"/>
		</properties>
		<system-out></system-out>
	</testcase>
	<testcase name="std_size-neg_ptr_cxx" classname="std_size-neg_ptr_cxx" time="0.838296" status="run">
		<properties>
			<property name="cmake_labels" value="std_size"/>
		</properties>
		<system-out>[  0%] Built target CounofNS
[ 50%] Building CXX object tests/unit/CMakeFiles/std_size-neg_ptr_cxx.dir/tu_stub_cxx.cpp.obj
tu_stub_cxx.cpp
Z:\soft\my\countof_ns\tests\unit\neg_ptr.h(6): error C2672: "std::size": не найдена соответствующая перегруженная функция
C:\Program Files\Microsoft Visual Studio\2022\Community\VC\Tools\MSVC\14.44.35207\include\xutility(2112): note: может быть "size_t std::size(const _Ty (&amp;)[_Size]) noexcept"
Z:\soft\my\countof_ns\tests\unit\neg_ptr.h(6): note: 'size_t std::size(const _Ty (&amp;)[_Size]) noexcept': не удалось вывести аргумент шаблон для 'const _Ty (&amp;)[_Size]' из 'int *'
C:\Program Files\Microsoft Visual Studio\2022\Community\VC\Tools\MSVC\14.44.35207\include\xutility(2106): note: или       "unknown-type std::size(const _Container &amp;) noexcept(&lt;expr&gt;)"
Z:\soft\my\countof_ns\tests\unit\neg_ptr.h(6): note: Сбой при специализации функции-шаблона "unknown-typ...
[This part of the test output was removed since it exceeds the threshold of 1024 bytes.]
</system-out>
	</testcase>
	<testcase name="std_size-neg_ptr_cxx_0_fail" classname="std_size-neg_ptr_cxx_0_fail" time="0.030935" status="notrun">
		<skipped message="SKIP_RETURN_CODE=42"/>
		<properties>
			<property name="cmake_labels" value="std_size"/>
		</properties>
		<system-out></system-out>
	</testcase>
	<testcase name="JZMG_ARRAY_LEN-pos__selftest" classname="JZMG_ARRAY_LEN-pos__selftest" time="1.05088" status="run">
		<properties>
			<property name="cmake_labels" value="JZMG_ARRAY_LEN"/>
		</properties>
		<system-out>Internal cmake changing into directory: Z:/soft/my/countof_ns/build/vs17.0-nmake
Change Dir: 'Z:/soft/my/countof_ns/build/vs17.0-nmake'

Run Build Command(s): nmake -f Makefile /nologo JZMG_ARRAY_LEN-pos__selftest
[  0%] Built target CounofNS
[  0%] Building C object tests/unit/CMakeFiles/JZMG_ARRAY_LEN-pos__selftest.dir/tu_stub.c.obj
tu_stub.c
[100%] Linking C executable JZMG_ARRAY_LEN-pos__selftest.exe
[100%] Built target JZMG_ARRAY_LEN-pos__selftest

Running test command: "Z:/soft/my/countof_ns/build/vs17.0-nmake/tests/unit/JZMG_ARRAY_LEN-pos__selftest.exe"
Ok 1 TU_STATIC_ASSERT_AND_RETURN((1)=1, ...) Z:\soft\my\countof_ns\tests\unit\pos__selftest.h:pos__selftest.h:TU_UNIT for _comparisons/JZMG_ARRAY_LEN.h:JZMG_ARRAY_LEN(), C 201710L

</system-out>
	</testcase>
	<testcase name="JZMG_ARRAY_LEN-pos__selftest_cxx" classname="JZMG_ARRAY_LEN-pos__selftest_cxx" time="1.05157" status="run">
		<properties>
			<property name="cmake_labels" value="JZMG_ARRAY_LEN"/>
		</properties>
		<system-out>Internal cmake changing into directory: Z:/soft/my/countof_ns/build/vs17.0-nmake
Change Dir: 'Z:/soft/my/countof_ns/build/vs17.0-nmake'

Run Build Command(s): nmake -f Makefile /nologo JZMG_ARRAY_LEN-pos__selftest_cxx
[  0%] Built target CounofNS
[ 50%] Building CXX object tests/unit/CMakeFiles/JZMG_ARRAY_LEN-pos__selftest_cxx.dir/tu_stub_cxx.cpp.obj
tu_stub_cxx.cpp
[100%] Linking CXX executable JZMG_ARRAY_LEN-pos__selftest_cxx.exe
[100%] Built target JZMG_ARRAY_LEN-pos__selftest_cxx

Running test command: "Z:/soft/my/countof_ns/build/vs17.0-nmake/tests/unit/JZMG_ARRAY_LEN-pos__selftest_cxx.exe"
Ok 1 TU_STATIC_ASSERT_AND_RETURN((1)=1, ...) Z:\soft\my\countof_ns\tests\unit\pos__selftest.h:pos__selftest.h:TU_UNIT for _comparisons/JZMG_ARRAY_LEN.h:JZMG_ARRAY_LEN(), C++ 202400L

</system-out>
	</testcase>
	<testcase name="JZMG_ARRAY_LEN-pos_array" classname="JZMG_ARRAY_LEN-pos_array" time="0.942276" status="run">
		<properties>
			<property name="cmake_labels" value="JZMG_ARRAY_LEN"/>
		</properties>
		<system-out>Internal cmake changing into directory: Z:/soft/my/countof_ns/build/vs17.0-nmake
Change Dir: 'Z:/soft/my/countof_ns/build/vs17.0-nmake'

Run Build Command(s): nmake -f Makefile /nologo JZMG_ARRAY_LEN-pos_array
[  0%] Built target CounofNS
[ 50%] Building C object tests/unit/CMakeFiles/JZMG_ARRAY_LEN-pos_array.dir/tu_stub.c.obj
tu_stub.c
[100%] Linking C executable JZMG_ARRAY_LEN-pos_array.exe
[100%] Built target JZMG_ARRAY_LEN-pos_array

Running test command: "Z:/soft/my/countof_ns/build/vs17.0-nmake/tests/unit/JZMG_ARRAY_LEN-pos_array.exe"
Ok 1 TU_STATIC_ASSERT_AND_RETURN((1)=1, ...) Z:\soft\my\countof_ns\tests\unit\pos_array.h:pos_array.h:TU_UNIT for _comparisons/JZMG_ARRAY_LEN.h:JZMG_ARRAY_LEN(), C 201710L

</system-out>
	</testcase>
	<testcase name="JZMG_ARRAY_LEN-pos_array_cxx" classname="JZMG_ARRAY_LEN-pos_array_cxx" time="0.94896" status="run">
		<properties>
			<property name="cmake_labels" value="JZMG_ARRAY_LEN"/>
		</properties>
		<system-out>Internal cmake changing into directory: Z:/soft/my/countof_ns/build/vs17.0-nmake
Change Dir: 'Z:/soft/my/countof_ns/build/vs17.0-nmake'

Run Build Command(s): nmake -f Makefile /nologo JZMG_ARRAY_LEN-pos_array_cxx
[  0%] Built target CounofNS
[ 50%] Building CXX object tests/unit/CMakeFiles/JZMG_ARRAY_LEN-pos_array_cxx.dir/tu_stub_cxx.cpp.obj
tu_stub_cxx.cpp
[100%] Linking CXX executable JZMG_ARRAY_LEN-pos_array_cxx.exe
[100%] Built target JZMG_ARRAY_LEN-pos_array_cxx

Running test command: "Z:/soft/my/countof_ns/build/vs17.0-nmake/tests/unit/JZMG_ARRAY_LEN-pos_array_cxx.exe"
Ok 1 TU_STATIC_ASSERT_AND_RETURN((1)=1, ...) Z:\soft\my\countof_ns\tests\unit\pos_array.h:pos_array.h:TU_UNIT for _comparisons/JZMG_ARRAY_LEN.h:JZMG_ARRAY_LEN(), C++ 202400L

</system-out>
	</testcase>
	<testcase name="JZMG_ARRAY_LEN-pos_cv_array" classname="JZMG_ARRAY_LEN-pos_cv_array" time="0.94983" status="run">
		<properties>
			<property name="cmake_labels" value="JZMG_ARRAY_LEN"/>
		</properties>
		<system-out>Internal cmake changing into directory: Z:/soft/my/countof_ns/build/vs17.0-nmake
Change Dir: 'Z:/soft/my/countof_ns/build/vs17.0-nmake'

Run Build Command(s): nmake -f Makefile /nologo JZMG_ARRAY_LEN-pos_cv_array
[  0%] Built target CounofNS
[  0%] Building C object tests/unit/CMakeFiles/JZMG_ARRAY_LEN-pos_cv_array.dir/tu_stub.c.obj
tu_stub.c
[100%] Linking C executable JZMG_ARRAY_LEN-pos_cv_array.exe
[100%] Built target JZMG_ARRAY_LEN-pos_cv_array

Running test command: "Z:/soft/my/countof_ns/build/vs17.0-nmake/tests/unit/JZMG_ARRAY_LEN-pos_cv_array.exe"
Ok 1 TU_STATIC_ASSERT_AND_RETURN((1)=1, ...) Z:\soft\my\countof_ns\tests\unit\pos_cv_array.h:pos_cv_array.h:TU_UNIT for _comparisons/JZMG_ARRAY_LEN.h:JZMG_ARRAY_LEN(), C 201710L

</system-out>
	</testcase>
	<testcase name="JZMG_ARRAY_LEN-pos_cv_array_cxx" classname="JZMG_ARRAY_LEN-pos_cv_array_cxx" time="0.959314" status="run">
		<properties>
			<property name="cmake_labels" value="JZMG_ARRAY_LEN"/>
		</properties>
		<system-out>Internal cmake changing into directory: Z:/soft/my/countof_ns/build/vs17.0-nmake
Change Dir: 'Z:/soft/my/countof_ns/build/vs17.0-nmake'

Run Build Command(s): nmake -f Makefile /nologo JZMG_ARRAY_LEN-pos_cv_array_cxx
[  0%] Built target CounofNS
[ 50%] Building CXX object tests/unit/CMakeFiles/JZMG_ARRAY_LEN-pos_cv_array_cxx.dir/tu_stub_cxx.cpp.obj
tu_stub_cxx.cpp
[100%] Linking CXX executable JZMG_ARRAY_LEN-pos_cv_array_cxx.exe
[100%] Built target JZMG_ARRAY_LEN-pos_cv_array_cxx

Running test command: "Z:/soft/my/countof_ns/build/vs17.0-nmake/tests/unit/JZMG_ARRAY_LEN-pos_cv_array_cxx.exe"
Ok 1 TU_STATIC_ASSERT_AND_RETURN((1)=1, ...) Z:\soft\my\countof_ns\tests\unit\pos_cv_array.h:pos_cv_array.h:TU_UNIT for _comparisons/JZMG_ARRAY_LEN.h:JZMG_ARRAY_LEN(), C++ 202400L

</system-out>
	</testcase>
	<testcase name="JZMG_ARRAY_LEN-neg__selftest" classname="JZMG_ARRAY_LEN-neg__selftest" time="0.517516" status="run">
		<properties>
			<property name="cmake_labels" value="JZMG_ARRAY_LEN"/>
		</properties>
		<system-out>[  0%] Built target CounofNS
[  0%] Building C object tests/unit/CMakeFiles/JZMG_ARRAY_LEN-neg__selftest.dir/tu_stub.c.obj
tu_stub.c
Z:\soft\my\countof_ns\tests\unit\neg__selftest.h(12): error C2338: static_assert failed: '0'
NMAKE : fatal error U1077: "C:\Program Files\Microsoft Visual Studio\2022\Community\Common7\IDE\CommonExtensions\Microsoft\CMake\CMake\bin\cmake.exe" -E cmake_cl_compile_depends --dep-file=CMakeFiles\JZMG_ARRAY_LEN-neg__selftest.dir\tu_stub.c.obj.d --working-dir=Z:\soft\my\countof_ns\build\vs17.0-nmake\tests\unit --filter-prefix="[NON-UTF-8-BYTE-0xCF][NON-UTF-8-BYTE-0xF0][NON-UTF-8-BYTE-0xE8][NON-UTF-8-BYTE-0xEC][NON-UTF-8-BYTE-0xE5][NON-UTF-8-BYTE-0xF7][NON-UTF-8-BYTE-0xE0][NON-UTF-8-BYTE-0xED][NON-UTF-8-BYTE-0xE8][NON-UTF-8-BYTE-0xE5]: [NON-UTF-8-BYTE-0xE2][NON-UTF-8-BYTE-0xEA][NON-UTF-8-BYTE-0xEB][NON-UTF-8-BYTE-0xFE][NON-UTF-8-BYTE-0xF7][NON-UTF-8-BYTE-0xE5][NON-UTF-8-BYTE-0xED][NON-UTF-8-BYTE-0xE8][NON-UTF-8-BYTE-0xE5] [NON-UTF-8-BYTE-0xF4][NON-UTF-8-BYTE-0xE0][NON-UTF-8-BYTE-0xE9][NON-UTF-8-BYTE-0xEB][NON-UTF-8-BYTE-0xE0]:  " -- C:\PROGRA~1\MICROS~2\2022\COMMUN~1\VC\Tools\MSVC\1444~1.352\bin\Hostx64\x64\cl.exe @C:\Users\leo\AppData\Local\Temp\nmEEC3.tmp : [NON-UTF-8-BYTE-0xE2][NON-UTF-8-BYTE-0xEE][NON-UTF-8-BYTE-0xE7][NON-UTF-8-BYTE-0xE2][NON-UTF-8-BYTE-0xF0][NON-UTF-8-BYTE-0xE0][NON-UTF-8-BYTE-0xF9][NON-UTF-8-BYTE-0xE5][NON-UTF-8-BYTE-0xED][NON-UTF-8-BYTE-0xED][NON-UTF-8-BYTE-0xFB][NON-UTF-8-BYTE-0xE9] [NON-UTF-8-BYTE-0xEA][NON-UTF-8-BYTE-0xEE][NON-UTF-8-BYTE-0xE4] "0x2"
Stop.
NMAKE : fatal error U1077: "C:\Program Files\Microsoft Visual Studio\2022\Community\VC\Tools\MSVC\14.44.35207\bin\HostX64\x64\nmake.exe" -s -f tests\unit\CMakeFiles\JZMG_ARRAY_LEN-neg__selftest.dir\build.make /nologo -SL                 tests\unit\CMakeFiles\JZMG_ARRAY_LEN...
[This part of the test output was removed since it exceeds the threshold of 1024 bytes.]
</system-out>
	</testcase>
	<testcase name="JZMG_ARRAY_LEN-neg__selftest_0_fail" classname="JZMG_ARRAY_LEN-neg__selftest_0_fail" time="0.0326132" status="notrun">
		<skipped message="SKIP_RETURN_CODE=42"/>
		<properties>
			<property name="cmake_labels" value="JZMG_ARRAY_LEN"/>
		</properties>
		<system-out></system-out>
	</testcase>
	<testcase name="JZMG_ARRAY_LEN-neg__selftest_cxx" classname="JZMG_ARRAY_LEN-neg__selftest_cxx" time="0.529734" status="run">
		<properties>
			<property name="cmake_labels" value="JZMG_ARRAY_LEN"/>
		</properties>
		<system-out>[  0%] Built target CounofNS
[ 50%] Building CXX object tests/unit/CMakeFiles/JZMG_ARRAY_LEN-neg__selftest_cxx.dir/tu_stub_cxx.cpp.obj
tu_stub_cxx.cpp
Z:\soft\my\countof_ns\tests\unit\neg__selftest.h(12): error C2338: static_assert failed: '0'
NMAKE : fatal error U1077: "C:\Program Files\Microsoft Visual Studio\2022\Community\Common7\IDE\CommonExtensions\Microsoft\CMake\CMake\bin\cmake.exe" -E cmake_cl_compile_depends --dep-file=CMakeFiles\JZMG_ARRAY_LEN-neg__selftest_cxx.dir\tu_stub_cxx.cpp.obj.d --working-dir=Z:\soft\my\countof_ns\build\vs17.0-nmake\tests\unit --filter-prefix="[NON-UTF-8-BYTE-0xCF][NON-UTF-8-BYTE-0xF0][NON-UTF-8-BYTE-0xE8][NON-UTF-8-BYTE-0xEC][NON-UTF-8-BYTE-0xE5][NON-UTF-8-BYTE-0xF7][NON-UTF-8-BYTE-0xE0][NON-UTF-8-BYTE-0xED][NON-UTF-8-BYTE-0xE8][NON-UTF-8-BYTE-0xE5]: [NON-UTF-8-BYTE-0xE2][NON-UTF-8-BYTE-0xEA][NON-UTF-8-BYTE-0xEB][NON-UTF-8-BYTE-0xFE][NON-UTF-8-BYTE-0xF7][NON-UTF-8-BYTE-0xE5][NON-UTF-8-BYTE-0xED][NON-UTF-8-BYTE-0xE8][NON-UTF-8-BYTE-0xE5] [NON-UTF-8-BYTE-0xF4][NON-UTF-8-BYTE-0xE0][NON-UTF-8-BYTE-0xE9][NON-UTF-8-BYTE-0xEB][NON-UTF-8-BYTE-0xE0]:  " -- C:\PROGRA~1\MICROS~2\2022\COMMUN~1\VC\Tools\MSVC\1444~1.352\bin\Hostx64\x64\cl.exe @C:\Users\leo\AppData\Local\Temp\nmF0F5.tmp : [NON-UTF-8-BYTE-0xE2][NON-UTF-8-BYTE-0xEE][NON-UTF-8-BYTE-0xE7][NON-UTF-8-BYTE-0xE2][NON-UTF-8-BYTE-0xF0][NON-UTF-8-BYTE-0xE0][NON-UTF-8-BYTE-0xF9][NON-UTF-8-BYTE-0xE5][NON-UTF-8-BYTE-0xED][NON-UTF-8-BYTE-0xED][NON-UTF-8-BYTE-0xFB][NON-UTF-8-BYTE-0xE9] [NON-UTF-8-BYTE-0xEA][NON-UTF-8-BYTE-0xEE][NON-UTF-8-BYTE-0xE4] "0x2"
Stop.
NMAKE : fatal error U1077: "C:\Program Files\Microsoft Visual Studio\2022\Community\VC\Tools\MSVC\14.44.35207\bin\HostX64\x64\nmake.exe" -s -f tests\unit\CMakeFiles\JZMG_ARRAY_LEN-neg__selftest_cxx.dir\build.make /nologo -SL                 test...
[This part of the test output was removed since it exceeds the threshold of 1024 bytes.]
</system-out>
	</testcase>
	<testcase name="JZMG_ARRAY_LEN-neg__selftest_cxx_0_fail" classname="JZMG_ARRAY_LEN-neg__selftest_cxx_0_fail" time="0.0301715" status="notrun">
		<skipped message="SKIP_RETURN_CODE=42"/>
		<properties>
			<property name="cmake_labels" value="JZMG_ARRAY_LEN"/>
		</properties>
		<system-out></system-out>
	</testcase>
	<testcase name="JZMG_ARRAY_LEN-neg_cv_ptr" classname="JZMG_ARRAY_LEN-neg_cv_ptr" time="0.927822" status="fail">
		<failure message="Failed"/>
		<properties>
			<property name="cmake_labels" value="JZMG_ARRAY_LEN"/>
		</properties>
		<system-out>[  0%] Built target CounofNS
[ 50%] Building C object tests/unit/CMakeFiles/JZMG_ARRAY_LEN-neg_cv_ptr.dir/tu_stub.c.obj
tu_stub.c
Z:\soft\my\countof_ns\tests\unit\neg_cv_ptr.h(4): warning C4047: -: "volatile const int (**)[2]" отличается по уровням косвенного обращения от "volatile const int ***"
[100%] Linking C executable JZMG_ARRAY_LEN-neg_cv_ptr.exe
[100%] Built target JZMG_ARRAY_LEN-neg_cv_ptr
</system-out>
	</testcase>
	<testcase name="JZMG_ARRAY_LEN-neg_cv_ptr_0_fail" classname="JZMG_ARRAY_LEN-neg_cv_ptr_0_fail" time="0.0491601" status="notrun">
		<skipped message="SKIP_RETURN_CODE=42"/>
		<properties>
			<property name="cmake_labels" value="JZMG_ARRAY_LEN"/>
		</properties>
		<system-out></system-out>
	</testcase>
	<testcase name="JZMG_ARRAY_LEN-neg_cv_ptr_cxx" classname="JZMG_ARRAY_LEN-neg_cv_ptr_cxx" time="0.524951" status="run">
		<properties>
			<property name="cmake_labels" value="JZMG_ARRAY_LEN"/>
		</properties>
		<system-out>[  0%] Built target CounofNS
[ 50%] Building CXX object tests/unit/CMakeFiles/JZMG_ARRAY_LEN-neg_cv_ptr_cxx.dir/tu_stub_cxx.cpp.obj
tu_stub_cxx.cpp
Z:\soft\my\countof_ns\tests\unit\neg_cv_ptr.h(4): error C2672: "__array_len_aux&lt;8&gt;::match_only_array": не найдена соответствующая перегруженная функция
Z:\soft\my\countof_ns\include\_comparisons/JZMG_ARRAY_LEN.h(23): note: может быть "const char (&amp;__array_len_aux&lt;8&gt;::match_only_array(T (&amp;)[M]))[M]"
Z:\soft\my\countof_ns\tests\unit\neg_cv_ptr.h(4): note: 'const char (&amp;__array_len_aux&lt;8&gt;::match_only_array(T (&amp;)[M]))[M]': не удалось вывести аргумент шаблон для 'T (&amp;)[M]' из 'volatile const int *'
NMAKE : fatal error U1077: "C:\Program Files\Microsoft Visual Studio\2022\Community\Common7\IDE\CommonExtensions\Microsoft\CMake\CMake\bin\cmake.exe" -E cmake_cl_compile_depends --dep-file=CMakeFiles\JZMG_ARRAY_LEN-neg_cv_ptr_cxx.dir\tu_stub_cxx.cpp.obj.d --working-dir=Z:\soft\my\countof_...
[This part of the test output was removed since it exceeds the threshold of 1024 bytes.]
</system-out>
	</testcase>
	<testcase name="JZMG_ARRAY_LEN-neg_cv_ptr_cxx_0_fail" classname="JZMG_ARRAY_LEN-neg_cv_ptr_cxx_0_fail" time="0.0314342" status="notrun">
		<skipped message="SKIP_RETURN_CODE=42"/>
		<properties>
			<property name="cmake_labels" value="JZMG_ARRAY_LEN"/>
		</properties>
		<system-out></system-out>
	</testcase>
	<testcase name="JZMG_ARRAY_LEN-neg_other" classname="JZMG_ARRAY_LEN-neg_other" time="0.524022" status="run">
		<properties>
			<property name="cmake_labels" value="JZMG_ARRAY_LEN"/>
		</properties>
		<system-out>[  0%] Built target CounofNS
[  0%] Building C object tests/unit/CMakeFiles/JZMG_ARRAY_LEN-neg_other.dir/tu_stub.c.obj
tu_stub.c
Z:\soft\my\countof_ns\tests\unit\neg_other.h(4): error C2100: нельзя разыменовать операнд типа "int"
Z:\soft\my\countof_ns\tests\unit\neg_other.h(4): warning C4047: -: "int (**)[1]" отличается по уровням косвенного обращения от "int **"
NMAKE : fatal error U1077: "C:\Program Files\Microsoft Visual Studio\2022\Community\Common7\IDE\CommonExtensions\Microsoft\CMake\CMake\bin\cmake.exe" -E cmake_cl_compile_depends --dep-file=CMakeFiles\JZMG_ARRAY_LEN-neg_other.dir\tu_stub.c.obj.d --working-dir=Z:\soft\my\countof_ns\build\vs17.0-nmake\tests\unit --filter-prefix="[NON-UTF-8-BYTE-0xCF][NON-UTF-8-BYTE-0xF0][NON-UTF-8-BYTE-0xE8][NON-UTF-8-BYTE-0xEC][NON-UTF-8-BYTE-0xE5][NON-UTF-8-BYTE-0xF7][NON-UTF-8-BYTE-0xE0][NON-UTF-8-BYTE-0xED][NON-UTF-8-BYTE-0xE8][NON-UTF-8-BYTE-0xE5]: [NON-UTF-8-BYTE-0xE2][NON-UTF-8-BYTE-0xEA][NON-UTF-8-BYTE-0xEB][NON-UTF-8-BYTE-0xFE][NON-UTF-8-BYTE-0xF7][NON-UTF-8-BYTE-0xE5][NON-UTF-8-BYTE-0xED][NON-UTF-8-BYTE-0xE8][NON-UTF-8-BYTE-0xE5] [NON-UTF-8-BYTE-0xF4][NON-UTF-8-BYTE-0xE0][NON-UTF-8-BYTE-0xE9][NON-UTF-8-BYTE-0xEB][NON-UTF-8-BYTE-0xE0]:  " -- C:\PROGRA~1\MICROS~2\2022\COMMUN~1\VC\Tools\MSVC\1444~1.352\bin\Hostx64\x64\cl.exe @C:\Users\leo\AppData\Local\Temp\nmF942.tmp : [NON-UTF-8-BYTE-0xE2][NON-UTF-8-BYTE-0xEE][NON-UTF-8-BYTE-0xE7][NON-UTF-8-BYTE-0xE2][NON-UTF-8-BYTE-0xF0][NON-UTF-8-BYTE-0xE0][NON-UTF-8-BYTE-0xF9][NON-UTF-8-BYTE-0xE5][NON-UTF-8-BYTE-0xED][NON-UTF-8-BYTE-0xED][NON-UTF-8-BYTE-0xFB][NON-UTF-8-BYTE-0xE9] [NON-UTF-8-BYTE-0xEA][NON-UTF-8-BYTE-0xEE][NON-UTF-8-BYTE-0xE4] "0x2"
Stop.
NMAKE : fatal error U1077: "C:\Program Files\Microsoft Visual Studio...
[This part of the test output was removed since it exceeds the threshold of 1024 bytes.]
</system-out>
	</testcase>
	<testcase name="JZMG_ARRAY_LEN-neg_other_0_fail" classname="JZMG_ARRAY_LEN-neg_other_0_fail" time="0.0306951" status="notrun">
		<skipped message="SKIP_RETURN_CODE=42"/>
		<properties>
			<property name="cmake_labels" value="JZMG_ARRAY_LEN"/>
		</properties>
		<system-out></system-out>
	</testcase>
	<testcase name="JZMG_ARRAY_LEN-neg_other_cxx" classname="JZMG_ARRAY_LEN-neg_other_cxx" time="0.523477" status="run">
		<properties>
			<property name="cmake_labels" value="JZMG_ARRAY_LEN"/>
		</properties>
		<system-out>[  0%] Built target CounofNS
[ 50%] Building CXX object tests/unit/CMakeFiles/JZMG_ARRAY_LEN-neg_other_cxx.dir/tu_stub_cxx.cpp.obj
tu_stub_cxx.cpp
Z:\soft\my\countof_ns\tests\unit\neg_other.h(4): error C2672: "__array_len_aux&lt;4&gt;::match_only_array": не найдена соответствующая перегруженная функция
Z:\soft\my\countof_ns\include\_comparisons/JZMG_ARRAY_LEN.h(23): note: может быть "const char (&amp;__array_len_aux&lt;4&gt;::match_only_array(T (&amp;)[M]))[M]"
Z:\soft\my\countof_ns\tests\unit\neg_other.h(4): note: 'const char (&amp;__array_len_aux&lt;4&gt;::match_only_array(T (&amp;)[M]))[M]': не удалось вывести аргумент шаблон для 'T (&amp;)[M]' из 'int'
NMAKE : fatal error U1077: "C:\Program Files\Microsoft Visual Studio\2022\Community\Common7\IDE\CommonExtensions\Microsoft\CMake\CMake\bin\cmake.exe" -E cmake_cl_compile_depends --dep-file=CMakeFiles\JZMG_ARRAY_LEN-neg_other_cxx.dir\tu_stub_cxx.cpp.obj.d --working-dir=Z:\soft\my\countof_ns\build\vs17.0-nmake...
[This part of the test output was removed since it exceeds the threshold of 1024 bytes.]
</system-out>
	</testcase>
	<testcase name="JZMG_ARRAY_LEN-neg_other_cxx_0_fail" classname="JZMG_ARRAY_LEN-neg_other_cxx_0_fail" time="0.0334646" status="notrun">
		<skipped message="SKIP_RETURN_CODE=42"/>
		<properties>
			<property name="cmake_labels" value="JZMG_ARRAY_LEN"/>
		</properties>
		<system-out></system-out>
	</testcase>
	<testcase name="JZMG_ARRAY_LEN-neg_ptr" classname="JZMG_ARRAY_LEN-neg_ptr" time="1.1606" status="fail">
		<failure message="Failed"/>
		<properties>
			<property name="cmake_labels" value="JZMG_ARRAY_LEN"/>
		</properties>
		<system-out>[  0%] Built target CounofNS
[ 50%] Building C object tests/unit/CMakeFiles/JZMG_ARRAY_LEN-neg_ptr.dir/tu_stub.c.obj
tu_stub.c
Z:\soft\my\countof_ns\tests\unit\neg_ptr.h(6): warning C4047: -: "int (**)[2]" отличается по уровням косвенного обращения от "int ***"
Z:\soft\my\countof_ns\tests\unit\neg_ptr.h(7): warning C4047: -: "int (**)[2]" отличается по уровням косвенного обращения от "int ***"
[100%] Linking C executable JZMG_ARRAY_LEN-neg_ptr.exe
[100%] Built target JZMG_ARRAY_LEN-neg_ptr
</system-out>
	</testcase>
	<testcase name="JZMG_ARRAY_LEN-neg_ptr_0_fail" classname="JZMG_ARRAY_LEN-neg_ptr_0_fail" time="0.0288748" status="notrun">
		<skipped message="SKIP_RETURN_CODE=42"/>
		<properties>
			<property name="cmake_labels" value="JZMG_ARRAY_LEN"/>
		</properties>
		<system-out></system-out>
	</testcase>
	<testcase name="JZMG_ARRAY_LEN-neg_ptr_cxx" classname="JZMG_ARRAY_LEN-neg_ptr_cxx" time="0.630092" status="run">
		<properties>
			<property name="cmake_labels" value="JZMG_ARRAY_LEN"/>
		</properties>
		<system-out>[  0%] Built target CounofNS
[ 50%] Building CXX object tests/unit/CMakeFiles/JZMG_ARRAY_LEN-neg_ptr_cxx.dir/tu_stub_cxx.cpp.obj
tu_stub_cxx.cpp
Z:\soft\my\countof_ns\tests\unit\neg_ptr.h(6): error C2672: "__array_len_aux&lt;8&gt;::match_only_array": не найдена соответствующая перегруженная функция
Z:\soft\my\countof_ns\include\_comparisons/JZMG_ARRAY_LEN.h(23): note: может быть "const char (&amp;__array_len_aux&lt;8&gt;::match_only_array(T (&amp;)[M]))[M]"
Z:\soft\my\countof_ns\tests\unit\neg_ptr.h(6): note: 'const char (&amp;__array_len_aux&lt;8&gt;::match_only_array(T (&amp;)[M]))[M]': не удалось вывести аргумент шаблон для 'T (&amp;)[M]' из 'int *'
Z:\soft\my\countof_ns\tests\unit\neg_ptr.h(5): warning C4473: "printf": передано недостаточно аргументов для строки формата
Z:\soft\my\countof_ns\tests\unit\neg_ptr.h(5): note: заполнители и их параметры ожидают переменное чи...
[This part of the test output was removed since it exceeds the threshold of 1024 bytes.]
</system-out>
	</testcase>
	<testcase name="JZMG_ARRAY_LEN-neg_ptr_cxx_0_fail" classname="JZMG_ARRAY_LEN-neg_ptr_cxx_0_fail" time="0.035027" status="notrun">
		<skipped message="SKIP_RETURN_CODE=42"/>
		<properties>
			<property name="cmake_labels" value="JZMG_ARRAY_LEN"/>
		</properties>
		<system-out></system-out>
	</testcase>
	<testcase name="ms_countof-pos__selftest" classname="ms_countof-pos__selftest" time="1.035" status="run">
		<properties>
			<property name="cmake_labels" value="ms_countof"/>
		</properties>
		<system-out>Internal cmake changing into directory: Z:/soft/my/countof_ns/build/vs17.0-nmake
Change Dir: 'Z:/soft/my/countof_ns/build/vs17.0-nmake'

Run Build Command(s): nmake -f Makefile /nologo ms_countof-pos__selftest
[  0%] Built target CounofNS
[ 50%] Building C object tests/unit/CMakeFiles/ms_countof-pos__selftest.dir/tu_stub.c.obj
tu_stub.c
[100%] Linking C executable ms_countof-pos__selftest.exe
[100%] Built target ms_countof-pos__selftest

Running test command: "Z:/soft/my/countof_ns/build/vs17.0-nmake/tests/unit/ms_countof-pos__selftest.exe"
Ok 1 TU_STATIC_ASSERT_AND_RETURN((1)=1, ...) Z:\soft\my\countof_ns\tests\unit\pos__selftest.h:pos__selftest.h:TU_UNIT for _comparisons/ms_countof.h:ms_countof(), C 201710L

</system-out>
	</testcase>
	<testcase name="ms_countof-pos__selftest_cxx" classname="ms_countof-pos__selftest_cxx" time="1.04845" status="run">
		<properties>
			<property name="cmake_labels" value="ms_countof"/>
		</properties>
		<system-out>Internal cmake changing into directory: Z:/soft/my/countof_ns/build/vs17.0-nmake
Change Dir: 'Z:/soft/my/countof_ns/build/vs17.0-nmake'

Run Build Command(s): nmake -f Makefile /nologo ms_countof-pos__selftest_cxx
[  0%] Built target CounofNS
[ 50%] Building CXX object tests/unit/CMakeFiles/ms_countof-pos__selftest_cxx.dir/tu_stub_cxx.cpp.obj
tu_stub_cxx.cpp
[100%] Linking CXX executable ms_countof-pos__selftest_cxx.exe
[100%] Built target ms_countof-pos__selftest_cxx

Running test command: "Z:/soft/my/countof_ns/build/vs17.0-nmake/tests/unit/ms_countof-pos__selftest_cxx.exe"
Ok 1 TU_STATIC_ASSERT_AND_RETURN((1)=1, ...) Z:\soft\my\countof_ns\tests\unit\pos__selftest.h:pos__selftest.h:TU_UNIT for _comparisons/ms_countof.h:ms_countof(), C++ 202400L

</system-out>
	</testcase>
	<testcase name="ms_countof-pos_array" classname="ms_countof-pos_array" time="0.942285" status="run">
		<properties>
			<property name="cmake_labels" value="ms_countof"/>
		</properties>
		<system-out>Internal cmake changing into directory: Z:/soft/my/countof_ns/build/vs17.0-nmake
Change Dir: 'Z:/soft/my/countof_ns/build/vs17.0-nmake'

Run Build Command(s): nmake -f Makefile /nologo ms_countof-pos_array
[  0%] Built target CounofNS
[100%] Building C object tests/unit/CMakeFiles/ms_countof-pos_array.dir/tu_stub.c.obj
tu_stub.c
[100%] Linking C executable ms_countof-pos_array.exe
[100%] Built target ms_countof-pos_array

Running test command: "Z:/soft/my/countof_ns/build/vs17.0-nmake/tests/unit/ms_countof-pos_array.exe"
Ok 1 TU_STATIC_ASSERT_AND_RETURN((1)=1, ...) Z:\soft\my\countof_ns\tests\unit\pos_array.h:pos_array.h:TU_UNIT for _comparisons/ms_countof.h:ms_countof(), C 201710L

</system-out>
	</testcase>
	<testcase name="ms_countof-pos_array_cxx" classname="ms_countof-pos_array_cxx" time="0.963488" status="run">
		<properties>
			<property name="cmake_labels" value="ms_countof"/>
		</properties>
		<system-out>Internal cmake changing into directory: Z:/soft/my/countof_ns/build/vs17.0-nmake
Change Dir: 'Z:/soft/my/countof_ns/build/vs17.0-nmake'

Run Build Command(s): nmake -f Makefile /nologo ms_countof-pos_array_cxx
[  0%] Built target CounofNS
[ 50%] Building CXX object tests/unit/CMakeFiles/ms_countof-pos_array_cxx.dir/tu_stub_cxx.cpp.obj
tu_stub_cxx.cpp
[100%] Linking CXX executable ms_countof-pos_array_cxx.exe
[100%] Built target ms_countof-pos_array_cxx

Running test command: "Z:/soft/my/countof_ns/build/vs17.0-nmake/tests/unit/ms_countof-pos_array_cxx.exe"
Ok 1 TU_STATIC_ASSERT_AND_RETURN((1)=1, ...) Z:\soft\my\countof_ns\tests\unit\pos_array.h:pos_array.h:TU_UNIT for _comparisons/ms_countof.h:ms_countof(), C++ 202400L

</system-out>
	</testcase>
	<testcase name="ms_countof-pos_cv_array" classname="ms_countof-pos_cv_array" time="0.96914" status="run">
		<properties>
			<property name="cmake_labels" value="ms_countof"/>
		</properties>
		<system-out>Internal cmake changing into directory: Z:/soft/my/countof_ns/build/vs17.0-nmake
Change Dir: 'Z:/soft/my/countof_ns/build/vs17.0-nmake'

Run Build Command(s): nmake -f Makefile /nologo ms_countof-pos_cv_array
[  0%] Built target CounofNS
[ 50%] Building C object tests/unit/CMakeFiles/ms_countof-pos_cv_array.dir/tu_stub.c.obj
tu_stub.c
[100%] Linking C executable ms_countof-pos_cv_array.exe
[100%] Built target ms_countof-pos_cv_array

Running test command: "Z:/soft/my/countof_ns/build/vs17.0-nmake/tests/unit/ms_countof-pos_cv_array.exe"
Ok 1 TU_STATIC_ASSERT_AND_RETURN((1)=1, ...) Z:\soft\my\countof_ns\tests\unit\pos_cv_array.h:pos_cv_array.h:TU_UNIT for _comparisons/ms_countof.h:ms_countof(), C 201710L

</system-out>
	</testcase>
	<testcase name="ms_countof-pos_cv_array_cxx" classname="ms_countof-pos_cv_array_cxx" time="1.16532" status="run">
		<properties>
			<property name="cmake_labels" value="ms_countof"/>
		</properties>
		<system-out>Internal cmake changing into directory: Z:/soft/my/countof_ns/build/vs17.0-nmake
Change Dir: 'Z:/soft/my/countof_ns/build/vs17.0-nmake'

Run Build Command(s): nmake -f Makefile /nologo ms_countof-pos_cv_array_cxx
[  0%] Built target CounofNS
[ 50%] Building CXX object tests/unit/CMakeFiles/ms_countof-pos_cv_array_cxx.dir/tu_stub_cxx.cpp.obj
tu_stub_cxx.cpp
[100%] Linking CXX executable ms_countof-pos_cv_array_cxx.exe
[100%] Built target ms_countof-pos_cv_array_cxx

Running test command: "Z:/soft/my/countof_ns/build/vs17.0-nmake/tests/unit/ms_countof-pos_cv_array_cxx.exe"
Ok 1 TU_STATIC_ASSERT_AND_RETURN((1)=1, ...) Z:\soft\my\countof_ns\tests\unit\pos_cv_array.h:pos_cv_array.h:TU_UNIT for _comparisons/ms_countof.h:ms_countof(), C++ 202400L

</system-out>
	</testcase>
	<testcase name="ms_countof-neg__selftest" classname="ms_countof-neg__selftest" time="0.580316" status="run">
		<properties>
			<property name="cmake_labels" value="ms_countof"/>
		</properties>
		<system-out>[  0%] Built target CounofNS
[ 50%] Building C object tests/unit/CMakeFiles/ms_countof-neg__selftest.dir/tu_stub.c.obj
tu_stub.c
Z:\soft\my\countof_ns\tests\unit\neg__selftest.h(12): error C2338: static_assert failed: '0'
NMAKE : fatal error U1077: "C:\Program Files\Microsoft Visual Studio\2022\Community\Common7\IDE\CommonExtensions\Microsoft\CMake\CMake\bin\cmake.exe" -E cmake_cl_compile_depends --dep-file=CMakeFiles\ms_countof-neg__selftest.dir\tu_stub.c.obj.d --working-dir=Z:\soft\my\countof_ns\build\vs17.0-nmake\tests\unit --filter-prefix="[NON-UTF-8-BYTE-0xCF][NON-UTF-8-BYTE-0xF0][NON-UTF-8-BYTE-0xE8][NON-UTF-8-BYTE-0xEC][NON-UTF-8-BYTE-0xE5][NON-UTF-8-BYTE-0xF7][NON-UTF-8-BYTE-0xE0][NON-UTF-8-BYTE-0xED][NON-UTF-8-BYTE-0xE8][NON-UTF-8-BYTE-0xE5]: [NON-UTF-8-BYTE-0xE2][NON-UTF-8-BYTE-0xEA][NON-UTF-8-BYTE-0xEB][NON-UTF-8-BYTE-0xFE][NON-UTF-8-BYTE-0xF7][NON-UTF-8-BYTE-0xE5][NON-UTF-8-BYTE-0xED][NON-UTF-8-BYTE-0xE8][NON-UTF-8-BYTE-0xE5] [NON-UTF-8-BYTE-0xF4][NON-UTF-8-BYTE-0xE0][NON-UTF-8-BYTE-0xE9][NON-UTF-8-BYTE-0xEB][NON-UTF-8-BYTE-0xE0]:  " -- C:\PROGRA~1\MICROS~2\2022\COMMUN~1\VC\Tools\MSVC\1444~1.352\bin\Hostx64\x64\cl.exe @C:\Users\leo\AppData\Local\Temp\nm1D26.tmp : [NON-UTF-8-BYTE-0xE2][NON-UTF-8-BYTE-0xEE][NON-UTF-8-BYTE-0xE7][NON-UTF-8-BYTE-0xE2][NON-UTF-8-BYTE-0xF0][NON-UTF-8-BYTE-0xE0][NON-UTF-8-BYTE-0xF9][NON-UTF-8-BYTE-0xE5][NON-UTF-8-BYTE-0xED][NON-UTF-8-BYTE-0xED][NON-UTF-8-BYTE-0xFB][NON-UTF-8-BYTE-0xE9] [NON-UTF-8-BYTE-0xEA][NON-UTF-8-BYTE-0xEE][NON-UTF-8-BYTE-0xE4] "0x2"
Stop.
NMAKE : fatal error U1077: "C:\Program Files\Microsoft Visual Studio\2022\Community\VC\Tools\MSVC\14.44.35207\bin\HostX64\x64\nmake.exe" -s -f tests\unit\CMakeFiles\ms_countof-neg__selftest.dir\build.make /nologo -SL                 tests\unit\CMakeFiles\ms_countof-neg__selftest.d...
[This part of the test output was removed since it exceeds the threshold of 1024 bytes.]
</system-out>
	</testcase>
	<testcase name="ms_countof-neg__selftest_0_fail" classname="ms_countof-neg__selftest_0_fail" time="0.0320115" status="notrun">
		<skipped message="SKIP_RETURN_CODE=42"/>
		<properties>
			<property name="cmake_labels" value="ms_countof"/>
		</properties>
		<system-out></system-out>
	</testcase>
	<testcase name="ms_countof-neg__selftest_cxx" classname="ms_countof-neg__selftest_cxx" time="0.537462" status="run">
		<properties>
			<property name="cmake_labels" value="ms_countof"/>
		</properties>
		<system-out>[  0%] Built target CounofNS
[ 50%] Building CXX object tests/unit/CMakeFiles/ms_countof-neg__selftest_cxx.dir/tu_stub_cxx.cpp.obj
tu_stub_cxx.cpp
Z:\soft\my\countof_ns\tests\unit\neg__selftest.h(12): error C2338: static_assert failed: '0'
NMAKE : fatal error U1077: "C:\Program Files\Microsoft Visual Studio\2022\Community\Common7\IDE\CommonExtensions\Microsoft\CMake\CMake\bin\cmake.exe" -E cmake_cl_compile_depends --dep-file=CMakeFiles\ms_countof-neg__selftest_cxx.dir\tu_stub_cxx.cpp.obj.d --working-dir=Z:\soft\my\countof_ns\build\vs17.0-nmake\tests\unit --filter-prefix="[NON-UTF-8-BYTE-0xCF][NON-UTF-8-BYTE-0xF0][NON-UTF-8-BYTE-0xE8][NON-UTF-8-BYTE-0xEC][NON-UTF-8-BYTE-0xE5][NON-UTF-8-BYTE-0xF7][NON-UTF-8-BYTE-0xE0][NON-UTF-8-BYTE-0xED][NON-UTF-8-BYTE-0xE8][NON-UTF-8-BYTE-0xE5]: [NON-UTF-8-BYTE-0xE2][NON-UTF-8-BYTE-0xEA][NON-UTF-8-BYTE-0xEB][NON-UTF-8-BYTE-0xFE][NON-UTF-8-BYTE-0xF7][NON-UTF-8-BYTE-0xE5][NON-UTF-8-BYTE-0xED][NON-UTF-8-BYTE-0xE8][NON-UTF-8-BYTE-0xE5] [NON-UTF-8-BYTE-0xF4][NON-UTF-8-BYTE-0xE0][NON-UTF-8-BYTE-0xE9][NON-UTF-8-BYTE-0xEB][NON-UTF-8-BYTE-0xE0]:  " -- C:\PROGRA~1\MICROS~2\2022\COMMUN~1\VC\Tools\MSVC\1444~1.352\bin\Hostx64\x64\cl.exe @C:\Users\leo\AppData\Local\Temp\nm1F58.tmp : [NON-UTF-8-BYTE-0xE2][NON-UTF-8-BYTE-0xEE][NON-UTF-8-BYTE-0xE7][NON-UTF-8-BYTE-0xE2][NON-UTF-8-BYTE-0xF0][NON-UTF-8-BYTE-0xE0][NON-UTF-8-BYTE-0xF9][NON-UTF-8-BYTE-0xE5][NON-UTF-8-BYTE-0xED][NON-UTF-8-BYTE-0xED][NON-UTF-8-BYTE-0xFB][NON-UTF-8-BYTE-0xE9] [NON-UTF-8-BYTE-0xEA][NON-UTF-8-BYTE-0xEE][NON-UTF-8-BYTE-0xE4] "0x2"
Stop.
NMAKE : fatal error U1077: "C:\Program Files\Microsoft Visual Studio\2022\Community\VC\Tools\MSVC\14.44.35207\bin\HostX64\x64\nmake.exe" -s -f tests\unit\CMakeFiles\ms_countof-neg__selftest_cxx.dir\build.make /nologo -SL                 tests\unit\CMake...
[This part of the test output was removed since it exceeds the threshold of 1024 bytes.]
</system-out>
	</testcase>
	<testcase name="ms_countof-neg__selftest_cxx_0_fail" classname="ms_countof-neg__selftest_cxx_0_fail" time="0.0307427" status="notrun">
		<skipped message="SKIP_RETURN_CODE=42"/>
		<properties>
			<property name="cmake_labels" value="ms_countof"/>
		</properties>
		<system-out></system-out>
	</testcase>
	<testcase name="ms_countof-neg_cv_ptr" classname="ms_countof-neg_cv_ptr" time="0.9402" status="fail">
		<failure message="Failed"/>
		<properties>
			<property name="cmake_labels" value="ms_countof"/>
		</properties>
		<system-out>[  0%] Built target CounofNS
[  0%] Building C object tests/unit/CMakeFiles/ms_countof-neg_cv_ptr.dir/tu_stub.c.obj
tu_stub.c
[100%] Linking C executable ms_countof-neg_cv_ptr.exe
[100%] Built target ms_countof-neg_cv_ptr
</system-out>
	</testcase>
	<testcase name="ms_countof-neg_cv_ptr_0_fail" classname="ms_countof-neg_cv_ptr_0_fail" time="0.031863" status="notrun">
		<skipped message="SKIP_RETURN_CODE=42"/>
		<properties>
			<property name="cmake_labels" value="ms_countof"/>
		</properties>
		<system-out></system-out>
	</testcase>
	<testcase name="ms_countof-neg_cv_ptr_cxx" classname="ms_countof-neg_cv_ptr_cxx" time="0.546873" status="run">
		<properties>
			<property name="cmake_labels" value="ms_countof"/>
		</properties>
		<system-out>[  0%] Built target CounofNS
[ 50%] Building CXX object tests/unit/CMakeFiles/ms_countof-neg_cv_ptr_cxx.dir/tu_stub_cxx.cpp.obj
tu_stub_cxx.cpp
Z:\soft\my\countof_ns\tests\unit\neg_cv_ptr.h(4): error C2672: "ms_countof_helper": не найдена соответствующая перегруженная функция
Z:\soft\my\countof_ns\include\_comparisons/ms_countof.h(21): note: может быть "char (*ms_countof_helper(__unaligned _CountofType (&amp;)[_SizeOfArray]))[_SizeOfArray]"
Z:\soft\my\countof_ns\tests\unit\neg_cv_ptr.h(4): note: 'char (*ms_countof_helper(__unaligned _CountofType (&amp;)[_SizeOfArray]))[_SizeOfArray]': не удалось вывести аргумент шаблон для '__unaligned _CountofType (&amp;)[_SizeOfArray]' из 'volatile const int *'
NMAKE : fatal error U1077: "C:\Program Files\Microsoft Visual Studio\2022\Community\Common7\IDE\CommonExtensions\Microsoft\CMake\CMake\bin\cmake.exe" -E cmake_cl_compile_depends --dep-file=CMakeFiles\ms_countof-neg_cv_ptr_cxx.dir\tu_stub_cxx....
[This part of the test output was removed since it exceeds the threshold of 1024 bytes.]
</system-out>
	</testcase>
	<testcase name="ms_countof-neg_cv_ptr_cxx_0_fail" classname="ms_countof-neg_cv_ptr_cxx_0_fail" time="0.0315616" status="notrun">
		<skipped message="SKIP_RETURN_CODE=42"/>
		<properties>
			<property name="cmake_labels" value="ms_countof"/>
		</properties>
		<system-out></system-out>
	</testcase>
	<testcase name="ms_countof-neg_other" classname="ms_countof-neg_other" time="0.523119" status="run">
		<properties>
			<property name="cmake_labels" value="ms_countof"/>
		</properties>
		<system-out>[  0%] Built target CounofNS
[ 50%] Building C object tests/unit/CMakeFiles/ms_countof-neg_other.dir/tu_stub.c.obj
tu_stub.c
Z:\soft\my\countof_ns\tests\unit\neg_other.h(4): error C2109: для индекса требуется массив или указатель
Z:\soft\my\countof_ns\tests\unit\neg_other.h(4): warning C4033: "TU_UNIT" должен возвращать значение
NMAKE : fatal error U1077: "C:\Program Files\Microsoft Visual Studio\2022\Community\Common7\IDE\CommonExtensions\Microsoft\CMake\CMake\bin\cmake.exe" -E cmake_cl_compile_depends --dep-file=CMakeFiles\ms_countof-neg_other.dir\tu_stub.c.obj.d --working-dir=Z:\soft\my\countof_ns\build\vs17.0-nmake\tests\unit --filter-prefix="[NON-UTF-8-BYTE-0xCF][NON-UTF-8-BYTE-0xF0][NON-UTF-8-BYTE-0xE8][NON-UTF-8-BYTE-0xEC][NON-UTF-8-BYTE-0xE5][NON-UTF-8-BYTE-0xF7][NON-UTF-8-BYTE-0xE0][NON-UTF-8-BYTE-0xED][NON-UTF-8-BYTE-0xE8][NON-UTF-8-BYTE-0xE5]: [NON-UTF-8-BYTE-0xE2][NON-UTF-8-BYTE-0xEA][NON-UTF-8-BYTE-0xEB][NON-UTF-8-BYTE-0xFE][NON-UTF-8-BYTE-0xF7][NON-UTF-8-BYTE-0xE5][NON-UTF-8-BYTE-0xED][NON-UTF-8-BYTE-0xE8][NON-UTF-8-BYTE-0xE5] [NON-UTF-8-BYTE-0xF4][NON-UTF-8-BYTE-0xE0][NON-UTF-8-BYTE-0xE9][NON-UTF-8-BYTE-0xEB][NON-UTF-8-BYTE-0xE0]:  " -- C:\PROGRA~1\MICROS~2\2022\COMMUN~1\VC\Tools\MSVC\1444~1.352\bin\Hostx64\x64\cl.exe @C:\Users\leo\AppData\Local\Temp\nm27B5.tmp : [NON-UTF-8-BYTE-0xE2][NON-UTF-8-BYTE-0xEE][NON-UTF-8-BYTE-0xE7][NON-UTF-8-BYTE-0xE2][NON-UTF-8-BYTE-0xF0][NON-UTF-8-BYTE-0xE0][NON-UTF-8-BYTE-0xF9][NON-UTF-8-BYTE-0xE5][NON-UTF-8-BYTE-0xED][NON-UTF-8-BYTE-0xED][NON-UTF-8-BYTE-0xFB][NON-UTF-8-BYTE-0xE9] [NON-UTF-8-BYTE-0xEA][NON-UTF-8-BYTE-0xEE][NON-UTF-8-BYTE-0xE4] "0x2"
Stop.
NMAKE : fatal error U1077: "C:\Program Files\Microsoft Visual Studio\2022\Community\VC\Tools\MSVC\14.44.35207\bin\H...
[This part of the test output was removed since it exceeds the threshold of 1024 bytes.]
</system-out>
	</testcase>
	<testcase name="ms_countof-neg_other_0_fail" classname="ms_countof-neg_other_0_fail" time="0.0298423" status="notrun">
		<skipped message="SKIP_RETURN_CODE=42"/>
		<properties>
			<property name="cmake_labels" value="ms_countof"/>
		</properties>
		<system-out></system-out>
	</testcase>
	<testcase name="ms_countof-neg_other_cxx" classname="ms_countof-neg_other_cxx" time="0.538093" status="run">
		<properties>
			<property name="cmake_labels" value="ms_countof"/>
		</properties>
		<system-out>[  0%] Built target CounofNS
[ 50%] Building CXX object tests/unit/CMakeFiles/ms_countof-neg_other_cxx.dir/tu_stub_cxx.cpp.obj
tu_stub_cxx.cpp
Z:\soft\my\countof_ns\tests\unit\neg_other.h(4): error C2672: "ms_countof_helper": не найдена соответствующая перегруженная функция
Z:\soft\my\countof_ns\include\_comparisons/ms_countof.h(21): note: может быть "char (*ms_countof_helper(__unaligned _CountofType (&amp;)[_SizeOfArray]))[_SizeOfArray]"
Z:\soft\my\countof_ns\tests\unit\neg_other.h(4): note: 'char (*ms_countof_helper(__unaligned _CountofType (&amp;)[_SizeOfArray]))[_SizeOfArray]': не удалось вывести аргумент шаблон для '__unaligned _CountofType (&amp;)[_SizeOfArray]' из 'int'
NMAKE : fatal error U1077: "C:\Program Files\Microsoft Visual Studio\2022\Community\Common7\IDE\CommonExtensions\Microsoft\CMake\CMake\bin\cmake.exe" -E cmake_cl_compile_depends --dep-file=CMakeFiles\ms_countof-neg_other_cxx.dir\tu_stub_cxx.cpp.obj.d --working-d...
[This part of the test output was removed since it exceeds the threshold of 1024 bytes.]
</system-out>
	</testcase>
	<testcase name="ms_countof-neg_other_cxx_0_fail" classname="ms_countof-neg_other_cxx_0_fail" time="0.0286455" status="notrun">
		<skipped message="SKIP_RETURN_CODE=42"/>
		<properties>
			<property name="cmake_labels" value="ms_countof"/>
		</properties>
		<system-out></system-out>
	</testcase>
	<testcase name="ms_countof-neg_ptr" classname="ms_countof-neg_ptr" time="0.96656" status="fail">
		<failure message="Failed"/>
		<properties>
			<property name="cmake_labels" value="ms_countof"/>
		</properties>
		<system-out>[  0%] Built target CounofNS
[  0%] Building C object tests/unit/CMakeFiles/ms_countof-neg_ptr.dir/tu_stub.c.obj
tu_stub.c
[100%] Linking C executable ms_countof-neg_ptr.exe
[100%] Built target ms_countof-neg_ptr
</system-out>
	</testcase>
	<testcase name="ms_countof-neg_ptr_0_fail" classname="ms_countof-neg_ptr_0_fail" time="0.030739" status="notrun">
		<skipped message="SKIP_RETURN_CODE=42"/>
		<properties>
			<property name="cmake_labels" value="ms_countof"/>
		</properties>
		<system-out></system-out>
	</testcase>
	<testcase name="ms_countof-neg_ptr_cxx" classname="ms_countof-neg_ptr_cxx" time="0.542698" status="run">
		<properties>
			<property name="cmake_labels" value="ms_countof"/>
		</properties>
		<system-out>[  0%] Built target CounofNS
[ 50%] Building CXX object tests/unit/CMakeFiles/ms_countof-neg_ptr_cxx.dir/tu_stub_cxx.cpp.obj
tu_stub_cxx.cpp
Z:\soft\my\countof_ns\tests\unit\neg_ptr.h(6): error C2672: "ms_countof_helper": не найдена соответствующая перегруженная функция
Z:\soft\my\countof_ns\include\_comparisons/ms_countof.h(21): note: может быть "char (*ms_countof_helper(__unaligned _CountofType (&amp;)[_SizeOfArray]))[_SizeOfArray]"
Z:\soft\my\countof_ns\tests\unit\neg_ptr.h(6): note: 'char (*ms_countof_helper(__unaligned _CountofType (&amp;)[_SizeOfArray]))[_SizeOfArray]': не удалось вывести аргумент шаблон для '__unaligned _CountofType (&amp;)[_SizeOfArray]' из 'int *'
Z:\soft\my\countof_ns\tests\unit\neg_ptr.h(5): warning C4473: "printf": передано недостаточно аргументов для строки формата
Z:\soft\my\countof_ns\tests\unit\neg_ptr.h(5): note: заполнители и их параме...
[This part of the test output was removed since it exceeds the threshold of 1024 bytes.]
</system-out>
	</testcase>
	<testcase name="ms_countof-neg_ptr_cxx_0_fail" classname="ms_countof-neg_ptr_cxx_0_fail" time="0.0474813" status="notrun">
		<skipped message="SKIP_RETURN_CODE=42"/>
		<properties>
			<property name="cmake_labels" value="ms_countof"/>
		</properties>
		<system-out></system-out>
	</testcase>
	<testcase name="short_example" classname="short_example" time="0.0173835" status="run">
		<properties/>
		<system-out>short_example: Ok (fail=0)
</system-out>
	</testcase>
	<testcase name="short_example_fail" classname="short_example_fail" time="0.685644" status="run">
		<properties/>
		<system-out>Internal cmake changing into directory: Z:/soft/my/countof_ns/build/vs17.0-nmake
Change Dir: 'Z:/soft/my/countof_ns/build/vs17.0-nmake'

Run Build Command(s): nmake -f Makefile /nologo short_example_fail
[  0%] Built target CounofNS
[ 50%] Building C object examples/CMakeFiles/short_example_fail.dir/short_example.c.obj
short_example.c
Must error below @{
Z:\soft\my\countof_ns\examples\short_example.h(72): error C2466: ╨╜╨╡╨▓╨╛╨╖╨╝╨╛╨╢╨╜╨╛ ╨▓╤Л╨┤╨╡╨╗╨╕╤В╤М ╨┐╨░╨╝╤П╤В╤М ╨┤╨╗╤П ╨╝╨░╤Б╤Б╨╕╨▓╨░ ╨┐╨╛╤Б╤В╨╛╤П╨╜╨╜╨╛╨│╨╛ ╨╜╤Г╨╗╨╡╨▓╨╛╨│╨╛ ╤А╨░╨╖╨╝╨╡╤А╨░
Z:\soft\my\countof_ns\examples\short_example.h(72): error C2118: ╨╛╤В╤А╨╕╤Ж╨░╤В╨╡╨╗╤М╨╜╤Л╨╣ ╨╕╨╜╨┤╨╡╨║╤Б
Z:\soft\my\countof_ns\examples\short_example.h(72): error C2148: ╨╛╨...
[This part of the test output was removed since it exceeds the threshold of 1024 bytes.]
</system-out>
	</testcase>
	<testcase name="short_example_cxx" classname="short_example_cxx" time="0.0149549" status="run">
		<properties/>
		<system-out>short_example: Ok (fail=0)
</system-out>
	</testcase>
	<testcase name="short_example_cxx_fail" classname="short_example_cxx_fail" time="0.552512" status="run">
		<properties/>
		<system-out>Internal cmake changing into directory: Z:/soft/my/countof_ns/build/vs17.0-nmake
Change Dir: 'Z:/soft/my/countof_ns/build/vs17.0-nmake'

Run Build Command(s): nmake -f Makefile /nologo short_example_cxx_fail
[  0%] Built target CounofNS
[100%] Building CXX object examples/CMakeFiles/short_example_cxx_fail.dir/short_example_cxx.cpp.obj
short_example_cxx.cpp
Must error below @{
}@ Must error above &amp; below @{
}@ Must error above &amp; below @{
Z:\soft\my\countof_ns\examples\short_example.h(76): error C2100: ╨╜╨╡╨╗╤М╨╖╤П ╤А╨░╨╖╤Л╨╝╨╡╨╜╨╛╨▓╨░╤В╤М ╨╛╨┐╨╡╤А╨░╨╜╨┤ ╤В╨╕╨┐╨░ "int"
}@ Must error above &amp; below @{
Z:\soft\my\countof_ns\examples\short_example.h(78): error C2100: ╨╜╨╡╨╗╤М╨╖╤П ╤А╨░╨╖╤Л╨╝╨╡╨╜╨╛╨▓╨░╤В╤М ╨╛╨┐╨╡╤А╨░╨╜╨┤ ╤В╨╕╨┐╨░ "int"
}@ Must error above &amp; below @{
Z:\soft\my\countof_ns\examples\short_ex...
[This part of the test output was removed since it exceeds the threshold of 1024 bytes.]
</system-out>
	</testcase>
	<testcase name="long_example" classname="long_example" time="0.0189288" status="run">
		<properties/>
		<system-out>short_example: Ok (fail=0)
cv_example: Ok
_MSC_VER 1944 _COUNTOF_NS_VLA_UNSUPPORTED __STDC_NO_VLA__ 1 __STDC_VERSION__ 201710
</system-out>
	</testcase>
	<testcase name="long_example_fail" classname="long_example_fail" time="0.595378" status="run">
		<properties/>
		<system-out>Internal cmake changing into directory: Z:/soft/my/countof_ns/build/vs17.0-nmake
Change Dir: 'Z:/soft/my/countof_ns/build/vs17.0-nmake'

Run Build Command(s): nmake -f Makefile /nologo long_example_fail
[  0%] Built target CounofNS
[ 50%] Building C object examples/CMakeFiles/long_example_fail.dir/long_example.c.obj
long_example.c
Must error below @{
Z:\soft\my\countof_ns\examples\short_example.h(72): error C2466: ╨╜╨╡╨▓╨╛╨╖╨╝╨╛╨╢╨╜╨╛ ╨▓╤Л╨┤╨╡╨╗╨╕╤В╤М ╨┐╨░╨╝╤П╤В╤М ╨┤╨╗╤П ╨╝╨░╤Б╤Б╨╕╨▓╨░ ╨┐╨╛╤Б╤В╨╛╤П╨╜╨╜╨╛╨│╨╛ ╨╜╤Г╨╗╨╡╨▓╨╛╨│╨╛ ╤А╨░╨╖╨╝╨╡╤А╨░
Z:\soft\my\countof_ns\examples\short_example.h(72): error C2118: ╨╛╤В╤А╨╕╤Ж╨░╤В╨╡╨╗╤М╨╜╤Л╨╣ ╨╕╨╜╨┤╨╡╨║╤Б
Z:\soft\my\countof_ns\examples\short_example.h(72): error C2148: ╨╛╨▒...
[This part of the test output was removed since it exceeds the threshold of 1024 bytes.]
</system-out>
	</testcase>
	<testcase name="long_example_cxx" classname="long_example_cxx" time="0.0122383" status="run">
		<properties/>
		<system-out>short_example: Ok (fail=0)
cv_example: Ok
std_size_example: Ok (fail=0)
_MSC_VER 1944 __cpp_lib_nonmember_container_access 201411 __cplusplus 202400
</system-out>
	</testcase>
	<testcase name="long_example_cxx_fail" classname="long_example_cxx_fail" time="0.977603" status="run">
		<properties/>
		<system-out>Internal cmake changing into directory: Z:/soft/my/countof_ns/build/vs17.0-nmake
Change Dir: 'Z:/soft/my/countof_ns/build/vs17.0-nmake'

Run Build Command(s): nmake -f Makefile /nologo long_example_cxx_fail
[  0%] Built target CounofNS
[  0%] Building CXX object examples/CMakeFiles/long_example_cxx_fail.dir/long_example_cxx.cpp.obj
long_example_cxx.cpp
Must error below @{
}@ Must error above &amp; below @{
}@ Must error above &amp; below @{
Z:\soft\my\countof_ns\examples\short_example.h(76): error C2100: ╨╜╨╡╨╗╤М╨╖╤П ╤А╨░╨╖╤Л╨╝╨╡╨╜╨╛╨▓╨░╤В╤М ╨╛╨┐╨╡╤А╨░╨╜╨┤ ╤В╨╕╨┐╨░ "int"
}@ Must error above &amp; below @{
Z:\soft\my\countof_ns\examples\short_example.h(78): error C2100: ╨╜╨╡╨╗╤М╨╖╤П ╤А╨░╨╖╤Л╨╝╨╡╨╜╨╛╨▓╨░╤В╤М ╨╛╨┐╨╡╤А╨░╨╜╨┤ ╤В╨╕╨┐╨░ "int"
}@ Must error above &amp; below @{
Z:\soft\my\countof_ns\examples\short_exampl...
[This part of the test output was removed since it exceeds the threshold of 1024 bytes.]
</system-out>
	</testcase>
	<testcase name="_check_logs_config" classname="_check_logs_config" time="0.0343782" status="run">
		<properties>
			<property name="cmake_labels" value="default"/>
		</properties>
		<system-out>CL_TAG='default'
               TAC_WERROR=''
               CXX_ENABLED='TRUE'
               CMAKE_C_COMPILER_ID='MSVC'
               CMAKE_C_COMPILER_VERSION='19.44.35213.0'
               CMAKE_C_FLAGS='/DWIN32 /D_WINDOWS  -D_CRT_SECURE_NO_WARNINGS /Zc:__cplusplus -DHAVE_CV_TYPEOF=1 -DHAVE___TYPEOF__=1 -DERROR_ON_NEGATIVE_ARRAY_SIZE=1 -DERROR_ON_STRUCT_BIT_FIELD=1 -DERROR_ON_STRUCT_STATIC_ASSERT=1'
               CMAKE_CXX_COMPILER_ID='MSVC'
               CMAKE_CXX_COMPILER_VERSION='19.44.35213.0'
               CMAKE_CXX_FLAGS='/DWIN32 /D_WINDOWS  -D_CRT_SECURE_NO_WARNINGS /Zc:__cplusplus -DHAVE_CV_TYPEOF=1 -DHAVE___TYPEOF__=1 -DERROR_ON_NEGATIVE_ARRAY_SIZE=1 -DERROR_ON_STRUCT_BIT_FIELD=1 -DERROR_ON_STRUCT_STATIC_ASSERT=1'
               
</system-out>
	</testcase>
</testsuite>
