<?xml version="1.0" encoding="UTF-8"?>
<testsuite name="(empty)"
	tests="31"
	failures="0"
	disabled="0"
	skipped="8"
	hostname=""
	time="7"
	timestamp="2025-12-01T03:50:53"
	>
	<testcase name="pos__selftest" classname="pos__selftest" time="0.0147928" status="run">
		<properties>
			<property name="cmake_labels" value="countof_ns;default"/>
		</properties>
		<system-out>Ok 1 TU_STATIC_ASSERT_AND_RETURN((1)=1, ...) Z:\soft\my\countof_ns\tests\unit\pos__selftest.h:pos__selftest.h:TU_UNIT for countof_ns.h:countof_ns(), C 201710L
</system-out>
	</testcase>
	<testcase name="pos__selftest_cxx" classname="pos__selftest_cxx" time="0.0137411" status="run">
		<properties>
			<property name="cmake_labels" value="countof_ns;default"/>
		</properties>
		<system-out>Ok 1 TU_STATIC_ASSERT_AND_RETURN((1)=1, ...) Z:\soft\my\countof_ns\tests\unit\pos__selftest.h:pos__selftest.h:TU_UNIT for countof_ns.h:countof_ns(), C++ 202400L
</system-out>
	</testcase>
	<testcase name="pos_array" classname="pos_array" time="0.0167928" status="run">
		<properties>
			<property name="cmake_labels" value="countof_ns;default"/>
		</properties>
		<system-out>Ok 1 TU_STATIC_ASSERT_AND_RETURN((1)=1, ...) Z:\soft\my\countof_ns\tests\unit\pos_array.h:pos_array.h:TU_UNIT for countof_ns.h:countof_ns(), C 201710L
</system-out>
	</testcase>
	<testcase name="pos_array_cxx" classname="pos_array_cxx" time="0.0204763" status="run">
		<properties>
			<property name="cmake_labels" value="countof_ns;default"/>
		</properties>
		<system-out>Ok 1 TU_STATIC_ASSERT_AND_RETURN((1)=1, ...) Z:\soft\my\countof_ns\tests\unit\pos_array.h:pos_array.h:TU_UNIT for countof_ns.h:countof_ns(), C++ 202400L
</system-out>
	</testcase>
	<testcase name="pos_cv_array" classname="pos_cv_array" time="0.0181463" status="run">
		<properties>
			<property name="cmake_labels" value="countof_ns;default"/>
		</properties>
		<system-out>Ok 1 TU_STATIC_ASSERT_AND_RETURN((1)=1, ...) Z:\soft\my\countof_ns\tests\unit\pos_cv_array.h:pos_cv_array.h:TU_UNIT for countof_ns.h:countof_ns(), C 201710L
</system-out>
	</testcase>
	<testcase name="pos_cv_array_cxx" classname="pos_cv_array_cxx" time="0.0143844" status="run">
		<properties>
			<property name="cmake_labels" value="countof_ns;default"/>
		</properties>
		<system-out>Ok 1 TU_STATIC_ASSERT_AND_RETURN((1)=1, ...) Z:\soft\my\countof_ns\tests\unit\pos_cv_array.h:pos_cv_array.h:TU_UNIT for countof_ns.h:countof_ns(), C++ 202400L
</system-out>
	</testcase>
	<testcase name="neg__selftest" classname="neg__selftest" time="0.570123" status="run">
		<properties>
			<property name="cmake_labels" value="countof_ns;default"/>
		</properties>
		<system-out>[  0%] Built target CounofNS
[ 50%] Building C object tests/unit/CMakeFiles/neg__selftest.dir/tu_stub.c.obj
tu_stub.c
Z:\soft\my\countof_ns\tests\unit\neg__selftest.h(12): error C2338: static_assert failed: '0'
NMAKE : fatal error U1077: "C:\Program Files\Microsoft Visual Studio\2022\Community\Common7\IDE\CommonExtensions\Microsoft\CMake\CMake\bin\cmake.exe" -E cmake_cl_compile_depends --dep-file=CMakeFiles\neg__selftest.dir\tu_stub.c.obj.d --working-dir=Z:\soft\my\countof_ns\build\vs17.0-nmake\tests\unit --filter-prefix="[NON-UTF-8-BYTE-0xCF][NON-UTF-8-BYTE-0xF0][NON-UTF-8-BYTE-0xE8][NON-UTF-8-BYTE-0xEC][NON-UTF-8-BYTE-0xE5][NON-UTF-8-BYTE-0xF7][NON-UTF-8-BYTE-0xE0][NON-UTF-8-BYTE-0xED][NON-UTF-8-BYTE-0xE8][NON-UTF-8-BYTE-0xE5]: [NON-UTF-8-BYTE-0xE2][NON-UTF-8-BYTE-0xEA][NON-UTF-8-BYTE-0xEB][NON-UTF-8-BYTE-0xFE][NON-UTF-8-BYTE-0xF7][NON-UTF-8-BYTE-0xE5][NON-UTF-8-BYTE-0xED][NON-UTF-8-BYTE-0xE8][NON-UTF-8-BYTE-0xE5] [NON-UTF-8-BYTE-0xF4][NON-UTF-8-BYTE-0xE0][NON-UTF-8-BYTE-0xE9][NON-UTF-8-BYTE-0xEB][NON-UTF-8-BYTE-0xE0]:  " -- C:\PROGRA~1\MICROS~2\2022\COMMUN~1\VC\Tools\MSVC\1444~1.352\bin\Hostx64\x64\cl.exe @C:\Users\leo\AppData\Local\Temp\nm4B5C.tmp : [NON-UTF-8-BYTE-0xE2][NON-UTF-8-BYTE-0xEE][NON-UTF-8-BYTE-0xE7][NON-UTF-8-BYTE-0xE2][NON-UTF-8-BYTE-0xF0][NON-UTF-8-BYTE-0xE0][NON-UTF-8-BYTE-0xF9][NON-UTF-8-BYTE-0xE5][NON-UTF-8-BYTE-0xED][NON-UTF-8-BYTE-0xED][NON-UTF-8-BYTE-0xFB][NON-UTF-8-BYTE-0xE9] [NON-UTF-8-BYTE-0xEA][NON-UTF-8-BYTE-0xEE][NON-UTF-8-BYTE-0xE4] "0x2"
Stop.
NMAKE : fatal error U1077: "C:\Program Files\Microsoft Visual Studio\2022\Community\VC\Tools\MSVC\14.44.35207\bin\HostX64\x64\nmake.exe" -s -f tests\unit\CMakeFiles\neg__selftest.dir\build.make /nologo -SL                 tests\unit\CMakeFiles\neg__selftest.dir\build : [NON-UTF-8-BYTE-0xE2][NON-UTF-8-BYTE-0xEE][NON-UTF-8-BYTE-0xE7][NON-UTF-8-BYTE-0xE2][NON-UTF-8-BYTE-0xF0][NON-UTF-8-BYTE-0xE0][NON-UTF-8-BYTE-0xF9][NON-UTF-8-BYTE-0xE5][NON-UTF-8-BYTE-0xED][NON-UTF-8-BYTE-0xED][NON-UTF-8-BYTE-0xFB][NON-UTF-8-BYTE-0xE9] [NON-UTF-8-BYTE-0xEA][NON-UTF-8-BYTE-0xEE][NON-UTF-8-BYTE-0xE4] "0x2"
Stop.
NMAK...
[This part of the test output was removed since it exceeds the threshold of 1024 bytes.]
</system-out>
	</testcase>
	<testcase name="neg__selftest_0_fail" classname="neg__selftest_0_fail" time="0.0313046" status="notrun">
		<skipped message="SKIP_RETURN_CODE=42"/>
		<properties>
			<property name="cmake_labels" value="countof_ns;default"/>
		</properties>
		<system-out></system-out>
	</testcase>
	<testcase name="neg__selftest_cxx" classname="neg__selftest_cxx" time="0.477886" status="run">
		<properties>
			<property name="cmake_labels" value="countof_ns;default"/>
		</properties>
		<system-out>[  0%] Built target CounofNS
[ 50%] Building CXX object tests/unit/CMakeFiles/neg__selftest_cxx.dir/tu_stub_cxx.cpp.obj
tu_stub_cxx.cpp
Z:\soft\my\countof_ns\tests\unit\neg__selftest.h(12): error C2338: static_assert failed: '0'
NMAKE : fatal error U1077: "C:\Program Files\Microsoft Visual Studio\2022\Community\Common7\IDE\CommonExtensions\Microsoft\CMake\CMake\bin\cmake.exe" -E cmake_cl_compile_depends --dep-file=CMakeFiles\neg__selftest_cxx.dir\tu_stub_cxx.cpp.obj.d --working-dir=Z:\soft\my\countof_ns\build\vs17.0-nmake\tests\unit --filter-prefix="[NON-UTF-8-BYTE-0xCF][NON-UTF-8-BYTE-0xF0][NON-UTF-8-BYTE-0xE8][NON-UTF-8-BYTE-0xEC][NON-UTF-8-BYTE-0xE5][NON-UTF-8-BYTE-0xF7][NON-UTF-8-BYTE-0xE0][NON-UTF-8-BYTE-0xED][NON-UTF-8-BYTE-0xE8][NON-UTF-8-BYTE-0xE5]: [NON-UTF-8-BYTE-0xE2][NON-UTF-8-BYTE-0xEA][NON-UTF-8-BYTE-0xEB][NON-UTF-8-BYTE-0xFE][NON-UTF-8-BYTE-0xF7][NON-UTF-8-BYTE-0xE5][NON-UTF-8-BYTE-0xED][NON-UTF-8-BYTE-0xE8][NON-UTF-8-BYTE-0xE5] [NON-UTF-8-BYTE-0xF4][NON-UTF-8-BYTE-0xE0][NON-UTF-8-BYTE-0xE9][NON-UTF-8-BYTE-0xEB][NON-UTF-8-BYTE-0xE0]:  " -- C:\PROGRA~1\MICROS~2\2022\COMMUN~1\VC\Tools\MSVC\1444~1.352\bin\Hostx64\x64\cl.exe @C:\Users\leo\AppData\Local\Temp\nm4D50.tmp : [NON-UTF-8-BYTE-0xE2][NON-UTF-8-BYTE-0xEE][NON-UTF-8-BYTE-0xE7][NON-UTF-8-BYTE-0xE2][NON-UTF-8-BYTE-0xF0][NON-UTF-8-BYTE-0xE0][NON-UTF-8-BYTE-0xF9][NON-UTF-8-BYTE-0xE5][NON-UTF-8-BYTE-0xED][NON-UTF-8-BYTE-0xED][NON-UTF-8-BYTE-0xFB][NON-UTF-8-BYTE-0xE9] [NON-UTF-8-BYTE-0xEA][NON-UTF-8-BYTE-0xEE][NON-UTF-8-BYTE-0xE4] "0x2"
Stop.
NMAKE : fatal error U1077: "C:\Program Files\Microsoft Visual Studio\2022\Community\VC\Tools\MSVC\14.44.35207\bin\HostX64\x64\nmake.exe" -s -f tests\unit\CMakeFiles\neg__selftest_cxx.dir\build.make /nologo -SL                 tests\unit\CMakeFiles\neg__selftest_cxx.dir\build...
[This part of the test output was removed since it exceeds the threshold of 1024 bytes.]
</system-out>
	</testcase>
	<testcase name="neg__selftest_cxx_0_fail" classname="neg__selftest_cxx_0_fail" time="0.0306744" status="notrun">
		<skipped message="SKIP_RETURN_CODE=42"/>
		<properties>
			<property name="cmake_labels" value="countof_ns;default"/>
		</properties>
		<system-out></system-out>
	</testcase>
	<testcase name="neg_cv_ptr" classname="neg_cv_ptr" time="0.477695" status="run">
		<properties>
			<property name="cmake_labels" value="countof_ns;default"/>
		</properties>
		<system-out>[  0%] Built target CounofNS
[ 50%] Building C object tests/unit/CMakeFiles/neg_cv_ptr.dir/tu_stub.c.obj
tu_stub.c
Z:\soft\my\countof_ns\tests\unit\neg_cv_ptr.h(4): error C2118: отрицательный индекс
Z:\soft\my\countof_ns\tests\unit\neg_cv_ptr.h(4): error C2148: общий размер массива не должен превышать 0x7fffffff байт
Z:\soft\my\countof_ns\tests\unit\neg_cv_ptr.h(4): warning C4034: sizeof возвращает 0
NMAKE : fatal error U1077: "C:\Program Files\Microsoft Visual Studio\2022\Community\Common7\IDE\CommonExtensions\Microsoft\CMake\CMake\bin\cmake.exe" -E cmake_cl_compile_depends --dep-file=CMakeFiles\neg_cv_ptr.dir\tu_stub.c.obj.d --working-dir=Z:\soft\my\countof_ns\build\vs17.0-nmake\tests\unit --filter-prefix="[NON-UTF-8-BYTE-0xCF][NON-UTF-8-BYTE-0xF0][NON-UTF-8-BYTE-0xE8][NON-UTF-8-BYTE-0xEC][NON-UTF-8-BYTE-0xE5][NON-UTF-8-BYTE-0xF7][NON-UTF-8-BYTE-0xE0][NON-UTF-8-BYTE-0xED][NON-UTF-8-BYTE-0xE8][NON-UTF-8-BYTE-0xE5]: [NON-UTF-8-BYTE-0xE2][NON-UTF-8-BYTE-0xEA][NON-UTF-8-BYTE-0xEB][NON-UTF-8-BYTE-0xFE][NON-UTF-8-BYTE-0xF7][NON-UTF-8-BYTE-0xE5][NON-UTF-8-BYTE-0xED][NON-UTF-8-BYTE-0xE8][NON-UTF-8-BYTE-0xE5] [NON-UTF-8-BYTE-0xF4][NON-UTF-8-BYTE-0xE0][NON-UTF-8-BYTE-0xE9][NON-UTF-8-BYTE-0xEB][NON-UTF-8-BYTE-0xE0]:  " -- C:\PROGRA~1\MICROS~2\2022\COMMUN~1\VC\Tools\MSVC\1444~1.352\bin\Hostx64\x64\cl.exe @C:\Users\leo\AppData\Local\Temp\nm4F54.tmp : [NON-UTF-8-BYTE-0xE2][NON-UTF-8-BYTE-0xEE][NON-UTF-8-BYTE-0xE7][NON-UTF-8-BYTE-0xE2][NON-UTF-8-BYTE-0xF0][NON-UTF-8-BYTE-0xE0][NON-UTF-8-BYTE-0xF9][NON-UTF-8-BYTE-0xE5][NON-UTF-8-BYTE-0xED][NON-UTF-8-BYTE-0xED][NON-UTF-8-BYTE-0xFB][NON-UTF-8-BYTE-0xE9] [NON-UTF-8-BYTE-0xEA][NON-UTF-8-BYTE-0xEE][NON-UTF-8-BYTE-0xE4] "0x2"
Stop.
NMAKE : fatal error U1077: "C:\Program Files\...
[This part of the test output was removed since it exceeds the threshold of 1024 bytes.]
</system-out>
	</testcase>
	<testcase name="neg_cv_ptr_0_fail" classname="neg_cv_ptr_0_fail" time="0.0308498" status="notrun">
		<skipped message="SKIP_RETURN_CODE=42"/>
		<properties>
			<property name="cmake_labels" value="countof_ns;default"/>
		</properties>
		<system-out></system-out>
	</testcase>
	<testcase name="neg_cv_ptr_cxx" classname="neg_cv_ptr_cxx" time="0.475023" status="run">
		<properties>
			<property name="cmake_labels" value="countof_ns;default"/>
		</properties>
		<system-out>[  0%] Built target CounofNS
[ 50%] Building CXX object tests/unit/CMakeFiles/neg_cv_ptr_cxx.dir/tu_stub_cxx.cpp.obj
tu_stub_cxx.cpp
Z:\soft\my\countof_ns\include\countof_ns.h(107): error C2338: static_assert failed: 'Argument must be zero-length array'
Z:\soft\my\countof_ns\include\countof_ns.h(107): note: контекст создания экземпляра шаблона (сначала самый старый)
Z:\soft\my\countof_ns\tests\unit\neg_cv_ptr.h(4): note: выполняется компиляция ссылки на экземпляр шаблон функции "size_t _countof_ns_aux&lt;8,4,volatile const int*&gt;(const T &amp;) noexcept"
        with
        [
            T=volatile const int *
        ]
NMAKE : fatal error U1077: "C:\Program Files\Microsoft Visual Studio\2022\Community\Common7\IDE\CommonExtensions\Microsoft\CMake\CMake\bin\cmake.exe" -E cmake_cl_compile_depends --dep-file=CMakeFiles\neg_cv_ptr_cxx.dir\tu_stub_cxx.cpp.obj.d --working-dir=Z:\soft\my\countof_ns\build\vs17.0-nmake\tests...
[This part of the test output was removed since it exceeds the threshold of 1024 bytes.]
</system-out>
	</testcase>
	<testcase name="neg_cv_ptr_cxx_0_fail" classname="neg_cv_ptr_cxx_0_fail" time="0.035378" status="notrun">
		<skipped message="SKIP_RETURN_CODE=42"/>
		<properties>
			<property name="cmake_labels" value="countof_ns;default"/>
		</properties>
		<system-out></system-out>
	</testcase>
	<testcase name="neg_other" classname="neg_other" time="0.480845" status="run">
		<properties>
			<property name="cmake_labels" value="countof_ns;default"/>
		</properties>
		<system-out>[  0%] Built target CounofNS
[ 50%] Building C object tests/unit/CMakeFiles/neg_other.dir/tu_stub.c.obj
tu_stub.c
Z:\soft\my\countof_ns\tests\unit\neg_other.h(4): error C2100: нельзя разыменовать операнд типа "int"
Z:\soft\my\countof_ns\tests\unit\neg_other.h(4): error C2118: отрицательный индекс
Z:\soft\my\countof_ns\tests\unit\neg_other.h(4): error C2148: общий размер массива не должен превышать 0x7fffffff байт
Z:\soft\my\countof_ns\tests\unit\neg_other.h(4): warning C4034: sizeof возвращает 0
NMAKE : fatal error U1077: "C:\Program Files\Microsoft Visual Studio\2022\Community\Common7\IDE\CommonExtensions\Microsoft\CMake\CMake\bin\cmake.exe" -E cmake_cl_compile_depends --dep-file=CMakeFiles\neg_other.dir\tu_stub.c.obj.d --working-dir=Z:\soft\my\countof_ns\build\vs17.0-nmake\tests\unit --filter-prefix="[NON-UTF-8-BYTE-0xCF][NON-UTF-8-BYTE-0xF0][NON-UTF-8-BYTE-0xE8][NON-UTF-8-BYTE-0xEC][NON-UTF-8-BYTE-0xE5][NON-UTF-8-BYTE-0xF7][NON-UTF-8-BYTE-0xE0][NON-UTF-8-BYTE-0xED][NON-UTF-8-BYTE-0xE8][NON-UTF-8-BYTE-0xE5]: [NON-UTF-8-BYTE-0xE2][NON-UTF-8-BYTE-0xEA][NON-UTF-8-BYTE-0xEB][NON-UTF-8-BYTE-0xFE][NON-UTF-8-BYTE-0xF7][NON-UTF-8-BYTE-0xE5][NON-UTF-8-BYTE-0xED][NON-UTF-8-BYTE-0xE8][NON-UTF-8-BYTE-0xE5] [NON-UTF-8-BYTE-0xF4][NON-UTF-8-BYTE-0xE0][NON-UTF-8-BYTE-0xE9][NON-UTF-8-BYTE-0xEB][NON-UTF-8-BYTE-0xE0]:  " -- C:\PROGRA~1\MICROS~2\2022\COMMUN~1\VC\Tools\MSVC\1444~1.352\bin\Hostx64\x64\cl...
[This part of the test output was removed since it exceeds the threshold of 1024 bytes.]
</system-out>
	</testcase>
	<testcase name="neg_other_0_fail" classname="neg_other_0_fail" time="0.0312391" status="notrun">
		<skipped message="SKIP_RETURN_CODE=42"/>
		<properties>
			<property name="cmake_labels" value="countof_ns;default"/>
		</properties>
		<system-out></system-out>
	</testcase>
	<testcase name="neg_other_cxx" classname="neg_other_cxx" time="0.500468" status="run">
		<properties>
			<property name="cmake_labels" value="countof_ns;default"/>
		</properties>
		<system-out>[  0%] Built target CounofNS
[ 50%] Building CXX object tests/unit/CMakeFiles/neg_other_cxx.dir/tu_stub_cxx.cpp.obj
tu_stub_cxx.cpp
Z:\soft\my\countof_ns\tests\unit\neg_other.h(4): error C2100: нельзя разыменовать операнд типа "int"
NMAKE : fatal error U1077: "C:\Program Files\Microsoft Visual Studio\2022\Community\Common7\IDE\CommonExtensions\Microsoft\CMake\CMake\bin\cmake.exe" -E cmake_cl_compile_depends --dep-file=CMakeFiles\neg_other_cxx.dir\tu_stub_cxx.cpp.obj.d --working-dir=Z:\soft\my\countof_ns\build\vs17.0-nmake\tests\unit --filter-prefix="[NON-UTF-8-BYTE-0xCF][NON-UTF-8-BYTE-0xF0][NON-UTF-8-BYTE-0xE8][NON-UTF-8-BYTE-0xEC][NON-UTF-8-BYTE-0xE5][NON-UTF-8-BYTE-0xF7][NON-UTF-8-BYTE-0xE0][NON-UTF-8-BYTE-0xED][NON-UTF-8-BYTE-0xE8][NON-UTF-8-BYTE-0xE5]: [NON-UTF-8-BYTE-0xE2][NON-UTF-8-BYTE-0xEA][NON-UTF-8-BYTE-0xEB][NON-UTF-8-BYTE-0xFE][NON-UTF-8-BYTE-0xF7][NON-UTF-8-BYTE-0xE5][NON-UTF-8-BYTE-0xED][NON-UTF-8-BYTE-0xE8][NON-UTF-8-BYTE-0xE5] [NON-UTF-8-BYTE-0xF4][NON-UTF-8-BYTE-0xE0][NON-UTF-8-BYTE-0xE9][NON-UTF-8-BYTE-0xEB][NON-UTF-8-BYTE-0xE0]:  " -- C:\PROGRA~1\MICROS~2\2022\COMMUN~1\VC\Tools\MSVC\1444~1.352\bin\Hostx64\x64\cl.exe @C:\Users\leo\AppData\Local\Temp\nm557E.tmp : [NON-UTF-8-BYTE-0xE2][NON-UTF-8-BYTE-0xEE][NON-UTF-8-BYTE-0xE7][NON-UTF-8-BYTE-0xE2][NON-UTF-8-BYTE-0xF0][NON-UTF-8-BYTE-0xE0][NON-UTF-8-BYTE-0xF9][NON-UTF-8-BYTE-0xE5][NON-UTF-8-BYTE-0xED][NON-UTF-8-BYTE-0xED][NON-UTF-8-BYTE-0xFB][NON-UTF-8-BYTE-0xE9] [NON-UTF-8-BYTE-0xEA][NON-UTF-8-BYTE-0xEE][NON-UTF-8-BYTE-0xE4] "0x2"
Stop.
NMAKE : fatal error U1077: "C:\Program Files\Microsoft Visual Studio\2022\Community\VC\Tools\MSVC\14.44.35207\bin\HostX64\x64\nmake.exe" -s -f tests\unit\CMakeFiles\neg_other_cxx.dir\build.make /nologo -SL                 tests\unit\CMakeFiles\ne...
[This part of the test output was removed since it exceeds the threshold of 1024 bytes.]
</system-out>
	</testcase>
	<testcase name="neg_other_cxx_0_fail" classname="neg_other_cxx_0_fail" time="0.0429465" status="notrun">
		<skipped message="SKIP_RETURN_CODE=42"/>
		<properties>
			<property name="cmake_labels" value="countof_ns;default"/>
		</properties>
		<system-out></system-out>
	</testcase>
	<testcase name="neg_ptr" classname="neg_ptr" time="0.511901" status="run">
		<properties>
			<property name="cmake_labels" value="countof_ns;default"/>
		</properties>
		<system-out>[  0%] Built target CounofNS
[ 50%] Building C object tests/unit/CMakeFiles/neg_ptr.dir/tu_stub.c.obj
tu_stub.c
Z:\soft\my\countof_ns\tests\unit\neg_ptr.h(6): error C2118: отрицательный индекс
Z:\soft\my\countof_ns\tests\unit\neg_ptr.h(6): error C2148: общий размер массива не должен превышать 0x7fffffff байт
Z:\soft\my\countof_ns\tests\unit\neg_ptr.h(6): warning C4034: sizeof возвращает 0
Z:\soft\my\countof_ns\tests\unit\neg_ptr.h(7): error C2118: отрицательный индекс
Z:\soft\my\countof_ns\tests\unit\neg_ptr.h(7): error C2148: общий размер массива не должен превышать 0x7fffffff байт
Z:\soft\my\countof_ns\tests\unit\neg_ptr.h(7): warning C4034: sizeof возвращает 0
NMAKE : fatal error U1077: "C:\Program Files\Microsoft Visual Studio\2022\Community\Common7\IDE\CommonExtensions\Microsoft\CMake\CMake\bin\cmake.exe" -E cmake_cl_compile_depends --dep-file=CMakeFiles\neg_ptr.dir\tu_s...
[This part of the test output was removed since it exceeds the threshold of 1024 bytes.]
</system-out>
	</testcase>
	<testcase name="neg_ptr_0_fail" classname="neg_ptr_0_fail" time="0.0315912" status="notrun">
		<skipped message="SKIP_RETURN_CODE=42"/>
		<properties>
			<property name="cmake_labels" value="countof_ns;default"/>
		</properties>
		<system-out></system-out>
	</testcase>
	<testcase name="neg_ptr_cxx" classname="neg_ptr_cxx" time="0.593941" status="run">
		<properties>
			<property name="cmake_labels" value="countof_ns;default"/>
		</properties>
		<system-out>[  0%] Built target CounofNS
[ 50%] Building CXX object tests/unit/CMakeFiles/neg_ptr_cxx.dir/tu_stub_cxx.cpp.obj
tu_stub_cxx.cpp
Z:\soft\my\countof_ns\include\countof_ns.h(107): error C2338: static_assert failed: 'Argument must be zero-length array'
Z:\soft\my\countof_ns\include\countof_ns.h(107): note: контекст создания экземпляра шаблона (сначала самый старый)
Z:\soft\my\countof_ns\tests\unit\neg_ptr.h(6): note: выполняется компиляция ссылки на экземпляр шаблон функции "size_t _countof_ns_aux&lt;8,4,int*&gt;(const T &amp;) noexcept"
        with
        [
            T=int *
        ]
NMAKE : fatal error U1077: "C:\Program Files\Microsoft Visual Studio\2022\Community\Common7\IDE\CommonExtensions\Microsoft\CMake\CMake\bin\cmake.exe" -E cmake_cl_compile_depends --dep-file=CMakeFiles\neg_ptr_cxx.dir\tu_stub_cxx.cpp.obj.d --working-dir=Z:\soft\my\countof_ns\build\vs17.0-nmake\tests\unit --filter-prefix="[NON-UTF-8-BYTE-0xCF][NON-UTF-8-BYTE-0xF0][NON-UTF-8-BYTE-0xE8][NON-UTF-8-BYTE-0xEC][NON-UTF-8-BYTE-0xE5][NON-UTF-8-BYTE-0xF7][NON-UTF-8-BYTE-0xE0][NON-UTF-8-BYTE-0xED][NON-UTF-8-BYTE-0xE8][NON-UTF-8-BYTE-0xE5]: [NON-UTF-8-BYTE-0xE2][NON-UTF-8-BYTE-0xEA][NON-UTF-8-BYTE-0xEB][NON-UTF-8-BYTE-0xFE]...
[This part of the test output was removed since it exceeds the threshold of 1024 bytes.]
</system-out>
	</testcase>
	<testcase name="neg_ptr_cxx_0_fail" classname="neg_ptr_cxx_0_fail" time="0.0290317" status="notrun">
		<skipped message="SKIP_RETURN_CODE=42"/>
		<properties>
			<property name="cmake_labels" value="countof_ns;default"/>
		</properties>
		<system-out></system-out>
	</testcase>
	<testcase name="short_example" classname="short_example" time="0.0168328" status="run">
		<properties/>
		<system-out>short_example: Ok (fail=0)
</system-out>
	</testcase>
	<testcase name="short_example_fail" classname="short_example_fail" time="0.617023" status="run">
		<properties/>
		<system-out>Internal cmake changing into directory: Z:/soft/my/countof_ns/build/vs17.0-nmake
Change Dir: 'Z:/soft/my/countof_ns/build/vs17.0-nmake'

Run Build Command(s): nmake -f Makefile /nologo short_example_fail
[  0%] Built target CounofNS
[ 50%] Building C object examples/CMakeFiles/short_example_fail.dir/short_example.c.obj
short_example.c
Must error below @{
Z:\soft\my\countof_ns\examples\short_example.h(72): error C2466: ╨╜╨╡╨▓╨╛╨╖╨╝╨╛╨╢╨╜╨╛ ╨▓╤Л╨┤╨╡╨╗╨╕╤В╤М ╨┐╨░╨╝╤П╤В╤М ╨┤╨╗╤П ╨╝╨░╤Б╤Б╨╕╨▓╨░ ╨┐╨╛╤Б╤В╨╛╤П╨╜╨╜╨╛╨│╨╛ ╨╜╤Г╨╗╨╡╨▓╨╛╨│╨╛ ╤А╨░╨╖╨╝╨╡╤А╨░
Z:\soft\my\countof_ns\examples\short_example.h(72): error C2118: ╨╛╤В╤А╨╕╤Ж╨░╤В╨╡╨╗╤М╨╜╤Л╨╣ ╨╕╨╜╨┤╨╡╨║╤Б
Z:\soft\my\countof_ns\examples\short_example.h(72): error C2148: ╨╛╨...
[This part of the test output was removed since it exceeds the threshold of 1024 bytes.]
</system-out>
	</testcase>
	<testcase name="short_example_cxx" classname="short_example_cxx" time="0.0149841" status="run">
		<properties/>
		<system-out>short_example: Ok (fail=0)
</system-out>
	</testcase>
	<testcase name="short_example_cxx_fail" classname="short_example_cxx_fail" time="0.629319" status="run">
		<properties/>
		<system-out>Internal cmake changing into directory: Z:/soft/my/countof_ns/build/vs17.0-nmake
Change Dir: 'Z:/soft/my/countof_ns/build/vs17.0-nmake'

Run Build Command(s): nmake -f Makefile /nologo short_example_cxx_fail
[  0%] Built target CounofNS
[ 50%] Building CXX object examples/CMakeFiles/short_example_cxx_fail.dir/short_example_cxx.cpp.obj
short_example_cxx.cpp
Must error below @{
}@ Must error above &amp; below @{
}@ Must error above &amp; below @{
Z:\soft\my\countof_ns\examples\short_example.h(76): error C2100: ╨╜╨╡╨╗╤М╨╖╤П ╤А╨░╨╖╤Л╨╝╨╡╨╜╨╛╨▓╨░╤В╤М ╨╛╨┐╨╡╤А╨░╨╜╨┤ ╤В╨╕╨┐╨░ "int"
}@ Must error above &amp; below @{
Z:\soft\my\countof_ns\examples\short_example.h(78): error C2100: ╨╜╨╡╨╗╤М╨╖╤П ╤А╨░╨╖╤Л╨╝╨╡╨╜╨╛╨▓╨░╤В╤М ╨╛╨┐╨╡╤А╨░╨╜╨┤ ╤В╨╕╨┐╨░ "int"
}@ Must error above &amp; below @{
Z:\soft\my\countof_ns\examples\short_ex...
[This part of the test output was removed since it exceeds the threshold of 1024 bytes.]
</system-out>
	</testcase>
	<testcase name="long_example" classname="long_example" time="0.012897" status="run">
		<properties/>
		<system-out>short_example: Ok (fail=0)
cv_example: Ok
_MSC_VER 1944 _COUNTOF_NS_VLA_UNSUPPORTED __STDC_NO_VLA__ 1 __STDC_VERSION__ 201710
</system-out>
	</testcase>
	<testcase name="long_example_fail" classname="long_example_fail" time="0.584532" status="run">
		<properties/>
		<system-out>Internal cmake changing into directory: Z:/soft/my/countof_ns/build/vs17.0-nmake
Change Dir: 'Z:/soft/my/countof_ns/build/vs17.0-nmake'

Run Build Command(s): nmake -f Makefile /nologo long_example_fail
[  0%] Built target CounofNS
[ 50%] Building C object examples/CMakeFiles/long_example_fail.dir/long_example.c.obj
long_example.c
Must error below @{
Z:\soft\my\countof_ns\examples\short_example.h(72): error C2466: ╨╜╨╡╨▓╨╛╨╖╨╝╨╛╨╢╨╜╨╛ ╨▓╤Л╨┤╨╡╨╗╨╕╤В╤М ╨┐╨░╨╝╤П╤В╤М ╨┤╨╗╤П ╨╝╨░╤Б╤Б╨╕╨▓╨░ ╨┐╨╛╤Б╤В╨╛╤П╨╜╨╜╨╛╨│╨╛ ╨╜╤Г╨╗╨╡╨▓╨╛╨│╨╛ ╤А╨░╨╖╨╝╨╡╤А╨░
Z:\soft\my\countof_ns\examples\short_example.h(72): error C2118: ╨╛╤В╤А╨╕╤Ж╨░╤В╨╡╨╗╤М╨╜╤Л╨╣ ╨╕╨╜╨┤╨╡╨║╤Б
Z:\soft\my\countof_ns\examples\short_example.h(72): error C2148: ╨╛╨▒...
[This part of the test output was removed since it exceeds the threshold of 1024 bytes.]
</system-out>
	</testcase>
	<testcase name="long_example_cxx" classname="long_example_cxx" time="0.0145407" status="run">
		<properties/>
		<system-out>short_example: Ok (fail=0)
cv_example: Ok
std_size_example: Ok (fail=0)
_MSC_VER 1944 __cpp_lib_nonmember_container_access 201411 __cplusplus 202400
</system-out>
	</testcase>
	<testcase name="long_example_cxx_fail" classname="long_example_cxx_fail" time="0.944328" status="run">
		<properties/>
		<system-out>Internal cmake changing into directory: Z:/soft/my/countof_ns/build/vs17.0-nmake
Change Dir: 'Z:/soft/my/countof_ns/build/vs17.0-nmake'

Run Build Command(s): nmake -f Makefile /nologo long_example_cxx_fail
[  0%] Built target CounofNS
[ 50%] Building CXX object examples/CMakeFiles/long_example_cxx_fail.dir/long_example_cxx.cpp.obj
long_example_cxx.cpp
Must error below @{
}@ Must error above &amp; below @{
}@ Must error above &amp; below @{
Z:\soft\my\countof_ns\examples\short_example.h(76): error C2100: ╨╜╨╡╨╗╤М╨╖╤П ╤А╨░╨╖╤Л╨╝╨╡╨╜╨╛╨▓╨░╤В╤М ╨╛╨┐╨╡╤А╨░╨╜╨┤ ╤В╨╕╨┐╨░ "int"
}@ Must error above &amp; below @{
Z:\soft\my\countof_ns\examples\short_example.h(78): error C2100: ╨╜╨╡╨╗╤М╨╖╤П ╤А╨░╨╖╤Л╨╝╨╡╨╜╨╛╨▓╨░╤В╤М ╨╛╨┐╨╡╤А╨░╨╜╨┤ ╤В╨╕╨┐╨░ "int"
}@ Must error above &amp; below @{
Z:\soft\my\countof_ns\examples\short_exampl...
[This part of the test output was removed since it exceeds the threshold of 1024 bytes.]
</system-out>
	</testcase>
	<testcase name="_check_logs_config" classname="_check_logs_config" time="0.032667" status="run">
		<properties>
			<property name="cmake_labels" value="default"/>
		</properties>
		<system-out>CL_TAG=''
               TAC_WERROR=''
               CXX_ENABLED='TRUE'
               CMAKE_C_COMPILER_ID='MSVC'
               CMAKE_C_COMPILER_VERSION='19.44.35213.0'
               CMAKE_C_FLAGS='/DWIN32 /D_WINDOWS  -D_CRT_SECURE_NO_WARNINGS /Zc:__cplusplus -DHAVE_CV_TYPEOF=1 -DHAVE___TYPEOF__=1 -DERROR_ON_NEGATIVE_ARRAY_SIZE=1 -DERROR_ON_STRUCT_BIT_FIELD=1 -DERROR_ON_STRUCT_STATIC_ASSERT=1'
               CMAKE_CXX_COMPILER_ID='MSVC'
               CMAKE_CXX_COMPILER_VERSION='19.44.35213.0'
               CMAKE_CXX_FLAGS='/DWIN32 /D_WINDOWS  -D_CRT_SECURE_NO_WARNINGS /Zc:__cplusplus -DHAVE_CV_TYPEOF=1 -DHAVE___TYPEOF__=1 -DERROR_ON_NEGATIVE_ARRAY_SIZE=1 -DERROR_ON_STRUCT_BIT_FIELD=1 -DERROR_ON_STRUCT_STATIC_ASSERT=1'
               
</system-out>
	</testcase>
</testsuite>
