<?xml version="1.0" encoding="UTF-8"?>
<testsuite name="(empty)"
	tests="173"
	failures="40"
	disabled="0"
	skipped="39"
	hostname=""
	time="41"
	timestamp="2025-12-02T20:00:17"
	>
	<testcase name="pos__selftest" classname="pos__selftest" time="0.00327788" status="run">
		<properties>
			<property name="cmake_labels" value="countof_ns;default"/>
		</properties>
		<system-out>Ok 1 TU_STATIC_ASSERT_AND_RETURN((1)=1, ...) /home/parallels/soft/my/countof_ns/tests/unit/pos__selftest.h:pos__selftest.h:TU_UNIT for countof_ns.h:countof_ns(), C 201710L
</system-out>
	</testcase>
	<testcase name="pos__selftest_cxx" classname="pos__selftest_cxx" time="0.00352135" status="run">
		<properties>
			<property name="cmake_labels" value="countof_ns;default"/>
		</properties>
		<system-out>Ok 1 TU_STATIC_ASSERT_AND_RETURN((1)=1, ...) /home/parallels/soft/my/countof_ns/tests/unit/pos__selftest.h:pos__selftest.h:TU_UNIT for countof_ns.h:countof_ns(), C++ 202302L
</system-out>
	</testcase>
	<testcase name="pos_array" classname="pos_array" time="0.0027943" status="run">
		<properties>
			<property name="cmake_labels" value="countof_ns;default"/>
		</properties>
		<system-out>Ok 1 TU_STATIC_ASSERT_AND_RETURN((1)=1, ...) /home/parallels/soft/my/countof_ns/tests/unit/pos_array.h:pos_array.h:TU_UNIT for countof_ns.h:countof_ns(), C 201710L
</system-out>
	</testcase>
	<testcase name="pos_array_cxx" classname="pos_array_cxx" time="0.00346517" status="run">
		<properties>
			<property name="cmake_labels" value="countof_ns;default"/>
		</properties>
		<system-out>Ok 1 TU_STATIC_ASSERT_AND_RETURN((1)=1, ...) /home/parallels/soft/my/countof_ns/tests/unit/pos_array.h:pos_array.h:TU_UNIT for countof_ns.h:countof_ns(), C++ 202302L
</system-out>
	</testcase>
	<testcase name="pos_cv_array" classname="pos_cv_array" time="0.246447" status="fail">
		<failure message="Failed"/>
		<properties>
			<property name="cmake_labels" value="countof_ns;default"/>
		</properties>
		<system-out>Internal cmake changing into directory: /home/parallels/soft/my/countof_ns/build/Linux_pgcc_pgc++
Change Dir: '/home/parallels/soft/my/countof_ns/build/Linux_pgcc_pgc++'

Run Build Command(s): /usr/bin/gmake -f Makefile pos_cv_array
Built target CounofNS
Building C object tests/unit/CMakeFiles/pos_cv_array.dir/tu_stub.c.o
"/home/parallels/soft/my/countof_ns/tests/unit/pos_cv_array.h", line 4: error: the size of an array must be greater than zero
      TU_STATIC_ASSERT_AND_RETURN(1, TU_COUNTOF(a));
      ^

"/home/parallels/soft/my/countof_ns/tests/unit/pos_cv_array.h", line 4: error: the size of an array must be greater than zero
      TU_STATIC_ASSERT_AND_RETURN(1, TU_COUNTOF(a));
      ^

"/home/parallels/soft/my/countof_ns/tests/unit/pos_cv_array.h", line 4: error: the size of an array must be greater than zero
      TU_STATIC_ASSERT_AND_RETURN(1, TU_COUNTOF(a));
      ^

"/home/parallels/soft/my/countof_ns/tests/unit/pos_cv_array.h", line 4: error: the size of an array must be greater than zero
      TU_STATIC_ASSERT_AND_RETURN(1, TU_COUNTOF(a));
      ^

"/home/parallels/soft/my/countof_ns/tests/unit/pos_cv_array.h", line 4: error: the size of an array must be greater than zero
      TU_STATIC_ASSERT_AND_RETURN(1, TU_COUNTOF(a));
      ^

"/home/parallels/soft/my/countof_ns/tests/unit/pos_cv_array.h", line 4: error: the size of an array must be greater than zero
      TU_STATIC_ASSERT_AND_RETURN(1, TU_COUNTOF(a));
      ^

"/home/parallels/soft/my/countof_ns/tests/unit/pos_cv_array.h", line 4: error: the size of an array must be greater than zero
      TU_STATIC_ASSERT_AND_RETURN(1, TU_COUNTOF(a));
      ^

7 errors detected in the compilation of "/home/parallels/soft/my/countof_ns/tests/unit/tu_stub.c".
gmake[3]: *** [tests/unit/CMakeFiles/pos_cv_array.dir/build.make:79: tests/unit/CMakeFiles/pos_cv_array.dir/tu_stub.c.o] Ошибка 2
gmake[2]: *** [CMakeFiles/Makefile2:770: tests/unit/CMakeFiles/pos_cv_array.dir/all] Ошибка 2
gmake[1]: *** [CMakeFiles/Makefile2:777: tests/unit/CMakeFiles/pos_cv_array.dir/rule] Ошибка 2
gmake: *** [Makefile:303: pos_cv_array] Ошибка 2

</system-out>
	</testcase>
	<testcase name="pos_cv_array_cxx" classname="pos_cv_array_cxx" time="0.467669" status="run">
		<properties>
			<property name="cmake_labels" value="countof_ns;default"/>
		</properties>
		<system-out>Internal cmake changing into directory: /home/parallels/soft/my/countof_ns/build/Linux_pgcc_pgc++
Change Dir: '/home/parallels/soft/my/countof_ns/build/Linux_pgcc_pgc++'

Run Build Command(s): /usr/bin/gmake -f Makefile pos_cv_array_cxx
[  0%] Built target CounofNS
[100%] Building CXX object tests/unit/CMakeFiles/pos_cv_array_cxx.dir/tu_stub_cxx.cpp.o
[100%] Linking CXX executable pos_cv_array_cxx
[100%] Built target pos_cv_array_cxx

Running test command: "/home/parallels/soft/my/countof_ns/build/Linux_pgcc_pgc++/tests/unit/pos_cv_array_cxx"
Ok 1 TU_STATIC_ASSERT_AND_RETURN((1)=1, ...) /home/parallels/soft/my/countof_ns/tests/unit/pos_cv_array.h:pos_cv_array.h:TU_UNIT for countof_ns.h:countof_ns(), C++ 202302L

</system-out>
	</testcase>
	<testcase name="pos_struct_n0" classname="pos_struct_n0" time="0.247105" status="fail">
		<failure message="Failed"/>
		<properties>
			<property name="cmake_labels" value="countof_ns;default"/>
		</properties>
		<system-out>Internal cmake changing into directory: /home/parallels/soft/my/countof_ns/build/Linux_pgcc_pgc++
Change Dir: '/home/parallels/soft/my/countof_ns/build/Linux_pgcc_pgc++'

Run Build Command(s): /usr/bin/gmake -f Makefile pos_struct_n0
[  0%] Built target CounofNS
[100%] Building C object tests/unit/CMakeFiles/pos_struct_n0.dir/tu_stub.c.o
"/home/parallels/soft/my/countof_ns/tests/unit/pos_struct_n0.h", line 4: error: static assertion failed with "(1) == ((((!sizeof(*(a)) ? 0 : sizeof(a)/( sizeof(*(a)) ? sizeof(*(a)) : (size_t)-1 )) + ((size_t)!sizeof(char[_Generic(&amp;(a), __typeof__(*(a)) (*)[(!sizeof(*(a)) ? 0 : sizeof(a)/( sizeof(*(a)) ? sizeof(*(a)) : (size_t)-1 ))]: 1, default: -1)])))))"
      TU_STATIC_ASSERT_AND_RETURN(1, TU_COUNTOF(a));
      ^

1 error detected in the compilation of "/home/parallels/soft/my/countof_ns/tests/unit/tu_stub.c".
gmake[3]: *** [tests/unit/CMakeFiles/pos_struct_n0.dir/build.make:79: tests/unit/CMakeFiles/pos_struct_n0.dir/tu_stub.c.o] Ошибка 2
gmake[2]: *** [CMakeFiles/Makefile2:834: tests/unit/CMakeFiles/pos_struct_n0.dir/all] Ошибка 2
gmake[1]: *** [CMakeFiles/Makefile2:841: tests/unit/CMakeFiles/pos_struct_n0.dir/rule] Ошибка 2
gmake: *** [Makefile:329: pos_struct_n0] Ошибка 2

</system-out>
	</testcase>
	<testcase name="pos_struct_n0_cxx" classname="pos_struct_n0_cxx" time="0.00364238" status="run">
		<properties>
			<property name="cmake_labels" value="countof_ns;default"/>
		</properties>
		<system-out>Ok 1 TU_STATIC_ASSERT_AND_RETURN((1)=1, ...) /home/parallels/soft/my/countof_ns/tests/unit/pos_struct_n0.h:pos_struct_n0.h:TU_UNIT for countof_ns.h:countof_ns(), C++ 202302L
</system-out>
	</testcase>
	<testcase name="pos_struct_zla_00" classname="pos_struct_zla_00" time="0.00304814" status="run">
		<properties>
			<property name="cmake_labels" value="countof_ns;default"/>
		</properties>
		<system-out>Ok 0 TU_STATIC_ASSERT_AND_RETURN((0)=0, ...) /home/parallels/soft/my/countof_ns/tests/unit/pos_struct_zla_00.h:pos_struct_zla_00.h:TU_UNIT for countof_ns.h:countof_ns(), C 201710L
</system-out>
	</testcase>
	<testcase name="pos_struct_zla_00_cxx" classname="pos_struct_zla_00_cxx" time="0.00348854" status="run">
		<properties>
			<property name="cmake_labels" value="countof_ns;default"/>
		</properties>
		<system-out>Ok 0 TU_STATIC_ASSERT_AND_RETURN((0)=0, ...) /home/parallels/soft/my/countof_ns/tests/unit/pos_struct_zla_00.h:pos_struct_zla_00.h:TU_UNIT for countof_ns.h:countof_ns(), C++ 202302L
</system-out>
	</testcase>
	<testcase name="pos_zla_00" classname="pos_zla_00" time="0.00264138" status="run">
		<properties>
			<property name="cmake_labels" value="countof_ns;default"/>
		</properties>
		<system-out>Ok 0 TU_STATIC_ASSERT_AND_RETURN((0)=0, ...) /home/parallels/soft/my/countof_ns/tests/unit/pos_zla_00.h:pos_zla_00.h:TU_UNIT for countof_ns.h:countof_ns(), C 201710L
</system-out>
	</testcase>
	<testcase name="pos_zla_00_cxx" classname="pos_zla_00_cxx" time="0.00347912" status="run">
		<properties>
			<property name="cmake_labels" value="countof_ns;default"/>
		</properties>
		<system-out>Ok 0 TU_STATIC_ASSERT_AND_RETURN((0)=0, ...) /home/parallels/soft/my/countof_ns/tests/unit/pos_zla_00.h:pos_zla_00.h:TU_UNIT for countof_ns.h:countof_ns(), C++ 202302L
</system-out>
	</testcase>
	<testcase name="pos_zla_0n" classname="pos_zla_0n" time="0.00279289" status="run">
		<properties>
			<property name="cmake_labels" value="countof_ns;default"/>
		</properties>
		<system-out>Ok 0 TU_STATIC_ASSERT_AND_RETURN((0)=0, ...) /home/parallels/soft/my/countof_ns/tests/unit/pos_zla_0n.h:pos_zla_0n.h:TU_UNIT for countof_ns.h:countof_ns(), C 201710L
</system-out>
	</testcase>
	<testcase name="pos_zla_0n_cxx" classname="pos_zla_0n_cxx" time="0.00340968" status="run">
		<properties>
			<property name="cmake_labels" value="countof_ns;default"/>
		</properties>
		<system-out>Ok 0 TU_STATIC_ASSERT_AND_RETURN((0)=0, ...) /home/parallels/soft/my/countof_ns/tests/unit/pos_zla_0n.h:pos_zla_0n.h:TU_UNIT for countof_ns.h:countof_ns(), C++ 202302L
</system-out>
	</testcase>
	<testcase name="pos_zla_n0" classname="pos_zla_n0" time="0.236578" status="fail">
		<failure message="Failed"/>
		<properties>
			<property name="cmake_labels" value="countof_ns;default"/>
		</properties>
		<system-out>Internal cmake changing into directory: /home/parallels/soft/my/countof_ns/build/Linux_pgcc_pgc++
Change Dir: '/home/parallels/soft/my/countof_ns/build/Linux_pgcc_pgc++'

Run Build Command(s): /usr/bin/gmake -f Makefile pos_zla_n0
Built target CounofNS
Building C object tests/unit/CMakeFiles/pos_zla_n0.dir/tu_stub.c.o
"/home/parallels/soft/my/countof_ns/tests/unit/pos_zla_n0.h", line 4: error: static assertion failed with "(1) == ((((!sizeof(*(b)) ? 0 : sizeof(b)/( sizeof(*(b)) ? sizeof(*(b)) : (size_t)-1 )) + ((size_t)!sizeof(char[_Generic(&amp;(b), __typeof__(*(b)) (*)[(!sizeof(*(b)) ? 0 : sizeof(b)/( sizeof(*(b)) ? sizeof(*(b)) : (size_t)-1 ))]: 1, default: -1)])))))"
      TU_STATIC_ASSERT_AND_RETURN(1, TU_COUNTOF(b));
      ^

1 error detected in the compilation of "/home/parallels/soft/my/countof_ns/tests/unit/tu_stub.c".
gmake[3]: *** [tests/unit/CMakeFiles/pos_zla_n0.dir/build.make:79: tests/unit/CMakeFiles/pos_zla_n0.dir/tu_stub.c.o] Ошибка 2
gmake[2]: *** [CMakeFiles/Makefile2:1090: tests/unit/CMakeFiles/pos_zla_n0.dir/all] Ошибка 2
gmake[1]: *** [CMakeFiles/Makefile2:1097: tests/unit/CMakeFiles/pos_zla_n0.dir/rule] Ошибка 2
gmake: *** [Makefile:433: pos_zla_n0] Ошибка 2

</system-out>
	</testcase>
	<testcase name="pos_zla_n0_cxx" classname="pos_zla_n0_cxx" time="0.00293816" status="run">
		<properties>
			<property name="cmake_labels" value="countof_ns;default"/>
		</properties>
		<system-out>Ok 1 TU_STATIC_ASSERT_AND_RETURN((1)=1, ...) /home/parallels/soft/my/countof_ns/tests/unit/pos_zla_n0.h:pos_zla_n0.h:TU_UNIT for countof_ns.h:countof_ns(), C++ 202302L
</system-out>
	</testcase>
	<testcase name="neg__selftest" classname="neg__selftest" time="0.246287" status="run">
		<properties>
			<property name="cmake_labels" value="countof_ns;default"/>
		</properties>
		<system-out>Built target CounofNS
Building C object tests/unit/CMakeFiles/neg__selftest.dir/tu_stub.c.o
"/home/parallels/soft/my/countof_ns/tests/unit/neg__selftest.h", line 12: error: static assertion failed with "0"
          tu_static_assert(0);
          ^

1 error detected in the compilation of "/home/parallels/soft/my/countof_ns/tests/unit/tu_stub.c".
gmake[3]: *** [tests/unit/CMakeFiles/neg__selftest.dir/build.make:79: tests/unit/CMakeFiles/neg__selftest.dir/tu_stub.c.o] Ошибка 2
gmake[2]: *** [CMakeFiles/Makefile2:1154: tests/unit/CMakeFiles/neg__selftest.dir/all] Ошибка 2
gmake[1]: *** [CMakeFiles/Makefile2:1161: tests/unit/CMakeFiles/neg__selftest.dir/rule] Ошибка 2
gmake: *** [Makefile:459: neg__selftest] Ошибка 2
</system-out>
	</testcase>
	<testcase name="neg__selftest_0_fail" classname="neg__selftest_0_fail" time="0.0114249" status="notrun">
		<skipped message="SKIP_RETURN_CODE=42"/>
		<properties>
			<property name="cmake_labels" value="countof_ns;default"/>
		</properties>
		<system-out></system-out>
	</testcase>
	<testcase name="neg__selftest_cxx" classname="neg__selftest_cxx" time="0.260588" status="run">
		<properties>
			<property name="cmake_labels" value="countof_ns;default"/>
		</properties>
		<system-out>[  0%] Built target CounofNS
[100%] Building CXX object tests/unit/CMakeFiles/neg__selftest_cxx.dir/tu_stub_cxx.cpp.o
"/home/parallels/soft/my/countof_ns/tests/unit/neg__selftest.h", line 12: error: static assertion failed with "0"
          tu_static_assert(0);
          ^

1 error detected in the compilation of "/home/parallels/soft/my/countof_ns/tests/unit/tu_stub_cxx.cpp".
gmake[3]: *** [tests/unit/CMakeFiles/neg__selftest_cxx.dir/build.make:79: tests/unit/CMakeFiles/neg__selftest_cxx.dir/tu_stub_cxx.cpp.o] Ошибка 2
gmake[2]: *** [CMakeFiles/Makefile2:1186: tests/unit/CMakeFiles/neg__selftest_cxx.dir/all] Ошибка 2
gmake[1]: *** [CMakeFiles/Makefile2:1193: tests/unit/CMakeFiles/neg__selftest_cxx.dir/rule] Ошибка 2
gmake: *** [Makefile:472: neg__selftest_cxx] Ошибка 2
</system-out>
	</testcase>
	<testcase name="neg__selftest_cxx_0_fail" classname="neg__selftest_cxx_0_fail" time="0.0124106" status="notrun">
		<skipped message="SKIP_RETURN_CODE=42"/>
		<properties>
			<property name="cmake_labels" value="countof_ns;default"/>
		</properties>
		<system-out></system-out>
	</testcase>
	<testcase name="neg_cv_ptr" classname="neg_cv_ptr" time="0.258435" status="run">
		<properties>
			<property name="cmake_labels" value="countof_ns;default"/>
		</properties>
		<system-out>[  0%] Built target CounofNS
[100%] Building C object tests/unit/CMakeFiles/neg_cv_ptr.dir/tu_stub.c.o
"/home/parallels/soft/my/countof_ns/tests/unit/neg_cv_ptr.h", line 4: error: the size of an array must be greater than zero
      return TU_COUNTOF(p);
             ^

1 error detected in the compilation of "/home/parallels/soft/my/countof_ns/tests/unit/tu_stub.c".
gmake[3]: *** [tests/unit/CMakeFiles/neg_cv_ptr.dir/build.make:79: tests/unit/CMakeFiles/neg_cv_ptr.dir/tu_stub.c.o] Ошибка 2
gmake[2]: *** [CMakeFiles/Makefile2:1218: tests/unit/CMakeFiles/neg_cv_ptr.dir/all] Ошибка 2
gmake[1]: *** [CMakeFiles/Makefile2:1225: tests/unit/CMakeFiles/neg_cv_ptr.dir/rule] Ошибка 2
gmake: *** [Makefile:485: neg_cv_ptr] Ошибка 2
</system-out>
	</testcase>
	<testcase name="neg_cv_ptr_0_fail" classname="neg_cv_ptr_0_fail" time="0.0126795" status="notrun">
		<skipped message="SKIP_RETURN_CODE=42"/>
		<properties>
			<property name="cmake_labels" value="countof_ns;default"/>
		</properties>
		<system-out></system-out>
	</testcase>
	<testcase name="neg_cv_ptr_cxx" classname="neg_cv_ptr_cxx" time="0.270194" status="run">
		<properties>
			<property name="cmake_labels" value="countof_ns;default"/>
		</properties>
		<system-out>[  0%] Built target CounofNS
[  0%] Building CXX object tests/unit/CMakeFiles/neg_cv_ptr_cxx.dir/tu_stub_cxx.cpp.o
"/home/parallels/soft/my/countof_ns/include/countof_ns.h", line 109: error: static assertion failed with "Argument must be zero-length array"
          static_assert(0 == A, "Argument must be zero-length array");
          ^
          detected during instantiation of "size_t _countof_ns_aux&lt;A,E,T&gt;(const T &amp;) noexcept [with A=8UL, E=4UL, T=const volatile int *]" at line 4 of "/home/parallels/soft/my/countof_ns/tests/unit/neg_cv_ptr.h"

1 error detected in the compilation of "/home/parallels/soft/my/countof_ns/tests/unit/tu_stub_cxx.cpp".
gmake[3]: *** [tests/unit/CMakeFiles/neg_cv_ptr_cxx.dir/build.make:79: tests/unit/CMakeFiles/neg_cv_ptr_cxx.dir/tu_stub_cxx.cpp.o] Ошибка 2
gmake[2]: *** [CMakeFiles/Makefile2:1250: tests/unit/CMakeFiles/neg_cv_ptr_cxx.dir/all] Ошибка 2
gmake[1]: *** [CMakeFiles/Makefile2:1257: tests/unit/CMakeFiles/neg_cv_ptr_cxx.dir/rule] Ошибка 2
gmake: *** [M...
[This part of the test output was removed since it exceeds the threshold of 1024 bytes.]
</system-out>
	</testcase>
	<testcase name="neg_cv_ptr_cxx_0_fail" classname="neg_cv_ptr_cxx_0_fail" time="0.013837" status="notrun">
		<skipped message="SKIP_RETURN_CODE=42"/>
		<properties>
			<property name="cmake_labels" value="countof_ns;default"/>
		</properties>
		<system-out></system-out>
	</testcase>
	<testcase name="neg_other" classname="neg_other" time="0.26014" status="run">
		<properties>
			<property name="cmake_labels" value="countof_ns;default"/>
		</properties>
		<system-out>[  0%] Built target CounofNS
[  0%] Building C object tests/unit/CMakeFiles/neg_other.dir/tu_stub.c.o
"/home/parallels/soft/my/countof_ns/tests/unit/neg_other.h", line 4: error: operand of "*" must be a pointer but has type "int"
      return TU_COUNTOF(i);
             ^

"/home/parallels/soft/my/countof_ns/tests/unit/neg_other.h", line 4: error: operand of "*" must be a pointer but has type "int"
      return TU_COUNTOF(i);
             ^

"/home/parallels/soft/my/countof_ns/tests/unit/neg_other.h", line 4: error: operand of "*" must be a pointer but has type "int"
      return TU_COUNTOF(i);
             ^

"/home/parallels/soft/my/countof_ns/tests/unit/neg_other.h", line 4: error: operand of "*" must be a pointer but has type "int"
      return TU_COUNTOF(i);
             ^

"/home/parallels/soft/my/countof_ns/tests/unit/neg_other.h", line 4: error: operand of "*" must be a pointer but has type "int"
      return TU_COUNTOF(i);
             ^

"/home/parallels/soft/my/countof_ns/tests/unit/neg_other.h", l...
[This part of the test output was removed since it exceeds the threshold of 1024 bytes.]
</system-out>
	</testcase>
	<testcase name="neg_other_0_fail" classname="neg_other_0_fail" time="0.012" status="notrun">
		<skipped message="SKIP_RETURN_CODE=42"/>
		<properties>
			<property name="cmake_labels" value="countof_ns;default"/>
		</properties>
		<system-out></system-out>
	</testcase>
	<testcase name="neg_other_cxx" classname="neg_other_cxx" time="0.271103" status="run">
		<properties>
			<property name="cmake_labels" value="countof_ns;default"/>
		</properties>
		<system-out>Built target CounofNS
Building CXX object tests/unit/CMakeFiles/neg_other_cxx.dir/tu_stub_cxx.cpp.o
"/home/parallels/soft/my/countof_ns/tests/unit/neg_other.h", line 4: error: operand of "*" must be a pointer but has type "int"
      return TU_COUNTOF(i);
             ^

1 error detected in the compilation of "/home/parallels/soft/my/countof_ns/tests/unit/tu_stub_cxx.cpp".
gmake[3]: *** [tests/unit/CMakeFiles/neg_other_cxx.dir/build.make:79: tests/unit/CMakeFiles/neg_other_cxx.dir/tu_stub_cxx.cpp.o] Ошибка 2
gmake[2]: *** [CMakeFiles/Makefile2:1314: tests/unit/CMakeFiles/neg_other_cxx.dir/all] Ошибка 2
gmake[1]: *** [CMakeFiles/Makefile2:1321: tests/unit/CMakeFiles/neg_other_cxx.dir/rule] Ошибка 2
gmake: *** [Makefile:524: neg_other_cxx] Ошибка 2
</system-out>
	</testcase>
	<testcase name="neg_other_cxx_0_fail" classname="neg_other_cxx_0_fail" time="0.0123178" status="notrun">
		<skipped message="SKIP_RETURN_CODE=42"/>
		<properties>
			<property name="cmake_labels" value="countof_ns;default"/>
		</properties>
		<system-out></system-out>
	</testcase>
	<testcase name="neg_ptr" classname="neg_ptr" time="0.258647" status="run">
		<properties>
			<property name="cmake_labels" value="countof_ns;default"/>
		</properties>
		<system-out>[  0%] Built target CounofNS
gmake[3]: Предупреждение: время изменения файла «tests/unit/CMakeFiles/neg_ptr.dir/compiler_depend.make» находится в будущем (0,028)
[100%] Building C object tests/unit/CMakeFiles/neg_ptr.dir/tu_stub.c.o
"/home/parallels/soft/my/countof_ns/tests/unit/neg_ptr.h", line 6: error: the size of an array must be greater than zero
             TU_COUNTOF(p));  // TODO
             ^

"/home/parallels/soft/my/countof_ns/tests/unit/neg_ptr.h", line 7: error: the size of an array must be greater than zero
      return TU_COUNTOF(p);
             ^

2 errors detected in the compilation of "/home/parallels/soft/my/countof_ns/tests/unit/tu_stub.c".
gmake[3]: *** [tests/unit/CMakeFiles/neg_ptr.dir/build.make:79: tests/unit/CMakeFiles/neg_ptr.dir/tu_stub.c.o] Ошибка 2
gmake[2]: *** [CMakeFiles/Makefile2:1346: tests/unit/CMakeFiles/neg_ptr.dir/all] Ошибка 2
gmake[1]: *** [CMakeFiles/Makefile2:1353: tests/unit/CMakeFiles/neg_ptr.dir/ru...
[This part of the test output was removed since it exceeds the threshold of 1024 bytes.]
</system-out>
	</testcase>
	<testcase name="neg_ptr_0_fail" classname="neg_ptr_0_fail" time="0.0133895" status="notrun">
		<skipped message="SKIP_RETURN_CODE=42"/>
		<properties>
			<property name="cmake_labels" value="countof_ns;default"/>
		</properties>
		<system-out></system-out>
	</testcase>
	<testcase name="neg_ptr_cxx" classname="neg_ptr_cxx" time="0.260382" status="run">
		<properties>
			<property name="cmake_labels" value="countof_ns;default"/>
		</properties>
		<system-out>[  0%] Built target CounofNS
[100%] Building CXX object tests/unit/CMakeFiles/neg_ptr_cxx.dir/tu_stub_cxx.cpp.o
"/home/parallels/soft/my/countof_ns/include/countof_ns.h", line 109: error: static assertion failed with "Argument must be zero-length array"
          static_assert(0 == A, "Argument must be zero-length array");
          ^
          detected during instantiation of "size_t _countof_ns_aux&lt;A,E,T&gt;(const T &amp;) noexcept [with A=8UL, E=4UL, T=int *]" at line 6 of "/home/parallels/soft/my/countof_ns/tests/unit/neg_ptr.h"

1 error detected in the compilation of "/home/parallels/soft/my/countof_ns/tests/unit/tu_stub_cxx.cpp".
gmake[3]: *** [tests/unit/CMakeFiles/neg_ptr_cxx.dir/build.make:79: tests/unit/CMakeFiles/neg_ptr_cxx.dir/tu_stub_cxx.cpp.o] Ошибка 2
gmake[2]: *** [CMakeFiles/Makefile2:1378: tests/unit/CMakeFiles/neg_ptr_cxx.dir/all] Ошибка 2
gmake[1]: *** [CMakeFiles/Makefile2:1385: tests/unit/CMakeFiles/neg_ptr_cxx.dir/rule] Ошибка 2
gmake: *** [Makefile:550: neg_ptr_cxx] Оши...
[This part of the test output was removed since it exceeds the threshold of 1024 bytes.]
</system-out>
	</testcase>
	<testcase name="neg_ptr_cxx_0_fail" classname="neg_ptr_cxx_0_fail" time="0.0108877" status="notrun">
		<skipped message="SKIP_RETURN_CODE=42"/>
		<properties>
			<property name="cmake_labels" value="countof_ns;default"/>
		</properties>
		<system-out></system-out>
	</testcase>
	<testcase name="neg_zla_ptr" classname="neg_zla_ptr" time="0.244336" status="run">
		<properties>
			<property name="cmake_labels" value="countof_ns;default"/>
		</properties>
		<system-out>[  0%] Built target CounofNS
[  0%] Building C object tests/unit/CMakeFiles/neg_zla_ptr.dir/tu_stub.c.o
"/home/parallels/soft/my/countof_ns/tests/unit/neg_zla_ptr.h", line 4: error: the size of an array must be greater than zero
      return TU_COUNTOF(p);
             ^

1 error detected in the compilation of "/home/parallels/soft/my/countof_ns/tests/unit/tu_stub.c".
gmake[3]: *** [tests/unit/CMakeFiles/neg_zla_ptr.dir/build.make:79: tests/unit/CMakeFiles/neg_zla_ptr.dir/tu_stub.c.o] Ошибка 2
gmake[2]: *** [CMakeFiles/Makefile2:1410: tests/unit/CMakeFiles/neg_zla_ptr.dir/all] Ошибка 2
gmake[1]: *** [CMakeFiles/Makefile2:1417: tests/unit/CMakeFiles/neg_zla_ptr.dir/rule] Ошибка 2
gmake: *** [Makefile:563: neg_zla_ptr] Ошибка 2
</system-out>
	</testcase>
	<testcase name="neg_zla_ptr_0_fail" classname="neg_zla_ptr_0_fail" time="0.0110377" status="notrun">
		<skipped message="SKIP_RETURN_CODE=42"/>
		<properties>
			<property name="cmake_labels" value="countof_ns;default"/>
		</properties>
		<system-out></system-out>
	</testcase>
	<testcase name="neg_zla_ptr_cxx" classname="neg_zla_ptr_cxx" time="0.265151" status="run">
		<properties>
			<property name="cmake_labels" value="countof_ns;default"/>
		</properties>
		<system-out>[  0%] Built target CounofNS
[  0%] Building CXX object tests/unit/CMakeFiles/neg_zla_ptr_cxx.dir/tu_stub_cxx.cpp.o
"/home/parallels/soft/my/countof_ns/include/countof_ns.h", line 109: error: static assertion failed with "Argument must be zero-length array"
          static_assert(0 == A, "Argument must be zero-length array");
          ^
          detected during instantiation of "size_t _countof_ns_aux&lt;A,E,T&gt;(const T &amp;) noexcept [with A=8UL, E=0UL, T=int (*)[0]]" at line 4 of "/home/parallels/soft/my/countof_ns/tests/unit/neg_zla_ptr.h"

1 error detected in the compilation of "/home/parallels/soft/my/countof_ns/tests/unit/tu_stub_cxx.cpp".
gmake[3]: *** [tests/unit/CMakeFiles/neg_zla_ptr_cxx.dir/build.make:79: tests/unit/CMakeFiles/neg_zla_ptr_cxx.dir/tu_stub_cxx.cpp.o] Ошибка 2
gmake[2]: *** [CMakeFiles/Makefile2:1442: tests/unit/CMakeFiles/neg_zla_ptr_cxx.dir/all] Ошибка 2
gmake[1]: *** [CMakeFiles/Makefile2:1449: tests/unit/CMakeFiles/neg_zla_ptr_cxx.dir/rule] Ошибка 2
gmake: *** [Makef...
[This part of the test output was removed since it exceeds the threshold of 1024 bytes.]
</system-out>
	</testcase>
	<testcase name="neg_zla_ptr_cxx_0_fail" classname="neg_zla_ptr_cxx_0_fail" time="0.0110972" status="notrun">
		<skipped message="SKIP_RETURN_CODE=42"/>
		<properties>
			<property name="cmake_labels" value="countof_ns;default"/>
		</properties>
		<system-out></system-out>
	</testcase>
	<testcase name="std_size-pos__selftest_cxx" classname="std_size-pos__selftest_cxx" time="0.848451" status="run">
		<properties>
			<property name="cmake_labels" value="std_size"/>
		</properties>
		<system-out>Internal cmake changing into directory: /home/parallels/soft/my/countof_ns/build/Linux_pgcc_pgc++
Change Dir: '/home/parallels/soft/my/countof_ns/build/Linux_pgcc_pgc++'

Run Build Command(s): /usr/bin/gmake -f Makefile std_size-pos__selftest_cxx
[  0%] Built target CounofNS
[100%] Building CXX object tests/unit/CMakeFiles/std_size-pos__selftest_cxx.dir/tu_stub_cxx.cpp.o
[100%] Linking CXX executable std_size-pos__selftest_cxx
[100%] Built target std_size-pos__selftest_cxx

Running test command: "/home/parallels/soft/my/countof_ns/build/Linux_pgcc_pgc++/tests/unit/std_size-pos__selftest_cxx"
Ok 1 TU_STATIC_ASSERT_AND_RETURN((1)=1, ...) /home/parallels/soft/my/countof_ns/tests/unit/pos__selftest.h:pos__selftest.h:TU_UNIT for _comparisons/std_size.h:std_size(), C++ 202302L

</system-out>
	</testcase>
	<testcase name="std_size-pos_array_cxx" classname="std_size-pos_array_cxx" time="0.897089" status="run">
		<properties>
			<property name="cmake_labels" value="std_size"/>
		</properties>
		<system-out>Internal cmake changing into directory: /home/parallels/soft/my/countof_ns/build/Linux_pgcc_pgc++
Change Dir: '/home/parallels/soft/my/countof_ns/build/Linux_pgcc_pgc++'

Run Build Command(s): /usr/bin/gmake -f Makefile std_size-pos_array_cxx
[  0%] Built target CounofNS
gmake[3]: Предупреждение: время изменения файла «tests/unit/CMakeFiles/std_size-pos_array_cxx.dir/compiler_depend.make» находится в будущем (0,033)
[  0%] Building CXX object tests/unit/CMakeFiles/std_size-pos_array_cxx.dir/tu_stub_cxx.cpp.o
[100%] Linking CXX executable std_size-pos_array_cxx
gmake[3]: предупреждение: Неправильный ход часов.  Сборка может быть неполной.
[100%] Built target std_size-pos_array_cxx

Running test command: "/home/parallels/soft/my/countof_ns/build/Linux_pgcc_pgc++/tests/unit/std_size-pos_array_cxx"
Ok 1 TU_STATIC_ASSERT_AND_RETURN((1)=1, ...) /home/parallels/soft/my/countof_ns/tests/unit/pos_array.h:pos_ar...
[This part of the test output was removed since it exceeds the threshold of 1024 bytes.]
</system-out>
	</testcase>
	<testcase name="std_size-pos_cv_array_cxx" classname="std_size-pos_cv_array_cxx" time="0.857999" status="run">
		<properties>
			<property name="cmake_labels" value="std_size"/>
		</properties>
		<system-out>Internal cmake changing into directory: /home/parallels/soft/my/countof_ns/build/Linux_pgcc_pgc++
Change Dir: '/home/parallels/soft/my/countof_ns/build/Linux_pgcc_pgc++'

Run Build Command(s): /usr/bin/gmake -f Makefile std_size-pos_cv_array_cxx
[  0%] Built target CounofNS
[  0%] Building CXX object tests/unit/CMakeFiles/std_size-pos_cv_array_cxx.dir/tu_stub_cxx.cpp.o
[100%] Linking CXX executable std_size-pos_cv_array_cxx
[100%] Built target std_size-pos_cv_array_cxx

Running test command: "/home/parallels/soft/my/countof_ns/build/Linux_pgcc_pgc++/tests/unit/std_size-pos_cv_array_cxx"
Ok 1 TU_STATIC_ASSERT_AND_RETURN((1)=1, ...) /home/parallels/soft/my/countof_ns/tests/unit/pos_cv_array.h:pos_cv_array.h:TU_UNIT for _comparisons/std_size.h:std_size(), C++ 202302L

</system-out>
	</testcase>
	<testcase name="std_size-pos_struct_n0_cxx" classname="std_size-pos_struct_n0_cxx" time="0.896871" status="run">
		<properties>
			<property name="cmake_labels" value="std_size"/>
		</properties>
		<system-out>Internal cmake changing into directory: /home/parallels/soft/my/countof_ns/build/Linux_pgcc_pgc++
Change Dir: '/home/parallels/soft/my/countof_ns/build/Linux_pgcc_pgc++'

Run Build Command(s): /usr/bin/gmake -f Makefile std_size-pos_struct_n0_cxx
Built target CounofNS
Building CXX object tests/unit/CMakeFiles/std_size-pos_struct_n0_cxx.dir/tu_stub_cxx.cpp.o
Linking CXX executable std_size-pos_struct_n0_cxx
Built target std_size-pos_struct_n0_cxx

Running test command: "/home/parallels/soft/my/countof_ns/build/Linux_pgcc_pgc++/tests/unit/std_size-pos_struct_n0_cxx"
Ok 1 TU_STATIC_ASSERT_AND_RETURN((1)=1, ...) /home/parallels/soft/my/countof_ns/tests/unit/pos_struct_n0.h:pos_struct_n0.h:TU_UNIT for _comparisons/std_size.h:std_size(), C++ 202302L

</system-out>
	</testcase>
	<testcase name="std_size-pos_struct_zla_00_cxx" classname="std_size-pos_struct_zla_00_cxx" time="0.596854" status="fail">
		<failure message="Failed"/>
		<properties>
			<property name="cmake_labels" value="std_size"/>
		</properties>
		<system-out>Internal cmake changing into directory: /home/parallels/soft/my/countof_ns/build/Linux_pgcc_pgc++
Change Dir: '/home/parallels/soft/my/countof_ns/build/Linux_pgcc_pgc++'

Run Build Command(s): /usr/bin/gmake -f Makefile std_size-pos_struct_zla_00_cxx
[  0%] Built target CounofNS
[100%] Building CXX object tests/unit/CMakeFiles/std_size-pos_struct_zla_00_cxx.dir/tu_stub_cxx.cpp.o
"/home/parallels/soft/my/countof_ns/tests/unit/pos_struct_zla_00.h", line 4: error: no instance of overloaded function "std::size" matches the argument list
            argument types are: (struct &lt;unnamed&gt; [0])
      TU_STATIC_ASSERT_AND_RETURN(0, TU_COUNTOF(a));
      ^
"/usr/include/c++/14/bits/range_access.h", line 272: note: candidate function template "std::size(const _Tp (&amp;)[_Nm]) noexcept" failed deduction
      size(const _Tp (&amp;)[_Nm]) noexcept
      ^
"/usr/include/c++/14/bits/range_access.h", line 262: note: candidate function template "std::size(const _Container &amp;)-&gt;decltype((&lt;expression&gt;))" failed deduction
      size(const _Container&amp; __cont) noexcept(noexcept(__cont.size()))
      ^

"/home/parallels/soft/my/countof_ns/tests/unit/pos_struct_zla_00.h", line 4: error: no instance of overloaded function "std::size" matches the argument list
            argument types are: (struct &lt;unnamed&gt; [0])
      TU_STATIC_ASSERT_AND_RETURN(0, TU_COUNTOF(a));
      ^
"/usr/include/c++/14/bits/range_access.h", line 272: note: candidate function template "std::size(const _Tp (&amp;)[_Nm]) noexcept" failed deduction
      size(const _Tp (&amp;)[_Nm]) noexcept
      ^
"/usr/include/c++/14/bits/range_access.h", line 262: note: candidate function template "std::size(const _Container &amp;)-&gt;decltype((&lt;expression&gt;))" failed deduction
      size(const _Container&amp; __cont) noexcept(noexcept(__cont.size()))
      ^

"/home/parallels/soft/my/countof_ns/tests/unit/pos_struct_zla_00.h", line 4: error: no instance of overloaded function "std::size" matches the argument list
            argument types are: (struct &lt;unnamed&gt; [0])
      TU_STATIC_ASSERT_AND_RETURN(0, TU_COUNTOF(a));
      ^
"/usr/include/c++/14/bits/range_access.h", line 272: note: candidate function template "std::size(const _Tp (&amp;)[_Nm]) noexcept" failed deduction
      size(const _Tp (&amp;)[_Nm]) noexcept
      ^
"/usr/include/c++/14/bits/range_access.h", line 262: note: candidate function template "std::size(const _Container &amp;)-&gt;decltype((&lt;expression&gt;))" failed deduction
      size(const _Container&amp; __cont) noexcept(noexcept(__cont.size()))
      ^

"/home/parallels/soft/my/countof_ns/tests/unit/pos_struct_zla_00.h", line 4: error: no instance of overloaded function "std::size" matches the argument list
            argument types are: (struct &lt;unnamed&gt; [0])
      TU_STATIC_ASSERT_AND_RETURN(0, TU_COUNTOF(a));
      ^
"/usr/include/c++/14/bits/range_access.h", line 272: note: candidate function template "std::size(const _Tp (&amp;)[_Nm]) noexcept" failed deduction
      size(const _Tp (&amp;)[_Nm]) noexcept
      ^
"/usr/include/c++/14/bits/range_access.h", line 262: note: candidate function template "std::size(const _Container &amp;)-&gt;decltype((&lt;expression&gt;))" failed deduction
      size(const _Container&amp; __cont) noexcept(noexcept(__cont.size()))
      ^

"/home/parallels/soft/my/countof_ns/tests/unit/pos_struct_zla_00.h", line 4: error: no instance of overloaded function "std::size" matches the argument list
            argument types are: (struct &lt;unnamed&gt; [0])
      TU_STATIC_ASSERT_AND_RETURN(0, TU_COUNTOF(a));
      ^
"/usr/include/c++/14/bits/range_access.h", line 272: note: candidate function template "std::size(const _Tp (&amp;)[_Nm]) noexcept" failed deduction
      size(const _Tp (&amp;)[_Nm]) noexcept
      ^
"/usr/include/c++/14/bits/range_access.h", line 262: note: candidate function template "std::size(const _Container &amp;)-&gt;decltype((&lt;expression&gt;))" failed deduction
      size(const _Container&amp; __cont) noexcept(noexcept(__cont.size()))
      ^

"/home/parallels/soft/my/countof_ns/tests/unit/pos_struct_zla_00.h", line 4: error: no instance of overloaded function "std::size" matches the argument list
            argument types are: (struct &lt;unnamed&gt; [0])
      TU_STATIC_ASSERT_AND_RETURN(0, TU_COUNTOF(a));
      ^
"/usr/include/c++/14/bits/range_access.h", line 272: note: candidate function template "std::size(const _Tp (&amp;)[_Nm]) noexcept" failed deduction
      size(const _Tp (&amp;)[_Nm]) noexcept
      ^
"/usr/include/c++/14/bits/range_access.h", line 262: note: candidate function template "std::size(const _Container &amp;)-&gt;decltype((&lt;expression&gt;))" failed deduction
      size(const _Container&amp; __cont) noexcept(noexcept(__cont.size()))
      ^

"/home/parallels/soft/my/countof_ns/tests/unit/pos_struct_zla_00.h", line 4: error: no instance of overloaded function "std::size" matches the argument list
            argument types are: (struct &lt;unnamed&gt; [0])
      TU_STATIC_ASSERT_AND_RETURN(0, TU_COUNTOF(a));
      ^
"/usr/include/c++/14/bits/range_access.h", line 272: note: candidate function template "std::size(const _Tp (&amp;)[_Nm]) noexcept" failed deduction
      size(const _Tp (&amp;)[_Nm]) noexcept
      ^
"/usr/include/c++/14/bits/range_access.h", line 262: note: candidate function template "std::size(const _Container &amp;)-&gt;decltype((&lt;expression&gt;))" failed deduction
      size(const _Container&amp; __cont) noexcept(noexcept(__cont.size()))
      ^

7 errors detected in the compilation of "/home/parallels/soft/my/countof_ns/tests/unit/tu_stub_cxx.cpp".
gmake[3]: *** [tests/unit/CMakeFiles/std_size-pos_struct_zla_00_cxx.dir/build.make:79: tests/unit/CMakeFiles/std_size-pos_struct_zla_00_cxx.dir/tu_stub_cxx.cpp.o] Ошибка 2
gmake[2]: *** [CMakeFiles/Makefile2:1602: tests/unit/CMakeFiles/std_size-pos_struct_zla_00_cxx.dir/all] Ошибка 2
gmake[1]: *** [CMakeFiles/Makefile2:1609: tests/unit/CMakeFiles/std_size-pos_struct_zla_00_cxx.dir/rule] Ошибка 2
gmake: *** [Makefile:641: std_size-pos_struct_zla_00_cxx] Ошибка 2

</system-out>
	</testcase>
	<testcase name="std_size-pos_zla_00_cxx" classname="std_size-pos_zla_00_cxx" time="0.60952" status="fail">
		<failure message="Failed"/>
		<properties>
			<property name="cmake_labels" value="std_size"/>
		</properties>
		<system-out>Internal cmake changing into directory: /home/parallels/soft/my/countof_ns/build/Linux_pgcc_pgc++
Change Dir: '/home/parallels/soft/my/countof_ns/build/Linux_pgcc_pgc++'

Run Build Command(s): /usr/bin/gmake -f Makefile std_size-pos_zla_00_cxx
[  0%] Built target CounofNS
[100%] Building CXX object tests/unit/CMakeFiles/std_size-pos_zla_00_cxx.dir/tu_stub_cxx.cpp.o
"/home/parallels/soft/my/countof_ns/tests/unit/pos_zla_00.h", line 4: error: no instance of overloaded function "std::size" matches the argument list
            argument types are: (int [0][0])
      TU_STATIC_ASSERT_AND_RETURN(0, TU_COUNTOF(b));
      ^
"/usr/include/c++/14/bits/range_access.h", line 272: note: candidate function template "std::size(const _Tp (&amp;)[_Nm]) noexcept" failed deduction
      size(const _Tp (&amp;)[_Nm]) noexcept
      ^
"/usr/include/c++/14/bits/range_access.h", line 262: note: candidate function template "std::size(const _Container &amp;)-&gt;decltype((&lt;expression&gt;))" failed deduction
      size(const _Container&amp; __cont) noexcept(noexcept(__cont.size()))
      ^

"/home/parallels/soft/my/countof_ns/tests/unit/pos_zla_00.h", line 4: error: no instance of overloaded function "std::size" matches the argument list
            argument types are: (int [0][0])
      TU_STATIC_ASSERT_AND_RETURN(0, TU_COUNTOF(b));
      ^
"/usr/include/c++/14/bits/range_access.h", line 272: note: candidate function template "std::size(const _Tp (&amp;)[_Nm]) noexcept" failed deduction
      size(const _Tp (&amp;)[_Nm]) noexcept
      ^
"/usr/include/c++/14/bits/range_access.h", line 262: note: candidate function template "std::size(const _Container &amp;)-&gt;decltype((&lt;expression&gt;))" failed deduction
      size(const _Container&amp; __cont) noexcept(noexcept(__cont.size()))
      ^

"/home/parallels/soft/my/countof_ns/tests/unit/pos_zla_00.h", line 4: error: no instance of overloaded function "std::size" matches the argument list
            argument types are: (int [0][0])
      TU_STATIC_ASSERT_AND_RETURN(0, TU_COUNTOF(b));
      ^
"/usr/include/c++/14/bits/range_access.h", line 272: note: candidate function template "std::size(const _Tp (&amp;)[_Nm]) noexcept" failed deduction
      size(const _Tp (&amp;)[_Nm]) noexcept
      ^
"/usr/include/c++/14/bits/range_access.h", line 262: note: candidate function template "std::size(const _Container &amp;)-&gt;decltype((&lt;expression&gt;))" failed deduction
      size(const _Container&amp; __cont) noexcept(noexcept(__cont.size()))
      ^

"/home/parallels/soft/my/countof_ns/tests/unit/pos_zla_00.h", line 4: error: no instance of overloaded function "std::size" matches the argument list
            argument types are: (int [0][0])
      TU_STATIC_ASSERT_AND_RETURN(0, TU_COUNTOF(b));
      ^
"/usr/include/c++/14/bits/range_access.h", line 272: note: candidate function template "std::size(const _Tp (&amp;)[_Nm]) noexcept" failed deduction
      size(const _Tp (&amp;)[_Nm]) noexcept
      ^
"/usr/include/c++/14/bits/range_access.h", line 262: note: candidate function template "std::size(const _Container &amp;)-&gt;decltype((&lt;expression&gt;))" failed deduction
      size(const _Container&amp; __cont) noexcept(noexcept(__cont.size()))
      ^

"/home/parallels/soft/my/countof_ns/tests/unit/pos_zla_00.h", line 4: error: no instance of overloaded function "std::size" matches the argument list
            argument types are: (int [0][0])
      TU_STATIC_ASSERT_AND_RETURN(0, TU_COUNTOF(b));
      ^
"/usr/include/c++/14/bits/range_access.h", line 272: note: candidate function template "std::size(const _Tp (&amp;)[_Nm]) noexcept" failed deduction
      size(const _Tp (&amp;)[_Nm]) noexcept
      ^
"/usr/include/c++/14/bits/range_access.h", line 262: note: candidate function template "std::size(const _Container &amp;)-&gt;decltype((&lt;expression&gt;))" failed deduction
      size(const _Container&amp; __cont) noexcept(noexcept(__cont.size()))
      ^

"/home/parallels/soft/my/countof_ns/tests/unit/pos_zla_00.h", line 4: error: no instance of overloaded function "std::size" matches the argument list
            argument types are: (int [0][0])
      TU_STATIC_ASSERT_AND_RETURN(0, TU_COUNTOF(b));
      ^
"/usr/include/c++/14/bits/range_access.h", line 272: note: candidate function template "std::size(const _Tp (&amp;)[_Nm]) noexcept" failed deduction
      size(const _Tp (&amp;)[_Nm]) noexcept
      ^
"/usr/include/c++/14/bits/range_access.h", line 262: note: candidate function template "std::size(const _Container &amp;)-&gt;decltype((&lt;expression&gt;))" failed deduction
      size(const _Container&amp; __cont) noexcept(noexcept(__cont.size()))
      ^

"/home/parallels/soft/my/countof_ns/tests/unit/pos_zla_00.h", line 4: error: no instance of overloaded function "std::size" matches the argument list
            argument types are: (int [0][0])
      TU_STATIC_ASSERT_AND_RETURN(0, TU_COUNTOF(b));
      ^
"/usr/include/c++/14/bits/range_access.h", line 272: note: candidate function template "std::size(const _Tp (&amp;)[_Nm]) noexcept" failed deduction
      size(const _Tp (&amp;)[_Nm]) noexcept
      ^
"/usr/include/c++/14/bits/range_access.h", line 262: note: candidate function template "std::size(const _Container &amp;)-&gt;decltype((&lt;expression&gt;))" failed deduction
      size(const _Container&amp; __cont) noexcept(noexcept(__cont.size()))
      ^

7 errors detected in the compilation of "/home/parallels/soft/my/countof_ns/tests/unit/tu_stub_cxx.cpp".
gmake[3]: *** [tests/unit/CMakeFiles/std_size-pos_zla_00_cxx.dir/build.make:79: tests/unit/CMakeFiles/std_size-pos_zla_00_cxx.dir/tu_stub_cxx.cpp.o] Ошибка 2
gmake[2]: *** [CMakeFiles/Makefile2:1634: tests/unit/CMakeFiles/std_size-pos_zla_00_cxx.dir/all] Ошибка 2
gmake[1]: *** [CMakeFiles/Makefile2:1641: tests/unit/CMakeFiles/std_size-pos_zla_00_cxx.dir/rule] Ошибка 2
gmake: *** [Makefile:654: std_size-pos_zla_00_cxx] Ошибка 2

</system-out>
	</testcase>
	<testcase name="std_size-pos_zla_0n_cxx" classname="std_size-pos_zla_0n_cxx" time="0.602235" status="fail">
		<failure message="Failed"/>
		<properties>
			<property name="cmake_labels" value="std_size"/>
		</properties>
		<system-out>Internal cmake changing into directory: /home/parallels/soft/my/countof_ns/build/Linux_pgcc_pgc++
Change Dir: '/home/parallels/soft/my/countof_ns/build/Linux_pgcc_pgc++'

Run Build Command(s): /usr/bin/gmake -f Makefile std_size-pos_zla_0n_cxx
[  0%] Built target CounofNS
[  0%] Building CXX object tests/unit/CMakeFiles/std_size-pos_zla_0n_cxx.dir/tu_stub_cxx.cpp.o
"/home/parallels/soft/my/countof_ns/tests/unit/pos_zla_0n.h", line 4: error: no instance of overloaded function "std::size" matches the argument list
            argument types are: (int [0])
      TU_STATIC_ASSERT_AND_RETURN(0, TU_COUNTOF(a));
      ^
"/usr/include/c++/14/bits/range_access.h", line 272: note: candidate function template "std::size(const _Tp (&amp;)[_Nm]) noexcept" failed deduction
      size(const _Tp (&amp;)[_Nm]) noexcept
      ^
"/usr/include/c++/14/bits/range_access.h", line 262: note: candidate function template "std::size(const _Container &amp;)-&gt;decltype((&lt;expression&gt;))" failed deduction
      size(const _Container&amp; __cont) noexcept(noexcept(__cont.size()))
      ^

"/home/parallels/soft/my/countof_ns/tests/unit/pos_zla_0n.h", line 4: error: no instance of overloaded function "std::size" matches the argument list
            argument types are: (int [0])
      TU_STATIC_ASSERT_AND_RETURN(0, TU_COUNTOF(a));
      ^
"/usr/include/c++/14/bits/range_access.h", line 272: note: candidate function template "std::size(const _Tp (&amp;)[_Nm]) noexcept" failed deduction
      size(const _Tp (&amp;)[_Nm]) noexcept
      ^
"/usr/include/c++/14/bits/range_access.h", line 262: note: candidate function template "std::size(const _Container &amp;)-&gt;decltype((&lt;expression&gt;))" failed deduction
      size(const _Container&amp; __cont) noexcept(noexcept(__cont.size()))
      ^

"/home/parallels/soft/my/countof_ns/tests/unit/pos_zla_0n.h", line 4: error: no instance of overloaded function "std::size" matches the argument list
            argument types are: (int [0])
      TU_STATIC_ASSERT_AND_RETURN(0, TU_COUNTOF(a));
      ^
"/usr/include/c++/14/bits/range_access.h", line 272: note: candidate function template "std::size(const _Tp (&amp;)[_Nm]) noexcept" failed deduction
      size(const _Tp (&amp;)[_Nm]) noexcept
      ^
"/usr/include/c++/14/bits/range_access.h", line 262: note: candidate function template "std::size(const _Container &amp;)-&gt;decltype((&lt;expression&gt;))" failed deduction
      size(const _Container&amp; __cont) noexcept(noexcept(__cont.size()))
      ^

"/home/parallels/soft/my/countof_ns/tests/unit/pos_zla_0n.h", line 4: error: no instance of overloaded function "std::size" matches the argument list
            argument types are: (int [0])
      TU_STATIC_ASSERT_AND_RETURN(0, TU_COUNTOF(a));
      ^
"/usr/include/c++/14/bits/range_access.h", line 272: note: candidate function template "std::size(const _Tp (&amp;)[_Nm]) noexcept" failed deduction
      size(const _Tp (&amp;)[_Nm]) noexcept
      ^
"/usr/include/c++/14/bits/range_access.h", line 262: note: candidate function template "std::size(const _Container &amp;)-&gt;decltype((&lt;expression&gt;))" failed deduction
      size(const _Container&amp; __cont) noexcept(noexcept(__cont.size()))
      ^

"/home/parallels/soft/my/countof_ns/tests/unit/pos_zla_0n.h", line 4: error: no instance of overloaded function "std::size" matches the argument list
            argument types are: (int [0])
      TU_STATIC_ASSERT_AND_RETURN(0, TU_COUNTOF(a));
      ^
"/usr/include/c++/14/bits/range_access.h", line 272: note: candidate function template "std::size(const _Tp (&amp;)[_Nm]) noexcept" failed deduction
      size(const _Tp (&amp;)[_Nm]) noexcept
      ^
"/usr/include/c++/14/bits/range_access.h", line 262: note: candidate function template "std::size(const _Container &amp;)-&gt;decltype((&lt;expression&gt;))" failed deduction
      size(const _Container&amp; __cont) noexcept(noexcept(__cont.size()))
      ^

"/home/parallels/soft/my/countof_ns/tests/unit/pos_zla_0n.h", line 4: error: no instance of overloaded function "std::size" matches the argument list
            argument types are: (int [0])
      TU_STATIC_ASSERT_AND_RETURN(0, TU_COUNTOF(a));
      ^
"/usr/include/c++/14/bits/range_access.h", line 272: note: candidate function template "std::size(const _Tp (&amp;)[_Nm]) noexcept" failed deduction
      size(const _Tp (&amp;)[_Nm]) noexcept
      ^
"/usr/include/c++/14/bits/range_access.h", line 262: note: candidate function template "std::size(const _Container &amp;)-&gt;decltype((&lt;expression&gt;))" failed deduction
      size(const _Container&amp; __cont) noexcept(noexcept(__cont.size()))
      ^

"/home/parallels/soft/my/countof_ns/tests/unit/pos_zla_0n.h", line 4: error: no instance of overloaded function "std::size" matches the argument list
            argument types are: (int [0])
      TU_STATIC_ASSERT_AND_RETURN(0, TU_COUNTOF(a));
      ^
"/usr/include/c++/14/bits/range_access.h", line 272: note: candidate function template "std::size(const _Tp (&amp;)[_Nm]) noexcept" failed deduction
      size(const _Tp (&amp;)[_Nm]) noexcept
      ^
"/usr/include/c++/14/bits/range_access.h", line 262: note: candidate function template "std::size(const _Container &amp;)-&gt;decltype((&lt;expression&gt;))" failed deduction
      size(const _Container&amp; __cont) noexcept(noexcept(__cont.size()))
      ^

7 errors detected in the compilation of "/home/parallels/soft/my/countof_ns/tests/unit/tu_stub_cxx.cpp".
gmake[3]: *** [tests/unit/CMakeFiles/std_size-pos_zla_0n_cxx.dir/build.make:79: tests/unit/CMakeFiles/std_size-pos_zla_0n_cxx.dir/tu_stub_cxx.cpp.o] Ошибка 2
gmake[2]: *** [CMakeFiles/Makefile2:1666: tests/unit/CMakeFiles/std_size-pos_zla_0n_cxx.dir/all] Ошибка 2
gmake[1]: *** [CMakeFiles/Makefile2:1673: tests/unit/CMakeFiles/std_size-pos_zla_0n_cxx.dir/rule] Ошибка 2
gmake: *** [Makefile:667: std_size-pos_zla_0n_cxx] Ошибка 2

</system-out>
	</testcase>
	<testcase name="std_size-pos_zla_n0_cxx" classname="std_size-pos_zla_n0_cxx" time="0.863341" status="run">
		<properties>
			<property name="cmake_labels" value="std_size"/>
		</properties>
		<system-out>Internal cmake changing into directory: /home/parallels/soft/my/countof_ns/build/Linux_pgcc_pgc++
Change Dir: '/home/parallels/soft/my/countof_ns/build/Linux_pgcc_pgc++'

Run Build Command(s): /usr/bin/gmake -f Makefile std_size-pos_zla_n0_cxx
[  0%] Built target CounofNS
[  0%] Building CXX object tests/unit/CMakeFiles/std_size-pos_zla_n0_cxx.dir/tu_stub_cxx.cpp.o
[100%] Linking CXX executable std_size-pos_zla_n0_cxx
[100%] Built target std_size-pos_zla_n0_cxx

Running test command: "/home/parallels/soft/my/countof_ns/build/Linux_pgcc_pgc++/tests/unit/std_size-pos_zla_n0_cxx"
Ok 1 TU_STATIC_ASSERT_AND_RETURN((1)=1, ...) /home/parallels/soft/my/countof_ns/tests/unit/pos_zla_n0.h:pos_zla_n0.h:TU_UNIT for _comparisons/std_size.h:std_size(), C++ 202302L

</system-out>
	</testcase>
	<testcase name="std_size-neg__selftest_cxx" classname="std_size-neg__selftest_cxx" time="0.593776" status="run">
		<properties>
			<property name="cmake_labels" value="std_size"/>
		</properties>
		<system-out>[  0%] Built target CounofNS
[100%] Building CXX object tests/unit/CMakeFiles/std_size-neg__selftest_cxx.dir/tu_stub_cxx.cpp.o
"/home/parallels/soft/my/countof_ns/tests/unit/neg__selftest.h", line 12: error: static assertion failed with "0"
          tu_static_assert(0);
          ^

1 error detected in the compilation of "/home/parallels/soft/my/countof_ns/tests/unit/tu_stub_cxx.cpp".
gmake[3]: *** [tests/unit/CMakeFiles/std_size-neg__selftest_cxx.dir/build.make:79: tests/unit/CMakeFiles/std_size-neg__selftest_cxx.dir/tu_stub_cxx.cpp.o] Ошибка 2
gmake[2]: *** [CMakeFiles/Makefile2:1730: tests/unit/CMakeFiles/std_size-neg__selftest_cxx.dir/all] Ошибка 2
gmake[1]: *** [CMakeFiles/Makefile2:1737: tests/unit/CMakeFiles/std_size-neg__selftest_cxx.dir/rule] Ошибка 2
gmake: *** [Makefile:693: std_size-neg__selftest_cxx] Ошибка 2
</system-out>
	</testcase>
	<testcase name="std_size-neg__selftest_cxx_0_fail" classname="std_size-neg__selftest_cxx_0_fail" time="0.0121176" status="notrun">
		<skipped message="SKIP_RETURN_CODE=42"/>
		<properties>
			<property name="cmake_labels" value="std_size"/>
		</properties>
		<system-out></system-out>
	</testcase>
	<testcase name="std_size-neg_cv_ptr_cxx" classname="std_size-neg_cv_ptr_cxx" time="0.593132" status="run">
		<properties>
			<property name="cmake_labels" value="std_size"/>
		</properties>
		<system-out>[  0%] Built target CounofNS
[  0%] Building CXX object tests/unit/CMakeFiles/std_size-neg_cv_ptr_cxx.dir/tu_stub_cxx.cpp.o
"/home/parallels/soft/my/countof_ns/tests/unit/neg_cv_ptr.h", line 4: error: no instance of overloaded function "std::size" matches the argument list
            argument types are: (const volatile int *)
      return TU_COUNTOF(p);
             ^
"/usr/include/c++/14/bits/range_access.h", line 272: note: candidate function template "std::size(const _Tp (&amp;)[_Nm]) noexcept" failed deduction
      size(const _Tp (&amp;)[_Nm]) noexcept
      ^
"/usr/include/c++/14/bits/range_access.h", line 262: note: candidate function template "std::size(const _Container &amp;)-&gt;decltype((&lt;expression&gt;))" failed deduction
      size(const _Container&amp; __cont) noexcept(noexcept(__cont.size()))
      ^

1 error detected in the compilation of "/home/parallels/soft/my/countof_ns/tests/unit/tu_stub_cxx.cpp".
gmake[3]: *** [tests/unit/CMakeFiles/std_size-neg_cv_ptr_cxx.dir/build.make:79: tests/unit/CMakeFiles/std_size-ne...
[This part of the test output was removed since it exceeds the threshold of 1024 bytes.]
</system-out>
	</testcase>
	<testcase name="std_size-neg_cv_ptr_cxx_0_fail" classname="std_size-neg_cv_ptr_cxx_0_fail" time="0.0117731" status="notrun">
		<skipped message="SKIP_RETURN_CODE=42"/>
		<properties>
			<property name="cmake_labels" value="std_size"/>
		</properties>
		<system-out></system-out>
	</testcase>
	<testcase name="std_size-neg_other_cxx" classname="std_size-neg_other_cxx" time="0.61054" status="run">
		<properties>
			<property name="cmake_labels" value="std_size"/>
		</properties>
		<system-out>[  0%] Built target CounofNS
[  0%] Building CXX object tests/unit/CMakeFiles/std_size-neg_other_cxx.dir/tu_stub_cxx.cpp.o
"/home/parallels/soft/my/countof_ns/tests/unit/neg_other.h", line 4: error: no instance of overloaded function "std::size" matches the argument list
            argument types are: (int)
      return TU_COUNTOF(i);
             ^
"/usr/include/c++/14/bits/range_access.h", line 272: note: candidate function template "std::size(const _Tp (&amp;)[_Nm]) noexcept" failed deduction
      size(const _Tp (&amp;)[_Nm]) noexcept
      ^
"/usr/include/c++/14/bits/range_access.h", line 262: note: candidate function template "std::size(const _Container &amp;)-&gt;decltype((&lt;expression&gt;))" failed deduction
      size(const _Container&amp; __cont) noexcept(noexcept(__cont.size()))
      ^

1 error detected in the compilation of "/home/parallels/soft/my/countof_ns/tests/unit/tu_stub_cxx.cpp".
gmake[3]: *** [tests/unit/CMakeFiles/std_size-neg_other_cxx.dir/build.make:79: tests/unit/CMakeFiles/std_size-neg_other_cxx.dir/tu_s...
[This part of the test output was removed since it exceeds the threshold of 1024 bytes.]
</system-out>
	</testcase>
	<testcase name="std_size-neg_other_cxx_0_fail" classname="std_size-neg_other_cxx_0_fail" time="0.0122817" status="notrun">
		<skipped message="SKIP_RETURN_CODE=42"/>
		<properties>
			<property name="cmake_labels" value="std_size"/>
		</properties>
		<system-out></system-out>
	</testcase>
	<testcase name="std_size-neg_ptr_cxx" classname="std_size-neg_ptr_cxx" time="0.654213" status="run">
		<properties>
			<property name="cmake_labels" value="std_size"/>
		</properties>
		<system-out>Built target CounofNS
Building CXX object tests/unit/CMakeFiles/std_size-neg_ptr_cxx.dir/tu_stub_cxx.cpp.o
"/home/parallels/soft/my/countof_ns/tests/unit/neg_ptr.h", line 6: error: no instance of overloaded function "std::size" matches the argument list
            argument types are: (int *)
             TU_COUNTOF(p));  // TODO
             ^
"/usr/include/c++/14/bits/range_access.h", line 272: note: candidate function template "std::size(const _Tp (&amp;)[_Nm]) noexcept" failed deduction
      size(const _Tp (&amp;)[_Nm]) noexcept
      ^
"/usr/include/c++/14/bits/range_access.h", line 262: note: candidate function template "std::size(const _Container &amp;)-&gt;decltype((&lt;expression&gt;))" failed deduction
      size(const _Container&amp; __cont) noexcept(noexcept(__cont.size()))
      ^

"/home/parallels/soft/my/countof_ns/tests/unit/neg_ptr.h", line 7: error: no instance of overloaded function "std::size" matches the argument list
            argument types are: (int *)
      return TU_COUNTOF(p);
             ^
"/usr/includ...
[This part of the test output was removed since it exceeds the threshold of 1024 bytes.]
</system-out>
	</testcase>
	<testcase name="std_size-neg_ptr_cxx_0_fail" classname="std_size-neg_ptr_cxx_0_fail" time="0.0132354" status="notrun">
		<skipped message="SKIP_RETURN_CODE=42"/>
		<properties>
			<property name="cmake_labels" value="std_size"/>
		</properties>
		<system-out></system-out>
	</testcase>
	<testcase name="std_size-neg_zla_ptr_cxx" classname="std_size-neg_zla_ptr_cxx" time="0.650065" status="run">
		<properties>
			<property name="cmake_labels" value="std_size"/>
		</properties>
		<system-out>[  0%] Built target CounofNS
[100%] Building CXX object tests/unit/CMakeFiles/std_size-neg_zla_ptr_cxx.dir/tu_stub_cxx.cpp.o
"/home/parallels/soft/my/countof_ns/tests/unit/neg_zla_ptr.h", line 4: error: no instance of overloaded function "std::size" matches the argument list
            argument types are: (int (*)[0])
      return TU_COUNTOF(p);
             ^
"/usr/include/c++/14/bits/range_access.h", line 272: note: candidate function template "std::size(const _Tp (&amp;)[_Nm]) noexcept" failed deduction
      size(const _Tp (&amp;)[_Nm]) noexcept
      ^
"/usr/include/c++/14/bits/range_access.h", line 262: note: candidate function template "std::size(const _Container &amp;)-&gt;decltype((&lt;expression&gt;))" failed deduction
      size(const _Container&amp; __cont) noexcept(noexcept(__cont.size()))
      ^

1 error detected in the compilation of "/home/parallels/soft/my/countof_ns/tests/unit/tu_stub_cxx.cpp".
gmake[3]: *** [tests/unit/CMakeFiles/std_size-neg_zla_ptr_cxx.dir/build.make:79: tests/unit/CMakeFiles/std_size-neg_zla_p...
[This part of the test output was removed since it exceeds the threshold of 1024 bytes.]
</system-out>
	</testcase>
	<testcase name="std_size-neg_zla_ptr_cxx_0_fail" classname="std_size-neg_zla_ptr_cxx_0_fail" time="0.0119227" status="notrun">
		<skipped message="SKIP_RETURN_CODE=42"/>
		<properties>
			<property name="cmake_labels" value="std_size"/>
		</properties>
		<system-out></system-out>
	</testcase>
	<testcase name="JZMG_ARRAY_LEN-pos__selftest" classname="JZMG_ARRAY_LEN-pos__selftest" time="0.410534" status="run">
		<properties>
			<property name="cmake_labels" value="JZMG_ARRAY_LEN"/>
		</properties>
		<system-out>Internal cmake changing into directory: /home/parallels/soft/my/countof_ns/build/Linux_pgcc_pgc++
Change Dir: '/home/parallels/soft/my/countof_ns/build/Linux_pgcc_pgc++'

Run Build Command(s): /usr/bin/gmake -f Makefile JZMG_ARRAY_LEN-pos__selftest
Built target CounofNS
Building C object tests/unit/CMakeFiles/JZMG_ARRAY_LEN-pos__selftest.dir/tu_stub.c.o
Linking C executable JZMG_ARRAY_LEN-pos__selftest
Built target JZMG_ARRAY_LEN-pos__selftest

Running test command: "/home/parallels/soft/my/countof_ns/build/Linux_pgcc_pgc++/tests/unit/JZMG_ARRAY_LEN-pos__selftest"
Ok 1 TU_STATIC_ASSERT_AND_RETURN((1)=1, ...) /home/parallels/soft/my/countof_ns/tests/unit/pos__selftest.h:pos__selftest.h:TU_UNIT for _comparisons/JZMG_ARRAY_LEN.h:JZMG_ARRAY_LEN(), C 201710L

</system-out>
	</testcase>
	<testcase name="JZMG_ARRAY_LEN-pos__selftest_cxx" classname="JZMG_ARRAY_LEN-pos__selftest_cxx" time="0.482869" status="run">
		<properties>
			<property name="cmake_labels" value="JZMG_ARRAY_LEN"/>
		</properties>
		<system-out>Internal cmake changing into directory: /home/parallels/soft/my/countof_ns/build/Linux_pgcc_pgc++
Change Dir: '/home/parallels/soft/my/countof_ns/build/Linux_pgcc_pgc++'

Run Build Command(s): /usr/bin/gmake -f Makefile JZMG_ARRAY_LEN-pos__selftest_cxx
[  0%] Built target CounofNS
[100%] Building CXX object tests/unit/CMakeFiles/JZMG_ARRAY_LEN-pos__selftest_cxx.dir/tu_stub_cxx.cpp.o
[100%] Linking CXX executable JZMG_ARRAY_LEN-pos__selftest_cxx
[100%] Built target JZMG_ARRAY_LEN-pos__selftest_cxx

Running test command: "/home/parallels/soft/my/countof_ns/build/Linux_pgcc_pgc++/tests/unit/JZMG_ARRAY_LEN-pos__selftest_cxx"
Ok 1 TU_STATIC_ASSERT_AND_RETURN((1)=1, ...) /home/parallels/soft/my/countof_ns/tests/unit/pos__selftest.h:pos__selftest.h:TU_UNIT for _comparisons/JZMG_ARRAY_LEN.h:JZMG_ARRAY_LEN(), C++ 202302L

</system-out>
	</testcase>
	<testcase name="JZMG_ARRAY_LEN-pos_array" classname="JZMG_ARRAY_LEN-pos_array" time="0.408979" status="run">
		<properties>
			<property name="cmake_labels" value="JZMG_ARRAY_LEN"/>
		</properties>
		<system-out>Internal cmake changing into directory: /home/parallels/soft/my/countof_ns/build/Linux_pgcc_pgc++
Change Dir: '/home/parallels/soft/my/countof_ns/build/Linux_pgcc_pgc++'

Run Build Command(s): /usr/bin/gmake -f Makefile JZMG_ARRAY_LEN-pos_array
[  0%] Built target CounofNS
[100%] Building C object tests/unit/CMakeFiles/JZMG_ARRAY_LEN-pos_array.dir/tu_stub.c.o
[100%] Linking C executable JZMG_ARRAY_LEN-pos_array
[100%] Built target JZMG_ARRAY_LEN-pos_array

Running test command: "/home/parallels/soft/my/countof_ns/build/Linux_pgcc_pgc++/tests/unit/JZMG_ARRAY_LEN-pos_array"
Ok 1 TU_STATIC_ASSERT_AND_RETURN((1)=1, ...) /home/parallels/soft/my/countof_ns/tests/unit/pos_array.h:pos_array.h:TU_UNIT for _comparisons/JZMG_ARRAY_LEN.h:JZMG_ARRAY_LEN(), C 201710L

</system-out>
	</testcase>
	<testcase name="JZMG_ARRAY_LEN-pos_array_cxx" classname="JZMG_ARRAY_LEN-pos_array_cxx" time="0.481281" status="run">
		<properties>
			<property name="cmake_labels" value="JZMG_ARRAY_LEN"/>
		</properties>
		<system-out>Internal cmake changing into directory: /home/parallels/soft/my/countof_ns/build/Linux_pgcc_pgc++
Change Dir: '/home/parallels/soft/my/countof_ns/build/Linux_pgcc_pgc++'

Run Build Command(s): /usr/bin/gmake -f Makefile JZMG_ARRAY_LEN-pos_array_cxx
[  0%] Built target CounofNS
[  0%] Building CXX object tests/unit/CMakeFiles/JZMG_ARRAY_LEN-pos_array_cxx.dir/tu_stub_cxx.cpp.o
[100%] Linking CXX executable JZMG_ARRAY_LEN-pos_array_cxx
[100%] Built target JZMG_ARRAY_LEN-pos_array_cxx

Running test command: "/home/parallels/soft/my/countof_ns/build/Linux_pgcc_pgc++/tests/unit/JZMG_ARRAY_LEN-pos_array_cxx"
Ok 1 TU_STATIC_ASSERT_AND_RETURN((1)=1, ...) /home/parallels/soft/my/countof_ns/tests/unit/pos_array.h:pos_array.h:TU_UNIT for _comparisons/JZMG_ARRAY_LEN.h:JZMG_ARRAY_LEN(), C++ 202302L

</system-out>
	</testcase>
	<testcase name="JZMG_ARRAY_LEN-pos_cv_array" classname="JZMG_ARRAY_LEN-pos_cv_array" time="0.416129" status="run">
		<properties>
			<property name="cmake_labels" value="JZMG_ARRAY_LEN"/>
		</properties>
		<system-out>Internal cmake changing into directory: /home/parallels/soft/my/countof_ns/build/Linux_pgcc_pgc++
Change Dir: '/home/parallels/soft/my/countof_ns/build/Linux_pgcc_pgc++'

Run Build Command(s): /usr/bin/gmake -f Makefile JZMG_ARRAY_LEN-pos_cv_array
[  0%] Built target CounofNS
[  0%] Building C object tests/unit/CMakeFiles/JZMG_ARRAY_LEN-pos_cv_array.dir/tu_stub.c.o
"/home/parallels/soft/my/countof_ns/tests/unit/pos_cv_array.h", line 4: warning: operand types are incompatible ("int (**)[1]" and "const int (**)[1]") [incompatible_operands]
      TU_STATIC_ASSERT_AND_RETURN(1, TU_COUNTOF(a));
      ^

Remark: individual warnings can be suppressed with "--diag_suppress &lt;warning-name&gt;"

"/home/parallels/soft/my/countof_ns/tests/unit/pos_cv_array.h", line 4: warning: subtraction of pointer types "int (**)[1]" and "const int (**)[1]" is nonstandard [nonstandard_ptr_minus_ptr]
      TU_STATIC_ASSERT_AND_RETURN(1, TU_COUNTOF(a));
      ^

"/home/parallels/soft/my/countof_ns/tests/unit/pos_cv_array.h", line 4: warning:...
[This part of the test output was removed since it exceeds the threshold of 1024 bytes.]
</system-out>
	</testcase>
	<testcase name="JZMG_ARRAY_LEN-pos_cv_array_cxx" classname="JZMG_ARRAY_LEN-pos_cv_array_cxx" time="0.47564" status="run">
		<properties>
			<property name="cmake_labels" value="JZMG_ARRAY_LEN"/>
		</properties>
		<system-out>Internal cmake changing into directory: /home/parallels/soft/my/countof_ns/build/Linux_pgcc_pgc++
Change Dir: '/home/parallels/soft/my/countof_ns/build/Linux_pgcc_pgc++'

Run Build Command(s): /usr/bin/gmake -f Makefile JZMG_ARRAY_LEN-pos_cv_array_cxx
Built target CounofNS
Building CXX object tests/unit/CMakeFiles/JZMG_ARRAY_LEN-pos_cv_array_cxx.dir/tu_stub_cxx.cpp.o
Linking CXX executable JZMG_ARRAY_LEN-pos_cv_array_cxx
Built target JZMG_ARRAY_LEN-pos_cv_array_cxx

Running test command: "/home/parallels/soft/my/countof_ns/build/Linux_pgcc_pgc++/tests/unit/JZMG_ARRAY_LEN-pos_cv_array_cxx"
Ok 1 TU_STATIC_ASSERT_AND_RETURN((1)=1, ...) /home/parallels/soft/my/countof_ns/tests/unit/pos_cv_array.h:pos_cv_array.h:TU_UNIT for _comparisons/JZMG_ARRAY_LEN.h:JZMG_ARRAY_LEN(), C++ 202302L

</system-out>
	</testcase>
	<testcase name="JZMG_ARRAY_LEN-pos_struct_n0" classname="JZMG_ARRAY_LEN-pos_struct_n0" time="0.251765" status="fail">
		<failure message="Failed"/>
		<properties>
			<property name="cmake_labels" value="JZMG_ARRAY_LEN"/>
		</properties>
		<system-out>Internal cmake changing into directory: /home/parallels/soft/my/countof_ns/build/Linux_pgcc_pgc++
Change Dir: '/home/parallels/soft/my/countof_ns/build/Linux_pgcc_pgc++'

Run Build Command(s): /usr/bin/gmake -f Makefile JZMG_ARRAY_LEN-pos_struct_n0
[  0%] Built target CounofNS
[100%] Building C object tests/unit/CMakeFiles/JZMG_ARRAY_LEN-pos_struct_n0.dir/tu_stub.c.o
"/home/parallels/soft/my/countof_ns/tests/unit/pos_struct_n0.h", line 4: error: division by zero
      TU_STATIC_ASSERT_AND_RETURN(1, TU_COUNTOF(a));
      ^

"/home/parallels/soft/my/countof_ns/tests/unit/pos_struct_n0.h", line 4: warning: division by zero [divide_by_zero]
      TU_STATIC_ASSERT_AND_RETURN(1, TU_COUNTOF(a));
      ^

Remark: individual warnings can be suppressed with "--diag_suppress &lt;warning-name&gt;"

"/home/parallels/soft/my/countof_ns/tests/unit/pos_struct_n0.h", line 4: warning: division by zero [divide_by_zero]
      TU_STATIC_ASSERT_AND_RETURN(1, TU_COUNTOF(a));
      ^

"/home/parallels/soft/my/countof_ns/tests/unit/pos_struct_n0.h", line 4: warning: division by zero [divide_by_zero]
      TU_STATIC_ASSERT_AND_RETURN(1, TU_COUNTOF(a));
      ^

"/home/parallels/soft/my/countof_ns/tests/unit/pos_struct_n0.h", line 4: warning: division by zero [divide_by_zero]
      TU_STATIC_ASSERT_AND_RETURN(1, TU_COUNTOF(a));
      ^

"/home/parallels/soft/my/countof_ns/tests/unit/pos_struct_n0.h", line 4: warning: division by zero [divide_by_zero]
      TU_STATIC_ASSERT_AND_RETURN(1, TU_COUNTOF(a));
      ^

"/home/parallels/soft/my/countof_ns/tests/unit/pos_struct_n0.h", line 4: warning: division by zero [divide_by_zero]
      TU_STATIC_ASSERT_AND_RETURN(1, TU_COUNTOF(a));
      ^

1 error detected in the compilation of "/home/parallels/soft/my/countof_ns/tests/unit/tu_stub.c".
gmake[3]: *** [tests/unit/CMakeFiles/JZMG_ARRAY_LEN-pos_struct_n0.dir/build.make:79: tests/unit/CMakeFiles/JZMG_ARRAY_LEN-pos_struct_n0.dir/tu_stub.c.o] Ошибка 2
gmake[2]: *** [CMakeFiles/Makefile2:2082: tests/unit/CMakeFiles/JZMG_ARRAY_LEN-pos_struct_n0.dir/all] Ошибка 2
gmake[1]: *** [CMakeFiles/Makefile2:2089: tests/unit/CMakeFiles/JZMG_ARRAY_LEN-pos_struct_n0.dir/rule] Ошибка 2
gmake: *** [Makefile:836: JZMG_ARRAY_LEN-pos_struct_n0] Ошибка 2

</system-out>
	</testcase>
	<testcase name="JZMG_ARRAY_LEN-pos_struct_n0_cxx" classname="JZMG_ARRAY_LEN-pos_struct_n0_cxx" time="0.462774" status="run">
		<properties>
			<property name="cmake_labels" value="JZMG_ARRAY_LEN"/>
		</properties>
		<system-out>Internal cmake changing into directory: /home/parallels/soft/my/countof_ns/build/Linux_pgcc_pgc++
Change Dir: '/home/parallels/soft/my/countof_ns/build/Linux_pgcc_pgc++'

Run Build Command(s): /usr/bin/gmake -f Makefile JZMG_ARRAY_LEN-pos_struct_n0_cxx
[  0%] Built target CounofNS
[100%] Building CXX object tests/unit/CMakeFiles/JZMG_ARRAY_LEN-pos_struct_n0_cxx.dir/tu_stub_cxx.cpp.o
[100%] Linking CXX executable JZMG_ARRAY_LEN-pos_struct_n0_cxx
[100%] Built target JZMG_ARRAY_LEN-pos_struct_n0_cxx

Running test command: "/home/parallels/soft/my/countof_ns/build/Linux_pgcc_pgc++/tests/unit/JZMG_ARRAY_LEN-pos_struct_n0_cxx"
Ok 1 TU_STATIC_ASSERT_AND_RETURN((1)=1, ...) /home/parallels/soft/my/countof_ns/tests/unit/pos_struct_n0.h:pos_struct_n0.h:TU_UNIT for _comparisons/JZMG_ARRAY_LEN.h:JZMG_ARRAY_LEN(), C++ 202302L

</system-out>
	</testcase>
	<testcase name="JZMG_ARRAY_LEN-pos_struct_zla_00" classname="JZMG_ARRAY_LEN-pos_struct_zla_00" time="0.253711" status="fail">
		<failure message="Failed"/>
		<properties>
			<property name="cmake_labels" value="JZMG_ARRAY_LEN"/>
		</properties>
		<system-out>Internal cmake changing into directory: /home/parallels/soft/my/countof_ns/build/Linux_pgcc_pgc++
Change Dir: '/home/parallels/soft/my/countof_ns/build/Linux_pgcc_pgc++'

Run Build Command(s): /usr/bin/gmake -f Makefile JZMG_ARRAY_LEN-pos_struct_zla_00
[  0%] Built target CounofNS
[  0%] Building C object tests/unit/CMakeFiles/JZMG_ARRAY_LEN-pos_struct_zla_00.dir/tu_stub.c.o
"/home/parallels/soft/my/countof_ns/tests/unit/pos_struct_zla_00.h", line 4: error: division by zero
      TU_STATIC_ASSERT_AND_RETURN(0, TU_COUNTOF(a));
      ^

"/home/parallels/soft/my/countof_ns/tests/unit/pos_struct_zla_00.h", line 4: warning: division by zero [divide_by_zero]
      TU_STATIC_ASSERT_AND_RETURN(0, TU_COUNTOF(a));
      ^

Remark: individual warnings can be suppressed with "--diag_suppress &lt;warning-name&gt;"

"/home/parallels/soft/my/countof_ns/tests/unit/pos_struct_zla_00.h", line 4: warning: division by zero [divide_by_zero]
      TU_STATIC_ASSERT_AND_RETURN(0, TU_COUNTOF(a));
      ^

"/home/parallels/soft/my/countof_ns/tests/unit/pos_struct_zla_00.h", line 4: warning: division by zero [divide_by_zero]
      TU_STATIC_ASSERT_AND_RETURN(0, TU_COUNTOF(a));
      ^

"/home/parallels/soft/my/countof_ns/tests/unit/pos_struct_zla_00.h", line 4: warning: division by zero [divide_by_zero]
      TU_STATIC_ASSERT_AND_RETURN(0, TU_COUNTOF(a));
      ^

"/home/parallels/soft/my/countof_ns/tests/unit/pos_struct_zla_00.h", line 4: warning: division by zero [divide_by_zero]
      TU_STATIC_ASSERT_AND_RETURN(0, TU_COUNTOF(a));
      ^

"/home/parallels/soft/my/countof_ns/tests/unit/pos_struct_zla_00.h", line 4: warning: division by zero [divide_by_zero]
      TU_STATIC_ASSERT_AND_RETURN(0, TU_COUNTOF(a));
      ^

1 error detected in the compilation of "/home/parallels/soft/my/countof_ns/tests/unit/tu_stub.c".
gmake[3]: *** [tests/unit/CMakeFiles/JZMG_ARRAY_LEN-pos_struct_zla_00.dir/build.make:79: tests/unit/CMakeFiles/JZMG_ARRAY_LEN-pos_struct_zla_00.dir/tu_stub.c.o] Ошибка 2
gmake[2]: *** [CMakeFiles/Makefile2:2146: tests/unit/CMakeFiles/JZMG_ARRAY_LEN-pos_struct_zla_00.dir/all] Ошибка 2
gmake[1]: *** [CMakeFiles/Makefile2:2153: tests/unit/CMakeFiles/JZMG_ARRAY_LEN-pos_struct_zla_00.dir/rule] Ошибка 2
gmake: *** [Makefile:862: JZMG_ARRAY_LEN-pos_struct_zla_00] Ошибка 2

</system-out>
	</testcase>
	<testcase name="JZMG_ARRAY_LEN-pos_struct_zla_00_cxx" classname="JZMG_ARRAY_LEN-pos_struct_zla_00_cxx" time="0.460871" status="run">
		<properties>
			<property name="cmake_labels" value="JZMG_ARRAY_LEN"/>
		</properties>
		<system-out>Internal cmake changing into directory: /home/parallels/soft/my/countof_ns/build/Linux_pgcc_pgc++
Change Dir: '/home/parallels/soft/my/countof_ns/build/Linux_pgcc_pgc++'

Run Build Command(s): /usr/bin/gmake -f Makefile JZMG_ARRAY_LEN-pos_struct_zla_00_cxx
Built target CounofNS
Building CXX object tests/unit/CMakeFiles/JZMG_ARRAY_LEN-pos_struct_zla_00_cxx.dir/tu_stub_cxx.cpp.o
Linking CXX executable JZMG_ARRAY_LEN-pos_struct_zla_00_cxx
Built target JZMG_ARRAY_LEN-pos_struct_zla_00_cxx

Running test command: "/home/parallels/soft/my/countof_ns/build/Linux_pgcc_pgc++/tests/unit/JZMG_ARRAY_LEN-pos_struct_zla_00_cxx"
Ok 0 TU_STATIC_ASSERT_AND_RETURN((0)=0, ...) /home/parallels/soft/my/countof_ns/tests/unit/pos_struct_zla_00.h:pos_struct_zla_00.h:TU_UNIT for _comparisons/JZMG_ARRAY_LEN.h:JZMG_ARRAY_LEN(), C++ 202302L

</system-out>
	</testcase>
	<testcase name="JZMG_ARRAY_LEN-pos_zla_00" classname="JZMG_ARRAY_LEN-pos_zla_00" time="0.270738" status="fail">
		<failure message="Failed"/>
		<properties>
			<property name="cmake_labels" value="JZMG_ARRAY_LEN"/>
		</properties>
		<system-out>Internal cmake changing into directory: /home/parallels/soft/my/countof_ns/build/Linux_pgcc_pgc++
Change Dir: '/home/parallels/soft/my/countof_ns/build/Linux_pgcc_pgc++'

Run Build Command(s): /usr/bin/gmake -f Makefile JZMG_ARRAY_LEN-pos_zla_00
[  0%] Built target CounofNS
[100%] Building C object tests/unit/CMakeFiles/JZMG_ARRAY_LEN-pos_zla_00.dir/tu_stub.c.o
"/home/parallels/soft/my/countof_ns/tests/unit/pos_zla_00.h", line 4: error: division by zero
      TU_STATIC_ASSERT_AND_RETURN(0, TU_COUNTOF(b));
      ^

"/home/parallels/soft/my/countof_ns/tests/unit/pos_zla_00.h", line 4: warning: division by zero [divide_by_zero]
      TU_STATIC_ASSERT_AND_RETURN(0, TU_COUNTOF(b));
      ^

Remark: individual warnings can be suppressed with "--diag_suppress &lt;warning-name&gt;"

"/home/parallels/soft/my/countof_ns/tests/unit/pos_zla_00.h", line 4: warning: division by zero [divide_by_zero]
      TU_STATIC_ASSERT_AND_RETURN(0, TU_COUNTOF(b));
      ^

"/home/parallels/soft/my/countof_ns/tests/unit/pos_zla_00.h", line 4: warning: division by zero [divide_by_zero]
      TU_STATIC_ASSERT_AND_RETURN(0, TU_COUNTOF(b));
      ^

"/home/parallels/soft/my/countof_ns/tests/unit/pos_zla_00.h", line 4: warning: division by zero [divide_by_zero]
      TU_STATIC_ASSERT_AND_RETURN(0, TU_COUNTOF(b));
      ^

"/home/parallels/soft/my/countof_ns/tests/unit/pos_zla_00.h", line 4: warning: division by zero [divide_by_zero]
      TU_STATIC_ASSERT_AND_RETURN(0, TU_COUNTOF(b));
      ^

"/home/parallels/soft/my/countof_ns/tests/unit/pos_zla_00.h", line 4: warning: division by zero [divide_by_zero]
      TU_STATIC_ASSERT_AND_RETURN(0, TU_COUNTOF(b));
      ^

1 error detected in the compilation of "/home/parallels/soft/my/countof_ns/tests/unit/tu_stub.c".
gmake[3]: *** [tests/unit/CMakeFiles/JZMG_ARRAY_LEN-pos_zla_00.dir/build.make:79: tests/unit/CMakeFiles/JZMG_ARRAY_LEN-pos_zla_00.dir/tu_stub.c.o] Ошибка 2
gmake[2]: *** [CMakeFiles/Makefile2:2210: tests/unit/CMakeFiles/JZMG_ARRAY_LEN-pos_zla_00.dir/all] Ошибка 2
gmake[1]: *** [CMakeFiles/Makefile2:2217: tests/unit/CMakeFiles/JZMG_ARRAY_LEN-pos_zla_00.dir/rule] Ошибка 2
gmake: *** [Makefile:888: JZMG_ARRAY_LEN-pos_zla_00] Ошибка 2

</system-out>
	</testcase>
	<testcase name="JZMG_ARRAY_LEN-pos_zla_00_cxx" classname="JZMG_ARRAY_LEN-pos_zla_00_cxx" time="0.496542" status="run">
		<properties>
			<property name="cmake_labels" value="JZMG_ARRAY_LEN"/>
		</properties>
		<system-out>Internal cmake changing into directory: /home/parallels/soft/my/countof_ns/build/Linux_pgcc_pgc++
Change Dir: '/home/parallels/soft/my/countof_ns/build/Linux_pgcc_pgc++'

Run Build Command(s): /usr/bin/gmake -f Makefile JZMG_ARRAY_LEN-pos_zla_00_cxx
[  0%] Built target CounofNS
[100%] Building CXX object tests/unit/CMakeFiles/JZMG_ARRAY_LEN-pos_zla_00_cxx.dir/tu_stub_cxx.cpp.o
[100%] Linking CXX executable JZMG_ARRAY_LEN-pos_zla_00_cxx
[100%] Built target JZMG_ARRAY_LEN-pos_zla_00_cxx

Running test command: "/home/parallels/soft/my/countof_ns/build/Linux_pgcc_pgc++/tests/unit/JZMG_ARRAY_LEN-pos_zla_00_cxx"
Ok 0 TU_STATIC_ASSERT_AND_RETURN((0)=0, ...) /home/parallels/soft/my/countof_ns/tests/unit/pos_zla_00.h:pos_zla_00.h:TU_UNIT for _comparisons/JZMG_ARRAY_LEN.h:JZMG_ARRAY_LEN(), C++ 202302L

</system-out>
	</testcase>
	<testcase name="JZMG_ARRAY_LEN-pos_zla_0n" classname="JZMG_ARRAY_LEN-pos_zla_0n" time="0.419234" status="run">
		<properties>
			<property name="cmake_labels" value="JZMG_ARRAY_LEN"/>
		</properties>
		<system-out>Internal cmake changing into directory: /home/parallels/soft/my/countof_ns/build/Linux_pgcc_pgc++
Change Dir: '/home/parallels/soft/my/countof_ns/build/Linux_pgcc_pgc++'

Run Build Command(s): /usr/bin/gmake -f Makefile JZMG_ARRAY_LEN-pos_zla_0n
[  0%] Built target CounofNS
[  0%] Building C object tests/unit/CMakeFiles/JZMG_ARRAY_LEN-pos_zla_0n.dir/tu_stub.c.o
[100%] Linking C executable JZMG_ARRAY_LEN-pos_zla_0n
[100%] Built target JZMG_ARRAY_LEN-pos_zla_0n

Running test command: "/home/parallels/soft/my/countof_ns/build/Linux_pgcc_pgc++/tests/unit/JZMG_ARRAY_LEN-pos_zla_0n"
Ok 0 TU_STATIC_ASSERT_AND_RETURN((0)=0, ...) /home/parallels/soft/my/countof_ns/tests/unit/pos_zla_0n.h:pos_zla_0n.h:TU_UNIT for _comparisons/JZMG_ARRAY_LEN.h:JZMG_ARRAY_LEN(), C 201710L

</system-out>
	</testcase>
	<testcase name="JZMG_ARRAY_LEN-pos_zla_0n_cxx" classname="JZMG_ARRAY_LEN-pos_zla_0n_cxx" time="0.471952" status="run">
		<properties>
			<property name="cmake_labels" value="JZMG_ARRAY_LEN"/>
		</properties>
		<system-out>Internal cmake changing into directory: /home/parallels/soft/my/countof_ns/build/Linux_pgcc_pgc++
Change Dir: '/home/parallels/soft/my/countof_ns/build/Linux_pgcc_pgc++'

Run Build Command(s): /usr/bin/gmake -f Makefile JZMG_ARRAY_LEN-pos_zla_0n_cxx
[  0%] Built target CounofNS
[  0%] Building CXX object tests/unit/CMakeFiles/JZMG_ARRAY_LEN-pos_zla_0n_cxx.dir/tu_stub_cxx.cpp.o
[100%] Linking CXX executable JZMG_ARRAY_LEN-pos_zla_0n_cxx
[100%] Built target JZMG_ARRAY_LEN-pos_zla_0n_cxx

Running test command: "/home/parallels/soft/my/countof_ns/build/Linux_pgcc_pgc++/tests/unit/JZMG_ARRAY_LEN-pos_zla_0n_cxx"
Ok 0 TU_STATIC_ASSERT_AND_RETURN((0)=0, ...) /home/parallels/soft/my/countof_ns/tests/unit/pos_zla_0n.h:pos_zla_0n.h:TU_UNIT for _comparisons/JZMG_ARRAY_LEN.h:JZMG_ARRAY_LEN(), C++ 202302L

</system-out>
	</testcase>
	<testcase name="JZMG_ARRAY_LEN-pos_zla_n0" classname="JZMG_ARRAY_LEN-pos_zla_n0" time="0.238978" status="fail">
		<failure message="Failed"/>
		<properties>
			<property name="cmake_labels" value="JZMG_ARRAY_LEN"/>
		</properties>
		<system-out>Internal cmake changing into directory: /home/parallels/soft/my/countof_ns/build/Linux_pgcc_pgc++
Change Dir: '/home/parallels/soft/my/countof_ns/build/Linux_pgcc_pgc++'

Run Build Command(s): /usr/bin/gmake -f Makefile JZMG_ARRAY_LEN-pos_zla_n0
Built target CounofNS
Building C object tests/unit/CMakeFiles/JZMG_ARRAY_LEN-pos_zla_n0.dir/tu_stub.c.o
"/home/parallels/soft/my/countof_ns/tests/unit/pos_zla_n0.h", line 4: error: division by zero
      TU_STATIC_ASSERT_AND_RETURN(1, TU_COUNTOF(b));
      ^

"/home/parallels/soft/my/countof_ns/tests/unit/pos_zla_n0.h", line 4: warning: division by zero [divide_by_zero]
      TU_STATIC_ASSERT_AND_RETURN(1, TU_COUNTOF(b));
      ^

Remark: individual warnings can be suppressed with "--diag_suppress &lt;warning-name&gt;"

"/home/parallels/soft/my/countof_ns/tests/unit/pos_zla_n0.h", line 4: warning: division by zero [divide_by_zero]
      TU_STATIC_ASSERT_AND_RETURN(1, TU_COUNTOF(b));
      ^

"/home/parallels/soft/my/countof_ns/tests/unit/pos_zla_n0.h", line 4: warning: division by zero [divide_by_zero]
      TU_STATIC_ASSERT_AND_RETURN(1, TU_COUNTOF(b));
      ^

"/home/parallels/soft/my/countof_ns/tests/unit/pos_zla_n0.h", line 4: warning: division by zero [divide_by_zero]
      TU_STATIC_ASSERT_AND_RETURN(1, TU_COUNTOF(b));
      ^

"/home/parallels/soft/my/countof_ns/tests/unit/pos_zla_n0.h", line 4: warning: division by zero [divide_by_zero]
      TU_STATIC_ASSERT_AND_RETURN(1, TU_COUNTOF(b));
      ^

"/home/parallels/soft/my/countof_ns/tests/unit/pos_zla_n0.h", line 4: warning: division by zero [divide_by_zero]
      TU_STATIC_ASSERT_AND_RETURN(1, TU_COUNTOF(b));
      ^

1 error detected in the compilation of "/home/parallels/soft/my/countof_ns/tests/unit/tu_stub.c".
gmake[3]: *** [tests/unit/CMakeFiles/JZMG_ARRAY_LEN-pos_zla_n0.dir/build.make:79: tests/unit/CMakeFiles/JZMG_ARRAY_LEN-pos_zla_n0.dir/tu_stub.c.o] Ошибка 2
gmake[2]: *** [CMakeFiles/Makefile2:2338: tests/unit/CMakeFiles/JZMG_ARRAY_LEN-pos_zla_n0.dir/all] Ошибка 2
gmake[1]: *** [CMakeFiles/Makefile2:2345: tests/unit/CMakeFiles/JZMG_ARRAY_LEN-pos_zla_n0.dir/rule] Ошибка 2
gmake: *** [Makefile:940: JZMG_ARRAY_LEN-pos_zla_n0] Ошибка 2

</system-out>
	</testcase>
	<testcase name="JZMG_ARRAY_LEN-pos_zla_n0_cxx" classname="JZMG_ARRAY_LEN-pos_zla_n0_cxx" time="0.266783" status="fail">
		<failure message="Failed"/>
		<properties>
			<property name="cmake_labels" value="JZMG_ARRAY_LEN"/>
		</properties>
		<system-out>Internal cmake changing into directory: /home/parallels/soft/my/countof_ns/build/Linux_pgcc_pgc++
Change Dir: '/home/parallels/soft/my/countof_ns/build/Linux_pgcc_pgc++'

Run Build Command(s): /usr/bin/gmake -f Makefile JZMG_ARRAY_LEN-pos_zla_n0_cxx
[  0%] Built target CounofNS
[100%] Building CXX object tests/unit/CMakeFiles/JZMG_ARRAY_LEN-pos_zla_n0_cxx.dir/tu_stub_cxx.cpp.o
[...]
		<properties>
			<property name="cmake_labels" value="ms_countof"/>
		</properties>
		<system-out></system-out>
	</testcase>
	<testcase name="ms_countof-neg__selftest_cxx" classname="ms_countof-neg__selftest_cxx" time="0.28663" status="run">
		<properties>
			<property name="cmake_labels" value="ms_countof"/>
		</properties>
		<system-out>[  0%] Built target CounofNS
[  0%] Building CXX object tests/unit/CMakeFiles/ms_countof-neg__selftest_cxx.dir/tu_stub_cxx.cpp.o
"/home/parallels/soft/my/countof_ns/tests/unit/neg__selftest.h", line 12: error: static assertion failed with "0"
          tu_static_assert(0);
          ^

1 error detected in the compilation of "/home/parallels/soft/my/countof_ns/tests/unit/tu_stub_cxx.cpp".
gmake[3]: *** [tests/unit/CMakeFiles/ms_countof-neg__selftest_cxx.dir/build.make:79: tests/unit/CMakeFiles/ms_countof-neg__selftest_cxx.dir/tu_stub_cxx.cpp.o] Ошибка 2
gmake[2]: *** [CMakeFiles/Makefile2:4098: tests/unit/CMakeFiles/ms_countof-neg__selftest_cxx.dir/all] Ошибка 2
gmake[1]: *** [CMakeFiles/Makefile2:4105: tests/unit/CMakeFiles/ms_countof-neg__selftest_cxx.dir/rule] Ошибка 2
gmake: *** [Makefile:1655: ms_countof-neg__selftest_cxx] Ошибка 2
</system-out>
	</testcase>
	<testcase name="ms_countof-neg__selftest_cxx_0_fail" classname="ms_countof-neg__selftest_cxx_0_fail" time="0.0124083" status="notrun">
		<skipped message="SKIP_RETURN_CODE=42"/>
		<properties>
			<property name="cmake_labels" value="ms_countof"/>
		</properties>
		<system-out></system-out>
	</testcase>
	<testcase name="ms_countof-neg_cv_ptr" classname="ms_countof-neg_cv_ptr" time="0.417311" status="fail">
		<failure message="Failed"/>
		<properties>
			<property name="cmake_labels" value="ms_countof"/>
		</properties>
		<system-out>[  0%] Built target CounofNS
[  0%] Building C object tests/unit/CMakeFiles/ms_countof-neg_cv_ptr.dir/tu_stub.c.o
[100%] Linking C executable ms_countof-neg_cv_ptr
[100%] Built target ms_countof-neg_cv_ptr
</system-out>
	</testcase>
	<testcase name="ms_countof-neg_cv_ptr_0_fail" classname="ms_countof-neg_cv_ptr_0_fail" time="0.015421" status="fail">
		<failure message="Failed"/>
		<properties>
			<property name="cmake_labels" value="ms_countof"/>
		</properties>
		<system-out>Fail 2 desired=0 main(0, ...) /home/parallels/soft/my/countof_ns/tests/unit/tu_stub.c:neg_cv_ptr.h:TU_UNIT for _comparisons/ms_countof.h:ms_countof(), C 201710L
</system-out>
	</testcase>
	<testcase name="ms_countof-neg_cv_ptr_cxx" classname="ms_countof-neg_cv_ptr_cxx" time="0.250213" status="run">
		<properties>
			<property name="cmake_labels" value="ms_countof"/>
		</properties>
		<system-out>Built target CounofNS
Building CXX object tests/unit/CMakeFiles/ms_countof-neg_cv_ptr_cxx.dir/tu_stub_cxx.cpp.o
"/home/parallels/soft/my/countof_ns/tests/unit/neg_cv_ptr.h", line 4: error: no instance of function template "ms_countof_helper" matches the argument list
            argument types are: (const volatile int *)
      return TU_COUNTOF(p);
             ^
"/home/parallels/soft/my/countof_ns/include/_comparisons/ms_countof.h", line 20: note: candidate function template "ms_countof_helper" failed deduction
          char (*ms_countof_helper(_UNALIGNED _CountofType (&amp;_Array)[_SizeOfArray]))[_SizeOfArray];
                 ^

1 error detected in the compilation of "/home/parallels/soft/my/countof_ns/tests/unit/tu_stub_cxx.cpp".
gmake[3]: *** [tests/unit/CMakeFiles/ms_countof-neg_cv_ptr_cxx.dir/build.make:79: tests/unit/CMakeFiles/ms_countof-neg_cv_ptr_cxx.dir/tu_stub_cxx.cpp.o] Ошибка 2
gmake[2]: *** [CMakeFiles/Makefile2:4162: tests/unit/CMakeFiles/ms_countof-neg_cv_ptr_cxx.dir/all] Ошибка 2
...
[This part of the test output was removed since it exceeds the threshold of 1024 bytes.]
</system-out>
	</testcase>
	<testcase name="ms_countof-neg_cv_ptr_cxx_0_fail" classname="ms_countof-neg_cv_ptr_cxx_0_fail" time="0.0123808" status="notrun">
		<skipped message="SKIP_RETURN_CODE=42"/>
		<properties>
			<property name="cmake_labels" value="ms_countof"/>
		</properties>
		<system-out></system-out>
	</testcase>
	<testcase name="ms_countof-neg_other" classname="ms_countof-neg_other" time="0.247415" status="run">
		<properties>
			<property name="cmake_labels" value="ms_countof"/>
		</properties>
		<system-out>[  0%] Built target CounofNS
[100%] Building C object tests/unit/CMakeFiles/ms_countof-neg_other.dir/tu_stub.c.o
"/home/parallels/soft/my/countof_ns/tests/unit/neg_other.h", line 4: error: expression must have pointer-to-object type but it has type "int"
      return TU_COUNTOF(i);
             ^

1 error detected in the compilation of "/home/parallels/soft/my/countof_ns/tests/unit/tu_stub.c".
gmake[3]: *** [tests/unit/CMakeFiles/ms_countof-neg_other.dir/build.make:79: tests/unit/CMakeFiles/ms_countof-neg_other.dir/tu_stub.c.o] Ошибка 2
gmake[2]: *** [CMakeFiles/Makefile2:4194: tests/unit/CMakeFiles/ms_countof-neg_other.dir/all] Ошибка 2
gmake[1]: *** [CMakeFiles/Makefile2:4201: tests/unit/CMakeFiles/ms_countof-neg_other.dir/rule] Ошибка 2
gmake: *** [Makefile:1694: ms_countof-neg_other] Ошибка 2
</system-out>
	</testcase>
	<testcase name="ms_countof-neg_other_0_fail" classname="ms_countof-neg_other_0_fail" time="0.0120467" status="notrun">
		<skipped message="SKIP_RETURN_CODE=42"/>
		<properties>
			<property name="cmake_labels" value="ms_countof"/>
		</properties>
		<system-out></system-out>
	</testcase>
	<testcase name="ms_countof-neg_other_cxx" classname="ms_countof-neg_other_cxx" time="0.268881" status="run">
		<properties>
			<property name="cmake_labels" value="ms_countof"/>
		</properties>
		<system-out>[  0%] Built target CounofNS
[100%] Building CXX object tests/unit/CMakeFiles/ms_countof-neg_other_cxx.dir/tu_stub_cxx.cpp.o
"/home/parallels/soft/my/countof_ns/tests/unit/neg_other.h", line 4: error: no instance of function template "ms_countof_helper" matches the argument list
            argument types are: (int)
      return TU_COUNTOF(i);
             ^
"/home/parallels/soft/my/countof_ns/include/_comparisons/ms_countof.h", line 20: note: candidate function template "ms_countof_helper" failed deduction
          char (*ms_countof_helper(_UNALIGNED _CountofType (&amp;_Array)[_SizeOfArray]))[_SizeOfArray];
                 ^

1 error detected in the compilation of "/home/parallels/soft/my/countof_ns/tests/unit/tu_stub_cxx.cpp".
gmake[3]: *** [tests/unit/CMakeFiles/ms_countof-neg_other_cxx.dir/build.make:79: tests/unit/CMakeFiles/ms_countof-neg_other_cxx.dir/tu_stub_cxx.cpp.o] Ошибка 2
gmake[2]: *** [CMakeFiles/Makefile2:4226: tests/unit/CMakeFiles/ms_countof-neg_other_cxx.dir/all] Ошибка 2
gmake[1]...
[This part of the test output was removed since it exceeds the threshold of 1024 bytes.]
</system-out>
	</testcase>
	<testcase name="ms_countof-neg_other_cxx_0_fail" classname="ms_countof-neg_other_cxx_0_fail" time="0.011091" status="notrun">
		<skipped message="SKIP_RETURN_CODE=42"/>
		<properties>
			<property name="cmake_labels" value="ms_countof"/>
		</properties>
		<system-out></system-out>
	</testcase>
	<testcase name="ms_countof-neg_ptr" classname="ms_countof-neg_ptr" time="0.442684" status="fail">
		<failure message="Failed"/>
		<properties>
			<property name="cmake_labels" value="ms_countof"/>
		</properties>
		<system-out>[  0%] Built target CounofNS
[  0%] Building C object tests/unit/CMakeFiles/ms_countof-neg_ptr.dir/tu_stub.c.o
[100%] Linking C executable ms_countof-neg_ptr
[100%] Built target ms_countof-neg_ptr
</system-out>
	</testcase>
	<testcase name="ms_countof-neg_ptr_0_fail" classname="ms_countof-neg_ptr_0_fail" time="0.0159944" status="fail">
		<failure message="Failed"/>
		<properties>
			<property name="cmake_labels" value="ms_countof"/>
		</properties>
		<system-out>Debug /home/parallels/soft/my/countof_ns/tests/unit/neg_ptr.h:3:TU_UNIT
Debug /home/parallels/soft/my/countof_ns/tests/unit/neg_ptr.h:5:TU_UNIT TU_COUNTOF(p)=2 
Fail 2 desired=0 main(0, ...) /home/parallels/soft/my/countof_ns/tests/unit/tu_stub.c:neg_ptr.h:TU_UNIT for _comparisons/ms_countof.h:ms_countof(), C 201710L
</system-out>
	</testcase>
	<testcase name="ms_countof-neg_ptr_cxx" classname="ms_countof-neg_ptr_cxx" time="0.279048" status="run">
		<properties>
			<property name="cmake_labels" value="ms_countof"/>
		</properties>
		<system-out>Built target CounofNS
Building CXX object tests/unit/CMakeFiles/ms_countof-neg_ptr_cxx.dir/tu_stub_cxx.cpp.o
"/home/parallels/soft/my/countof_ns/tests/unit/neg_ptr.h", line 6: error: no instance of function template "ms_countof_helper" matches the argument list
            argument types are: (int *)
             TU_COUNTOF(p));  // TODO
             ^
"/home/parallels/soft/my/countof_ns/include/_comparisons/ms_countof.h", line 20: note: candidate function template "ms_countof_helper" failed deduction
          char (*ms_countof_helper(_UNALIGNED _CountofType (&amp;_Array)[_SizeOfArray]))[_SizeOfArray];
                 ^

"/home/parallels/soft/my/countof_ns/tests/unit/neg_ptr.h", line 7: error: no instance of function template "ms_countof_helper" matches the argument list
            argument types are: (int *)
      return TU_COUNTOF(p);
             ^
"/home/parallels/soft/my/countof_ns/include/_comparisons/ms_countof.h", line 20: note: candidate function template "ms_countof_helper" failed deduction
         ...
[This part of the test output was removed since it exceeds the threshold of 1024 bytes.]
</system-out>
	</testcase>
	<testcase name="ms_countof-neg_ptr_cxx_0_fail" classname="ms_countof-neg_ptr_cxx_0_fail" time="0.0111252" status="notrun">
		<skipped message="SKIP_RETURN_CODE=42"/>
		<properties>
			<property name="cmake_labels" value="ms_countof"/>
		</properties>
		<system-out></system-out>
	</testcase>
	<testcase name="ms_countof-neg_zla_ptr" classname="ms_countof-neg_zla_ptr" time="0.411778" status="fail">
		<failure message="Failed"/>
		<properties>
			<property name="cmake_labels" value="ms_countof"/>
		</properties>
		<system-out>[  0%] Built target CounofNS
[100%] Building C object tests/unit/CMakeFiles/ms_countof-neg_zla_ptr.dir/tu_stub.c.o
"/home/parallels/soft/my/countof_ns/tests/unit/neg_zla_ptr.h", line 4: warning: division by zero [divide_by_zero]
      return TU_COUNTOF(p);
             ^

Remark: individual warnings can be suppressed with "--diag_suppress &lt;warning-name&gt;"

[100%] Linking C executable ms_countof-neg_zla_ptr
[100%] Built target ms_countof-neg_zla_ptr
</system-out>
	</testcase>
	<testcase name="ms_countof-neg_zla_ptr_0_fail" classname="ms_countof-neg_zla_ptr_0_fail" time="0.0155425" status="fail">
		<failure message="Failed"/>
		<properties>
			<property name="cmake_labels" value="ms_countof"/>
		</properties>
		<system-out>/home/parallels/soft/my/countof_ns/build/Linux_pgcc_pgc++/tests/unit/ms_countof-neg_zla_ptr EXIT not integer CMD_RESULT=Floating-point exception
</system-out>
	</testcase>
	<testcase name="ms_countof-neg_zla_ptr_cxx" classname="ms_countof-neg_zla_ptr_cxx" time="0.258737" status="run">
		<properties>
			<property name="cmake_labels" value="ms_countof"/>
		</properties>
		<system-out>[  0%] Built target CounofNS
[100%] Building CXX object tests/unit/CMakeFiles/ms_countof-neg_zla_ptr_cxx.dir/tu_stub_cxx.cpp.o
"/home/parallels/soft/my/countof_ns/tests/unit/neg_zla_ptr.h", line 4: error: no instance of function template "ms_countof_helper" matches the argument list
            argument types are: (int (*)[0])
      return TU_COUNTOF(p);
             ^
"/home/parallels/soft/my/countof_ns/include/_comparisons/ms_countof.h", line 20: note: candidate function template "ms_countof_helper" failed deduction
          char (*ms_countof_helper(_UNALIGNED _CountofType (&amp;_Array)[_SizeOfArray]))[_SizeOfArray];
                 ^

1 error detected in the compilation of "/home/parallels/soft/my/countof_ns/tests/unit/tu_stub_cxx.cpp".
gmake[3]: *** [tests/unit/CMakeFiles/ms_countof-neg_zla_ptr_cxx.dir/build.make:79: tests/unit/CMakeFiles/ms_countof-neg_zla_ptr_cxx.dir/tu_stub_cxx.cpp.o] Ошибка 2
gmake[2]: *** [CMakeFiles/Makefile2:4354: tests/unit/CMakeFiles/ms_countof-neg_zla_ptr_cxx.dir/all] Оши...
[This part of the test output was removed since it exceeds the threshold of 1024 bytes.]
</system-out>
	</testcase>
	<testcase name="ms_countof-neg_zla_ptr_cxx_0_fail" classname="ms_countof-neg_zla_ptr_cxx_0_fail" time="0.0114761" status="notrun">
		<skipped message="SKIP_RETURN_CODE=42"/>
		<properties>
			<property name="cmake_labels" value="ms_countof"/>
		</properties>
		<system-out></system-out>
	</testcase>
	<testcase name="falsechk_fpe" classname="falsechk_fpe" time="0.00282919" status="fail">
		<failure message="NUMERICAL"/>
		<properties>
			<property name="cmake_labels" value="falsechk"/>
		</properties>
		<system-out></system-out>
	</testcase>
	<testcase name="falsechk_segv" classname="falsechk_segv" time="0.00251778" status="fail">
		<failure message="SEGFAULT"/>
		<properties>
			<property name="cmake_labels" value="falsechk"/>
		</properties>
		<system-out></system-out>
	</testcase>
	<testcase name="short_example" classname="short_example" time="0.00218865" status="run">
		<properties/>
		<system-out>short_example: Ok (fail=0)
</system-out>
	</testcase>
	<testcase name="short_example_fail" classname="short_example_fail" time="0.221364" status="run">
		<properties/>
		<system-out>Internal cmake changing into directory: /home/parallels/soft/my/countof_ns/build/Linux_pgcc_pgc++
Change Dir: '/home/parallels/soft/my/countof_ns/build/Linux_pgcc_pgc++'

Run Build Command(s): /usr/bin/gmake -f Makefile short_example_fail
[  0%] Built target CounofNS
[100%] Building C object examples/CMakeFiles/short_example_fail.dir/short_example.c.o
"/home/parallels/soft/my/countof_ns/examples/short_example.h", line 72: error: the size of an array must be greater than zero
          fail += countof_ns(p1);
                  ^

"/home/parallels/soft/my/countof_ns/examples/short_example.h", line 74: error: the size of an array must be greater than zero
          fail += countof_ns(p2);
                  ^

"/home/parallels/soft/my/countof_ns/examples/short_example.h", line 76: error: operand of "*" must be a pointer but has type "int"
          fail += countof_ns(i);
                  ^

"/home/parallels/soft/my/countof_ns/examples/short_example.h", line 76: error: operand of "*" must be a pointer but has typ...
[This part of the test output was removed since it exceeds the threshold of 1024 bytes.]
</system-out>
	</testcase>
	<testcase name="short_example_cxx" classname="short_example_cxx" time="0.00359789" status="run">
		<properties/>
		<system-out>short_example: Ok (fail=0)
</system-out>
	</testcase>
	<testcase name="short_example_cxx_fail" classname="short_example_cxx_fail" time="0.221325" status="run">
		<properties/>
		<system-out>Internal cmake changing into directory: /home/parallels/soft/my/countof_ns/build/Linux_pgcc_pgc++
Change Dir: '/home/parallels/soft/my/countof_ns/build/Linux_pgcc_pgc++'

Run Build Command(s): /usr/bin/gmake -f Makefile short_example_cxx_fail
Built target CounofNS
Building CXX object examples/CMakeFiles/short_example_cxx_fail.dir/short_example_cxx.cpp.o
"/home/parallels/soft/my/countof_ns/include/countof_ns.h", line 109: error: static assertion failed with "Argument must be zero-length array"
          static_assert(0 == A, "Argument must be zero-length array");
          ^
          detected during instantiation of "size_t _countof_ns_aux&lt;A,E,T&gt;(const T &amp;) noexcept [with A=8UL, E=92UL, T=int (*)[23]]" at line 72 of "/home/parallels/soft/my/countof_ns/examples/short_example.h"

"/home/parallels/soft/my/countof_ns/include/countof_ns.h", line 109: error: static assertion failed with "Argument must be zero-length array"
          static_assert(0 == A, "Argument must be zero-length array");
          ^
          ...
[This part of the test output was removed since it exceeds the threshold of 1024 bytes.]
</system-out>
	</testcase>
	<testcase name="long_example" classname="long_example" time="0.00312501" status="run">
		<properties/>
		<system-out>short_example: Ok (fail=0)
HAVE_EMPTY_INITIALIZER
HAVE_EMPTY_STRUCTURE
zla_example: Ok (fail=0)
__GNUC__.__GNUC_MINOR__ 14.2 __NVCOMPILER_MAJOR__.__NVCOMPILER_MINOR__ 25.9 _COUNTOF_NS_VLA_UNSUPPORTED __STDC_VERSION__ 201710
</system-out>
	</testcase>
	<testcase name="long_example_fail" classname="long_example_fail" time="0.246653" status="run">
		<properties/>
		<system-out>Internal cmake changing into directory: /home/parallels/soft/my/countof_ns/build/Linux_pgcc_pgc++
Change Dir: '/home/parallels/soft/my/countof_ns/build/Linux_pgcc_pgc++'

Run Build Command(s): /usr/bin/gmake -f Makefile long_example_fail
[  0%] Built target CounofNS
[100%] Building C object examples/CMakeFiles/long_example_fail.dir/long_example.c.o
"/home/parallels/soft/my/countof_ns/examples/short_example.h", line 72: error: the size of an array must be greater than zero
          fail += countof_ns(p1);
                  ^

"/home/parallels/soft/my/countof_ns/examples/short_example.h", line 74: error: the size of an array must be greater than zero
          fail += countof_ns(p2);
                  ^

"/home/parallels/soft/my/countof_ns/examples/short_example.h", line 76: error: operand of "*" must be a pointer but has type "int"
          fail += countof_ns(i);
                  ^

"/home/parallels/soft/my/countof_ns/examples/short_example.h", line 76: error: operand of "*" must be a pointer but has type "...
[This part of the test output was removed since it exceeds the threshold of 1024 bytes.]
</system-out>
	</testcase>
	<testcase name="long_example_cxx" classname="long_example_cxx" time="0.00368214" status="run">
		<properties/>
		<system-out>short_example: Ok (fail=0)
HAVE_EMPTY_INITIALIZER
zla_example: Ok (fail=0)
std_size_example: Ok (fail=0)
__GNUC__.__GNUC_MINOR__ 14.2 __NVCOMPILER_MAJOR__.__NVCOMPILER_MINOR__ 25.9 __cpp_lib_nonmember_container_access 201411 __cplusplus 202302
</system-out>
	</testcase>
	<testcase name="long_example_cxx_fail" classname="long_example_cxx_fail" time="0.552978" status="run">
		<properties/>
		<system-out>Internal cmake changing into directory: /home/parallels/soft/my/countof_ns/build/Linux_pgcc_pgc++
Change Dir: '/home/parallels/soft/my/countof_ns/build/Linux_pgcc_pgc++'

Run Build Command(s): /usr/bin/gmake -f Makefile long_example_cxx_fail
Built target CounofNS
Building CXX object examples/CMakeFiles/long_example_cxx_fail.dir/long_example_cxx.cpp.o
"/home/parallels/soft/my/countof_ns/include/countof_ns.h", line 109: error: static assertion failed with "Argument must be zero-length array"
          static_assert(0 == A, "Argument must be zero-length array");
          ^
          detected during instantiation of "size_t _countof_ns_aux&lt;A,E,T&gt;(const T &amp;) noexcept [with A=8UL, E=92UL, T=int (*)[23]]" at line 72 of "/home/parallels/soft/my/countof_ns/examples/short_example.h"

"/home/parallels/soft/my/countof_ns/include/countof_ns.h", line 109: error: static assertion failed with "Argument must be zero-length array"
          static_assert(0 == A, "Argument must be zero-length array");
          ^
          det...
[This part of the test output was removed since it exceeds the threshold of 1024 bytes.]
</system-out>
	</testcase>
	<testcase name="_check_logs_config" classname="_check_logs_config" time="0.0130862" status="run">
		<properties>
			<property name="cmake_labels" value="check_logs;default"/>
		</properties>
		<system-out>CL_TAG='verbose'
    CMAKE_C_COMPILER_ID='NVHPC'
    CMAKE_C_COMPILER_VERSION='25.9.0'
    CMAKE_C_FLAGS='  -Wall -Wextra -pedantic --diag_suppress warning_directive --diag_suppress no_named_fields -DHAVE_ZERO_LENGTH_ARRAYS=1 -DHAVE_EMPTY_INITIALIZER=1 -DHAVE_EMPTY_STRUCTURE=1 -DHAVE_TYPEOF=1 -DHAVE___TYPEOF__=1 -DERROR_ON_NEGATIVE_ARRAY_SIZE=1 -DERROR_ON_STRUCT_BIT_FIELD=1 -DERROR_ON_STRUCT_STATIC_ASSERT=1'
    TAC_WERROR=''
    CXX_ENABLED='TRUE'
    
</system-out>
	</testcase>
</testsuite>
