<?xml version="1.0" encoding="UTF-8"?>
<testsuite name="(empty)"
	tests="177"
	failures="38"
	disabled="0"
	skipped="39"
	hostname=""
	time="31"
	timestamp="2025-12-01T03:12:03"
	>
	<testcase name="pos__selftest" classname="pos__selftest" time="0.0032109" status="run">
		<properties>
			<property name="cmake_labels" value="countof_ns;default"/>
		</properties>
		<system-out>Ok 1 TU_STATIC_ASSERT_AND_RETURN((1)=1, ...) /home/parallels/soft/my/countof_ns/tests/unit/pos__selftest.h:pos__selftest.h:TU_UNIT for countof_ns.h:countof_ns(), C 201710L
</system-out>
	</testcase>
	<testcase name="pos__selftest_cxx" classname="pos__selftest_cxx" time="0.00340027" status="run">
		<properties>
			<property name="cmake_labels" value="countof_ns;default"/>
		</properties>
		<system-out>Ok 1 TU_STATIC_ASSERT_AND_RETURN((1)=1, ...) /home/parallels/soft/my/countof_ns/tests/unit/pos__selftest.h:pos__selftest.h:TU_UNIT for countof_ns.h:countof_ns(), C++ 202302L
</system-out>
	</testcase>
	<testcase name="pos_array" classname="pos_array" time="0.00314312" status="run">
		<properties>
			<property name="cmake_labels" value="countof_ns;default"/>
		</properties>
		<system-out>Ok 1 TU_STATIC_ASSERT_AND_RETURN((1)=1, ...) /home/parallels/soft/my/countof_ns/tests/unit/pos_array.h:pos_array.h:TU_UNIT for countof_ns.h:countof_ns(), C 201710L
</system-out>
	</testcase>
	<testcase name="pos_array_cxx" classname="pos_array_cxx" time="0.00337598" status="run">
		<properties>
			<property name="cmake_labels" value="countof_ns;default"/>
		</properties>
		<system-out>Ok 1 TU_STATIC_ASSERT_AND_RETURN((1)=1, ...) /home/parallels/soft/my/countof_ns/tests/unit/pos_array.h:pos_array.h:TU_UNIT for countof_ns.h:countof_ns(), C++ 202302L
</system-out>
	</testcase>
	<testcase name="pos_cv_array" classname="pos_cv_array" time="0.276254" status="fail">
		<failure message="Failed"/>
		<properties>
			<property name="cmake_labels" value="countof_ns;default"/>
		</properties>
		<system-out>Internal cmake changing into directory: /home/parallels/soft/my/countof_ns/build/Linux_pgcc_pgc++
Change Dir: '/home/parallels/soft/my/countof_ns/build/Linux_pgcc_pgc++'

Run Build Command(s): /usr/bin/gmake -f Makefile pos_cv_array
[  0%] Built target CounofNS
[100%] Building C object tests/unit/CMakeFiles/pos_cv_array.dir/tu_stub.c.o
"/home/parallels/soft/my/countof_ns/tests/unit/pos_cv_array.h", line 4: error: the size of an array must be greater than zero
      TU_STATIC_ASSERT_AND_RETURN(1, TU_COUNTOF(a));
      ^

"/home/parallels/soft/my/countof_ns/tests/unit/pos_cv_array.h", line 4: error: the size of an array must be greater than zero
      TU_STATIC_ASSERT_AND_RETURN(1, TU_COUNTOF(a));
      ^

"/home/parallels/soft/my/countof_ns/tests/unit/pos_cv_array.h", line 4: error: the size of an array must be greater than zero
      TU_STATIC_ASSERT_AND_RETURN(1, TU_COUNTOF(a));
      ^

"/home/parallels/soft/my/countof_ns/tests/unit/pos_cv_array.h", line 4: error: the size of an array must be greater than zero
      TU_STATIC_ASSERT_AND_RETURN(1, TU_COUNTOF(a));
      ^

"/home/parallels/soft/my/countof_ns/tests/unit/pos_cv_array.h", line 4: error: the size of an array must be greater than zero
      TU_STATIC_ASSERT_AND_RETURN(1, TU_COUNTOF(a));
      ^

"/home/parallels/soft/my/countof_ns/tests/unit/pos_cv_array.h", line 4: error: the size of an array must be greater than zero
      TU_STATIC_ASSERT_AND_RETURN(1, TU_COUNTOF(a));
      ^

"/home/parallels/soft/my/countof_ns/tests/unit/pos_cv_array.h", line 4: error: the size of an array must be greater than zero
      TU_STATIC_ASSERT_AND_RETURN(1, TU_COUNTOF(a));
      ^

7 errors detected in the compilation of "/home/parallels/soft/my/countof_ns/tests/unit/tu_stub.c".
gmake[3]: *** [tests/unit/CMakeFiles/pos_cv_array.dir/build.make:79: tests/unit/CMakeFiles/pos_cv_array.dir/tu_stub.c.o] Ошибка 2
gmake[2]: *** [CMakeFiles/Makefile2:764: tests/unit/CMakeFiles/pos_cv_array.dir/all] Ошибка 2
gmake[1]: *** [CMakeFiles/Makefile2:771: tests/unit/CMakeFiles/pos_cv_array.dir/rule] Ошибка 2
gmake: *** [Makefile:303: pos_cv_array] Ошибка 2

</system-out>
	</testcase>
	<testcase name="pos_cv_array_cxx" classname="pos_cv_array_cxx" time="0.192965" status="run">
		<properties>
			<property name="cmake_labels" value="countof_ns;default"/>
		</properties>
		<system-out>Internal cmake changing into directory: /home/parallels/soft/my/countof_ns/build/Linux_pgcc_pgc++
Change Dir: '/home/parallels/soft/my/countof_ns/build/Linux_pgcc_pgc++'

Run Build Command(s): /usr/bin/gmake -f Makefile pos_cv_array_cxx
[  0%] Built target CounofNS
[100%] Built target pos_cv_array_cxx

Running test command: "/home/parallels/soft/my/countof_ns/build/Linux_pgcc_pgc++/tests/unit/pos_cv_array_cxx"
Ok 1 TU_STATIC_ASSERT_AND_RETURN((1)=1, ...) /home/parallels/soft/my/countof_ns/tests/unit/pos_cv_array.h:pos_cv_array.h:TU_UNIT for countof_ns.h:countof_ns(), C++ 202302L

</system-out>
	</testcase>
	<testcase name="pos_struct_n0" classname="pos_struct_n0" time="0.260592" status="fail">
		<failure message="Failed"/>
		<properties>
			<property name="cmake_labels" value="countof_ns;default"/>
		</properties>
		<system-out>Internal cmake changing into directory: /home/parallels/soft/my/countof_ns/build/Linux_pgcc_pgc++
Change Dir: '/home/parallels/soft/my/countof_ns/build/Linux_pgcc_pgc++'

Run Build Command(s): /usr/bin/gmake -f Makefile pos_struct_n0
[  0%] Built target CounofNS
[  0%] Building C object tests/unit/CMakeFiles/pos_struct_n0.dir/tu_stub.c.o
"/home/parallels/soft/my/countof_ns/tests/unit/pos_struct_n0.h", line 4: error: static assertion failed with "(1) == ((((!sizeof(*(a)) ? 0 : sizeof(a)/( sizeof(*(a)) ? sizeof(*(a)) : (size_t)-1 )) + ((size_t)!sizeof(char[_Generic(&amp;(a), __typeof__(*(a)) (*)[(!sizeof(*(a)) ? 0 : sizeof(a)/( sizeof(*(a)) ? sizeof(*(a)) : (size_t)-1 ))]: 1, default: -1)])))))"
      TU_STATIC_ASSERT_AND_RETURN(1, TU_COUNTOF(a));
      ^

1 error detected in the compilation of "/home/parallels/soft/my/countof_ns/tests/unit/tu_stub.c".
gmake[3]: *** [tests/unit/CMakeFiles/pos_struct_n0.dir/build.make:79: tests/unit/CMakeFiles/pos_struct_n0.dir/tu_stub.c.o] Ошибка 2
gmake[2]: *** [CMakeFiles/Makefile2:828: tests/unit/CMakeFiles/pos_struct_n0.dir/all] Ошибка 2
gmake[1]: *** [CMakeFiles/Makefile2:835: tests/unit/CMakeFiles/pos_struct_n0.dir/rule] Ошибка 2
gmake: *** [Makefile:329: pos_struct_n0] Ошибка 2

</system-out>
	</testcase>
	<testcase name="pos_struct_n0_cxx" classname="pos_struct_n0_cxx" time="0.00359704" status="run">
		<properties>
			<property name="cmake_labels" value="countof_ns;default"/>
		</properties>
		<system-out>Ok 1 TU_STATIC_ASSERT_AND_RETURN((1)=1, ...) /home/parallels/soft/my/countof_ns/tests/unit/pos_struct_n0.h:pos_struct_n0.h:TU_UNIT for countof_ns.h:countof_ns(), C++ 202302L
</system-out>
	</testcase>
	<testcase name="pos_struct_zla_00" classname="pos_struct_zla_00" time="0.00279733" status="run">
		<properties>
			<property name="cmake_labels" value="countof_ns;default"/>
		</properties>
		<system-out>Ok 0 TU_STATIC_ASSERT_AND_RETURN((0)=0, ...) /home/parallels/soft/my/countof_ns/tests/unit/pos_struct_zla_00.h:pos_struct_zla_00.h:TU_UNIT for countof_ns.h:countof_ns(), C 201710L
</system-out>
	</testcase>
	<testcase name="pos_struct_zla_00_cxx" classname="pos_struct_zla_00_cxx" time="0.0035475" status="run">
		<properties>
			<property name="cmake_labels" value="countof_ns;default"/>
		</properties>
		<system-out>Ok 0 TU_STATIC_ASSERT_AND_RETURN((0)=0, ...) /home/parallels/soft/my/countof_ns/tests/unit/pos_struct_zla_00.h:pos_struct_zla_00.h:TU_UNIT for countof_ns.h:countof_ns(), C++ 202302L
</system-out>
	</testcase>
	<testcase name="pos_zla_00" classname="pos_zla_00" time="0.00275965" status="run">
		<properties>
			<property name="cmake_labels" value="countof_ns;default"/>
		</properties>
		<system-out>Ok 0 TU_STATIC_ASSERT_AND_RETURN((0)=0, ...) /home/parallels/soft/my/countof_ns/tests/unit/pos_zla_00.h:pos_zla_00.h:TU_UNIT for countof_ns.h:countof_ns(), C 201710L
</system-out>
	</testcase>
	<testcase name="pos_zla_00_cxx" classname="pos_zla_00_cxx" time="0.00323898" status="run">
		<properties>
			<property name="cmake_labels" value="countof_ns;default"/>
		</properties>
		<system-out>Ok 0 TU_STATIC_ASSERT_AND_RETURN((0)=0, ...) /home/parallels/soft/my/countof_ns/tests/unit/pos_zla_00.h:pos_zla_00.h:TU_UNIT for countof_ns.h:countof_ns(), C++ 202302L
</system-out>
	</testcase>
	<testcase name="pos_zla_0n" classname="pos_zla_0n" time="0.00293831" status="run">
		<properties>
			<property name="cmake_labels" value="countof_ns;default"/>
		</properties>
		<system-out>Ok 0 TU_STATIC_ASSERT_AND_RETURN((0)=0, ...) /home/parallels/soft/my/countof_ns/tests/unit/pos_zla_0n.h:pos_zla_0n.h:TU_UNIT for countof_ns.h:countof_ns(), C 201710L
</system-out>
	</testcase>
	<testcase name="pos_zla_0n_cxx" classname="pos_zla_0n_cxx" time="0.00343712" status="run">
		<properties>
			<property name="cmake_labels" value="countof_ns;default"/>
		</properties>
		<system-out>Ok 0 TU_STATIC_ASSERT_AND_RETURN((0)=0, ...) /home/parallels/soft/my/countof_ns/tests/unit/pos_zla_0n.h:pos_zla_0n.h:TU_UNIT for countof_ns.h:countof_ns(), C++ 202302L
</system-out>
	</testcase>
	<testcase name="pos_zla_n0" classname="pos_zla_n0" time="0.255528" status="fail">
		<failure message="Failed"/>
		<properties>
			<property name="cmake_labels" value="countof_ns;default"/>
		</properties>
		<system-out>Internal cmake changing into directory: /home/parallels/soft/my/countof_ns/build/Linux_pgcc_pgc++
Change Dir: '/home/parallels/soft/my/countof_ns/build/Linux_pgcc_pgc++'

Run Build Command(s): /usr/bin/gmake -f Makefile pos_zla_n0
[  0%] Built target CounofNS
gmake[3]: Предупреждение: время изменения файла «tests/unit/CMakeFiles/pos_zla_n0.dir/compiler_depend.make» находится в будущем (0,097)
[100%] Building C object tests/unit/CMakeFiles/pos_zla_n0.dir/tu_stub.c.o
"/home/parallels/soft/my/countof_ns/tests/unit/pos_zla_n0.h", line 4: error: static assertion failed with "(1) == ((((!sizeof(*(b)) ? 0 : sizeof(b)/( sizeof(*(b)) ? sizeof(*(b)) : (size_t)-1 )) + ((size_t)!sizeof(char[_Generic(&amp;(b), __typeof__(*(b)) (*)[(!sizeof(*(b)) ? 0 : sizeof(b)/( sizeof(*(b)) ? sizeof(*(b)) : (size_t)-1 ))]: 1, default: -1)])))))"
      TU_STATIC_ASSERT_AND_RETURN(1, TU_COUNTOF(b));
      ^

1 error detected in the compilation of "/home/parallels/soft/my/countof_ns/tests/unit/tu_stub.c".
gmake[3]: *** [tests/unit/CMakeFiles/pos_zla_n0.dir/build.make:79: tests/unit/CMakeFiles/pos_zla_n0.dir/tu_stub.c.o] Ошибка 2
gmake[2]: *** [CMakeFiles/Makefile2:1084: tests/unit/CMakeFiles/pos_zla_n0.dir/all] Ошибка 2
gmake[1]: *** [CMakeFiles/Makefile2:1091: tests/unit/CMakeFiles/pos_zla_n0.dir/rule] Ошибка 2
gmake: *** [Makefile:433: pos_zla_n0] Ошибка 2

</system-out>
	</testcase>
	<testcase name="pos_zla_n0_cxx" classname="pos_zla_n0_cxx" time="0.00351179" status="run">
		<properties>
			<property name="cmake_labels" value="countof_ns;default"/>
		</properties>
		<system-out>Ok 1 TU_STATIC_ASSERT_AND_RETURN((1)=1, ...) /home/parallels/soft/my/countof_ns/tests/unit/pos_zla_n0.h:pos_zla_n0.h:TU_UNIT for countof_ns.h:countof_ns(), C++ 202302L
</system-out>
	</testcase>
	<testcase name="neg__selftest" classname="neg__selftest" time="0.268406" status="run">
		<properties>
			<property name="cmake_labels" value="countof_ns;default"/>
		</properties>
		<system-out>[  0%] Built target CounofNS
[100%] Building C object tests/unit/CMakeFiles/neg__selftest.dir/tu_stub.c.o
"/home/parallels/soft/my/countof_ns/tests/unit/neg__selftest.h", line 12: error: static assertion failed with "0"
          tu_static_assert(0);
          ^

1 error detected in the compilation of "/home/parallels/soft/my/countof_ns/tests/unit/tu_stub.c".
gmake[3]: *** [tests/unit/CMakeFiles/neg__selftest.dir/build.make:79: tests/unit/CMakeFiles/neg__selftest.dir/tu_stub.c.o] Ошибка 2
gmake[2]: *** [CMakeFiles/Makefile2:1148: tests/unit/CMakeFiles/neg__selftest.dir/all] Ошибка 2
gmake[1]: *** [CMakeFiles/Makefile2:1155: tests/unit/CMakeFiles/neg__selftest.dir/rule] Ошибка 2
gmake: *** [Makefile:459: neg__selftest] Ошибка 2
</system-out>
	</testcase>
	<testcase name="neg__selftest_0_fail" classname="neg__selftest_0_fail" time="0.012144" status="notrun">
		<skipped message="SKIP_RETURN_CODE=42"/>
		<properties>
			<property name="cmake_labels" value="countof_ns;default"/>
		</properties>
		<system-out></system-out>
	</testcase>
	<testcase name="neg__selftest_cxx" classname="neg__selftest_cxx" time="0.270428" status="run">
		<properties>
			<property name="cmake_labels" value="countof_ns;default"/>
		</properties>
		<system-out>[  0%] Built target CounofNS
[  0%] Building CXX object tests/unit/CMakeFiles/neg__selftest_cxx.dir/tu_stub_cxx.cpp.o
"/home/parallels/soft/my/countof_ns/tests/unit/neg__selftest.h", line 12: error: static assertion failed with "0"
          tu_static_assert(0);
          ^

1 error detected in the compilation of "/home/parallels/soft/my/countof_ns/tests/unit/tu_stub_cxx.cpp".
gmake[3]: *** [tests/unit/CMakeFiles/neg__selftest_cxx.dir/build.make:79: tests/unit/CMakeFiles/neg__selftest_cxx.dir/tu_stub_cxx.cpp.o] Ошибка 2
gmake[2]: *** [CMakeFiles/Makefile2:1180: tests/unit/CMakeFiles/neg__selftest_cxx.dir/all] Ошибка 2
gmake[1]: *** [CMakeFiles/Makefile2:1187: tests/unit/CMakeFiles/neg__selftest_cxx.dir/rule] Ошибка 2
gmake: *** [Makefile:472: neg__selftest_cxx] Ошибка 2
</system-out>
	</testcase>
	<testcase name="neg__selftest_cxx_0_fail" classname="neg__selftest_cxx_0_fail" time="0.0120418" status="notrun">
		<skipped message="SKIP_RETURN_CODE=42"/>
		<properties>
			<property name="cmake_labels" value="countof_ns;default"/>
		</properties>
		<system-out></system-out>
	</testcase>
	<testcase name="neg_cv_ptr" classname="neg_cv_ptr" time="0.256779" status="run">
		<properties>
			<property name="cmake_labels" value="countof_ns;default"/>
		</properties>
		<system-out>[  0%] Built target CounofNS
[  0%] Building C object tests/unit/CMakeFiles/neg_cv_ptr.dir/tu_stub.c.o
"/home/parallels/soft/my/countof_ns/tests/unit/neg_cv_ptr.h", line 4: error: the size of an array must be greater than zero
      return TU_COUNTOF(p);
             ^

1 error detected in the compilation of "/home/parallels/soft/my/countof_ns/tests/unit/tu_stub.c".
gmake[3]: *** [tests/unit/CMakeFiles/neg_cv_ptr.dir/build.make:79: tests/unit/CMakeFiles/neg_cv_ptr.dir/tu_stub.c.o] Ошибка 2
gmake[2]: *** [CMakeFiles/Makefile2:1212: tests/unit/CMakeFiles/neg_cv_ptr.dir/all] Ошибка 2
gmake[1]: *** [CMakeFiles/Makefile2:1219: tests/unit/CMakeFiles/neg_cv_ptr.dir/rule] Ошибка 2
gmake: *** [Makefile:485: neg_cv_ptr] Ошибка 2
</system-out>
	</testcase>
	<testcase name="neg_cv_ptr_0_fail" classname="neg_cv_ptr_0_fail" time="0.012347" status="notrun">
		<skipped message="SKIP_RETURN_CODE=42"/>
		<properties>
			<property name="cmake_labels" value="countof_ns;default"/>
		</properties>
		<system-out></system-out>
	</testcase>
	<testcase name="neg_cv_ptr_cxx" classname="neg_cv_ptr_cxx" time="0.26332" status="run">
		<properties>
			<property name="cmake_labels" value="countof_ns;default"/>
		</properties>
		<system-out>Built target CounofNS
Building CXX object tests/unit/CMakeFiles/neg_cv_ptr_cxx.dir/tu_stub_cxx.cpp.o
"/home/parallels/soft/my/countof_ns/include/countof_ns.h", line 107: error: static assertion failed with "Argument must be zero-length array"
          static_assert(0 == A, "Argument must be zero-length array");
          ^
          detected during instantiation of "size_t _countof_ns_aux&lt;A,E,T&gt;(const T &amp;) noexcept [with A=8UL, E=4UL, T=const volatile int *]" at line 4 of "/home/parallels/soft/my/countof_ns/tests/unit/neg_cv_ptr.h"

1 error detected in the compilation of "/home/parallels/soft/my/countof_ns/tests/unit/tu_stub_cxx.cpp".
gmake[3]: *** [tests/unit/CMakeFiles/neg_cv_ptr_cxx.dir/build.make:79: tests/unit/CMakeFiles/neg_cv_ptr_cxx.dir/tu_stub_cxx.cpp.o] Ошибка 2
gmake[2]: *** [CMakeFiles/Makefile2:1244: tests/unit/CMakeFiles/neg_cv_ptr_cxx.dir/all] Ошибка 2
gmake[1]: *** [CMakeFiles/Makefile2:1251: tests/unit/CMakeFiles/neg_cv_ptr_cxx.dir/rule] Ошибка 2
gmake: *** [Makefile:498: n...
[This part of the test output was removed since it exceeds the threshold of 1024 bytes.]
</system-out>
	</testcase>
	<testcase name="neg_cv_ptr_cxx_0_fail" classname="neg_cv_ptr_cxx_0_fail" time="0.011858" status="notrun">
		<skipped message="SKIP_RETURN_CODE=42"/>
		<properties>
			<property name="cmake_labels" value="countof_ns;default"/>
		</properties>
		<system-out></system-out>
	</testcase>
	<testcase name="neg_other" classname="neg_other" time="0.259539" status="run">
		<properties>
			<property name="cmake_labels" value="countof_ns;default"/>
		</properties>
		<system-out>[  0%] Built target CounofNS
[100%] Building C object tests/unit/CMakeFiles/neg_other.dir/tu_stub.c.o
"/home/parallels/soft/my/countof_ns/tests/unit/neg_other.h", line 4: error: operand of "*" must be a pointer but has type "int"
      return TU_COUNTOF(i);
             ^

"/home/parallels/soft/my/countof_ns/tests/unit/neg_other.h", line 4: error: operand of "*" must be a pointer but has type "int"
      return TU_COUNTOF(i);
             ^

"/home/parallels/soft/my/countof_ns/tests/unit/neg_other.h", line 4: error: operand of "*" must be a pointer but has type "int"
      return TU_COUNTOF(i);
             ^

"/home/parallels/soft/my/countof_ns/tests/unit/neg_other.h", line 4: error: operand of "*" must be a pointer but has type "int"
      return TU_COUNTOF(i);
             ^

"/home/parallels/soft/my/countof_ns/tests/unit/neg_other.h", line 4: error: operand of "*" must be a pointer but has type "int"
      return TU_COUNTOF(i);
             ^

"/home/parallels/soft/my/countof_ns/tests/unit/neg_other.h", l...
[This part of the test output was removed since it exceeds the threshold of 1024 bytes.]
</system-out>
	</testcase>
	<testcase name="neg_other_0_fail" classname="neg_other_0_fail" time="0.0116396" status="notrun">
		<skipped message="SKIP_RETURN_CODE=42"/>
		<properties>
			<property name="cmake_labels" value="countof_ns;default"/>
		</properties>
		<system-out></system-out>
	</testcase>
	<testcase name="neg_other_cxx" classname="neg_other_cxx" time="0.285181" status="run">
		<properties>
			<property name="cmake_labels" value="countof_ns;default"/>
		</properties>
		<system-out>[  0%] Built target CounofNS
[100%] Building CXX object tests/unit/CMakeFiles/neg_other_cxx.dir/tu_stub_cxx.cpp.o
"/home/parallels/soft/my/countof_ns/tests/unit/neg_other.h", line 4: error: operand of "*" must be a pointer but has type "int"
      return TU_COUNTOF(i);
             ^

1 error detected in the compilation of "/home/parallels/soft/my/countof_ns/tests/unit/tu_stub_cxx.cpp".
gmake[3]: *** [tests/unit/CMakeFiles/neg_other_cxx.dir/build.make:79: tests/unit/CMakeFiles/neg_other_cxx.dir/tu_stub_cxx.cpp.o] Ошибка 2
gmake[2]: *** [CMakeFiles/Makefile2:1308: tests/unit/CMakeFiles/neg_other_cxx.dir/all] Ошибка 2
gmake[1]: *** [CMakeFiles/Makefile2:1315: tests/unit/CMakeFiles/neg_other_cxx.dir/rule] Ошибка 2
gmake: *** [Makefile:524: neg_other_cxx] Ошибка 2
</system-out>
	</testcase>
	<testcase name="neg_other_cxx_0_fail" classname="neg_other_cxx_0_fail" time="0.012407" status="notrun">
		<skipped message="SKIP_RETURN_CODE=42"/>
		<properties>
			<property name="cmake_labels" value="countof_ns;default"/>
		</properties>
		<system-out></system-out>
	</testcase>
	<testcase name="neg_ptr" classname="neg_ptr" time="0.269055" status="run">
		<properties>
			<property name="cmake_labels" value="countof_ns;default"/>
		</properties>
		<system-out>[  0%] Built target CounofNS
gmake[3]: Предупреждение: время изменения файла «tests/unit/CMakeFiles/neg_ptr.dir/compiler_depend.make» находится в будущем (0,12)
[  0%] Building C object tests/unit/CMakeFiles/neg_ptr.dir/tu_stub.c.o
"/home/parallels/soft/my/countof_ns/tests/unit/neg_ptr.h", line 6: error: the size of an array must be greater than zero
             TU_COUNTOF(p));  // TODO
             ^

"/home/parallels/soft/my/countof_ns/tests/unit/neg_ptr.h", line 7: error: the size of an array must be greater than zero
      return TU_COUNTOF(p);
             ^

2 errors detected in the compilation of "/home/parallels/soft/my/countof_ns/tests/unit/tu_stub.c".
gmake[3]: *** [tests/unit/CMakeFiles/neg_ptr.dir/build.make:79: tests/unit/CMakeFiles/neg_ptr.dir/tu_stub.c.o] Ошибка 2
gmake[2]: *** [CMakeFiles/Makefile2:1340: tests/unit/CMakeFiles/neg_ptr.dir/all] Ошибка 2
gmake[1]: *** [CMakeFiles/Makefile2:1347: tests/unit/CMakeFiles/neg_ptr.dir/rul...
[This part of the test output was removed since it exceeds the threshold of 1024 bytes.]
</system-out>
	</testcase>
	<testcase name="neg_ptr_0_fail" classname="neg_ptr_0_fail" time="0.0119062" status="notrun">
		<skipped message="SKIP_RETURN_CODE=42"/>
		<properties>
			<property name="cmake_labels" value="countof_ns;default"/>
		</properties>
		<system-out></system-out>
	</testcase>
	<testcase name="neg_ptr_cxx" classname="neg_ptr_cxx" time="0.281319" status="run">
		<properties>
			<property name="cmake_labels" value="countof_ns;default"/>
		</properties>
		<system-out>[  0%] Built target CounofNS
[  0%] Building CXX object tests/unit/CMakeFiles/neg_ptr_cxx.dir/tu_stub_cxx.cpp.o
"/home/parallels/soft/my/countof_ns/include/countof_ns.h", line 107: error: static assertion failed with "Argument must be zero-length array"
          static_assert(0 == A, "Argument must be zero-length array");
          ^
          detected during instantiation of "size_t _countof_ns_aux&lt;A,E,T&gt;(const T &amp;) noexcept [with A=8UL, E=4UL, T=int *]" at line 6 of "/home/parallels/soft/my/countof_ns/tests/unit/neg_ptr.h"

1 error detected in the compilation of "/home/parallels/soft/my/countof_ns/tests/unit/tu_stub_cxx.cpp".
gmake[3]: *** [tests/unit/CMakeFiles/neg_ptr_cxx.dir/build.make:79: tests/unit/CMakeFiles/neg_ptr_cxx.dir/tu_stub_cxx.cpp.o] Ошибка 2
gmake[2]: *** [CMakeFiles/Makefile2:1372: tests/unit/CMakeFiles/neg_ptr_cxx.dir/all] Ошибка 2
gmake[1]: *** [CMakeFiles/Makefile2:1379: tests/unit/CMakeFiles/neg_ptr_cxx.dir/rule] Ошибка 2
gmake: *** [Makefile:550: neg_ptr_cxx] Оши...
[This part of the test output was removed since it exceeds the threshold of 1024 bytes.]
</system-out>
	</testcase>
	<testcase name="neg_ptr_cxx_0_fail" classname="neg_ptr_cxx_0_fail" time="0.012041" status="notrun">
		<skipped message="SKIP_RETURN_CODE=42"/>
		<properties>
			<property name="cmake_labels" value="countof_ns;default"/>
		</properties>
		<system-out></system-out>
	</testcase>
	<testcase name="neg_zla_ptr" classname="neg_zla_ptr" time="0.25739" status="run">
		<properties>
			<property name="cmake_labels" value="countof_ns;default"/>
		</properties>
		<system-out>Built target CounofNS
Building C object tests/unit/CMakeFiles/neg_zla_ptr.dir/tu_stub.c.o
"/home/parallels/soft/my/countof_ns/tests/unit/neg_zla_ptr.h", line 4: error: the size of an array must be greater than zero
      return TU_COUNTOF(p);
             ^

1 error detected in the compilation of "/home/parallels/soft/my/countof_ns/tests/unit/tu_stub.c".
gmake[3]: *** [tests/unit/CMakeFiles/neg_zla_ptr.dir/build.make:79: tests/unit/CMakeFiles/neg_zla_ptr.dir/tu_stub.c.o] Ошибка 2
gmake[2]: *** [CMakeFiles/Makefile2:1404: tests/unit/CMakeFiles/neg_zla_ptr.dir/all] Ошибка 2
gmake[1]: *** [CMakeFiles/Makefile2:1411: tests/unit/CMakeFiles/neg_zla_ptr.dir/rule] Ошибка 2
gmake: *** [Makefile:563: neg_zla_ptr] Ошибка 2
</system-out>
	</testcase>
	<testcase name="neg_zla_ptr_0_fail" classname="neg_zla_ptr_0_fail" time="0.0126249" status="notrun">
		<skipped message="SKIP_RETURN_CODE=42"/>
		<properties>
			<property name="cmake_labels" value="countof_ns;default"/>
		</properties>
		<system-out></system-out>
	</testcase>
	<testcase name="neg_zla_ptr_cxx" classname="neg_zla_ptr_cxx" time="0.301266" status="run">
		<properties>
			<property name="cmake_labels" value="countof_ns;default"/>
		</properties>
		<system-out>[  0%] Built target CounofNS
[100%] Building CXX object tests/unit/CMakeFiles/neg_zla_ptr_cxx.dir/tu_stub_cxx.cpp.o
"/home/parallels/soft/my/countof_ns/include/countof_ns.h", line 107: error: static assertion failed with "Argument must be zero-length array"
          static_assert(0 == A, "Argument must be zero-length array");
          ^
          detected during instantiation of "size_t _countof_ns_aux&lt;A,E,T&gt;(const T &amp;) noexcept [with A=8UL, E=0UL, T=int (*)[0]]" at line 4 of "/home/parallels/soft/my/countof_ns/tests/unit/neg_zla_ptr.h"

1 error detected in the compilation of "/home/parallels/soft/my/countof_ns/tests/unit/tu_stub_cxx.cpp".
gmake[3]: *** [tests/unit/CMakeFiles/neg_zla_ptr_cxx.dir/build.make:79: tests/unit/CMakeFiles/neg_zla_ptr_cxx.dir/tu_stub_cxx.cpp.o] Ошибка 2
gmake[2]: *** [CMakeFiles/Makefile2:1436: tests/unit/CMakeFiles/neg_zla_ptr_cxx.dir/all] Ошибка 2
gmake[1]: *** [CMakeFiles/Makefile2:1443: tests/unit/CMakeFiles/neg_zla_ptr_cxx.dir/rule] Ошибка 2
gmake: *** [Makef...
[This part of the test output was removed since it exceeds the threshold of 1024 bytes.]
</system-out>
	</testcase>
	<testcase name="neg_zla_ptr_cxx_0_fail" classname="neg_zla_ptr_cxx_0_fail" time="0.0120537" status="notrun">
		<skipped message="SKIP_RETURN_CODE=42"/>
		<properties>
			<property name="cmake_labels" value="countof_ns;default"/>
		</properties>
		<system-out></system-out>
	</testcase>
	<testcase name="std_size-pos__selftest_cxx" classname="std_size-pos__selftest_cxx" time="0.20782" status="run">
		<properties>
			<property name="cmake_labels" value="std_size"/>
		</properties>
		<system-out>Internal cmake changing into directory: /home/parallels/soft/my/countof_ns/build/Linux_pgcc_pgc++
Change Dir: '/home/parallels/soft/my/countof_ns/build/Linux_pgcc_pgc++'

Run Build Command(s): /usr/bin/gmake -f Makefile std_size-pos__selftest_cxx
[  0%] Built target CounofNS
[100%] Built target std_size-pos__selftest_cxx

Running test command: "/home/parallels/soft/my/countof_ns/build/Linux_pgcc_pgc++/tests/unit/std_size-pos__selftest_cxx"
Ok 1 TU_STATIC_ASSERT_AND_RETURN((1)=1, ...) /home/parallels/soft/my/countof_ns/tests/unit/pos__selftest.h:pos__selftest.h:TU_UNIT for _comparisons/std_size.h:std_size(), C++ 202302L

</system-out>
	</testcase>
	<testcase name="std_size-pos_array_cxx" classname="std_size-pos_array_cxx" time="0.203052" status="run">
		<properties>
			<property name="cmake_labels" value="std_size"/>
		</properties>
		<system-out>Internal cmake changing into directory: /home/parallels/soft/my/countof_ns/build/Linux_pgcc_pgc++
Change Dir: '/home/parallels/soft/my/countof_ns/build/Linux_pgcc_pgc++'

Run Build Command(s): /usr/bin/gmake -f Makefile std_size-pos_array_cxx
[  0%] Built target CounofNS
[100%] Built target std_size-pos_array_cxx

Running test command: "/home/parallels/soft/my/countof_ns/build/Linux_pgcc_pgc++/tests/unit/std_size-pos_array_cxx"
Ok 1 TU_STATIC_ASSERT_AND_RETURN((1)=1, ...) /home/parallels/soft/my/countof_ns/tests/unit/pos_array.h:pos_array.h:TU_UNIT for _comparisons/std_size.h:std_size(), C++ 202302L

</system-out>
	</testcase>
	<testcase name="std_size-pos_cv_array_cxx" classname="std_size-pos_cv_array_cxx" time="0.21229" status="run">
		<properties>
			<property name="cmake_labels" value="std_size"/>
		</properties>
		<system-out>Internal cmake changing into directory: /home/parallels/soft/my/countof_ns/build/Linux_pgcc_pgc++
Change Dir: '/home/parallels/soft/my/countof_ns/build/Linux_pgcc_pgc++'

Run Build Command(s): /usr/bin/gmake -f Makefile std_size-pos_cv_array_cxx
[  0%] Built target CounofNS
[100%] Built target std_size-pos_cv_array_cxx

Running test command: "/home/parallels/soft/my/countof_ns/build/Linux_pgcc_pgc++/tests/unit/std_size-pos_cv_array_cxx"
Ok 1 TU_STATIC_ASSERT_AND_RETURN((1)=1, ...) /home/parallels/soft/my/countof_ns/tests/unit/pos_cv_array.h:pos_cv_array.h:TU_UNIT for _comparisons/std_size.h:std_size(), C++ 202302L

</system-out>
	</testcase>
	<testcase name="std_size-pos_struct_n0_cxx" classname="std_size-pos_struct_n0_cxx" time="0.209966" status="run">
		<properties>
			<property name="cmake_labels" value="std_size"/>
		</properties>
		<system-out>Internal cmake changing into directory: /home/parallels/soft/my/countof_ns/build/Linux_pgcc_pgc++
Change Dir: '/home/parallels/soft/my/countof_ns/build/Linux_pgcc_pgc++'

Run Build Command(s): /usr/bin/gmake -f Makefile std_size-pos_struct_n0_cxx
Built target CounofNS
Built target std_size-pos_struct_n0_cxx

Running test command: "/home/parallels/soft/my/countof_ns/build/Linux_pgcc_pgc++/tests/unit/std_size-pos_struct_n0_cxx"
Ok 1 TU_STATIC_ASSERT_AND_RETURN((1)=1, ...) /home/parallels/soft/my/countof_ns/tests/unit/pos_struct_n0.h:pos_struct_n0.h:TU_UNIT for _comparisons/std_size.h:std_size(), C++ 202302L

</system-out>
	</testcase>
	<testcase name="std_size-pos_struct_zla_00_cxx" classname="std_size-pos_struct_zla_00_cxx" time="0.656051" status="fail">
		<failure message="Failed"/>
		<properties>
			<property name="cmake_labels" value="std_size"/>
		</properties>
		<system-out>Internal cmake changing into directory: /home/parallels/soft/my/countof_ns/build/Linux_pgcc_pgc++
Change Dir: '/home/parallels/soft/my/countof_ns/build/Linux_pgcc_pgc++'

Run Build Command(s): /usr/bin/gmake -f Makefile std_size-pos_struct_zla_00_cxx
[  0%] Built target CounofNS
gmake[3]: Предупреждение: время изменения файла «tests/unit/CMakeFiles/std_size-pos_struct_zla_00_cxx.dir/compiler_depend.make» находится в будущем (0,079)
[100%] Building CXX object tests/unit/CMakeFiles/std_size-pos_struct_zla_00_cxx.dir/tu_stub_cxx.cpp.o
"/home/parallels/soft/my/countof_ns/tests/unit/pos_struct_zla_00.h", line 4: error: no instance of overloaded function "std::size" matches the argument list
            argument types are: (struct &lt;unnamed&gt; [0])
      TU_STATIC_ASSERT_AND_RETURN(0, TU_COUNTOF(a));
      ^
"/usr/include/c++/14/bits/range_access.h", line 272: note: candidate function template "std::size(const _Tp (&amp;)[_Nm]) noexcept" failed deduction
      size(const _Tp (&amp;)[_Nm]) noexcept
      ^
"/usr/include/c++/14/bits/range_access.h", line 262: note: candidate function template "std::size(const _Container &amp;)-&gt;decltype((&lt;expression&gt;))" failed deduction
      size(const _Container&amp; __cont) noexcept(noexcept(__cont.size()))
      ^

"/home/parallels/soft/my/countof_ns/tests/unit/pos_struct_zla_00.h", line 4: error: no instance of overloaded function "std::size" matches the argument list
            argument types are: (struct &lt;unnamed&gt; [0])
      TU_STATIC_ASSERT_AND_RETURN(0, TU_COUNTOF(a));
      ^
"/usr/include/c++/14/bits/range_access.h", line 272: note: candidate function template "std::size(const _Tp (&amp;)[_Nm]) noexcept" failed deduction
      size(const _Tp (&amp;)[_Nm]) noexcept
      ^
"/usr/include/c++/14/bits/range_access.h", line 262: note: candidate function template "std::size(const _Container &amp;)-&gt;decltype((&lt;expression&gt;))" failed deduction
      size(const _Container&amp; __cont) noexcept(noexcept(__cont.size()))
      ^

"/home/parallels/soft/my/countof_ns/tests/unit/pos_struct_zla_00.h", line 4: error: no instance of overloaded function "std::size" matches the argument list
            argument types are: (struct &lt;unnamed&gt; [0])
      TU_STATIC_ASSERT_AND_RETURN(0, TU_COUNTOF(a));
      ^
"/usr/include/c++/14/bits/range_access.h", line 272: note: candidate function template "std::size(const _Tp (&amp;)[_Nm]) noexcept" failed deduction
      size(const _Tp (&amp;)[_Nm]) noexcept
      ^
"/usr/include/c++/14/bits/range_access.h", line 262: note: candidate function template "std::size(const _Container &amp;)-&gt;decltype((&lt;expression&gt;))" failed deduction
      size(const _Container&amp; __cont) noexcept(noexcept(__cont.size()))
      ^

"/home/parallels/soft/my/countof_ns/tests/unit/pos_struct_zla_00.h", line 4: error: no instance of overloaded function "std::size" matches the argument list
            argument types are: (struct &lt;unnamed&gt; [0])
      TU_STATIC_ASSERT_AND_RETURN(0, TU_COUNTOF(a));
      ^
"/usr/include/c++/14/bits/range_access.h", line 272: note: candidate function template "std::size(const _Tp (&amp;)[_Nm]) noexcept" failed deduction
      size(const _Tp (&amp;)[_Nm]) noexcept
      ^
"/usr/include/c++/14/bits/range_access.h", line 262: note: candidate function template "std::size(const _Container &amp;)-&gt;decltype((&lt;expression&gt;))" failed deduction
      size(const _Container&amp; __cont) noexcept(noexcept(__cont.size()))
      ^

"/home/parallels/soft/my/countof_ns/tests/unit/pos_struct_zla_00.h", line 4: error: no instance of overloaded function "std::size" matches the argument list
            argument types are: (struct &lt;unnamed&gt; [0])
      TU_STATIC_ASSERT_AND_RETURN(0, TU_COUNTOF(a));
      ^
"/usr/include/c++/14/bits/range_access.h", line 272: note: candidate function template "std::size(const _Tp (&amp;)[_Nm]) noexcept" failed deduction
      size(const _Tp (&amp;)[_Nm]) noexcept
      ^
"/usr/include/c++/14/bits/range_access.h", line 262: note: candidate function template "std::size(const _Container &amp;)-&gt;decltype((&lt;expression&gt;))" failed deduction
      size(const _Container&amp; __cont) noexcept(noexcept(__cont.size()))
      ^

"/home/parallels/soft/my/countof_ns/tests/unit/pos_struct_zla_00.h", line 4: error: no instance of overloaded function "std::size" matches the argument list
            argument types are: (struct &lt;unnamed&gt; [0])
      TU_STATIC_ASSERT_AND_RETURN(0, TU_COUNTOF(a));
      ^
"/usr/include/c++/14/bits/range_access.h", line 272: note: candidate function template "std::size(const _Tp (&amp;)[_Nm]) noexcept" failed deduction
      size(const _Tp (&amp;)[_Nm]) noexcept
      ^
"/usr/include/c++/14/bits/range_access.h", line 262: note: candidate function template "std::size(const _Container &amp;)-&gt;decltype((&lt;expression&gt;))" failed deduction
      size(const _Container&amp; __cont) noexcept(noexcept(__cont.size()))
      ^

"/home/parallels/soft/my/countof_ns/tests/unit/pos_struct_zla_00.h", line 4: error: no instance of overloaded function "std::size" matches the argument list
            argument types are: (struct &lt;unnamed&gt; [0])
      TU_STATIC_ASSERT_AND_RETURN(0, TU_COUNTOF(a));
      ^
"/usr/include/c++/14/bits/range_access.h", line 272: note: candidate function template "std::size(const _Tp (&amp;)[_Nm]) noexcept" failed deduction
      size(const _Tp (&amp;)[_Nm]) noexcept
      ^
"/usr/include/c++/14/bits/range_access.h", line 262: note: candidate function template "std::size(const _Container &amp;)-&gt;decltype((&lt;expression&gt;))" failed deduction
      size(const _Container&amp; __cont) noexcept(noexcept(__cont.size()))
      ^

7 errors detected in the compilation of "/home/parallels/soft/my/countof_ns/tests/unit/tu_stub_cxx.cpp".
gmake[3]: *** [tests/unit/CMakeFiles/std_size-pos_struct_zla_00_cxx.dir/build.make:79: tests/unit/CMakeFiles/std_size-pos_struct_zla_00_cxx.dir/tu_stub_cxx.cpp.o] Ошибка 2
gmake[2]: *** [CMakeFiles/Makefile2:1596: tests/unit/CMakeFiles/std_size-pos_struct_zla_00_cxx.dir/all] Ошибка 2
gmake[1]: *** [CMakeFiles/Makefile2:1603: tests/unit/CMakeFiles/std_size-pos_struct_zla_00_cxx.dir/rule] Ошибка 2
gmake: *** [Makefile:641: std_size-pos_struct_zla_00_cxx] Ошибка 2

</system-out>
	</testcase>
	<testcase name="std_size-pos_zla_00_cxx" classname="std_size-pos_zla_00_cxx" time="0.655908" status="fail">
		<failure message="Failed"/>
		<properties>
			<property name="cmake_labels" value="std_size"/>
		</properties>
		<system-out>Internal cmake changing into directory: /home/parallels/soft/my/countof_ns/build/Linux_pgcc_pgc++
Change Dir: '/home/parallels/soft/my/countof_ns/build/Linux_pgcc_pgc++'

Run Build Command(s): /usr/bin/gmake -f Makefile std_size-pos_zla_00_cxx
[  0%] Built target CounofNS
[100%] Building CXX object tests/unit/CMakeFiles/std_size-pos_zla_00_cxx.dir/tu_stub_cxx.cpp.o
"/home/parallels/soft/my/countof_ns/tests/unit/pos_zla_00.h", line 4: error: no instance of overloaded function "std::size" matches the argument list
            argument types are: (int [0][0])
      TU_STATIC_ASSERT_AND_RETURN(0, TU_COUNTOF(b));
      ^
"/usr/include/c++/14/bits/range_access.h", line 272: note: candidate function template "std::size(const _Tp (&amp;)[_Nm]) noexcept" failed deduction
      size(const _Tp (&amp;)[_Nm]) noexcept
      ^
"/usr/include/c++/14/bits/range_access.h", line 262: note: candidate function template "std::size(const _Container &amp;)-&gt;decltype((&lt;expression&gt;))" failed deduction
      size(const _Container&amp; __cont) noexcept(noexcept(__cont.size()))
      ^

"/home/parallels/soft/my/countof_ns/tests/unit/pos_zla_00.h", line 4: error: no instance of overloaded function "std::size" matches the argument list
            argument types are: (int [0][0])
      TU_STATIC_ASSERT_AND_RETURN(0, TU_COUNTOF(b));
      ^
"/usr/include/c++/14/bits/range_access.h", line 272: note: candidate function template "std::size(const _Tp (&amp;)[_Nm]) noexcept" failed deduction
      size(const _Tp (&amp;)[_Nm]) noexcept
      ^
"/usr/include/c++/14/bits/range_access.h", line 262: note: candidate function template "std::size(const _Container &amp;)-&gt;decltype((&lt;expression&gt;))" failed deduction
      size(const _Container&amp; __cont) noexcept(noexcept(__cont.size()))
      ^

"/home/parallels/soft/my/countof_ns/tests/unit/pos_zla_00.h", line 4: error: no instance of overloaded function "std::size" matches the argument list
            argument types are: (int [0][0])
      TU_STATIC_ASSERT_AND_RETURN(0, TU_COUNTOF(b));
      ^
"/usr/include/c++/14/bits/range_access.h", line 272: note: candidate function template "std::size(const _Tp (&amp;)[_Nm]) noexcept" failed deduction
      size(const _Tp (&amp;)[_Nm]) noexcept
      ^
"/usr/include/c++/14/bits/range_access.h", line 262: note: candidate function template "std::size(const _Container &amp;)-&gt;decltype((&lt;expression&gt;))" failed deduction
      size(const _Container&amp; __cont) noexcept(noexcept(__cont.size()))
      ^

"/home/parallels/soft/my/countof_ns/tests/unit/pos_zla_00.h", line 4: error: no instance of overloaded function "std::size" matches the argument list
            argument types are: (int [0][0])
      TU_STATIC_ASSERT_AND_RETURN(0, TU_COUNTOF(b));
      ^
"/usr/include/c++/14/bits/range_access.h", line 272: note: candidate function template "std::size(const _Tp (&amp;)[_Nm]) noexcept" failed deduction
      size(const _Tp (&amp;)[_Nm]) noexcept
      ^
"/usr/include/c++/14/bits/range_access.h", line 262: note: candidate function template "std::size(const _Container &amp;)-&gt;decltype((&lt;expression&gt;))" failed deduction
      size(const _Container&amp; __cont) noexcept(noexcept(__cont.size()))
      ^

"/home/parallels/soft/my/countof_ns/tests/unit/pos_zla_00.h", line 4: error: no instance of overloaded function "std::size" matches the argument list
            argument types are: (int [0][0])
      TU_STATIC_ASSERT_AND_RETURN(0, TU_COUNTOF(b));
      ^
"/usr/include/c++/14/bits/range_access.h", line 272: note: candidate function template "std::size(const _Tp (&amp;)[_Nm]) noexcept" failed deduction
      size(const _Tp (&amp;)[_Nm]) noexcept
      ^
"/usr/include/c++/14/bits/range_access.h", line 262: note: candidate function template "std::size(const _Container &amp;)-&gt;decltype((&lt;expression&gt;))" failed deduction
      size(const _Container&amp; __cont) noexcept(noexcept(__cont.size()))
      ^

"/home/parallels/soft/my/countof_ns/tests/unit/pos_zla_00.h", line 4: error: no instance of overloaded function "std::size" matches the argument list
            argument types are: (int [0][0])
      TU_STATIC_ASSERT_AND_RETURN(0, TU_COUNTOF(b));
      ^
"/usr/include/c++/14/bits/range_access.h", line 272: note: candidate function template "std::size(const _Tp (&amp;)[_Nm]) noexcept" failed deduction
      size(const _Tp (&amp;)[_Nm]) noexcept
      ^
"/usr/include/c++/14/bits/range_access.h", line 262: note: candidate function template "std::size(const _Container &amp;)-&gt;decltype((&lt;expression&gt;))" failed deduction
      size(const _Container&amp; __cont) noexcept(noexcept(__cont.size()))
      ^

"/home/parallels/soft/my/countof_ns/tests/unit/pos_zla_00.h", line 4: error: no instance of overloaded function "std::size" matches the argument list
            argument types are: (int [0][0])
      TU_STATIC_ASSERT_AND_RETURN(0, TU_COUNTOF(b));
      ^
"/usr/include/c++/14/bits/range_access.h", line 272: note: candidate function template "std::size(const _Tp (&amp;)[_Nm]) noexcept" failed deduction
      size(const _Tp (&amp;)[_Nm]) noexcept
      ^
"/usr/include/c++/14/bits/range_access.h", line 262: note: candidate function template "std::size(const _Container &amp;)-&gt;decltype((&lt;expression&gt;))" failed deduction
      size(const _Container&amp; __cont) noexcept(noexcept(__cont.size()))
      ^

7 errors detected in the compilation of "/home/parallels/soft/my/countof_ns/tests/unit/tu_stub_cxx.cpp".
gmake[3]: *** [tests/unit/CMakeFiles/std_size-pos_zla_00_cxx.dir/build.make:79: tests/unit/CMakeFiles/std_size-pos_zla_00_cxx.dir/tu_stub_cxx.cpp.o] Ошибка 2
gmake[2]: *** [CMakeFiles/Makefile2:1628: tests/unit/CMakeFiles/std_size-pos_zla_00_cxx.dir/all] Ошибка 2
gmake[1]: *** [CMakeFiles/Makefile2:1635: tests/unit/CMakeFiles/std_size-pos_zla_00_cxx.dir/rule] Ошибка 2
gmake: *** [Makefile:654: std_size-pos_zla_00_cxx] Ошибка 2

</system-out>
	</testcase>
	<testcase name="std_size-pos_zla_0n_cxx" classname="std_size-pos_zla_0n_cxx" time="0.635872" status="fail">
		<failure message="Failed"/>
		<properties>
			<property name="cmake_labels" value="std_size"/>
		</properties>
		<system-out>Internal cmake changing into directory: /home/parallels/soft/my/countof_ns/build/Linux_pgcc_pgc++
Change Dir: '/home/parallels/soft/my/countof_ns/build/Linux_pgcc_pgc++'

Run Build Command(s): /usr/bin/gmake -f Makefile std_size-pos_zla_0n_cxx
[  0%] Built target CounofNS
[  0%] Building CXX object tests/unit/CMakeFiles/std_size-pos_zla_0n_cxx.dir/tu_stub_cxx.cpp.o
"/home/parallels/soft/my/countof_ns/tests/unit/pos_zla_0n.h", line 4: error: no instance of overloaded function "std::size" matches the argument list
            argument types are: (int [0])
      TU_STATIC_ASSERT_AND_RETURN(0, TU_COUNTOF(a));
      ^
"/usr/include/c++/14/bits/range_access.h", line 272: note: candidate function template "std::size(const _Tp (&amp;)[_Nm]) noexcept" failed deduction
      size(const _Tp (&amp;)[_Nm]) noexcept
      ^
"/usr/include/c++/14/bits/range_access.h", line 262: note: candidate function template "std::size(const _Container &amp;)-&gt;decltype((&lt;expression&gt;))" failed deduction
      size(const _Container&amp; __cont) noexcept(noexcept(__cont.size()))
      ^

"/home/parallels/soft/my/countof_ns/tests/unit/pos_zla_0n.h", line 4: error: no instance of overloaded function "std::size" matches the argument list
            argument types are: (int [0])
      TU_STATIC_ASSERT_AND_RETURN(0, TU_COUNTOF(a));
      ^
"/usr/include/c++/14/bits/range_access.h", line 272: note: candidate function template "std::size(const _Tp (&amp;)[_Nm]) noexcept" failed deduction
      size(const _Tp (&amp;)[_Nm]) noexcept
      ^
"/usr/include/c++/14/bits/range_access.h", line 262: note: candidate function template "std::size(const _Container &amp;)-&gt;decltype((&lt;expression&gt;))" failed deduction
      size(const _Container&amp; __cont) noexcept(noexcept(__cont.size()))
      ^

"/home/parallels/soft/my/countof_ns/tests/unit/pos_zla_0n.h", line 4: error: no instance of overloaded function "std::size" matches the argument list
            argument types are: (int [0])
      TU_STATIC_ASSERT_AND_RETURN(0, TU_COUNTOF(a));
      ^
"/usr/include/c++/14/bits/range_access.h", line 272: note: candidate function template "std::size(const _Tp (&amp;)[_Nm]) noexcept" failed deduction
      size(const _Tp (&amp;)[_Nm]) noexcept
      ^
"/usr/include/c++/14/bits/range_access.h", line 262: note: candidate function template "std::size(const _Container &amp;)-&gt;decltype((&lt;expression&gt;))" failed deduction
      size(const _Container&amp; __cont) noexcept(noexcept(__cont.size()))
      ^

"/home/parallels/soft/my/countof_ns/tests/unit/pos_zla_0n.h", line 4: error: no instance of overloaded function "std::size" matches the argument list
            argument types are: (int [0])
      TU_STATIC_ASSERT_AND_RETURN(0, TU_COUNTOF(a));
      ^
"/usr/include/c++/14/bits/range_access.h", line 272: note: candidate function template "std::size(const _Tp (&amp;)[_Nm]) noexcept" failed deduction
      size(const _Tp (&amp;)[_Nm]) noexcept
      ^
"/usr/include/c++/14/bits/range_access.h", line 262: note: candidate function template "std::size(const _Container &amp;)-&gt;decltype((&lt;expression&gt;))" failed deduction
      size(const _Container&amp; __cont) noexcept(noexcept(__cont.size()))
      ^

"/home/parallels/soft/my/countof_ns/tests/unit/pos_zla_0n.h", line 4: error: no instance of overloaded function "std::size" matches the argument list
            argument types are: (int [0])
      TU_STATIC_ASSERT_AND_RETURN(0, TU_COUNTOF(a));
      ^
"/usr/include/c++/14/bits/range_access.h", line 272: note: candidate function template "std::size(const _Tp (&amp;)[_Nm]) noexcept" failed deduction
      size(const _Tp (&amp;)[_Nm]) noexcept
      ^
"/usr/include/c++/14/bits/range_access.h", line 262: note: candidate function template "std::size(const _Container &amp;)-&gt;decltype((&lt;expression&gt;))" failed deduction
      size(const _Container&amp; __cont) noexcept(noexcept(__cont.size()))
      ^

"/home/parallels/soft/my/countof_ns/tests/unit/pos_zla_0n.h", line 4: error: no instance of overloaded function "std::size" matches the argument list
            argument types are: (int [0])
      TU_STATIC_ASSERT_AND_RETURN(0, TU_COUNTOF(a));
      ^
"/usr/include/c++/14/bits/range_access.h", line 272: note: candidate function template "std::size(const _Tp (&amp;)[_Nm]) noexcept" failed deduction
      size(const _Tp (&amp;)[_Nm]) noexcept
      ^
"/usr/include/c++/14/bits/range_access.h", line 262: note: candidate function template "std::size(const _Container &amp;)-&gt;decltype((&lt;expression&gt;))" failed deduction
      size(const _Container&amp; __cont) noexcept(noexcept(__cont.size()))
      ^

"/home/parallels/soft/my/countof_ns/tests/unit/pos_zla_0n.h", line 4: error: no instance of overloaded function "std::size" matches the argument list
            argument types are: (int [0])
      TU_STATIC_ASSERT_AND_RETURN(0, TU_COUNTOF(a));
      ^
"/usr/include/c++/14/bits/range_access.h", line 272: note: candidate function template "std::size(const _Tp (&amp;)[_Nm]) noexcept" failed deduction
      size(const _Tp (&amp;)[_Nm]) noexcept
      ^
"/usr/include/c++/14/bits/range_access.h", line 262: note: candidate function template "std::size(const _Container &amp;)-&gt;decltype((&lt;expression&gt;))" failed deduction
      size(const _Container&amp; __cont) noexcept(noexcept(__cont.size()))
      ^

7 errors detected in the compilation of "/home/parallels/soft/my/countof_ns/tests/unit/tu_stub_cxx.cpp".
gmake[3]: *** [tests/unit/CMakeFiles/std_size-pos_zla_0n_cxx.dir/build.make:79: tests/unit/CMakeFiles/std_size-pos_zla_0n_cxx.dir/tu_stub_cxx.cpp.o] Ошибка 2
gmake[2]: *** [CMakeFiles/Makefile2:1660: tests/unit/CMakeFiles/std_size-pos_zla_0n_cxx.dir/all] Ошибка 2
gmake[1]: *** [CMakeFiles/Makefile2:1667: tests/unit/CMakeFiles/std_size-pos_zla_0n_cxx.dir/rule] Ошибка 2
gmake: *** [Makefile:667: std_size-pos_zla_0n_cxx] Ошибка 2

</system-out>
	</testcase>
	<testcase name="std_size-pos_zla_n0_cxx" classname="std_size-pos_zla_n0_cxx" time="0.214658" status="run">
		<properties>
			<property name="cmake_labels" value="std_size"/>
		</properties>
		<system-out>Internal cmake changing into directory: /home/parallels/soft/my/countof_ns/build/Linux_pgcc_pgc++
Change Dir: '/home/parallels/soft/my/countof_ns/build/Linux_pgcc_pgc++'

Run Build Command(s): /usr/bin/gmake -f Makefile std_size-pos_zla_n0_cxx
[  0%] Built target CounofNS
gmake[3]: Предупреждение: время изменения файла «tests/unit/CMakeFiles/std_size-pos_zla_n0_cxx.dir/compiler_depend.make» находится в будущем (0,11)
gmake[3]: предупреждение: Неправильный ход часов.  Сборка может быть неполной.
[100%] Built target std_size-pos_zla_n0_cxx

Running test command: "/home/parallels/soft/my/countof_ns/build/Linux_pgcc_pgc++/tests/unit/std_size-pos_zla_n0_cxx"
Ok 1 TU_STATIC_ASSERT_AND_RETURN((1)=1, ...) /home/parallels/soft/my/countof_ns/tests/unit/pos_zla_n0.h:pos_zla_n0.h:TU_UNIT for _comparisons/std_size.h:std_size(), C++ 202302L

</system-out>
	</testcase>
	<testcase name="std_size-neg__selftest_cxx" classname="std_size-neg__selftest_cxx" time="0.606933" status="run">
		<properties>
			<property name="cmake_labels" value="std_size"/>
		</properties>
		<system-out>[  0%] Built target CounofNS
[100%] Building CXX object tests/unit/CMakeFiles/std_size-neg__selftest_cxx.dir/tu_stub_cxx.cpp.o
"/home/parallels/soft/my/countof_ns/tests/unit/neg__selftest.h", line 12: error: static assertion failed with "0"
          tu_static_assert(0);
          ^

1 error detected in the compilation of "/home/parallels/soft/my/countof_ns/tests/unit/tu_stub_cxx.cpp".
gmake[3]: *** [tests/unit/CMakeFiles/std_size-neg__selftest_cxx.dir/build.make:79: tests/unit/CMakeFiles/std_size-neg__selftest_cxx.dir/tu_stub_cxx.cpp.o] Ошибка 2
gmake[2]: *** [CMakeFiles/Makefile2:1724: tests/unit/CMakeFiles/std_size-neg__selftest_cxx.dir/all] Ошибка 2
gmake[1]: *** [CMakeFiles/Makefile2:1731: tests/unit/CMakeFiles/std_size-neg__selftest_cxx.dir/rule] Ошибка 2
gmake: *** [Makefile:693: std_size-neg__selftest_cxx] Ошибка 2
</system-out>
	</testcase>
	<testcase name="std_size-neg__selftest_cxx_0_fail" classname="std_size-neg__selftest_cxx_0_fail" time="0.0127187" status="notrun">
		<skipped message="SKIP_RETURN_CODE=42"/>
		<properties>
			<property name="cmake_labels" value="std_size"/>
		</properties>
		<system-out></system-out>
	</testcase>
	<testcase name="std_size-neg_cv_ptr_cxx" classname="std_size-neg_cv_ptr_cxx" time="0.619667" status="run">
		<properties>
			<property name="cmake_labels" value="std_size"/>
		</properties>
		<system-out>[  0%] Built target CounofNS
[  0%] Building CXX object tests/unit/CMakeFiles/std_size-neg_cv_ptr_cxx.dir/tu_stub_cxx.cpp.o
"/home/parallels/soft/my/countof_ns/tests/unit/neg_cv_ptr.h", line 4: error: no instance of overloaded function "std::size" matches the argument list
            argument types are: (const volatile int *)
      return TU_COUNTOF(p);
             ^
"/usr/include/c++/14/bits/range_access.h", line 272: note: candidate function template "std::size(const _Tp (&amp;)[_Nm]) noexcept" failed deduction
      size(const _Tp (&amp;)[_Nm]) noexcept
      ^
"/usr/include/c++/14/bits/range_access.h", line 262: note: candidate function template "std::size(const _Container &amp;)-&gt;decltype((&lt;expression&gt;))" failed deduction
      size(const _Container&amp; __cont) noexcept(noexcept(__cont.size()))
      ^

1 error detected in the compilation of "/home/parallels/soft/my/countof_ns/tests/unit/tu_stub_cxx.cpp".
gmake[3]: *** [tests/unit/CMakeFiles/std_size-neg_cv_ptr_cxx.dir/build.make:79: tests/unit/CMakeFiles/std_size-ne...
[This part of the test output was removed since it exceeds the threshold of 1024 bytes.]
</system-out>
	</testcase>
	<testcase name="std_size-neg_cv_ptr_cxx_0_fail" classname="std_size-neg_cv_ptr_cxx_0_fail" time="0.0119625" status="notrun">
		<skipped message="SKIP_RETURN_CODE=42"/>
		<properties>
			<property name="cmake_labels" value="std_size"/>
		</properties>
		<system-out></system-out>
	</testcase>
	<testcase name="std_size-neg_other_cxx" classname="std_size-neg_other_cxx" time="0.638312" status="run">
		<properties>
			<property name="cmake_labels" value="std_size"/>
		</properties>
		<system-out>[  0%] Built target CounofNS
[  0%] Building CXX object tests/unit/CMakeFiles/std_size-neg_other_cxx.dir/tu_stub_cxx.cpp.o
"/home/parallels/soft/my/countof_ns/tests/unit/neg_other.h", line 4: error: no instance of overloaded function "std::size" matches the argument list
            argument types are: (int)
      return TU_COUNTOF(i);
             ^
"/usr/include/c++/14/bits/range_access.h", line 272: note: candidate function template "std::size(const _Tp (&amp;)[_Nm]) noexcept" failed deduction
      size(const _Tp (&amp;)[_Nm]) noexcept
      ^
"/usr/include/c++/14/bits/range_access.h", line 262: note: candidate function template "std::size(const _Container &amp;)-&gt;decltype((&lt;expression&gt;))" failed deduction
      size(const _Container&amp; __cont) noexcept(noexcept(__cont.size()))
      ^

1 error detected in the compilation of "/home/parallels/soft/my/countof_ns/tests/unit/tu_stub_cxx.cpp".
gmake[3]: *** [tests/unit/CMakeFiles/std_size-neg_other_cxx.dir/build.make:79: tests/unit/CMakeFiles/std_size-neg_other_cxx.dir/tu_s...
[This part of the test output was removed since it exceeds the threshold of 1024 bytes.]
</system-out>
	</testcase>
	<testcase name="std_size-neg_other_cxx_0_fail" classname="std_size-neg_other_cxx_0_fail" time="0.0118994" status="notrun">
		<skipped message="SKIP_RETURN_CODE=42"/>
		<properties>
			<property name="cmake_labels" value="std_size"/>
		</properties>
		<system-out></system-out>
	</testcase>
	<testcase name="std_size-neg_ptr_cxx" classname="std_size-neg_ptr_cxx" time="0.595796" status="run">
		<properties>
			<property name="cmake_labels" value="std_size"/>
		</properties>
		<system-out>Built target CounofNS
Building CXX object tests/unit/CMakeFiles/std_size-neg_ptr_cxx.dir/tu_stub_cxx.cpp.o
"/home/parallels/soft/my/countof_ns/tests/unit/neg_ptr.h", line 6: error: no instance of overloaded function "std::size" matches the argument list
            argument types are: (int *)
             TU_COUNTOF(p));  // TODO
             ^
"/usr/include/c++/14/bits/range_access.h", line 272: note: candidate function template "std::size(const _Tp (&amp;)[_Nm]) noexcept" failed deduction
      size(const _Tp (&amp;)[_Nm]) noexcept
      ^
"/usr/include/c++/14/bits/range_access.h", line 262: note: candidate function template "std::size(const _Container &amp;)-&gt;decltype((&lt;expression&gt;))" failed deduction
      size(const _Container&amp; __cont) noexcept(noexcept(__cont.size()))
      ^

"/home/parallels/soft/my/countof_ns/tests/unit/neg_ptr.h", line 7: error: no instance of overloaded function "std::size" matches the argument list
            argument types are: (int *)
      return TU_COUNTOF(p);
             ^
"/usr/includ...
[This part of the test output was removed since it exceeds the threshold of 1024 bytes.]
</system-out>
	</testcase>
	<testcase name="std_size-neg_ptr_cxx_0_fail" classname="std_size-neg_ptr_cxx_0_fail" time="0.0116995" status="notrun">
		<skipped message="SKIP_RETURN_CODE=42"/>
		<properties>
			<property name="cmake_labels" value="std_size"/>
		</properties>
		<system-out></system-out>
	</testcase>
	<testcase name="std_size-neg_zla_ptr_cxx" classname="std_size-neg_zla_ptr_cxx" time="0.620053" status="run">
		<properties>
			<property name="cmake_labels" value="std_size"/>
		</properties>
		<system-out>[  0%] Built target CounofNS
[100%] Building CXX object tests/unit/CMakeFiles/std_size-neg_zla_ptr_cxx.dir/tu_stub_cxx.cpp.o
"/home/parallels/soft/my/countof_ns/tests/unit/neg_zla_ptr.h", line 4: error: no instance of overloaded function "std::size" matches the argument list
            argument types are: (int (*)[0])
      return TU_COUNTOF(p);
             ^
"/usr/include/c++/14/bits/range_access.h", line 272: note: candidate function template "std::size(const _Tp (&amp;)[_Nm]) noexcept" failed deduction
      size(const _Tp (&amp;)[_Nm]) noexcept
      ^
"/usr/include/c++/14/bits/range_access.h", line 262: note: candidate function template "std::size(const _Container &amp;)-&gt;decltype((&lt;expression&gt;))" failed deduction
      size(const _Container&amp; __cont) noexcept(noexcept(__cont.size()))
      ^

1 error detected in the compilation of "/home/parallels/soft/my/countof_ns/tests/unit/tu_stub_cxx.cpp".
gmake[3]: *** [tests/unit/CMakeFiles/std_size-neg_zla_ptr_cxx.dir/build.make:79: tests/unit/CMakeFiles/std_size-neg_zla_p...
[This part of the test output was removed since it exceeds the threshold of 1024 bytes.]
</system-out>
	</testcase>
	<testcase name="std_size-neg_zla_ptr_cxx_0_fail" classname="std_size-neg_zla_ptr_cxx_0_fail" time="0.0121558" status="notrun">
		<skipped message="SKIP_RETURN_CODE=42"/>
		<properties>
			<property name="cmake_labels" value="std_size"/>
		</properties>
		<system-out></system-out>
	</testcase>
	<testcase name="JZMG_ARRAY_LEN-pos__selftest" classname="JZMG_ARRAY_LEN-pos__selftest" time="0.191275" status="run">
		<properties>
			<property name="cmake_labels" value="JZMG_ARRAY_LEN"/>
		</properties>
		<system-out>Internal cmake changing into directory: /home/parallels/soft/my/countof_ns/build/Linux_pgcc_pgc++
Change Dir: '/home/parallels/soft/my/countof_ns/build/Linux_pgcc_pgc++'

Run Build Command(s): /usr/bin/gmake -f Makefile JZMG_ARRAY_LEN-pos__selftest
[  0%] Built target CounofNS
[100%] Built target JZMG_ARRAY_LEN-pos__selftest

Running test command: "/home/parallels/soft/my/countof_ns/build/Linux_pgcc_pgc++/tests/unit/JZMG_ARRAY_LEN-pos__selftest"
Ok 1 TU_STATIC_ASSERT_AND_RETURN((1)=1, ...) /home/parallels/soft/my/countof_ns/tests/unit/pos__selftest.h:pos__selftest.h:TU_UNIT for _comparisons/JZMG_ARRAY_LEN.h:JZMG_ARRAY_LEN(), C 201710L

</system-out>
	</testcase>
	<testcase name="JZMG_ARRAY_LEN-pos__selftest_cxx" classname="JZMG_ARRAY_LEN-pos__selftest_cxx" time="0.185412" status="run">
		<properties>
			<property name="cmake_labels" value="JZMG_ARRAY_LEN"/>
		</properties>
		<system-out>Internal cmake changing into directory: /home/parallels/soft/my/countof_ns/build/Linux_pgcc_pgc++
Change Dir: '/home/parallels/soft/my/countof_ns/build/Linux_pgcc_pgc++'

Run Build Command(s): /usr/bin/gmake -f Makefile JZMG_ARRAY_LEN-pos__selftest_cxx
[  0%] Built target CounofNS
[100%] Built target JZMG_ARRAY_LEN-pos__selftest_cxx

Running test command: "/home/parallels/soft/my/countof_ns/build/Linux_pgcc_pgc++/tests/unit/JZMG_ARRAY_LEN-pos__selftest_cxx"
Ok 1 TU_STATIC_ASSERT_AND_RETURN((1)=1, ...) /home/parallels/soft/my/countof_ns/tests/unit/pos__selftest.h:pos__selftest.h:TU_UNIT for _comparisons/JZMG_ARRAY_LEN.h:JZMG_ARRAY_LEN(), C++ 202302L

</system-out>
	</testcase>
	<testcase name="JZMG_ARRAY_LEN-pos_array" classname="JZMG_ARRAY_LEN-pos_array" time="0.196051" status="run">
		<properties>
			<property name="cmake_labels" value="JZMG_ARRAY_LEN"/>
		</properties>
		<system-out>Internal cmake changing into directory: /home/parallels/soft/my/countof_ns/build/Linux_pgcc_pgc++
Change Dir: '/home/parallels/soft/my/countof_ns/build/Linux_pgcc_pgc++'

Run Build Command(s): /usr/bin/gmake -f Makefile JZMG_ARRAY_LEN-pos_array
Built target CounofNS
Built target JZMG_ARRAY_LEN-pos_array

Running test command: "/home/parallels/soft/my/countof_ns/build/Linux_pgcc_pgc++/tests/unit/JZMG_ARRAY_LEN-pos_array"
Ok 1 TU_STATIC_ASSERT_AND_RETURN((1)=1, ...) /home/parallels/soft/my/countof_ns/tests/unit/pos_array.h:pos_array.h:TU_UNIT for _comparisons/JZMG_ARRAY_LEN.h:JZMG_ARRAY_LEN(), C 201710L

</system-out>
	</testcase>
	<testcase name="JZMG_ARRAY_LEN-pos_array_cxx" classname="JZMG_ARRAY_LEN-pos_array_cxx" time="0.185325" status="run">
		<properties>
			<property name="cmake_labels" value="JZMG_ARRAY_LEN"/>
		</properties>
		<system-out>Internal cmake changing into directory: /home/parallels/soft/my/countof_ns/build/Linux_pgcc_pgc++
Change Dir: '/home/parallels/soft/my/countof_ns/build/Linux_pgcc_pgc++'

Run Build Command(s): /usr/bin/gmake -f Makefile JZMG_ARRAY_LEN-pos_array_cxx
[  0%] Built target CounofNS
[100%] Built target JZMG_ARRAY_LEN-pos_array_cxx

Running test command: "/home/parallels/soft/my/countof_ns/build/Linux_pgcc_pgc++/tests/unit/JZMG_ARRAY_LEN-pos_array_cxx"
Ok 1 TU_STATIC_ASSERT_AND_RETURN((1)=1, ...) /home/parallels/soft/my/countof_ns/tests/unit/pos_array.h:pos_array.h:TU_UNIT for _comparisons/JZMG_ARRAY_LEN.h:JZMG_ARRAY_LEN(), C++ 202302L

</system-out>
	</testcase>
	<testcase name="JZMG_ARRAY_LEN-pos_cv_array" classname="JZMG_ARRAY_LEN-pos_cv_array" time="0.184042" status="run">
		<properties>
			<property name="cmake_labels" value="JZMG_ARRAY_LEN"/>
		</properties>
		<system-out>Internal cmake changing into directory: /home/parallels/soft/my/countof_ns/build/Linux_pgcc_pgc++
Change Dir: '/home/parallels/soft/my/countof_ns/build/Linux_pgcc_pgc++'

Run Build Command(s): /usr/bin/gmake -f Makefile JZMG_ARRAY_LEN-pos_cv_array
[  0%] Built target CounofNS
[100%] Built target JZMG_ARRAY_LEN-pos_cv_array

Running test command: "/home/parallels/soft/my/countof_ns/build/Linux_pgcc_pgc++/tests/unit/JZMG_ARRAY_LEN-pos_cv_array"
Ok 1 TU_STATIC_ASSERT_AND_RETURN((1)=1, ...) /home/parallels/soft/my/countof_ns/tests/unit/pos_cv_array.h:pos_cv_array.h:TU_UNIT for _comparisons/JZMG_ARRAY_LEN.h:JZMG_ARRAY_LEN(), C 201710L

</system-out>
	</testcase>
	<testcase name="JZMG_ARRAY_LEN-pos_cv_array_cxx" classname="JZMG_ARRAY_LEN-pos_cv_array_cxx" time="0.188336" status="run">
		<properties>
			<property name="cmake_labels" value="JZMG_ARRAY_LEN"/>
		</properties>
		<system-out>Internal cmake changing into directory: /home/parallels/soft/my/countof_ns/build/Linux_pgcc_pgc++
Change Dir: '/home/parallels/soft/my/countof_ns/build/Linux_pgcc_pgc++'

Run Build Command(s): /usr/bin/gmake -f Makefile JZMG_ARRAY_LEN-pos_cv_array_cxx
[  0%] Built target CounofNS
[100%] Built target JZMG_ARRAY_LEN-pos_cv_array_cxx

Running test command: "/home/parallels/soft/my/countof_ns/build/Linux_pgcc_pgc++/tests/unit/JZMG_ARRAY_LEN-pos_cv_array_cxx"
Ok 1 TU_STATIC_ASSERT_AND_RETURN((1)=1, ...) /home/parallels/soft/my/countof_ns/tests/unit/pos_cv_array.h:pos_cv_array.h:TU_UNIT for _comparisons/JZMG_ARRAY_LEN.h:JZMG_ARRAY_LEN(), C++ 202302L

</system-out>
	</testcase>
	<testcase name="JZMG_ARRAY_LEN-pos_struct_n0" classname="JZMG_ARRAY_LEN-pos_struct_n0" time="0.243966" status="fail">
		<failure message="Failed"/>
		<properties>
			<property name="cmake_labels" value="JZMG_ARRAY_LEN"/>
		</properties>
		<system-out>Internal cmake changing into directory: /home/parallels/soft/my/countof_ns/build/Linux_pgcc_pgc++
Change Dir: '/home/parallels/soft/my/countof_ns/build/Linux_pgcc_pgc++'

Run Build Command(s): /usr/bin/gmake -f Makefile JZMG_ARRAY_LEN-pos_struct_n0
[  0%] Built target CounofNS
[  0%] Building C object tests/unit/CMakeFiles/JZMG_ARRAY_LEN-pos_struct_n0.dir/tu_stub.c.o
"/home/parallels/soft/my/countof_ns/tests/unit/pos_struct_n0.h", line 4: error: division by zero
      TU_STATIC_ASSERT_AND_RETURN(1, TU_COUNTOF(a));
      ^

"/home/parallels/soft/my/countof_ns/tests/unit/pos_struct_n0.h", line 4: warning: division by zero [divide_by_zero]
      TU_STATIC_ASSERT_AND_RETURN(1, TU_COUNTOF(a));
      ^

Remark: individual warnings can be suppressed with "--diag_suppress &lt;warning-name&gt;"

"/home/parallels/soft/my/countof_ns/tests/unit/pos_struct_n0.h", line 4: warning: division by zero [divide_by_zero]
      TU_STATIC_ASSERT_AND_RETURN(1, TU_COUNTOF(a));
      ^

"/home/parallels/soft/my/countof_ns/tests/unit/pos_struct_n0.h", line 4: warning: division by zero [divide_by_zero]
      TU_STATIC_ASSERT_AND_RETURN(1, TU_COUNTOF(a));
      ^

"/home/parallels/soft/my/countof_ns/tests/unit/pos_struct_n0.h", line 4: warning: division by zero [divide_by_zero]
      TU_STATIC_ASSERT_AND_RETURN(1, TU_COUNTOF(a));
      ^

"/home/parallels/soft/my/countof_ns/tests/unit/pos_struct_n0.h", line 4: warning: division by zero [divide_by_zero]
      TU_STATIC_ASSERT_AND_RETURN(1, TU_COUNTOF(a));
      ^

"/home/parallels/soft/my/countof_ns/tests/unit/pos_struct_n0.h", line 4: warning: division by zero [divide_by_zero]
      TU_STATIC_ASSERT_AND_RETURN(1, TU_COUNTOF(a));
      ^

1 error detected in the compilation of "/home/parallels/soft/my/countof_ns/tests/unit/tu_stub.c".
gmake[3]: *** [tests/unit/CMakeFiles/JZMG_ARRAY_LEN-pos_struct_n0.dir/build.make:79: tests/unit/CMakeFiles/JZMG_ARRAY_LEN-pos_struct_n0.dir/tu_stub.c.o] Ошибка 2
gmake[2]: *** [CMakeFiles/Makefile2:2076: tests/unit/CMakeFiles/JZMG_ARRAY_LEN-pos_struct_n0.dir/all] Ошибка 2
gmake[1]: *** [CMakeFiles/Makefile2:2083: tests/unit/CMakeFiles/JZMG_ARRAY_LEN-pos_struct_n0.dir/rule] Ошибка 2
gmake: *** [Makefile:836: JZMG_ARRAY_LEN-pos_struct_n0] Ошибка 2

</system-out>
	</testcase>
	<testcase name="JZMG_ARRAY_LEN-pos_struct_n0_cxx" classname="JZMG_ARRAY_LEN-pos_struct_n0_cxx" time="0.184696" status="run">
		<properties>
			<property name="cmake_labels" value="JZMG_ARRAY_LEN"/>
		</properties>
		<system-out>Internal cmake changing into directory: /home/parallels/soft/my/countof_ns/build/Linux_pgcc_pgc++
Change Dir: '/home/parallels/soft/my/countof_ns/build/Linux_pgcc_pgc++'

Run Build Command(s): /usr/bin/gmake -f Makefile JZMG_ARRAY_LEN-pos_struct_n0_cxx
Built target CounofNS
Built target JZMG_ARRAY_LEN-pos_struct_n0_cxx

Running test command: "/home/parallels/soft/my/countof_ns/build/Linux_pgcc_pgc++/tests/unit/JZMG_ARRAY_LEN-pos_struct_n0_cxx"
Ok 1 TU_STATIC_ASSERT_AND_RETURN((1)=1, ...) /home/parallels/soft/my/countof_ns/tests/unit/pos_struct_n0.h:pos_struct_n0.h:TU_UNIT for _comparisons/JZMG_ARRAY_LEN.h:JZMG_ARRAY_LEN(), C++ 202302L

</system-out>
	</testcase>
	<testcase name="JZMG_ARRAY_LEN-pos_struct_zla_00" classname="JZMG_ARRAY_LEN-pos_struct_zla_00" time="0.262527" status="fail">
		<failure message="Failed"/>
		<properties>
			<property name="cmake_labels" value="JZMG_ARRAY_LEN"/>
		</properties>
		<system-out>Internal cmake changing into directory: /home/parallels/soft/my/countof_ns/build/Linux_pgcc_pgc++
Change Dir: '/home/parallels/soft/my/countof_ns/build/Linux_pgcc_pgc++'

Run Build Command(s): /usr/bin/gmake -f Makefile JZMG_ARRAY_LEN-pos_struct_zla_00
[  0%] Built target CounofNS
[100%] Building C object tests/unit/CMakeFiles/JZMG_ARRAY_LEN-pos_struct_zla_00.dir/tu_stub.c.o
"/home/parallels/soft/my/countof_ns/tests/unit/pos_struct_zla_00.h", line 4: error: division by zero
      TU_STATIC_ASSERT_AND_RETURN(0, TU_COUNTOF(a));
      ^

"/home/parallels/soft/my/countof_ns/tests/unit/pos_struct_zla_00.h", line 4: warning: division by zero [divide_by_zero]
      TU_STATIC_ASSERT_AND_RETURN(0, TU_COUNTOF(a));
      ^

Remark: individual warnings can be suppressed with "--diag_suppress &lt;warning-name&gt;"

"/home/parallels/soft/my/countof_ns/tests/unit/pos_struct_zla_00.h", line 4: warning: division by zero [divide_by_zero]
      TU_STATIC_ASSERT_AND_RETURN(0, TU_COUNTOF(a));
      ^

"/home/parallels/soft/my/countof_ns/tests/unit/pos_struct_zla_00.h", line 4: warning: division by zero [divide_by_zero]
      TU_STATIC_ASSERT_AND_RETURN(0, TU_COUNTOF(a));
      ^

"/home/parallels/soft/my/countof_ns/tests/unit/pos_struct_zla_00.h", line 4: warning: division by zero [divide_by_zero]
      TU_STATIC_ASSERT_AND_RETURN(0, TU_COUNTOF(a));
      ^

"/home/parallels/soft/my/countof_ns/tests/unit/pos_struct_zla_00.h", line 4: warning: division by zero [divide_by_zero]
      TU_STATIC_ASSERT_AND_RETURN(0, TU_COUNTOF(a));
      ^

"/home/parallels/soft/my/countof_ns/tests/unit/pos_struct_zla_00.h", line 4: warning: division by zero [divide_by_zero]
      TU_STATIC_ASSERT_AND_RETURN(0, TU_COUNTOF(a));
      ^

1 error detected in the compilation of "/home/parallels/soft/my/countof_ns/tests/unit/tu_stub.c".
gmake[3]: *** [tests/unit/CMakeFiles/JZMG_ARRAY_LEN-pos_struct_zla_00.dir/build.make:79: tests/unit/CMakeFiles/JZMG_ARRAY_LEN-pos_struct_zla_00.dir/tu_stub.c.o] Ошибка 2
gmake[2]: *** [CMakeFiles/Makefile2:2140: tests/unit/CMakeFiles/JZMG_ARRAY_LEN-pos_struct_zla_00.dir/all] Ошибка 2
gmake[1]: *** [CMakeFiles/Makefile2:2147: tests/unit/CMakeFiles/JZMG_ARRAY_LEN-pos_struct_zla_00.dir/rule] Ошибка 2
gmake: *** [Makefile:862: JZMG_ARRAY_LEN-pos_struct_zla_00] Ошибка 2

</system-out>
	</testcase>
	<testcase name="JZMG_ARRAY_LEN-pos_struct_zla_00_cxx" classname="JZMG_ARRAY_LEN-pos_struct_zla_00_cxx" time="0.190697" status="run">
		<properties>
			<property name="cmake_labels" value="JZMG_ARRAY_LEN"/>
		</properties>
		<system-out>Internal cmake changing into directory: /home/parallels/soft/my/countof_ns/build/Linux_pgcc_pgc++
Change Dir: '/home/parallels/soft/my/countof_ns/build/Linux_pgcc_pgc++'

Run Build Command(s): /usr/bin/gmake -f Makefile JZMG_ARRAY_LEN-pos_struct_zla_00_cxx
[  0%] Built target CounofNS
[100%] Built target JZMG_ARRAY_LEN-pos_struct_zla_00_cxx

Running test command: "/home/parallels/soft/my/countof_ns/build/Linux_pgcc_pgc++/tests/unit/JZMG_ARRAY_LEN-pos_struct_zla_00_cxx"
Ok 0 TU_STATIC_ASSERT_AND_RETURN((0)=0, ...) /home/parallels/soft/my/countof_ns/tests/unit/pos_struct_zla_00.h:pos_struct_zla_00.h:TU_UNIT for _comparisons/JZMG_ARRAY_LEN.h:JZMG_ARRAY_LEN(), C++ 202302L

</system-out>
	</testcase>
	<testcase name="JZMG_ARRAY_LEN-pos_zla_00" classname="JZMG_ARRAY_LEN-pos_zla_00" time="0.251511" status="fail">
		<failure message="Failed"/>
		<properties>
			<property name="cmake_labels" value="JZMG_ARRAY_LEN"/>
		</properties>
		<system-out>Internal cmake changing into directory: /home/parallels/soft/my/countof_ns/build/Linux_pgcc_pgc++
Change Dir: '/home/parallels/soft/my/countof_ns/build/Linux_pgcc_pgc++'

Run Build Command(s): /usr/bin/gmake -f Makefile JZMG_ARRAY_LEN-pos_zla_00
[  0%] Built target CounofNS
[  0%] Building C object tests/unit/CMakeFiles/JZMG_ARRAY_LEN-pos_zla_00.dir/tu_stub.c.o
"/home/parallels/soft/my/countof_ns/tests/unit/pos_zla_00.h", line 4: error: division by zero
      TU_STATIC_ASSERT_AND_RETURN(0, TU_COUNTOF(b));
      ^

"/home/parallels/soft/my/countof_ns/tests/unit/pos_zla_00.h", line 4: warning: division by zero [divide_by_zero]
      TU_STATIC_ASSERT_AND_RETURN(0, TU_COUNTOF(b));
      ^

Remark: individual warnings can be suppressed with "--diag_suppress &lt;warning-name&gt;"

"/home/parallels/soft/my/countof_ns/tests/unit/pos_zla_00.h", line 4: warning: division by zero [divide_by_zero]
      TU_STATIC_ASSERT_AND_RETURN(0, TU_COUNTOF(b));
      ^

"/home/parallels/soft/my/countof_ns/tests/unit/pos_zla_00.h", line 4: warning: division by zero [divide_by_zero]
      TU_STATIC_ASSERT_AND_RETURN(0, TU_COUNTOF(b));
      ^

"/home/parallels/soft/my/countof_ns/tests/unit/pos_zla_00.h", line 4: warning: division by zero [divide_by_zero]
      TU_STATIC_ASSERT_AND_RETURN(0, TU_COUNTOF(b));
      ^

"/home/parallels/soft/my/countof_ns/tests/unit/pos_zla_00.h", line 4: warning: division by zero [divide_by_zero]
      TU_STATIC_ASSERT_AND_RETURN(0, TU_COUNTOF(b));
      ^

"/home/parallels/soft/my/countof_ns/tests/unit/pos_zla_00.h", line 4: warning: division by zero [divide_by_zero]
      TU_STATIC_ASSERT_AND_RETURN(0, TU_COUNTOF(b));
      ^

1 error detected in the compilation of "/home/parallels/soft/my/countof_ns/tests/unit/tu_stub.c".
gmake[3]: *** [tests/unit/CMakeFiles/JZMG_ARRAY_LEN-pos_zla_00.dir/build.make:79: tests/unit/CMakeFiles/JZMG_ARRAY_LEN-pos_zla_00.dir/tu_stub.c.o] Ошибка 2
gmake[2]: *** [CMakeFiles/Makefile2:2204: tests/unit/CMakeFiles/JZMG_ARRAY_LEN-pos_zla_00.dir/all] Ошибка 2
gmake[1]: *** [CMakeFiles/Makefile2:2211: tests/unit/CMakeFiles/JZMG_ARRAY_LEN-pos_zla_00.dir/rule] Ошибка 2
gmake: *** [Makefile:888: JZMG_ARRAY_LEN-pos_zla_00] Ошибка 2

</system-out>
	</testcase>
	<testcase name="JZMG_ARRAY_LEN-pos_zla_00_cxx" classname="JZMG_ARRAY_LEN-pos_zla_00_cxx" time="0.190571" status="run">
		<properties>
			<property name="cmake_labels" value="JZMG_ARRAY_LEN"/>
		</properties>
		<system-out>Internal cmake changing into directory: /home/parallels/soft/my/countof_ns/build/Linux_pgcc_pgc++
Change Dir: '/home/parallels/soft/my/countof_ns/build/Linux_pgcc_pgc++'

Run Build Command(s): /usr/bin/gmake -f Makefile JZMG_ARRAY_LEN-pos_zla_00_cxx
[  0%] Built target CounofNS
[100%] Built target JZMG_ARRAY_LEN-pos_zla_00_cxx

Running test command: "/home/parallels/soft/my/countof_ns/build/Linux_pgcc_pgc++/tests/unit/JZMG_ARRAY_LEN-pos_zla_00_cxx"
Ok 0 TU_STATIC_ASSERT_AND_RETURN((0)=0, ...) /home/parallels/soft/my/countof_ns/tests/unit/pos_zla_00.h:pos_zla_00.h:TU_UNIT for _comparisons/JZMG_ARRAY_LEN.h:JZMG_ARRAY_LEN(), C++ 202302L

</system-out>
	</testcase>
	<testcase name="JZMG_ARRAY_LEN-pos_zla_0n" classname="JZMG_ARRAY_LEN-pos_zla_0n" time="0.180988" status="run">
		<properties>
			<property name="cmake_labels" value="JZMG_ARRAY_LEN"/>
		</properties>
		<system-out>Internal cmake changing into directory: /home/parallels/soft/my/countof_ns/build/Linux_pgcc_pgc++
Change Dir: '/home/parallels/soft/my/countof_ns/build/Linux_pgcc_pgc++'

Run Build Command(s): /usr/bin/gmake -f Makefile JZMG_ARRAY_LEN-pos_zla_0n
Built target CounofNS
Built target JZMG_ARRAY_LEN-pos_zla_0n

Running test command: "/home/parallels/soft/my/countof_ns/build/Linux_pgcc_pgc++/tests/unit/JZMG_ARRAY_LEN-pos_zla_0n"
Ok 0 TU_STATIC_ASSERT_AND_RETURN((0)=0, ...) /home/parallels/soft/my/countof_ns/tests/unit/pos_zla_0n.h:pos_zla_0n.h:TU_UNIT for _comparisons/JZMG_ARRAY_LEN.h:JZMG_ARRAY_LEN(), C 201710L

</system-out>
	</testcase>
	<testcase name="JZMG_ARRAY_LEN-pos_zla_0n_cxx" classname="JZMG_ARRAY_LEN-pos_zla_0n_cxx" time="0.198062" status="run">
		<properties>
			<property name="cmake_labels" value="JZMG_ARRAY_LEN"/>
		</properties>
		<system-out>Internal cmake changing into directory: /home/parallels/soft/my/countof_ns/build/Linux_pgcc_pgc++
Change Dir: '/home/parallels/soft/my/countof_ns/build/Linux_pgcc_pgc++'

Run Build Command(s): /usr/bin/gmake -f Makefile JZMG_ARRAY_LEN-pos_zla_0n_cxx
[  0%] Built target CounofNS
gmake[3]: Предупреждение: время изменения файла «tests/unit/CMakeFiles/JZMG_ARRAY_LEN-pos_zla_0n_cxx.dir/compiler_depend.make» находится в будущем (0,066)
gmake[3]: предупреждение: Неправильный ход часов.  Сборка может быть неполной.
[100%] Built target JZMG_ARRAY_LEN-pos_zla_0n_cxx

Running test command: "/home/parallels/soft/my/countof_ns/build/Linux_pgcc_pgc++/tests/unit/JZMG_ARRAY_LEN-pos_zla_0n_cxx"
Ok 0 TU_STATIC_ASSERT_AND_RETURN((0)=0, ...) /home/parallels/soft/my/countof_ns/tests/unit/pos_zla_0n.h:pos_zla_0n.h:TU_UNIT for _comparisons/JZMG_ARRAY_LEN.h:JZMG_ARRAY_LEN(), C++ 202302L

</system-out>
	</testcase>
	<testcase name="JZMG_ARRAY_LEN-pos_zla_n0" classname="JZMG_ARRAY_LEN-pos_zla_n0" time="0.261529" status="fail">
		<failure message="Failed"/>
		<properties>
			<property name="cmake_labels" value="JZMG_ARRAY_LEN"/>
		</properties>
		<system-out>Internal cmake changing into directory: /home/parallels/soft/my/countof_ns/build/Linux_pgcc_pgc++
Change Dir: '/home/parallels/soft/my/countof_ns/build/Linux_pgcc_pgc++'

Run Build Command(s): /usr/bin/gmake -f Makefile JZMG_ARRAY_LEN-pos_zla_n0
[  0%] Built target CounofNS
[100%] Building C object tests/unit/CMakeFiles/JZMG_ARRAY_LEN-pos_zla_n0.dir/tu_stub.c.o
"/home/parallels/soft/my/countof_ns/tests/unit/pos_zla_n0.h", line 4: error: division by zero
      TU_STATIC_ASSERT_AND_RETURN(1, TU_COUNTOF(b));
      ^

"/home/parallels/soft/my/countof_ns/tests/unit/pos_zla_n0.h", line 4: warning: division by zero [divide_by_zero]
      TU_STATIC_ASSERT_AND_RETURN(1, TU_COUNTOF(b));
      ^

Remark: individual warnings can be suppressed with "--diag_suppress &lt;warning-name&gt;"

"/home/parallels/soft/my/countof_ns/tests/unit/pos_zla_n0.h", line 4: warning: division by zero [divide_by_zero]
      TU_STATIC_ASSERT_AND_RETURN(1, TU_COUNTOF(b));
      ^

"/home/parallels/soft/my/countof_ns/tests/unit/pos_zla_n0.h", line 4: warning: division by zero [divide_by_zero]
      TU_STATIC_ASSERT_AND_RETURN(1, TU_COUNTOF(b));
      ^

"/home/parallels/soft/my/countof_ns/tests/unit/pos_zla_n0.h", line 4: warning: division by zero [divide_by_zero]
      TU_STATIC_ASSERT_AND_RETURN(1, TU_COUNTOF(b));
      ^

"/home/parallels/soft/my/countof_ns/tests/unit/pos_zla_n0.h", line 4: warning: division by zero [divide_by_zero]
      TU_STATIC_ASSERT_AND_RETURN(1, TU_COUNTOF(b));
      ^

"/home/parallels/soft/my/countof_ns/tests/unit/pos_zla_n0.h", line 4: warning: division by zero [divide_by_zero]
      TU_STATIC_ASSERT_AND_RETURN(1, TU_COUNTOF(b));
      ^

1 error detected in the compilation of "/home/parallels/soft/my/countof_ns/tests/unit/tu_stub.c".
gmake[3]: *** [tests/unit/CMakeFiles/JZMG_ARRAY_LEN-pos_zla_n0.dir/build.make:79: tests/unit/CMakeFiles/JZMG_ARRAY_LEN-pos_zla_n0.dir/tu_stub.c.o] Ошибка 2
gmake[2]: *** [CMakeFiles/Makefile2:2332: tests/unit/CMakeFiles/JZMG_ARRAY_LEN-pos_zla_n0.dir/all] Ошибка 2
gmake[1]: *** [CMakeFiles/Makefile2:2339: tests/unit/CMakeFiles/JZMG_ARRAY_LEN-pos_zla_n0.dir/rule] Ошибка 2
gmake: *** [Makefile:940: JZMG_ARRAY_LEN-pos_zla_n0] Ошибка 2

</system-out>
	</testcase>
	<testcase name="JZMG_ARRAY_LEN-pos_zla_n0_cxx" classname="JZMG_ARRAY_LEN-pos_zla_n0_cxx" time="0.285511" status="fail">
		<failure message="Failed"/>
		<properties>
			<property name="cmake_labels" value="JZMG_ARRAY_LEN"/>
		</properties>
		<system-out>Internal cmake changing into directory: /home/parallels/soft/my/countof_ns/build/Linux_pgcc_pgc++
Change Dir: '/home/parallels/soft/my/countof_ns/build/Linux_pgcc_pgc++'

Run Build Command(s): /usr/bin/gmake -f Makefile JZMG_ARRAY_LEN-pos_zla_n0_cxx
[  0%] Built target CounofNS
[  0%] Building CXX object tests/unit/CMakeFiles/JZMG_ARRAY_LEN-pos_zla_n0_cxx.dir/tu_stub_cxx.cpp.o
"/home/parallels/soft/my/countof_ns/tests/unit/pos_zla_n0.h", line 4: error: static assertion failed with "(1) == ((sizeof(__array_len_aux&lt;sizeof(b)&gt;::match_only_array(b))))"
      TU_STATIC_ASSERT_AND_RETURN(1, TU_COUNTOF(b));
      ^

1 error detected in the compilation of "/home/parallels/soft/my/countof_ns/tests/unit/tu_stub_cxx.cpp".
gmake[3]: *** [tests/unit/CMakeFiles/JZMG_ARRAY_LEN-pos_zla_n0_cxx.dir/build.make:79: tests/unit/CMakeFiles/JZMG_ARRAY_LEN-pos_zla_n0_cxx.dir/tu_stub_cxx.cpp.o] Ошибка 2
gmake[2]: *** [CMakeFiles/Makefile2:2364: tests/unit/CMakeFiles/JZMG_ARRAY_LEN-pos_zla_n0_cxx.dir/all] Ошибка 2
gmake[1]: *** [CMakeFiles/Makefile2:2371: tests/unit/CMakeFiles/JZMG_ARRAY_LEN-pos_zla_n0_cxx.dir/rule] Ошибка 2
gmake: *** [Makefile:953: JZMG_ARRAY_LEN-pos_zla_n0_cxx] Ошибка 2

</system-out>
	</testcase>
	<testcase name="JZMG_ARRAY_LEN-neg__selftest" classname="JZMG_ARRAY_LEN-neg__selftest" time="0.262283" status="run">
		<properties>
			<property name="cmake_labels" value="JZMG_ARRAY_LEN"/>
		</properties>
		<system-out>[  0%] Built target CounofNS
[  0%] Building C object tests/unit/CMakeFiles/JZMG_ARRAY_LEN-neg__selftest.dir/tu_stub.c.o
"/home/parallels/soft/my/countof_ns/tests/unit/neg__selftest.h", line 12: error: static assertion failed with "0"
          tu_static_assert(0);
          ^

1 error detected in the compilation of "/home/parallels/soft/my/countof_ns/tests/unit/tu_stub.c".
gmake[3]: *** [tests/unit/CMakeFiles/JZMG_ARRAY_LEN-neg__selftest.dir/build.make:79: tests/unit/CMakeFiles/JZMG_ARRAY_LEN-neg__selftest.dir/tu_stub.c.o] Ошибка 2
gmake[2]: *** [CMakeFiles/Makefile2:2396: tests/unit/CMakeFiles/JZMG_ARRAY_LEN-neg__selftest.dir/all] Ошибка 2
gmake[1]: *** [CMakeFiles/Makefile2:2403: tests/unit/CMakeFiles/JZMG_ARRAY_LEN-neg__selftest.dir/rule] Ошибка 2
gmake: *** [Makefile:966: JZMG_ARRAY_LEN-neg__selftest] Ошибка 2
</system-out>
	</testcase>
	<testcase name="JZMG_ARRAY_LEN-neg__selftest_0_fail" classname="JZMG_ARRAY_LEN-neg__selftest_0_fail" time="0.0122579" status="notrun">
		<skipped message="SKIP_RETURN_CODE=42"/>
		<properties>
			<property name="cmake_labels" value="JZMG_ARRAY_LEN"/>
		</properties>
		<system-out></system-out>
	</testcase>
	<testcase name="JZMG_ARRAY_LEN-neg__selftest_cxx" classname="JZMG_ARRAY_LEN-neg__selftest_cxx" time="0.277722" status="run">
		<properties>
			<property name="cmake_labels" value="JZMG_ARRAY_LEN"/>
		</properties>
		<system-out>[  0%] Built target CounofNS
gmake[3]: Предупреждение: время изменения файла «tests/unit/CMakeFiles/JZMG_ARRAY_LEN-neg__selftest_cxx.dir/compiler_depend.make» находится в будущем (0,044)
[  0%] Building CXX object tests/unit/CMakeFiles/JZMG_ARRAY_LEN-neg__selftest_cxx.dir/tu_stub_cxx.cpp.o
"/home/parallels/soft/my/countof_ns/tests/unit/neg__selftest.h", line 12: error: static assertion failed with "0"
          tu_static_assert(0);
          ^

1 error detected in the compilation of "/home/parallels/soft/my/countof_ns/tests/unit/tu_stub_cxx.cpp".
gmake[3]: *** [tests/unit/CMakeFiles/JZMG_ARRAY_LEN-neg__selftest_cxx.dir/build.make:79: tests/unit/CMakeFiles/JZMG_ARRAY_LEN-neg__selftest_cxx.dir/tu_stub_cxx.cpp.o] Ошибка 2
gmake[2]: *** [CMakeFiles/Makefile2:2428: tests/unit/CMakeFiles/JZMG_ARRAY_LEN-neg__selftest_cxx.dir/all] Ошибка 2
gmake[1]: *** [CMakeFiles/Makefile2:2435: tests/unit/CMakeFiles/JZMG_ARRAY_LEN-neg__selftest_cxx.dir/rule] Ошиб...
[This part of the test output was removed since it exceeds the threshold of 1024 bytes.]
</system-out>
	</testcase>
	<testcase name="JZMG_ARRAY_LEN-neg__selftest_cxx_0_fail" classname="JZMG_ARRAY_LEN-neg__selftest_cxx_0_fail" time="0.0118933" status="notrun">
		<skipped message="SKIP_RETURN_CODE=42"/>
		<properties>
			<property name="cmake_labels" value="JZMG_ARRAY_LEN"/>
		</properties>
		<system-out></system-out>
	</testcase>
	<testcase name="JZMG_ARRAY_LEN-neg_cv_ptr" classname="JZMG_ARRAY_LEN-neg_cv_ptr" time="0.172673" status="fail">
		<failure message="Failed"/>
		<properties>
			<property name="cmake_labels" value="JZMG_ARRAY_LEN"/>
		</properties>
		<system-out>Built target CounofNS
Built target JZMG_ARRAY_LEN-neg_cv_ptr
</system-out>
	</testcase>
	<testcase name="JZMG_ARRAY_LEN-neg_cv_ptr_0_fail" classname="JZMG_ARRAY_LEN-neg_cv_ptr_0_fail" time="0.0148361" status="fail">
		<failure message="Failed"/>
		<properties>
			<property name="cmake_labels" value="JZMG_ARRAY_LEN"/>
		</properties>
		<system-out>Fail 2 desired=0 main(0, ...) /home/parallels/soft/my/countof_ns/tests/unit/tu_stub.c:neg_cv_ptr.h:TU_UNIT for _comparisons/JZMG_ARRAY_LEN.h:JZMG_ARRAY_LEN(), C 201710L
</system-out>
	</testcase>
	<testcase name="JZMG_ARRAY_LEN-neg_cv_ptr_cxx" classname="JZMG_ARRAY_LEN-neg_cv_ptr_cxx" time="0.278442" status="run">
		<properties>
			<property name="cmake_labels" value="JZMG_ARRAY_LEN"/>
		</properties>
		<system-out>[  0%] Built target CounofNS
[100%] Building CXX object tests/unit/CMakeFiles/JZMG_ARRAY_LEN-neg_cv_ptr_cxx.dir/tu_stub_cxx.cpp.o
"/home/parallels/soft/my/countof_ns/tests/unit/neg_cv_ptr.h", line 4: error: no instance of function template "__array_len_aux&lt;N&gt;::match_only_array [with N=8U]" matches the argument list
            argument types are: (const volatile int *)
      return TU_COUNTOF(p);
             ^
"/home/parallels/soft/my/countof_ns/include/_comparisons/JZMG_ARRAY_LEN.h", line 23: note: candidate function template "__array_len_aux&lt;N&gt;::match_only_array [with N=8U]" failed deduction
     template &lt;unsigned int N&gt; class __array_len_aux    { public: template &lt;typename T, unsigned int M&gt; static const char (&amp;match_only_array(T(&amp;)[M]))[M]; };
                                                                                                                            ^

1 error detected in the compilation of "/home/parallels/soft/my/countof_ns/tests/unit/tu_stub_cxx.cpp".
gmake[3]: *** [tests/unit/CMakeFi...
[This part of the test output was removed since it exceeds the threshold of 1024 bytes.]
</system-out>
	</testcase>
	<testcase name="JZMG_ARRAY_LEN-neg_cv_ptr_cxx_0_fail" classname="JZMG_ARRAY_LEN-neg_cv_ptr_cxx_0_fail" time="0.0123578" status="notrun">
		<skipped message="SKIP_RETURN_CODE=42"/>
		<properties>
			<property name="cmake_labels" value="JZMG_ARRAY_LEN"/>
		</properties>
		<system-out></system-out>
	</testcase>
	<testcase name="JZMG_ARRAY_LEN-neg_other" classname="JZMG_ARRAY_LEN-neg_other" time="0.255804" status="run">
		<properties>
			<property name="cmake_labels" value="JZMG_ARRAY_LEN"/>
		</properties>
		<system-out>[  0%] Built target CounofNS
[100%] Building C object tests/unit/CMakeFiles/JZMG_ARRAY_LEN-neg_other.dir/tu_stub.c.o
"/home/parallels/soft/my/countof_ns/tests/unit/neg_other.h", line 4: error: operand of "*" must be a pointer but has type "int"
      return TU_COUNTOF(i);
             ^

"/home/parallels/soft/my/countof_ns/tests/unit/neg_other.h", line 4: error: operand of "*" must be a pointer but has type "int"
      return TU_COUNTOF(i);
             ^

"/home/parallels/soft/my/countof_ns/tests/unit/neg_other.h", line 4: error: operand of "*" must be a pointer but has type "int"
      return TU_COUNTOF(i);
             ^

3 errors detected in the compilation of "/home/parallels/soft/my/countof_ns/tests/unit/tu_stub.c".
gmake[3]: *** [tests/unit/CMakeFiles/JZMG_ARRAY_LEN-neg_other.dir/build.make:79: tests/unit/CMakeFiles/JZMG_ARRAY_LEN-neg_other.dir/tu_stub.c.o] Ошибка 2
gmake[2]: *** [CMakeFiles/Makefile2:2524: tests/unit/CMakeFiles/JZMG_ARRAY_LEN-neg_other.dir/all] Ошибка 2
gmake[1]: *** [CMak...
[This part of the test output was removed since it exceeds the threshold of 1024 bytes.]
</system-out>
	</testcase>
	<testcase name="JZMG_ARRAY_LEN-neg_other_0_fail" classname="JZMG_ARRAY_LEN-neg_other_0_fail" time="0.0120299" status="notrun">
		<skipped message="SKIP_RETURN_CODE=42"/>
		<properties>
			<property name="cmake_labels" value="JZMG_ARRAY_LEN"/>
		</properties>
		<system-out></system-out>
	</testcase>
	<testcase name="JZMG_ARRAY_LEN-neg_other_cxx" classname="JZMG_ARRAY_LEN-neg_other_cxx" time="0.279941" status="run">
		<properties>
			<property name="cmake_labels" value="JZMG_ARRAY_LEN"/>
		</properties>
		<system-out>[  0%] Built target CounofNS
[  0%] Building CXX object tests/unit/CMakeFiles/JZMG_ARRAY_LEN-neg_other_cxx.dir/tu_stub_cxx.cpp.o
"/home/parallels/soft/my/countof_ns/tests/unit/neg_other.h", line 4: error: no instance of function template "__array_len_aux&lt;N&gt;::match_only_array [with N=4U]" matches the argument list
            argument types are: (int)
      return TU_COUNTOF(i);
             ^
"/home/parallels/soft/my/countof_ns/include/_comparisons/JZMG_ARRAY_LEN.h", line 23: note: candidate function template "__array_len_aux&lt;N&gt;::match_only_array [with N=4U]" failed deduction
     template &lt;unsigned int N&gt; class __array_len_aux    { public: template &lt;typename T, unsigned int M&gt; static const char (&amp;match_only_array(T(&amp;)[M]))[M]; };
                                                                                                                            ^

1 error detected in the compilation of "/home/parallels/soft/my/countof_ns/tests/unit/tu_stub_cxx.cpp".
gmake[3]: *** [tests/unit/CMakeFiles/JZMG_ARRAY_LEN-...
[This part of the test output was removed since it exceeds the threshold of 1024 bytes.]
</system-out>
	</testcase>
	<testcase name="JZMG_ARRAY_LEN-neg_other_cxx_0_fail" classname="JZMG_ARRAY_LEN-neg_other_cxx_0_fail" time="0.0119995" status="notrun">
		<skipped message="SKIP_RETURN_CODE=42"/>
		<properties>
			<property name="cmake_labels" value="JZMG_ARRAY_LEN"/>
		</properties>
		<system-out></system-out>
	</testcase>
	<testcase name="JZMG_ARRAY_LEN-neg_ptr" classname="JZMG_ARRAY_LEN-neg_ptr" time="0.183043" status="fail">
		<failure message="Failed"/>
		<properties>
			<property name="cmake_labels" value="JZMG_ARRAY_LEN"/>
		</properties>
		<system-out>[  0%] Built target CounofNS
[100%] Built target JZMG_ARRAY_LEN-neg_ptr
</system-out>
	</testcase>
	<testcase name="JZMG_ARRAY_LEN-neg_ptr_0_fail" classname="JZMG_ARRAY_LEN-neg_ptr_0_fail" time="0.0149452" status="fail">
		<failure message="Failed"/>
		<properties>
			<property name="cmake_labels" value="JZMG_ARRAY_LEN"/>
		</properties>
		<system-out>Debug /home/parallels/soft/my/countof_ns/tests/unit/neg_ptr.h:3:TU_UNIT
Debug /home/parallels/soft/my/countof_ns/tests/unit/neg_ptr.h:5:TU_UNIT TU_COUNTOF(p)=2 
Fail 2 desired=0 main(0, ...) /home/parallels/soft/my/countof_ns/tests/unit/tu_stub.c:neg_ptr.h:TU_UNIT for _comparisons/JZMG_ARRAY_LEN.h:JZMG_ARRAY_LEN(), C 201710L
</system-out>
	</testcase>
	<testcase name="JZMG_ARRAY_LEN-neg_ptr_cxx" classname="JZMG_ARRAY_LEN-neg_ptr_cxx" time="0.289447" status="run">
		<properties>
			<property name="cmake_labels" value="JZMG_ARRAY_LEN"/>
		</properties>
		<system-out>Built target CounofNS
Building CXX object tests/unit/CMakeFiles/JZMG_ARRAY_LEN-neg_ptr_cxx.dir/tu_stub_cxx.cpp.o
"/home/parallels/soft/my/countof_ns/tests/unit/neg_ptr.h", line 6: error: no instance of function template "__array_len_aux&lt;N&gt;::match_only_array [with N=8U]" matches the argument list
            argument types are: (int *)
             TU_COUNTOF(p));  // TODO
             ^
"/home/parallels/soft/my/countof_ns/include/_comparisons/JZMG_ARRAY_LEN.h", line 23: note: candidate function template "__array_len_aux&lt;N&gt;::match_only_array [with N=8U]" failed deduction
     template &lt;unsigned int N&gt; class __array_len_aux    { public: template &lt;typename T, unsigned int M&gt; static const char (&amp;match_only_array(T(&amp;)[M]))[M]; };
                                                                                                                            ^

"/home/parallels/soft/my/countof_ns/tests/unit/neg_ptr.h", line 7: error: no instance of function template "__array_len_aux&lt;N&gt;::match_only_array [with N=8U]" matc...
[This part of the test output was removed since it exceeds the threshold of 1024 bytes.]
</system-out>
	</testcase>
	<testcase name="JZMG_ARRAY_LEN-neg_ptr_cxx_0_fail" classname="JZMG_ARRAY_LEN-neg_ptr_cxx_0_fail" time="0.0128352" status="notrun">
		<skipped message="SKIP_RETURN_CODE=42"/>
		<properties>
			<property name="cmake_labels" value="JZMG_ARRAY_LEN"/>
		</properties>
		<system-out></system-out>
	</testcase>
	<testcase name="JZMG_ARRAY_LEN-neg_zla_ptr" classname="JZMG_ARRAY_LEN-neg_zla_ptr" time="0.181456" status="fail">
		<failure message="Failed"/>
		<properties>
			<property name="cmake_labels" value="JZMG_ARRAY_LEN"/>
		</properties>
		<system-out>[  0%] Built target CounofNS
[100%] Built target JZMG_ARRAY_LEN-neg_zla_ptr
</system-out>
	</testcase>
	<testcase name="JZMG_ARRAY_LEN-neg_zla_ptr_0_fail" classname="JZMG_ARRAY_LEN-neg_zla_ptr_0_fail" time="0.0155986" status="fail">
		<failure message="Failed"/>
		<properties>
			<property name="cmake_labels" value="JZMG_ARRAY_LEN"/>
		</properties>
		<system-out>Fail 4198848 desired=0 main(0, ...) /home/parallels/soft/my/countof_ns/tests/unit/tu_stub.c:neg_zla_ptr.h:TU_UNIT for _comparisons/JZMG_ARRAY_LEN.h:JZMG_ARRAY_LEN(), C 201710L
</system-out>
	</testcase>
	<testcase name="JZMG_ARRAY_LEN-neg_zla_ptr_cxx" classname="JZMG_ARRAY_LEN-neg_zla_ptr_cxx" time="0.284633" status="run">
		<properties>
			<property name="cmake_labels" value="JZMG_ARRAY_LEN"/>
		</properties>
		<system-out>[  0%] Built target CounofNS
[100%] Building CXX object tests/unit/CMakeFiles/JZMG_ARRAY_LEN-neg_zla_ptr_cxx.dir/tu_stub_cxx.cpp.o
"/home/parallels/soft/my/countof_ns/tests/unit/neg_zla_ptr.h", line 4: error: no instance of function template "__array_len_aux&lt;N&gt;::match_only_array [with N=8U]" matches the argument list
            argument types are: (int (*)[0])
      return TU_COUNTOF(p);
             ^
"/home/parallels/soft/my/countof_ns/include/_comparisons/JZMG_ARRAY_LEN.h", line 23: note: candidate function template "__array_len_aux&lt;N&gt;::match_only_array [with N=8U]" failed deduction
     template &lt;unsigned int N&gt; class __array_len_aux    { public: template &lt;typename T, unsigned int M&gt; static const char (&amp;match_only_array(T(&amp;)[M]))[M]; };
                                                                                                                            ^

1 error detected in the compilation of "/home/parallels/soft/my/countof_ns/tests/unit/tu_stub_cxx.cpp".
gmake[3]: *** [tests/unit/CMakeFiles/JZMG...
[This part of the test output was removed since it exceeds the threshold of 1024 bytes.]
</system-out>
	</testcase>
	<testcase name="JZMG_ARRAY_LEN-neg_zla_ptr_cxx_0_fail" classname="JZMG_ARRAY_LEN-neg_zla_ptr_cxx_0_fail" time="0.0121068" status="notrun">
		<skipped message="SKIP_RETURN_CODE=42"/>
		<properties>
			<property name="cmake_labels" value="JZMG_ARRAY_LEN"/>
		</properties>
		<system-out></system-out>
	</testcase>
	<testcase name="LNX_ARRAY_SIZE-pos__selftest" classname="LNX_ARRAY_SIZE-pos__selftest" time="0.1884" status="run">
		<properties>
			<property name="cmake_labels" value="LNX_ARRAY_SIZE"/>
		</properties>
		<system-out>Internal cmake changing into directory: /home/parallels/soft/my/countof_ns/build/Linux_pgcc_pgc++
Change Dir: '/home/parallels/soft/my/countof_ns/build/Linux_pgcc_pgc++'

Run Build Command(s): /usr/bin/gmake -f Makefile LNX_ARRAY_SIZE-pos__selftest
[  0%] Built target CounofNS
[100%] Built target LNX_ARRAY_SIZE-pos__selftest

Running test command: "/home/parallels/soft/my/countof_ns/build/Linux_pgcc_pgc++/tests/unit/LNX_ARRAY_SIZE-pos__selftest"
Ok 1 TU_STATIC_ASSERT_AND_RETURN((1)=1, ...) /home/parallels/soft/my/countof_ns/tests/unit/pos__selftest.h:pos__selftest.h:TU_UNIT for _comparisons/lnx_array_size.h:LNX_ARRAY_SIZE(), C 201710L

</system-out>
	</testcase>
	<testcase name="LNX_ARRAY_SIZE-pos_array" classname="LNX_ARRAY_SIZE-pos_array" time="0.17752" status="run">
		<properties>
			<property name="cmake_labels" value="LNX_ARRAY_SIZE"/>
		</properties>
		<system-out>Internal cmake changing into directory: /home/parallels/soft/my/countof_ns/build/Linux_pgcc_pgc++
Change Dir: '/home/parallels/soft/my/countof_ns/build/Linux_pgcc_pgc++'

Run Build Command(s): /usr/bin/gmake -f Makefile LNX_ARRAY_SIZE-pos_array
Built target CounofNS
Built target LNX_ARRAY_SIZE-pos_array

Running test command: "/home/parallels/soft/my/countof_ns/build/Linux_pgcc_pgc++/tests/unit/LNX_ARRAY_SIZE-pos_array"
Ok 1 TU_STATIC_ASSERT_AND_RETURN((1)=1, ...) /home/parallels/soft/my/countof_ns/tests/unit/pos_array.h:pos_array.h:TU_UNIT for _comparisons/lnx_array_size.h:LNX_ARRAY_SIZE(), C 201710L

</system-out>
	</testcase>
	<testcase name="LNX_ARRAY_SIZE-pos_cv_array" classname="LNX_ARRAY_SIZE-pos_cv_array" time="0.186756" status="run">
		<properties>
			<property name="cmake_labels" value="LNX_ARRAY_SIZE"/>
		</properties>
		<system-out>Internal cmake changing into directory: /home/parallels/soft/my/countof_ns/build/Linux_pgcc_pgc++
Change Dir: '/home/parallels/soft/my/countof_ns/build/Linux_pgcc_pgc++'

Run Build Command(s): /usr/bin/gmake -f Makefile LNX_ARRAY_SIZE-pos_cv_array
[  0%] Built target CounofNS
[100%] Built target LNX_ARRAY_SIZE-pos_cv_array

Running test command: "/home/parallels/soft/my/countof_ns/build/Linux_pgcc_pgc++/tests/unit/LNX_ARRAY_SIZE-pos_cv_array"
Ok 1 TU_STATIC_ASSERT_AND_RETURN((1)=1, ...) /home/parallels/soft/my/countof_ns/tests/unit/pos_cv_array.h:pos_cv_array.h:TU_UNIT for _comparisons/lnx_array_size.h:LNX_ARRAY_SIZE(), C 201710L

</system-out>
	</testcase>
	<testcase name="LNX_ARRAY_SIZE-pos_struct_n0" classname="LNX_ARRAY_SIZE-pos_struct_n0" time="0.257902" status="fail">
		<failure message="Failed"/>
		<properties>
			<property name="cmake_labels" value="LNX_ARRAY_SIZE"/>
		</properties>
		<system-out>Internal cmake changing into directory: /home/parallels/soft/my/countof_ns/build/Linux_pgcc_pgc++
Change Dir: '/home/parallels/soft/my/countof_ns/build/Linux_pgcc_pgc++'

Run Build Command(s): /usr/bin/gmake -f Makefile LNX_ARRAY_SIZE-pos_struct_n0
[  0%] Built target CounofNS
gmake[3]: Предупреждение: время изменения файла «tests/unit/CMakeFiles/LNX_ARRAY_SIZE-pos_struct_n0.dir/compiler_depend.make» находится в будущем (0,12)
[100%] Building C object tests/unit/CMakeFiles/LNX_ARRAY_SIZE-pos_struct_n0.dir/tu_stub.c.o
"/home/parallels/soft/my/countof_ns/tests/unit/pos_struct_n0.h", line 4: error: division by zero
      TU_STATIC_ASSERT_AND_RETURN(1, TU_COUNTOF(a));
      ^

"/home/parallels/soft/my/countof_ns/tests/unit/pos_struct_n0.h", line 4: warning: division by zero [divide_by_zero]
      TU_STATIC_ASSERT_AND_RETURN(1, TU_COUNTOF(a));
      ^

Remark: individual warnings can be suppressed with "--diag_suppress &lt;warning-name&gt;"

"/home/parallels/soft/my/countof_ns/tests/unit/pos_struct_n0.h", line 4: warning: division by zero [divide_by_zero]
      TU_STATIC_ASSERT_AND_RETURN(1, TU_COUNTOF(a));
      ^

"/home/parallels/soft/my/countof_ns/tests/unit/pos_struct_n0.h", line 4: warning: division by zero [divide_by_zero]
      TU_STATIC_ASSERT_AND_RETURN(1, TU_COUNTOF(a));
      ^

"/home/parallels/soft/my/countof_ns/tests/unit/pos_struct_n0.h", line 4: warning: division by zero [divide_by_zero]
      TU_STATIC_ASSERT_AND_RETURN(1, TU_COUNTOF(a));
      ^

"/home/parallels/soft/my/countof_ns/tests/unit/pos_struct_n0.h", line 4: warning: division by zero [divide_by_zero]
      TU_STATIC_ASSERT_AND_RETURN(1, TU_COUNTOF(a));
      ^

"/home/parallels/soft/my/countof_ns/tests/unit/pos_struct_n0.h", line 4: warning: division by zero [divide_by_zero]
      TU_STATIC_ASSERT_AND_RETURN(1, TU_COUNTOF(a));
      ^

1 error detected in the compilation of "/home/parallels/soft/my/countof_ns/tests/unit/tu_stub.c".
gmake[3]: *** [tests/unit/CMakeFiles/LNX_ARRAY_SIZE-pos_struct_n0.dir/build.make:79: tests/unit/CMakeFiles/LNX_ARRAY_SIZE-pos_struct_n0.dir/tu_stub.c.o] Ошибка 2
gmake[2]: *** [CMakeFiles/Makefile2:2812: tests/unit/CMakeFiles/LNX_ARRAY_SIZE-pos_struct_n0.dir/all] Ошибка 2
gmake[1]: *** [CMakeFiles/Makefile2:2819: tests/unit/CMakeFiles/LNX_ARRAY_SIZE-pos_struct_n0.dir/rule] Ошибка 2
gmake: *** [Makefile:1135: LNX_ARRAY_SIZE-pos_struct_n0] Ошибка 2

</system-out>
	</testcase>
	<testcase name="LNX_ARRAY_SIZE-pos_struct_zla_00" classname="LNX_ARRAY_SIZE-pos_struct_zla_00" time="0.263263" status="fail">
		<failure message="Failed"/>
		<properties>
			<property name="cmake_labels" value="LNX_ARRAY_SIZE"/>
		</properties>
		<system-out>Internal cmake changing into directory: /home/parallels/soft/my/countof_ns/build/Linux_pgcc_pgc++
Change Dir: '/home/parallels/soft/my/countof_ns/build/Linux_pgcc_pgc++'

Run Build Command(s): /usr/bin/gmake -f Makefile LNX_ARRAY_SIZE-pos_struct_zla_00
[  0%] Built target CounofNS
[  0%] Building C object tests/unit/CMakeFiles/LNX_ARRAY_SIZE-pos_struct_zla_00.dir/tu_stub.c.o
"/home/parallels/soft/my/countof_ns/tests/unit/pos_struct_zla_00.h", line 4: error: division by zero
      TU_STATIC_ASSERT_AND_RETURN(0, TU_COUNTOF(a));
      ^

"/home/parallels/soft/my/countof_ns/tests/unit/pos_struct_zla_00.h", line 4: warning: division by zero [divide_by_zero]
      TU_STATIC_ASSERT_AND_RETURN(0, TU_COUNTOF(a));
      ^

Remark: individual warnings can be suppressed with "--diag_suppress &lt;warning-name&gt;"

"/home/parallels/soft/my/countof_ns/tests/unit/pos_struct_zla_00.h", line 4: warning: division by zero [divide_by_zero]
      TU_STATIC_ASSERT_AND_RETURN(0, TU_COUNTOF(a));
      ^

"/home/parallels/soft/my/countof_ns/tests/unit/pos_struct_zla_00.h", line 4: warning: division by zero [divide_by_zero]
      TU_STATIC_ASSERT_AND_RETURN(0, TU_COUNTOF(a));
      ^

"/home/parallels/soft/my/countof_ns/tests/unit/pos_struct_zla_00.h", line 4: warning: division by zero [divide_by_zero]
      TU_STATIC_ASSERT_AND_RETURN(0, TU_COUNTOF(a));
      ^

"/home/parallels/soft/my/countof_ns/tests/unit/pos_struct_zla_00.h", line 4: warning: division by zero [divide_by_zero]
      TU_STATIC_ASSERT_AND_RETURN(0, TU_COUNTOF(a));
      ^

"/home/parallels/soft/my/countof_ns/tests/unit/pos_struct_zla_00.h", line 4: warning: division by zero [divide_by_zero]
      TU_STATIC_ASSERT_AND_RETURN(0, TU_COUNTOF(a));
      ^

1 error detected in the compilation of "/home/parallels/soft/my/countof_ns/tests/unit/tu_stub.c".
gmake[3]: *** [tests/unit/CMakeFiles/LNX_ARRAY_SIZE-pos_struct_zla_00.dir/build.make:79: tests/unit/CMakeFiles/LNX_ARRAY_SIZE-pos_struct_zla_00.dir/tu_stub.c.o] Ошибка 2
gmake[2]: *** [CMakeFiles/Makefile2:2844: tests/unit/CMakeFiles/LNX_ARRAY_SIZE-pos_struct_zla_00.dir/all] Ошибка 2
gmake[1]: *** [CMakeFiles/Makefile2:2851: tests/unit/CMakeFiles/LNX_ARRAY_SIZE-pos_struct_zla_00.dir/rule] Ошибка 2
gmake: *** [Makefile:1148: LNX_ARRAY_SIZE-pos_struct_zla_00] Ошибка 2

</system-out>
	</testcase>
	<testcase name="LNX_ARRAY_SIZE-pos_zla_00" classname="LNX_ARRAY_SIZE-pos_zla_00" time="0.25248" status="fail">
		<failure message="Failed"/>
		<properties>
			<property name="cmake_labels" value="LNX_ARRAY_SIZE"/>
		</properties>
		<system-out>Internal cmake changing into directory: /home/parallels/soft/my/countof_ns/build/Linux_pgcc_pgc++
Change Dir: '/home/parallels/soft/my/countof_ns/build/Linux_pgcc_pgc++'

Run Build Command(s): /usr/bin/gmake -f Makefile LNX_ARRAY_SIZE-pos_zla_00
[  0%] Built target CounofNS
[  0%] Building C object tests/unit/CMakeFiles/LNX_ARRAY_SIZE-pos_zla_00.dir/tu_stub.c.o
"/home/parallels/soft/my/countof_ns/tests/unit/pos_zla_00.h", line 4: error: division by zero
      TU_STATIC_ASSERT_AND_RETURN(0, TU_COUNTOF(b));
      ^

"/home/parallels/soft/my/countof_ns/tests/unit/pos_zla_00.h", line 4: warning: division by zero [divide_by_zero]
      TU_STATIC_ASSERT_AND_RETURN(0, TU_COUNTOF(b));
      ^

Remark: individual warnings can be suppressed with "--diag_suppress &lt;warning-name&gt;"

"/home/parallels/soft/my/countof_ns/tests/unit/pos_zla_00.h", line 4: warning: division by zero [divide_by_zero]
      TU_STATIC_ASSERT_AND_RETURN(0, TU_COUNTOF(b));
      ^

"/home/parallels/soft/my/countof_ns/tests/unit/pos_zla_00.h", line 4: warning: division by zero [divide_by_zero]
      TU_STATIC_ASSERT_AND_RETURN(0, TU_COUNTOF(b));
      ^

"/home/parallels/soft/my/countof_ns/tests/unit/pos_zla_00.h", line 4: warning: division by zero [divide_by_zero]
      TU_STATIC_ASSERT_AND_RETURN(0, TU_COUNTOF(b));
      ^

"/home/parallels/soft/my/countof_ns/tests/unit/pos_zla_00.h", line 4: warning: division by zero [divide_by_zero]
      TU_STATIC_ASSERT_AND_RETURN(0, TU_COUNTOF(b));
      ^

"/home/parallels/soft/my/countof_ns/tests/unit/pos_zla_00.h", line 4: warning: division by zero [divide_by_zero]
      TU_STATIC_ASSERT_AND_RETURN(0, TU_COUNTOF(b));
      ^

1 error detected in the compilation of "/home/parallels/soft/my/countof_ns/tests/unit/tu_stub.c".
gmake[3]: *** [tests/unit/CMakeFiles/LNX_ARRAY_SIZE-pos_zla_00.dir/build.make:79: tests/unit/CMakeFiles/LNX_ARRAY_SIZE-pos_zla_00.dir/tu_stub.c.o] Ошибка 2
gmake[2]: *** [CMakeFiles/Makefile2:2876: tests/unit/CMakeFiles/LNX_ARRAY_SIZE-pos_zla_00.dir/all] Ошибка 2
gmake[1]: *** [CMakeFiles/Makefile2:2883: tests/unit/CMakeFiles/LNX_ARRAY_SIZE-pos_zla_00.dir/rule] Ошибка 2
gmake: *** [Makefile:1161: LNX_ARRAY_SIZE-pos_zla_00] Ошибка 2

</system-out>
	</testcase>
	<testcase name="LNX_ARRAY_SIZE-pos_zla_0n" classname="LNX_ARRAY_SIZE-pos_zla_0n" time="0.177874" status="run">
		<properties>
			<property name="cmake_labels" value="LNX_ARRAY_SIZE"/>
		</properties>
		<system-out>Internal cmake changing into directory: /home/parallels/soft/my/countof_ns/build/Linux_pgcc_pgc++
Change Dir: '/home/parallels/soft/my/countof_ns/build/Linux_pgcc_pgc++'

Run Build Command(s): /usr/bin/gmake -f Makefile LNX_ARRAY_SIZE-pos_zla_0n
Built target CounofNS
Built target LNX_ARRAY_SIZE-pos_zla_0n

Running test command: "/home/parallels/soft/my/countof_ns/build/Linux_pgcc_pgc++/tests/unit/LNX_ARRAY_SIZE-pos_zla_0n"
Ok 0 TU_STATIC_ASSERT_AND_RETURN((0)=0, ...) /home/parallels/soft/my/countof_ns/tests/unit/pos_zla_0n.h:pos_zla_0n.h:TU_UNIT for _comparisons/lnx_array_size.h:LNX_ARRAY_SIZE(), C 201710L

</system-out>
	</testcase>
	<testcase name="LNX_ARRAY_SIZE-pos_zla_n0" classname="LNX_ARRAY_SIZE-pos_zla_n0" time="0.257303" status="fail">
		<failure message="Failed"/>
		<properties>
			<property name="cmake_labels" value="LNX_ARRAY_SIZE"/>
		</properties>
		<system-out>Internal cmake changing into directory: /home/parallels/soft/my/countof_ns/build/Linux_pgcc_pgc++
Change Dir: '/home/parallels/soft/my/countof_ns/build/Linux_pgcc_pgc++'

Run Build Command(s): /usr/bin/gmake -f Makefile LNX_ARRAY_SIZE-pos_zla_n0
[  0%] Built target CounofNS
[100%] Building C object tests/unit/CMakeFiles/LNX_ARRAY_SIZE-pos_zla_n0.dir/tu_stub.c.o
"/home/parallels/soft/my/countof_ns/tests/unit/pos_zla_n0.h", line 4: error: division by zero
      TU_STATIC_ASSERT_AND_RETURN(1, TU_COUNTOF(b));
      ^

"/home/parallels/soft/my/countof_ns/tests/unit/pos_zla_n0.h", line 4: warning: division by zero [divide_by_zero]
      TU_STATIC_ASSERT_AND_RETURN(1, TU_COUNTOF(b));
      ^

Remark: individual warnings can be suppressed with "--diag_suppress &lt;warning-name&gt;"

"/home/parallels/soft/my/countof_ns/tests/unit/pos_zla_n0.h", line 4: warning: division by zero [divide_by_zero]
      TU_STATIC_ASSERT_AND_RETURN(1, TU_COUNTOF(b));
      ^

"/home/parallels/soft/my/countof_ns/tests/unit/pos_zla_n0.h", line 4: warning: division by zero [divide_by_zero]
      TU_STATIC_ASSERT_AND_RETURN(1, TU_COUNTOF(b));
      ^

"/home/parallels/soft/my/countof_ns/tests/unit/pos_zla_n0.h", line 4: warning: division by zero [divide_by_zero]
      TU_STATIC_ASSERT_AND_RETURN(1, TU_COUNTOF(b));
      ^

"/home/parallels/soft/my/countof_ns/tests/unit/pos_zla_n0.h", line 4: warning: division by zero [divide_by_zero]
      TU_STATIC_ASSERT_AND_RETURN(1, TU_COUNTOF(b));
      ^

"/home/parallels/soft/my/countof_ns/tests/unit/pos_zla_n0.h", line 4: warning: division by zero [divide_by_zero]
      TU_STATIC_ASSERT_AND_RETURN(1, TU_COUNTOF(b));
      ^

1 error detected in the compilation of "/home/parallels/soft/my/countof_ns/tests/unit/tu_stub.c".
gmake[3]: *** [tests/unit/CMakeFiles/LNX_ARRAY_SIZE-pos_zla_n0.dir/build.make:79: tests/unit/CMakeFiles/LNX_ARRAY_SIZE-pos_zla_n0.dir/tu_stub.c.o] Ошибка 2
gmake[2]: *** [CMakeFiles/Makefile2:2940: tests/unit/CMakeFiles/LNX_ARRAY_SIZE-pos_zla_n0.dir/all] Ошибка 2
gmake[1]: *** [CMakeFiles/Makefile2:2947: tests/unit/CMakeFiles/LNX_ARRAY_SIZE-pos_zla_n0.dir/rule] Ошибка 2
gmake: *** [Makefile:1187: LNX_ARRAY_SIZE-pos_zla_n0] Ошибка 2

</system-out>
	</testcase>
	<testcase name="LNX_ARRAY_SIZE-neg__selftest" classname="LNX_ARRAY_SIZE-neg__selftest" time="0.253245" status="run">
		<properties>
			<property name="cmake_labels" value="LNX_ARRAY_SIZE"/>
		</properties>
		<system-out>[  0%] Built target CounofNS
[  0%] Building C object tests/unit/CMakeFiles/LNX_ARRAY_SIZE-neg__selftest.dir/tu_stub.c.o
"/home/parallels/soft/my/countof_ns/tests/unit/neg__selftest.h", line 12: error: static assertion failed with "0"
          tu_static_assert(0);
          ^

1 error detected in the compilation of "/home/parallels/soft/my/countof_ns/tests/unit/tu_stub.c".
gmake[3]: *** [tests/unit/CMakeFiles/LNX_ARRAY_SIZE-neg__selftest.dir/build.make:79: tests/unit/CMakeFiles/LNX_ARRAY_SIZE-neg__selftest.dir/tu_stub.c.o] Ошибка 2
gmake[2]: *** [CMakeFiles/Makefile2:2972: tests/unit/CMakeFiles/LNX_ARRAY_SIZE-neg__selftest.dir/all] Ошибка 2
gmake[1]: *** [CMakeFiles/Makefile2:2979: tests/unit/CMakeFiles/LNX_ARRAY_SIZE-neg__selftest.dir/rule] Ошибка 2
gmake: *** [Makefile:1200: LNX_ARRAY_SIZE-neg__selftest] Ошибка 2
</system-out>
	</testcase>
	<testcase name="LNX_ARRAY_SIZE-neg__selftest_0_fail" classname="LNX_ARRAY_SIZE-neg__selftest_0_fail" time="0.0124513" status="notrun">
		<skipped message="SKIP_RETURN_CODE=42"/>
		<properties>
			<property name="cmake_labels" value="LNX_ARRAY_SIZE"/>
		</properties>
		<system-out></system-out>
	</testcase>
	<testcase name="LNX_ARRAY_SIZE-neg_cv_ptr" classname="LNX_ARRAY_SIZE-neg_cv_ptr" time="0.260081" status="run">
		<properties>
			<property name="cmake_labels" value="LNX_ARRAY_SIZE"/>
		</properties>
		<system-out>Built target CounofNS
Building C object tests/unit/CMakeFiles/LNX_ARRAY_SIZE-neg_cv_ptr.dir/tu_stub.c.o
"/home/parallels/soft/my/countof_ns/tests/unit/neg_cv_ptr.h", line 4: error: static assertion failed with "must be array"
      return TU_COUNTOF(p);
             ^

1 error detected in the compilation of "/home/parallels/soft/my/countof_ns/tests/unit/tu_stub.c".
gmake[3]: *** [tests/unit/CMakeFiles/LNX_ARRAY_SIZE-neg_cv_ptr.dir/build.make:79: tests/unit/CMakeFiles/LNX_ARRAY_SIZE-neg_cv_ptr.dir/tu_stub.c.o] Ошибка 2
gmake[2]: *** [CMakeFiles/Makefile2:3004: tests/unit/CMakeFiles/LNX_ARRAY_SIZE-neg_cv_ptr.dir/all] Ошибка 2
gmake[1]: *** [CMakeFiles/Makefile2:3011: tests/unit/CMakeFiles/LNX_ARRAY_SIZE-neg_cv_ptr.dir/rule] Ошибка 2
gmake: *** [Makefile:1213: LNX_ARRAY_SIZE-neg_cv_ptr] Ошибка 2
</system-out>
	</testcase>
	<testcase name="LNX_ARRAY_SIZE-neg_cv_ptr_0_fail" classname="LNX_ARRAY_SIZE-neg_cv_ptr_0_fail" time="0.0121003" status="notrun">
		<skipped message="SKIP_RETURN_CODE=42"/>
		<properties>
			<property name="cmake_labels" value="LNX_ARRAY_SIZE"/>
		</properties>
		<system-out></system-out>
	</testcase>
	<testcase name="LNX_ARRAY_SIZE-neg_other" classname="LNX_ARRAY_SIZE-neg_other" time="0.253799" status="run">
		<properties>
			<property name="cmake_labels" value="LNX_ARRAY_SIZE"/>
		</properties>
		<system-out>[  0%] Built target CounofNS
[100%] Building C object tests/unit/CMakeFiles/LNX_ARRAY_SIZE-neg_other.dir/tu_stub.c.o
"/home/parallels/soft/my/countof_ns/tests/unit/neg_other.h", line 4: error: expression must have pointer-to-object type but it has type "int"
      return TU_COUNTOF(i);
             ^

"/home/parallels/soft/my/countof_ns/tests/unit/neg_other.h", line 4: error: expression must have pointer-to-object type but it has type "int"
      return TU_COUNTOF(i);
             ^

2 errors detected in the compilation of "/home/parallels/soft/my/countof_ns/tests/unit/tu_stub.c".
gmake[3]: *** [tests/unit/CMakeFiles/LNX_ARRAY_SIZE-neg_other.dir/build.make:79: tests/unit/CMakeFiles/LNX_ARRAY_SIZE-neg_other.dir/tu_stub.c.o] Ошибка 2
gmake[2]: *** [CMakeFiles/Makefile2:3036: tests/unit/CMakeFiles/LNX_ARRAY_SIZE-neg_other.dir/all] Ошибка 2
gmake[1]: *** [CMakeFiles/Makefile2:3043: tests/unit/CMakeFiles/LNX_ARRAY_SIZE-neg_other.dir/rule] Ошибка 2
gmake: *** [Makefile:1226: LNX_ARRAY_SIZE-neg_oth...
[This part of the test output was removed since it exceeds the threshold of 1024 bytes.]
</system-out>
	</testcase>
	<testcase name="LNX_ARRAY_SIZE-neg_other_0_fail" classname="LNX_ARRAY_SIZE-neg_other_0_fail" time="0.0121685" status="notrun">
		<skipped message="SKIP_RETURN_CODE=42"/>
		<properties>
			<property name="cmake_labels" value="LNX_ARRAY_SIZE"/>
		</properties>
		<system-out></system-out>
	</testcase>
	<testcase name="LNX_ARRAY_SIZE-neg_ptr" classname="LNX_ARRAY_SIZE-neg_ptr" time="0.254197" status="run">
		<properties>
			<property name="cmake_labels" value="LNX_ARRAY_SIZE"/>
		</properties>
		<system-out>[  0%] Built target CounofNS
gmake[3]: Предупреждение: время изменения файла «tests/unit/CMakeFiles/LNX_ARRAY_SIZE-neg_ptr.dir/compiler_depend.make» находится в будущем (0,08)
[100%] Building C object tests/unit/CMakeFiles/LNX_ARRAY_SIZE-neg_ptr.dir/tu_stub.c.o
"/home/parallels/soft/my/countof_ns/tests/unit/neg_ptr.h", line 6: error: static assertion failed with "must be array"
             TU_COUNTOF(p));  // TODO
             ^

"/home/parallels/soft/my/countof_ns/tests/unit/neg_ptr.h", line 7: error: static assertion failed with "must be array"
      return TU_COUNTOF(p);
             ^

2 errors detected in the compilation of "/home/parallels/soft/my/countof_ns/tests/unit/tu_stub.c".
gmake[3]: *** [tests/unit/CMakeFiles/LNX_ARRAY_SIZE-neg_ptr.dir/build.make:79: tests/unit/CMakeFiles/LNX_ARRAY_SIZE-neg_ptr.dir/tu_stub.c.o] Ошибка 2
gmake[2]: *** [CMakeFiles/Makefile2:3068: tests/unit/CMakeFiles/LNX_ARRAY_SIZE-neg_ptr.dir/all] Ошибка 2
gmake[1]...
[This part of the test output was removed since it exceeds the threshold of 1024 bytes.]
</system-out>
	</testcase>
	<testcase name="LNX_ARRAY_SIZE-neg_ptr_0_fail" classname="LNX_ARRAY_SIZE-neg_ptr_0_fail" time="0.0119722" status="notrun">
		<skipped message="SKIP_RETURN_CODE=42"/>
		<properties>
			<property name="cmake_labels" value="LNX_ARRAY_SIZE"/>
		</properties>
		<system-out></system-out>
	</testcase>
	<testcase name="LNX_ARRAY_SIZE-neg_zla_ptr" classname="LNX_ARRAY_SIZE-neg_zla_ptr" time="0.258185" status="run">
		<properties>
			<property name="cmake_labels" value="LNX_ARRAY_SIZE"/>
		</properties>
		<system-out>[  0%] Built target CounofNS
[  0%] Building C object tests/unit/CMakeFiles/LNX_ARRAY_SIZE-neg_zla_ptr.dir/tu_stub.c.o
"/home/parallels/soft/my/countof_ns/tests/unit/neg_zla_ptr.h", line 4: warning: division by zero [divide_by_zero]
      return TU_COUNTOF(p);
             ^

Remark: individual warnings can be suppressed with "--diag_suppress &lt;warning-name&gt;"

"/home/parallels/soft/my/countof_ns/tests/unit/neg_zla_ptr.h", line 4: error: static assertion failed with "must be array"
      return TU_COUNTOF(p);
             ^

1 error detected in the compilation of "/home/parallels/soft/my/countof_ns/tests/unit/tu_stub.c".
gmake[3]: *** [tests/unit/CMakeFiles/LNX_ARRAY_SIZE-neg_zla_ptr.dir/build.make:79: tests/unit/CMakeFiles/LNX_ARRAY_SIZE-neg_zla_ptr.dir/tu_stub.c.o] Ошибка 2
gmake[2]: *** [CMakeFiles/Makefile2:3100: tests/unit/CMakeFiles/LNX_ARRAY_SIZE-neg_zla_ptr.dir/all] Ошибка 2
gmake[1]: *** [CMakeFiles/Makefile2:3107: tests/unit/CMakeFiles/LNX_ARRAY_SIZE-neg_zla_ptr.dir/rule] Ошибка 2
gm...
[This part of the test output was removed since it exceeds the threshold of 1024 bytes.]
</system-out>
	</testcase>
	<testcase name="LNX_ARRAY_SIZE-neg_zla_ptr_0_fail" classname="LNX_ARRAY_SIZE-neg_zla_ptr_0_fail" time="0.0117629" status="notrun">
		<skipped message="SKIP_RETURN_CODE=42"/>
		<properties>
			<property name="cmake_labels" value="LNX_ARRAY_SIZE"/>
		</properties>
		<system-out></system-out>
	</testcase>
	<testcase name="ALX_COUNTOF-pos__selftest" classname="ALX_COUNTOF-pos__selftest" time="0.183869" status="run">
		<properties>
			<property name="cmake_labels" value="ALX_COUNTOF"/>
		</properties>
		<system-out>Internal cmake changing into directory: /home/parallels/soft/my/countof_ns/build/Linux_pgcc_pgc++
Change Dir: '/home/parallels/soft/my/countof_ns/build/Linux_pgcc_pgc++'

Run Build Command(s): /usr/bin/gmake -f Makefile ALX_COUNTOF-pos__selftest
Built target CounofNS
Built target ALX_COUNTOF-pos__selftest

Running test command: "/home/parallels/soft/my/countof_ns/build/Linux_pgcc_pgc++/tests/unit/ALX_COUNTOF-pos__selftest"
Ok 1 TU_STATIC_ASSERT_AND_RETURN((1)=1, ...) /home/parallels/soft/my/countof_ns/tests/unit/pos__selftest.h:pos__selftest.h:TU_UNIT for _comparisons/ALX_COUNTOF.h:ALX_COUNTOF(), C 201710L

</system-out>
	</testcase>
	<testcase name="ALX_COUNTOF-pos_array" classname="ALX_COUNTOF-pos_array" time="0.185245" status="run">
		<properties>
			<property name="cmake_labels" value="ALX_COUNTOF"/>
		</properties>
		<system-out>Internal cmake changing into directory: /home/parallels/soft/my/countof_ns/build/Linux_pgcc_pgc++
Change Dir: '/home/parallels/soft/my/countof_ns/build/Linux_pgcc_pgc++'

Run Build Command(s): /usr/bin/gmake -f Makefile ALX_COUNTOF-pos_array
[  0%] Built target CounofNS
[100%] Built target ALX_COUNTOF-pos_array

Running test command: "/home/parallels/soft/my/countof_ns/build/Linux_pgcc_pgc++/tests/unit/ALX_COUNTOF-pos_array"
Ok 1 TU_STATIC_ASSERT_AND_RETURN((1)=1, ...) /home/parallels/soft/my/countof_ns/tests/unit/pos_array.h:pos_array.h:TU_UNIT for _comparisons/ALX_COUNTOF.h:ALX_COUNTOF(), C 201710L

</system-out>
	</testcase>
	<testcase name="ALX_COUNTOF-pos_cv_array" classname="ALX_COUNTOF-pos_cv_array" time="0.185707" status="run">
		<properties>
			<property name="cmake_labels" value="ALX_COUNTOF"/>
		</properties>
		<system-out>Internal cmake changing into directory: /home/parallels/soft/my/countof_ns/build/Linux_pgcc_pgc++
Change Dir: '/home/parallels/soft/my/countof_ns/build/Linux_pgcc_pgc++'

Run Build Command(s): /usr/bin/gmake -f Makefile ALX_COUNTOF-pos_cv_array
[  0%] Built target CounofNS
[100%] Built target ALX_COUNTOF-pos_cv_array

Running test command: "/home/parallels/soft/my/countof_ns/build/Linux_pgcc_pgc++/tests/unit/ALX_COUNTOF-pos_cv_array"
Ok 1 TU_STATIC_ASSERT_AND_RETURN((1)=1, ...) /home/parallels/soft/my/countof_ns/tests/unit/pos_cv_array.h:pos_cv_array.h:TU_UNIT for _comparisons/ALX_COUNTOF.h:ALX_COUNTOF(), C 201710L

</system-out>
	</testcase>
	<testcase name="ALX_COUNTOF-pos_struct_n0" classname="ALX_COUNTOF-pos_struct_n0" time="0.257659" status="fail">
		<failure message="Failed"/>
		<properties>
			<property name="cmake_labels" value="ALX_COUNTOF"/>
		</properties>
		<system-out>Internal cmake changing into directory: /home/parallels/soft/my/countof_ns/build/Linux_pgcc_pgc++
Change Dir: '/home/parallels/soft/my/countof_ns/build/Linux_pgcc_pgc++'

Run Build Command(s): /usr/bin/gmake -f Makefile ALX_COUNTOF-pos_struct_n0
[  0%] Built target CounofNS
[  0%] Building C object tests/unit/CMakeFiles/ALX_COUNTOF-pos_struct_n0.dir/tu_stub.c.o
"/home/parallels/soft/my/countof_ns/tests/unit/pos_struct_n0.h", line 4: error: division by zero
      TU_STATIC_ASSERT_AND_RETURN(1, TU_COUNTOF(a));
      ^

"/home/parallels/soft/my/countof_ns/tests/unit/pos_struct_n0.h", line 4: warning: division by zero [divide_by_zero]
      TU_STATIC_ASSERT_AND_RETURN(1, TU_COUNTOF(a));
      ^

Remark: individual warnings can be suppressed with "--diag_suppress &lt;warning-name&gt;"

"/home/parallels/soft/my/countof_ns/tests/unit/pos_struct_n0.h", line 4: warning: division by zero [divide_by_zero]
      TU_STATIC_ASSERT_AND_RETURN(1, TU_COUNTOF(a));
      ^

"/home/parallels/soft/my/countof_ns/tests/unit/pos_struct_n0.h", line 4: warning: division by zero [divide_by_zero]
      TU_STATIC_ASSERT_AND_RETURN(1, TU_COUNTOF(a));
      ^

"/home/parallels/soft/my/countof_ns/tests/unit/pos_struct_n0.h", line 4: warning: division by zero [divide_by_zero]
      TU_STATIC_ASSERT_AND_RETURN(1, TU_COUNTOF(a));
      ^

"/home/parallels/soft/my/countof_ns/tests/unit/pos_struct_n0.h", line 4: warning: division by zero [divide_by_zero]
      TU_STATIC_ASSERT_AND_RETURN(1, TU_COUNTOF(a));
      ^

"/home/parallels/soft/my/countof_ns/tests/unit/pos_struct_n0.h", line 4: warning: division by zero [divide_by_zero]
      TU_STATIC_ASSERT_AND_RETURN(1, TU_COUNTOF(a));
      ^

1 error detected in the compilation of "/home/parallels/soft/my/countof_ns/tests/unit/tu_stub.c".
gmake[3]: *** [tests/unit/CMakeFiles/ALX_COUNTOF-pos_struct_n0.dir/build.make:79: tests/unit/CMakeFiles/ALX_COUNTOF-pos_struct_n0.dir/tu_stub.c.o] Ошибка 2
gmake[2]: *** [CMakeFiles/Makefile2:3228: tests/unit/CMakeFiles/ALX_COUNTOF-pos_struct_n0.dir/all] Ошибка 2
gmake[1]: *** [CMakeFiles/Makefile2:3235: tests/unit/CMakeFiles/ALX_COUNTOF-pos_struct_n0.dir/rule] Ошибка 2
gmake: *** [Makefile:1304: ALX_COUNTOF-pos_struct_n0] Ошибка 2

</system-out>
	</testcase>
	<testcase name="ALX_COUNTOF-pos_struct_zla_00" classname="ALX_COUNTOF-pos_struct_zla_00" time="0.258271" status="fail">
		<failure message="Failed"/>
		<properties>
			<property name="cmake_labels" value="ALX_COUNTOF"/>
		</properties>
		<system-out>Internal cmake changing into directory: /home/parallels/soft/my/countof_ns/build/Linux_pgcc_pgc++
Change Dir: '/home/parallels/soft/my/countof_ns/build/Linux_pgcc_pgc++'

Run Build Command(s): /usr/bin/gmake -f Makefile ALX_COUNTOF-pos_struct_zla_00
[  0%] Built target CounofNS
[  0%] Building C object tests/unit/CMakeFiles/ALX_COUNTOF-pos_struct_zla_00.dir/tu_stub.c.o
"/home/parallels/soft/my/countof_ns/tests/unit/pos_struct_zla_00.h", line 4: error: division by zero
      TU_STATIC_ASSERT_AND_RETURN(0, TU_COUNTOF(a));
      ^

"/home/parallels/soft/my/countof_ns/tests/unit/pos_struct_zla_00.h", line 4: warning: division by zero [divide_by_zero]
      TU_STATIC_ASSERT_AND_RETURN(0, TU_COUNTOF(a));
      ^

Remark: individual warnings can be suppressed with "--diag_suppress &lt;warning-name&gt;"

"/home/parallels/soft/my/countof_ns/tests/unit/pos_struct_zla_00.h", line 4: warning: division by zero [divide_by_zero]
      TU_STATIC_ASSERT_AND_RETURN(0, TU_COUNTOF(a));
      ^

"/home/parallels/soft/my/countof_ns/tests/unit/pos_struct_zla_00.h", line 4: warning: division by zero [divide_by_zero]
      TU_STATIC_ASSERT_AND_RETURN(0, TU_COUNTOF(a));
      ^

"/home/parallels/soft/my/countof_ns/tests/unit/pos_struct_zla_00.h", line 4: warning: division by zero [divide_by_zero]
      TU_STATIC_ASSERT_AND_RETURN(0, TU_COUNTOF(a));
      ^

"/home/parallels/soft/my/countof_ns/tests/unit/pos_struct_zla_00.h", line 4: warning: division by zero [divide_by_zero]
      TU_STATIC_ASSERT_AND_RETURN(0, TU_COUNTOF(a));
      ^

"/home/parallels/soft/my/countof_ns/tests/unit/pos_struct_zla_00.h", line 4: warning: division by zero [divide_by_zero]
      TU_STATIC_ASSERT_AND_RETURN(0, TU_COUNTOF(a));
      ^

1 error detected in the compilation of "/home/parallels/soft/my/countof_ns/tests/unit/tu_stub.c".
gmake[3]: *** [tests/unit/CMakeFiles/ALX_COUNTOF-pos_struct_zla_00.dir/build.make:79: tests/unit/CMakeFiles/ALX_COUNTOF-pos_struct_zla_00.dir/tu_stub.c.o] Ошибка 2
gmake[2]: *** [CMakeFiles/Makefile2:3260: tests/unit/CMakeFiles/ALX_COUNTOF-pos_struct_zla_00.dir/all] Ошибка 2
gmake[1]: *** [CMakeFiles/Makefile2:3267: tests/unit/CMakeFiles/ALX_COUNTOF-pos_struct_zla_00.dir/rule] Ошибка 2
gmake: *** [Makefile:1317: ALX_COUNTOF-pos_struct_zla_00] Ошибка 2

</system-out>
	</testcase>
	<testcase name="ALX_COUNTOF-pos_zla_00" classname="ALX_COUNTOF-pos_zla_00" time="0.247985" status="fail">
		<failure message="Failed"/>
		<properties>
			<property name="cmake_labels" value="ALX_COUNTOF"/>
		</properties>
		<system-out>Internal cmake changing into directory: /home/parallels/soft/my/countof_ns/build/Linux_pgcc_pgc++
Change Dir: '/home/parallels/soft/my/countof_ns/build/Linux_pgcc_pgc++'

Run Build Command(s): /usr/bin/gmake -f Makefile ALX_COUNTOF-pos_zla_00
Built target CounofNS
Building C object tests/unit/CMakeFiles/ALX_COUNTOF-pos_zla_00.dir/tu_stub.c.o
"/home/parallels/soft/my/countof_ns/tests/unit/pos_zla_00.h", line 4: error: division by zero
      TU_STATIC_ASSERT_AND_RETURN(0, TU_COUNTOF(b));
      ^

"/home/parallels/soft/my/countof_ns/tests/unit/pos_zla_00.h", line 4: warning: division by zero [divide_by_zero]
      TU_STATIC_ASSERT_AND_RETURN(0, TU_COUNTOF(b));
      ^

Remark: individual warnings can be suppressed with "--diag_suppress &lt;warning-name&gt;"

"/home/parallels/soft/my/countof_ns/tests/unit/pos_zla_00.h", line 4: warning: division by zero [divide_by_zero]
      TU_STATIC_ASSERT_AND_RETURN(0, TU_COUNTOF(b));
      ^

"/home/parallels/soft/my/countof_ns/tests/unit/pos_zla_00.h", line 4: warning: division by zero [divide_by_zero]
      TU_STATIC_ASSERT_AND_RETURN(0, TU_COUNTOF(b));
      ^

"/home/parallels/soft/my/countof_ns/tests/unit/pos_zla_00.h", line 4: warning: division by zero [divide_by_zero]
      TU_STATIC_ASSERT_AND_RETURN(0, TU_COUNTOF(b));
      ^

"/home/parallels/soft/my/countof_ns/tests/unit/pos_zla_00.h", line 4: warning: division by zero [divide_by_zero]
      TU_STATIC_ASSERT_AND_RETURN(0, TU_COUNTOF(b));
      ^

"/home/parallels/soft/my/countof_ns/tests/unit/pos_zla_00.h", line 4: warning: division by zero [divide_by_zero]
      TU_STATIC_ASSERT_AND_RETURN(0, TU_COUNTOF(b));
      ^

1 error detected in the compilation of "/home/parallels/soft/my/countof_ns/tests/unit/tu_stub.c".
gmake[3]: *** [tests/unit/CMakeFiles/ALX_COUNTOF-pos_zla_00.dir/build.make:79: tests/unit/CMakeFiles/ALX_COUNTOF-pos_zla_00.dir/tu_stub.c.o] Ошибка 2
gmake[2]: *** [CMakeFiles/Makefile2:3292: tests/unit/CMakeFiles/ALX_COUNTOF-pos_zla_00.dir/all] Ошибка 2
gmake[1]: *** [CMakeFiles/Makefile2:3299: tests/unit/CMakeFiles/ALX_COUNTOF-pos_zla_00.dir/rule] Ошибка 2
gmake: *** [Makefile:1330: ALX_COUNTOF-pos_zla_00] Ошибка 2

</system-out>
	</testcase>
	<testcase name="ALX_COUNTOF-pos_zla_0n" classname="ALX_COUNTOF-pos_zla_0n" time="0.190228" status="run">
		<properties>
			<property name="cmake_labels" value="ALX_COUNTOF"/>
		</properties>
		<system-out>Internal cmake changing into directory: /home/parallels/soft/my/countof_ns/build/Linux_pgcc_pgc++
Change Dir: '/home/parallels/soft/my/countof_ns/build/Linux_pgcc_pgc++'

Run Build Command(s): /usr/bin/gmake -f Makefile ALX_COUNTOF-pos_zla_0n
[  0%] Built target CounofNS
[100%] Built target ALX_COUNTOF-pos_zla_0n

Running test command: "/home/parallels/soft/my/countof_ns/build/Linux_pgcc_pgc++/tests/unit/ALX_COUNTOF-pos_zla_0n"
Ok 0 TU_STATIC_ASSERT_AND_RETURN((0)=0, ...) /home/parallels/soft/my/countof_ns/tests/unit/pos_zla_0n.h:pos_zla_0n.h:TU_UNIT for _comparisons/ALX_COUNTOF.h:ALX_COUNTOF(), C 201710L

</system-out>
	</testcase>
	<testcase name="ALX_COUNTOF-pos_zla_n0" classname="ALX_COUNTOF-pos_zla_n0" time="0.27104" status="fail">
		<failure message="Failed"/>
		<properties>
			<property name="cmake_labels" value="ALX_COUNTOF"/>
		</properties>
		<system-out>Internal cmake changing into directory: /home/parallels/soft/my/countof_ns/build/Linux_pgcc_pgc++
Change Dir: '/home/parallels/soft/my/countof_ns/build/Linux_pgcc_pgc++'

Run Build Command(s): /usr/bin/gmake -f Makefile ALX_COUNTOF-pos_zla_n0
[  0%] Built target CounofNS
[100%] Building C object tests/unit/CMakeFiles/ALX_COUNTOF-pos_zla_n0.dir/tu_stub.c.o
"/home/parallels/soft/my/countof_ns/tests/unit/pos_zla_n0.h", line 4: error: division by zero
      TU_STATIC_ASSERT_AND_RETURN(1, TU_COUNTOF(b));
      ^

"/home/parallels/soft/my/countof_ns/tests/unit/pos_zla_n0.h", line 4: warning: division by zero [divide_by_zero]
      TU_STATIC_ASSERT_AND_RETURN(1, TU_COUNTOF(b));
      ^

Remark: individual warnings can be suppressed with "--diag_suppress &lt;warning-name&gt;"

"/home/parallels/soft/my/countof_ns/tests/unit/pos_zla_n0.h", line 4: warning: division by zero [divide_by_zero]
      TU_STATIC_ASSERT_AND_RETURN(1, TU_COUNTOF(b));
      ^

"/home/parallels/soft/my/countof_ns/tests/unit/pos_zla_n0.h", line 4: warning: division by zero [divide_by_zero]
      TU_STATIC_ASSERT_AND_RETURN(1, TU_COUNTOF(b));
      ^

"/home/parallels/soft/my/countof_ns/tests/unit/pos_zla_n0.h", line 4: warning: division by zero [divide_by_zero]
      TU_STATIC_ASSERT_AND_RETURN(1, TU_COUNTOF(b));
      ^

"/home/parallels/soft/my/countof_ns/tests/unit/pos_zla_n0.h", line 4: warning: division by zero [divide_by_zero]
      TU_STATIC_ASSERT_AND_RETURN(1, TU_COUNTOF(b));
      ^

"/home/parallels/soft/my/countof_ns/tests/unit/pos_zla_n0.h", line 4: warning: division by zero [divide_by_zero]
      TU_STATIC_ASSERT_AND_RETURN(1, TU_COUNTOF(b));
      ^

1 error detected in the compilation of "/home/parallels/soft/my/countof_ns/tests/unit/tu_stub.c".
gmake[3]: *** [tests/unit/CMakeFiles/ALX_COUNTOF-pos_zla_n0.dir/build.make:79: tests/unit/CMakeFiles/ALX_COUNTOF-pos_zla_n0.dir/tu_stub.c.o] Ошибка 2
gmake[2]: *** [CMakeFiles/Makefile2:3356: tests/unit/CMakeFiles/ALX_COUNTOF-pos_zla_n0.dir/all] Ошибка 2
gmake[1]: *** [CMakeFiles/Makefile2:3363: tests/unit/CMakeFiles/ALX_COUNTOF-pos_zla_n0.dir/rule] Ошибка 2
gmake: *** [Makefile:1356: ALX_COUNTOF-pos_zla_n0] Ошибка 2

</system-out>
	</testcase>
	<testcase name="ALX_COUNTOF-neg__selftest" classname="ALX_COUNTOF-neg__selftest" time="0.245956" status="run">
		<properties>
			<property name="cmake_labels" value="ALX_COUNTOF"/>
		</properties>
		<system-out>Built target CounofNS
Building C object tests/unit/CMakeFiles/ALX_COUNTOF-neg__selftest.dir/tu_stub.c.o
"/home/parallels/soft/my/countof_ns/tests/unit/neg__selftest.h", line 12: error: static assertion failed with "0"
          tu_static_assert(0);
          ^

1 error detected in the compilation of "/home/parallels/soft/my/countof_ns/tests/unit/tu_stub.c".
gmake[3]: *** [tests/unit/CMakeFiles/ALX_COUNTOF-neg__selftest.dir/build.make:79: tests/unit/CMakeFiles/ALX_COUNTOF-neg__selftest.dir/tu_stub.c.o] Ошибка 2
gmake[2]: *** [CMakeFiles/Makefile2:3388: tests/unit/CMakeFiles/ALX_COUNTOF-neg__selftest.dir/all] Ошибка 2
gmake[1]: *** [CMakeFiles/Makefile2:3395: tests/unit/CMakeFiles/ALX_COUNTOF-neg__selftest.dir/rule] Ошибка 2
gmake: *** [Makefile:1369: ALX_COUNTOF-neg__selftest] Ошибка 2
</system-out>
	</testcase>
	<testcase name="ALX_COUNTOF-neg__selftest_0_fail" classname="ALX_COUNTOF-neg__selftest_0_fail" time="0.0118117" status="notrun">
		<skipped message="SKIP_RETURN_CODE=42"/>
		<properties>
			<property name="cmake_labels" value="ALX_COUNTOF"/>
		</properties>
		<system-out></system-out>
	</testcase>
	<testcase name="ALX_COUNTOF-neg_cv_ptr" classname="ALX_COUNTOF-neg_cv_ptr" time="0.25581" status="run">
		<properties>
			<property name="cmake_labels" value="ALX_COUNTOF"/>
		</properties>
		<system-out>[  0%] Built target CounofNS
[100%] Building C object tests/unit/CMakeFiles/ALX_COUNTOF-neg_cv_ptr.dir/tu_stub.c.o
"/home/parallels/soft/my/countof_ns/tests/unit/neg_cv_ptr.h", line 4: error: static assertion failed
      return TU_COUNTOF(p);
             ^

1 error detected in the compilation of "/home/parallels/soft/my/countof_ns/tests/unit/tu_stub.c".
gmake[3]: *** [tests/unit/CMakeFiles/ALX_COUNTOF-neg_cv_ptr.dir/build.make:79: tests/unit/CMakeFiles/ALX_COUNTOF-neg_cv_ptr.dir/tu_stub.c.o] Ошибка 2
gmake[2]: *** [CMakeFiles/Makefile2:3420: tests/unit/CMakeFiles/ALX_COUNTOF-neg_cv_ptr.dir/all] Ошибка 2
gmake[1]: *** [CMakeFiles/Makefile2:3427: tests/unit/CMakeFiles/ALX_COUNTOF-neg_cv_ptr.dir/rule] Ошибка 2
gmake: *** [Makefile:1382: ALX_COUNTOF-neg_cv_ptr] Ошибка 2
</system-out>
	</testcase>
	<testcase name="ALX_COUNTOF-neg_cv_ptr_0_fail" classname="ALX_COUNTOF-neg_cv_ptr_0_fail" time="0.0124738" status="notrun">
		<skipped message="SKIP_RETURN_CODE=42"/>
		<properties>
			<property name="cmake_labels" value="ALX_COUNTOF"/>
		</properties>
		<system-out></system-out>
	</testcase>
	<testcase name="ALX_COUNTOF-neg_other" classname="ALX_COUNTOF-neg_other" time="0.260216" status="run">
		<properties>
			<property name="cmake_labels" value="ALX_COUNTOF"/>
		</properties>
		<system-out>[  0%] Built target CounofNS
[100%] Building C object tests/unit/CMakeFiles/ALX_COUNTOF-neg_other.dir/tu_stub.c.o
"/home/parallels/soft/my/countof_ns/tests/unit/neg_other.h", line 4: error: expression must have pointer-to-object type but it has type "int"
      return TU_COUNTOF(i);
             ^

"/home/parallels/soft/my/countof_ns/tests/unit/neg_other.h", line 4: error: operand of "*" must be a pointer but has type "int"
      return TU_COUNTOF(i);
             ^

2 errors detected in the compilation of "/home/parallels/soft/my/countof_ns/tests/unit/tu_stub.c".
gmake[3]: *** [tests/unit/CMakeFiles/ALX_COUNTOF-neg_other.dir/build.make:79: tests/unit/CMakeFiles/ALX_COUNTOF-neg_other.dir/tu_stub.c.o] Ошибка 2
gmake[2]: *** [CMakeFiles/Makefile2:3452: tests/unit/CMakeFiles/ALX_COUNTOF-neg_other.dir/all] Ошибка 2
gmake[1]: *** [CMakeFiles/Makefile2:3459: tests/unit/CMakeFiles/ALX_COUNTOF-neg_other.dir/rule] Ошибка 2
gmake: *** [Makefile:1395: ALX_COUNTOF-neg_other] Ошибка 2
</system-out>
	</testcase>
	<testcase name="ALX_COUNTOF-neg_other_0_fail" classname="ALX_COUNTOF-neg_other_0_fail" time="0.0122662" status="notrun">
		<skipped message="SKIP_RETURN_CODE=42"/>
		<properties>
			<property name="cmake_labels" value="ALX_COUNTOF"/>
		</properties>
		<system-out></system-out>
	</testcase>
	<testcase name="ALX_COUNTOF-neg_ptr" classname="ALX_COUNTOF-neg_ptr" time="0.255074" status="run">
		<properties>
			<property name="cmake_labels" value="ALX_COUNTOF"/>
		</properties>
		<system-out>[  0%] Built target CounofNS
[  0%] Building C object tests/unit/CMakeFiles/ALX_COUNTOF-neg_ptr.dir/tu_stub.c.o
"/home/parallels/soft/my/countof_ns/tests/unit/neg_ptr.h", line 6: error: static assertion failed
             TU_COUNTOF(p));  // TODO
             ^

"/home/parallels/soft/my/countof_ns/tests/unit/neg_ptr.h", line 7: error: static assertion failed
      return TU_COUNTOF(p);
             ^

2 errors detected in the compilation of "/home/parallels/soft/my/countof_ns/tests/unit/tu_stub.c".
gmake[3]: *** [tests/unit/CMakeFiles/ALX_COUNTOF-neg_ptr.dir/build.make:79: tests/unit/CMakeFiles/ALX_COUNTOF-neg_ptr.dir/tu_stub.c.o] Ошибка 2
gmake[2]: *** [CMakeFiles/Makefile2:3484: tests/unit/CMakeFiles/ALX_COUNTOF-neg_ptr.dir/all] Ошибка 2
gmake[1]: *** [CMakeFiles/Makefile2:3491: tests/unit/CMakeFiles/ALX_COUNTOF-neg_ptr.dir/rule] Ошибка 2
gmake: *** [Makefile:1408: ALX_COUNTOF-neg_ptr] Ошибка 2
</system-out>
	</testcase>
	<testcase name="ALX_COUNTOF-neg_ptr_0_fail" classname="ALX_COUNTOF-neg_ptr_0_fail" time="0.0118299" status="notrun">
		<skipped message="SKIP_RETURN_CODE=42"/>
		<properties>
			<property name="cmake_labels" value="ALX_COUNTOF"/>
		</properties>
		<system-out></system-out>
	</testcase>
	<testcase name="ALX_COUNTOF-neg_zla_ptr" classname="ALX_COUNTOF-neg_zla_ptr" time="0.248254" status="run">
		<properties>
			<property name="cmake_labels" value="ALX_COUNTOF"/>
		</properties>
		<system-out>[  0%] Built target CounofNS
[  0%] Building C object tests/unit/CMakeFiles/ALX_COUNTOF-neg_zla_ptr.dir/tu_stub.c.o
"/home/parallels/soft/my/countof_ns/tests/unit/neg_zla_ptr.h", line 4: warning: division by zero [divide_by_zero]
      return TU_COUNTOF(p);
             ^

Remark: individual warnings can be suppressed with "--diag_suppress &lt;warning-name&gt;"

"/home/parallels/soft/my/countof_ns/tests/unit/neg_zla_ptr.h", line 4: error: static assertion failed
      return TU_COUNTOF(p);
             ^

1 error detected in the compilation of "/home/parallels/soft/my/countof_ns/tests/unit/tu_stub.c".
gmake[3]: *** [tests/unit/CMakeFiles/ALX_COUNTOF-neg_zla_ptr.dir/build.make:79: tests/unit/CMakeFiles/ALX_COUNTOF-neg_zla_ptr.dir/tu_stub.c.o] Ошибка 2
gmake[2]: *** [CMakeFiles/Makefile2:3516: tests/unit/CMakeFiles/ALX_COUNTOF-neg_zla_ptr.dir/all] Ошибка 2
gmake[1]: *** [CMakeFiles/Makefile2:3523: tests/unit/CMakeFiles/ALX_COUNTOF-neg_zla_ptr.dir/rule] Ошибка 2
gmake: *** [Makefile:1421: ALX_COUNTOF...
[This part of the test output was removed since it exceeds the threshold of 1024 bytes.]
</system-out>
	</testcase>
	<testcase name="ALX_COUNTOF-neg_zla_ptr_0_fail" classname="ALX_COUNTOF-neg_zla_ptr_0_fail" time="0.0114518" status="notrun">
		<skipped message="SKIP_RETURN_CODE=42"/>
		<properties>
			<property name="cmake_labels" value="ALX_COUNTOF"/>
		</properties>
		<system-out></system-out>
	</testcase>
	<testcase name="ms_countof-pos__selftest" classname="ms_countof-pos__selftest" time="0.188926" status="run">
		<properties>
			<property name="cmake_labels" value="ms_countof"/>
		</properties>
		<system-out>Internal cmake changing into directory: /home/parallels/soft/my/countof_ns/build/Linux_pgcc_pgc++
Change Dir: '/home/parallels/soft/my/countof_ns/build/Linux_pgcc_pgc++'

Run Build Command(s): /usr/bin/gmake -f Makefile ms_countof-pos__selftest
[  0%] Built target CounofNS
[100%] Built target ms_countof-pos__selftest

Running test command: "/home/parallels/soft/my/countof_ns/build/Linux_pgcc_pgc++/tests/unit/ms_countof-pos__selftest"
Ok 1 TU_STATIC_ASSERT_AND_RETURN((1)=1, ...) /home/parallels/soft/my/countof_ns/tests/unit/pos__selftest.h:pos__selftest.h:TU_UNIT for _comparisons/ms_countof.h:ms_countof(), C 201710L

</system-out>
	</testcase>
	<testcase name="ms_countof-pos__selftest_cxx" classname="ms_countof-pos__selftest_cxx" time="0.190772" status="run">
		<properties>
			<property name="cmake_labels" value="ms_countof"/>
		</properties>
		<system-out>Internal cmake changing into directory: /home/parallels/soft/my/countof_ns/build/Linux_pgcc_pgc++
Change Dir: '/home/parallels/soft/my/countof_ns/build/Linux_pgcc_pgc++'

Run Build Command(s): /usr/bin/gmake -f Makefile ms_countof-pos__selftest_cxx
[  0%] Built target CounofNS
[100%] Built target ms_countof-pos__selftest_cxx

Running test command: "/home/parallels/soft/my/countof_ns/build/Linux_pgcc_pgc++/tests/unit/ms_countof-pos__selftest_cxx"
Ok 1 TU_STATIC_ASSERT_AND_RETURN((1)=1, ...) /home/parallels/soft/my/countof_ns/tests/unit/pos__selftest.h:pos__selftest.h:TU_UNIT for _comparisons/ms_countof.h:ms_countof(), C++ 202302L

</system-out>
	</testcase>
	<testcase name="ms_countof-pos_array" classname="ms_countof-pos_array" time="0.186506" status="run">
		<properties>
			<property name="cmake_labels" value="ms_countof"/>
		</properties>
		<system-out>Internal cmake changing into directory: /home/parallels/soft/my/countof_ns/build/Linux_pgcc_pgc++
Change Dir: '/home/parallels/soft/my/countof_ns/build/Linux_pgcc_pgc++'

Run Build Command(s): /usr/bin/gmake -f Makefile ms_countof-pos_array
[  0%] Built target CounofNS
[100%] Built target ms_countof-pos_array

Running test command: "/home/parallels/soft/my/countof_ns/build/Linux_pgcc_pgc++/tests/unit/ms_countof-pos_array"
Ok 1 TU_STATIC_ASSERT_AND_RETURN((1)=1, ...) /home/parallels/soft/my/countof_ns/tests/unit/pos_array.h:pos_array.h:TU_UNIT for _comparisons/ms_countof.h:ms_countof(), C 201710L

</system-out>
	</testcase>
	<testcase name="ms_countof-pos_array_cxx" classname="ms_countof-pos_array_cxx" time="0.187159" status="run">
		<properties>
			<property name="cmake_labels" value="ms_countof"/>
		</properties>
		<system-out>Internal cmake changing into directory: /home/parallels/soft/my/countof_ns/build/Linux_pgcc_pgc++
Change Dir: '/home/parallels/soft/my/countof_ns/build/Linux_pgcc_pgc++'

Run Build Command(s): /usr/bin/gmake -f Makefile ms_countof-pos_array_cxx
[  0%] Built target CounofNS
[100%] Built target ms_countof-pos_array_cxx

Running test command: "/home/parallels/soft/my/countof_ns/build/Linux_pgcc_pgc++/tests/unit/ms_countof-pos_array_cxx"
Ok 1 TU_STATIC_ASSERT_AND_RETURN((1)=1, ...) /home/parallels/soft/my/countof_ns/tests/unit/pos_array.h:pos_array.h:TU_UNIT for _comparisons/ms_countof.h:ms_countof(), C++ 202302L

</system-out>
	</testcase>
	<testcase name="ms_countof-pos_cv_array" classname="ms_countof-pos_cv_array" time="0.176956" status="run">
		<properties>
			<property name="cmake_labels" value="ms_countof"/>
		</properties>
		<system-out>Internal cmake changing into directory: /home/parallels/soft/my/countof_ns/build/Linux_pgcc_pgc++
Change Dir: '/home/parallels/soft/my/countof_ns/build/Linux_pgcc_pgc++'

Run Build Command(s): /usr/bin/gmake -f Makefile ms_countof-pos_cv_array
Built target CounofNS
Built target ms_countof-pos_cv_array

Running test command: "/home/parallels/soft/my/countof_ns/build/Linux_pgcc_pgc++/tests/unit/ms_countof-pos_cv_array"
Ok 1 TU_STATIC_ASSERT_AND_RETURN((1)=1, ...) /home/parallels/soft/my/countof_ns/tests/unit/pos_cv_array.h:pos_cv_array.h:TU_UNIT for _comparisons/ms_countof.h:ms_countof(), C 201710L

</system-out>
	</testcase>
	<testcase name="ms_countof-pos_cv_array_cxx" classname="ms_countof-pos_cv_array_cxx" time="0.189637" status="run">
		<properties>
			<property name="cmake_labels" value="ms_countof"/>
		</properties>
		<system-out>Internal cmake changing into directory: /home/parallels/soft/my/countof_ns/build/Linux_pgcc_pgc++
Change Dir: '/home/parallels/soft/my/countof_ns/build/Linux_pgcc_pgc++'

Run Build Command(s): /usr/bin/gmake -f Makefile ms_countof-pos_cv_array_cxx
[  0%] Built target CounofNS
[100%] Built target ms_countof-pos_cv_array_cxx

Running test command: "/home/parallels/soft/my/countof_ns/build/Linux_pgcc_pgc++/tests/unit/ms_countof-pos_cv_array_cxx"
Ok 1 TU_STATIC_ASSERT_AND_RETURN((1)=1, ...) /home/parallels/soft/my/countof_ns/tests/unit/pos_cv_array.h:pos_cv_array.h:TU_UNIT for _comparisons/ms_countof.h:ms_countof(), C++ 202302L

</system-out>
	</testcase>
	<testcase name="ms_countof-pos_struct_n0" classname="ms_countof-pos_struct_n0" time="0.259657" status="fail">
		<failure message="Failed"/>
		<properties>
			<property name="cmake_labels" value="ms_countof"/>
		</properties>
		<system-out>Internal cmake changing into directory: /home/parallels/soft/my/countof_ns/build/Linux_pgcc_pgc++
Change Dir: '/home/parallels/soft/my/countof_ns/build/Linux_pgcc_pgc++'

Run Build Command(s): /usr/bin/gmake -f Makefile ms_countof-pos_struct_n0
[  0%] Built target CounofNS
[100%] Building C object tests/unit/CMakeFiles/ms_countof-pos_struct_n0.dir/tu_stub.c.o
"/home/parallels/soft/my/countof_ns/tests/unit/pos_struct_n0.h", line 4: error: division by zero
      TU_STATIC_ASSERT_AND_RETURN(1, TU_COUNTOF(a));
      ^

"/home/parallels/soft/my/countof_ns/tests/unit/pos_struct_n0.h", line 4: warning: division by zero [divide_by_zero]
      TU_STATIC_ASSERT_AND_RETURN(1, TU_COUNTOF(a));
      ^

Remark: individual warnings can be suppressed with "--diag_suppress &lt;warning-name&gt;"

"/home/parallels/soft/my/countof_ns/tests/unit/pos_struct_n0.h", line 4: warning: division by zero [divide_by_zero]
      TU_STATIC_ASSERT_AND_RETURN(1, TU_COUNTOF(a));
      ^

"/home/parallels/soft/my/countof_ns/tests/unit/pos_struct_n0.h", line 4: warning: division by zero [divide_by_zero]
      TU_STATIC_ASSERT_AND_RETURN(1, TU_COUNTOF(a));
      ^

"/home/parallels/soft/my/countof_ns/tests/unit/pos_struct_n0.h", line 4: warning: division by zero [divide_by_zero]
      TU_STATIC_ASSERT_AND_RETURN(1, TU_COUNTOF(a));
      ^

"/home/parallels/soft/my/countof_ns/tests/unit/pos_struct_n0.h", line 4: warning: division by zero [divide_by_zero]
      TU_STATIC_ASSERT_AND_RETURN(1, TU_COUNTOF(a));
      ^

"/home/parallels/soft/my/countof_ns/tests/unit/pos_struct_n0.h", line 4: warning: division by zero [divide_by_zero]
      TU_STATIC_ASSERT_AND_RETURN(1, TU_COUNTOF(a));
      ^

1 error detected in the compilation of "/home/parallels/soft/my/countof_ns/tests/unit/tu_stub.c".
gmake[3]: *** [tests/unit/CMakeFiles/ms_countof-pos_struct_n0.dir/build.make:79: tests/unit/CMakeFiles/ms_countof-pos_struct_n0.dir/tu_stub.c.o] Ошибка 2
gmake[2]: *** [CMakeFiles/Makefile2:3740: tests/unit/CMakeFiles/ms_countof-pos_struct_n0.dir/all] Ошибка 2
gmake[1]: *** [CMakeFiles/Makefile2:3747: tests/unit/CMakeFiles/ms_countof-pos_struct_n0.dir/rule] Ошибка 2
gmake: *** [Makefile:1512: ms_countof-pos_struct_n0] Ошибка 2

</system-out>
	</testcase>
	<testcase name="ms_countof-pos_struct_n0_cxx" classname="ms_countof-pos_struct_n0_cxx" time="0.199355" status="run">
		<properties>
			<property name="cmake_labels" value="ms_countof"/>
		</properties>
		<system-out>Internal cmake changing into directory: /home/parallels/soft/my/countof_ns/build/Linux_pgcc_pgc++
Change Dir: '/home/parallels/soft/my/countof_ns/build/Linux_pgcc_pgc++'

Run Build Command(s): /usr/bin/gmake -f Makefile ms_countof-pos_struct_n0_cxx
[  0%] Built target CounofNS
[100%] Built target ms_countof-pos_struct_n0_cxx

Running test command: "/home/parallels/soft/my/countof_ns/build/Linux_pgcc_pgc++/tests/unit/ms_countof-pos_struct_n0_cxx"
Ok 1 TU_STATIC_ASSERT_AND_RETURN((1)=1, ...) /home/parallels/soft/my/countof_ns/tests/unit/pos_struct_n0.h:pos_struct_n0.h:TU_UNIT for _comparisons/ms_countof.h:ms_countof(), C++ 202302L

</system-out>
	</testcase>
	<testcase name="ms_countof-pos_struct_zla_00" classname="ms_countof-pos_struct_zla_00" time="0.249091" status="fail">
		<failure message="Failed"/>
		<properties>
			<property name="cmake_labels" value="ms_countof"/>
		</properties>
		<system-out>Internal cmake changing into directory: /home/parallels/soft/my/countof_ns/build/Linux_pgcc_pgc++
Change Dir: '/home/parallels/soft/my/countof_ns/build/Linux_pgcc_pgc++'

Run Build Command(s): /usr/bin/gmake -f Makefile ms_countof-pos_struct_zla_00
[  0%] Built target CounofNS
[  0%] Building C object tests/unit/CMakeFiles/ms_countof-pos_struct_zla_00.dir/tu_stub.c.o
"/home/parallels/soft/my/countof_ns/tests/unit/pos_struct_zla_00.h", line 4: error: division by zero
      TU_STATIC_ASSERT_AND_RETURN(0, TU_COUNTOF(a));
      ^

"/home/parallels/soft/my/countof_ns/tests/unit/pos_struct_zla_00.h", line 4: warning: division by zero [divide_by_zero]
      TU_STATIC_ASSERT_AND_RETURN(0, TU_COUNTOF(a));
      ^

Remark: individual warnings can be suppressed with "--diag_suppress &lt;warning-name&gt;"

"/home/parallels/soft/my/countof_ns/tests/unit/pos_struct_zla_00.h", line 4: warning: division by zero [divide_by_zero]
      TU_STATIC_ASSERT_AND_RETURN(0, TU_COUNTOF(a));
      ^

"/home/parallels/soft/my/countof_ns/tests/unit/pos_struct_zla_00.h", line 4: warning: division by zero [divide_by_zero]
      TU_STATIC_ASSERT_AND_RETURN(0, TU_COUNTOF(a));
      ^

"/home/parallels/soft/my/countof_ns/tests/unit/pos_struct_zla_00.h", line 4: warning: division by zero [divide_by_zero]
      TU_STATIC_ASSERT_AND_RETURN(0, TU_COUNTOF(a));
      ^

"/home/parallels/soft/my/countof_ns/tests/unit/pos_struct_zla_00.h", line 4: warning: division by zero [divide_by_zero]
      TU_STATIC_ASSERT_AND_RETURN(0, TU_COUNTOF(a));
      ^

"/home/parallels/soft/my/countof_ns/tests/unit/pos_struct_zla_00.h", line 4: warning: division by zero [divide_by_zero]
      TU_STATIC_ASSERT_AND_RETURN(0, TU_COUNTOF(a));
      ^

1 error detected in the compilation of "/home/parallels/soft/my/countof_ns/tests/unit/tu_stub.c".
gmake[3]: *** [tests/unit/CMakeFiles/ms_countof-pos_struct_zla_00.dir/build.make:79: tests/unit/CMakeFiles/ms_countof-pos_struct_zla_00.dir/tu_stub.c.o] Ошибка 2
gmake[2]: *** [CMakeFiles/Makefile2:3804: tests/unit/CMakeFiles/ms_countof-pos_struct_zla_00.dir/all] Ошибка 2
gmake[1]: *** [CMakeFiles/Makefile2:3811: tests/unit/CMakeFiles/ms_countof-pos_struct_zla_00.dir/rule] Ошибка 2
gmake: *** [Makefile:1538: ms_countof-pos_struct_zla_00] Ошибка 2

</system-out>
	</testcase>
	<testcase name="ms_countof-pos_struct_zla_00_cxx" classname="ms_countof-pos_struct_zla_00_cxx" time="0.280132" status="fail">
		<failure message="Failed"/>
		<properties>
			<property name="cmake_labels" value="ms_countof"/>
		</properties>
		<system-out>Internal cmake changing into directory: /home/parallels/soft/my/countof_ns/build/Linux_pgcc_pgc++
Change Dir: '/home/parallels/soft/my/countof_ns/build/Linux_pgcc_pgc++'

Run Build Command(s): /usr/bin/gmake -f Makefile ms_countof-pos_struct_zla_00_cxx
Built target CounofNS
Building CXX object tests/unit/CMakeFiles/ms_countof-pos_struct_zla_00_cxx.dir/tu_stub_cxx.cpp.o
"/home/parallels/soft/my/countof_ns/tests/unit/pos_struct_zla_00.h", line 4: error: no instance of function template "ms_countof_helper" matches the argument list
            argument types are: (struct &lt;unnamed&gt; [0])
      TU_STATIC_ASSERT_AND_RETURN(0, TU_COUNTOF(a));
      ^
"/home/parallels/soft/my/countof_ns/include/_comparisons/ms_countof.h", line 21: note: candidate function template "ms_countof_helper" failed deduction
          char (*ms_countof_helper(_UNALIGNED _CountofType (&amp;_Array)[_SizeOfArray]))[_SizeOfArray];
                 ^

"/home/parallels/soft/my/countof_ns/tests/unit/pos_struct_zla_00.h", line 4: error: no instance of function template "ms_countof_helper" matches the argument list
            argument types are: (struct &lt;unnamed&gt; [0])
      TU_STATIC_ASSERT_AND_RETURN(0, TU_COUNTOF(a));
      ^
"/home/parallels/soft/my/countof_ns/include/_comparisons/ms_countof.h", line 21: note: candidate function template "ms_countof_helper" failed deduction
          char (*ms_countof_helper(_UNALIGNED _CountofType (&amp;_Array)[_SizeOfArray]))[_SizeOfArray];
                 ^

"/home/parallels/soft/my/countof_ns/tests/unit/pos_struct_zla_00.h", line 4: error: no instance of function template "ms_countof_helper" matches the argument list
            argument types are: (struct &lt;unnamed&gt; [0])
      TU_STATIC_ASSERT_AND_RETURN(0, TU_COUNTOF(a));
      ^
"/home/parallels/soft/my/countof_ns/include/_comparisons/ms_countof.h", line 21: note: candidate function template "ms_countof_helper" failed deduction
          char (*ms_countof_helper(_UNALIGNED _CountofType (&amp;_Array)[_SizeOfArray]))[_SizeOfArray];
                 ^

"/home/parallels/soft/my/countof_ns/tests/unit/pos_struct_zla_00.h", line 4: error: no instance of function template "ms_countof_helper" matches the argument list
            argument types are: (struct &lt;unnamed&gt; [0])
      TU_STATIC_ASSERT_AND_RETURN(0, TU_COUNTOF(a));
      ^
"/home/parallels/soft/my/countof_ns/include/_comparisons/ms_countof.h", line 21: note: candidate function template "ms_countof_helper" failed deduction
          char (*ms_countof_helper(_UNALIGNED _CountofType (&amp;_Array)[_SizeOfArray]))[_SizeOfArray];
                 ^

"/home/parallels/soft/my/countof_ns/tests/unit/pos_struct_zla_00.h", line 4: error: no instance of function template "ms_countof_helper" matches the argument list
            argument types are: (struct &lt;unnamed&gt; [0])
      TU_STATIC_ASSERT_AND_RETURN(0, TU_COUNTOF(a));
      ^
"/home/parallels/soft/my/countof_ns/include/_comparisons/ms_countof.h", line 21: note: candidate function template "ms_countof_helper" failed deduction
          char (*ms_countof_helper(_UNALIGNED _CountofType (&amp;_Array)[_SizeOfArray]))[_SizeOfArray];
                 ^

"/home/parallels/soft/my/countof_ns/tests/unit/pos_struct_zla_00.h", line 4: error: no instance of function template "ms_countof_helper" matches the argument list
            argument types are: (struct &lt;unnamed&gt; [0])
      TU_STATIC_ASSERT_AND_RETURN(0, TU_COUNTOF(a));
      ^
"/home/parallels/soft/my/countof_ns/include/_comparisons/ms_countof.h", line 21: note: candidate function template "ms_countof_helper" failed deduction
          char (*ms_countof_helper(_UNALIGNED _CountofType (&amp;_Array)[_SizeOfArray]))[_SizeOfArray];
                 ^

"/home/parallels/soft/my/countof_ns/tests/unit/pos_struct_zla_00.h", line 4: error: no instance of function template "ms_countof_helper" matches the argument list
            argument types are: (struct &lt;unnamed&gt; [0])
      TU_STATIC_ASSERT_AND_RETURN(0, TU_COUNTOF(a));
      ^
"/home/parallels/soft/my/countof_ns/include/_comparisons/ms_countof.h", line 21: note: candidate function template "ms_countof_helper" failed deduction
          char (*ms_countof_helper(_UNALIGNED _CountofType (&amp;_Array)[_SizeOfArray]))[_SizeOfArray];
                 ^

7 errors detected in the compilation of "/home/parallels/soft/my/countof_ns/tests/unit/tu_stub_cxx.cpp".
gmake[3]: *** [tests/unit/CMakeFiles/ms_countof-pos_struct_zla_00_cxx.dir/build.make:79: tests/unit/CMakeFiles/ms_countof-pos_struct_zla_00_cxx.dir/tu_stub_cxx.cpp.o] Ошибка 2
gmake[2]: *** [CMakeFiles/Makefile2:3836: tests/unit/CMakeFiles/ms_countof-pos_struct_zla_00_cxx.dir/all] Ошибка 2
gmake[1]: *** [CMakeFiles/Makefile2:3843: tests/unit/CMakeFiles/ms_countof-pos_struct_zla_00_cxx.dir/rule] Ошибка 2
gmake: *** [Makefile:1551: ms_countof-pos_struct_zla_00_cxx] Ошибка 2

</system-out>
	</testcase>
	<testcase name="ms_countof-pos_zla_00" classname="ms_countof-pos_zla_00" time="0.249549" status="fail">
		<failure message="Failed"/>
		<properties>
			<property name="cmake_labels" value="ms_countof"/>
		</properties>
		<system-out>Internal cmake changing into directory: /home/parallels/soft/my/countof_ns/build/Linux_pgcc_pgc++
Change Dir: '/home/parallels/soft/my/countof_ns/build/Linux_pgcc_pgc++'

Run Build Command(s): /usr/bin/gmake -f Makefile ms_countof-pos_zla_00
[  0%] Built target CounofNS
[100%] Building C object tests/unit/CMakeFiles/ms_countof-pos_zla_00.dir/tu_stub.c.o
"/home/parallels/soft/my/countof_ns/tests/unit/pos_zla_00.h", line 4: error: division by zero
      TU_STATIC_ASSERT_AND_RETURN(0, TU_COUNTOF(b));
      ^

"/home/parallels/soft/my/countof_ns/tests/unit/pos_zla_00.h", line 4: warning: division by zero [divide_by_zero]
      TU_STATIC_ASSERT_AND_RETURN(0, TU_COUNTOF(b));
      ^

Remark: individual warnings can be suppressed with "--diag_suppress &lt;warning-name&gt;"

"/home/parallels/soft/my/countof_ns/tests/unit/pos_zla_00.h", line 4: warning: division by zero [divide_by_zero]
      TU_STATIC_ASSERT_AND_RETURN(0, TU_COUNTOF(b));
      ^

"/home/parallels/soft/my/countof_ns/tests/unit/pos_zla_00.h", line 4: warning: division by zero [divide_by_zero]
      TU_STATIC_ASSERT_AND_RETURN(0, TU_COUNTOF(b));
      ^

"/home/parallels/soft/my/countof_ns/tests/unit/pos_zla_00.h", line 4: warning: division by zero [divide_by_zero]
      TU_STATIC_ASSERT_AND_RETURN(0, TU_COUNTOF(b));
      ^

"/home/parallels/soft/my/countof_ns/tests/unit/pos_zla_00.h", line 4: warning: division by zero [divide_by_zero]
      TU_STATIC_ASSERT_AND_RETURN(0, TU_COUNTOF(b));
      ^

"/home/parallels/soft/my/countof_ns/tests/unit/pos_zla_00.h", line 4: warning: division by zero [divide_by_zero]
      TU_STATIC_ASSERT_AND_RETURN(0, TU_COUNTOF(b));
      ^

1 error detected in the compilation of "/home/parallels/soft/my/countof_ns/tests/unit/tu_stub.c".
gmake[3]: *** [tests/unit/CMakeFiles/ms_countof-pos_zla_00.dir/build.make:79: tests/unit/CMakeFiles/ms_countof-pos_zla_00.dir/tu_stub.c.o] Ошибка 2
gmake[2]: *** [CMakeFiles/Makefile2:3868: tests/unit/CMakeFiles/ms_countof-pos_zla_00.dir/all] Ошибка 2
gmake[1]: *** [CMakeFiles/Makefile2:3875: tests/unit/CMakeFiles/ms_countof-pos_zla_00.dir/rule] Ошибка 2
gmake: *** [Makefile:1564: ms_countof-pos_zla_00] Ошибка 2

</system-out>
	</testcase>
	<testcase name="ms_countof-pos_zla_00_cxx" classname="ms_countof-pos_zla_00_cxx" time="0.278727" status="fail">
		<failure message="Failed"/>
		<properties>
			<property name="cmake_labels" value="ms_countof"/>
		</properties>
		<system-out>Internal cmake changing into directory: /home/parallels/soft/my/countof_ns/build/Linux_pgcc_pgc++
Change Dir: '/home/parallels/soft/my/countof_ns/build/Linux_pgcc_pgc++'

Run Build Command(s): /usr/bin/gmake -f Makefile ms_countof-pos_zla_00_cxx
[  0%] Built target CounofNS
[100%] Building CXX object tests/unit/CMakeFiles/ms_countof-pos_zla_00_cxx.dir/tu_stub_cxx.cpp.o
"/home/parallels/soft/my/countof_ns/tests/unit/pos_zla_00.h", line 4: error: no instance of function template "ms_countof_helper" matches the argument list
            argument types are: (int [0][0])
      TU_STATIC_ASSERT_AND_RETURN(0, TU_COUNTOF(b));
      ^
"/home/parallels/soft/my/countof_ns/include/_comparisons/ms_countof.h", line 21: note: candidate function template "ms_countof_helper" failed deduction
          char (*ms_countof_helper(_UNALIGNED _CountofType (&amp;_Array)[_SizeOfArray]))[_SizeOfArray];
                 ^

"/home/parallels/soft/my/countof_ns/tests/unit/pos_zla_00.h", line 4: error: no instance of function template "ms_countof_helper" matches the argument list
            argument types are: (int [0][0])
      TU_STATIC_ASSERT_AND_RETURN(0, TU_COUNTOF(b));
      ^
"/home/parallels/soft/my/countof_ns/include/_comparisons/ms_countof.h", line 21: note: candidate function template "ms_countof_helper" failed deduction
          char (*ms_countof_helper(_UNALIGNED _CountofType (&amp;_Array)[_SizeOfArray]))[_SizeOfArray];
                 ^

"/home/parallels/soft/my/countof_ns/tests/unit/pos_zla_00.h", line 4: error: no instance of function template "ms_countof_helper" matches the argument list
            argument types are: (int [0][0])
      TU_STATIC_ASSERT_AND_RETURN(0, TU_COUNTOF(b));
      ^
"/home/parallels/soft/my/countof_ns/include/_comparisons/ms_countof.h", line 21: note: candidate function template "ms_countof_helper" failed deduction
          char (*ms_countof_helper(_UNALIGNED _CountofType (&amp;_Array)[_SizeOfArray]))[_SizeOfArray];
                 ^

"/home/parallels/soft/my/countof_ns/tests/unit/pos_zla_00.h", line 4: error: no instance of function template "ms_countof_helper" matches the argument list
            argument types are: (int [0][0])
      TU_STATIC_ASSERT_AND_RETURN(0, TU_COUNTOF(b));
      ^
"/home/parallels/soft/my/countof_ns/include/_comparisons/ms_countof.h", line 21: note: candidate function template "ms_countof_helper" failed deduction
          char (*ms_countof_helper(_UNALIGNED _CountofType (&amp;_Array)[_SizeOfArray]))[_SizeOfArray];
                 ^

"/home/parallels/soft/my/countof_ns/tests/unit/pos_zla_00.h", line 4: error: no instance of function template "ms_countof_helper" matches the argument list
            argument types are: (int [0][0])
      TU_STATIC_ASSERT_AND_RETURN(0, TU_COUNTOF(b));
      ^
"/home/parallels/soft/my/countof_ns/include/_comparisons/ms_countof.h", line 21: note: candidate function template "ms_countof_helper" failed deduction
          char (*ms_countof_helper(_UNALIGNED _CountofType (&amp;_Array)[_SizeOfArray]))[_SizeOfArray];
                 ^

"/home/parallels/soft/my/countof_ns/tests/unit/pos_zla_00.h", line 4: error: no instance of function template "ms_countof_helper" matches the argument list
            argument types are: (int [0][0])
      TU_STATIC_ASSERT_AND_RETURN(0, TU_COUNTOF(b));
      ^
"/home/parallels/soft/my/countof_ns/include/_comparisons/ms_countof.h", line 21: note: candidate function template "ms_countof_helper" failed deduction
          char (*ms_countof_helper(_UNALIGNED _CountofType (&amp;_Array)[_SizeOfArray]))[_SizeOfArray];
                 ^

"/home/parallels/soft/my/countof_ns/tests/unit/pos_zla_00.h", line 4: error: no instance of function template "ms_countof_helper" matches the argument list
            argument types are: (int [0][0])
      TU_STATIC_ASSERT_AND_RETURN(0, TU_COUNTOF(b));
      ^
"/home/parallels/soft/my/countof_ns/include/_comparisons/ms_countof.h", line 21: note: candidate function template "ms_countof_helper" failed deduction
          char (*ms_countof_helper(_UNALIGNED _CountofType (&amp;_Array)[_SizeOfArray]))[_SizeOfArray];
                 ^

7 errors detected in the compilation of "/home/parallels/soft/my/countof_ns/tests/unit/tu_stub_cxx.cpp".
gmake[3]: *** [tests/unit/CMakeFiles/ms_countof-pos_zla_00_cxx.dir/build.make:79: tests/unit/CMakeFiles/ms_countof-pos_zla_00_cxx.dir/tu_stub_cxx.cpp.o] Ошибка 2
gmake[2]: *** [CMakeFiles/Makefile2:3900: tests/unit/CMakeFiles/ms_countof-pos_zla_00_cxx.dir/all] Ошибка 2
gmake[1]: *** [CMakeFiles/Makefile2:3907: tests/unit/CMakeFiles/ms_countof-pos_zla_00_cxx.dir/rule] Ошибка 2
gmake: *** [Makefile:1577: ms_countof-pos_zla_00_cxx] Ошибка 2

</system-out>
	</testcase>
	<testcase name="ms_countof-pos_zla_0n" classname="ms_countof-pos_zla_0n" time="0.189986" status="run">
		<properties>
			<property name="cmake_labels" value="ms_countof"/>
		</properties>
		<system-out>Internal cmake changing into directory: /home/parallels/soft/my/countof_ns/build/Linux_pgcc_pgc++
Change Dir: '/home/parallels/soft/my/countof_ns/build/Linux_pgcc_pgc++'

Run Build Command(s): /usr/bin/gmake -f Makefile ms_countof-pos_zla_0n
[  0%] Built target CounofNS
[100%] Built target ms_countof-pos_zla_0n

Running test command: "/home/parallels/soft/my/countof_ns/build/Linux_pgcc_pgc++/tests/unit/ms_countof-pos_zla_0n"
Ok 0 TU_STATIC_ASSERT_AND_RETURN((0)=0, ...) /home/parallels/soft/my/countof_ns/tests/unit/pos_zla_0n.h:pos_zla_0n.h:TU_UNIT for _comparisons/ms_countof.h:ms_countof(), C 201710L

</system-out>
	</testcase>
	<testcase name="ms_countof-pos_zla_0n_cxx" classname="ms_countof-pos_zla_0n_cxx" time="0.277749" status="fail">
		<failure message="Failed"/>
		<properties>
			<property name="cmake_labels" value="ms_countof"/>
		</properties>
		<system-out>Internal cmake changing into directory: /home/parallels/soft/my/countof_ns/build/Linux_pgcc_pgc++
Change Dir: '/home/parallels/soft/my/countof_ns/build/Linux_pgcc_pgc++'

Run Build Command(s): /usr/bin/gmake -f Makefile ms_countof-pos_zla_0n_cxx
[  0%] Built target CounofNS
[  0%] Building CXX object tests/unit/CMakeFiles/ms_countof-pos_zla_0n_cxx.dir/tu_stub_cxx.cpp.o
"/home/parallels/soft/my/countof_ns/tests/unit/pos_zla_0n.h", line 4: error: no instance of function template "ms_countof_helper" matches the argument list
            argument types are: (int [0])
      TU_STATIC_ASSERT_AND_RETURN(0, TU_COUNTOF(a));
      ^
"/home/parallels/soft/my/countof_ns/include/_comparisons/ms_countof.h", line 21: note: candidate function template "ms_countof_helper" failed deduction
          char (*ms_countof_helper(_UNALIGNED _CountofType (&amp;_Array)[_SizeOfArray]))[_SizeOfArray];
                 ^

"/home/parallels/soft/my/countof_ns/tests/unit/pos_zla_0n.h", line 4: error: no instance of function template "ms_countof_helper" matches the argument list
            argument types are: (int [0])
      TU_STATIC_ASSERT_AND_RETURN(0, TU_COUNTOF(a));
      ^
"/home/parallels/soft/my/countof_ns/include/_comparisons/ms_countof.h", line 21: note: candidate function template "ms_countof_helper" failed deduction
          char (*ms_countof_helper(_UNALIGNED _CountofType (&amp;_Array)[_SizeOfArray]))[_SizeOfArray];
                 ^

"/home/parallels/soft/my/countof_ns/tests/unit/pos_zla_0n.h", line 4: error: no instance of function template "ms_countof_helper" matches the argument list
            argument types are: (int [0])
      TU_STATIC_ASSERT_AND_RETURN(0, TU_COUNTOF(a));
      ^
"/home/parallels/soft/my/countof_ns/include/_comparisons/ms_countof.h", line 21: note: candidate function template "ms_countof_helper" failed deduction
          char (*ms_countof_helper(_UNALIGNED _CountofType (&amp;_Array)[_SizeOfArray]))[_SizeOfArray];
                 ^

"/home/parallels/soft/my/countof_ns/tests/unit/pos_zla_0n.h", line 4: error: no instance of function template "ms_countof_helper" matches the argument list
            argument types are: (int [0])
      TU_STATIC_ASSERT_AND_RETURN(0, TU_COUNTOF(a));
      ^
"/home/parallels/soft/my/countof_ns/include/_comparisons/ms_countof.h", line 21: note: candidate function template "ms_countof_helper" failed deduction
          char (*ms_countof_helper(_UNALIGNED _CountofType (&amp;_Array)[_SizeOfArray]))[_SizeOfArray];
                 ^

"/home/parallels/soft/my/countof_ns/tests/unit/pos_zla_0n.h", line 4: error: no instance of function template "ms_countof_helper" matches the argument list
            argument types are: (int [0])
      TU_STATIC_ASSERT_AND_RETURN(0, TU_COUNTOF(a));
      ^
"/home/parallels/soft/my/countof_ns/include/_comparisons/ms_countof.h", line 21: note: candidate function template "ms_countof_helper" failed deduction
          char (*ms_countof_helper(_UNALIGNED _CountofType (&amp;_Array)[_SizeOfArray]))[_SizeOfArray];
                 ^

"/home/parallels/soft/my/countof_ns/tests/unit/pos_zla_0n.h", line 4: error: no instance of function template "ms_countof_helper" matches the argument list
            argument types are: (int [0])
      TU_STATIC_ASSERT_AND_RETURN(0, TU_COUNTOF(a));
      ^
"/home/parallels/soft/my/countof_ns/include/_comparisons/ms_countof.h", line 21: note: candidate function template "ms_countof_helper" failed deduction
          char (*ms_countof_helper(_UNALIGNED _CountofType (&amp;_Array)[_SizeOfArray]))[_SizeOfArray];
                 ^

"/home/parallels/soft/my/countof_ns/tests/unit/pos_zla_0n.h", line 4: error: no instance of function template "ms_countof_helper" matches the argument list
            argument types are: (int [0])
      TU_STATIC_ASSERT_AND_RETURN(0, TU_COUNTOF(a));
      ^
"/home/parallels/soft/my/countof_ns/include/_comparisons/ms_countof.h", line 21: note: candidate function template "ms_countof_helper" failed deduction
          char (*ms_countof_helper(_UNALIGNED _CountofType (&amp;_Array)[_SizeOfArray]))[_SizeOfArray];
                 ^

7 errors detected in the compilation of "/home/parallels/soft/my/countof_ns/tests/unit/tu_stub_cxx.cpp".
gmake[3]: *** [tests/unit/CMakeFiles/ms_countof-pos_zla_0n_cxx.dir/build.make:79: tests/unit/CMakeFiles/ms_countof-pos_zla_0n_cxx.dir/tu_stub_cxx.cpp.o] Ошибка 2
gmake[2]: *** [CMakeFiles/Makefile2:3964: tests/unit/CMakeFiles/ms_countof-pos_zla_0n_cxx.dir/all] Ошибка 2
gmake[1]: *** [CMakeFiles/Makefile2:3971: tests/unit/CMakeFiles/ms_countof-pos_zla_0n_cxx.dir/rule] Ошибка 2
gmake: *** [Makefile:1603: ms_countof-pos_zla_0n_cxx] Ошибка 2

</system-out>
	</testcase>
	<testcase name="ms_countof-pos_zla_n0" classname="ms_countof-pos_zla_n0" time="0.248444" status="fail">
		<failure message="Failed"/>
		<properties>
			<property name="cmake_labels" value="ms_countof"/>
		</properties>
		<system-out>Internal cmake changing into directory: /home/parallels/soft/my/countof_ns/build/Linux_pgcc_pgc++
Change Dir: '/home/parallels/soft/my/countof_ns/build/Linux_pgcc_pgc++'

Run Build Command(s): /usr/bin/gmake -f Makefile ms_countof-pos_zla_n0
Built target CounofNS
Building C object tests/unit/CMakeFiles/ms_countof-pos_zla_n0.dir/tu_stub.c.o
"/home/parallels/soft/my/countof_ns/tests/unit/pos_zla_n0.h", line 4: error: division by zero
      TU_STATIC_ASSERT_AND_RETURN(1, TU_COUNTOF(b));
      ^

"/home/parallels/soft/my/countof_ns/tests/unit/pos_zla_n0.h", line 4: warning: division by zero [divide_by_zero]
      TU_STATIC_ASSERT_AND_RETURN(1, TU_COUNTOF(b));
      ^

Remark: individual warnings can be suppressed with "--diag_suppress &lt;warning-name&gt;"

"/home/parallels/soft/my/countof_ns/tests/unit/pos_zla_n0.h", line 4: warning: division by zero [divide_by_zero]
      TU_STATIC_ASSERT_AND_RETURN(1, TU_COUNTOF(b));
      ^

"/home/parallels/soft/my/countof_ns/tests/unit/pos_zla_n0.h", line 4: warning: division by zero [divide_by_zero]
      TU_STATIC_ASSERT_AND_RETURN(1, TU_COUNTOF(b));
      ^

"/home/parallels/soft/my/countof_ns/tests/unit/pos_zla_n0.h", line 4: warning: division by zero [divide_by_zero]
      TU_STATIC_ASSERT_AND_RETURN(1, TU_COUNTOF(b));
      ^

"/home/parallels/soft/my/countof_ns/tests/unit/pos_zla_n0.h", line 4: warning: division by zero [divide_by_zero]
      TU_STATIC_ASSERT_AND_RETURN(1, TU_COUNTOF(b));
      ^

"/home/parallels/soft/my/countof_ns/tests/unit/pos_zla_n0.h", line 4: warning: division by zero [divide_by_zero]
      TU_STATIC_ASSERT_AND_RETURN(1, TU_COUNTOF(b));
      ^

1 error detected in the compilation of "/home/parallels/soft/my/countof_ns/tests/unit/tu_stub.c".
gmake[3]: *** [tests/unit/CMakeFiles/ms_countof-pos_zla_n0.dir/build.make:79: tests/unit/CMakeFiles/ms_countof-pos_zla_n0.dir/tu_stub.c.o] Ошибка 2
gmake[2]: *** [CMakeFiles/Makefile2:3996: tests/unit/CMakeFiles/ms_countof-pos_zla_n0.dir/all] Ошибка 2
gmake[1]: *** [CMakeFiles/Makefile2:4003: tests/unit/CMakeFiles/ms_countof-pos_zla_n0.dir/rule] Ошибка 2
gmake: *** [Makefile:1616: ms_countof-pos_zla_n0] Ошибка 2

</system-out>
	</testcase>
	<testcase name="ms_countof-pos_zla_n0_cxx" classname="ms_countof-pos_zla_n0_cxx" time="0.203186" status="run">
		<properties>
			<property name="cmake_labels" value="ms_countof"/>
		</properties>
		<system-out>Internal cmake changing into directory: /home/parallels/soft/my/countof_ns/build/Linux_pgcc_pgc++
Change Dir: '/home/parallels/soft/my/countof_ns/build/Linux_pgcc_pgc++'

Run Build Command(s): /usr/bin/gmake -f Makefile ms_countof-pos_zla_n0_cxx
[  0%] Built target CounofNS
[100%] Built target ms_countof-pos_zla_n0_cxx

Running test command: "/home/parallels/soft/my/countof_ns/build/Linux_pgcc_pgc++/tests/unit/ms_countof-pos_zla_n0_cxx"
Ok 1 TU_STATIC_ASSERT_AND_RETURN((1)=1, ...) /home/parallels/soft/my/countof_ns/tests/unit/pos_zla_n0.h:pos_zla_n0.h:TU_UNIT for _comparisons/ms_countof.h:ms_countof(), C++ 202302L

</system-out>
	</testcase>
	<testcase name="ms_countof-neg__selftest" classname="ms_countof-neg__selftest" time="0.266569" status="run">
		<properties>
			<property name="cmake_labels" value="ms_countof"/>
		</properties>
		<system-out>[  0%] Built target CounofNS
[100%] Building C object tests/unit/CMakeFiles/ms_countof-neg__selftest.dir/tu_stub.c.o
"/home/parallels/soft/my/countof_ns/tests/unit/neg__selftest.h", line 12: error: static assertion failed with "0"
          tu_static_assert(0);
          ^

1 error detected in the compilation of "/home/parallels/soft/my/countof_ns/tests/unit/tu_stub.c".
gmake[3]: *** [tests/unit/CMakeFiles/ms_countof-neg__selftest.dir/build.make:79: tests/unit/CMakeFiles/ms_countof-neg__selftest.dir/tu_stub.c.o] Ошибка 2
gmake[2]: *** [CMakeFiles/Makefile2:4060: tests/unit/CMakeFiles/ms_countof-neg__selftest.dir/all] Ошибка 2
gmake[1]: *** [CMakeFiles/Makefile2:4067: tests/unit/CMakeFiles/ms_countof-neg__selftest.dir/rule] Ошибка 2
gmake: *** [Makefile:1642: ms_countof-neg__selftest] Ошибка 2
</system-out>
	</testcase>
	<testcase name="ms_countof-neg__selftest_0_fail" classname="ms_countof-neg__selftest_0_fail" time="0.0120662" status="notrun">
		<skipped message="SKIP_RETURN_CODE=42"/>
		<properties>
			<property name="cmake_labels" value="ms_countof"/>
		</properties>
		<system-out></system-out>
	</testcase>
	<testcase name="ms_countof-neg__selftest_cxx" classname="ms_countof-neg__selftest_cxx" time="0.272779" status="run">
		<properties>
			<property name="cmake_labels" value="ms_countof"/>
		</properties>
		<system-out>[  0%] Built target CounofNS
[100%] Building CXX object tests/unit/CMakeFiles/ms_countof-neg__selftest_cxx.dir/tu_stub_cxx.cpp.o
"/home/parallels/soft/my/countof_ns/tests/unit/neg__selftest.h", line 12: error: static assertion failed with "0"
          tu_static_assert(0);
          ^

1 error detected in the compilation of "/home/parallels/soft/my/countof_ns/tests/unit/tu_stub_cxx.cpp".
gmake[3]: *** [tests/unit/CMakeFiles/ms_countof-neg__selftest_cxx.dir/build.make:79: tests/unit/CMakeFiles/ms_countof-neg__selftest_cxx.dir/tu_stub_cxx.cpp.o] Ошибка 2
gmake[2]: *** [CMakeFiles/Makefile2:4092: tests/unit/CMakeFiles/ms_countof-neg__selftest_cxx.dir/all] Ошибка 2
gmake[1]: *** [CMakeFiles/Makefile2:4099: tests/unit/CMakeFiles/ms_countof-neg__selftest_cxx.dir/rule] Ошибка 2
gmake: *** [Makefile:1655: ms_countof-neg__selftest_cxx] Ошибка 2
</system-out>
	</testcase>
	<testcase name="ms_countof-neg__selftest_cxx_0_fail" classname="ms_countof-neg__selftest_cxx_0_fail" time="0.0119745" status="notrun">
		<skipped message="SKIP_RETURN_CODE=42"/>
		<properties>
			<property name="cmake_labels" value="ms_countof"/>
		</properties>
		<system-out></system-out>
	</testcase>
	<testcase name="ms_countof-neg_cv_ptr" classname="ms_countof-neg_cv_ptr" time="0.184552" status="fail">
		<failure message="Failed"/>
		<properties>
			<property name="cmake_labels" value="ms_countof"/>
		</properties>
		<system-out>[  0%] Built target CounofNS
[100%] Built target ms_countof-neg_cv_ptr
</system-out>
	</testcase>
	<testcase name="ms_countof-neg_cv_ptr_0_fail" classname="ms_countof-neg_cv_ptr_0_fail" time="0.0149956" status="fail">
		<failure message="Failed"/>
		<properties>
			<property name="cmake_labels" value="ms_countof"/>
		</properties>
		<system-out>Fail 2 desired=0 main(0, ...) /home/parallels/soft/my/countof_ns/tests/unit/tu_stub.c:neg_cv_ptr.h:TU_UNIT for _comparisons/ms_countof.h:ms_countof(), C 201710L
</system-out>
	</testcase>
	<testcase name="ms_countof-neg_cv_ptr_cxx" classname="ms_countof-neg_cv_ptr_cxx" time="0.26566" status="run">
		<properties>
			<property name="cmake_labels" value="ms_countof"/>
		</properties>
		<system-out>[  0%] Built target CounofNS
gmake[3]: Предупреждение: время изменения файла «tests/unit/CMakeFiles/ms_countof-neg_cv_ptr_cxx.dir/compiler_depend.make» находится в будущем (0,0015)
[  0%] Building CXX object tests/unit/CMakeFiles/ms_countof-neg_cv_ptr_cxx.dir/tu_stub_cxx.cpp.o
"/home/parallels/soft/my/countof_ns/tests/unit/neg_cv_ptr.h", line 4: error: no instance of function template "ms_countof_helper" matches the argument list
            argument types are: (const volatile int *)
      return TU_COUNTOF(p);
             ^
"/home/parallels/soft/my/countof_ns/include/_comparisons/ms_countof.h", line 21: note: candidate function template "ms_countof_helper" failed deduction
          char (*ms_countof_helper(_UNALIGNED _CountofType (&amp;_Array)[_SizeOfArray]))[_SizeOfArray];
                 ^

1 error detected in the compilation of "/home/parallels/soft/my/countof_ns/tests/unit/tu_stub_cxx.cpp".
gmake[3]: *** [tests/unit/CMakeFiles/ms_countof-neg_cv_ptr_cxx.d...
[This part of the test output was removed since it exceeds the threshold of 1024 bytes.]
</system-out>
	</testcase>
	<testcase name="ms_countof-neg_cv_ptr_cxx_0_fail" classname="ms_countof-neg_cv_ptr_cxx_0_fail" time="0.0115115" status="notrun">
		<skipped message="SKIP_RETURN_CODE=42"/>
		<properties>
			<property name="cmake_labels" value="ms_countof"/>
		</properties>
		<system-out></system-out>
	</testcase>
	<testcase name="ms_countof-neg_other" classname="ms_countof-neg_other" time="0.248301" status="run">
		<properties>
			<property name="cmake_labels" value="ms_countof"/>
		</properties>
		<system-out>Built target CounofNS
Building C object tests/unit/CMakeFiles/ms_countof-neg_other.dir/tu_stub.c.o
"/home/parallels/soft/my/countof_ns/tests/unit/neg_other.h", line 4: error: expression must have pointer-to-object type but it has type "int"
      return TU_COUNTOF(i);
             ^

1 error detected in the compilation of "/home/parallels/soft/my/countof_ns/tests/unit/tu_stub.c".
gmake[3]: *** [tests/unit/CMakeFiles/ms_countof-neg_other.dir/build.make:79: tests/unit/CMakeFiles/ms_countof-neg_other.dir/tu_stub.c.o] Ошибка 2
gmake[2]: *** [CMakeFiles/Makefile2:4188: tests/unit/CMakeFiles/ms_countof-neg_other.dir/all] Ошибка 2
gmake[1]: *** [CMakeFiles/Makefile2:4195: tests/unit/CMakeFiles/ms_countof-neg_other.dir/rule] Ошибка 2
gmake: *** [Makefile:1694: ms_countof-neg_other] Ошибка 2
</system-out>
	</testcase>
	<testcase name="ms_countof-neg_other_0_fail" classname="ms_countof-neg_other_0_fail" time="0.0117444" status="notrun">
		<skipped message="SKIP_RETURN_CODE=42"/>
		<properties>
			<property name="cmake_labels" value="ms_countof"/>
		</properties>
		<system-out></system-out>
	</testcase>
	<testcase name="ms_countof-neg_other_cxx" classname="ms_countof-neg_other_cxx" time="0.276949" status="run">
		<properties>
			<property name="cmake_labels" value="ms_countof"/>
		</properties>
		<system-out>[  0%] Built target CounofNS
[100%] Building CXX object tests/unit/CMakeFiles/ms_countof-neg_other_cxx.dir/tu_stub_cxx.cpp.o
"/home/parallels/soft/my/countof_ns/tests/unit/neg_other.h", line 4: error: no instance of function template "ms_countof_helper" matches the argument list
            argument types are: (int)
      return TU_COUNTOF(i);
             ^
"/home/parallels/soft/my/countof_ns/include/_comparisons/ms_countof.h", line 21: note: candidate function template "ms_countof_helper" failed deduction
          char (*ms_countof_helper(_UNALIGNED _CountofType (&amp;_Array)[_SizeOfArray]))[_SizeOfArray];
                 ^

1 error detected in the compilation of "/home/parallels/soft/my/countof_ns/tests/unit/tu_stub_cxx.cpp".
gmake[3]: *** [tests/unit/CMakeFiles/ms_countof-neg_other_cxx.dir/build.make:79: tests/unit/CMakeFiles/ms_countof-neg_other_cxx.dir/tu_stub_cxx.cpp.o] Ошибка 2
gmake[2]: *** [CMakeFiles/Makefile2:4220: tests/unit/CMakeFiles/ms_countof-neg_other_cxx.dir/all] Ошибка 2
gmake[1]...
[This part of the test output was removed since it exceeds the threshold of 1024 bytes.]
</system-out>
	</testcase>
	<testcase name="ms_countof-neg_other_cxx_0_fail" classname="ms_countof-neg_other_cxx_0_fail" time="0.0117824" status="notrun">
		<skipped message="SKIP_RETURN_CODE=42"/>
		<properties>
			<property name="cmake_labels" value="ms_countof"/>
		</properties>
		<system-out></system-out>
	</testcase>
	<testcase name="ms_countof-neg_ptr" classname="ms_countof-neg_ptr" time="0.180401" status="fail">
		<failure message="Failed"/>
		<properties>
			<property name="cmake_labels" value="ms_countof"/>
		</properties>
		<system-out>[  0%] Built target CounofNS
[100%] Built target ms_countof-neg_ptr
</system-out>
	</testcase>
	<testcase name="ms_countof-neg_ptr_0_fail" classname="ms_countof-neg_ptr_0_fail" time="0.0151275" status="fail">
		<failure message="Failed"/>
		<properties>
			<property name="cmake_labels" value="ms_countof"/>
		</properties>
		<system-out>Debug /home/parallels/soft/my/countof_ns/tests/unit/neg_ptr.h:3:TU_UNIT
Debug /home/parallels/soft/my/countof_ns/tests/unit/neg_ptr.h:5:TU_UNIT TU_COUNTOF(p)=2 
Fail 2 desired=0 main(0, ...) /home/parallels/soft/my/countof_ns/tests/unit/tu_stub.c:neg_ptr.h:TU_UNIT for _comparisons/ms_countof.h:ms_countof(), C 201710L
</system-out>
	</testcase>
	<testcase name="ms_countof-neg_ptr_cxx" classname="ms_countof-neg_ptr_cxx" time="0.283773" status="run">
		<properties>
			<property name="cmake_labels" value="ms_countof"/>
		</properties>
		<system-out>[  0%] Built target CounofNS
[  0%] Building CXX object tests/unit/CMakeFiles/ms_countof-neg_ptr_cxx.dir/tu_stub_cxx.cpp.o
"/home/parallels/soft/my/countof_ns/tests/unit/neg_ptr.h", line 6: error: no instance of function template "ms_countof_helper" matches the argument list
            argument types are: (int *)
             TU_COUNTOF(p));  // TODO
             ^
"/home/parallels/soft/my/countof_ns/include/_comparisons/ms_countof.h", line 21: note: candidate function template "ms_countof_helper" failed deduction
          char (*ms_countof_helper(_UNALIGNED _CountofType (&amp;_Array)[_SizeOfArray]))[_SizeOfArray];
                 ^

"/home/parallels/soft/my/countof_ns/tests/unit/neg_ptr.h", line 7: error: no instance of function template "ms_countof_helper" matches the argument list
            argument types are: (int *)
      return TU_COUNTOF(p);
             ^
"/home/parallels/soft/my/countof_ns/include/_comparisons/ms_countof.h", line 21: note: candidate function template "ms_countof_helper" failed deduc...
[This part of the test output was removed since it exceeds the threshold of 1024 bytes.]
</system-out>
	</testcase>
	<testcase name="ms_countof-neg_ptr_cxx_0_fail" classname="ms_countof-neg_ptr_cxx_0_fail" time="0.011984" status="notrun">
		<skipped message="SKIP_RETURN_CODE=42"/>
		<properties>
			<property name="cmake_labels" value="ms_countof"/>
		</properties>
		<system-out></system-out>
	</testcase>
	<testcase name="ms_countof-neg_zla_ptr" classname="ms_countof-neg_zla_ptr" time="0.177976" status="fail">
		<failure message="Failed"/>
		<properties>
			<property name="cmake_labels" value="ms_countof"/>
		</properties>
		<system-out>[  0%] Built target CounofNS
[100%] Built target ms_countof-neg_zla_ptr
</system-out>
	</testcase>
	<testcase name="ms_countof-neg_zla_ptr_0_fail" classname="ms_countof-neg_zla_ptr_0_fail" time="0.015434" status="fail">
		<failure message="Failed"/>
		<properties>
			<property name="cmake_labels" value="ms_countof"/>
		</properties>
		<system-out>Fail 4198848 desired=0 main(0, ...) /home/parallels/soft/my/countof_ns/tests/unit/tu_stub.c:neg_zla_ptr.h:TU_UNIT for _comparisons/ms_countof.h:ms_countof(), C 201710L
</system-out>
	</testcase>
	<testcase name="ms_countof-neg_zla_ptr_cxx" classname="ms_countof-neg_zla_ptr_cxx" time="0.315899" status="run">
		<properties>
			<property name="cmake_labels" value="ms_countof"/>
		</properties>
		<system-out>Built target CounofNS
Building CXX object tests/unit/CMakeFiles/ms_countof-neg_zla_ptr_cxx.dir/tu_stub_cxx.cpp.o
"/home/parallels/soft/my/countof_ns/tests/unit/neg_zla_ptr.h", line 4: error: no instance of function template "ms_countof_helper" matches the argument list
            argument types are: (int (*)[0])
      return TU_COUNTOF(p);
             ^
"/home/parallels/soft/my/countof_ns/include/_comparisons/ms_countof.h", line 21: note: candidate function template "ms_countof_helper" failed deduction
          char (*ms_countof_helper(_UNALIGNED _CountofType (&amp;_Array)[_SizeOfArray]))[_SizeOfArray];
                 ^

1 error detected in the compilation of "/home/parallels/soft/my/countof_ns/tests/unit/tu_stub_cxx.cpp".
gmake[3]: *** [tests/unit/CMakeFiles/ms_countof-neg_zla_ptr_cxx.dir/build.make:79: tests/unit/CMakeFiles/ms_countof-neg_zla_ptr_cxx.dir/tu_stub_cxx.cpp.o] Ошибка 2
gmake[2]: *** [CMakeFiles/Makefile2:4348: tests/unit/CMakeFiles/ms_countof-neg_zla_ptr_cxx.dir/all] Ошибка 2
gmake...
[This part of the test output was removed since it exceeds the threshold of 1024 bytes.]
</system-out>
	</testcase>
	<testcase name="ms_countof-neg_zla_ptr_cxx_0_fail" classname="ms_countof-neg_zla_ptr_cxx_0_fail" time="0.0146047" status="notrun">
		<skipped message="SKIP_RETURN_CODE=42"/>
		<properties>
			<property name="cmake_labels" value="ms_countof"/>
		</properties>
		<system-out></system-out>
	</testcase>
	<testcase name="short_example" classname="short_example" time="0.00317128" status="run">
		<properties/>
		<system-out>short_example: Ok (fail=0)
</system-out>
	</testcase>
	<testcase name="short_example_fail" classname="short_example_fail" time="0.228414" status="run">
		<properties/>
		<system-out>Internal cmake changing into directory: /home/parallels/soft/my/countof_ns/build/Linux_pgcc_pgc++
Change Dir: '/home/parallels/soft/my/countof_ns/build/Linux_pgcc_pgc++'

Run Build Command(s): /usr/bin/gmake -f Makefile short_example_fail
[  0%] Built target CounofNS
gmake[3]: Предупреждение: время изменения файла «examples/CMakeFiles/short_example_fail.dir/compiler_depend.make» находится в будущем (0,079)
[100%] Building C object examples/CMakeFiles/short_example_fail.dir/short_example.c.o
"/home/parallels/soft/my/countof_ns/examples/short_example.h", line 72: error: the size of an array must be greater than zero
          fail += countof_ns(p1);
                  ^

"/home/parallels/soft/my/countof_ns/examples/short_example.h", line 74: error: the size of an array must be greater than zero
          fail += countof_ns(p2);
                  ^

"/home/parallels/soft/my/countof_ns/examples/short_example.h", line 76: error: operand of "*" must be a pointer bu...
[This part of the test output was removed since it exceeds the threshold of 1024 bytes.]
</system-out>
	</testcase>
	<testcase name="short_example_cxx" classname="short_example_cxx" time="0.00356077" status="run">
		<properties/>
		<system-out>short_example: Ok (fail=0)
</system-out>
	</testcase>
	<testcase name="short_example_cxx_fail" classname="short_example_cxx_fail" time="0.227312" status="run">
		<properties/>
		<system-out>Internal cmake changing into directory: /home/parallels/soft/my/countof_ns/build/Linux_pgcc_pgc++
Change Dir: '/home/parallels/soft/my/countof_ns/build/Linux_pgcc_pgc++'

Run Build Command(s): /usr/bin/gmake -f Makefile short_example_cxx_fail
Built target CounofNS
Building CXX object examples/CMakeFiles/short_example_cxx_fail.dir/short_example_cxx.cpp.o
"/home/parallels/soft/my/countof_ns/include/countof_ns.h", line 107: error: static assertion failed with "Argument must be zero-length array"
          static_assert(0 == A, "Argument must be zero-length array");
          ^
          detected during instantiation of "size_t _countof_ns_aux&lt;A,E,T&gt;(const T &amp;) noexcept [with A=8UL, E=92UL, T=int (*)[23]]" at line 72 of "/home/parallels/soft/my/countof_ns/examples/short_example.h"

"/home/parallels/soft/my/countof_ns/include/countof_ns.h", line 107: error: static assertion failed with "Argument must be zero-length array"
          static_assert(0 == A, "Argument must be zero-length array");
          ^
          ...
[This part of the test output was removed since it exceeds the threshold of 1024 bytes.]
</system-out>
	</testcase>
	<testcase name="long_example" classname="long_example" time="0.00289379" status="run">
		<properties/>
		<system-out>short_example: Ok (fail=0)
HAVE_EMPTY_INITIALIZER
HAVE_EMPTY_STRUCTURE
zla_example: Ok (fail=0)
__GNUC__.__GNUC_MINOR__ 14.2 __NVCOMPILER_MAJOR__.__NVCOMPILER_MINOR__ 25.9 _COUNTOF_NS_VLA_UNSUPPORTED __STDC_VERSION__ 201710
</system-out>
	</testcase>
	<testcase name="long_example_fail" classname="long_example_fail" time="0.225098" status="run">
		<properties/>
		<system-out>Internal cmake changing into directory: /home/parallels/soft/my/countof_ns/build/Linux_pgcc_pgc++
Change Dir: '/home/parallels/soft/my/countof_ns/build/Linux_pgcc_pgc++'

Run Build Command(s): /usr/bin/gmake -f Makefile long_example_fail
Built target CounofNS
Building C object examples/CMakeFiles/long_example_fail.dir/long_example.c.o
"/home/parallels/soft/my/countof_ns/examples/short_example.h", line 72: error: the size of an array must be greater than zero
          fail += countof_ns(p1);
                  ^

"/home/parallels/soft/my/countof_ns/examples/short_example.h", line 74: error: the size of an array must be greater than zero
          fail += countof_ns(p2);
                  ^

"/home/parallels/soft/my/countof_ns/examples/short_example.h", line 76: error: operand of "*" must be a pointer but has type "int"
          fail += countof_ns(i);
                  ^

"/home/parallels/soft/my/countof_ns/examples/short_example.h", line 76: error: operand of "*" must be a pointer but has type "int"
         ...
[This part of the test output was removed since it exceeds the threshold of 1024 bytes.]
</system-out>
	</testcase>
	<testcase name="long_example_cxx" classname="long_example_cxx" time="0.00349251" status="run">
		<properties/>
		<system-out>short_example: Ok (fail=0)
HAVE_EMPTY_INITIALIZER
zla_example: Ok (fail=0)
std_size_example: Ok (fail=0)
__GNUC__.__GNUC_MINOR__ 14.2 __NVCOMPILER_MAJOR__.__NVCOMPILER_MINOR__ 25.9 __cpp_lib_nonmember_container_access 201411 __cplusplus 202302
</system-out>
	</testcase>
	<testcase name="long_example_cxx_fail" classname="long_example_cxx_fail" time="0.61103" status="run">
		<properties/>
		<system-out>Internal cmake changing into directory: /home/parallels/soft/my/countof_ns/build/Linux_pgcc_pgc++
Change Dir: '/home/parallels/soft/my/countof_ns/build/Linux_pgcc_pgc++'

Run Build Command(s): /usr/bin/gmake -f Makefile long_example_cxx_fail
[  0%] Built target CounofNS
[  0%] Building CXX object examples/CMakeFiles/long_example_cxx_fail.dir/long_example_cxx.cpp.o
"/home/parallels/soft/my/countof_ns/include/countof_ns.h", line 107: error: static assertion failed with "Argument must be zero-length array"
          static_assert(0 == A, "Argument must be zero-length array");
          ^
          detected during instantiation of "size_t _countof_ns_aux&lt;A,E,T&gt;(const T &amp;) noexcept [with A=8UL, E=92UL, T=int (*)[23]]" at line 72 of "/home/parallels/soft/my/countof_ns/examples/short_example.h"

"/home/parallels/soft/my/countof_ns/include/countof_ns.h", line 107: error: static assertion failed with "Argument must be zero-length array"
          static_assert(0 == A, "Argument must be zero-length array");
          ^...
[This part of the test output was removed since it exceeds the threshold of 1024 bytes.]
</system-out>
	</testcase>
	<testcase name="_check_logs_config" classname="_check_logs_config" time="0.00144028" status="run">
		<properties>
			<property name="cmake_labels" value="default"/>
		</properties>
		<system-out>CL_TAG='verbose'
               TAC_WERROR=''
               CXX_ENABLED='TRUE'
               CMAKE_C_COMPILER_ID='NVHPC'
               CMAKE_C_COMPILER_VERSION='25.9.0'
               CMAKE_C_FLAGS='  -Wall -Wextra -pedantic --diag_suppress warning_directive --diag_suppress no_named_fields -DHAVE_ZERO_LENGTH_ARRAYS=1 -DHAVE_EMPTY_INITIALIZER=1 -DHAVE_EMPTY_STRUCTURE=1 -DHAVE_TYPEOF=1 -DHAVE___TYPEOF__=1 -DERROR_ON_NEGATIVE_ARRAY_SIZE=1 -DERROR_ON_STRUCT_BIT_FIELD=1 -DERROR_ON_STRUCT_STATIC_ASSERT=1'
               CMAKE_CXX_COMPILER_ID='NVHPC'
               CMAKE_CXX_COMPILER_VERSION='25.9.0'
               CMAKE_CXX_FLAGS='  -Wall -Wextra -pedantic --diag_suppress warning_directive --diag_suppress no_named_fields -DHAVE_ZERO_LENGTH_ARRAYS=1 -DHAVE_EMPTY_INITIALIZER=1 -DHAVE_EMPTY_STRUCTURE=1 -DHAVE_TYPEOF=1 -DHAVE___TYPEOF__=1 -DERROR_ON_NEGATIVE_ARRAY_SIZE=1 -DERROR_ON_STRUCT_BIT_FIELD=1 -DERROR_ON_STRUCT_STATIC_ASSERT=1'
               
</system-out>
	</testcase>
	<testcase name="post_check_NVHPC-debug" classname="post_check_NVHPC-debug" time="0.137012" status="run">
		<properties/>
		<system-out>Ok, skipped: 5 from 50 (NVHPC, debug)
    Unexpected failure: 0/3, wanted: 0
    Unexpected fpe: 0/0, wanted: 0
    Unexpected divide_by_zero_warning: 0/0, wanted: 0
    Unexpected warning: 0/0, wanted: 0
</system-out>
	</testcase>
	<testcase name="post_check_NVHPC-default" classname="post_check_NVHPC-default" time="0.123168" status="run">
		<properties/>
		<system-out>Ok, skipped: 0 from 37 (NVHPC, default)
    Unexpected failure: 0/3, wanted: 0
    Unexpected fpe: 0/0, wanted: 0
    Unexpected divide_by_zero_warning: 0/0, wanted: 0
    Unexpected warning: 0/0, wanted: 0
</system-out>
	</testcase>
	<testcase name="post_check_SunPro-cmp" classname="post_check_SunPro-cmp" time="0.212659" status="run">
		<properties/>
		<system-out>Ok, skipped: 4 from 120 (SunPro, default)
    Unexpected failure: 0/28, wanted: 0
    Unexpected fpe: 0/4, wanted: 0
    Unexpected divide_by_zero_warning: 0/0, wanted: 0
    Unexpected warning: 0/9, wanted: 0
</system-out>
	</testcase>
	<testcase name="post_check_SunPro-debug" classname="post_check_SunPro-debug" time="0.139144" status="run">
		<properties/>
		<system-out>Ok, skipped: 4 from 62 (SunPro, debug)
    Unexpected failure: 0/12, wanted: 0
    Unexpected fpe: 0/0, wanted: 0
    Unexpected divide_by_zero_warning: 0/0, wanted: 0
    Unexpected warning: 0/5, wanted: 0
</system-out>
	</testcase>
	<testcase name="post_check_SunPro-default" classname="post_check_SunPro-default" time="0.122171" status="run">
		<properties/>
		<system-out>Ok, skipped: 0 from 48 (SunPro, default)
    Unexpected failure: 0/12, wanted: 0
    Unexpected fpe: 0/0, wanted: 0
    Unexpected divide_by_zero_warning: 0/0, wanted: 0
    Unexpected warning: 0/4, wanted: 0
</system-out>
	</testcase>
	<testcase name="post_check_SunPro-verbose-cmp" classname="post_check_SunPro-verbose-cmp" time="0.210593" status="run">
		<properties/>
		<system-out>Ok, skipped: 4 from 120 (SunPro, verbose)
    Unexpected failure: 0/28, wanted: 0
    Unexpected fpe: 0/4, wanted: 0
    Unexpected divide_by_zero_warning: 0/0, wanted: 0
    Unexpected warning: 0/7, wanted: 0
</system-out>
	</testcase>
</testsuite>
