<?xml version="1.0" encoding="UTF-8"?>
<testsuite name="(empty)"
	tests="62"
	failures="14"
	disabled="0"
	skipped="11"
	hostname=""
	time="6"
	timestamp="2025-12-01T02:50:50"
	>
	<testcase name="pos__selftest" classname="pos__selftest" time="0.001847" status="run">
		<properties>
			<property name="cmake_labels" value="countof_ns;default"/>
		</properties>
		<system-out>Ok 1 TU_STATIC_ASSERT_AND_RETURN((1)=1, ...) /home/parallels/soft/my/countof_ns/tests/unit/pos__selftest.h:pos__selftest.h:TU_UNIT for countof_ns.h:countof_ns(), C 201112L
</system-out>
	</testcase>
	<testcase name="pos__selftest_c11" classname="pos__selftest_c11" time="0.00171896" status="run">
		<properties>
			<property name="cmake_labels" value="countof_ns;default"/>
		</properties>
		<system-out>Ok 1 TU_STATIC_ASSERT_AND_RETURN((1)=1, ...) /home/parallels/soft/my/countof_ns/tests/unit/pos__selftest.h:pos__selftest.h:TU_UNIT for countof_ns.h:countof_ns() with C11&amp;VLA, C 201112L
</system-out>
	</testcase>
	<testcase name="pos__selftest_cxx" classname="pos__selftest_cxx" time="0.00279019" status="run">
		<properties>
			<property name="cmake_labels" value="countof_ns;default"/>
		</properties>
		<system-out>Ok 1 TU_STATIC_ASSERT_AND_RETURN((1)=1, ...) /home/parallels/soft/my/countof_ns/tests/unit/pos__selftest.h:pos__selftest.h:TU_UNIT for countof_ns.h:countof_ns(), C++ 201402L
</system-out>
	</testcase>
	<testcase name="pos_array" classname="pos_array" time="0.0016166" status="run">
		<properties>
			<property name="cmake_labels" value="countof_ns;default"/>
		</properties>
		<system-out>Ok 1 TU_STATIC_ASSERT_AND_RETURN((1)=1, ...) /home/parallels/soft/my/countof_ns/tests/unit/pos_array.h:pos_array.h:TU_UNIT for countof_ns.h:countof_ns(), C 201112L
</system-out>
	</testcase>
	<testcase name="pos_array_c11" classname="pos_array_c11" time="0.0015593" status="run">
		<properties>
			<property name="cmake_labels" value="countof_ns;default"/>
		</properties>
		<system-out>Ok 1 TU_STATIC_ASSERT_AND_RETURN((1)=1, ...) /home/parallels/soft/my/countof_ns/tests/unit/pos_array.h:pos_array.h:TU_UNIT for countof_ns.h:countof_ns() with C11&amp;VLA, C 201112L
</system-out>
	</testcase>
	<testcase name="pos_array_cxx" classname="pos_array_cxx" time="0.00279155" status="run">
		<properties>
			<property name="cmake_labels" value="countof_ns;default"/>
		</properties>
		<system-out>Ok 1 TU_STATIC_ASSERT_AND_RETURN((1)=1, ...) /home/parallels/soft/my/countof_ns/tests/unit/pos_array.h:pos_array.h:TU_UNIT for countof_ns.h:countof_ns(), C++ 201402L
</system-out>
	</testcase>
	<testcase name="pos_cv_array" classname="pos_cv_array" time="0.00182543" status="run">
		<properties>
			<property name="cmake_labels" value="countof_ns;default"/>
		</properties>
		<system-out>Ok 1 TU_STATIC_ASSERT_AND_RETURN((1)=1, ...) /home/parallels/soft/my/countof_ns/tests/unit/pos_cv_array.h:pos_cv_array.h:TU_UNIT for countof_ns.h:countof_ns(), C 201112L
</system-out>
	</testcase>
	<testcase name="pos_cv_array_c11" classname="pos_cv_array_c11" time="0.00169612" status="run">
		<properties>
			<property name="cmake_labels" value="countof_ns;default"/>
		</properties>
		<system-out>Ok 1 TU_STATIC_ASSERT_AND_RETURN((1)=1, ...) /home/parallels/soft/my/countof_ns/tests/unit/pos_cv_array.h:pos_cv_array.h:TU_UNIT for countof_ns.h:countof_ns() with C11&amp;VLA, C 201112L
</system-out>
	</testcase>
	<testcase name="pos_cv_array_cxx" classname="pos_cv_array_cxx" time="0.00271657" status="run">
		<properties>
			<property name="cmake_labels" value="countof_ns;default"/>
		</properties>
		<system-out>Ok 1 TU_STATIC_ASSERT_AND_RETURN((1)=1, ...) /home/parallels/soft/my/countof_ns/tests/unit/pos_cv_array.h:pos_cv_array.h:TU_UNIT for countof_ns.h:countof_ns(), C++ 201402L
</system-out>
	</testcase>
	<testcase name="pos_vla" classname="pos_vla" time="0.169854" status="fail">
		<failure message="Failed"/>
		<properties>
			<property name="cmake_labels" value="countof_ns;default"/>
		</properties>
		<system-out>Internal cmake changing into directory: /home/parallels/soft/my/countof_ns/build/Linux_suncc_sunCC
Change Dir: '/home/parallels/soft/my/countof_ns/build/Linux_suncc_sunCC'

Run Build Command(s): /usr/bin/gmake -f Makefile pos_vla
[  0%] Built target CounofNS
[ 50%] Building C object tests/unit/CMakeFiles/pos_vla.dir/tu_stub.c.o
"/home/parallels/soft/my/countof_ns/tests/unit/pos_vla.h", line 5: incomplete or variably modified type in generic association: pointer to array[*] of int
"/home/parallels/soft/my/countof_ns/tests/unit/pos_vla.h", line 5: cannot recover from previous errors
cc: acomp failed for /home/parallels/soft/my/countof_ns/tests/unit/tu_stub.c
gmake[3]: *** [tests/unit/CMakeFiles/pos_vla.dir/build.make:78: tests/unit/CMakeFiles/pos_vla.dir/tu_stub.c.o] Ошибка 2
gmake[2]: *** [CMakeFiles/Makefile2:910: tests/unit/CMakeFiles/pos_vla.dir/all] Ошибка 2
gmake[1]: *** [CMakeFiles/Makefile2:917: tests/unit/CMakeFiles/pos_vla.dir/rule] Ошибка 2
gmake: *** [Makefile:394: pos_vla] Ошибка 2

</system-out>
	</testcase>
	<testcase name="pos_vla_c11" classname="pos_vla_c11" time="0.00168482" status="run">
		<properties>
			<property name="cmake_labels" value="countof_ns;default"/>
		</properties>
		<system-out>Ok 1 TU_ASSERT_AND_RETURN((d1)=1, ...) /home/parallels/soft/my/countof_ns/tests/unit/pos_vla.h:pos_vla.h:TU_UNIT for countof_ns.h:countof_ns() with C11&amp;VLA, C 201112L
</system-out>
	</testcase>
	<testcase name="pos_vla_00" classname="pos_vla_00" time="0.170245" status="fail">
		<failure message="Failed"/>
		<properties>
			<property name="cmake_labels" value="countof_ns;default"/>
		</properties>
		<system-out>Internal cmake changing into directory: /home/parallels/soft/my/countof_ns/build/Linux_suncc_sunCC
Change Dir: '/home/parallels/soft/my/countof_ns/build/Linux_suncc_sunCC'

Run Build Command(s): /usr/bin/gmake -f Makefile pos_vla_00
[  0%] Built target CounofNS
[ 50%] Building C object tests/unit/CMakeFiles/pos_vla_00.dir/tu_stub.c.o
"/home/parallels/soft/my/countof_ns/tests/unit/pos_vla_00.h", line 5: incomplete or variably modified type in generic association: pointer to array[*] of array[*] of int
"/home/parallels/soft/my/countof_ns/tests/unit/pos_vla_00.h", line 5: cannot recover from previous errors
cc: acomp failed for /home/parallels/soft/my/countof_ns/tests/unit/tu_stub.c
gmake[3]: *** [tests/unit/CMakeFiles/pos_vla_00.dir/build.make:78: tests/unit/CMakeFiles/pos_vla_00.dir/tu_stub.c.o] Ошибка 2
gmake[2]: *** [CMakeFiles/Makefile2:974: tests/unit/CMakeFiles/pos_vla_00.dir/all] Ошибка 2
gmake[1]: *** [CMakeFiles/Makefile2:981: tests/unit/CMakeFiles/pos_vla_00.dir/rule] Ошибка 2
gmake: *** [Makefile:420: pos_vla_00] Ошибка 2

</system-out>
	</testcase>
	<testcase name="pos_vla_00_c11" classname="pos_vla_00_c11" time="0.00181946" status="run">
		<properties>
			<property name="cmake_labels" value="countof_ns;default"/>
		</properties>
		<system-out>Ok 0 TU_ASSERT_AND_RETURN((d0)=0, ...) /home/parallels/soft/my/countof_ns/tests/unit/pos_vla_00.h:pos_vla_00.h:TU_UNIT for countof_ns.h:countof_ns() with C11&amp;VLA, C 201112L
</system-out>
	</testcase>
	<testcase name="pos_vla_0n" classname="pos_vla_0n" time="0.168138" status="fail">
		<failure message="Failed"/>
		<properties>
			<property name="cmake_labels" value="countof_ns;default"/>
		</properties>
		<system-out>Internal cmake changing into directory: /home/parallels/soft/my/countof_ns/build/Linux_suncc_sunCC
Change Dir: '/home/parallels/soft/my/countof_ns/build/Linux_suncc_sunCC'

Run Build Command(s): /usr/bin/gmake -f Makefile pos_vla_0n
[  0%] Built target CounofNS
gmake[3]: Предупреждение: время изменения файла «tests/unit/CMakeFiles/pos_vla_0n.dir/depend.make» находится в будущем (0,062)
[ 50%] Building C object tests/unit/CMakeFiles/pos_vla_0n.dir/tu_stub.c.o
"/home/parallels/soft/my/countof_ns/tests/unit/pos_vla_0n.h", line 5: incomplete or variably modified type in generic association: pointer to array[*] of array[*] of int
"/home/parallels/soft/my/countof_ns/tests/unit/pos_vla_0n.h", line 5: cannot recover from previous errors
cc: acomp failed for /home/parallels/soft/my/countof_ns/tests/unit/tu_stub.c
gmake[3]: *** [tests/unit/CMakeFiles/pos_vla_0n.dir/build.make:78: tests/unit/CMakeFiles/pos_vla_0n.dir/tu_stub.c.o] Ошибка 2
gmake[2]: *** [CMakeFiles/Makefile2:1038: tests/unit/CMakeFiles/pos_vla_0n.dir/all] Ошибка 2
gmake[1]: *** [CMakeFiles/Makefile2:1045: tests/unit/CMakeFiles/pos_vla_0n.dir/rule] Ошибка 2
gmake: *** [Makefile:446: pos_vla_0n] Ошибка 2

</system-out>
	</testcase>
	<testcase name="pos_vla_0n_c11" classname="pos_vla_0n_c11" time="0.00169453" status="run">
		<properties>
			<property name="cmake_labels" value="countof_ns;default"/>
		</properties>
		<system-out>Ok 0 TU_ASSERT_AND_RETURN((d0)=0, ...) /home/parallels/soft/my/countof_ns/tests/unit/pos_vla_0n.h:pos_vla_0n.h:TU_UNIT for countof_ns.h:countof_ns() with C11&amp;VLA, C 201112L
</system-out>
	</testcase>
	<testcase name="pos_vla_cv" classname="pos_vla_cv" time="0.165362" status="fail">
		<failure message="Failed"/>
		<properties>
			<property name="cmake_labels" value="countof_ns;default"/>
		</properties>
		<system-out>Internal cmake changing into directory: /home/parallels/soft/my/countof_ns/build/Linux_suncc_sunCC
Change Dir: '/home/parallels/soft/my/countof_ns/build/Linux_suncc_sunCC'

Run Build Command(s): /usr/bin/gmake -f Makefile pos_vla_cv
[  0%] Built target CounofNS
[ 50%] Building C object tests/unit/CMakeFiles/pos_vla_cv.dir/tu_stub.c.o
"/home/parallels/soft/my/countof_ns/tests/unit/pos_vla_cv.h", line 5: incomplete or variably modified type in generic association: pointer to array[*] of volatile int
"/home/parallels/soft/my/countof_ns/tests/unit/pos_vla_cv.h", line 5: cannot recover from previous errors
cc: acomp failed for /home/parallels/soft/my/countof_ns/tests/unit/tu_stub.c
gmake[3]: *** [tests/unit/CMakeFiles/pos_vla_cv.dir/build.make:78: tests/unit/CMakeFiles/pos_vla_cv.dir/tu_stub.c.o] Ошибка 2
gmake[2]: *** [CMakeFiles/Makefile2:1102: tests/unit/CMakeFiles/pos_vla_cv.dir/all] Ошибка 2
gmake[1]: *** [CMakeFiles/Makefile2:1109: tests/unit/CMakeFiles/pos_vla_cv.dir/rule] Ошибка 2
gmake: *** [Makefile:472: pos_vla_cv] Ошибка 2

</system-out>
	</testcase>
	<testcase name="pos_vla_cv_c11" classname="pos_vla_cv_c11" time="0.00172357" status="run">
		<properties>
			<property name="cmake_labels" value="countof_ns;default"/>
		</properties>
		<system-out>Ok 1 TU_ASSERT_AND_RETURN((d1)=1, ...) /home/parallels/soft/my/countof_ns/tests/unit/pos_vla_cv.h:pos_vla_cv.h:TU_UNIT for countof_ns.h:countof_ns() with C11&amp;VLA, C 201112L
</system-out>
	</testcase>
	<testcase name="pos_vla_n0" classname="pos_vla_n0" time="0.166771" status="fail">
		<failure message="Failed"/>
		<properties>
			<property name="cmake_labels" value="countof_ns;default"/>
		</properties>
		<system-out>Internal cmake changing into directory: /home/parallels/soft/my/countof_ns/build/Linux_suncc_sunCC
Change Dir: '/home/parallels/soft/my/countof_ns/build/Linux_suncc_sunCC'

Run Build Command(s): /usr/bin/gmake -f Makefile pos_vla_n0
[  0%] Built target CounofNS
[ 50%] Building C object tests/unit/CMakeFiles/pos_vla_n0.dir/tu_stub.c.o
"/home/parallels/soft/my/countof_ns/tests/unit/pos_vla_n0.h", line 5: incomplete or variably modified type in generic association: pointer to array[*] of array[*] of int
"/home/parallels/soft/my/countof_ns/tests/unit/pos_vla_n0.h", line 5: cannot recover from previous errors
cc: acomp failed for /home/parallels/soft/my/countof_ns/tests/unit/tu_stub.c
gmake[3]: *** [tests/unit/CMakeFiles/pos_vla_n0.dir/build.make:78: tests/unit/CMakeFiles/pos_vla_n0.dir/tu_stub.c.o] Ошибка 2
gmake[2]: *** [CMakeFiles/Makefile2:1166: tests/unit/CMakeFiles/pos_vla_n0.dir/all] Ошибка 2
gmake[1]: *** [CMakeFiles/Makefile2:1173: tests/unit/CMakeFiles/pos_vla_n0.dir/rule] Ошибка 2
gmake: *** [Makefile:498: pos_vla_n0] Ошибка 2

</system-out>
	</testcase>
	<testcase name="pos_vla_n0_c11" classname="pos_vla_n0_c11" time="0.314439" status="fail">
		<failure message="Failed"/>
		<properties>
			<property name="cmake_labels" value="countof_ns;default"/>
		</properties>
		<system-out>Internal cmake changing into directory: /home/parallels/soft/my/countof_ns/build/Linux_suncc_sunCC
Change Dir: '/home/parallels/soft/my/countof_ns/build/Linux_suncc_sunCC'

Run Build Command(s): /usr/bin/gmake -f Makefile pos_vla_n0_c11
[  0%] Built target CounofNS
[ 50%] Building C object tests/unit/CMakeFiles/pos_vla_n0_c11.dir/tu_stub.c.o
[100%] Linking C executable pos_vla_n0_c11
[100%] Built target pos_vla_n0_c11

Running test command: "/home/parallels/soft/my/countof_ns/build/Linux_suncc_sunCC/tests/unit/pos_vla_n0_c11"
Test command failed: /home/parallels/soft/my/countof_ns/build/Linux_suncc_sunCC/tests/unit/pos_vla_n0_c11
Fail 0 desired=1 TU_ASSERT_AND_RETURN(((d1)), ...) /home/parallels/soft/my/countof_ns/tests/unit/pos_vla_n0.h:pos_vla_n0.h:TU_UNIT for countof_ns.h:countof_ns() with C11&amp;VLA, C 201112L

</system-out>
	</testcase>
	<testcase name="neg__selftest" classname="neg__selftest" time="0.170058" status="run">
		<properties>
			<property name="cmake_labels" value="countof_ns;default"/>
		</properties>
		<system-out>[  0%] Built target CounofNS
[ 50%] Building C object tests/unit/CMakeFiles/neg__selftest.dir/tu_stub.c.o
"/home/parallels/soft/my/countof_ns/tests/unit/neg__selftest.h", line 12: static assertion failed: "0"
cc: acomp failed for /home/parallels/soft/my/countof_ns/tests/unit/tu_stub.c
gmake[3]: *** [tests/unit/CMakeFiles/neg__selftest.dir/build.make:78: tests/unit/CMakeFiles/neg__selftest.dir/tu_stub.c.o] Ошибка 2
gmake[2]: *** [CMakeFiles/Makefile2:1230: tests/unit/CMakeFiles/neg__selftest.dir/all] Ошибка 2
gmake[1]: *** [CMakeFiles/Makefile2:1237: tests/unit/CMakeFiles/neg__selftest.dir/rule] Ошибка 2
gmake: *** [Makefile:524: neg__selftest] Ошибка 2
</system-out>
	</testcase>
	<testcase name="neg__selftest_0_fail" classname="neg__selftest_0_fail" time="0.0124211" status="notrun">
		<skipped message="SKIP_RETURN_CODE=42"/>
		<properties>
			<property name="cmake_labels" value="countof_ns;default"/>
		</properties>
		<system-out></system-out>
	</testcase>
	<testcase name="neg__selftest_c11" classname="neg__selftest_c11" time="0.167578" status="run">
		<properties>
			<property name="cmake_labels" value="countof_ns;default"/>
		</properties>
		<system-out>[  0%] Built target CounofNS
gmake[3]: Предупреждение: время изменения файла «tests/unit/CMakeFiles/neg__selftest_c11.dir/depend.make» находится в будущем (0,043)
[ 50%] Building C object tests/unit/CMakeFiles/neg__selftest_c11.dir/tu_stub.c.o
"/home/parallels/soft/my/countof_ns/tests/unit/neg__selftest.h", line 12: static assertion failed: "0"
cc: acomp failed for /home/parallels/soft/my/countof_ns/tests/unit/tu_stub.c
gmake[3]: *** [tests/unit/CMakeFiles/neg__selftest_c11.dir/build.make:78: tests/unit/CMakeFiles/neg__selftest_c11.dir/tu_stub.c.o] Ошибка 2
gmake[2]: *** [CMakeFiles/Makefile2:1262: tests/unit/CMakeFiles/neg__selftest_c11.dir/all] Ошибка 2
gmake[1]: *** [CMakeFiles/Makefile2:1269: tests/unit/CMakeFiles/neg__selftest_c11.dir/rule] Ошибка 2
gmake: *** [Makefile:537: neg__selftest_c11] Ошибка 2
</system-out>
	</testcase>
	<testcase name="neg__selftest_c11_0_fail" classname="neg__selftest_c11_0_fail" time="0.012217" status="notrun">
		<skipped message="SKIP_RETURN_CODE=42"/>
		<properties>
			<property name="cmake_labels" value="countof_ns;default"/>
		</properties>
		<system-out></system-out>
	</testcase>
	<testcase name="neg__selftest_cxx" classname="neg__selftest_cxx" time="0.205229" status="run">
		<properties>
			<property name="cmake_labels" value="countof_ns;default"/>
		</properties>
		<system-out>[  0%] Built target CounofNS
[ 50%] Building CXX object tests/unit/CMakeFiles/neg__selftest_cxx.dir/tu_stub_cxx.cpp.o
"/home/parallels/soft/my/countof_ns/tests/unit/neg__selftest.h", line 12: Error: Static assertion failed: 0.
1 Error(s) detected.
gmake[3]: *** [tests/unit/CMakeFiles/neg__selftest_cxx.dir/build.make:78: tests/unit/CMakeFiles/neg__selftest_cxx.dir/tu_stub_cxx.cpp.o] Ошибка 2
gmake[2]: *** [CMakeFiles/Makefile2:1294: tests/unit/CMakeFiles/neg__selftest_cxx.dir/all] Ошибка 2
gmake[1]: *** [CMakeFiles/Makefile2:1301: tests/unit/CMakeFiles/neg__selftest_cxx.dir/rule] Ошибка 2
gmake: *** [Makefile:550: neg__selftest_cxx] Ошибка 2
</system-out>
	</testcase>
	<testcase name="neg__selftest_cxx_0_fail" classname="neg__selftest_cxx_0_fail" time="0.0119588" status="notrun">
		<skipped message="SKIP_RETURN_CODE=42"/>
		<properties>
			<property name="cmake_labels" value="countof_ns;default"/>
		</properties>
		<system-out></system-out>
	</testcase>
	<testcase name="neg_cv_ptr" classname="neg_cv_ptr" time="0.165283" status="run">
		<properties>
			<property name="cmake_labels" value="countof_ns;default"/>
		</properties>
		<system-out>[  0%] Built target CounofNS
[ 50%] Building C object tests/unit/CMakeFiles/neg_cv_ptr.dir/tu_stub.c.o
"/home/parallels/soft/my/countof_ns/tests/unit/neg_cv_ptr.h", line 4: zero or negative subscript
cc: acomp failed for /home/parallels/soft/my/countof_ns/tests/unit/tu_stub.c
gmake[3]: *** [tests/unit/CMakeFiles/neg_cv_ptr.dir/build.make:78: tests/unit/CMakeFiles/neg_cv_ptr.dir/tu_stub.c.o] Ошибка 2
gmake[2]: *** [CMakeFiles/Makefile2:1326: tests/unit/CMakeFiles/neg_cv_ptr.dir/all] Ошибка 2
gmake[1]: *** [CMakeFiles/Makefile2:1333: tests/unit/CMakeFiles/neg_cv_ptr.dir/rule] Ошибка 2
gmake: *** [Makefile:563: neg_cv_ptr] Ошибка 2
</system-out>
	</testcase>
	<testcase name="neg_cv_ptr_0_fail" classname="neg_cv_ptr_0_fail" time="0.0118438" status="notrun">
		<skipped message="SKIP_RETURN_CODE=42"/>
		<properties>
			<property name="cmake_labels" value="countof_ns;default"/>
		</properties>
		<system-out></system-out>
	</testcase>
	<testcase name="neg_cv_ptr_c11" classname="neg_cv_ptr_c11" time="0.309989" status="fail">
		<failure message="Failed"/>
		<properties>
			<property name="cmake_labels" value="countof_ns;default"/>
		</properties>
		<system-out>[  0%] Built target CounofNS
[ 50%] Building C object tests/unit/CMakeFiles/neg_cv_ptr_c11.dir/tu_stub.c.o
"/home/parallels/soft/my/countof_ns/tests/unit/neg_cv_ptr.h", line 4: warning: improper pointer subtraction (E_BAD_POINTER_SUBTRACTION)
[100%] Linking C executable neg_cv_ptr_c11
[100%] Built target neg_cv_ptr_c11
</system-out>
	</testcase>
	<testcase name="neg_cv_ptr_c11_0_fail" classname="neg_cv_ptr_c11_0_fail" time="0.0145085" status="fail">
		<failure message="Failed"/>
		<properties>
			<property name="cmake_labels" value="countof_ns;default"/>
		</properties>
		<system-out>Fail 2 desired=0 main(0, ...) /home/parallels/soft/my/countof_ns/tests/unit/tu_stub.c:neg_cv_ptr.h:TU_UNIT for countof_ns.h:countof_ns() with C11&amp;VLA, C 201112L
</system-out>
	</testcase>
	<testcase name="neg_cv_ptr_cxx" classname="neg_cv_ptr_cxx" time="0.217125" status="run">
		<properties>
			<property name="cmake_labels" value="countof_ns;default"/>
		</properties>
		<system-out>[  0%] Built target CounofNS
gmake[3]: Предупреждение: время изменения файла «tests/unit/CMakeFiles/neg_cv_ptr_cxx.dir/depend.make» находится в будущем (0,12)
[ 50%] Building CXX object tests/unit/CMakeFiles/neg_cv_ptr_cxx.dir/tu_stub_cxx.cpp.o
"/home/parallels/soft/my/countof_ns/include/countof_ns.h", line 107: Error: Static assertion failed: Argument must be zero-length array.
"/home/parallels/soft/my/countof_ns/tests/unit/neg_cv_ptr.h", line 4:     Where: While instantiating "unsigned long _countof_ns_aux&lt;8, 4, const volatile int*&gt;(const volatile int*const&amp;)".
"/home/parallels/soft/my/countof_ns/tests/unit/neg_cv_ptr.h", line 4:     Where: Instantiated from non-template code.
1 Error(s) detected.
gmake[3]: *** [tests/unit/CMakeFiles/neg_cv_ptr_cxx.dir/build.make:78: tests/unit/CMakeFiles/neg_cv_ptr_cxx.dir/tu_stub_cxx.cpp.o] Ошибка 2
gmake[2]: *** [CMakeFiles/Makefile2:1390: tests/unit/CMakeFiles/neg_cv_ptr_cxx.dir/all] Ошибка 2
gmake[1]: *** ...
[This part of the test output was removed since it exceeds the threshold of 1024 bytes.]
</system-out>
	</testcase>
	<testcase name="neg_cv_ptr_cxx_0_fail" classname="neg_cv_ptr_cxx_0_fail" time="0.0118124" status="notrun">
		<skipped message="SKIP_RETURN_CODE=42"/>
		<properties>
			<property name="cmake_labels" value="countof_ns;default"/>
		</properties>
		<system-out></system-out>
	</testcase>
	<testcase name="neg_other" classname="neg_other" time="0.164899" status="run">
		<properties>
			<property name="cmake_labels" value="countof_ns;default"/>
		</properties>
		<system-out>[  0%] Built target CounofNS
[ 50%] Building C object tests/unit/CMakeFiles/neg_other.dir/tu_stub.c.o
"/home/parallels/soft/my/countof_ns/tests/unit/neg_other.h", line 4: cannot dereference non-pointer type
"/home/parallels/soft/my/countof_ns/tests/unit/neg_other.h", line 4: cannot dereference non-pointer type
"/home/parallels/soft/my/countof_ns/tests/unit/neg_other.h", line 4: cannot dereference non-pointer type
"/home/parallels/soft/my/countof_ns/tests/unit/neg_other.h", line 4: cannot dereference non-pointer type
"/home/parallels/soft/my/countof_ns/tests/unit/neg_other.h", line 4: cannot dereference non-pointer type
"/home/parallels/soft/my/countof_ns/tests/unit/neg_other.h", line 4: cannot dereference non-pointer type
"/home/parallels/soft/my/countof_ns/tests/unit/neg_other.h", line 4: cannot dereference non-pointer type
"/home/parallels/soft/my/countof_ns/tests/unit/neg_other.h", line 4: zero or negative subscript
cc: acomp failed for /home/parallels/soft/my/countof_ns/tests/unit/tu_stub.c
gmake[3]: *** ...
[This part of the test output was removed since it exceeds the threshold of 1024 bytes.]
</system-out>
	</testcase>
	<testcase name="neg_other_0_fail" classname="neg_other_0_fail" time="0.0123669" status="notrun">
		<skipped message="SKIP_RETURN_CODE=42"/>
		<properties>
			<property name="cmake_labels" value="countof_ns;default"/>
		</properties>
		<system-out></system-out>
	</testcase>
	<testcase name="neg_other_c11" classname="neg_other_c11" time="0.163749" status="run">
		<properties>
			<property name="cmake_labels" value="countof_ns;default"/>
		</properties>
		<system-out>[  0%] Built target CounofNS
[ 50%] Building C object tests/unit/CMakeFiles/neg_other_c11.dir/tu_stub.c.o
"/home/parallels/soft/my/countof_ns/tests/unit/neg_other.h", line 4: cannot dereference non-pointer type
"/home/parallels/soft/my/countof_ns/tests/unit/neg_other.h", line 4: cannot dereference non-pointer type
"/home/parallels/soft/my/countof_ns/tests/unit/neg_other.h", line 4: cannot dereference non-pointer type
"/home/parallels/soft/my/countof_ns/tests/unit/neg_other.h", line 4: cannot dereference non-pointer type
"/home/parallels/soft/my/countof_ns/tests/unit/neg_other.h", line 4: cannot dereference non-pointer type
"/home/parallels/soft/my/countof_ns/tests/unit/neg_other.h", line 4: cannot dereference non-pointer type
"/home/parallels/soft/my/countof_ns/tests/unit/neg_other.h", line 4: cannot dereference non-pointer type
"/home/parallels/soft/my/countof_ns/tests/unit/neg_other.h", line 4: warning: improper pointer subtraction (E_BAD_POINTER_SUBTRACTION)
cc: acomp failed for /home/parallels/soft/my/cou...
[This part of the test output was removed since it exceeds the threshold of 1024 bytes.]
</system-out>
	</testcase>
	<testcase name="neg_other_c11_0_fail" classname="neg_other_c11_0_fail" time="0.011753" status="notrun">
		<skipped message="SKIP_RETURN_CODE=42"/>
		<properties>
			<property name="cmake_labels" value="countof_ns;default"/>
		</properties>
		<system-out></system-out>
	</testcase>
	<testcase name="neg_other_cxx" classname="neg_other_cxx" time="0.210632" status="run">
		<properties>
			<property name="cmake_labels" value="countof_ns;default"/>
		</properties>
		<system-out>[  0%] Built target CounofNS
[ 50%] Building CXX object tests/unit/CMakeFiles/neg_other_cxx.dir/tu_stub_cxx.cpp.o
"/home/parallels/soft/my/countof_ns/tests/unit/neg_other.h", line 4: Error: The operation "* int" is illegal.
"/home/parallels/soft/my/countof_ns/tests/unit/neg_other.h", line 4: Error: Could not find a match for _countof_ns_aux&lt;A, E, T, N&gt;(int) needed in TU_UNIT().
2 Error(s) detected.
gmake[3]: *** [tests/unit/CMakeFiles/neg_other_cxx.dir/build.make:78: tests/unit/CMakeFiles/neg_other_cxx.dir/tu_stub_cxx.cpp.o] Ошибка 2
gmake[2]: *** [CMakeFiles/Makefile2:1486: tests/unit/CMakeFiles/neg_other_cxx.dir/all] Ошибка 2
gmake[1]: *** [CMakeFiles/Makefile2:1493: tests/unit/CMakeFiles/neg_other_cxx.dir/rule] Ошибка 2
gmake: *** [Makefile:628: neg_other_cxx] Ошибка 2
</system-out>
	</testcase>
	<testcase name="neg_other_cxx_0_fail" classname="neg_other_cxx_0_fail" time="0.0120628" status="notrun">
		<skipped message="SKIP_RETURN_CODE=42"/>
		<properties>
			<property name="cmake_labels" value="countof_ns;default"/>
		</properties>
		<system-out></system-out>
	</testcase>
	<testcase name="neg_ptr" classname="neg_ptr" time="0.169506" status="run">
		<properties>
			<property name="cmake_labels" value="countof_ns;default"/>
		</properties>
		<system-out>[  0%] Built target CounofNS
[ 50%] Building C object tests/unit/CMakeFiles/neg_ptr.dir/tu_stub.c.o
"/home/parallels/soft/my/countof_ns/tests/unit/neg_ptr.h", line 6: zero or negative subscript
"/home/parallels/soft/my/countof_ns/tests/unit/neg_ptr.h", line 7: zero or negative subscript
cc: acomp failed for /home/parallels/soft/my/countof_ns/tests/unit/tu_stub.c
gmake[3]: *** [tests/unit/CMakeFiles/neg_ptr.dir/build.make:78: tests/unit/CMakeFiles/neg_ptr.dir/tu_stub.c.o] Ошибка 2
gmake[2]: *** [CMakeFiles/Makefile2:1518: tests/unit/CMakeFiles/neg_ptr.dir/all] Ошибка 2
gmake[1]: *** [CMakeFiles/Makefile2:1525: tests/unit/CMakeFiles/neg_ptr.dir/rule] Ошибка 2
gmake: *** [Makefile:641: neg_ptr] Ошибка 2
</system-out>
	</testcase>
	<testcase name="neg_ptr_0_fail" classname="neg_ptr_0_fail" time="0.0124605" status="notrun">
		<skipped message="SKIP_RETURN_CODE=42"/>
		<properties>
			<property name="cmake_labels" value="countof_ns;default"/>
		</properties>
		<system-out></system-out>
	</testcase>
	<testcase name="neg_ptr_c11" classname="neg_ptr_c11" time="0.310363" status="fail">
		<failure message="Failed"/>
		<properties>
			<property name="cmake_labels" value="countof_ns;default"/>
		</properties>
		<system-out>[  0%] Built target CounofNS
gmake[3]: Предупреждение: время изменения файла «tests/unit/CMakeFiles/neg_ptr_c11.dir/depend.make» находится в будущем (0,11)
[ 50%] Building C object tests/unit/CMakeFiles/neg_ptr_c11.dir/tu_stub.c.o
"/home/parallels/soft/my/countof_ns/tests/unit/neg_ptr.h", line 6: warning: improper pointer subtraction (E_BAD_POINTER_SUBTRACTION)
"/home/parallels/soft/my/countof_ns/tests/unit/neg_ptr.h", line 7: warning: improper pointer subtraction (E_BAD_POINTER_SUBTRACTION)
[100%] Linking C executable neg_ptr_c11
gmake[3]: предупреждение: Неправильный ход часов.  Сборка может быть неполной.
[100%] Built target neg_ptr_c11
</system-out>
	</testcase>
	<testcase name="neg_ptr_c11_0_fail" classname="neg_ptr_c11_0_fail" time="0.0136917" status="fail">
		<failure message="Failed"/>
		<properties>
			<property name="cmake_labels" value="countof_ns;default"/>
		</properties>
		<system-out>Debug /home/parallels/soft/my/countof_ns/tests/unit/neg_ptr.h:3:TU_UNIT
Debug /home/parallels/soft/my/countof_ns/tests/unit/neg_ptr.h:5:TU_UNIT TU_COUNTOF(p)=2 
Fail 2 desired=0 main(0, ...) /home/parallels/soft/my/countof_ns/tests/unit/tu_stub.c:neg_ptr.h:TU_UNIT for countof_ns.h:countof_ns() with C11&amp;VLA, C 201112L
</system-out>
	</testcase>
	<testcase name="neg_ptr_cxx" classname="neg_ptr_cxx" time="0.212512" status="run">
		<properties>
			<property name="cmake_labels" value="countof_ns;default"/>
		</properties>
		<system-out>[  0%] Built target CounofNS
[ 50%] Building CXX object tests/unit/CMakeFiles/neg_ptr_cxx.dir/tu_stub_cxx.cpp.o
"/home/parallels/soft/my/countof_ns/include/countof_ns.h", line 107: Error: Static assertion failed: Argument must be zero-length array.
"/home/parallels/soft/my/countof_ns/tests/unit/neg_ptr.h", line 6:     Where: While instantiating "unsigned long _countof_ns_aux&lt;8, 4, int*&gt;(int*const&amp;)".
"/home/parallels/soft/my/countof_ns/tests/unit/neg_ptr.h", line 6:     Where: Instantiated from non-template code.
1 Error(s) detected.
gmake[3]: *** [tests/unit/CMakeFiles/neg_ptr_cxx.dir/build.make:78: tests/unit/CMakeFiles/neg_ptr_cxx.dir/tu_stub_cxx.cpp.o] Ошибка 2
gmake[2]: *** [CMakeFiles/Makefile2:1582: tests/unit/CMakeFiles/neg_ptr_cxx.dir/all] Ошибка 2
gmake[1]: *** [CMakeFiles/Makefile2:1589: tests/unit/CMakeFiles/neg_ptr_cxx.dir/rule] Ошибка 2
gmake: *** [Makefile:667: neg_ptr_cxx] Ошибка 2
</system-out>
	</testcase>
	<testcase name="neg_ptr_cxx_0_fail" classname="neg_ptr_cxx_0_fail" time="0.0124453" status="notrun">
		<skipped message="SKIP_RETURN_CODE=42"/>
		<properties>
			<property name="cmake_labels" value="countof_ns;default"/>
		</properties>
		<system-out></system-out>
	</testcase>
	<testcase name="neg_vla_ptr" classname="neg_vla_ptr" time="0.167405" status="run">
		<properties>
			<property name="cmake_labels" value="countof_ns;default"/>
		</properties>
		<system-out>[  0%] Built target CounofNS
[ 50%] Building C object tests/unit/CMakeFiles/neg_vla_ptr.dir/tu_stub.c.o
"/home/parallels/soft/my/countof_ns/tests/unit/neg_vla_ptr.h", line 6: incomplete or variably modified type in generic association: pointer to array[*] of array[*] of int
"/home/parallels/soft/my/countof_ns/tests/unit/neg_vla_ptr.h", line 6: cannot recover from previous errors
cc: acomp failed for /home/parallels/soft/my/countof_ns/tests/unit/tu_stub.c
gmake[3]: *** [tests/unit/CMakeFiles/neg_vla_ptr.dir/build.make:78: tests/unit/CMakeFiles/neg_vla_ptr.dir/tu_stub.c.o] Ошибка 2
gmake[2]: *** [CMakeFiles/Makefile2:1614: tests/unit/CMakeFiles/neg_vla_ptr.dir/all] Ошибка 2
gmake[1]: *** [CMakeFiles/Makefile2:1621: tests/unit/CMakeFiles/neg_vla_ptr.dir/rule] Ошибка 2
gmake: *** [Makefile:680: neg_vla_ptr] Ошибка 2
</system-out>
	</testcase>
	<testcase name="neg_vla_ptr_0_fail" classname="neg_vla_ptr_0_fail" time="0.0119677" status="notrun">
		<skipped message="SKIP_RETURN_CODE=42"/>
		<properties>
			<property name="cmake_labels" value="countof_ns;default"/>
		</properties>
		<system-out></system-out>
	</testcase>
	<testcase name="neg_vla_ptr_c11" classname="neg_vla_ptr_c11" time="0.305418" status="fail">
		<failure message="Failed"/>
		<properties>
			<property name="cmake_labels" value="countof_ns;default"/>
		</properties>
		<system-out>[  0%] Built target CounofNS
[ 50%] Building C object tests/unit/CMakeFiles/neg_vla_ptr_c11.dir/tu_stub.c.o
"/home/parallels/soft/my/countof_ns/tests/unit/neg_vla_ptr.h", line 6: warning: improper pointer subtraction (E_BAD_POINTER_SUBTRACTION)
[100%] Linking C executable neg_vla_ptr_c11
[100%] Built target neg_vla_ptr_c11
</system-out>
	</testcase>
	<testcase name="neg_vla_ptr_c11_0_fail" classname="neg_vla_ptr_c11_0_fail" time="0.0145127" status="fail">
		<failure message="Failed"/>
		<properties>
			<property name="cmake_labels" value="countof_ns;default"/>
		</properties>
		<system-out>Fail 2 desired=0 main(0, ...) /home/parallels/soft/my/countof_ns/tests/unit/tu_stub.c:neg_vla_ptr.h:TU_UNIT for countof_ns.h:countof_ns() with C11&amp;VLA, C 201112L
</system-out>
	</testcase>
	<testcase name="short_example" classname="short_example" time="0.00189428" status="run">
		<properties/>
		<system-out>short_example: Ok (fail=0)
</system-out>
	</testcase>
	<testcase name="short_example_fail" classname="short_example_fail" time="0.170456" status="run">
		<properties/>
		<system-out>Internal cmake changing into directory: /home/parallels/soft/my/countof_ns/build/Linux_suncc_sunCC
Change Dir: '/home/parallels/soft/my/countof_ns/build/Linux_suncc_sunCC'

Run Build Command(s): /usr/bin/gmake -f Makefile short_example_fail
[  0%] Built target CounofNS
gmake[3]: Предупреждение: время изменения файла «examples/CMakeFiles/short_example_fail.dir/depend.make» находится в будущем (0,025)
[ 50%] Building C object examples/CMakeFiles/short_example_fail.dir/short_example.c.o
"/home/parallels/soft/my/countof_ns/examples/short_example.h", line 71: warning: unrecognized #pragma ignored: message (E_UNRECOGNIZED_PRAGMA_IGNORED)
"/home/parallels/soft/my/countof_ns/examples/short_example.h", line 72: zero or negative subscript
"/home/parallels/soft/my/countof_ns/examples/short_example.h", line 72: zero or negative subscript
"/home/parallels/soft/my/countof_ns/examples/short_example.h", line 73: warning: unrecognized #pragma ignored: message (E_UNRECOGNIZED...
[This part of the test output was removed since it exceeds the threshold of 1024 bytes.]
</system-out>
	</testcase>
	<testcase name="short_example_cxx" classname="short_example_cxx" time="0.00324752" status="run">
		<properties/>
		<system-out>short_example: Ok (fail=0)
</system-out>
	</testcase>
	<testcase name="short_example_cxx_fail" classname="short_example_cxx_fail" time="0.209093" status="run">
		<properties/>
		<system-out>Internal cmake changing into directory: /home/parallels/soft/my/countof_ns/build/Linux_suncc_sunCC
Change Dir: '/home/parallels/soft/my/countof_ns/build/Linux_suncc_sunCC'

Run Build Command(s): /usr/bin/gmake -f Makefile short_example_cxx_fail
[  0%] Built target CounofNS
[ 50%] Building CXX object examples/CMakeFiles/short_example_cxx_fail.dir/short_example_cxx.cpp.o
"/home/parallels/soft/my/countof_ns/examples/short_example.h", line 71: Warning: Unrecognized #pragma message ( "Must error below @{" )  
.
"/home/parallels/soft/my/countof_ns/examples/short_example.h", line 73: Warning: Unrecognized #pragma message ( "}@ Must error above &amp; below @{" )  
.
"/home/parallels/soft/my/countof_ns/examples/short_example.h", line 75: Warning: Unrecognized #pragma message ( "}@ Must error above &amp; below @{" )  
.
"/home/parallels/soft/my/countof_ns/examples/short_example.h", line 76: Error: The operation "* int" is illegal.
"/home/parallels/soft/my/countof_ns/examples/short_example.h", line 77: Warning: Unrecognized #pr...
[This part of the test output was removed since it exceeds the threshold of 1024 bytes.]
</system-out>
	</testcase>
	<testcase name="long_example" classname="long_example" time="0.00173221" status="run">
		<properties/>
		<system-out>short_example: Ok (fail=0)
cv_example: Ok
__SUNPRO_C 0x5150 _COUNTOF_NS_VLA_UNSUPPORTED __STDC_VERSION__ 201112
</system-out>
	</testcase>
	<testcase name="long_example_fail" classname="long_example_fail" time="0.161749" status="run">
		<properties/>
		<system-out>Internal cmake changing into directory: /home/parallels/soft/my/countof_ns/build/Linux_suncc_sunCC
Change Dir: '/home/parallels/soft/my/countof_ns/build/Linux_suncc_sunCC'

Run Build Command(s): /usr/bin/gmake -f Makefile long_example_fail
[  0%] Built target CounofNS
[ 50%] Building C object examples/CMakeFiles/long_example_fail.dir/long_example.c.o
"/home/parallels/soft/my/countof_ns/examples/short_example.h", line 71: warning: unrecognized #pragma ignored: message (E_UNRECOGNIZED_PRAGMA_IGNORED)
"/home/parallels/soft/my/countof_ns/examples/short_example.h", line 72: zero or negative subscript
"/home/parallels/soft/my/countof_ns/examples/short_example.h", line 72: zero or negative subscript
"/home/parallels/soft/my/countof_ns/examples/short_example.h", line 73: warning: unrecognized #pragma ignored: message (E_UNRECOGNIZED_PRAGMA_IGNORED)
"/home/parallels/soft/my/countof_ns/examples/short_example.h", line 74: zero or negative subscript
"/home/parallels/soft/my/countof_ns/examples/short_example.h", line 75: ...
[This part of the test output was removed since it exceeds the threshold of 1024 bytes.]
</system-out>
	</testcase>
	<testcase name="long_example_vla" classname="long_example_vla" time="0.00181464" status="run">
		<properties/>
		<system-out>short_example: Ok (fail=0)
vla_example: Ok (fail=0)
cv_example: Ok
__SUNPRO_C 0x5150 __STDC_VERSION__ 201112
</system-out>
	</testcase>
	<testcase name="long_example_vla_fail" classname="long_example_vla_fail" time="0.162468" status="run">
		<properties/>
		<system-out>Internal cmake changing into directory: /home/parallels/soft/my/countof_ns/build/Linux_suncc_sunCC
Change Dir: '/home/parallels/soft/my/countof_ns/build/Linux_suncc_sunCC'

Run Build Command(s): /usr/bin/gmake -f Makefile long_example_vla_fail
[  0%] Built target CounofNS
[ 50%] Building C object examples/CMakeFiles/long_example_vla_fail.dir/long_example.c.o
"/home/parallels/soft/my/countof_ns/examples/short_example.h", line 71: warning: unrecognized #pragma ignored: message (E_UNRECOGNIZED_PRAGMA_IGNORED)
"/home/parallels/soft/my/countof_ns/examples/short_example.h", line 72: zero or negative subscript
"/home/parallels/soft/my/countof_ns/examples/short_example.h", line 72: warning: improper pointer subtraction (E_BAD_POINTER_SUBTRACTION)
"/home/parallels/soft/my/countof_ns/examples/short_example.h", line 73: warning: unrecognized #pragma ignored: message (E_UNRECOGNIZED_PRAGMA_IGNORED)
"/home/parallels/soft/my/countof_ns/examples/short_example.h", line 74: warning: improper pointer subtraction (E_BAD_POINTER...
[This part of the test output was removed since it exceeds the threshold of 1024 bytes.]
</system-out>
	</testcase>
	<testcase name="long_example_cxx" classname="long_example_cxx" time="0.00300931" status="run">
		<properties/>
		<system-out>short_example: Ok (fail=0)
cv_example: Ok
__cplusplus 201402
</system-out>
	</testcase>
	<testcase name="long_example_cxx_fail" classname="long_example_cxx_fail" time="0.420381" status="run">
		<properties/>
		<system-out>Internal cmake changing into directory: /home/parallels/soft/my/countof_ns/build/Linux_suncc_sunCC
Change Dir: '/home/parallels/soft/my/countof_ns/build/Linux_suncc_sunCC'

Run Build Command(s): /usr/bin/gmake -f Makefile long_example_cxx_fail
[  0%] Built target CounofNS
[ 50%] Building CXX object examples/CMakeFiles/long_example_cxx_fail.dir/long_example_cxx.cpp.o
"/home/parallels/soft/my/countof_ns/examples/short_example.h", line 71: Warning: Unrecognized #pragma message ( "Must error below @{" )  
.
"/home/parallels/soft/my/countof_ns/examples/short_example.h", line 73: Warning: Unrecognized #pragma message ( "}@ Must error above &amp; below @{" )  
.
"/home/parallels/soft/my/countof_ns/examples/short_example.h", line 75: Warning: Unrecognized #pragma message ( "}@ Must error above &amp; below @{" )  
.
"/home/parallels/soft/my/countof_ns/examples/short_example.h", line 76: Error: The operation "* int" is illegal.
"/home/parallels/soft/my/countof_ns/examples/short_example.h", line 77: Warning: Unrecognized #pragm...
[This part of the test output was removed since it exceeds the threshold of 1024 bytes.]
</system-out>
	</testcase>
	<testcase name="_check_logs_config" classname="_check_logs_config" time="0.00144611" status="run">
		<properties>
			<property name="cmake_labels" value="default"/>
		</properties>
		<system-out>CL_TAG='debug'
               TAC_WERROR='-Werror'
               CXX_ENABLED='TRUE'
               CMAKE_C_COMPILER_ID='SunPro'
               CMAKE_C_COMPILER_VERSION='5.15.0'
               CMAKE_C_FLAGS=' -errtags -erroff=E_KW_IS_AN_EXTENSION_OF_ANSI,E_NONPORTABLE_BIT_FIELD_TYPE,E_END_OF_LOOP_CODE_NOT_REACHED,E_STATEMENT_NOT_REACHED  -Wall -Wextra -pedantic -DHAVE_CV_TYPEOF=1 -DHAVE___TYPEOF__=1 -DHAVE_VLA=1 -DERROR_ON_NEGATIVE_ARRAY_SIZE=1 -DERROR_ON_STRUCT_BIT_FIELD=1 -DERROR_ON_STRUCT_STATIC_ASSERT=1'
               CMAKE_CXX_COMPILER_ID='SunPro'
               CMAKE_CXX_COMPILER_VERSION='5.15.0'
               CMAKE_CXX_FLAGS=' -errtags -erroff=E_KW_IS_AN_EXTENSION_OF_ANSI,E_NONPORTABLE_BIT_FIELD_TYPE,E_END_OF_LOOP_CODE_NOT_REACHED,E_STATEMENT_NOT_REACHED  -Wall -Wextra -pedantic -DHAVE_CV_TYPEOF=1 -DHAVE___TYPEOF__=1 -DHAVE_VLA=1 -DERROR_ON_NEGATIVE_ARRAY_SIZE=1 -DERROR_ON_STRUCT_BIT_FIELD=1 -DERROR_ON_STRUCT_STATIC_ASSERT=1'
               
</system-out>
	</testcase>
	<testcase name="post_check_SunPro-cmp" classname="post_check_SunPro-cmp" time="0.211123" status="run">
		<properties/>
		<system-out>Ok, skipped: 4 from 120 (SunPro, default)
    Unexpected failure: 0/28, wanted: 0
    Unexpected fpe: 0/4, wanted: 0
    Unexpected divide_by_zero_warning: 0/0, wanted: 0
    Unexpected warning: 0/3, wanted: 0
</system-out>
	</testcase>
	<testcase name="post_check_SunPro-debug" classname="post_check_SunPro-debug" time="0.136912" status="fail">
		<failure message="Failed"/>
		<properties/>
		<system-out>neg_cv_ptr_c11                           ... Don't required warning
neg_ptr_c11                              ... Don't required warning
neg_vla_ptr_c11                          ... Don't required warning
Fail, skipped: 4 from 62 (SunPro, debug)
    Unexpected failure: 0/12, wanted: 0
    Unexpected fpe: 0/0, wanted: 0
    Unexpected divide_by_zero_warning: 0/0, wanted: 0
    Unexpected warning: 0/2, wanted: 3
</system-out>
	</testcase>
	<testcase name="post_check_SunPro-default" classname="post_check_SunPro-default" time="0.121955" status="run">
		<properties/>
		<system-out>Ok, skipped: 0 from 48 (SunPro, default)
    Unexpected failure: 0/12, wanted: 0
    Unexpected fpe: 0/0, wanted: 0
    Unexpected divide_by_zero_warning: 0/0, wanted: 0
    Unexpected warning: 0/4, wanted: 0
</system-out>
	</testcase>
	<testcase name="post_check_SunPro-verbose-cmp" classname="post_check_SunPro-verbose-cmp" time="0.210475" status="fail">
		<failure message="Failed"/>
		<properties/>
		<system-out>neg__selftest:
"/home/parallels/soft/my/countof_ns/tests/unit/neg__selftest.h", line 15: warning: function has no return statement : tu_unit (e_func_has_no_return_stmt)
neg__selftest                            *** Unexpected warning
neg__selftest_c11:
"/home/parallels/soft/my/countof_ns/tests/unit/neg__selftest.h", line 15: warning: function has no return statement : tu_unit (e_func_has_no_return_stmt)
neg__selftest_c11                        *** Unexpected warning
neg__selftest_cxx:
"/home/parallels/soft/my/countof_ns/tests/unit/neg__selftest.h", line 14: warning: the else-branch should return a value.
"/home/parallels/soft/my/countof_ns/tests/unit/neg__selftest.h", line 14: warning: the else-branch should return a value.
"/home/parallels/soft/my/countof_ns/tests/unit/neg__selftest.h", line 15: warning: "tu_unit()" is expected to return a value.
neg__selftest_cxx                        *** Unexpected warning
Fail, skipped: 1 from 117 (SunPro, verbose)
    Unexpected failure: 0/28, wanted: 0
    Unexpected fpe: 0/4, wanted: 0
    Unexpected divide_by_zero_warning: 0/0, wanted: 0
    Unexpected warning: 3/12, wanted: 0
</system-out>
	</testcase>
</testsuite>
